> Task :generators:code-processor:generateGrammarSource UP-TO-DATE
> Task :generators:code-processor:compileJava UP-TO-DATE
> Task :generators:code-processor:compileGroovy UP-TO-DATE
> Task :generators:code-processor:processResources NO-SOURCE
> Task :generators:code-processor:classes UP-TO-DATE
> Task :generators:code-processor:jar UP-TO-DATE
> Task :generators:fact-generator-common:compileJava UP-TO-DATE
> Task :generators:fact-generator-common:processResources NO-SOURCE
> Task :generators:fact-generator-common:classes UP-TO-DATE
> Task :generators:fact-generator-common:shadowJar UP-TO-DATE
> Task :compileJava UP-TO-DATE
> Task :compileGroovy UP-TO-DATE
> Task :resolveApktool
> Task :generators:dex-fact-generator:compileJava UP-TO-DATE
> Task :generators:dex-fact-generator:processResources NO-SOURCE
> Task :generators:dex-fact-generator:classes UP-TO-DATE
> Task :generators:dex-fact-generator:fatJar UP-TO-DATE
> Task :generators:dex-fact-generator:installJar UP-TO-DATE
> Task :generators:soot-fact-generator:compileJava UP-TO-DATE
> Task :generators:soot-fact-generator:compileGroovy NO-SOURCE
> Task :generators:soot-fact-generator:processResources NO-SOURCE
> Task :generators:soot-fact-generator:classes UP-TO-DATE
> Task :generators:soot-fact-generator:fatJar UP-TO-DATE
> Task :generators:soot-fact-generator:installJar UP-TO-DATE
> Task :generators:wala-fact-generator:compileJava UP-TO-DATE
> Task :generators:wala-fact-generator:processResources UP-TO-DATE
> Task :generators:wala-fact-generator:classes UP-TO-DATE
> Task :generators:wala-fact-generator:fatJar UP-TO-DATE
> Task :generators:wala-fact-generator:installJar UP-TO-DATE
> Task :resourceInstaller
> Task :processResources UP-TO-DATE
> Task :classes UP-TO-DATE
> Task :writeGitCommitHash UP-TO-DATE

> Task :run
WARNING: Default statistics are not compatible with analysis 'basic-only', disabling statistics logic.
Main class(es) expanded with [org.jsonschema2pojo.RootDriver]
WARNING: Handling of Java reflection is disabled!
New basic-only analysis
Id       : jsonschema2pojo-basic-no-mock
Inputs   : /u/q8liang/Benchmarks/jsonschema2pojo-1.1.1/jsonschema2pojo-core/target/jsonschema2pojo-core-1.1.1.jar, /u/q8liang/Benchmarks/jsonschema2pojo-1.1.1/jsonschema2pojo-core/target/jsonschema2pojo-core-1.1.1-tests.jar, /u/q8liang/Benchmarks/jsonschema2pojo-1.1.1/jsonschema2pojo-core/mvn_dependencies/accessors-smart-1.2.jar, /u/q8liang/Benchmarks/jsonschema2pojo-1.1.1/jsonschema2pojo-core/mvn_dependencies/annotations-1.3.9.jar, /u/q8liang/Benchmarks/jsonschema2pojo-1.1.1/jsonschema2pojo-core/mvn_dependencies/antlr4-runtime-4.7.1.jar, /u/q8liang/Benchmarks/jsonschema2pojo-1.1.1/jsonschema2pojo-core/mvn_dependencies/asm-7.0.jar, /u/q8liang/Benchmarks/jsonschema2pojo-1.1.1/jsonschema2pojo-core/mvn_dependencies/byte-buddy-1.10.5.jar, /u/q8liang/Benchmarks/jsonschema2pojo-1.1.1/jsonschema2pojo-core/mvn_dependencies/byte-buddy-agent-1.10.5.jar, /u/q8liang/Benchmarks/jsonschema2pojo-1.1.1/jsonschema2pojo-core/mvn_dependencies/codemodel-2.6.jar, /u/q8liang/Benchmarks/jsonschema2pojo-1.1.1/jsonschema2pojo-core/mvn_dependencies/commons-codec-1.9.jar, /u/q8liang/Benchmarks/jsonschema2pojo-1.1.1/jsonschema2pojo-core/mvn_dependencies/commons-fileupload-1.4.jar, /u/q8liang/Benchmarks/jsonschema2pojo-1.1.1/jsonschema2pojo-core/mvn_dependencies/commons-io-2.8.0.jar, /u/q8liang/Benchmarks/jsonschema2pojo-1.1.1/jsonschema2pojo-core/mvn_dependencies/commons-lang-2.6.jar, /u/q8liang/Benchmarks/jsonschema2pojo-1.1.1/jsonschema2pojo-core/mvn_dependencies/commons-lang3-3.11.jar, /u/q8liang/Benchmarks/jsonschema2pojo-1.1.1/jsonschema2pojo-core/mvn_dependencies/commons-logging-1.2.jar, /u/q8liang/Benchmarks/jsonschema2pojo-1.1.1/jsonschema2pojo-core/mvn_dependencies/gson-2.8.6.jar, /u/q8liang/Benchmarks/jsonschema2pojo-1.1.1/jsonschema2pojo-core/mvn_dependencies/guava-20.0.jar, /u/q8liang/Benchmarks/jsonschema2pojo-1.1.1/jsonschema2pojo-core/mvn_dependencies/hamcrest-all-1.3.jar, /u/q8liang/Benchmarks/jsonschema2pojo-1.1.1/jsonschema2pojo-core/mvn_dependencies/hamcrest-core-1.3.jar, /u/q8liang/Benchmarks/jsonschema2pojo-1.1.1/jsonschema2pojo-core/mvn_dependencies/handlebars-4.0.7.jar, /u/q8liang/Benchmarks/jsonschema2pojo-1.1.1/jsonschema2pojo-core/mvn_dependencies/handlebars-helpers-4.0.7.jar, /u/q8liang/Benchmarks/jsonschema2pojo-1.1.1/jsonschema2pojo-core/mvn_dependencies/httpclient-4.5.13.jar, /u/q8liang/Benchmarks/jsonschema2pojo-1.1.1/jsonschema2pojo-core/mvn_dependencies/httpcore-4.4.13.jar, /u/q8liang/Benchmarks/jsonschema2pojo-1.1.1/jsonschema2pojo-core/mvn_dependencies/jackson-annotations-2.9.10.jar, /u/q8liang/Benchmarks/jsonschema2pojo-1.1.1/jsonschema2pojo-core/mvn_dependencies/jackson-core-2.9.10.jar, /u/q8liang/Benchmarks/jsonschema2pojo-1.1.1/jsonschema2pojo-core/mvn_dependencies/jackson-databind-2.9.10.8.jar, /u/q8liang/Benchmarks/jsonschema2pojo-1.1.1/jsonschema2pojo-core/mvn_dependencies/jackson-dataformat-yaml-2.9.10.jar, /u/q8liang/Benchmarks/jsonschema2pojo-1.1.1/jsonschema2pojo-core/mvn_dependencies/javaparser-1.0.10.jar, /u/q8liang/Benchmarks/jsonschema2pojo-1.1.1/jsonschema2pojo-core/mvn_dependencies/javax.servlet-api-3.1.0.jar, /u/q8liang/Benchmarks/jsonschema2pojo-1.1.1/jsonschema2pojo-core/mvn_dependencies/jetty-client-9.2.28.v20190418.jar, /u/q8liang/Benchmarks/jsonschema2pojo-1.1.1/jsonschema2pojo-core/mvn_dependencies/jetty-continuation-9.2.28.v20190418.jar, /u/q8liang/Benchmarks/jsonschema2pojo-1.1.1/jsonschema2pojo-core/mvn_dependencies/jetty-http-9.2.28.v20190418.jar, /u/q8liang/Benchmarks/jsonschema2pojo-1.1.1/jsonschema2pojo-core/mvn_dependencies/jetty-io-9.2.28.v20190418.jar, /u/q8liang/Benchmarks/jsonschema2pojo-1.1.1/jsonschema2pojo-core/mvn_dependencies/jetty-proxy-9.2.28.v20190418.jar, /u/q8liang/Benchmarks/jsonschema2pojo-1.1.1/jsonschema2pojo-core/mvn_dependencies/jetty-security-9.2.28.v20190418.jar, /u/q8liang/Benchmarks/jsonschema2pojo-1.1.1/jsonschema2pojo-core/mvn_dependencies/jetty-server-9.2.28.v20190418.jar, /u/q8liang/Benchmarks/jsonschema2pojo-1.1.1/jsonschema2pojo-core/mvn_dependencies/jetty-servlet-9.2.28.v20190418.jar, /u/q8liang/Benchmarks/jsonschema2pojo-1.1.1/jsonschema2pojo-core/mvn_dependencies/jetty-servlets-9.2.28.v20190418.jar, /u/q8liang/Benchmarks/jsonschema2pojo-1.1.1/jsonschema2pojo-core/mvn_dependencies/jetty-util-9.2.28.v20190418.jar, /u/q8liang/Benchmarks/jsonschema2pojo-1.1.1/jsonschema2pojo-core/mvn_dependencies/jetty-webapp-9.2.28.v20190418.jar, /u/q8liang/Benchmarks/jsonschema2pojo-1.1.1/jsonschema2pojo-core/mvn_dependencies/jetty-xml-9.2.28.v20190418.jar, /u/q8liang/Benchmarks/jsonschema2pojo-1.1.1/jsonschema2pojo-core/mvn_dependencies/joda-time-2.2.jar, /u/q8liang/Benchmarks/jsonschema2pojo-1.1.1/jsonschema2pojo-core/mvn_dependencies/jopt-simple-5.0.3.jar, /u/q8liang/Benchmarks/jsonschema2pojo-1.1.1/jsonschema2pojo-core/mvn_dependencies/json-path-2.4.0.jar, /u/q8liang/Benchmarks/jsonschema2pojo-1.1.1/jsonschema2pojo-core/mvn_dependencies/json-smart-2.3.jar, /u/q8liang/Benchmarks/jsonschema2pojo-1.1.1/jsonschema2pojo-core/mvn_dependencies/jsr305-3.0.1.jar, /u/q8liang/Benchmarks/jsonschema2pojo-1.1.1/jsonschema2pojo-core/mvn_dependencies/junit-4.13.2.jar, /u/q8liang/Benchmarks/jsonschema2pojo-1.1.1/jsonschema2pojo-core/mvn_dependencies/mockito-core-3.2.4.jar, /u/q8liang/Benchmarks/jsonschema2pojo-1.1.1/jsonschema2pojo-core/mvn_dependencies/objenesis-2.6.jar, /u/q8liang/Benchmarks/jsonschema2pojo-1.1.1/jsonschema2pojo-core/mvn_dependencies/slf4j-api-1.7.30.jar, /u/q8liang/Benchmarks/jsonschema2pojo-1.1.1/jsonschema2pojo-core/mvn_dependencies/slf4j-simple-1.7.30.jar, /u/q8liang/Benchmarks/jsonschema2pojo-1.1.1/jsonschema2pojo-core/mvn_dependencies/snakeyaml-1.23.jar, /u/q8liang/Benchmarks/jsonschema2pojo-1.1.1/jsonschema2pojo-core/mvn_dependencies/validation-api-1.0.0.GA.jar, /u/q8liang/Benchmarks/jsonschema2pojo-1.1.1/jsonschema2pojo-core/mvn_dependencies/wiremock-2.27.2.jar, /u/q8liang/Benchmarks/jsonschema2pojo-1.1.1/jsonschema2pojo-core/mvn_dependencies/xmlunit-core-2.7.0.jar, /u/q8liang/Benchmarks/jsonschema2pojo-1.1.1/jsonschema2pojo-core/mvn_dependencies/xmlunit-legacy-2.7.0.jar, /u/q8liang/Benchmarks/jsonschema2pojo-1.1.1/jsonschema2pojo-core/mvn_dependencies/xmlunit-placeholders-2.7.0.jar, /u/q8liang/Benchmarks/jsonschema2pojo-1.1.1/jsonschema2pojo-core/mvn_dependencies/zjsonpatch-0.4.4.jar
Libraries: 
Using a timeout of 90 min.
[Task COMPILE...]
[Task FACTS...]
-- Fact Generation --
Using cached analysis executable /u/q8liang/doop/cache/souffle-analyses/basic-only/f6778ed67859e9af67d88c957ff4ef455b0d02af29b04c1dec7023db32f32dcd
[Task COMPILE Done]
SOOT_FACT_GEN: Logging initialized, using directory: /u/q8liang/doop/build/logs
SOOT_FACT_GEN: SLF4J: Failed to load class "org.slf4j.impl.StaticLoggerBinder".
SOOT_FACT_GEN: SLF4J: Defaulting to no-operation (NOP) logger implementation
SOOT_FACT_GEN: SLF4J: See http://www.slf4j.org/codes.html#StaticLoggerBinder for further details.
SOOT_FACT_GEN: Preprocessing application: /u/q8liang/Benchmarks/jsonschema2pojo-1.1.1/jsonschema2pojo-core/target/jsonschema2pojo-core-1.1.1.jar
SOOT_FACT_GEN: Preprocessing application: /u/q8liang/Benchmarks/jsonschema2pojo-1.1.1/jsonschema2pojo-core/target/jsonschema2pojo-core-1.1.1-tests.jar
SOOT_FACT_GEN: Preprocessing application: /u/q8liang/Benchmarks/jsonschema2pojo-1.1.1/jsonschema2pojo-core/mvn_dependencies/accessors-smart-1.2.jar
SOOT_FACT_GEN: Preprocessing application: /u/q8liang/Benchmarks/jsonschema2pojo-1.1.1/jsonschema2pojo-core/mvn_dependencies/annotations-1.3.9.jar
SOOT_FACT_GEN: Preprocessing application: /u/q8liang/Benchmarks/jsonschema2pojo-1.1.1/jsonschema2pojo-core/mvn_dependencies/antlr4-runtime-4.7.1.jar
SOOT_FACT_GEN: Preprocessing application: /u/q8liang/Benchmarks/jsonschema2pojo-1.1.1/jsonschema2pojo-core/mvn_dependencies/asm-7.0.jar
SOOT_FACT_GEN: Preprocessing application: /u/q8liang/Benchmarks/jsonschema2pojo-1.1.1/jsonschema2pojo-core/mvn_dependencies/byte-buddy-1.10.5.jar
SOOT_FACT_GEN: Preprocessing application: /u/q8liang/Benchmarks/jsonschema2pojo-1.1.1/jsonschema2pojo-core/mvn_dependencies/byte-buddy-agent-1.10.5.jar
SOOT_FACT_GEN: Preprocessing application: /u/q8liang/Benchmarks/jsonschema2pojo-1.1.1/jsonschema2pojo-core/mvn_dependencies/codemodel-2.6.jar
SOOT_FACT_GEN: Preprocessing application: /u/q8liang/Benchmarks/jsonschema2pojo-1.1.1/jsonschema2pojo-core/mvn_dependencies/commons-codec-1.9.jar
SOOT_FACT_GEN: Preprocessing application: /u/q8liang/Benchmarks/jsonschema2pojo-1.1.1/jsonschema2pojo-core/mvn_dependencies/commons-fileupload-1.4.jar
SOOT_FACT_GEN: Preprocessing application: /u/q8liang/Benchmarks/jsonschema2pojo-1.1.1/jsonschema2pojo-core/mvn_dependencies/commons-io-2.8.0.jar
SOOT_FACT_GEN: Preprocessing application: /u/q8liang/Benchmarks/jsonschema2pojo-1.1.1/jsonschema2pojo-core/mvn_dependencies/commons-lang-2.6.jar
SOOT_FACT_GEN: Preprocessing application: /u/q8liang/Benchmarks/jsonschema2pojo-1.1.1/jsonschema2pojo-core/mvn_dependencies/commons-lang3-3.11.jar
SOOT_FACT_GEN: Preprocessing application: /u/q8liang/Benchmarks/jsonschema2pojo-1.1.1/jsonschema2pojo-core/mvn_dependencies/commons-logging-1.2.jar
SOOT_FACT_GEN: Preprocessing application: /u/q8liang/Benchmarks/jsonschema2pojo-1.1.1/jsonschema2pojo-core/mvn_dependencies/gson-2.8.6.jar
SOOT_FACT_GEN: Preprocessing application: /u/q8liang/Benchmarks/jsonschema2pojo-1.1.1/jsonschema2pojo-core/mvn_dependencies/guava-20.0.jar
SOOT_FACT_GEN: Preprocessing application: /u/q8liang/Benchmarks/jsonschema2pojo-1.1.1/jsonschema2pojo-core/mvn_dependencies/hamcrest-all-1.3.jar
SOOT_FACT_GEN: Preprocessing application: /u/q8liang/Benchmarks/jsonschema2pojo-1.1.1/jsonschema2pojo-core/mvn_dependencies/hamcrest-core-1.3.jar
SOOT_FACT_GEN: Preprocessing application: /u/q8liang/Benchmarks/jsonschema2pojo-1.1.1/jsonschema2pojo-core/mvn_dependencies/handlebars-4.0.7.jar
SOOT_FACT_GEN: Preprocessing application: /u/q8liang/Benchmarks/jsonschema2pojo-1.1.1/jsonschema2pojo-core/mvn_dependencies/handlebars-helpers-4.0.7.jar
SOOT_FACT_GEN: Preprocessing application: /u/q8liang/Benchmarks/jsonschema2pojo-1.1.1/jsonschema2pojo-core/mvn_dependencies/httpclient-4.5.13.jar
SOOT_FACT_GEN: Preprocessing application: /u/q8liang/Benchmarks/jsonschema2pojo-1.1.1/jsonschema2pojo-core/mvn_dependencies/httpcore-4.4.13.jar
SOOT_FACT_GEN: Preprocessing application: /u/q8liang/Benchmarks/jsonschema2pojo-1.1.1/jsonschema2pojo-core/mvn_dependencies/jackson-annotations-2.9.10.jar
SOOT_FACT_GEN: Preprocessing application: /u/q8liang/Benchmarks/jsonschema2pojo-1.1.1/jsonschema2pojo-core/mvn_dependencies/jackson-core-2.9.10.jar
SOOT_FACT_GEN: Preprocessing application: /u/q8liang/Benchmarks/jsonschema2pojo-1.1.1/jsonschema2pojo-core/mvn_dependencies/jackson-databind-2.9.10.8.jar
SOOT_FACT_GEN: Preprocessing application: /u/q8liang/Benchmarks/jsonschema2pojo-1.1.1/jsonschema2pojo-core/mvn_dependencies/jackson-dataformat-yaml-2.9.10.jar
SOOT_FACT_GEN: Preprocessing application: /u/q8liang/Benchmarks/jsonschema2pojo-1.1.1/jsonschema2pojo-core/mvn_dependencies/javaparser-1.0.10.jar
SOOT_FACT_GEN: Preprocessing application: /u/q8liang/Benchmarks/jsonschema2pojo-1.1.1/jsonschema2pojo-core/mvn_dependencies/javax.servlet-api-3.1.0.jar
SOOT_FACT_GEN: Preprocessing application: /u/q8liang/Benchmarks/jsonschema2pojo-1.1.1/jsonschema2pojo-core/mvn_dependencies/jetty-client-9.2.28.v20190418.jar
SOOT_FACT_GEN: Preprocessing application: /u/q8liang/Benchmarks/jsonschema2pojo-1.1.1/jsonschema2pojo-core/mvn_dependencies/jetty-continuation-9.2.28.v20190418.jar
SOOT_FACT_GEN: Preprocessing application: /u/q8liang/Benchmarks/jsonschema2pojo-1.1.1/jsonschema2pojo-core/mvn_dependencies/jetty-http-9.2.28.v20190418.jar
SOOT_FACT_GEN: Preprocessing application: /u/q8liang/Benchmarks/jsonschema2pojo-1.1.1/jsonschema2pojo-core/mvn_dependencies/jetty-io-9.2.28.v20190418.jar
SOOT_FACT_GEN: Preprocessing application: /u/q8liang/Benchmarks/jsonschema2pojo-1.1.1/jsonschema2pojo-core/mvn_dependencies/jetty-proxy-9.2.28.v20190418.jar
SOOT_FACT_GEN: Preprocessing application: /u/q8liang/Benchmarks/jsonschema2pojo-1.1.1/jsonschema2pojo-core/mvn_dependencies/jetty-security-9.2.28.v20190418.jar
SOOT_FACT_GEN: Preprocessing application: /u/q8liang/Benchmarks/jsonschema2pojo-1.1.1/jsonschema2pojo-core/mvn_dependencies/jetty-server-9.2.28.v20190418.jar
SOOT_FACT_GEN: Preprocessing application: /u/q8liang/Benchmarks/jsonschema2pojo-1.1.1/jsonschema2pojo-core/mvn_dependencies/jetty-servlet-9.2.28.v20190418.jar
SOOT_FACT_GEN: Preprocessing application: /u/q8liang/Benchmarks/jsonschema2pojo-1.1.1/jsonschema2pojo-core/mvn_dependencies/jetty-servlets-9.2.28.v20190418.jar
SOOT_FACT_GEN: Preprocessing application: /u/q8liang/Benchmarks/jsonschema2pojo-1.1.1/jsonschema2pojo-core/mvn_dependencies/jetty-util-9.2.28.v20190418.jar
SOOT_FACT_GEN: Preprocessing application: /u/q8liang/Benchmarks/jsonschema2pojo-1.1.1/jsonschema2pojo-core/mvn_dependencies/jetty-webapp-9.2.28.v20190418.jar
SOOT_FACT_GEN: Preprocessing application: /u/q8liang/Benchmarks/jsonschema2pojo-1.1.1/jsonschema2pojo-core/mvn_dependencies/jetty-xml-9.2.28.v20190418.jar
SOOT_FACT_GEN: Preprocessing application: /u/q8liang/Benchmarks/jsonschema2pojo-1.1.1/jsonschema2pojo-core/mvn_dependencies/joda-time-2.2.jar
SOOT_FACT_GEN: Preprocessing application: /u/q8liang/Benchmarks/jsonschema2pojo-1.1.1/jsonschema2pojo-core/mvn_dependencies/jopt-simple-5.0.3.jar
SOOT_FACT_GEN: Preprocessing application: /u/q8liang/Benchmarks/jsonschema2pojo-1.1.1/jsonschema2pojo-core/mvn_dependencies/json-path-2.4.0.jar
SOOT_FACT_GEN: Preprocessing application: /u/q8liang/Benchmarks/jsonschema2pojo-1.1.1/jsonschema2pojo-core/mvn_dependencies/json-smart-2.3.jar
SOOT_FACT_GEN: Preprocessing application: /u/q8liang/Benchmarks/jsonschema2pojo-1.1.1/jsonschema2pojo-core/mvn_dependencies/jsr305-3.0.1.jar
SOOT_FACT_GEN: Preprocessing application: /u/q8liang/Benchmarks/jsonschema2pojo-1.1.1/jsonschema2pojo-core/mvn_dependencies/junit-4.13.2.jar
SOOT_FACT_GEN: Preprocessing application: /u/q8liang/Benchmarks/jsonschema2pojo-1.1.1/jsonschema2pojo-core/mvn_dependencies/mockito-core-3.2.4.jar
SOOT_FACT_GEN: Preprocessing application: /u/q8liang/Benchmarks/jsonschema2pojo-1.1.1/jsonschema2pojo-core/mvn_dependencies/objenesis-2.6.jar
SOOT_FACT_GEN: Preprocessing application: /u/q8liang/Benchmarks/jsonschema2pojo-1.1.1/jsonschema2pojo-core/mvn_dependencies/slf4j-api-1.7.30.jar
SOOT_FACT_GEN: Preprocessing application: /u/q8liang/Benchmarks/jsonschema2pojo-1.1.1/jsonschema2pojo-core/mvn_dependencies/slf4j-simple-1.7.30.jar
SOOT_FACT_GEN: Preprocessing application: /u/q8liang/Benchmarks/jsonschema2pojo-1.1.1/jsonschema2pojo-core/mvn_dependencies/snakeyaml-1.23.jar
SOOT_FACT_GEN: Preprocessing application: /u/q8liang/Benchmarks/jsonschema2pojo-1.1.1/jsonschema2pojo-core/mvn_dependencies/validation-api-1.0.0.GA.jar
SOOT_FACT_GEN: Preprocessing application: /u/q8liang/Benchmarks/jsonschema2pojo-1.1.1/jsonschema2pojo-core/mvn_dependencies/wiremock-2.27.2.jar
SOOT_FACT_GEN: Preprocessing application: /u/q8liang/Benchmarks/jsonschema2pojo-1.1.1/jsonschema2pojo-core/mvn_dependencies/xmlunit-core-2.7.0.jar
SOOT_FACT_GEN: Preprocessing application: /u/q8liang/Benchmarks/jsonschema2pojo-1.1.1/jsonschema2pojo-core/mvn_dependencies/xmlunit-legacy-2.7.0.jar
SOOT_FACT_GEN: Preprocessing application: /u/q8liang/Benchmarks/jsonschema2pojo-1.1.1/jsonschema2pojo-core/mvn_dependencies/xmlunit-placeholders-2.7.0.jar
SOOT_FACT_GEN: Preprocessing application: /u/q8liang/Benchmarks/jsonschema2pojo-1.1.1/jsonschema2pojo-core/mvn_dependencies/zjsonpatch-0.4.4.jar
SOOT_FACT_GEN: Preprocessing platform library: /u/q8liang/doop/build/tmp/rt_6646339423246537898.jar
SOOT_FACT_GEN: Preprocessing platform library: /u/q8liang/doop/build/tmp/jce_845930696084854369.jar
SOOT_FACT_GEN: Preprocessing platform library: /u/q8liang/doop/build/tmp/jsse_3913534051803975962.jar
SOOT_FACT_GEN: Adding archive: /u/q8liang/Benchmarks/jsonschema2pojo-1.1.1/jsonschema2pojo-core/target/jsonschema2pojo-core-1.1.1.jar
SOOT_FACT_GEN: Adding archive: /u/q8liang/Benchmarks/jsonschema2pojo-1.1.1/jsonschema2pojo-core/target/jsonschema2pojo-core-1.1.1-tests.jar
SOOT_FACT_GEN: Adding archive: /u/q8liang/Benchmarks/jsonschema2pojo-1.1.1/jsonschema2pojo-core/mvn_dependencies/accessors-smart-1.2.jar
SOOT_FACT_GEN: Adding archive: /u/q8liang/Benchmarks/jsonschema2pojo-1.1.1/jsonschema2pojo-core/mvn_dependencies/annotations-1.3.9.jar
SOOT_FACT_GEN: Adding archive: /u/q8liang/Benchmarks/jsonschema2pojo-1.1.1/jsonschema2pojo-core/mvn_dependencies/antlr4-runtime-4.7.1.jar
SOOT_FACT_GEN: Adding archive: /u/q8liang/Benchmarks/jsonschema2pojo-1.1.1/jsonschema2pojo-core/mvn_dependencies/asm-7.0.jar
SOOT_FACT_GEN: Adding archive: /u/q8liang/Benchmarks/jsonschema2pojo-1.1.1/jsonschema2pojo-core/mvn_dependencies/byte-buddy-1.10.5.jar
SOOT_FACT_GEN: Adding archive: /u/q8liang/Benchmarks/jsonschema2pojo-1.1.1/jsonschema2pojo-core/mvn_dependencies/byte-buddy-agent-1.10.5.jar
SOOT_FACT_GEN: Adding archive: /u/q8liang/Benchmarks/jsonschema2pojo-1.1.1/jsonschema2pojo-core/mvn_dependencies/codemodel-2.6.jar
SOOT_FACT_GEN: Adding archive: /u/q8liang/Benchmarks/jsonschema2pojo-1.1.1/jsonschema2pojo-core/mvn_dependencies/commons-codec-1.9.jar
SOOT_FACT_GEN: Adding archive: /u/q8liang/Benchmarks/jsonschema2pojo-1.1.1/jsonschema2pojo-core/mvn_dependencies/commons-fileupload-1.4.jar
SOOT_FACT_GEN: Adding archive: /u/q8liang/Benchmarks/jsonschema2pojo-1.1.1/jsonschema2pojo-core/mvn_dependencies/commons-io-2.8.0.jar
SOOT_FACT_GEN: Adding archive: /u/q8liang/Benchmarks/jsonschema2pojo-1.1.1/jsonschema2pojo-core/mvn_dependencies/commons-lang-2.6.jar
SOOT_FACT_GEN: Adding archive: /u/q8liang/Benchmarks/jsonschema2pojo-1.1.1/jsonschema2pojo-core/mvn_dependencies/commons-lang3-3.11.jar
SOOT_FACT_GEN: Adding archive: /u/q8liang/Benchmarks/jsonschema2pojo-1.1.1/jsonschema2pojo-core/mvn_dependencies/commons-logging-1.2.jar
SOOT_FACT_GEN: Adding archive: /u/q8liang/Benchmarks/jsonschema2pojo-1.1.1/jsonschema2pojo-core/mvn_dependencies/gson-2.8.6.jar
SOOT_FACT_GEN: Adding archive: /u/q8liang/Benchmarks/jsonschema2pojo-1.1.1/jsonschema2pojo-core/mvn_dependencies/guava-20.0.jar
SOOT_FACT_GEN: Adding archive: /u/q8liang/Benchmarks/jsonschema2pojo-1.1.1/jsonschema2pojo-core/mvn_dependencies/hamcrest-all-1.3.jar
SOOT_FACT_GEN: Adding archive: /u/q8liang/Benchmarks/jsonschema2pojo-1.1.1/jsonschema2pojo-core/mvn_dependencies/hamcrest-core-1.3.jar
SOOT_FACT_GEN: Adding archive: /u/q8liang/Benchmarks/jsonschema2pojo-1.1.1/jsonschema2pojo-core/mvn_dependencies/handlebars-4.0.7.jar
SOOT_FACT_GEN: Adding archive: /u/q8liang/Benchmarks/jsonschema2pojo-1.1.1/jsonschema2pojo-core/mvn_dependencies/handlebars-helpers-4.0.7.jar
SOOT_FACT_GEN: Adding archive: /u/q8liang/Benchmarks/jsonschema2pojo-1.1.1/jsonschema2pojo-core/mvn_dependencies/httpclient-4.5.13.jar
SOOT_FACT_GEN: Adding archive: /u/q8liang/Benchmarks/jsonschema2pojo-1.1.1/jsonschema2pojo-core/mvn_dependencies/httpcore-4.4.13.jar
SOOT_FACT_GEN: Adding archive: /u/q8liang/Benchmarks/jsonschema2pojo-1.1.1/jsonschema2pojo-core/mvn_dependencies/jackson-annotations-2.9.10.jar
SOOT_FACT_GEN: Adding archive: /u/q8liang/Benchmarks/jsonschema2pojo-1.1.1/jsonschema2pojo-core/mvn_dependencies/jackson-core-2.9.10.jar
SOOT_FACT_GEN: Adding archive: /u/q8liang/Benchmarks/jsonschema2pojo-1.1.1/jsonschema2pojo-core/mvn_dependencies/jackson-databind-2.9.10.8.jar
SOOT_FACT_GEN: Adding archive: /u/q8liang/Benchmarks/jsonschema2pojo-1.1.1/jsonschema2pojo-core/mvn_dependencies/jackson-dataformat-yaml-2.9.10.jar
SOOT_FACT_GEN: Adding archive: /u/q8liang/Benchmarks/jsonschema2pojo-1.1.1/jsonschema2pojo-core/mvn_dependencies/javaparser-1.0.10.jar
SOOT_FACT_GEN: Adding archive: /u/q8liang/Benchmarks/jsonschema2pojo-1.1.1/jsonschema2pojo-core/mvn_dependencies/javax.servlet-api-3.1.0.jar
SOOT_FACT_GEN: Adding archive: /u/q8liang/Benchmarks/jsonschema2pojo-1.1.1/jsonschema2pojo-core/mvn_dependencies/jetty-client-9.2.28.v20190418.jar
SOOT_FACT_GEN: Adding archive: /u/q8liang/Benchmarks/jsonschema2pojo-1.1.1/jsonschema2pojo-core/mvn_dependencies/jetty-continuation-9.2.28.v20190418.jar
SOOT_FACT_GEN: Adding archive: /u/q8liang/Benchmarks/jsonschema2pojo-1.1.1/jsonschema2pojo-core/mvn_dependencies/jetty-http-9.2.28.v20190418.jar
SOOT_FACT_GEN: Adding archive: /u/q8liang/Benchmarks/jsonschema2pojo-1.1.1/jsonschema2pojo-core/mvn_dependencies/jetty-io-9.2.28.v20190418.jar
SOOT_FACT_GEN: Adding archive: /u/q8liang/Benchmarks/jsonschema2pojo-1.1.1/jsonschema2pojo-core/mvn_dependencies/jetty-proxy-9.2.28.v20190418.jar
SOOT_FACT_GEN: Adding archive: /u/q8liang/Benchmarks/jsonschema2pojo-1.1.1/jsonschema2pojo-core/mvn_dependencies/jetty-security-9.2.28.v20190418.jar
SOOT_FACT_GEN: Adding archive: /u/q8liang/Benchmarks/jsonschema2pojo-1.1.1/jsonschema2pojo-core/mvn_dependencies/jetty-server-9.2.28.v20190418.jar
SOOT_FACT_GEN: Adding archive: /u/q8liang/Benchmarks/jsonschema2pojo-1.1.1/jsonschema2pojo-core/mvn_dependencies/jetty-servlet-9.2.28.v20190418.jar
SOOT_FACT_GEN: Adding archive: /u/q8liang/Benchmarks/jsonschema2pojo-1.1.1/jsonschema2pojo-core/mvn_dependencies/jetty-servlets-9.2.28.v20190418.jar
SOOT_FACT_GEN: Adding archive: /u/q8liang/Benchmarks/jsonschema2pojo-1.1.1/jsonschema2pojo-core/mvn_dependencies/jetty-util-9.2.28.v20190418.jar
SOOT_FACT_GEN: Adding archive: /u/q8liang/Benchmarks/jsonschema2pojo-1.1.1/jsonschema2pojo-core/mvn_dependencies/jetty-webapp-9.2.28.v20190418.jar
SOOT_FACT_GEN: Adding archive: /u/q8liang/Benchmarks/jsonschema2pojo-1.1.1/jsonschema2pojo-core/mvn_dependencies/jetty-xml-9.2.28.v20190418.jar
SOOT_FACT_GEN: Adding archive: /u/q8liang/Benchmarks/jsonschema2pojo-1.1.1/jsonschema2pojo-core/mvn_dependencies/joda-time-2.2.jar
SOOT_FACT_GEN: Adding archive: /u/q8liang/Benchmarks/jsonschema2pojo-1.1.1/jsonschema2pojo-core/mvn_dependencies/jopt-simple-5.0.3.jar
SOOT_FACT_GEN: Adding archive: /u/q8liang/Benchmarks/jsonschema2pojo-1.1.1/jsonschema2pojo-core/mvn_dependencies/json-path-2.4.0.jar
SOOT_FACT_GEN: Adding archive: /u/q8liang/Benchmarks/jsonschema2pojo-1.1.1/jsonschema2pojo-core/mvn_dependencies/json-smart-2.3.jar
SOOT_FACT_GEN: Adding archive: /u/q8liang/Benchmarks/jsonschema2pojo-1.1.1/jsonschema2pojo-core/mvn_dependencies/jsr305-3.0.1.jar
SOOT_FACT_GEN: Adding archive: /u/q8liang/Benchmarks/jsonschema2pojo-1.1.1/jsonschema2pojo-core/mvn_dependencies/junit-4.13.2.jar
SOOT_FACT_GEN: Adding archive: /u/q8liang/Benchmarks/jsonschema2pojo-1.1.1/jsonschema2pojo-core/mvn_dependencies/mockito-core-3.2.4.jar
SOOT_FACT_GEN: Adding archive: /u/q8liang/Benchmarks/jsonschema2pojo-1.1.1/jsonschema2pojo-core/mvn_dependencies/objenesis-2.6.jar
SOOT_FACT_GEN: Adding archive: /u/q8liang/Benchmarks/jsonschema2pojo-1.1.1/jsonschema2pojo-core/mvn_dependencies/slf4j-api-1.7.30.jar
SOOT_FACT_GEN: Adding archive: /u/q8liang/Benchmarks/jsonschema2pojo-1.1.1/jsonschema2pojo-core/mvn_dependencies/slf4j-simple-1.7.30.jar
SOOT_FACT_GEN: Adding archive: /u/q8liang/Benchmarks/jsonschema2pojo-1.1.1/jsonschema2pojo-core/mvn_dependencies/snakeyaml-1.23.jar
SOOT_FACT_GEN: Adding archive: /u/q8liang/Benchmarks/jsonschema2pojo-1.1.1/jsonschema2pojo-core/mvn_dependencies/validation-api-1.0.0.GA.jar
SOOT_FACT_GEN: Adding archive: /u/q8liang/Benchmarks/jsonschema2pojo-1.1.1/jsonschema2pojo-core/mvn_dependencies/wiremock-2.27.2.jar
SOOT_FACT_GEN: Adding archive: /u/q8liang/Benchmarks/jsonschema2pojo-1.1.1/jsonschema2pojo-core/mvn_dependencies/xmlunit-core-2.7.0.jar
SOOT_FACT_GEN: Adding archive: /u/q8liang/Benchmarks/jsonschema2pojo-1.1.1/jsonschema2pojo-core/mvn_dependencies/xmlunit-legacy-2.7.0.jar
SOOT_FACT_GEN: Adding archive: /u/q8liang/Benchmarks/jsonschema2pojo-1.1.1/jsonschema2pojo-core/mvn_dependencies/xmlunit-placeholders-2.7.0.jar
SOOT_FACT_GEN: Adding archive: /u/q8liang/Benchmarks/jsonschema2pojo-1.1.1/jsonschema2pojo-core/mvn_dependencies/zjsonpatch-0.4.4.jar
SOOT_FACT_GEN: Adding archive for resolving: /u/q8liang/doop/build/tmp/rt_6646339423246537898.jar
SOOT_FACT_GEN: Adding archive for resolving: /u/q8liang/doop/build/tmp/jce_845930696084854369.jar
SOOT_FACT_GEN: Adding archive for resolving: /u/q8liang/doop/build/tmp/jsse_3913534051803975962.jar
SOOT_FACT_GEN: Classes in input (application) jar(s): 11697
SOOT_FACT_GEN: Total classes in Scene: 19696
SOOT_FACT_GEN: Retrieved all bodies (time: 84)
SOOT_FACT_GEN: Fact generation cores: 32
SOOT_FACT_GEN: WARNING: some classes were not resolved, consider using thorough fact generation or adding them manually via --also-resolve: [com.sun.beans.editors.BooleanEditor, com.sun.beans.editors.LongEditor, java.lang.Override, java.lang.SuppressWarnings, com.sun.beans.editors.FloatEditor, java.beans.Customizer, javax.sound.sampled.Port, java.awt.dnd.MouseDragGestureRecognizer, com.sun.management.GarbageCollectorMXBean, com.sun.beans.editors.ShortEditor, sun.util.locale.provider.HostLocaleProviderAdapterImpl, com.sun.beans.editors.DoubleEditor, com.sun.beans.editors.ByteEditor, com.sun.beans.editors.IntegerEditor]
SOOT_FACT_GEN: Found 581 phantom references. Rerun with '--report-phantoms' for more details.
SOOT_FACT_GEN: Methods without active bodies encountered (and reset): 0
Soot fact generation time: 144
Caching facts in /u/q8liang/doop/cache/8462dd5e43735282c5945837255344f8cab6bb45f3adbcf44ab7d29f5f014ad2
Copying /u/q8liang/doop/out/jsonschema2pojo-basic-no-mock/database to /u/q8liang/doop/cache/8462dd5e43735282c5945837255344f8cab6bb45f3adbcf44ab7d29f5f014ad2...
----
[Task FACTS Done]
Using /usr/bin/time to gather performance statistics...
Running analysis
Runtime info monitored in /u/q8liang/doop/out/jsonschema2pojo-basic-no-mock/monitoring.txt (& /u/q8liang/doop/out/jsonschema2pojo-basic-no-mock/monitoring.latest.txt)
2243.83user 36.55system 38:02.13elapsed 99%CPU (0avgtext+0avgdata 2840676maxresident)k
680inputs+27621792outputs (1major+12466207minor)pagefaults 0swaps
Analysis execution time (sec): 2282
-- Runtime metrics --
analysis compilation time (sec)                                                  0
analysis execution time (sec)                                                    2,282
disk footprint (KB)                                                              16,407,249
fact generation time (sec)                                                       144
Making database available at /u/q8liang/doop/results/jsonschema2pojo-core-1.1.1/basic-only/java_8/jsonschema2pojo-basic-no-mock
Making database available at /u/q8liang/doop/last-analysis

Deprecated Gradle features were used in this build, making it incompatible with Gradle 7.0.
Use '--warning-mode all' to show the individual deprecation warnings.
See https://docs.gradle.org/6.7/userguide/command_line_interface.html#sec:command_line_warnings

BUILD SUCCESSFUL in 40m 39s
21 actionable tasks: 2 executed, 19 up-to-date
