> Task :generators:code-processor:generateGrammarSource UP-TO-DATE
> Task :generators:code-processor:compileJava UP-TO-DATE
> Task :generators:code-processor:compileGroovy UP-TO-DATE
> Task :generators:code-processor:processResources NO-SOURCE
> Task :generators:code-processor:classes UP-TO-DATE
> Task :generators:code-processor:jar UP-TO-DATE
> Task :generators:fact-generator-common:compileJava UP-TO-DATE
> Task :generators:fact-generator-common:processResources NO-SOURCE
> Task :generators:fact-generator-common:classes UP-TO-DATE
> Task :generators:fact-generator-common:shadowJar UP-TO-DATE
> Task :compileJava UP-TO-DATE
> Task :compileGroovy UP-TO-DATE
> Task :resolveApktool
> Task :generators:dex-fact-generator:compileJava UP-TO-DATE
> Task :generators:dex-fact-generator:processResources NO-SOURCE
> Task :generators:dex-fact-generator:classes UP-TO-DATE
> Task :generators:dex-fact-generator:fatJar UP-TO-DATE
> Task :generators:dex-fact-generator:installJar UP-TO-DATE
> Task :generators:soot-fact-generator:compileJava UP-TO-DATE
> Task :generators:soot-fact-generator:compileGroovy NO-SOURCE
> Task :generators:soot-fact-generator:processResources NO-SOURCE
> Task :generators:soot-fact-generator:classes UP-TO-DATE
> Task :generators:soot-fact-generator:fatJar UP-TO-DATE
> Task :generators:soot-fact-generator:installJar UP-TO-DATE
> Task :generators:wala-fact-generator:compileJava UP-TO-DATE
> Task :generators:wala-fact-generator:processResources UP-TO-DATE
> Task :generators:wala-fact-generator:classes UP-TO-DATE
> Task :generators:wala-fact-generator:fatJar UP-TO-DATE
> Task :generators:wala-fact-generator:installJar UP-TO-DATE
> Task :resourceInstaller
> Task :processResources UP-TO-DATE
> Task :classes UP-TO-DATE
> Task :writeGitCommitHash UP-TO-DATE

> Task :run
Main class(es) expanded with [org.apache.flink.RootDriver]
WARNING: Handling of Java reflection is disabled!
New context-insensitive analysis
Id       : flink-core-mock-counts-NORMAL
Inputs   : /u/q8liang/Benchmarks/flink-release-1.13.0-rc1/flink-core/target/flink-core-1.13.0.jar, /u/q8liang/Benchmarks/flink-release-1.13.0-rc1/flink-core/target/flink-core-1.13.0-tests.jar, /u/q8liang/Benchmarks/flink-release-1.13.0-rc1/flink-core/mvn_dependencies/byte-buddy-1.8.15.jar, /u/q8liang/Benchmarks/flink-release-1.13.0-rc1/flink-core/mvn_dependencies/byte-buddy-agent-1.8.15.jar, /u/q8liang/Benchmarks/flink-release-1.13.0-rc1/flink-core/mvn_dependencies/commons-collections-3.2.2.jar, /u/q8liang/Benchmarks/flink-release-1.13.0-rc1/flink-core/mvn_dependencies/commons-compress-1.20.jar, /u/q8liang/Benchmarks/flink-release-1.13.0-rc1/flink-core/mvn_dependencies/commons-lang3-3.3.2.jar, /u/q8liang/Benchmarks/flink-release-1.13.0-rc1/flink-core/mvn_dependencies/flink-annotations-1.13.0.jar, /u/q8liang/Benchmarks/flink-release-1.13.0-rc1/flink-core/mvn_dependencies/flink-metrics-core-1.13.0.jar, /u/q8liang/Benchmarks/flink-release-1.13.0-rc1/flink-core/mvn_dependencies/flink-shaded-asm-7-7.1-13.0.jar, /u/q8liang/Benchmarks/flink-release-1.13.0-rc1/flink-core/mvn_dependencies/flink-shaded-guava-18.0-13.0.jar, /u/q8liang/Benchmarks/flink-release-1.13.0-rc1/flink-core/mvn_dependencies/flink-shaded-jackson-2.12.1-13.0.jar, /u/q8liang/Benchmarks/flink-release-1.13.0-rc1/flink-core/mvn_dependencies/flink-test-utils-junit-1.13.0.jar, /u/q8liang/Benchmarks/flink-release-1.13.0-rc1/flink-core/mvn_dependencies/force-shading-1.13.0.jar, /u/q8liang/Benchmarks/flink-release-1.13.0-rc1/flink-core/mvn_dependencies/hamcrest-all-1.3.jar, /u/q8liang/Benchmarks/flink-release-1.13.0-rc1/flink-core/mvn_dependencies/hamcrest-core-1.3.jar, /u/q8liang/Benchmarks/flink-release-1.13.0-rc1/flink-core/mvn_dependencies/javassist-3.24.0-GA.jar, /u/q8liang/Benchmarks/flink-release-1.13.0-rc1/flink-core/mvn_dependencies/joda-convert-1.7.jar, /u/q8liang/Benchmarks/flink-release-1.13.0-rc1/flink-core/mvn_dependencies/joda-time-2.5.jar, /u/q8liang/Benchmarks/flink-release-1.13.0-rc1/flink-core/mvn_dependencies/jsr305-1.3.9.jar, /u/q8liang/Benchmarks/flink-release-1.13.0-rc1/flink-core/mvn_dependencies/junit-4.12.jar, /u/q8liang/Benchmarks/flink-release-1.13.0-rc1/flink-core/mvn_dependencies/kryo-2.24.0.jar, /u/q8liang/Benchmarks/flink-release-1.13.0-rc1/flink-core/mvn_dependencies/log4j-1.2-api-2.12.1.jar, /u/q8liang/Benchmarks/flink-release-1.13.0-rc1/flink-core/mvn_dependencies/log4j-api-2.12.1.jar, /u/q8liang/Benchmarks/flink-release-1.13.0-rc1/flink-core/mvn_dependencies/log4j-core-2.12.1.jar, /u/q8liang/Benchmarks/flink-release-1.13.0-rc1/flink-core/mvn_dependencies/log4j-slf4j-impl-2.12.1.jar, /u/q8liang/Benchmarks/flink-release-1.13.0-rc1/flink-core/mvn_dependencies/lombok-1.16.22.jar, /u/q8liang/Benchmarks/flink-release-1.13.0-rc1/flink-core/mvn_dependencies/minlog-1.2.jar, /u/q8liang/Benchmarks/flink-release-1.13.0-rc1/flink-core/mvn_dependencies/mockito-core-2.21.0.jar, /u/q8liang/Benchmarks/flink-release-1.13.0-rc1/flink-core/mvn_dependencies/objenesis-2.1.jar, /u/q8liang/Benchmarks/flink-release-1.13.0-rc1/flink-core/mvn_dependencies/powermock-api-mockito2-2.0.4.jar, /u/q8liang/Benchmarks/flink-release-1.13.0-rc1/flink-core/mvn_dependencies/powermock-api-support-2.0.4.jar, /u/q8liang/Benchmarks/flink-release-1.13.0-rc1/flink-core/mvn_dependencies/powermock-core-2.0.4.jar, /u/q8liang/Benchmarks/flink-release-1.13.0-rc1/flink-core/mvn_dependencies/powermock-module-junit4-2.0.4.jar, /u/q8liang/Benchmarks/flink-release-1.13.0-rc1/flink-core/mvn_dependencies/powermock-module-junit4-common-2.0.4.jar, /u/q8liang/Benchmarks/flink-release-1.13.0-rc1/flink-core/mvn_dependencies/powermock-reflect-2.0.4.jar, /u/q8liang/Benchmarks/flink-release-1.13.0-rc1/flink-core/mvn_dependencies/slf4j-api-1.7.15.jar, /u/q8liang/Benchmarks/flink-release-1.13.0-rc1/flink-core/mvn_dependencies/zstd-jni-1.4.9-1.jar
Libraries: 
Using a timeout of 90 min.
Adding extra logic file /u/q8liang/doop/souffle-logic/analyses/mocks/mocks.dl
[Task COMPILE...]
[Task FACTS...]
-- Fact Generation --
Using cached analysis executable /u/q8liang/doop/cache/souffle-analyses/context-insensitive/ee5a3d78b060e938dffa9a7618724f7c543fe5dce4e3e722d13ce14dee8fe4d
[Task COMPILE Done]
SOOT_FACT_GEN: Logging initialized, using directory: /u/q8liang/doop/build/logs
SOOT_FACT_GEN: SLF4J: Failed to load class "org.slf4j.impl.StaticLoggerBinder".
SOOT_FACT_GEN: SLF4J: Defaulting to no-operation (NOP) logger implementation
SOOT_FACT_GEN: SLF4J: See http://www.slf4j.org/codes.html#StaticLoggerBinder for further details.
SOOT_FACT_GEN: Preprocessing application: /u/q8liang/Benchmarks/flink-release-1.13.0-rc1/flink-core/target/flink-core-1.13.0.jar
SOOT_FACT_GEN: Preprocessing application: /u/q8liang/Benchmarks/flink-release-1.13.0-rc1/flink-core/target/flink-core-1.13.0-tests.jar
SOOT_FACT_GEN: Preprocessing application: /u/q8liang/Benchmarks/flink-release-1.13.0-rc1/flink-core/mvn_dependencies/byte-buddy-1.8.15.jar
SOOT_FACT_GEN: Preprocessing application: /u/q8liang/Benchmarks/flink-release-1.13.0-rc1/flink-core/mvn_dependencies/byte-buddy-agent-1.8.15.jar
SOOT_FACT_GEN: Preprocessing application: /u/q8liang/Benchmarks/flink-release-1.13.0-rc1/flink-core/mvn_dependencies/commons-collections-3.2.2.jar
SOOT_FACT_GEN: Preprocessing application: /u/q8liang/Benchmarks/flink-release-1.13.0-rc1/flink-core/mvn_dependencies/commons-compress-1.20.jar
SOOT_FACT_GEN: Preprocessing application: /u/q8liang/Benchmarks/flink-release-1.13.0-rc1/flink-core/mvn_dependencies/commons-lang3-3.3.2.jar
SOOT_FACT_GEN: Preprocessing application: /u/q8liang/Benchmarks/flink-release-1.13.0-rc1/flink-core/mvn_dependencies/flink-annotations-1.13.0.jar
SOOT_FACT_GEN: Preprocessing application: /u/q8liang/Benchmarks/flink-release-1.13.0-rc1/flink-core/mvn_dependencies/flink-metrics-core-1.13.0.jar
SOOT_FACT_GEN: Preprocessing application: /u/q8liang/Benchmarks/flink-release-1.13.0-rc1/flink-core/mvn_dependencies/flink-shaded-asm-7-7.1-13.0.jar
SOOT_FACT_GEN: Preprocessing application: /u/q8liang/Benchmarks/flink-release-1.13.0-rc1/flink-core/mvn_dependencies/flink-shaded-guava-18.0-13.0.jar
SOOT_FACT_GEN: Preprocessing application: /u/q8liang/Benchmarks/flink-release-1.13.0-rc1/flink-core/mvn_dependencies/flink-shaded-jackson-2.12.1-13.0.jar
SOOT_FACT_GEN: Preprocessing application: /u/q8liang/Benchmarks/flink-release-1.13.0-rc1/flink-core/mvn_dependencies/flink-test-utils-junit-1.13.0.jar
SOOT_FACT_GEN: Preprocessing application: /u/q8liang/Benchmarks/flink-release-1.13.0-rc1/flink-core/mvn_dependencies/force-shading-1.13.0.jar
SOOT_FACT_GEN: Preprocessing application: /u/q8liang/Benchmarks/flink-release-1.13.0-rc1/flink-core/mvn_dependencies/hamcrest-all-1.3.jar
SOOT_FACT_GEN: Preprocessing application: /u/q8liang/Benchmarks/flink-release-1.13.0-rc1/flink-core/mvn_dependencies/hamcrest-core-1.3.jar
SOOT_FACT_GEN: Preprocessing application: /u/q8liang/Benchmarks/flink-release-1.13.0-rc1/flink-core/mvn_dependencies/javassist-3.24.0-GA.jar
SOOT_FACT_GEN: Preprocessing application: /u/q8liang/Benchmarks/flink-release-1.13.0-rc1/flink-core/mvn_dependencies/joda-convert-1.7.jar
SOOT_FACT_GEN: Preprocessing application: /u/q8liang/Benchmarks/flink-release-1.13.0-rc1/flink-core/mvn_dependencies/joda-time-2.5.jar
SOOT_FACT_GEN: Preprocessing application: /u/q8liang/Benchmarks/flink-release-1.13.0-rc1/flink-core/mvn_dependencies/jsr305-1.3.9.jar
SOOT_FACT_GEN: Preprocessing application: /u/q8liang/Benchmarks/flink-release-1.13.0-rc1/flink-core/mvn_dependencies/junit-4.12.jar
SOOT_FACT_GEN: Preprocessing application: /u/q8liang/Benchmarks/flink-release-1.13.0-rc1/flink-core/mvn_dependencies/kryo-2.24.0.jar
SOOT_FACT_GEN: Preprocessing application: /u/q8liang/Benchmarks/flink-release-1.13.0-rc1/flink-core/mvn_dependencies/log4j-1.2-api-2.12.1.jar
SOOT_FACT_GEN: Preprocessing application: /u/q8liang/Benchmarks/flink-release-1.13.0-rc1/flink-core/mvn_dependencies/log4j-api-2.12.1.jar
SOOT_FACT_GEN: Preprocessing application: /u/q8liang/Benchmarks/flink-release-1.13.0-rc1/flink-core/mvn_dependencies/log4j-core-2.12.1.jar
SOOT_FACT_GEN: Preprocessing application: /u/q8liang/Benchmarks/flink-release-1.13.0-rc1/flink-core/mvn_dependencies/log4j-slf4j-impl-2.12.1.jar
SOOT_FACT_GEN: Preprocessing application: /u/q8liang/Benchmarks/flink-release-1.13.0-rc1/flink-core/mvn_dependencies/lombok-1.16.22.jar
SOOT_FACT_GEN: Preprocessing application: /u/q8liang/Benchmarks/flink-release-1.13.0-rc1/flink-core/mvn_dependencies/minlog-1.2.jar
SOOT_FACT_GEN: Preprocessing application: /u/q8liang/Benchmarks/flink-release-1.13.0-rc1/flink-core/mvn_dependencies/mockito-core-2.21.0.jar
SOOT_FACT_GEN: Preprocessing application: /u/q8liang/Benchmarks/flink-release-1.13.0-rc1/flink-core/mvn_dependencies/objenesis-2.1.jar
SOOT_FACT_GEN: Preprocessing application: /u/q8liang/Benchmarks/flink-release-1.13.0-rc1/flink-core/mvn_dependencies/powermock-api-mockito2-2.0.4.jar
SOOT_FACT_GEN: Preprocessing application: /u/q8liang/Benchmarks/flink-release-1.13.0-rc1/flink-core/mvn_dependencies/powermock-api-support-2.0.4.jar
SOOT_FACT_GEN: Preprocessing application: /u/q8liang/Benchmarks/flink-release-1.13.0-rc1/flink-core/mvn_dependencies/powermock-core-2.0.4.jar
SOOT_FACT_GEN: Preprocessing application: /u/q8liang/Benchmarks/flink-release-1.13.0-rc1/flink-core/mvn_dependencies/powermock-module-junit4-2.0.4.jar
SOOT_FACT_GEN: Preprocessing application: /u/q8liang/Benchmarks/flink-release-1.13.0-rc1/flink-core/mvn_dependencies/powermock-module-junit4-common-2.0.4.jar
SOOT_FACT_GEN: Preprocessing application: /u/q8liang/Benchmarks/flink-release-1.13.0-rc1/flink-core/mvn_dependencies/powermock-reflect-2.0.4.jar
SOOT_FACT_GEN: Preprocessing application: /u/q8liang/Benchmarks/flink-release-1.13.0-rc1/flink-core/mvn_dependencies/slf4j-api-1.7.15.jar
SOOT_FACT_GEN: Preprocessing application: /u/q8liang/Benchmarks/flink-release-1.13.0-rc1/flink-core/mvn_dependencies/zstd-jni-1.4.9-1.jar
SOOT_FACT_GEN: Preprocessing platform library: /u/q8liang/doop/build/tmp/rt_2854397516341920998.jar
SOOT_FACT_GEN: Preprocessing platform library: /u/q8liang/doop/build/tmp/jce_7851659529807804465.jar
SOOT_FACT_GEN: Preprocessing platform library: /u/q8liang/doop/build/tmp/jsse_8033310890790333685.jar
SOOT_FACT_GEN: Adding archive: /u/q8liang/Benchmarks/flink-release-1.13.0-rc1/flink-core/target/flink-core-1.13.0.jar
SOOT_FACT_GEN: Adding archive: /u/q8liang/Benchmarks/flink-release-1.13.0-rc1/flink-core/target/flink-core-1.13.0-tests.jar
SOOT_FACT_GEN: Adding archive: /u/q8liang/Benchmarks/flink-release-1.13.0-rc1/flink-core/mvn_dependencies/byte-buddy-1.8.15.jar
SOOT_FACT_GEN: Adding archive: /u/q8liang/Benchmarks/flink-release-1.13.0-rc1/flink-core/mvn_dependencies/byte-buddy-agent-1.8.15.jar
SOOT_FACT_GEN: Adding archive: /u/q8liang/Benchmarks/flink-release-1.13.0-rc1/flink-core/mvn_dependencies/commons-collections-3.2.2.jar
SOOT_FACT_GEN: Adding archive: /u/q8liang/Benchmarks/flink-release-1.13.0-rc1/flink-core/mvn_dependencies/commons-compress-1.20.jar
SOOT_FACT_GEN: Adding archive: /u/q8liang/Benchmarks/flink-release-1.13.0-rc1/flink-core/mvn_dependencies/commons-lang3-3.3.2.jar
SOOT_FACT_GEN: Adding archive: /u/q8liang/Benchmarks/flink-release-1.13.0-rc1/flink-core/mvn_dependencies/flink-annotations-1.13.0.jar
SOOT_FACT_GEN: Adding archive: /u/q8liang/Benchmarks/flink-release-1.13.0-rc1/flink-core/mvn_dependencies/flink-metrics-core-1.13.0.jar
SOOT_FACT_GEN: Adding archive: /u/q8liang/Benchmarks/flink-release-1.13.0-rc1/flink-core/mvn_dependencies/flink-shaded-asm-7-7.1-13.0.jar
SOOT_FACT_GEN: Adding archive: /u/q8liang/Benchmarks/flink-release-1.13.0-rc1/flink-core/mvn_dependencies/flink-shaded-guava-18.0-13.0.jar
SOOT_FACT_GEN: Adding archive: /u/q8liang/Benchmarks/flink-release-1.13.0-rc1/flink-core/mvn_dependencies/flink-shaded-jackson-2.12.1-13.0.jar
SOOT_FACT_GEN: Adding archive: /u/q8liang/Benchmarks/flink-release-1.13.0-rc1/flink-core/mvn_dependencies/flink-test-utils-junit-1.13.0.jar
SOOT_FACT_GEN: Adding archive: /u/q8liang/Benchmarks/flink-release-1.13.0-rc1/flink-core/mvn_dependencies/force-shading-1.13.0.jar
SOOT_FACT_GEN: Adding archive: /u/q8liang/Benchmarks/flink-release-1.13.0-rc1/flink-core/mvn_dependencies/hamcrest-all-1.3.jar
SOOT_FACT_GEN: Adding archive: /u/q8liang/Benchmarks/flink-release-1.13.0-rc1/flink-core/mvn_dependencies/hamcrest-core-1.3.jar
SOOT_FACT_GEN: Adding archive: /u/q8liang/Benchmarks/flink-release-1.13.0-rc1/flink-core/mvn_dependencies/javassist-3.24.0-GA.jar
SOOT_FACT_GEN: Adding archive: /u/q8liang/Benchmarks/flink-release-1.13.0-rc1/flink-core/mvn_dependencies/joda-convert-1.7.jar
SOOT_FACT_GEN: Adding archive: /u/q8liang/Benchmarks/flink-release-1.13.0-rc1/flink-core/mvn_dependencies/joda-time-2.5.jar
SOOT_FACT_GEN: Adding archive: /u/q8liang/Benchmarks/flink-release-1.13.0-rc1/flink-core/mvn_dependencies/jsr305-1.3.9.jar
SOOT_FACT_GEN: Adding archive: /u/q8liang/Benchmarks/flink-release-1.13.0-rc1/flink-core/mvn_dependencies/junit-4.12.jar
SOOT_FACT_GEN: Adding archive: /u/q8liang/Benchmarks/flink-release-1.13.0-rc1/flink-core/mvn_dependencies/kryo-2.24.0.jar
SOOT_FACT_GEN: Adding archive: /u/q8liang/Benchmarks/flink-release-1.13.0-rc1/flink-core/mvn_dependencies/log4j-1.2-api-2.12.1.jar
SOOT_FACT_GEN: Adding archive: /u/q8liang/Benchmarks/flink-release-1.13.0-rc1/flink-core/mvn_dependencies/log4j-api-2.12.1.jar
SOOT_FACT_GEN: Adding archive: /u/q8liang/Benchmarks/flink-release-1.13.0-rc1/flink-core/mvn_dependencies/log4j-core-2.12.1.jar
SOOT_FACT_GEN: Adding archive: /u/q8liang/Benchmarks/flink-release-1.13.0-rc1/flink-core/mvn_dependencies/log4j-slf4j-impl-2.12.1.jar
SOOT_FACT_GEN: Adding archive: /u/q8liang/Benchmarks/flink-release-1.13.0-rc1/flink-core/mvn_dependencies/lombok-1.16.22.jar
SOOT_FACT_GEN: Adding archive: /u/q8liang/Benchmarks/flink-release-1.13.0-rc1/flink-core/mvn_dependencies/minlog-1.2.jar
SOOT_FACT_GEN: Adding archive: /u/q8liang/Benchmarks/flink-release-1.13.0-rc1/flink-core/mvn_dependencies/mockito-core-2.21.0.jar
SOOT_FACT_GEN: Adding archive: /u/q8liang/Benchmarks/flink-release-1.13.0-rc1/flink-core/mvn_dependencies/objenesis-2.1.jar
SOOT_FACT_GEN: Adding archive: /u/q8liang/Benchmarks/flink-release-1.13.0-rc1/flink-core/mvn_dependencies/powermock-api-mockito2-2.0.4.jar
SOOT_FACT_GEN: Adding archive: /u/q8liang/Benchmarks/flink-release-1.13.0-rc1/flink-core/mvn_dependencies/powermock-api-support-2.0.4.jar
SOOT_FACT_GEN: Adding archive: /u/q8liang/Benchmarks/flink-release-1.13.0-rc1/flink-core/mvn_dependencies/powermock-core-2.0.4.jar
SOOT_FACT_GEN: Adding archive: /u/q8liang/Benchmarks/flink-release-1.13.0-rc1/flink-core/mvn_dependencies/powermock-module-junit4-2.0.4.jar
SOOT_FACT_GEN: Adding archive: /u/q8liang/Benchmarks/flink-release-1.13.0-rc1/flink-core/mvn_dependencies/powermock-module-junit4-common-2.0.4.jar
SOOT_FACT_GEN: Adding archive: /u/q8liang/Benchmarks/flink-release-1.13.0-rc1/flink-core/mvn_dependencies/powermock-reflect-2.0.4.jar
SOOT_FACT_GEN: Adding archive: /u/q8liang/Benchmarks/flink-release-1.13.0-rc1/flink-core/mvn_dependencies/slf4j-api-1.7.15.jar
SOOT_FACT_GEN: Adding archive: /u/q8liang/Benchmarks/flink-release-1.13.0-rc1/flink-core/mvn_dependencies/zstd-jni-1.4.9-1.jar
SOOT_FACT_GEN: Adding archive for resolving: /u/q8liang/doop/build/tmp/rt_2854397516341920998.jar
SOOT_FACT_GEN: Adding archive for resolving: /u/q8liang/doop/build/tmp/jce_7851659529807804465.jar
SOOT_FACT_GEN: Adding archive for resolving: /u/q8liang/doop/build/tmp/jsse_8033310890790333685.jar
SOOT_FACT_GEN: Classes in input (application) jar(s): 12284
SOOT_FACT_GEN: Total classes in Scene: 20318
SOOT_FACT_GEN: Retrieved all bodies (time: 84)
SOOT_FACT_GEN: Fact generation cores: 32
SOOT_FACT_GEN: WARNING: some classes were not resolved, consider using thorough fact generation or adding them manually via --also-resolve: [com.sun.beans.editors.BooleanEditor, com.sun.java.util.jar.pack.UnpackerImpl, com.sun.beans.editors.LongEditor, java.lang.Integer[], java.lang.String[], org.apache.flink.api.java.typeutils.runtime.MultidimensionalArraySerializerTest$MyGenericPojo[], com.sun.beans.editors.FloatEditor, java.beans.Customizer, javax.sound.sampled.Port, java.awt.dnd.MouseDragGestureRecognizer, int[], com.sun.management.GarbageCollectorMXBean, org.apache.flink.api.java.typeutils.runtime.MultidimensionalArraySerializerTest$MyPojo[], com.sun.beans.editors.ShortEditor, java.util.concurrent.ConcurrentSkipListMap, com.sun.tools.javac.processing.JavacFiler, sun.util.locale.provider.HostLocaleProviderAdapterImpl, com.sun.java.util.jar.pack.PackerImpl, com.sun.beans.editors.DoubleEditor, com.sun.beans.editors.ByteEditor, com.sun.beans.editors.IntegerEditor, java.util.concurrent.ConcurrentNavigableMap]
SOOT_FACT_GEN: Found 1464 phantom references. Rerun with '--report-phantoms' for more details.
SOOT_FACT_GEN: Methods without active bodies encountered (and reset): 0
Soot fact generation time: 142
Caching facts in /u/q8liang/doop/cache/88b2d0593f28d3518492ba92747c29766e55f6cfb6b2d918cd326724a70ed683
Copying /u/q8liang/doop/out/flink-core-mock-counts-NORMAL/database to /u/q8liang/doop/cache/88b2d0593f28d3518492ba92747c29766e55f6cfb6b2d918cd326724a70ed683...
----
[Task FACTS Done]
Using /usr/bin/time to gather performance statistics...
Running analysis
Runtime info monitored in /u/q8liang/doop/out/flink-core-mock-counts-NORMAL/monitoring.txt (& /u/q8liang/doop/out/flink-core-mock-counts-NORMAL/monitoring.latest.txt)
1244.89user 52.32system 21:47.59elapsed 99%CPU (0avgtext+0avgdata 7454628maxresident)k
6088inputs+37685400outputs (4major+22795503minor)pagefaults 0swaps
Analysis execution time (sec): 1307
-- Runtime metrics --
analysis compilation time (sec)                                                  0
analysis execution time (sec)                                                    1,307
disk footprint (KB)                                                              21,574,074
fact generation time (sec)                                                       142
-- Statistics --
var points-to (INS)                                                              24,854,944
var points-to (SENS)                                                             24,854,944
reachable variables (INS)                                                        217,071
reachable variables (SENS)                                                       217,071
reachable methods (INS)                                                          25,472
reachable methods (SENS)                                                         25,472
total methods                                                                    167,567
virtual call sites (statically)                                                  318,196
reachable virtual call sites                                                     59,702
polymorphic virtual call sites                                                   5,014
null virtual call sites                                                          13,050
empty virtual call sites                                                         1,982
app virtual call sites (statically)                                              174,690
app reachable virtual call sites                                                 30,803
app polymorphic virtual call sites                                               2,826
app null virtual call sites                                                      6,121
app empty reachable virtual call sites                                           1,014
array index points-to (INS)                                                      407,226
array index points-to (SENS)                                                     407,226
casts (statically)                                                               44,507
reachable casts                                                                  4,688
reachable casts that may fail                                                    3,987
app casts (statically)                                                           22,682
app reachable casts                                                              2,547
app reachable casts that may fail                                                2,286
app reachable methods                                                            12,186
app concrete methods                                                             87,634
instance field points-to (INS)                                                   1,880,553
instance field points-to (SENS)                                                  1,880,553
static field points-to (INS)                                                     6,648
static field points-to (SENS)                                                    6,648
app var points-to (INS)                                                          12,445,246
app var points-to (SENS)                                                         12,445,246
java.util var points-to (INS)                                                    6,364,826
java.util var points-to (SENS)                                                   6,364,826
app array index points-to (INS)                                                  233,695
app array index points-to (SENS)                                                 233,695
Mock Objects                                                                     0
app instance field points-to (INS)                                               1,026,452
app instance field points-to (SENS)                                              1,026,452
call graph edges (INS)                                                           183,610
call graph edges (SENS)                                                          183,610
non-reachable app concrete methods                                               75,459
Making database available at /u/q8liang/doop/results/flink-core-1.13.0/context-insensitive/java_8/flink-core-mock-counts-NORMAL
Making database available at /u/q8liang/doop/last-analysis

Deprecated Gradle features were used in this build, making it incompatible with Gradle 7.0.
Use '--warning-mode all' to show the individual deprecation warnings.
See https://docs.gradle.org/6.7/userguide/command_line_interface.html#sec:command_line_warnings

BUILD SUCCESSFUL in 24m 29s
21 actionable tasks: 2 executed, 19 up-to-date
