> Task :generators:code-processor:generateGrammarSource UP-TO-DATE
> Task :generators:code-processor:compileJava UP-TO-DATE
> Task :generators:code-processor:compileGroovy UP-TO-DATE
> Task :generators:code-processor:processResources NO-SOURCE
> Task :generators:code-processor:classes UP-TO-DATE
> Task :generators:code-processor:jar UP-TO-DATE
> Task :generators:fact-generator-common:compileJava UP-TO-DATE
> Task :generators:fact-generator-common:processResources NO-SOURCE
> Task :generators:fact-generator-common:classes UP-TO-DATE
> Task :generators:fact-generator-common:shadowJar UP-TO-DATE
> Task :compileJava UP-TO-DATE
> Task :compileGroovy UP-TO-DATE
> Task :resolveApktool
> Task :generators:dex-fact-generator:compileJava UP-TO-DATE
> Task :generators:dex-fact-generator:processResources NO-SOURCE
> Task :generators:dex-fact-generator:classes UP-TO-DATE
> Task :generators:dex-fact-generator:fatJar UP-TO-DATE
> Task :generators:dex-fact-generator:installJar UP-TO-DATE
> Task :generators:soot-fact-generator:compileJava UP-TO-DATE
> Task :generators:soot-fact-generator:compileGroovy NO-SOURCE
> Task :generators:soot-fact-generator:processResources NO-SOURCE
> Task :generators:soot-fact-generator:classes UP-TO-DATE
> Task :generators:soot-fact-generator:fatJar UP-TO-DATE
> Task :generators:soot-fact-generator:installJar UP-TO-DATE
> Task :generators:wala-fact-generator:compileJava UP-TO-DATE
> Task :generators:wala-fact-generator:processResources UP-TO-DATE
> Task :generators:wala-fact-generator:classes UP-TO-DATE
> Task :generators:wala-fact-generator:fatJar UP-TO-DATE
> Task :generators:wala-fact-generator:installJar UP-TO-DATE
> Task :resourceInstaller
> Task :processResources UP-TO-DATE
> Task :classes UP-TO-DATE
> Task :writeGitCommitHash UP-TO-DATE

> Task :run
WARNING: Default statistics are not compatible with analysis 'basic-only', disabling statistics logic.
Main class(es) expanded with [org.apache.maven.RootDriver]
WARNING: Handling of Java reflection is disabled!
New basic-only analysis
Id       : maven-core-basic-no-mock
Inputs   : /u/q8liang/Benchmarks/maven-maven-3.8.1/maven-core/target/maven-core-3.8.1.jar, /u/q8liang/Benchmarks/maven-maven-3.8.1/maven-core/target/maven-core-3.8.1-tests.jar, /u/q8liang/Benchmarks/maven-maven-3.8.1/maven-core/mvn_dependencies/animal-sniffer-annotations-1.14.jar, /u/q8liang/Benchmarks/maven-maven-3.8.1/maven-core/mvn_dependencies/aopalliance-1.0.jar, /u/q8liang/Benchmarks/maven-maven-3.8.1/maven-core/mvn_dependencies/byte-buddy-1.8.15.jar, /u/q8liang/Benchmarks/maven-maven-3.8.1/maven-core/mvn_dependencies/byte-buddy-agent-1.8.15.jar, /u/q8liang/Benchmarks/maven-maven-3.8.1/maven-core/mvn_dependencies/cdi-api-1.0.jar, /u/q8liang/Benchmarks/maven-maven-3.8.1/maven-core/mvn_dependencies/checker-compat-qual-2.0.0.jar, /u/q8liang/Benchmarks/maven-maven-3.8.1/maven-core/mvn_dependencies/commons-io-2.5.jar, /u/q8liang/Benchmarks/maven-maven-3.8.1/maven-core/mvn_dependencies/commons-jxpath-1.3.jar, /u/q8liang/Benchmarks/maven-maven-3.8.1/maven-core/mvn_dependencies/commons-lang3-3.8.1.jar, /u/q8liang/Benchmarks/maven-maven-3.8.1/maven-core/mvn_dependencies/error_prone_annotations-2.1.3.jar, /u/q8liang/Benchmarks/maven-maven-3.8.1/maven-core/mvn_dependencies/guava-25.1-android.jar, /u/q8liang/Benchmarks/maven-maven-3.8.1/maven-core/mvn_dependencies/guice-4.2.1-no_aop.jar, /u/q8liang/Benchmarks/maven-maven-3.8.1/maven-core/mvn_dependencies/hamcrest-core-1.3.jar, /u/q8liang/Benchmarks/maven-maven-3.8.1/maven-core/mvn_dependencies/hamcrest-library-1.3.jar, /u/q8liang/Benchmarks/maven-maven-3.8.1/maven-core/mvn_dependencies/j2objc-annotations-1.1.jar, /u/q8liang/Benchmarks/maven-maven-3.8.1/maven-core/mvn_dependencies/javax.inject-1.jar, /u/q8liang/Benchmarks/maven-maven-3.8.1/maven-core/mvn_dependencies/jsr250-api-1.0.jar, /u/q8liang/Benchmarks/maven-maven-3.8.1/maven-core/mvn_dependencies/jsr305-3.0.2.jar, /u/q8liang/Benchmarks/maven-maven-3.8.1/maven-core/mvn_dependencies/junit-4.12.jar, /u/q8liang/Benchmarks/maven-maven-3.8.1/maven-core/mvn_dependencies/maven-artifact-3.8.1.jar, /u/q8liang/Benchmarks/maven-maven-3.8.1/maven-core/mvn_dependencies/maven-builder-support-3.8.1.jar, /u/q8liang/Benchmarks/maven-maven-3.8.1/maven-core/mvn_dependencies/maven-model-3.8.1.jar, /u/q8liang/Benchmarks/maven-maven-3.8.1/maven-core/mvn_dependencies/maven-model-builder-3.8.1.jar, /u/q8liang/Benchmarks/maven-maven-3.8.1/maven-core/mvn_dependencies/maven-plugin-api-3.8.1.jar, /u/q8liang/Benchmarks/maven-maven-3.8.1/maven-core/mvn_dependencies/maven-repository-metadata-3.8.1.jar, /u/q8liang/Benchmarks/maven-maven-3.8.1/maven-core/mvn_dependencies/maven-resolver-api-1.6.2.jar, /u/q8liang/Benchmarks/maven-maven-3.8.1/maven-core/mvn_dependencies/maven-resolver-impl-1.6.2.jar, /u/q8liang/Benchmarks/maven-maven-3.8.1/maven-core/mvn_dependencies/maven-resolver-provider-3.8.1.jar, /u/q8liang/Benchmarks/maven-maven-3.8.1/maven-core/mvn_dependencies/maven-resolver-spi-1.6.2.jar, /u/q8liang/Benchmarks/maven-maven-3.8.1/maven-core/mvn_dependencies/maven-resolver-util-1.6.2.jar, /u/q8liang/Benchmarks/maven-maven-3.8.1/maven-core/mvn_dependencies/maven-settings-3.8.1.jar, /u/q8liang/Benchmarks/maven-maven-3.8.1/maven-core/mvn_dependencies/maven-settings-builder-3.8.1.jar, /u/q8liang/Benchmarks/maven-maven-3.8.1/maven-core/mvn_dependencies/maven-shared-utils-3.2.1.jar, /u/q8liang/Benchmarks/maven-maven-3.8.1/maven-core/mvn_dependencies/mockito-core-2.21.0.jar, /u/q8liang/Benchmarks/maven-maven-3.8.1/maven-core/mvn_dependencies/objenesis-2.6.jar, /u/q8liang/Benchmarks/maven-maven-3.8.1/maven-core/mvn_dependencies/org.eclipse.sisu.inject-0.3.4.jar, /u/q8liang/Benchmarks/maven-maven-3.8.1/maven-core/mvn_dependencies/org.eclipse.sisu.plexus-0.3.4.jar, /u/q8liang/Benchmarks/maven-maven-3.8.1/maven-core/mvn_dependencies/plexus-cipher-1.7.jar, /u/q8liang/Benchmarks/maven-maven-3.8.1/maven-core/mvn_dependencies/plexus-classworlds-2.6.0.jar, /u/q8liang/Benchmarks/maven-maven-3.8.1/maven-core/mvn_dependencies/plexus-component-annotations-2.1.0.jar, /u/q8liang/Benchmarks/maven-maven-3.8.1/maven-core/mvn_dependencies/plexus-interpolation-1.25.jar, /u/q8liang/Benchmarks/maven-maven-3.8.1/maven-core/mvn_dependencies/plexus-sec-dispatcher-1.4.jar, /u/q8liang/Benchmarks/maven-maven-3.8.1/maven-core/mvn_dependencies/plexus-utils-3.2.1.jar, /u/q8liang/Benchmarks/maven-maven-3.8.1/maven-core/mvn_dependencies/slf4j-api-1.7.29.jar
Libraries: 
Using a timeout of 90 min.
[Task COMPILE...]
[Task FACTS...]
-- Fact Generation --
Using cached analysis executable /u/q8liang/doop/cache/souffle-analyses/basic-only/f6778ed67859e9af67d88c957ff4ef455b0d02af29b04c1dec7023db32f32dcd
[Task COMPILE Done]
SOOT_FACT_GEN: Logging initialized, using directory: /u/q8liang/doop/build/logs
SOOT_FACT_GEN: SLF4J: Failed to load class "org.slf4j.impl.StaticLoggerBinder".
SOOT_FACT_GEN: SLF4J: Defaulting to no-operation (NOP) logger implementation
SOOT_FACT_GEN: SLF4J: See http://www.slf4j.org/codes.html#StaticLoggerBinder for further details.
SOOT_FACT_GEN: Preprocessing application: /u/q8liang/Benchmarks/maven-maven-3.8.1/maven-core/target/maven-core-3.8.1.jar
SOOT_FACT_GEN: Preprocessing application: /u/q8liang/Benchmarks/maven-maven-3.8.1/maven-core/target/maven-core-3.8.1-tests.jar
SOOT_FACT_GEN: Preprocessing application: /u/q8liang/Benchmarks/maven-maven-3.8.1/maven-core/mvn_dependencies/animal-sniffer-annotations-1.14.jar
SOOT_FACT_GEN: Preprocessing application: /u/q8liang/Benchmarks/maven-maven-3.8.1/maven-core/mvn_dependencies/aopalliance-1.0.jar
SOOT_FACT_GEN: Preprocessing application: /u/q8liang/Benchmarks/maven-maven-3.8.1/maven-core/mvn_dependencies/byte-buddy-1.8.15.jar
SOOT_FACT_GEN: Preprocessing application: /u/q8liang/Benchmarks/maven-maven-3.8.1/maven-core/mvn_dependencies/byte-buddy-agent-1.8.15.jar
SOOT_FACT_GEN: Preprocessing application: /u/q8liang/Benchmarks/maven-maven-3.8.1/maven-core/mvn_dependencies/cdi-api-1.0.jar
SOOT_FACT_GEN: Preprocessing application: /u/q8liang/Benchmarks/maven-maven-3.8.1/maven-core/mvn_dependencies/checker-compat-qual-2.0.0.jar
SOOT_FACT_GEN: Preprocessing application: /u/q8liang/Benchmarks/maven-maven-3.8.1/maven-core/mvn_dependencies/commons-io-2.5.jar
SOOT_FACT_GEN: Preprocessing application: /u/q8liang/Benchmarks/maven-maven-3.8.1/maven-core/mvn_dependencies/commons-jxpath-1.3.jar
SOOT_FACT_GEN: Preprocessing application: /u/q8liang/Benchmarks/maven-maven-3.8.1/maven-core/mvn_dependencies/commons-lang3-3.8.1.jar
SOOT_FACT_GEN: Preprocessing application: /u/q8liang/Benchmarks/maven-maven-3.8.1/maven-core/mvn_dependencies/error_prone_annotations-2.1.3.jar
SOOT_FACT_GEN: Preprocessing application: /u/q8liang/Benchmarks/maven-maven-3.8.1/maven-core/mvn_dependencies/guava-25.1-android.jar
SOOT_FACT_GEN: Preprocessing application: /u/q8liang/Benchmarks/maven-maven-3.8.1/maven-core/mvn_dependencies/guice-4.2.1-no_aop.jar
SOOT_FACT_GEN: Preprocessing application: /u/q8liang/Benchmarks/maven-maven-3.8.1/maven-core/mvn_dependencies/hamcrest-core-1.3.jar
SOOT_FACT_GEN: Preprocessing application: /u/q8liang/Benchmarks/maven-maven-3.8.1/maven-core/mvn_dependencies/hamcrest-library-1.3.jar
SOOT_FACT_GEN: Preprocessing application: /u/q8liang/Benchmarks/maven-maven-3.8.1/maven-core/mvn_dependencies/j2objc-annotations-1.1.jar
SOOT_FACT_GEN: Preprocessing application: /u/q8liang/Benchmarks/maven-maven-3.8.1/maven-core/mvn_dependencies/javax.inject-1.jar
SOOT_FACT_GEN: Preprocessing application: /u/q8liang/Benchmarks/maven-maven-3.8.1/maven-core/mvn_dependencies/jsr250-api-1.0.jar
SOOT_FACT_GEN: Preprocessing application: /u/q8liang/Benchmarks/maven-maven-3.8.1/maven-core/mvn_dependencies/jsr305-3.0.2.jar
SOOT_FACT_GEN: Preprocessing application: /u/q8liang/Benchmarks/maven-maven-3.8.1/maven-core/mvn_dependencies/junit-4.12.jar
SOOT_FACT_GEN: Preprocessing application: /u/q8liang/Benchmarks/maven-maven-3.8.1/maven-core/mvn_dependencies/maven-artifact-3.8.1.jar
SOOT_FACT_GEN: Preprocessing application: /u/q8liang/Benchmarks/maven-maven-3.8.1/maven-core/mvn_dependencies/maven-builder-support-3.8.1.jar
SOOT_FACT_GEN: Preprocessing application: /u/q8liang/Benchmarks/maven-maven-3.8.1/maven-core/mvn_dependencies/maven-model-3.8.1.jar
SOOT_FACT_GEN: Preprocessing application: /u/q8liang/Benchmarks/maven-maven-3.8.1/maven-core/mvn_dependencies/maven-model-builder-3.8.1.jar
SOOT_FACT_GEN: Preprocessing application: /u/q8liang/Benchmarks/maven-maven-3.8.1/maven-core/mvn_dependencies/maven-plugin-api-3.8.1.jar
SOOT_FACT_GEN: Preprocessing application: /u/q8liang/Benchmarks/maven-maven-3.8.1/maven-core/mvn_dependencies/maven-repository-metadata-3.8.1.jar
SOOT_FACT_GEN: Preprocessing application: /u/q8liang/Benchmarks/maven-maven-3.8.1/maven-core/mvn_dependencies/maven-resolver-api-1.6.2.jar
SOOT_FACT_GEN: Preprocessing application: /u/q8liang/Benchmarks/maven-maven-3.8.1/maven-core/mvn_dependencies/maven-resolver-impl-1.6.2.jar
SOOT_FACT_GEN: Preprocessing application: /u/q8liang/Benchmarks/maven-maven-3.8.1/maven-core/mvn_dependencies/maven-resolver-provider-3.8.1.jar
SOOT_FACT_GEN: Preprocessing application: /u/q8liang/Benchmarks/maven-maven-3.8.1/maven-core/mvn_dependencies/maven-resolver-spi-1.6.2.jar
SOOT_FACT_GEN: Preprocessing application: /u/q8liang/Benchmarks/maven-maven-3.8.1/maven-core/mvn_dependencies/maven-resolver-util-1.6.2.jar
SOOT_FACT_GEN: Preprocessing application: /u/q8liang/Benchmarks/maven-maven-3.8.1/maven-core/mvn_dependencies/maven-settings-3.8.1.jar
SOOT_FACT_GEN: Preprocessing application: /u/q8liang/Benchmarks/maven-maven-3.8.1/maven-core/mvn_dependencies/maven-settings-builder-3.8.1.jar
SOOT_FACT_GEN: Preprocessing application: /u/q8liang/Benchmarks/maven-maven-3.8.1/maven-core/mvn_dependencies/maven-shared-utils-3.2.1.jar
SOOT_FACT_GEN: Preprocessing application: /u/q8liang/Benchmarks/maven-maven-3.8.1/maven-core/mvn_dependencies/mockito-core-2.21.0.jar
SOOT_FACT_GEN: Preprocessing application: /u/q8liang/Benchmarks/maven-maven-3.8.1/maven-core/mvn_dependencies/objenesis-2.6.jar
SOOT_FACT_GEN: Preprocessing application: /u/q8liang/Benchmarks/maven-maven-3.8.1/maven-core/mvn_dependencies/org.eclipse.sisu.inject-0.3.4.jar
SOOT_FACT_GEN: Preprocessing application: /u/q8liang/Benchmarks/maven-maven-3.8.1/maven-core/mvn_dependencies/org.eclipse.sisu.plexus-0.3.4.jar
SOOT_FACT_GEN: Preprocessing application: /u/q8liang/Benchmarks/maven-maven-3.8.1/maven-core/mvn_dependencies/plexus-cipher-1.7.jar
SOOT_FACT_GEN: Preprocessing application: /u/q8liang/Benchmarks/maven-maven-3.8.1/maven-core/mvn_dependencies/plexus-classworlds-2.6.0.jar
SOOT_FACT_GEN: Preprocessing application: /u/q8liang/Benchmarks/maven-maven-3.8.1/maven-core/mvn_dependencies/plexus-component-annotations-2.1.0.jar
SOOT_FACT_GEN: Preprocessing application: /u/q8liang/Benchmarks/maven-maven-3.8.1/maven-core/mvn_dependencies/plexus-interpolation-1.25.jar
SOOT_FACT_GEN: Preprocessing application: /u/q8liang/Benchmarks/maven-maven-3.8.1/maven-core/mvn_dependencies/plexus-sec-dispatcher-1.4.jar
SOOT_FACT_GEN: Preprocessing application: /u/q8liang/Benchmarks/maven-maven-3.8.1/maven-core/mvn_dependencies/plexus-utils-3.2.1.jar
SOOT_FACT_GEN: Preprocessing application: /u/q8liang/Benchmarks/maven-maven-3.8.1/maven-core/mvn_dependencies/slf4j-api-1.7.29.jar
SOOT_FACT_GEN: Preprocessing platform library: /u/q8liang/doop/build/tmp/rt_4822989418586235869.jar
SOOT_FACT_GEN: Preprocessing platform library: /u/q8liang/doop/build/tmp/jce_1575898626268889198.jar
SOOT_FACT_GEN: Preprocessing platform library: /u/q8liang/doop/build/tmp/jsse_6324179901474079521.jar
SOOT_FACT_GEN: Adding archive: /u/q8liang/Benchmarks/maven-maven-3.8.1/maven-core/target/maven-core-3.8.1.jar
SOOT_FACT_GEN: Adding archive: /u/q8liang/Benchmarks/maven-maven-3.8.1/maven-core/target/maven-core-3.8.1-tests.jar
SOOT_FACT_GEN: Adding archive: /u/q8liang/Benchmarks/maven-maven-3.8.1/maven-core/mvn_dependencies/animal-sniffer-annotations-1.14.jar
SOOT_FACT_GEN: Adding archive: /u/q8liang/Benchmarks/maven-maven-3.8.1/maven-core/mvn_dependencies/aopalliance-1.0.jar
SOOT_FACT_GEN: Adding archive: /u/q8liang/Benchmarks/maven-maven-3.8.1/maven-core/mvn_dependencies/byte-buddy-1.8.15.jar
SOOT_FACT_GEN: Adding archive: /u/q8liang/Benchmarks/maven-maven-3.8.1/maven-core/mvn_dependencies/byte-buddy-agent-1.8.15.jar
SOOT_FACT_GEN: Adding archive: /u/q8liang/Benchmarks/maven-maven-3.8.1/maven-core/mvn_dependencies/cdi-api-1.0.jar
SOOT_FACT_GEN: Adding archive: /u/q8liang/Benchmarks/maven-maven-3.8.1/maven-core/mvn_dependencies/checker-compat-qual-2.0.0.jar
SOOT_FACT_GEN: Adding archive: /u/q8liang/Benchmarks/maven-maven-3.8.1/maven-core/mvn_dependencies/commons-io-2.5.jar
SOOT_FACT_GEN: Adding archive: /u/q8liang/Benchmarks/maven-maven-3.8.1/maven-core/mvn_dependencies/commons-jxpath-1.3.jar
SOOT_FACT_GEN: Adding archive: /u/q8liang/Benchmarks/maven-maven-3.8.1/maven-core/mvn_dependencies/commons-lang3-3.8.1.jar
SOOT_FACT_GEN: Adding archive: /u/q8liang/Benchmarks/maven-maven-3.8.1/maven-core/mvn_dependencies/error_prone_annotations-2.1.3.jar
SOOT_FACT_GEN: Adding archive: /u/q8liang/Benchmarks/maven-maven-3.8.1/maven-core/mvn_dependencies/guava-25.1-android.jar
SOOT_FACT_GEN: Adding archive: /u/q8liang/Benchmarks/maven-maven-3.8.1/maven-core/mvn_dependencies/guice-4.2.1-no_aop.jar
SOOT_FACT_GEN: Adding archive: /u/q8liang/Benchmarks/maven-maven-3.8.1/maven-core/mvn_dependencies/hamcrest-core-1.3.jar
SOOT_FACT_GEN: Adding archive: /u/q8liang/Benchmarks/maven-maven-3.8.1/maven-core/mvn_dependencies/hamcrest-library-1.3.jar
SOOT_FACT_GEN: Adding archive: /u/q8liang/Benchmarks/maven-maven-3.8.1/maven-core/mvn_dependencies/j2objc-annotations-1.1.jar
SOOT_FACT_GEN: Adding archive: /u/q8liang/Benchmarks/maven-maven-3.8.1/maven-core/mvn_dependencies/javax.inject-1.jar
SOOT_FACT_GEN: Adding archive: /u/q8liang/Benchmarks/maven-maven-3.8.1/maven-core/mvn_dependencies/jsr250-api-1.0.jar
SOOT_FACT_GEN: Adding archive: /u/q8liang/Benchmarks/maven-maven-3.8.1/maven-core/mvn_dependencies/jsr305-3.0.2.jar
SOOT_FACT_GEN: Adding archive: /u/q8liang/Benchmarks/maven-maven-3.8.1/maven-core/mvn_dependencies/junit-4.12.jar
SOOT_FACT_GEN: Adding archive: /u/q8liang/Benchmarks/maven-maven-3.8.1/maven-core/mvn_dependencies/maven-artifact-3.8.1.jar
SOOT_FACT_GEN: Adding archive: /u/q8liang/Benchmarks/maven-maven-3.8.1/maven-core/mvn_dependencies/maven-builder-support-3.8.1.jar
SOOT_FACT_GEN: Adding archive: /u/q8liang/Benchmarks/maven-maven-3.8.1/maven-core/mvn_dependencies/maven-model-3.8.1.jar
SOOT_FACT_GEN: Adding archive: /u/q8liang/Benchmarks/maven-maven-3.8.1/maven-core/mvn_dependencies/maven-model-builder-3.8.1.jar
SOOT_FACT_GEN: Adding archive: /u/q8liang/Benchmarks/maven-maven-3.8.1/maven-core/mvn_dependencies/maven-plugin-api-3.8.1.jar
SOOT_FACT_GEN: Adding archive: /u/q8liang/Benchmarks/maven-maven-3.8.1/maven-core/mvn_dependencies/maven-repository-metadata-3.8.1.jar
SOOT_FACT_GEN: Adding archive: /u/q8liang/Benchmarks/maven-maven-3.8.1/maven-core/mvn_dependencies/maven-resolver-api-1.6.2.jar
SOOT_FACT_GEN: Adding archive: /u/q8liang/Benchmarks/maven-maven-3.8.1/maven-core/mvn_dependencies/maven-resolver-impl-1.6.2.jar
SOOT_FACT_GEN: Adding archive: /u/q8liang/Benchmarks/maven-maven-3.8.1/maven-core/mvn_dependencies/maven-resolver-provider-3.8.1.jar
SOOT_FACT_GEN: Adding archive: /u/q8liang/Benchmarks/maven-maven-3.8.1/maven-core/mvn_dependencies/maven-resolver-spi-1.6.2.jar
SOOT_FACT_GEN: Adding archive: /u/q8liang/Benchmarks/maven-maven-3.8.1/maven-core/mvn_dependencies/maven-resolver-util-1.6.2.jar
SOOT_FACT_GEN: Adding archive: /u/q8liang/Benchmarks/maven-maven-3.8.1/maven-core/mvn_dependencies/maven-settings-3.8.1.jar
SOOT_FACT_GEN: Adding archive: /u/q8liang/Benchmarks/maven-maven-3.8.1/maven-core/mvn_dependencies/maven-settings-builder-3.8.1.jar
SOOT_FACT_GEN: Adding archive: /u/q8liang/Benchmarks/maven-maven-3.8.1/maven-core/mvn_dependencies/maven-shared-utils-3.2.1.jar
SOOT_FACT_GEN: Adding archive: /u/q8liang/Benchmarks/maven-maven-3.8.1/maven-core/mvn_dependencies/mockito-core-2.21.0.jar
SOOT_FACT_GEN: Adding archive: /u/q8liang/Benchmarks/maven-maven-3.8.1/maven-core/mvn_dependencies/objenesis-2.6.jar
SOOT_FACT_GEN: Adding archive: /u/q8liang/Benchmarks/maven-maven-3.8.1/maven-core/mvn_dependencies/org.eclipse.sisu.inject-0.3.4.jar
SOOT_FACT_GEN: Adding archive: /u/q8liang/Benchmarks/maven-maven-3.8.1/maven-core/mvn_dependencies/org.eclipse.sisu.plexus-0.3.4.jar
SOOT_FACT_GEN: Adding archive: /u/q8liang/Benchmarks/maven-maven-3.8.1/maven-core/mvn_dependencies/plexus-cipher-1.7.jar
SOOT_FACT_GEN: Adding archive: /u/q8liang/Benchmarks/maven-maven-3.8.1/maven-core/mvn_dependencies/plexus-classworlds-2.6.0.jar
SOOT_FACT_GEN: Adding archive: /u/q8liang/Benchmarks/maven-maven-3.8.1/maven-core/mvn_dependencies/plexus-component-annotations-2.1.0.jar
SOOT_FACT_GEN: Adding archive: /u/q8liang/Benchmarks/maven-maven-3.8.1/maven-core/mvn_dependencies/plexus-interpolation-1.25.jar
SOOT_FACT_GEN: Adding archive: /u/q8liang/Benchmarks/maven-maven-3.8.1/maven-core/mvn_dependencies/plexus-sec-dispatcher-1.4.jar
SOOT_FACT_GEN: Adding archive: /u/q8liang/Benchmarks/maven-maven-3.8.1/maven-core/mvn_dependencies/plexus-utils-3.2.1.jar
SOOT_FACT_GEN: Adding archive: /u/q8liang/Benchmarks/maven-maven-3.8.1/maven-core/mvn_dependencies/slf4j-api-1.7.29.jar
SOOT_FACT_GEN: Adding archive for resolving: /u/q8liang/doop/build/tmp/rt_4822989418586235869.jar
SOOT_FACT_GEN: Adding archive for resolving: /u/q8liang/doop/build/tmp/jce_1575898626268889198.jar
SOOT_FACT_GEN: Adding archive for resolving: /u/q8liang/doop/build/tmp/jsse_6324179901474079521.jar
SOOT_FACT_GEN: Classes in input (application) jar(s): 8140
SOOT_FACT_GEN: Total classes in Scene: 15629
SOOT_FACT_GEN: Retrieved all bodies (time: 63)
SOOT_FACT_GEN: Fact generation cores: 32
SOOT_FACT_GEN: WARNING: some classes were not resolved, consider using thorough fact generation or adding them manually via --also-resolve: [java.beans.Customizer, javax.sound.sampled.Port, java.awt.dnd.MouseDragGestureRecognizer, com.sun.beans.editors.BooleanEditor, com.sun.management.GarbageCollectorMXBean, com.sun.beans.editors.LongEditor, com.sun.beans.editors.ShortEditor, sun.util.locale.provider.HostLocaleProviderAdapterImpl, com.sun.beans.editors.DoubleEditor, com.sun.beans.editors.ByteEditor, com.sun.beans.editors.FloatEditor, com.sun.beans.editors.IntegerEditor]
SOOT_FACT_GEN: Found 568 phantom references. Rerun with '--report-phantoms' for more details.
SOOT_FACT_GEN: Methods without active bodies encountered (and reset): 0
Soot fact generation time: 109
Caching facts in /u/q8liang/doop/cache/47c165ef3c3be5ca11efaa389203bd11d7597c82fc88cc7f0fca7343dd202fef
Copying /u/q8liang/doop/out/maven-core-basic-no-mock/database to /u/q8liang/doop/cache/47c165ef3c3be5ca11efaa389203bd11d7597c82fc88cc7f0fca7343dd202fef...
----
[Task FACTS Done]
Using /usr/bin/time to gather performance statistics...
Running analysis
Runtime info monitored in /u/q8liang/doop/out/maven-core-basic-no-mock/monitoring.txt (& /u/q8liang/doop/out/maven-core-basic-no-mock/monitoring.latest.txt)
971.36user 17.00system 16:28.46elapsed 99%CPU (0avgtext+0avgdata 2045732maxresident)k
0inputs+17178432outputs (0major+3421605minor)pagefaults 0swaps
Analysis execution time (sec): 988
-- Runtime metrics --
analysis compilation time (sec)                                                  0
analysis execution time (sec)                                                    988
disk footprint (KB)                                                              10,575,995
fact generation time (sec)                                                       109
Making database available at /u/q8liang/doop/results/maven-core-3.8.1/basic-only/java_8/maven-core-basic-no-mock
Making database available at /u/q8liang/doop/last-analysis

Deprecated Gradle features were used in this build, making it incompatible with Gradle 7.0.
Use '--warning-mode all' to show the individual deprecation warnings.
See https://docs.gradle.org/6.7/userguide/command_line_interface.html#sec:command_line_warnings

BUILD SUCCESSFUL in 18m 29s
21 actionable tasks: 2 executed, 19 up-to-date
