 ====================================== 
** CLASS org.apache.commons.collections4.iterators.FilterListIteratorTest
SootField: java.util.ArrayList fours
Mutated in SootMethod: void setUp()
Mutated in SootMethod: void tearDown()
 ====================================== 
** CLASS org.apache.commons.collections4.iterators.FilterListIteratorTest
SootField: org.apache.commons.collections4.Predicate oddPred
Mutated in SootMethod: void setUp()
Mutated in SootMethod: void tearDown()
 ====================================== 
** CLASS org.apache.commons.collections4.iterators.FilterListIteratorTest
SootField: java.util.ArrayList sixes
Mutated in SootMethod: void setUp()
Mutated in SootMethod: void tearDown()
 ====================================== 
** CLASS org.apache.commons.collections4.sequence.SequencesComparatorTest
SootField: int[] length
Mutated in SootMethod: void setUp()
Mutated in SootMethod: void tearDown()
 ====================================== 
** CLASS org.apache.commons.collections4.iterators.FilterListIteratorTest
SootField: java.util.ArrayList odds
Mutated in SootMethod: void setUp()
Mutated in SootMethod: void tearDown()
 ====================================== 
** CLASS org.apache.commons.collections4.iterators.FilterListIteratorTest
SootField: org.apache.commons.collections4.Predicate truePred
Mutated in SootMethod: void setUp()
Mutated in SootMethod: void tearDown()
 ====================================== 
** CLASS org.apache.commons.collections4.iterators.FilterListIteratorTest
SootField: org.apache.commons.collections4.Predicate evenPred
Mutated in SootMethod: void setUp()
Mutated in SootMethod: void tearDown()
 ====================================== 
** CLASS org.apache.commons.collections4.iterators.FilterListIteratorTest
SootField: java.util.ArrayList list
Mutated in SootMethod: void setUp()
Mutated in SootMethod: void tearDown()
 ====================================== 
** CLASS org.apache.commons.collections4.iterators.FilterListIteratorTest
SootField: org.apache.commons.collections4.Predicate falsePred
Mutated in SootMethod: void setUp()
Mutated in SootMethod: void tearDown()
 ====================================== 
** CLASS org.apache.commons.collections4.iterators.FilterListIteratorTest
SootField: org.apache.commons.collections4.Predicate fourPred
Mutated in SootMethod: void setUp()
Mutated in SootMethod: void tearDown()
 ====================================== 
** CLASS org.apache.commons.collections4.sequence.SequencesComparatorTest
SootField: java.util.List before
Mutated in SootMethod: void setUp()
Mutated in SootMethod: void tearDown()
 ====================================== 
** CLASS org.apache.commons.collections4.CollectionUtilsTest
SootField: java.util.List collectionB
Mutated in SootMethod: void collect()
Mutated in SootMethod: void setUp()
 ====================================== 
** CLASS org.apache.commons.collections4.iterators.FilterListIteratorTest
SootField: org.apache.commons.collections4.Predicate threePred
Mutated in SootMethod: void setUp()
Mutated in SootMethod: void tearDown()
 ====================================== 
** CLASS org.apache.commons.collections4.sequence.SequencesComparatorTest
SootField: java.util.List after
Mutated in SootMethod: void setUp()
Mutated in SootMethod: void tearDown()
 ====================================== 
** CLASS org.apache.commons.collections4.iterators.FilterListIteratorTest
SootField: java.util.ArrayList threes
Mutated in SootMethod: void setUp()
Mutated in SootMethod: void tearDown()
 ====================================== 
** CLASS org.apache.commons.collections4.iterators.FilterListIteratorTest
SootField: java.util.ArrayList evens
Mutated in SootMethod: void setUp()
Mutated in SootMethod: void tearDown()

