 ====================================== 
Benchmark 	 Total # of Fields Mutated in Test Cases / Total # of Fields
flink_flink_core_1.13.0_rc1	 8 / 2675
 
 Detailed Information: 
 ====================================== 
** CLASS org.apache.flink.api.common.io.FileOutputFormatTest$DummyFileOutputFormat
SootField: boolean testFileName
Mutated in SootMethod: void testCreateNonParallelLocalFS()
 ====================================== 
** CLASS org.apache.flink.api.java.tuple.Tuple3
SootField: java.lang.Object f0
Mutated in SootMethod: void testPojoExtendingTuple()
 ====================================== 
** CLASS org.apache.flink.api.java.typeutils.runtime.RowSerializerTest$MyPojo
SootField: java.lang.String name
Mutated in SootMethod: void testRowSerializerWithComplexTypes()
 ====================================== 
** CLASS org.apache.flink.api.java.tuple.Tuple3
SootField: java.lang.Object f1
Mutated in SootMethod: void testPojoExtendingTuple()
 ====================================== 
** CLASS org.apache.flink.types.parser.VarLengthStringParserTest
SootField: org.apache.flink.types.parser.StringValueParser parser
Mutated in SootMethod: void testParseInvalidQuotedStrings()
Mutated in SootMethod: void testParseValidMixedStringsWithCharset()
Mutated in SootMethod: void testParseValidQuotedStrings()
Mutated in SootMethod: void testParseValidMixedStrings()
Mutated in SootMethod: void testParseValidUnquotedStrings()
 ====================================== 
** CLASS org.apache.flink.api.java.typeutils.runtime.LegacyRowSerializerTest$MyPojo
SootField: java.lang.String name
Mutated in SootMethod: void testRowSerializerWithComplexTypes()
 ====================================== 
** CLASS org.apache.flink.api.java.tuple.Tuple3
SootField: java.lang.Object f2
Mutated in SootMethod: void testPojoExtendingTuple()
 ====================================== 
** CLASS org.apache.flink.api.java.typeutils.PojoTypeExtractionTest$WC
SootField: org.apache.flink.api.java.typeutils.PojoTypeExtractionTest$ComplexNestedClass complex
Mutated in SootMethod: void testPojoWC()

