 ====================================== 
Benchmark 	 Total # of Fields Mutated in Test Cases / Total # of Fields
vraptor_vraptor_core_3.5.5	 10 / 1193
 
 Detailed Information: 
 ====================================== 
** CLASS br.com.caelum.vraptor.serialization.xstream.XStreamJSONSerializationTest$Client
SootField: java.lang.String name
Mutated in SootMethod: void shouldRunHibernateLazyInitialization()
 ====================================== 
** CLASS br.com.caelum.vraptor.serialization.xstream.XStreamJSONSerializationTest$WithAdvanced
SootField: br.com.caelum.vraptor.serialization.xstream.XStreamJSONSerializationTest$AdvancedOrder order
Mutated in SootMethod: void shouldExcludeNonPrimitiveParentFields()
 ====================================== 
** CLASS br.com.caelum.vraptor.serialization.gson.GsonJSONSerializationTest$WithAdvanced
SootField: br.com.caelum.vraptor.serialization.gson.GsonJSONSerializationTest$AdvancedOrder order
Mutated in SootMethod: void shouldExcludeNonPrimitiveParentFields()
 ====================================== 
** CLASS br.com.caelum.vraptor.http.route.RouteBuilderTest
SootField: br.com.caelum.vraptor.http.route.RouteBuilder builder
Mutated in SootMethod: void usingRegexesWithCurlyBracesNotOnTheEndAndOtherVar()
Mutated in SootMethod: void usePatternMatchinForPrimitiveParameters()
Mutated in SootMethod: void usingRegexesWithCurlyBracesNotOnTheEnd()
Mutated in SootMethod: void usingRegexesWithAsterisksAtTheEnd()
Mutated in SootMethod: void usingRegexesWithCurlyBraces()
Mutated in SootMethod: void shouldUseGenericParameters()
Mutated in SootMethod: void usePatternMatchingForRegexParameters()
Mutated in SootMethod: void fillingUriForPrimitiveParameters()
Mutated in SootMethod: void usingRegexesWithCurlyBracesNotOnTheEndAndOtherVarAndManyOtherThings()
Mutated in SootMethod: void shouldSupportPathsWithDotsAndAsterisks()
 ====================================== 
** CLASS br.com.caelum.vraptor.serialization.gson.GsonJSONSerializationTest$Client
SootField: java.util.Calendar included
Mutated in SootMethod: void shouldSerializeCalendarLikeXstream()
Mutated in SootMethod: void shouldSerializeCalendarLikeISO8601()
 ====================================== 
** CLASS br.com.caelum.vraptor.util.extjs.Data
SootField: java.lang.String test
Mutated in SootMethod: void shouldExcludeFieldsOnData()
Mutated in SootMethod: void shouldExcludeWithListsOfData()
Mutated in SootMethod: void shouldSerializeWithListsOfData()
Mutated in SootMethod: void shouldSerializeWithData()
 ====================================== 
** CLASS br.com.caelum.vraptor.deserialization.gson.GsonDeserializerTest
SootField: br.com.caelum.vraptor.deserialization.gson.GsonDeserialization deserializer
Mutated in SootMethod: void shouldBeAbleToDeserializeADogWithDeserializerAdapter()
Mutated in SootMethod: void shouldDeserializeADogWithCalendarAsISO8601Attribute()
 ====================================== 
** CLASS br.com.caelum.vraptor.validator.MethodValidatorTest
SootField: br.com.caelum.vraptor.validator.MethodValidatorInterceptor interceptor
Mutated in SootMethod: void shouldValidateMethodWithTwoConstraints()
Mutated in SootMethod: void shouldNotAcceptIfMethodHasConstraint()
Mutated in SootMethod: void shouldValidateMethodWithConstraint()
Mutated in SootMethod: void shouldAcceptIfMethodHasConstraint()
Mutated in SootMethod: void shouldUseDefaultLocale()
 ====================================== 
** CLASS br.com.caelum.vraptor.view.DefaultValidationViewsFactoryTest
SootField: br.com.caelum.vraptor.serialization.SerializerBuilder serializerBuilder
Mutated in SootMethod: void onSerializerResultsShouldBeAbleToCreateValidationInstancesEvenIfChildClassesUsesCovariantType()
Mutated in SootMethod: void onXMLSerializationResultShouldThrowExceptionOnlyOnSerializeMethod()
 ====================================== 
** CLASS br.com.caelum.vraptor.interceptor.multipart.CommonsUploadMultipartInterceptorTest
SootField: br.com.caelum.vraptor.interceptor.multipart.CommonsUploadMultipartInterceptor interceptor
Mutated in SootMethod: void shouldAcceptMultipart()
Mutated in SootMethod: void throwsInvalidParameterExceptionIfIOExceptionOccurs()
Mutated in SootMethod: void withFieldsOnly()
Mutated in SootMethod: void shouldNotAcceptFormURLEncoded()
Mutated in SootMethod: void checkIfFileHasBeenUploaded()
Mutated in SootMethod: void shouldCreateDirInsideAppIfTempDirAreNotAvailable()
Mutated in SootMethod: void withFieldsOnlyWithInvalidCharset()
Mutated in SootMethod: void shouldValidateWhenSizeLimitExceededExceptionOccurs()
Mutated in SootMethod: void emptyFiles()
Mutated in SootMethod: void fieldsWithSameName()
Mutated in SootMethod: void handleValidatorMessageWhenFileUploadExceptionOccurs()
Mutated in SootMethod: void doNothingWhenFileUploadExceptionOccurs()
Mutated in SootMethod: void withFilesAndFields()
Mutated in SootMethod: void multipleUpload()

