> Task :generators:code-processor:generateGrammarSource UP-TO-DATE
> Task :generators:code-processor:compileJava UP-TO-DATE
> Task :generators:code-processor:compileGroovy UP-TO-DATE
> Task :generators:code-processor:processResources NO-SOURCE
> Task :generators:code-processor:classes UP-TO-DATE
> Task :generators:code-processor:jar UP-TO-DATE
> Task :generators:fact-generator-common:compileJava UP-TO-DATE
> Task :generators:fact-generator-common:processResources NO-SOURCE
> Task :generators:fact-generator-common:classes UP-TO-DATE
> Task :generators:fact-generator-common:shadowJar UP-TO-DATE
> Task :compileJava UP-TO-DATE
> Task :compileGroovy UP-TO-DATE
> Task :resolveApktool
> Task :generators:dex-fact-generator:compileJava UP-TO-DATE
> Task :generators:dex-fact-generator:processResources NO-SOURCE
> Task :generators:dex-fact-generator:classes UP-TO-DATE
> Task :generators:dex-fact-generator:fatJar UP-TO-DATE
> Task :generators:dex-fact-generator:installJar UP-TO-DATE
> Task :generators:soot-fact-generator:compileJava UP-TO-DATE
> Task :generators:soot-fact-generator:compileGroovy NO-SOURCE
> Task :generators:soot-fact-generator:processResources NO-SOURCE
> Task :generators:soot-fact-generator:classes UP-TO-DATE
> Task :generators:soot-fact-generator:fatJar UP-TO-DATE
> Task :generators:soot-fact-generator:installJar UP-TO-DATE
> Task :generators:wala-fact-generator:compileJava UP-TO-DATE
> Task :generators:wala-fact-generator:processResources UP-TO-DATE
> Task :generators:wala-fact-generator:classes UP-TO-DATE
> Task :generators:wala-fact-generator:fatJar UP-TO-DATE
> Task :generators:wala-fact-generator:installJar UP-TO-DATE
> Task :resourceInstaller
> Task :processResources UP-TO-DATE
> Task :classes UP-TO-DATE
> Task :writeGitCommitHash UP-TO-DATE

> Task :run
WARNING: Default statistics are not compatible with analysis 'basic-only', disabling statistics logic.
Main class(es) expanded with [br.com.caelum.vraptor.RootDriver]
WARNING: Handling of Java reflection is disabled!
New basic-only analysis
Id       : vraptor-basic-NO_INTERPROC
Inputs   : /u/q8liang/Benchmarks/vraptor-vraptor-parent-3.5.5/vraptor-core/target/vraptor-3.5.5.jar, /u/q8liang/Benchmarks/vraptor-vraptor-parent-3.5.5/vraptor-core/target/vraptor-3.5.5-tests.jar, /u/q8liang/Benchmarks/vraptor-vraptor-parent-3.5.5/vraptor-core/mvn_dependencies/antlr-2.7.6.jar, /u/q8liang/Benchmarks/vraptor-vraptor-parent-3.5.5/vraptor-core/mvn_dependencies/aopalliance-1.0.jar, /u/q8liang/Benchmarks/vraptor-vraptor-parent-3.5.5/vraptor-core/mvn_dependencies/aspectjrt-1.6.9.jar, /u/q8liang/Benchmarks/vraptor-vraptor-parent-3.5.5/vraptor-core/mvn_dependencies/cdi-api-1.1.jar, /u/q8liang/Benchmarks/vraptor-vraptor-parent-3.5.5/vraptor-core/mvn_dependencies/classmate-0.8.0.jar, /u/q8liang/Benchmarks/vraptor-vraptor-parent-3.5.5/vraptor-core/mvn_dependencies/commons-collections-3.1.jar, /u/q8liang/Benchmarks/vraptor-vraptor-parent-3.5.5/vraptor-core/mvn_dependencies/commons-fileupload-1.3.jar, /u/q8liang/Benchmarks/vraptor-vraptor-parent-3.5.5/vraptor-core/mvn_dependencies/commons-io-2.2.jar, /u/q8liang/Benchmarks/vraptor-vraptor-parent-3.5.5/vraptor-core/mvn_dependencies/commons-logging-1.1.1.jar, /u/q8liang/Benchmarks/vraptor-vraptor-parent-3.5.5/vraptor-core/mvn_dependencies/dom4j-1.6.1.jar, /u/q8liang/Benchmarks/vraptor-vraptor-parent-3.5.5/vraptor-core/mvn_dependencies/ejb-api-3.0.jar, /u/q8liang/Benchmarks/vraptor-vraptor-parent-3.5.5/vraptor-core/mvn_dependencies/el-api-2.2.jar, /u/q8liang/Benchmarks/vraptor-vraptor-parent-3.5.5/vraptor-core/mvn_dependencies/gson-2.2.4.jar, /u/q8liang/Benchmarks/vraptor-vraptor-parent-3.5.5/vraptor-core/mvn_dependencies/guava-11.0.2.jar, /u/q8liang/Benchmarks/vraptor-vraptor-parent-3.5.5/vraptor-core/mvn_dependencies/guice-3.0.jar, /u/q8liang/Benchmarks/vraptor-vraptor-parent-3.5.5/vraptor-core/mvn_dependencies/guice-multibindings-3.0.jar, /u/q8liang/Benchmarks/vraptor-vraptor-parent-3.5.5/vraptor-core/mvn_dependencies/hamcrest-core-1.2.jar, /u/q8liang/Benchmarks/vraptor-vraptor-parent-3.5.5/vraptor-core/mvn_dependencies/hamcrest-library-1.2.jar, /u/q8liang/Benchmarks/vraptor-vraptor-parent-3.5.5/vraptor-core/mvn_dependencies/hibernate-commons-annotations-3.2.0.Final.jar, /u/q8liang/Benchmarks/vraptor-vraptor-parent-3.5.5/vraptor-core/mvn_dependencies/hibernate-core-3.6.6.Final.jar, /u/q8liang/Benchmarks/vraptor-vraptor-parent-3.5.5/vraptor-core/mvn_dependencies/hibernate-jpa-2.0-api-1.0.1.Final.jar, /u/q8liang/Benchmarks/vraptor-vraptor-parent-3.5.5/vraptor-core/mvn_dependencies/hibernate-validator-5.0.0.Final.jar, /u/q8liang/Benchmarks/vraptor-vraptor-parent-3.5.5/vraptor-core/mvn_dependencies/iogi-1.0.0.jar, /u/q8liang/Benchmarks/vraptor-vraptor-parent-3.5.5/vraptor-core/mvn_dependencies/javassist-3.12.1.GA.jar, /u/q8liang/Benchmarks/vraptor-vraptor-parent-3.5.5/vraptor-core/mvn_dependencies/javassist-3.7.ga.jar, /u/q8liang/Benchmarks/vraptor-vraptor-parent-3.5.5/vraptor-core/mvn_dependencies/javax.annotation-api-1.2.jar, /u/q8liang/Benchmarks/vraptor-vraptor-parent-3.5.5/vraptor-core/mvn_dependencies/javax.el-2.2.4.jar, /u/q8liang/Benchmarks/vraptor-vraptor-parent-3.5.5/vraptor-core/mvn_dependencies/javax.el-api-2.2.4.jar, /u/q8liang/Benchmarks/vraptor-vraptor-parent-3.5.5/vraptor-core/mvn_dependencies/javax.inject-1.jar, /u/q8liang/Benchmarks/vraptor-vraptor-parent-3.5.5/vraptor-core/mvn_dependencies/jboss-interceptors-api_1.1_spec-1.0.0.Beta1.jar, /u/q8liang/Benchmarks/vraptor-vraptor-parent-3.5.5/vraptor-core/mvn_dependencies/jboss-logging-3.1.1.GA.jar, /u/q8liang/Benchmarks/vraptor-vraptor-parent-3.5.5/vraptor-core/mvn_dependencies/jettison-1.2.jar, /u/q8liang/Benchmarks/vraptor-vraptor-parent-3.5.5/vraptor-core/mvn_dependencies/joda-time-1.6.jar, /u/q8liang/Benchmarks/vraptor-vraptor-parent-3.5.5/vraptor-core/mvn_dependencies/jsp-api-2.1.jar, /u/q8liang/Benchmarks/vraptor-vraptor-parent-3.5.5/vraptor-core/mvn_dependencies/jsr250-api-1.0.jar, /u/q8liang/Benchmarks/vraptor-vraptor-parent-3.5.5/vraptor-core/mvn_dependencies/jsr305-1.3.9.jar, /u/q8liang/Benchmarks/vraptor-vraptor-parent-3.5.5/vraptor-core/mvn_dependencies/jstl-1.2.jar, /u/q8liang/Benchmarks/vraptor-vraptor-parent-3.5.5/vraptor-core/mvn_dependencies/jta-1.1.jar, /u/q8liang/Benchmarks/vraptor-vraptor-parent-3.5.5/vraptor-core/mvn_dependencies/junit-4.10.jar, /u/q8liang/Benchmarks/vraptor-vraptor-parent-3.5.5/vraptor-core/mvn_dependencies/log4j-1.2.17.jar, /u/q8liang/Benchmarks/vraptor-vraptor-parent-3.5.5/vraptor-core/mvn_dependencies/mirror-1.6.1.jar, /u/q8liang/Benchmarks/vraptor-vraptor-parent-3.5.5/vraptor-core/mvn_dependencies/mockito-core-1.8.5.jar, /u/q8liang/Benchmarks/vraptor-vraptor-parent-3.5.5/vraptor-core/mvn_dependencies/objenesis-1.3.jar, /u/q8liang/Benchmarks/vraptor-vraptor-parent-3.5.5/vraptor-core/mvn_dependencies/ognl-2.7.3.jar, /u/q8liang/Benchmarks/vraptor-vraptor-parent-3.5.5/vraptor-core/mvn_dependencies/paranamer-2.5.2.jar, /u/q8liang/Benchmarks/vraptor-vraptor-parent-3.5.5/vraptor-core/mvn_dependencies/picocontainer-2.13.6.jar, /u/q8liang/Benchmarks/vraptor-vraptor-parent-3.5.5/vraptor-core/mvn_dependencies/scannotation-1.0.2.jar, /u/q8liang/Benchmarks/vraptor-vraptor-parent-3.5.5/vraptor-core/mvn_dependencies/servlet-api-3.0.20100224.jar, /u/q8liang/Benchmarks/vraptor-vraptor-parent-3.5.5/vraptor-core/mvn_dependencies/slf4j-api-1.6.6.jar, /u/q8liang/Benchmarks/vraptor-vraptor-parent-3.5.5/vraptor-core/mvn_dependencies/slf4j-log4j12-1.6.6.jar, /u/q8liang/Benchmarks/vraptor-vraptor-parent-3.5.5/vraptor-core/mvn_dependencies/spring-aop-3.0.5.RELEASE.jar, /u/q8liang/Benchmarks/vraptor-vraptor-parent-3.5.5/vraptor-core/mvn_dependencies/spring-asm-3.0.5.RELEASE.jar, /u/q8liang/Benchmarks/vraptor-vraptor-parent-3.5.5/vraptor-core/mvn_dependencies/spring-beans-3.0.5.RELEASE.jar, /u/q8liang/Benchmarks/vraptor-vraptor-parent-3.5.5/vraptor-core/mvn_dependencies/spring-context-3.0.5.RELEASE.jar, /u/q8liang/Benchmarks/vraptor-vraptor-parent-3.5.5/vraptor-core/mvn_dependencies/spring-core-3.0.5.RELEASE.jar, /u/q8liang/Benchmarks/vraptor-vraptor-parent-3.5.5/vraptor-core/mvn_dependencies/spring-expression-3.0.5.RELEASE.jar, /u/q8liang/Benchmarks/vraptor-vraptor-parent-3.5.5/vraptor-core/mvn_dependencies/spring-web-3.0.5.RELEASE.jar, /u/q8liang/Benchmarks/vraptor-vraptor-parent-3.5.5/vraptor-core/mvn_dependencies/stax-api-1.0.1.jar, /u/q8liang/Benchmarks/vraptor-vraptor-parent-3.5.5/vraptor-core/mvn_dependencies/validation-api-1.1.0.Final.jar, /u/q8liang/Benchmarks/vraptor-vraptor-parent-3.5.5/vraptor-core/mvn_dependencies/xmlpull-1.1.3.1.jar, /u/q8liang/Benchmarks/vraptor-vraptor-parent-3.5.5/vraptor-core/mvn_dependencies/xpp3_min-1.1.4c.jar, /u/q8liang/Benchmarks/vraptor-vraptor-parent-3.5.5/vraptor-core/mvn_dependencies/xstream-1.4.7.jar
Libraries: 
Using a timeout of 90 min.
Adding extra logic file /u/q8liang/doop/souffle-logic/analyses/mocks/mocks_old.dl
Generic exception java.lang.RuntimeException: Command exited with non-zero status:
 cpp -P -DPLATFORM=java_8 -DUSE_BASIC -DNO_INTERPROC -DMERGE_LIBRARY_OBJECTS_PER_METHOD -DX_STATS_NONE -DX_SERVER_LOGIC_THRESHOLD=1000 -DJRE18 /u/q8liang/doop/souffle-logic/analyses/mocks/mocks_old.dl /tmp/tmp8877054010169879547pre
Command exited with non-zero status:
 cpp -P -DPLATFORM=java_8 -DUSE_BASIC -DNO_INTERPROC -DMERGE_LIBRARY_OBJECTS_PER_METHOD -DX_STATS_NONE -DX_SERVER_LOGIC_THRESHOLD=1000 -DJRE18 /u/q8liang/doop/souffle-logic/analyses/mocks/mocks_old.dl /tmp/tmp8877054010169879547pre
java.lang.RuntimeException: Command exited with non-zero status:
 cpp -P -DPLATFORM=java_8 -DUSE_BASIC -DNO_INTERPROC -DMERGE_LIBRARY_OBJECTS_PER_METHOD -DX_STATS_NONE -DX_SERVER_LOGIC_THRESHOLD=1000 -DJRE18 /u/q8liang/doop/souffle-logic/analyses/mocks/mocks_old.dl /tmp/tmp8877054010169879547pre
	at org.clyze.utils.Executor.invoke(Executor.groovy:83)
	at org.clyze.utils.Executor.execute(Executor.groovy:32)
	at org.clyze.doop.utils.CPreprocessor.preprocess(CPreprocessor.groovy:91)
	at org.clyze.doop.utils.CPreprocessor.includeAtEnd0(CPreprocessor.groovy:119)
	at org.clyze.doop.utils.CPreprocessor.includeAtEnd(CPreprocessor.groovy:108)
	at org.clyze.doop.core.SouffleAnalysis.mainAnalysis(SouffleAnalysis.groovy:194)
	at org.clyze.doop.core.SouffleAnalysis.runAnalysisAndProduceStats(SouffleAnalysis.groovy:138)
	at org.clyze.doop.core.SouffleAnalysis.run(SouffleAnalysis.groovy:39)
	at org.clyze.doop.Main$1.run(Main.groovy:119)
ERROR: Command exited with non-zero status:
 cpp -P -DPLATFORM=java_8 -DUSE_BASIC -DNO_INTERPROC -DMERGE_LIBRARY_OBJECTS_PER_METHOD -DX_STATS_NONE -DX_SERVER_LOGIC_THRESHOLD=1000 -DJRE18 /u/q8liang/doop/souffle-logic/analyses/mocks/mocks_old.dl /tmp/tmp8877054010169879547pre

Deprecated Gradle features were used in this build, making it incompatible with Gradle 7.0.
Use '--warning-mode all' to show the individual deprecation warnings.
See https://docs.gradle.org/6.7/userguide/command_line_interface.html#sec:command_line_warnings

BUILD SUCCESSFUL in 9s
21 actionable tasks: 2 executed, 19 up-to-date
