> Task :generators:code-processor:generateGrammarSource UP-TO-DATE
> Task :generators:code-processor:compileJava UP-TO-DATE
> Task :generators:code-processor:compileGroovy UP-TO-DATE
> Task :generators:code-processor:processResources NO-SOURCE
> Task :generators:code-processor:classes UP-TO-DATE
> Task :generators:code-processor:jar UP-TO-DATE
> Task :generators:fact-generator-common:compileJava UP-TO-DATE
> Task :generators:fact-generator-common:processResources NO-SOURCE
> Task :generators:fact-generator-common:classes UP-TO-DATE
> Task :generators:fact-generator-common:shadowJar UP-TO-DATE
> Task :compileJava UP-TO-DATE
> Task :compileGroovy UP-TO-DATE
> Task :resolveApktool
> Task :generators:dex-fact-generator:compileJava UP-TO-DATE
> Task :generators:dex-fact-generator:processResources NO-SOURCE
> Task :generators:dex-fact-generator:classes UP-TO-DATE
> Task :generators:dex-fact-generator:fatJar UP-TO-DATE
> Task :generators:dex-fact-generator:installJar UP-TO-DATE
> Task :generators:soot-fact-generator:compileJava UP-TO-DATE
> Task :generators:soot-fact-generator:compileGroovy NO-SOURCE
> Task :generators:soot-fact-generator:processResources NO-SOURCE
> Task :generators:soot-fact-generator:classes UP-TO-DATE
> Task :generators:soot-fact-generator:fatJar UP-TO-DATE
> Task :generators:soot-fact-generator:installJar UP-TO-DATE
> Task :generators:wala-fact-generator:compileJava UP-TO-DATE
> Task :generators:wala-fact-generator:processResources UP-TO-DATE
> Task :generators:wala-fact-generator:classes UP-TO-DATE
> Task :generators:wala-fact-generator:fatJar UP-TO-DATE
> Task :generators:wala-fact-generator:installJar UP-TO-DATE
> Task :resourceInstaller
> Task :processResources UP-TO-DATE
> Task :classes UP-TO-DATE
> Task :writeGitCommitHash UP-TO-DATE

> Task :run
Main class(es) expanded with [br.com.caelum.vraptor.RootDriver]
WARNING: Handling of Java reflection is disabled!
New context-insensitive analysis
Id       : vraptor-no-mock
Inputs   : /u/q8liang/Benchmarks/vraptor-vraptor-parent-3.5.5/vraptor-core/target/vraptor-3.5.5.jar, /u/q8liang/Benchmarks/vraptor-vraptor-parent-3.5.5/vraptor-core/target/vraptor-3.5.5-tests.jar, /u/q8liang/Benchmarks/vraptor-vraptor-parent-3.5.5/vraptor-core/mvn_dependencies/antlr-2.7.6.jar, /u/q8liang/Benchmarks/vraptor-vraptor-parent-3.5.5/vraptor-core/mvn_dependencies/aopalliance-1.0.jar, /u/q8liang/Benchmarks/vraptor-vraptor-parent-3.5.5/vraptor-core/mvn_dependencies/aspectjrt-1.6.9.jar, /u/q8liang/Benchmarks/vraptor-vraptor-parent-3.5.5/vraptor-core/mvn_dependencies/cdi-api-1.1.jar, /u/q8liang/Benchmarks/vraptor-vraptor-parent-3.5.5/vraptor-core/mvn_dependencies/classmate-0.8.0.jar, /u/q8liang/Benchmarks/vraptor-vraptor-parent-3.5.5/vraptor-core/mvn_dependencies/commons-collections-3.1.jar, /u/q8liang/Benchmarks/vraptor-vraptor-parent-3.5.5/vraptor-core/mvn_dependencies/commons-fileupload-1.3.jar, /u/q8liang/Benchmarks/vraptor-vraptor-parent-3.5.5/vraptor-core/mvn_dependencies/commons-io-2.2.jar, /u/q8liang/Benchmarks/vraptor-vraptor-parent-3.5.5/vraptor-core/mvn_dependencies/commons-logging-1.1.1.jar, /u/q8liang/Benchmarks/vraptor-vraptor-parent-3.5.5/vraptor-core/mvn_dependencies/dom4j-1.6.1.jar, /u/q8liang/Benchmarks/vraptor-vraptor-parent-3.5.5/vraptor-core/mvn_dependencies/ejb-api-3.0.jar, /u/q8liang/Benchmarks/vraptor-vraptor-parent-3.5.5/vraptor-core/mvn_dependencies/el-api-2.2.jar, /u/q8liang/Benchmarks/vraptor-vraptor-parent-3.5.5/vraptor-core/mvn_dependencies/gson-2.2.4.jar, /u/q8liang/Benchmarks/vraptor-vraptor-parent-3.5.5/vraptor-core/mvn_dependencies/guava-11.0.2.jar, /u/q8liang/Benchmarks/vraptor-vraptor-parent-3.5.5/vraptor-core/mvn_dependencies/guice-3.0.jar, /u/q8liang/Benchmarks/vraptor-vraptor-parent-3.5.5/vraptor-core/mvn_dependencies/guice-multibindings-3.0.jar, /u/q8liang/Benchmarks/vraptor-vraptor-parent-3.5.5/vraptor-core/mvn_dependencies/hamcrest-core-1.2.jar, /u/q8liang/Benchmarks/vraptor-vraptor-parent-3.5.5/vraptor-core/mvn_dependencies/hamcrest-library-1.2.jar, /u/q8liang/Benchmarks/vraptor-vraptor-parent-3.5.5/vraptor-core/mvn_dependencies/hibernate-commons-annotations-3.2.0.Final.jar, /u/q8liang/Benchmarks/vraptor-vraptor-parent-3.5.5/vraptor-core/mvn_dependencies/hibernate-core-3.6.6.Final.jar, /u/q8liang/Benchmarks/vraptor-vraptor-parent-3.5.5/vraptor-core/mvn_dependencies/hibernate-jpa-2.0-api-1.0.1.Final.jar, /u/q8liang/Benchmarks/vraptor-vraptor-parent-3.5.5/vraptor-core/mvn_dependencies/hibernate-validator-5.0.0.Final.jar, /u/q8liang/Benchmarks/vraptor-vraptor-parent-3.5.5/vraptor-core/mvn_dependencies/iogi-1.0.0.jar, /u/q8liang/Benchmarks/vraptor-vraptor-parent-3.5.5/vraptor-core/mvn_dependencies/javassist-3.12.1.GA.jar, /u/q8liang/Benchmarks/vraptor-vraptor-parent-3.5.5/vraptor-core/mvn_dependencies/javassist-3.7.ga.jar, /u/q8liang/Benchmarks/vraptor-vraptor-parent-3.5.5/vraptor-core/mvn_dependencies/javax.annotation-api-1.2.jar, /u/q8liang/Benchmarks/vraptor-vraptor-parent-3.5.5/vraptor-core/mvn_dependencies/javax.el-2.2.4.jar, /u/q8liang/Benchmarks/vraptor-vraptor-parent-3.5.5/vraptor-core/mvn_dependencies/javax.el-api-2.2.4.jar, /u/q8liang/Benchmarks/vraptor-vraptor-parent-3.5.5/vraptor-core/mvn_dependencies/javax.inject-1.jar, /u/q8liang/Benchmarks/vraptor-vraptor-parent-3.5.5/vraptor-core/mvn_dependencies/jboss-interceptors-api_1.1_spec-1.0.0.Beta1.jar, /u/q8liang/Benchmarks/vraptor-vraptor-parent-3.5.5/vraptor-core/mvn_dependencies/jboss-logging-3.1.1.GA.jar, /u/q8liang/Benchmarks/vraptor-vraptor-parent-3.5.5/vraptor-core/mvn_dependencies/jettison-1.2.jar, /u/q8liang/Benchmarks/vraptor-vraptor-parent-3.5.5/vraptor-core/mvn_dependencies/joda-time-1.6.jar, /u/q8liang/Benchmarks/vraptor-vraptor-parent-3.5.5/vraptor-core/mvn_dependencies/jsp-api-2.1.jar, /u/q8liang/Benchmarks/vraptor-vraptor-parent-3.5.5/vraptor-core/mvn_dependencies/jsr250-api-1.0.jar, /u/q8liang/Benchmarks/vraptor-vraptor-parent-3.5.5/vraptor-core/mvn_dependencies/jsr305-1.3.9.jar, /u/q8liang/Benchmarks/vraptor-vraptor-parent-3.5.5/vraptor-core/mvn_dependencies/jstl-1.2.jar, /u/q8liang/Benchmarks/vraptor-vraptor-parent-3.5.5/vraptor-core/mvn_dependencies/jta-1.1.jar, /u/q8liang/Benchmarks/vraptor-vraptor-parent-3.5.5/vraptor-core/mvn_dependencies/junit-4.10.jar, /u/q8liang/Benchmarks/vraptor-vraptor-parent-3.5.5/vraptor-core/mvn_dependencies/log4j-1.2.17.jar, /u/q8liang/Benchmarks/vraptor-vraptor-parent-3.5.5/vraptor-core/mvn_dependencies/mirror-1.6.1.jar, /u/q8liang/Benchmarks/vraptor-vraptor-parent-3.5.5/vraptor-core/mvn_dependencies/mockito-core-1.8.5.jar, /u/q8liang/Benchmarks/vraptor-vraptor-parent-3.5.5/vraptor-core/mvn_dependencies/objenesis-1.3.jar, /u/q8liang/Benchmarks/vraptor-vraptor-parent-3.5.5/vraptor-core/mvn_dependencies/ognl-2.7.3.jar, /u/q8liang/Benchmarks/vraptor-vraptor-parent-3.5.5/vraptor-core/mvn_dependencies/paranamer-2.5.2.jar, /u/q8liang/Benchmarks/vraptor-vraptor-parent-3.5.5/vraptor-core/mvn_dependencies/picocontainer-2.13.6.jar, /u/q8liang/Benchmarks/vraptor-vraptor-parent-3.5.5/vraptor-core/mvn_dependencies/scannotation-1.0.2.jar, /u/q8liang/Benchmarks/vraptor-vraptor-parent-3.5.5/vraptor-core/mvn_dependencies/servlet-api-3.0.20100224.jar, /u/q8liang/Benchmarks/vraptor-vraptor-parent-3.5.5/vraptor-core/mvn_dependencies/slf4j-api-1.6.6.jar, /u/q8liang/Benchmarks/vraptor-vraptor-parent-3.5.5/vraptor-core/mvn_dependencies/slf4j-log4j12-1.6.6.jar, /u/q8liang/Benchmarks/vraptor-vraptor-parent-3.5.5/vraptor-core/mvn_dependencies/spring-aop-3.0.5.RELEASE.jar, /u/q8liang/Benchmarks/vraptor-vraptor-parent-3.5.5/vraptor-core/mvn_dependencies/spring-asm-3.0.5.RELEASE.jar, /u/q8liang/Benchmarks/vraptor-vraptor-parent-3.5.5/vraptor-core/mvn_dependencies/spring-beans-3.0.5.RELEASE.jar, /u/q8liang/Benchmarks/vraptor-vraptor-parent-3.5.5/vraptor-core/mvn_dependencies/spring-context-3.0.5.RELEASE.jar, /u/q8liang/Benchmarks/vraptor-vraptor-parent-3.5.5/vraptor-core/mvn_dependencies/spring-core-3.0.5.RELEASE.jar, /u/q8liang/Benchmarks/vraptor-vraptor-parent-3.5.5/vraptor-core/mvn_dependencies/spring-expression-3.0.5.RELEASE.jar, /u/q8liang/Benchmarks/vraptor-vraptor-parent-3.5.5/vraptor-core/mvn_dependencies/spring-web-3.0.5.RELEASE.jar, /u/q8liang/Benchmarks/vraptor-vraptor-parent-3.5.5/vraptor-core/mvn_dependencies/stax-api-1.0.1.jar, /u/q8liang/Benchmarks/vraptor-vraptor-parent-3.5.5/vraptor-core/mvn_dependencies/validation-api-1.1.0.Final.jar, /u/q8liang/Benchmarks/vraptor-vraptor-parent-3.5.5/vraptor-core/mvn_dependencies/xmlpull-1.1.3.1.jar, /u/q8liang/Benchmarks/vraptor-vraptor-parent-3.5.5/vraptor-core/mvn_dependencies/xpp3_min-1.1.4c.jar, /u/q8liang/Benchmarks/vraptor-vraptor-parent-3.5.5/vraptor-core/mvn_dependencies/xstream-1.4.7.jar
Libraries: 
Using a timeout of 90 min.
[Task COMPILE...]
[Task FACTS...]
-- Fact Generation --
Using cached analysis executable /u/q8liang/doop/cache/souffle-analyses/context-insensitive/1a15a84783f936e4c62cb5c6e3a6ac8a0ff5a3068aa73881c0eb16dc0fbe930b
[Task COMPILE Done]
SOOT_FACT_GEN: Logging initialized, using directory: /u/q8liang/doop/build/logs
SOOT_FACT_GEN: SLF4J: Failed to load class "org.slf4j.impl.StaticLoggerBinder".
SOOT_FACT_GEN: SLF4J: Defaulting to no-operation (NOP) logger implementation
SOOT_FACT_GEN: SLF4J: See http://www.slf4j.org/codes.html#StaticLoggerBinder for further details.
SOOT_FACT_GEN: Preprocessing application: /u/q8liang/Benchmarks/vraptor-vraptor-parent-3.5.5/vraptor-core/target/vraptor-3.5.5.jar
SOOT_FACT_GEN: Preprocessing application: /u/q8liang/Benchmarks/vraptor-vraptor-parent-3.5.5/vraptor-core/target/vraptor-3.5.5-tests.jar
SOOT_FACT_GEN: Preprocessing application: /u/q8liang/Benchmarks/vraptor-vraptor-parent-3.5.5/vraptor-core/mvn_dependencies/antlr-2.7.6.jar
SOOT_FACT_GEN: Preprocessing application: /u/q8liang/Benchmarks/vraptor-vraptor-parent-3.5.5/vraptor-core/mvn_dependencies/aopalliance-1.0.jar
SOOT_FACT_GEN: Preprocessing application: /u/q8liang/Benchmarks/vraptor-vraptor-parent-3.5.5/vraptor-core/mvn_dependencies/aspectjrt-1.6.9.jar
SOOT_FACT_GEN: Preprocessing application: /u/q8liang/Benchmarks/vraptor-vraptor-parent-3.5.5/vraptor-core/mvn_dependencies/cdi-api-1.1.jar
SOOT_FACT_GEN: Preprocessing application: /u/q8liang/Benchmarks/vraptor-vraptor-parent-3.5.5/vraptor-core/mvn_dependencies/classmate-0.8.0.jar
SOOT_FACT_GEN: Preprocessing application: /u/q8liang/Benchmarks/vraptor-vraptor-parent-3.5.5/vraptor-core/mvn_dependencies/commons-collections-3.1.jar
SOOT_FACT_GEN: Preprocessing application: /u/q8liang/Benchmarks/vraptor-vraptor-parent-3.5.5/vraptor-core/mvn_dependencies/commons-fileupload-1.3.jar
SOOT_FACT_GEN: Preprocessing application: /u/q8liang/Benchmarks/vraptor-vraptor-parent-3.5.5/vraptor-core/mvn_dependencies/commons-io-2.2.jar
SOOT_FACT_GEN: Preprocessing application: /u/q8liang/Benchmarks/vraptor-vraptor-parent-3.5.5/vraptor-core/mvn_dependencies/commons-logging-1.1.1.jar
SOOT_FACT_GEN: Preprocessing application: /u/q8liang/Benchmarks/vraptor-vraptor-parent-3.5.5/vraptor-core/mvn_dependencies/dom4j-1.6.1.jar
SOOT_FACT_GEN: Preprocessing application: /u/q8liang/Benchmarks/vraptor-vraptor-parent-3.5.5/vraptor-core/mvn_dependencies/ejb-api-3.0.jar
SOOT_FACT_GEN: Preprocessing application: /u/q8liang/Benchmarks/vraptor-vraptor-parent-3.5.5/vraptor-core/mvn_dependencies/el-api-2.2.jar
SOOT_FACT_GEN: Preprocessing application: /u/q8liang/Benchmarks/vraptor-vraptor-parent-3.5.5/vraptor-core/mvn_dependencies/gson-2.2.4.jar
SOOT_FACT_GEN: Preprocessing application: /u/q8liang/Benchmarks/vraptor-vraptor-parent-3.5.5/vraptor-core/mvn_dependencies/guava-11.0.2.jar
SOOT_FACT_GEN: Preprocessing application: /u/q8liang/Benchmarks/vraptor-vraptor-parent-3.5.5/vraptor-core/mvn_dependencies/guice-3.0.jar
SOOT_FACT_GEN: Preprocessing application: /u/q8liang/Benchmarks/vraptor-vraptor-parent-3.5.5/vraptor-core/mvn_dependencies/guice-multibindings-3.0.jar
SOOT_FACT_GEN: Preprocessing application: /u/q8liang/Benchmarks/vraptor-vraptor-parent-3.5.5/vraptor-core/mvn_dependencies/hamcrest-core-1.2.jar
SOOT_FACT_GEN: Preprocessing application: /u/q8liang/Benchmarks/vraptor-vraptor-parent-3.5.5/vraptor-core/mvn_dependencies/hamcrest-library-1.2.jar
SOOT_FACT_GEN: Preprocessing application: /u/q8liang/Benchmarks/vraptor-vraptor-parent-3.5.5/vraptor-core/mvn_dependencies/hibernate-commons-annotations-3.2.0.Final.jar
SOOT_FACT_GEN: Preprocessing application: /u/q8liang/Benchmarks/vraptor-vraptor-parent-3.5.5/vraptor-core/mvn_dependencies/hibernate-core-3.6.6.Final.jar
SOOT_FACT_GEN: Preprocessing application: /u/q8liang/Benchmarks/vraptor-vraptor-parent-3.5.5/vraptor-core/mvn_dependencies/hibernate-jpa-2.0-api-1.0.1.Final.jar
SOOT_FACT_GEN: Preprocessing application: /u/q8liang/Benchmarks/vraptor-vraptor-parent-3.5.5/vraptor-core/mvn_dependencies/hibernate-validator-5.0.0.Final.jar
SOOT_FACT_GEN: Preprocessing application: /u/q8liang/Benchmarks/vraptor-vraptor-parent-3.5.5/vraptor-core/mvn_dependencies/iogi-1.0.0.jar
SOOT_FACT_GEN: Preprocessing application: /u/q8liang/Benchmarks/vraptor-vraptor-parent-3.5.5/vraptor-core/mvn_dependencies/javassist-3.12.1.GA.jar
SOOT_FACT_GEN: Preprocessing application: /u/q8liang/Benchmarks/vraptor-vraptor-parent-3.5.5/vraptor-core/mvn_dependencies/javassist-3.7.ga.jar
SOOT_FACT_GEN: Preprocessing application: /u/q8liang/Benchmarks/vraptor-vraptor-parent-3.5.5/vraptor-core/mvn_dependencies/javax.annotation-api-1.2.jar
SOOT_FACT_GEN: Preprocessing application: /u/q8liang/Benchmarks/vraptor-vraptor-parent-3.5.5/vraptor-core/mvn_dependencies/javax.el-2.2.4.jar
SOOT_FACT_GEN: Preprocessing application: /u/q8liang/Benchmarks/vraptor-vraptor-parent-3.5.5/vraptor-core/mvn_dependencies/javax.el-api-2.2.4.jar
SOOT_FACT_GEN: Preprocessing application: /u/q8liang/Benchmarks/vraptor-vraptor-parent-3.5.5/vraptor-core/mvn_dependencies/javax.inject-1.jar
SOOT_FACT_GEN: Preprocessing application: /u/q8liang/Benchmarks/vraptor-vraptor-parent-3.5.5/vraptor-core/mvn_dependencies/jboss-interceptors-api_1.1_spec-1.0.0.Beta1.jar
SOOT_FACT_GEN: Preprocessing application: /u/q8liang/Benchmarks/vraptor-vraptor-parent-3.5.5/vraptor-core/mvn_dependencies/jboss-logging-3.1.1.GA.jar
SOOT_FACT_GEN: Preprocessing application: /u/q8liang/Benchmarks/vraptor-vraptor-parent-3.5.5/vraptor-core/mvn_dependencies/jettison-1.2.jar
SOOT_FACT_GEN: Preprocessing application: /u/q8liang/Benchmarks/vraptor-vraptor-parent-3.5.5/vraptor-core/mvn_dependencies/joda-time-1.6.jar
SOOT_FACT_GEN: Preprocessing application: /u/q8liang/Benchmarks/vraptor-vraptor-parent-3.5.5/vraptor-core/mvn_dependencies/jsp-api-2.1.jar
SOOT_FACT_GEN: Preprocessing application: /u/q8liang/Benchmarks/vraptor-vraptor-parent-3.5.5/vraptor-core/mvn_dependencies/jsr250-api-1.0.jar
SOOT_FACT_GEN: Preprocessing application: /u/q8liang/Benchmarks/vraptor-vraptor-parent-3.5.5/vraptor-core/mvn_dependencies/jsr305-1.3.9.jar
SOOT_FACT_GEN: Preprocessing application: /u/q8liang/Benchmarks/vraptor-vraptor-parent-3.5.5/vraptor-core/mvn_dependencies/jstl-1.2.jar
SOOT_FACT_GEN: Preprocessing application: /u/q8liang/Benchmarks/vraptor-vraptor-parent-3.5.5/vraptor-core/mvn_dependencies/jta-1.1.jar
SOOT_FACT_GEN: Preprocessing application: /u/q8liang/Benchmarks/vraptor-vraptor-parent-3.5.5/vraptor-core/mvn_dependencies/junit-4.10.jar
SOOT_FACT_GEN: Preprocessing application: /u/q8liang/Benchmarks/vraptor-vraptor-parent-3.5.5/vraptor-core/mvn_dependencies/log4j-1.2.17.jar
SOOT_FACT_GEN: Preprocessing application: /u/q8liang/Benchmarks/vraptor-vraptor-parent-3.5.5/vraptor-core/mvn_dependencies/mirror-1.6.1.jar
SOOT_FACT_GEN: Preprocessing application: /u/q8liang/Benchmarks/vraptor-vraptor-parent-3.5.5/vraptor-core/mvn_dependencies/mockito-core-1.8.5.jar
SOOT_FACT_GEN: Preprocessing application: /u/q8liang/Benchmarks/vraptor-vraptor-parent-3.5.5/vraptor-core/mvn_dependencies/objenesis-1.3.jar
SOOT_FACT_GEN: Preprocessing application: /u/q8liang/Benchmarks/vraptor-vraptor-parent-3.5.5/vraptor-core/mvn_dependencies/ognl-2.7.3.jar
SOOT_FACT_GEN: Preprocessing application: /u/q8liang/Benchmarks/vraptor-vraptor-parent-3.5.5/vraptor-core/mvn_dependencies/paranamer-2.5.2.jar
SOOT_FACT_GEN: Preprocessing application: /u/q8liang/Benchmarks/vraptor-vraptor-parent-3.5.5/vraptor-core/mvn_dependencies/picocontainer-2.13.6.jar
SOOT_FACT_GEN: Preprocessing application: /u/q8liang/Benchmarks/vraptor-vraptor-parent-3.5.5/vraptor-core/mvn_dependencies/scannotation-1.0.2.jar
SOOT_FACT_GEN: Preprocessing application: /u/q8liang/Benchmarks/vraptor-vraptor-parent-3.5.5/vraptor-core/mvn_dependencies/servlet-api-3.0.20100224.jar
SOOT_FACT_GEN: Preprocessing application: /u/q8liang/Benchmarks/vraptor-vraptor-parent-3.5.5/vraptor-core/mvn_dependencies/slf4j-api-1.6.6.jar
SOOT_FACT_GEN: Preprocessing application: /u/q8liang/Benchmarks/vraptor-vraptor-parent-3.5.5/vraptor-core/mvn_dependencies/slf4j-log4j12-1.6.6.jar
SOOT_FACT_GEN: Preprocessing application: /u/q8liang/Benchmarks/vraptor-vraptor-parent-3.5.5/vraptor-core/mvn_dependencies/spring-aop-3.0.5.RELEASE.jar
SOOT_FACT_GEN: Preprocessing application: /u/q8liang/Benchmarks/vraptor-vraptor-parent-3.5.5/vraptor-core/mvn_dependencies/spring-asm-3.0.5.RELEASE.jar
SOOT_FACT_GEN: Preprocessing application: /u/q8liang/Benchmarks/vraptor-vraptor-parent-3.5.5/vraptor-core/mvn_dependencies/spring-beans-3.0.5.RELEASE.jar
SOOT_FACT_GEN: Preprocessing application: /u/q8liang/Benchmarks/vraptor-vraptor-parent-3.5.5/vraptor-core/mvn_dependencies/spring-context-3.0.5.RELEASE.jar
SOOT_FACT_GEN: Preprocessing application: /u/q8liang/Benchmarks/vraptor-vraptor-parent-3.5.5/vraptor-core/mvn_dependencies/spring-core-3.0.5.RELEASE.jar
SOOT_FACT_GEN: Preprocessing application: /u/q8liang/Benchmarks/vraptor-vraptor-parent-3.5.5/vraptor-core/mvn_dependencies/spring-expression-3.0.5.RELEASE.jar
SOOT_FACT_GEN: Preprocessing application: /u/q8liang/Benchmarks/vraptor-vraptor-parent-3.5.5/vraptor-core/mvn_dependencies/spring-web-3.0.5.RELEASE.jar
SOOT_FACT_GEN: Preprocessing application: /u/q8liang/Benchmarks/vraptor-vraptor-parent-3.5.5/vraptor-core/mvn_dependencies/stax-api-1.0.1.jar
SOOT_FACT_GEN: Preprocessing application: /u/q8liang/Benchmarks/vraptor-vraptor-parent-3.5.5/vraptor-core/mvn_dependencies/validation-api-1.1.0.Final.jar
SOOT_FACT_GEN: Preprocessing application: /u/q8liang/Benchmarks/vraptor-vraptor-parent-3.5.5/vraptor-core/mvn_dependencies/xmlpull-1.1.3.1.jar
SOOT_FACT_GEN: Preprocessing application: /u/q8liang/Benchmarks/vraptor-vraptor-parent-3.5.5/vraptor-core/mvn_dependencies/xpp3_min-1.1.4c.jar
SOOT_FACT_GEN: Preprocessing application: /u/q8liang/Benchmarks/vraptor-vraptor-parent-3.5.5/vraptor-core/mvn_dependencies/xstream-1.4.7.jar
SOOT_FACT_GEN: Preprocessing platform library: /u/q8liang/doop/build/tmp/rt_4308089714379293927.jar
SOOT_FACT_GEN: Preprocessing platform library: /u/q8liang/doop/build/tmp/jce_9221321319699037104.jar
SOOT_FACT_GEN: Preprocessing platform library: /u/q8liang/doop/build/tmp/jsse_5905951100857497622.jar
SOOT_FACT_GEN: Adding archive: /u/q8liang/Benchmarks/vraptor-vraptor-parent-3.5.5/vraptor-core/target/vraptor-3.5.5.jar
SOOT_FACT_GEN: Adding archive: /u/q8liang/Benchmarks/vraptor-vraptor-parent-3.5.5/vraptor-core/target/vraptor-3.5.5-tests.jar
SOOT_FACT_GEN: Adding archive: /u/q8liang/Benchmarks/vraptor-vraptor-parent-3.5.5/vraptor-core/mvn_dependencies/antlr-2.7.6.jar
SOOT_FACT_GEN: Adding archive: /u/q8liang/Benchmarks/vraptor-vraptor-parent-3.5.5/vraptor-core/mvn_dependencies/aopalliance-1.0.jar
SOOT_FACT_GEN: Adding archive: /u/q8liang/Benchmarks/vraptor-vraptor-parent-3.5.5/vraptor-core/mvn_dependencies/aspectjrt-1.6.9.jar
SOOT_FACT_GEN: Adding archive: /u/q8liang/Benchmarks/vraptor-vraptor-parent-3.5.5/vraptor-core/mvn_dependencies/cdi-api-1.1.jar
SOOT_FACT_GEN: Adding archive: /u/q8liang/Benchmarks/vraptor-vraptor-parent-3.5.5/vraptor-core/mvn_dependencies/classmate-0.8.0.jar
SOOT_FACT_GEN: Adding archive: /u/q8liang/Benchmarks/vraptor-vraptor-parent-3.5.5/vraptor-core/mvn_dependencies/commons-collections-3.1.jar
SOOT_FACT_GEN: Adding archive: /u/q8liang/Benchmarks/vraptor-vraptor-parent-3.5.5/vraptor-core/mvn_dependencies/commons-fileupload-1.3.jar
SOOT_FACT_GEN: Adding archive: /u/q8liang/Benchmarks/vraptor-vraptor-parent-3.5.5/vraptor-core/mvn_dependencies/commons-io-2.2.jar
SOOT_FACT_GEN: Adding archive: /u/q8liang/Benchmarks/vraptor-vraptor-parent-3.5.5/vraptor-core/mvn_dependencies/commons-logging-1.1.1.jar
SOOT_FACT_GEN: Adding archive: /u/q8liang/Benchmarks/vraptor-vraptor-parent-3.5.5/vraptor-core/mvn_dependencies/dom4j-1.6.1.jar
SOOT_FACT_GEN: Adding archive: /u/q8liang/Benchmarks/vraptor-vraptor-parent-3.5.5/vraptor-core/mvn_dependencies/ejb-api-3.0.jar
SOOT_FACT_GEN: Adding archive: /u/q8liang/Benchmarks/vraptor-vraptor-parent-3.5.5/vraptor-core/mvn_dependencies/el-api-2.2.jar
SOOT_FACT_GEN: Adding archive: /u/q8liang/Benchmarks/vraptor-vraptor-parent-3.5.5/vraptor-core/mvn_dependencies/gson-2.2.4.jar
SOOT_FACT_GEN: Adding archive: /u/q8liang/Benchmarks/vraptor-vraptor-parent-3.5.5/vraptor-core/mvn_dependencies/guava-11.0.2.jar
SOOT_FACT_GEN: Adding archive: /u/q8liang/Benchmarks/vraptor-vraptor-parent-3.5.5/vraptor-core/mvn_dependencies/guice-3.0.jar
SOOT_FACT_GEN: Adding archive: /u/q8liang/Benchmarks/vraptor-vraptor-parent-3.5.5/vraptor-core/mvn_dependencies/guice-multibindings-3.0.jar
SOOT_FACT_GEN: Adding archive: /u/q8liang/Benchmarks/vraptor-vraptor-parent-3.5.5/vraptor-core/mvn_dependencies/hamcrest-core-1.2.jar
SOOT_FACT_GEN: Adding archive: /u/q8liang/Benchmarks/vraptor-vraptor-parent-3.5.5/vraptor-core/mvn_dependencies/hamcrest-library-1.2.jar
SOOT_FACT_GEN: Adding archive: /u/q8liang/Benchmarks/vraptor-vraptor-parent-3.5.5/vraptor-core/mvn_dependencies/hibernate-commons-annotations-3.2.0.Final.jar
SOOT_FACT_GEN: Adding archive: /u/q8liang/Benchmarks/vraptor-vraptor-parent-3.5.5/vraptor-core/mvn_dependencies/hibernate-core-3.6.6.Final.jar
SOOT_FACT_GEN: Adding archive: /u/q8liang/Benchmarks/vraptor-vraptor-parent-3.5.5/vraptor-core/mvn_dependencies/hibernate-jpa-2.0-api-1.0.1.Final.jar
SOOT_FACT_GEN: Adding archive: /u/q8liang/Benchmarks/vraptor-vraptor-parent-3.5.5/vraptor-core/mvn_dependencies/hibernate-validator-5.0.0.Final.jar
SOOT_FACT_GEN: Adding archive: /u/q8liang/Benchmarks/vraptor-vraptor-parent-3.5.5/vraptor-core/mvn_dependencies/iogi-1.0.0.jar
SOOT_FACT_GEN: Adding archive: /u/q8liang/Benchmarks/vraptor-vraptor-parent-3.5.5/vraptor-core/mvn_dependencies/javassist-3.12.1.GA.jar
SOOT_FACT_GEN: Adding archive: /u/q8liang/Benchmarks/vraptor-vraptor-parent-3.5.5/vraptor-core/mvn_dependencies/javassist-3.7.ga.jar
SOOT_FACT_GEN: Adding archive: /u/q8liang/Benchmarks/vraptor-vraptor-parent-3.5.5/vraptor-core/mvn_dependencies/javax.annotation-api-1.2.jar
SOOT_FACT_GEN: Adding archive: /u/q8liang/Benchmarks/vraptor-vraptor-parent-3.5.5/vraptor-core/mvn_dependencies/javax.el-2.2.4.jar
SOOT_FACT_GEN: Adding archive: /u/q8liang/Benchmarks/vraptor-vraptor-parent-3.5.5/vraptor-core/mvn_dependencies/javax.el-api-2.2.4.jar
SOOT_FACT_GEN: Adding archive: /u/q8liang/Benchmarks/vraptor-vraptor-parent-3.5.5/vraptor-core/mvn_dependencies/javax.inject-1.jar
SOOT_FACT_GEN: Adding archive: /u/q8liang/Benchmarks/vraptor-vraptor-parent-3.5.5/vraptor-core/mvn_dependencies/jboss-interceptors-api_1.1_spec-1.0.0.Beta1.jar
SOOT_FACT_GEN: Adding archive: /u/q8liang/Benchmarks/vraptor-vraptor-parent-3.5.5/vraptor-core/mvn_dependencies/jboss-logging-3.1.1.GA.jar
SOOT_FACT_GEN: Adding archive: /u/q8liang/Benchmarks/vraptor-vraptor-parent-3.5.5/vraptor-core/mvn_dependencies/jettison-1.2.jar
SOOT_FACT_GEN: Adding archive: /u/q8liang/Benchmarks/vraptor-vraptor-parent-3.5.5/vraptor-core/mvn_dependencies/joda-time-1.6.jar
SOOT_FACT_GEN: Adding archive: /u/q8liang/Benchmarks/vraptor-vraptor-parent-3.5.5/vraptor-core/mvn_dependencies/jsp-api-2.1.jar
SOOT_FACT_GEN: Adding archive: /u/q8liang/Benchmarks/vraptor-vraptor-parent-3.5.5/vraptor-core/mvn_dependencies/jsr250-api-1.0.jar
SOOT_FACT_GEN: Adding archive: /u/q8liang/Benchmarks/vraptor-vraptor-parent-3.5.5/vraptor-core/mvn_dependencies/jsr305-1.3.9.jar
SOOT_FACT_GEN: Adding archive: /u/q8liang/Benchmarks/vraptor-vraptor-parent-3.5.5/vraptor-core/mvn_dependencies/jstl-1.2.jar
SOOT_FACT_GEN: Adding archive: /u/q8liang/Benchmarks/vraptor-vraptor-parent-3.5.5/vraptor-core/mvn_dependencies/jta-1.1.jar
SOOT_FACT_GEN: Adding archive: /u/q8liang/Benchmarks/vraptor-vraptor-parent-3.5.5/vraptor-core/mvn_dependencies/junit-4.10.jar
SOOT_FACT_GEN: Adding archive: /u/q8liang/Benchmarks/vraptor-vraptor-parent-3.5.5/vraptor-core/mvn_dependencies/log4j-1.2.17.jar
SOOT_FACT_GEN: Adding archive: /u/q8liang/Benchmarks/vraptor-vraptor-parent-3.5.5/vraptor-core/mvn_dependencies/mirror-1.6.1.jar
SOOT_FACT_GEN: Adding archive: /u/q8liang/Benchmarks/vraptor-vraptor-parent-3.5.5/vraptor-core/mvn_dependencies/mockito-core-1.8.5.jar
SOOT_FACT_GEN: Adding archive: /u/q8liang/Benchmarks/vraptor-vraptor-parent-3.5.5/vraptor-core/mvn_dependencies/objenesis-1.3.jar
SOOT_FACT_GEN: Adding archive: /u/q8liang/Benchmarks/vraptor-vraptor-parent-3.5.5/vraptor-core/mvn_dependencies/ognl-2.7.3.jar
SOOT_FACT_GEN: Adding archive: /u/q8liang/Benchmarks/vraptor-vraptor-parent-3.5.5/vraptor-core/mvn_dependencies/paranamer-2.5.2.jar
SOOT_FACT_GEN: Adding archive: /u/q8liang/Benchmarks/vraptor-vraptor-parent-3.5.5/vraptor-core/mvn_dependencies/picocontainer-2.13.6.jar
SOOT_FACT_GEN: Adding archive: /u/q8liang/Benchmarks/vraptor-vraptor-parent-3.5.5/vraptor-core/mvn_dependencies/scannotation-1.0.2.jar
SOOT_FACT_GEN: Adding archive: /u/q8liang/Benchmarks/vraptor-vraptor-parent-3.5.5/vraptor-core/mvn_dependencies/servlet-api-3.0.20100224.jar
SOOT_FACT_GEN: Adding archive: /u/q8liang/Benchmarks/vraptor-vraptor-parent-3.5.5/vraptor-core/mvn_dependencies/slf4j-api-1.6.6.jar
SOOT_FACT_GEN: Adding archive: /u/q8liang/Benchmarks/vraptor-vraptor-parent-3.5.5/vraptor-core/mvn_dependencies/slf4j-log4j12-1.6.6.jar
SOOT_FACT_GEN: Adding archive: /u/q8liang/Benchmarks/vraptor-vraptor-parent-3.5.5/vraptor-core/mvn_dependencies/spring-aop-3.0.5.RELEASE.jar
SOOT_FACT_GEN: Adding archive: /u/q8liang/Benchmarks/vraptor-vraptor-parent-3.5.5/vraptor-core/mvn_dependencies/spring-asm-3.0.5.RELEASE.jar
SOOT_FACT_GEN: Adding archive: /u/q8liang/Benchmarks/vraptor-vraptor-parent-3.5.5/vraptor-core/mvn_dependencies/spring-beans-3.0.5.RELEASE.jar
SOOT_FACT_GEN: Adding archive: /u/q8liang/Benchmarks/vraptor-vraptor-parent-3.5.5/vraptor-core/mvn_dependencies/spring-context-3.0.5.RELEASE.jar
SOOT_FACT_GEN: Adding archive: /u/q8liang/Benchmarks/vraptor-vraptor-parent-3.5.5/vraptor-core/mvn_dependencies/spring-core-3.0.5.RELEASE.jar
SOOT_FACT_GEN: Adding archive: /u/q8liang/Benchmarks/vraptor-vraptor-parent-3.5.5/vraptor-core/mvn_dependencies/spring-expression-3.0.5.RELEASE.jar
SOOT_FACT_GEN: Adding archive: /u/q8liang/Benchmarks/vraptor-vraptor-parent-3.5.5/vraptor-core/mvn_dependencies/spring-web-3.0.5.RELEASE.jar
SOOT_FACT_GEN: Adding archive: /u/q8liang/Benchmarks/vraptor-vraptor-parent-3.5.5/vraptor-core/mvn_dependencies/stax-api-1.0.1.jar
SOOT_FACT_GEN: Adding archive: /u/q8liang/Benchmarks/vraptor-vraptor-parent-3.5.5/vraptor-core/mvn_dependencies/validation-api-1.1.0.Final.jar
SOOT_FACT_GEN: Adding archive: /u/q8liang/Benchmarks/vraptor-vraptor-parent-3.5.5/vraptor-core/mvn_dependencies/xmlpull-1.1.3.1.jar
SOOT_FACT_GEN: Adding archive: /u/q8liang/Benchmarks/vraptor-vraptor-parent-3.5.5/vraptor-core/mvn_dependencies/xpp3_min-1.1.4c.jar
SOOT_FACT_GEN: Adding archive: /u/q8liang/Benchmarks/vraptor-vraptor-parent-3.5.5/vraptor-core/mvn_dependencies/xstream-1.4.7.jar
SOOT_FACT_GEN: Adding archive for resolving: /u/q8liang/doop/build/tmp/rt_4308089714379293927.jar
SOOT_FACT_GEN: Adding archive for resolving: /u/q8liang/doop/build/tmp/jce_9221321319699037104.jar
SOOT_FACT_GEN: Adding archive for resolving: /u/q8liang/doop/build/tmp/jsse_5905951100857497622.jar
SOOT_FACT_GEN: Classes in input (application) jar(s): 12648
SOOT_FACT_GEN: Total classes in Scene: 22389
SOOT_FACT_GEN: Retrieved all bodies (time: 91)
SOOT_FACT_GEN: Fact generation cores: 32
SOOT_FACT_GEN: WARNING: some classes were not resolved, consider using thorough fact generation or adding them manually via --also-resolve: [com.sun.beans.editors.BooleanEditor, groovy.lang.MetaClass, com.sun.org.apache.xpath.internal.functions.FuncConcat, com.sun.beans.editors.LongEditor, com.sun.org.apache.xpath.internal.functions.FuncLocalPart, com.sun.org.apache.xpath.internal.functions.FuncRound, com.sun.org.apache.xpath.internal.functions.FuncBoolean, com.sun.org.apache.xpath.internal.functions.FuncString, com.sun.org.apache.xpath.internal.functions.FuncCeiling, com.sun.syndication.feed.rss.Channel, com.sun.corba.se.impl.orb.ORBConfiguratorImpl, com.sun.syndication.feed.atom.Feed, com.sun.org.apache.xpath.internal.functions.FuncUnparsedEntityURI, com.sun.beans.editors.FloatEditor, com.sun.org.apache.xpath.internal.functions.FuncSum, com.sun.org.apache.xpath.internal.functions.FuncFloor, com.sun.org.apache.xpath.internal.functions.FuncSubstringAfter, java.beans.Customizer, javax.sound.sampled.Port, java.awt.dnd.MouseDragGestureRecognizer, java.sql.Types, com.sun.org.apache.xpath.internal.functions.FuncQname, com.sun.org.apache.xpath.internal.functions.FuncCurrent, com.sun.org.apache.xpath.internal.functions.FuncStringLength, com.sun.management.GarbageCollectorMXBean, com.sun.org.apache.xpath.internal.functions.FuncLang, com.sun.org.apache.xpath.internal.functions.FuncNot, com.sun.org.apache.xpath.internal.functions.FuncSystemProperty, com.sun.org.apache.xpath.internal.functions.FuncTranslate, com.sun.org.apache.xpath.internal.functions.FuncDoclocation, com.sun.org.apache.xpath.internal.functions.FuncId, com.sun.org.apache.xpath.internal.functions.FuncSubstringBefore, com.sun.org.apache.xpath.internal.functions.FuncNumber, com.sun.org.apache.xpath.internal.functions.FuncGenerateId, com.sun.beans.editors.ShortEditor, com.sun.org.apache.xpath.internal.functions.FuncFalse, java.rmi.activation.ActivationID, com.sun.org.apache.xpath.internal.functions.FuncContains, sun.util.locale.provider.HostLocaleProviderAdapterImpl, com.sun.org.apache.xpath.internal.functions.FuncSubstring, com.sun.org.apache.xpath.internal.functions.FuncStartsWith, com.sun.org.apache.xpath.internal.functions.FuncNamespace, com.sun.beans.editors.DoubleEditor, com.sun.org.apache.xpath.internal.functions.FuncCount, com.sun.org.apache.xpath.internal.functions.FuncExtElementAvailable, com.sun.beans.editors.ByteEditor, com.sun.beans.editors.IntegerEditor, com.sun.org.apache.xpath.internal.functions.FuncTrue, com.sun.org.apache.xpath.internal.functions.FuncNormalizeSpace, javax.rmi.CORBA.ClassDesc]
SOOT_FACT_GEN: Found 2307 phantom references. Rerun with '--report-phantoms' for more details.
SOOT_FACT_GEN: Methods without active bodies encountered (and reset): 0
Soot fact generation time: 153
Caching facts in /u/q8liang/doop/cache/c9499615a1d21bb911203f7db5de6c073a1c871dc82c263aaf02865587ccd33
Copying /u/q8liang/doop/out/vraptor-no-mock/database to /u/q8liang/doop/cache/c9499615a1d21bb911203f7db5de6c073a1c871dc82c263aaf02865587ccd33...
----
[Task FACTS Done]
Using /usr/bin/time to gather performance statistics...
Running analysis
Runtime info monitored in /u/q8liang/doop/out/vraptor-no-mock/monitoring.txt (& /u/q8liang/doop/out/vraptor-no-mock/monitoring.latest.txt)
1011.62user 67.81system 18:06.03elapsed 99%CPU (0avgtext+0avgdata 10368560maxresident)k
0inputs+45609688outputs (0major+27877620minor)pagefaults 0swaps
Analysis execution time (sec): 1086
-- Runtime metrics --
analysis compilation time (sec)                                                  0
analysis execution time (sec)                                                    1,086
disk footprint (KB)                                                              25,492,022
fact generation time (sec)                                                       153
-- Statistics --
var points-to (INS)                                                              35,130,111
var points-to (SENS)                                                             35,130,111
reachable variables (INS)                                                        238,439
reachable variables (SENS)                                                       238,439
reachable methods (INS)                                                          26,766
reachable methods (SENS)                                                         26,766
total methods                                                                    182,436
virtual call sites (statically)                                                  387,190
reachable virtual call sites                                                     67,612
polymorphic virtual call sites                                                   5,951
null virtual call sites                                                          17,065
empty virtual call sites                                                         3,456
app virtual call sites (statically)                                              214,682
app reachable virtual call sites                                                 39,864
app polymorphic virtual call sites                                               4,013
app null virtual call sites                                                      10,136
app empty reachable virtual call sites                                           2,484
array index points-to (INS)                                                      346,000
array index points-to (SENS)                                                     346,000
casts (statically)                                                               42,228
reachable casts                                                                  5,537
reachable casts that may fail                                                    4,693
app casts (statically)                                                           17,921
app reachable casts                                                              3,503
app reachable casts that may fail                                                3,062
app reachable methods                                                            14,689
app concrete methods                                                             83,687
instance field points-to (INS)                                                   2,617,759
instance field points-to (SENS)                                                  2,617,759
static field points-to (INS)                                                     6,426
static field points-to (SENS)                                                    6,426
app var points-to (INS)                                                          22,574,665
app var points-to (SENS)                                                         22,574,665
java.util var points-to (INS)                                                    6,154,215
java.util var points-to (SENS)                                                   6,154,215
app array index points-to (INS)                                                  224,245
app array index points-to (SENS)                                                 224,245
Mock Objects                                                                     0
app instance field points-to (INS)                                               1,726,509
app instance field points-to (SENS)                                              1,726,509
call graph edges (INS)                                                           198,195
call graph edges (SENS)                                                          198,195
non-reachable app concrete methods                                               69,007
Making database available at /u/q8liang/doop/results/vraptor-3.5.5/context-insensitive/java_8/vraptor-no-mock
Making database available at /u/q8liang/doop/last-analysis

Deprecated Gradle features were used in this build, making it incompatible with Gradle 7.0.
Use '--warning-mode all' to show the individual deprecation warnings.
See https://docs.gradle.org/6.7/userguide/command_line_interface.html#sec:command_line_warnings

BUILD SUCCESSFUL in 20m 53s
21 actionable tasks: 2 executed, 19 up-to-date
