./doop -a context-insensitive-plusplus -i /u/q8liang/Benchmarks/vraptor-vraptor-parent-3.5.5/vraptor-core/target/vraptor-3.5.5.jar -i /u/q8liang/Benchmarks/vraptor-vraptor-parent-3.5.5/vraptor-core/target/vraptor-3.5.5-tests.jar -i /u/q8liang/Benchmarks/vraptor-vraptor-parent-3.5.5/vraptor-core/mvn_dependencies --id vraptor-context-insensitive-plusplus-NORMAL --souffle-jobs 32 --main br.com.caelum.vraptor.RootDriver --define-cpp-macro USE_BASIC --extra-logic souffle-logic/analyses/mocks/mocks.dl
> Task :generators:code-processor:generateGrammarSource UP-TO-DATE
> Task :generators:code-processor:compileJava UP-TO-DATE
> Task :generators:code-processor:compileGroovy UP-TO-DATE
> Task :generators:code-processor:processResources NO-SOURCE
> Task :generators:code-processor:classes UP-TO-DATE
> Task :generators:code-processor:jar UP-TO-DATE
> Task :generators:fact-generator-common:compileJava UP-TO-DATE
> Task :generators:fact-generator-common:processResources NO-SOURCE
> Task :generators:fact-generator-common:classes UP-TO-DATE
> Task :generators:fact-generator-common:shadowJar UP-TO-DATE
> Task :compileJava UP-TO-DATE
> Task :compileGroovy UP-TO-DATE
> Task :resolveApktool
> Task :generators:dex-fact-generator:compileJava UP-TO-DATE
> Task :generators:dex-fact-generator:processResources NO-SOURCE
> Task :generators:dex-fact-generator:classes UP-TO-DATE
> Task :generators:dex-fact-generator:fatJar UP-TO-DATE
> Task :generators:dex-fact-generator:installJar UP-TO-DATE
> Task :generators:soot-fact-generator:compileJava UP-TO-DATE
> Task :generators:soot-fact-generator:compileGroovy NO-SOURCE
> Task :generators:soot-fact-generator:processResources NO-SOURCE
> Task :generators:soot-fact-generator:classes UP-TO-DATE
> Task :generators:soot-fact-generator:fatJar UP-TO-DATE
> Task :generators:soot-fact-generator:installJar UP-TO-DATE
> Task :generators:wala-fact-generator:compileJava UP-TO-DATE
> Task :generators:wala-fact-generator:processResources UP-TO-DATE
> Task :generators:wala-fact-generator:classes UP-TO-DATE
> Task :generators:wala-fact-generator:fatJar UP-TO-DATE
> Task :generators:wala-fact-generator:installJar UP-TO-DATE
> Task :resourceInstaller
> Task :processResources UP-TO-DATE
> Task :classes UP-TO-DATE
> Task :writeGitCommitHash UP-TO-DATE

> Task :run
Main class(es) expanded with [br.com.caelum.vraptor.RootDriver]
WARNING: Handling of Java reflection is disabled!
New context-insensitive-plusplus analysis
Id       : vraptor-context-insensitive-plusplus-NORMAL
Inputs   : /u/q8liang/Benchmarks/vraptor-vraptor-parent-3.5.5/vraptor-core/target/vraptor-3.5.5.jar, /u/q8liang/Benchmarks/vraptor-vraptor-parent-3.5.5/vraptor-core/target/vraptor-3.5.5-tests.jar, /u/q8liang/Benchmarks/vraptor-vraptor-parent-3.5.5/vraptor-core/mvn_dependencies/antlr-2.7.6.jar, /u/q8liang/Benchmarks/vraptor-vraptor-parent-3.5.5/vraptor-core/mvn_dependencies/aopalliance-1.0.jar, /u/q8liang/Benchmarks/vraptor-vraptor-parent-3.5.5/vraptor-core/mvn_dependencies/aspectjrt-1.6.9.jar, /u/q8liang/Benchmarks/vraptor-vraptor-parent-3.5.5/vraptor-core/mvn_dependencies/cdi-api-1.1.jar, /u/q8liang/Benchmarks/vraptor-vraptor-parent-3.5.5/vraptor-core/mvn_dependencies/classmate-0.8.0.jar, /u/q8liang/Benchmarks/vraptor-vraptor-parent-3.5.5/vraptor-core/mvn_dependencies/commons-collections-3.1.jar, /u/q8liang/Benchmarks/vraptor-vraptor-parent-3.5.5/vraptor-core/mvn_dependencies/commons-fileupload-1.3.jar, /u/q8liang/Benchmarks/vraptor-vraptor-parent-3.5.5/vraptor-core/mvn_dependencies/commons-io-2.2.jar, /u/q8liang/Benchmarks/vraptor-vraptor-parent-3.5.5/vraptor-core/mvn_dependencies/commons-logging-1.1.1.jar, /u/q8liang/Benchmarks/vraptor-vraptor-parent-3.5.5/vraptor-core/mvn_dependencies/dom4j-1.6.1.jar, /u/q8liang/Benchmarks/vraptor-vraptor-parent-3.5.5/vraptor-core/mvn_dependencies/ejb-api-3.0.jar, /u/q8liang/Benchmarks/vraptor-vraptor-parent-3.5.5/vraptor-core/mvn_dependencies/el-api-2.2.jar, /u/q8liang/Benchmarks/vraptor-vraptor-parent-3.5.5/vraptor-core/mvn_dependencies/gson-2.2.4.jar, /u/q8liang/Benchmarks/vraptor-vraptor-parent-3.5.5/vraptor-core/mvn_dependencies/guava-11.0.2.jar, /u/q8liang/Benchmarks/vraptor-vraptor-parent-3.5.5/vraptor-core/mvn_dependencies/guice-3.0.jar, /u/q8liang/Benchmarks/vraptor-vraptor-parent-3.5.5/vraptor-core/mvn_dependencies/guice-multibindings-3.0.jar, /u/q8liang/Benchmarks/vraptor-vraptor-parent-3.5.5/vraptor-core/mvn_dependencies/hamcrest-core-1.2.jar, /u/q8liang/Benchmarks/vraptor-vraptor-parent-3.5.5/vraptor-core/mvn_dependencies/hamcrest-library-1.2.jar, /u/q8liang/Benchmarks/vraptor-vraptor-parent-3.5.5/vraptor-core/mvn_dependencies/hibernate-commons-annotations-3.2.0.Final.jar, /u/q8liang/Benchmarks/vraptor-vraptor-parent-3.5.5/vraptor-core/mvn_dependencies/hibernate-core-3.6.6.Final.jar, /u/q8liang/Benchmarks/vraptor-vraptor-parent-3.5.5/vraptor-core/mvn_dependencies/hibernate-jpa-2.0-api-1.0.1.Final.jar, /u/q8liang/Benchmarks/vraptor-vraptor-parent-3.5.5/vraptor-core/mvn_dependencies/hibernate-validator-5.0.0.Final.jar, /u/q8liang/Benchmarks/vraptor-vraptor-parent-3.5.5/vraptor-core/mvn_dependencies/iogi-1.0.0.jar, /u/q8liang/Benchmarks/vraptor-vraptor-parent-3.5.5/vraptor-core/mvn_dependencies/javassist-3.12.1.GA.jar, /u/q8liang/Benchmarks/vraptor-vraptor-parent-3.5.5/vraptor-core/mvn_dependencies/javassist-3.7.ga.jar, /u/q8liang/Benchmarks/vraptor-vraptor-parent-3.5.5/vraptor-core/mvn_dependencies/javax.annotation-api-1.2.jar, /u/q8liang/Benchmarks/vraptor-vraptor-parent-3.5.5/vraptor-core/mvn_dependencies/javax.el-2.2.4.jar, /u/q8liang/Benchmarks/vraptor-vraptor-parent-3.5.5/vraptor-core/mvn_dependencies/javax.el-api-2.2.4.jar, /u/q8liang/Benchmarks/vraptor-vraptor-parent-3.5.5/vraptor-core/mvn_dependencies/javax.inject-1.jar, /u/q8liang/Benchmarks/vraptor-vraptor-parent-3.5.5/vraptor-core/mvn_dependencies/jboss-interceptors-api_1.1_spec-1.0.0.Beta1.jar, /u/q8liang/Benchmarks/vraptor-vraptor-parent-3.5.5/vraptor-core/mvn_dependencies/jboss-logging-3.1.1.GA.jar, /u/q8liang/Benchmarks/vraptor-vraptor-parent-3.5.5/vraptor-core/mvn_dependencies/jettison-1.2.jar, /u/q8liang/Benchmarks/vraptor-vraptor-parent-3.5.5/vraptor-core/mvn_dependencies/joda-time-1.6.jar, /u/q8liang/Benchmarks/vraptor-vraptor-parent-3.5.5/vraptor-core/mvn_dependencies/jsp-api-2.1.jar, /u/q8liang/Benchmarks/vraptor-vraptor-parent-3.5.5/vraptor-core/mvn_dependencies/jsr250-api-1.0.jar, /u/q8liang/Benchmarks/vraptor-vraptor-parent-3.5.5/vraptor-core/mvn_dependencies/jsr305-1.3.9.jar, /u/q8liang/Benchmarks/vraptor-vraptor-parent-3.5.5/vraptor-core/mvn_dependencies/jstl-1.2.jar, /u/q8liang/Benchmarks/vraptor-vraptor-parent-3.5.5/vraptor-core/mvn_dependencies/jta-1.1.jar, /u/q8liang/Benchmarks/vraptor-vraptor-parent-3.5.5/vraptor-core/mvn_dependencies/junit-4.10.jar, /u/q8liang/Benchmarks/vraptor-vraptor-parent-3.5.5/vraptor-core/mvn_dependencies/log4j-1.2.17.jar, /u/q8liang/Benchmarks/vraptor-vraptor-parent-3.5.5/vraptor-core/mvn_dependencies/mirror-1.6.1.jar, /u/q8liang/Benchmarks/vraptor-vraptor-parent-3.5.5/vraptor-core/mvn_dependencies/mockito-core-1.8.5.jar, /u/q8liang/Benchmarks/vraptor-vraptor-parent-3.5.5/vraptor-core/mvn_dependencies/objenesis-1.3.jar, /u/q8liang/Benchmarks/vraptor-vraptor-parent-3.5.5/vraptor-core/mvn_dependencies/ognl-2.7.3.jar, /u/q8liang/Benchmarks/vraptor-vraptor-parent-3.5.5/vraptor-core/mvn_dependencies/paranamer-2.5.2.jar, /u/q8liang/Benchmarks/vraptor-vraptor-parent-3.5.5/vraptor-core/mvn_dependencies/picocontainer-2.13.6.jar, /u/q8liang/Benchmarks/vraptor-vraptor-parent-3.5.5/vraptor-core/mvn_dependencies/scannotation-1.0.2.jar, /u/q8liang/Benchmarks/vraptor-vraptor-parent-3.5.5/vraptor-core/mvn_dependencies/servlet-api-3.0.20100224.jar, /u/q8liang/Benchmarks/vraptor-vraptor-parent-3.5.5/vraptor-core/mvn_dependencies/slf4j-api-1.6.6.jar, /u/q8liang/Benchmarks/vraptor-vraptor-parent-3.5.5/vraptor-core/mvn_dependencies/slf4j-log4j12-1.6.6.jar, /u/q8liang/Benchmarks/vraptor-vraptor-parent-3.5.5/vraptor-core/mvn_dependencies/spring-aop-3.0.5.RELEASE.jar, /u/q8liang/Benchmarks/vraptor-vraptor-parent-3.5.5/vraptor-core/mvn_dependencies/spring-asm-3.0.5.RELEASE.jar, /u/q8liang/Benchmarks/vraptor-vraptor-parent-3.5.5/vraptor-core/mvn_dependencies/spring-beans-3.0.5.RELEASE.jar, /u/q8liang/Benchmarks/vraptor-vraptor-parent-3.5.5/vraptor-core/mvn_dependencies/spring-context-3.0.5.RELEASE.jar, /u/q8liang/Benchmarks/vraptor-vraptor-parent-3.5.5/vraptor-core/mvn_dependencies/spring-core-3.0.5.RELEASE.jar, /u/q8liang/Benchmarks/vraptor-vraptor-parent-3.5.5/vraptor-core/mvn_dependencies/spring-expression-3.0.5.RELEASE.jar, /u/q8liang/Benchmarks/vraptor-vraptor-parent-3.5.5/vraptor-core/mvn_dependencies/spring-web-3.0.5.RELEASE.jar, /u/q8liang/Benchmarks/vraptor-vraptor-parent-3.5.5/vraptor-core/mvn_dependencies/stax-api-1.0.1.jar, /u/q8liang/Benchmarks/vraptor-vraptor-parent-3.5.5/vraptor-core/mvn_dependencies/validation-api-1.1.0.Final.jar, /u/q8liang/Benchmarks/vraptor-vraptor-parent-3.5.5/vraptor-core/mvn_dependencies/xmlpull-1.1.3.1.jar, /u/q8liang/Benchmarks/vraptor-vraptor-parent-3.5.5/vraptor-core/mvn_dependencies/xpp3_min-1.1.4c.jar, /u/q8liang/Benchmarks/vraptor-vraptor-parent-3.5.5/vraptor-core/mvn_dependencies/xstream-1.4.7.jar
Libraries: 
Using a timeout of 90 min.
Adding extra logic file /u/q8liang/doop_new/souffle-logic/analyses/mocks/mocks.dl
[Task COMPILE...]
[Task FACTS...]
-- Fact Generation --
Using cached analysis executable /u/q8liang/doop_new/cache/souffle-analyses/context-insensitive-plusplus/6186976f887978ad533c5bc3a6ebb17240116a2a0d616bcdaef0d735de6cdb8b
[Task COMPILE Done]
SOOT_FACT_GEN: Logging initialized, using directory: /u/q8liang/doop_new/build/logs
SOOT_FACT_GEN: SLF4J: Failed to load class "org.slf4j.impl.StaticLoggerBinder".
SOOT_FACT_GEN: SLF4J: Defaulting to no-operation (NOP) logger implementation
SOOT_FACT_GEN: SLF4J: See http://www.slf4j.org/codes.html#StaticLoggerBinder for further details.
SOOT_FACT_GEN: Preprocessing application: /u/q8liang/Benchmarks/vraptor-vraptor-parent-3.5.5/vraptor-core/target/vraptor-3.5.5.jar
SOOT_FACT_GEN: Preprocessing application: /u/q8liang/Benchmarks/vraptor-vraptor-parent-3.5.5/vraptor-core/target/vraptor-3.5.5-tests.jar
SOOT_FACT_GEN: Preprocessing application: /u/q8liang/Benchmarks/vraptor-vraptor-parent-3.5.5/vraptor-core/mvn_dependencies/antlr-2.7.6.jar
SOOT_FACT_GEN: Preprocessing application: /u/q8liang/Benchmarks/vraptor-vraptor-parent-3.5.5/vraptor-core/mvn_dependencies/aopalliance-1.0.jar
SOOT_FACT_GEN: Preprocessing application: /u/q8liang/Benchmarks/vraptor-vraptor-parent-3.5.5/vraptor-core/mvn_dependencies/aspectjrt-1.6.9.jar
SOOT_FACT_GEN: Preprocessing application: /u/q8liang/Benchmarks/vraptor-vraptor-parent-3.5.5/vraptor-core/mvn_dependencies/cdi-api-1.1.jar
SOOT_FACT_GEN: Preprocessing application: /u/q8liang/Benchmarks/vraptor-vraptor-parent-3.5.5/vraptor-core/mvn_dependencies/classmate-0.8.0.jar
SOOT_FACT_GEN: Preprocessing application: /u/q8liang/Benchmarks/vraptor-vraptor-parent-3.5.5/vraptor-core/mvn_dependencies/commons-collections-3.1.jar
SOOT_FACT_GEN: Preprocessing application: /u/q8liang/Benchmarks/vraptor-vraptor-parent-3.5.5/vraptor-core/mvn_dependencies/commons-fileupload-1.3.jar
SOOT_FACT_GEN: Preprocessing application: /u/q8liang/Benchmarks/vraptor-vraptor-parent-3.5.5/vraptor-core/mvn_dependencies/commons-io-2.2.jar
SOOT_FACT_GEN: Preprocessing application: /u/q8liang/Benchmarks/vraptor-vraptor-parent-3.5.5/vraptor-core/mvn_dependencies/commons-logging-1.1.1.jar
SOOT_FACT_GEN: Preprocessing application: /u/q8liang/Benchmarks/vraptor-vraptor-parent-3.5.5/vraptor-core/mvn_dependencies/dom4j-1.6.1.jar
SOOT_FACT_GEN: Preprocessing application: /u/q8liang/Benchmarks/vraptor-vraptor-parent-3.5.5/vraptor-core/mvn_dependencies/ejb-api-3.0.jar
SOOT_FACT_GEN: Preprocessing application: /u/q8liang/Benchmarks/vraptor-vraptor-parent-3.5.5/vraptor-core/mvn_dependencies/el-api-2.2.jar
SOOT_FACT_GEN: Preprocessing application: /u/q8liang/Benchmarks/vraptor-vraptor-parent-3.5.5/vraptor-core/mvn_dependencies/gson-2.2.4.jar
SOOT_FACT_GEN: Preprocessing application: /u/q8liang/Benchmarks/vraptor-vraptor-parent-3.5.5/vraptor-core/mvn_dependencies/guava-11.0.2.jar
SOOT_FACT_GEN: Preprocessing application: /u/q8liang/Benchmarks/vraptor-vraptor-parent-3.5.5/vraptor-core/mvn_dependencies/guice-3.0.jar
SOOT_FACT_GEN: Preprocessing application: /u/q8liang/Benchmarks/vraptor-vraptor-parent-3.5.5/vraptor-core/mvn_dependencies/guice-multibindings-3.0.jar
SOOT_FACT_GEN: Preprocessing application: /u/q8liang/Benchmarks/vraptor-vraptor-parent-3.5.5/vraptor-core/mvn_dependencies/hamcrest-core-1.2.jar
SOOT_FACT_GEN: Preprocessing application: /u/q8liang/Benchmarks/vraptor-vraptor-parent-3.5.5/vraptor-core/mvn_dependencies/hamcrest-library-1.2.jar
SOOT_FACT_GEN: Preprocessing application: /u/q8liang/Benchmarks/vraptor-vraptor-parent-3.5.5/vraptor-core/mvn_dependencies/hibernate-commons-annotations-3.2.0.Final.jar
SOOT_FACT_GEN: Preprocessing application: /u/q8liang/Benchmarks/vraptor-vraptor-parent-3.5.5/vraptor-core/mvn_dependencies/hibernate-core-3.6.6.Final.jar
SOOT_FACT_GEN: Preprocessing application: /u/q8liang/Benchmarks/vraptor-vraptor-parent-3.5.5/vraptor-core/mvn_dependencies/hibernate-jpa-2.0-api-1.0.1.Final.jar
SOOT_FACT_GEN: Preprocessing application: /u/q8liang/Benchmarks/vraptor-vraptor-parent-3.5.5/vraptor-core/mvn_dependencies/hibernate-validator-5.0.0.Final.jar
SOOT_FACT_GEN: Preprocessing application: /u/q8liang/Benchmarks/vraptor-vraptor-parent-3.5.5/vraptor-core/mvn_dependencies/iogi-1.0.0.jar
SOOT_FACT_GEN: Preprocessing application: /u/q8liang/Benchmarks/vraptor-vraptor-parent-3.5.5/vraptor-core/mvn_dependencies/javassist-3.12.1.GA.jar
SOOT_FACT_GEN: Preprocessing application: /u/q8liang/Benchmarks/vraptor-vraptor-parent-3.5.5/vraptor-core/mvn_dependencies/javassist-3.7.ga.jar
SOOT_FACT_GEN: Preprocessing application: /u/q8liang/Benchmarks/vraptor-vraptor-parent-3.5.5/vraptor-core/mvn_dependencies/javax.annotation-api-1.2.jar
SOOT_FACT_GEN: Preprocessing application: /u/q8liang/Benchmarks/vraptor-vraptor-parent-3.5.5/vraptor-core/mvn_dependencies/javax.el-2.2.4.jar
SOOT_FACT_GEN: Preprocessing application: /u/q8liang/Benchmarks/vraptor-vraptor-parent-3.5.5/vraptor-core/mvn_dependencies/javax.el-api-2.2.4.jar
SOOT_FACT_GEN: Preprocessing application: /u/q8liang/Benchmarks/vraptor-vraptor-parent-3.5.5/vraptor-core/mvn_dependencies/javax.inject-1.jar
SOOT_FACT_GEN: Preprocessing application: /u/q8liang/Benchmarks/vraptor-vraptor-parent-3.5.5/vraptor-core/mvn_dependencies/jboss-interceptors-api_1.1_spec-1.0.0.Beta1.jar
SOOT_FACT_GEN: Preprocessing application: /u/q8liang/Benchmarks/vraptor-vraptor-parent-3.5.5/vraptor-core/mvn_dependencies/jboss-logging-3.1.1.GA.jar
SOOT_FACT_GEN: Preprocessing application: /u/q8liang/Benchmarks/vraptor-vraptor-parent-3.5.5/vraptor-core/mvn_dependencies/jettison-1.2.jar
SOOT_FACT_GEN: Preprocessing application: /u/q8liang/Benchmarks/vraptor-vraptor-parent-3.5.5/vraptor-core/mvn_dependencies/joda-time-1.6.jar
SOOT_FACT_GEN: Preprocessing application: /u/q8liang/Benchmarks/vraptor-vraptor-parent-3.5.5/vraptor-core/mvn_dependencies/jsp-api-2.1.jar
SOOT_FACT_GEN: Preprocessing application: /u/q8liang/Benchmarks/vraptor-vraptor-parent-3.5.5/vraptor-core/mvn_dependencies/jsr250-api-1.0.jar
SOOT_FACT_GEN: Preprocessing application: /u/q8liang/Benchmarks/vraptor-vraptor-parent-3.5.5/vraptor-core/mvn_dependencies/jsr305-1.3.9.jar
SOOT_FACT_GEN: Preprocessing application: /u/q8liang/Benchmarks/vraptor-vraptor-parent-3.5.5/vraptor-core/mvn_dependencies/jstl-1.2.jar
SOOT_FACT_GEN: Preprocessing application: /u/q8liang/Benchmarks/vraptor-vraptor-parent-3.5.5/vraptor-core/mvn_dependencies/jta-1.1.jar
SOOT_FACT_GEN: Preprocessing application: /u/q8liang/Benchmarks/vraptor-vraptor-parent-3.5.5/vraptor-core/mvn_dependencies/junit-4.10.jar
SOOT_FACT_GEN: Preprocessing application: /u/q8liang/Benchmarks/vraptor-vraptor-parent-3.5.5/vraptor-core/mvn_dependencies/log4j-1.2.17.jar
SOOT_FACT_GEN: Preprocessing application: /u/q8liang/Benchmarks/vraptor-vraptor-parent-3.5.5/vraptor-core/mvn_dependencies/mirror-1.6.1.jar
SOOT_FACT_GEN: Preprocessing application: /u/q8liang/Benchmarks/vraptor-vraptor-parent-3.5.5/vraptor-core/mvn_dependencies/mockito-core-1.8.5.jar
SOOT_FACT_GEN: Preprocessing application: /u/q8liang/Benchmarks/vraptor-vraptor-parent-3.5.5/vraptor-core/mvn_dependencies/objenesis-1.3.jar
SOOT_FACT_GEN: Preprocessing application: /u/q8liang/Benchmarks/vraptor-vraptor-parent-3.5.5/vraptor-core/mvn_dependencies/ognl-2.7.3.jar
SOOT_FACT_GEN: Preprocessing application: /u/q8liang/Benchmarks/vraptor-vraptor-parent-3.5.5/vraptor-core/mvn_dependencies/paranamer-2.5.2.jar
SOOT_FACT_GEN: Preprocessing application: /u/q8liang/Benchmarks/vraptor-vraptor-parent-3.5.5/vraptor-core/mvn_dependencies/picocontainer-2.13.6.jar
SOOT_FACT_GEN: Preprocessing application: /u/q8liang/Benchmarks/vraptor-vraptor-parent-3.5.5/vraptor-core/mvn_dependencies/scannotation-1.0.2.jar
SOOT_FACT_GEN: Preprocessing application: /u/q8liang/Benchmarks/vraptor-vraptor-parent-3.5.5/vraptor-core/mvn_dependencies/servlet-api-3.0.20100224.jar
SOOT_FACT_GEN: Preprocessing application: /u/q8liang/Benchmarks/vraptor-vraptor-parent-3.5.5/vraptor-core/mvn_dependencies/slf4j-api-1.6.6.jar
SOOT_FACT_GEN: Preprocessing application: /u/q8liang/Benchmarks/vraptor-vraptor-parent-3.5.5/vraptor-core/mvn_dependencies/slf4j-log4j12-1.6.6.jar
SOOT_FACT_GEN: Preprocessing application: /u/q8liang/Benchmarks/vraptor-vraptor-parent-3.5.5/vraptor-core/mvn_dependencies/spring-aop-3.0.5.RELEASE.jar
SOOT_FACT_GEN: Preprocessing application: /u/q8liang/Benchmarks/vraptor-vraptor-parent-3.5.5/vraptor-core/mvn_dependencies/spring-asm-3.0.5.RELEASE.jar
SOOT_FACT_GEN: Preprocessing application: /u/q8liang/Benchmarks/vraptor-vraptor-parent-3.5.5/vraptor-core/mvn_dependencies/spring-beans-3.0.5.RELEASE.jar
SOOT_FACT_GEN: Preprocessing application: /u/q8liang/Benchmarks/vraptor-vraptor-parent-3.5.5/vraptor-core/mvn_dependencies/spring-context-3.0.5.RELEASE.jar
SOOT_FACT_GEN: Preprocessing application: /u/q8liang/Benchmarks/vraptor-vraptor-parent-3.5.5/vraptor-core/mvn_dependencies/spring-core-3.0.5.RELEASE.jar
SOOT_FACT_GEN: Preprocessing application: /u/q8liang/Benchmarks/vraptor-vraptor-parent-3.5.5/vraptor-core/mvn_dependencies/spring-expression-3.0.5.RELEASE.jar
SOOT_FACT_GEN: Preprocessing application: /u/q8liang/Benchmarks/vraptor-vraptor-parent-3.5.5/vraptor-core/mvn_dependencies/spring-web-3.0.5.RELEASE.jar
SOOT_FACT_GEN: Preprocessing application: /u/q8liang/Benchmarks/vraptor-vraptor-parent-3.5.5/vraptor-core/mvn_dependencies/stax-api-1.0.1.jar
SOOT_FACT_GEN: Preprocessing application: /u/q8liang/Benchmarks/vraptor-vraptor-parent-3.5.5/vraptor-core/mvn_dependencies/validation-api-1.1.0.Final.jar
SOOT_FACT_GEN: Preprocessing application: /u/q8liang/Benchmarks/vraptor-vraptor-parent-3.5.5/vraptor-core/mvn_dependencies/xmlpull-1.1.3.1.jar
SOOT_FACT_GEN: Preprocessing application: /u/q8liang/Benchmarks/vraptor-vraptor-parent-3.5.5/vraptor-core/mvn_dependencies/xpp3_min-1.1.4c.jar
SOOT_FACT_GEN: Preprocessing application: /u/q8liang/Benchmarks/vraptor-vraptor-parent-3.5.5/vraptor-core/mvn_dependencies/xstream-1.4.7.jar
SOOT_FACT_GEN: Preprocessing platform library: /u/q8liang/doop_new/build/tmp/rt_4879241351004523056.jar
SOOT_FACT_GEN: Preprocessing platform library: /u/q8liang/doop_new/build/tmp/jce_3459025653471165792.jar
SOOT_FACT_GEN: Preprocessing platform library: /u/q8liang/doop_new/build/tmp/jsse_3654355120331684690.jar
SOOT_FACT_GEN: Adding archive: /u/q8liang/Benchmarks/vraptor-vraptor-parent-3.5.5/vraptor-core/target/vraptor-3.5.5.jar
SOOT_FACT_GEN: Adding archive: /u/q8liang/Benchmarks/vraptor-vraptor-parent-3.5.5/vraptor-core/target/vraptor-3.5.5-tests.jar
SOOT_FACT_GEN: Adding archive: /u/q8liang/Benchmarks/vraptor-vraptor-parent-3.5.5/vraptor-core/mvn_dependencies/antlr-2.7.6.jar
SOOT_FACT_GEN: Adding archive: /u/q8liang/Benchmarks/vraptor-vraptor-parent-3.5.5/vraptor-core/mvn_dependencies/aopalliance-1.0.jar
SOOT_FACT_GEN: Adding archive: /u/q8liang/Benchmarks/vraptor-vraptor-parent-3.5.5/vraptor-core/mvn_dependencies/aspectjrt-1.6.9.jar
SOOT_FACT_GEN: Adding archive: /u/q8liang/Benchmarks/vraptor-vraptor-parent-3.5.5/vraptor-core/mvn_dependencies/cdi-api-1.1.jar
SOOT_FACT_GEN: Adding archive: /u/q8liang/Benchmarks/vraptor-vraptor-parent-3.5.5/vraptor-core/mvn_dependencies/classmate-0.8.0.jar
SOOT_FACT_GEN: Adding archive: /u/q8liang/Benchmarks/vraptor-vraptor-parent-3.5.5/vraptor-core/mvn_dependencies/commons-collections-3.1.jar
SOOT_FACT_GEN: Adding archive: /u/q8liang/Benchmarks/vraptor-vraptor-parent-3.5.5/vraptor-core/mvn_dependencies/commons-fileupload-1.3.jar
SOOT_FACT_GEN: Adding archive: /u/q8liang/Benchmarks/vraptor-vraptor-parent-3.5.5/vraptor-core/mvn_dependencies/commons-io-2.2.jar
SOOT_FACT_GEN: Adding archive: /u/q8liang/Benchmarks/vraptor-vraptor-parent-3.5.5/vraptor-core/mvn_dependencies/commons-logging-1.1.1.jar
SOOT_FACT_GEN: Adding archive: /u/q8liang/Benchmarks/vraptor-vraptor-parent-3.5.5/vraptor-core/mvn_dependencies/dom4j-1.6.1.jar
SOOT_FACT_GEN: Adding archive: /u/q8liang/Benchmarks/vraptor-vraptor-parent-3.5.5/vraptor-core/mvn_dependencies/ejb-api-3.0.jar
SOOT_FACT_GEN: Adding archive: /u/q8liang/Benchmarks/vraptor-vraptor-parent-3.5.5/vraptor-core/mvn_dependencies/el-api-2.2.jar
SOOT_FACT_GEN: Adding archive: /u/q8liang/Benchmarks/vraptor-vraptor-parent-3.5.5/vraptor-core/mvn_dependencies/gson-2.2.4.jar
SOOT_FACT_GEN: Adding archive: /u/q8liang/Benchmarks/vraptor-vraptor-parent-3.5.5/vraptor-core/mvn_dependencies/guava-11.0.2.jar
SOOT_FACT_GEN: Adding archive: /u/q8liang/Benchmarks/vraptor-vraptor-parent-3.5.5/vraptor-core/mvn_dependencies/guice-3.0.jar
SOOT_FACT_GEN: Adding archive: /u/q8liang/Benchmarks/vraptor-vraptor-parent-3.5.5/vraptor-core/mvn_dependencies/guice-multibindings-3.0.jar
SOOT_FACT_GEN: Adding archive: /u/q8liang/Benchmarks/vraptor-vraptor-parent-3.5.5/vraptor-core/mvn_dependencies/hamcrest-core-1.2.jar
SOOT_FACT_GEN: Adding archive: /u/q8liang/Benchmarks/vraptor-vraptor-parent-3.5.5/vraptor-core/mvn_dependencies/hamcrest-library-1.2.jar
SOOT_FACT_GEN: Adding archive: /u/q8liang/Benchmarks/vraptor-vraptor-parent-3.5.5/vraptor-core/mvn_dependencies/hibernate-commons-annotations-3.2.0.Final.jar
SOOT_FACT_GEN: Adding archive: /u/q8liang/Benchmarks/vraptor-vraptor-parent-3.5.5/vraptor-core/mvn_dependencies/hibernate-core-3.6.6.Final.jar
SOOT_FACT_GEN: Adding archive: /u/q8liang/Benchmarks/vraptor-vraptor-parent-3.5.5/vraptor-core/mvn_dependencies/hibernate-jpa-2.0-api-1.0.1.Final.jar
SOOT_FACT_GEN: Adding archive: /u/q8liang/Benchmarks/vraptor-vraptor-parent-3.5.5/vraptor-core/mvn_dependencies/hibernate-validator-5.0.0.Final.jar
SOOT_FACT_GEN: Adding archive: /u/q8liang/Benchmarks/vraptor-vraptor-parent-3.5.5/vraptor-core/mvn_dependencies/iogi-1.0.0.jar
SOOT_FACT_GEN: Adding archive: /u/q8liang/Benchmarks/vraptor-vraptor-parent-3.5.5/vraptor-core/mvn_dependencies/javassist-3.12.1.GA.jar
SOOT_FACT_GEN: Adding archive: /u/q8liang/Benchmarks/vraptor-vraptor-parent-3.5.5/vraptor-core/mvn_dependencies/javassist-3.7.ga.jar
SOOT_FACT_GEN: Adding archive: /u/q8liang/Benchmarks/vraptor-vraptor-parent-3.5.5/vraptor-core/mvn_dependencies/javax.annotation-api-1.2.jar
SOOT_FACT_GEN: Adding archive: /u/q8liang/Benchmarks/vraptor-vraptor-parent-3.5.5/vraptor-core/mvn_dependencies/javax.el-2.2.4.jar
SOOT_FACT_GEN: Adding archive: /u/q8liang/Benchmarks/vraptor-vraptor-parent-3.5.5/vraptor-core/mvn_dependencies/javax.el-api-2.2.4.jar
SOOT_FACT_GEN: Adding archive: /u/q8liang/Benchmarks/vraptor-vraptor-parent-3.5.5/vraptor-core/mvn_dependencies/javax.inject-1.jar
SOOT_FACT_GEN: Adding archive: /u/q8liang/Benchmarks/vraptor-vraptor-parent-3.5.5/vraptor-core/mvn_dependencies/jboss-interceptors-api_1.1_spec-1.0.0.Beta1.jar
SOOT_FACT_GEN: Adding archive: /u/q8liang/Benchmarks/vraptor-vraptor-parent-3.5.5/vraptor-core/mvn_dependencies/jboss-logging-3.1.1.GA.jar
SOOT_FACT_GEN: Adding archive: /u/q8liang/Benchmarks/vraptor-vraptor-parent-3.5.5/vraptor-core/mvn_dependencies/jettison-1.2.jar
SOOT_FACT_GEN: Adding archive: /u/q8liang/Benchmarks/vraptor-vraptor-parent-3.5.5/vraptor-core/mvn_dependencies/joda-time-1.6.jar
SOOT_FACT_GEN: Adding archive: /u/q8liang/Benchmarks/vraptor-vraptor-parent-3.5.5/vraptor-core/mvn_dependencies/jsp-api-2.1.jar
SOOT_FACT_GEN: Adding archive: /u/q8liang/Benchmarks/vraptor-vraptor-parent-3.5.5/vraptor-core/mvn_dependencies/jsr250-api-1.0.jar
SOOT_FACT_GEN: Adding archive: /u/q8liang/Benchmarks/vraptor-vraptor-parent-3.5.5/vraptor-core/mvn_dependencies/jsr305-1.3.9.jar
SOOT_FACT_GEN: Adding archive: /u/q8liang/Benchmarks/vraptor-vraptor-parent-3.5.5/vraptor-core/mvn_dependencies/jstl-1.2.jar
SOOT_FACT_GEN: Adding archive: /u/q8liang/Benchmarks/vraptor-vraptor-parent-3.5.5/vraptor-core/mvn_dependencies/jta-1.1.jar
SOOT_FACT_GEN: Adding archive: /u/q8liang/Benchmarks/vraptor-vraptor-parent-3.5.5/vraptor-core/mvn_dependencies/junit-4.10.jar
SOOT_FACT_GEN: Adding archive: /u/q8liang/Benchmarks/vraptor-vraptor-parent-3.5.5/vraptor-core/mvn_dependencies/log4j-1.2.17.jar
SOOT_FACT_GEN: Adding archive: /u/q8liang/Benchmarks/vraptor-vraptor-parent-3.5.5/vraptor-core/mvn_dependencies/mirror-1.6.1.jar
SOOT_FACT_GEN: Adding archive: /u/q8liang/Benchmarks/vraptor-vraptor-parent-3.5.5/vraptor-core/mvn_dependencies/mockito-core-1.8.5.jar
SOOT_FACT_GEN: Adding archive: /u/q8liang/Benchmarks/vraptor-vraptor-parent-3.5.5/vraptor-core/mvn_dependencies/objenesis-1.3.jar
SOOT_FACT_GEN: Adding archive: /u/q8liang/Benchmarks/vraptor-vraptor-parent-3.5.5/vraptor-core/mvn_dependencies/ognl-2.7.3.jar
SOOT_FACT_GEN: Adding archive: /u/q8liang/Benchmarks/vraptor-vraptor-parent-3.5.5/vraptor-core/mvn_dependencies/paranamer-2.5.2.jar
SOOT_FACT_GEN: Adding archive: /u/q8liang/Benchmarks/vraptor-vraptor-parent-3.5.5/vraptor-core/mvn_dependencies/picocontainer-2.13.6.jar
SOOT_FACT_GEN: Adding archive: /u/q8liang/Benchmarks/vraptor-vraptor-parent-3.5.5/vraptor-core/mvn_dependencies/scannotation-1.0.2.jar
SOOT_FACT_GEN: Adding archive: /u/q8liang/Benchmarks/vraptor-vraptor-parent-3.5.5/vraptor-core/mvn_dependencies/servlet-api-3.0.20100224.jar
SOOT_FACT_GEN: Adding archive: /u/q8liang/Benchmarks/vraptor-vraptor-parent-3.5.5/vraptor-core/mvn_dependencies/slf4j-api-1.6.6.jar
SOOT_FACT_GEN: Adding archive: /u/q8liang/Benchmarks/vraptor-vraptor-parent-3.5.5/vraptor-core/mvn_dependencies/slf4j-log4j12-1.6.6.jar
SOOT_FACT_GEN: Adding archive: /u/q8liang/Benchmarks/vraptor-vraptor-parent-3.5.5/vraptor-core/mvn_dependencies/spring-aop-3.0.5.RELEASE.jar
SOOT_FACT_GEN: Adding archive: /u/q8liang/Benchmarks/vraptor-vraptor-parent-3.5.5/vraptor-core/mvn_dependencies/spring-asm-3.0.5.RELEASE.jar
SOOT_FACT_GEN: Adding archive: /u/q8liang/Benchmarks/vraptor-vraptor-parent-3.5.5/vraptor-core/mvn_dependencies/spring-beans-3.0.5.RELEASE.jar
SOOT_FACT_GEN: Adding archive: /u/q8liang/Benchmarks/vraptor-vraptor-parent-3.5.5/vraptor-core/mvn_dependencies/spring-context-3.0.5.RELEASE.jar
SOOT_FACT_GEN: Adding archive: /u/q8liang/Benchmarks/vraptor-vraptor-parent-3.5.5/vraptor-core/mvn_dependencies/spring-core-3.0.5.RELEASE.jar
SOOT_FACT_GEN: Adding archive: /u/q8liang/Benchmarks/vraptor-vraptor-parent-3.5.5/vraptor-core/mvn_dependencies/spring-expression-3.0.5.RELEASE.jar
SOOT_FACT_GEN: Adding archive: /u/q8liang/Benchmarks/vraptor-vraptor-parent-3.5.5/vraptor-core/mvn_dependencies/spring-web-3.0.5.RELEASE.jar
SOOT_FACT_GEN: Adding archive: /u/q8liang/Benchmarks/vraptor-vraptor-parent-3.5.5/vraptor-core/mvn_dependencies/stax-api-1.0.1.jar
SOOT_FACT_GEN: Adding archive: /u/q8liang/Benchmarks/vraptor-vraptor-parent-3.5.5/vraptor-core/mvn_dependencies/validation-api-1.1.0.Final.jar
SOOT_FACT_GEN: Adding archive: /u/q8liang/Benchmarks/vraptor-vraptor-parent-3.5.5/vraptor-core/mvn_dependencies/xmlpull-1.1.3.1.jar
SOOT_FACT_GEN: Adding archive: /u/q8liang/Benchmarks/vraptor-vraptor-parent-3.5.5/vraptor-core/mvn_dependencies/xpp3_min-1.1.4c.jar
SOOT_FACT_GEN: Adding archive: /u/q8liang/Benchmarks/vraptor-vraptor-parent-3.5.5/vraptor-core/mvn_dependencies/xstream-1.4.7.jar
SOOT_FACT_GEN: Adding archive for resolving: /u/q8liang/doop_new/build/tmp/rt_4879241351004523056.jar
SOOT_FACT_GEN: Adding archive for resolving: /u/q8liang/doop_new/build/tmp/jce_3459025653471165792.jar
SOOT_FACT_GEN: Adding archive for resolving: /u/q8liang/doop_new/build/tmp/jsse_3654355120331684690.jar
SOOT_FACT_GEN: Classes in input (application) jar(s): 12648
SOOT_FACT_GEN: Total classes in Scene: 22389
SOOT_FACT_GEN: Retrieved all bodies (time: 94)
SOOT_FACT_GEN: Fact generation cores: 32
SOOT_FACT_GEN: WARNING: some classes were not resolved, consider using thorough fact generation or adding them manually via --also-resolve: [com.sun.beans.editors.BooleanEditor, groovy.lang.MetaClass, com.sun.org.apache.xpath.internal.functions.FuncConcat, com.sun.beans.editors.LongEditor, com.sun.org.apache.xpath.internal.functions.FuncLocalPart, com.sun.org.apache.xpath.internal.functions.FuncRound, com.sun.org.apache.xpath.internal.functions.FuncBoolean, com.sun.org.apache.xpath.internal.functions.FuncString, com.sun.org.apache.xpath.internal.functions.FuncCeiling, com.sun.syndication.feed.rss.Channel, com.sun.corba.se.impl.orb.ORBConfiguratorImpl, com.sun.syndication.feed.atom.Feed, com.sun.org.apache.xpath.internal.functions.FuncUnparsedEntityURI, com.sun.beans.editors.FloatEditor, com.sun.org.apache.xpath.internal.functions.FuncSum, com.sun.org.apache.xpath.internal.functions.FuncFloor, com.sun.org.apache.xpath.internal.functions.FuncSubstringAfter, java.beans.Customizer, javax.sound.sampled.Port, java.awt.dnd.MouseDragGestureRecognizer, java.sql.Types, com.sun.org.apache.xpath.internal.functions.FuncQname, com.sun.org.apache.xpath.internal.functions.FuncCurrent, com.sun.org.apache.xpath.internal.functions.FuncStringLength, com.sun.management.GarbageCollectorMXBean, com.sun.org.apache.xpath.internal.functions.FuncLang, com.sun.org.apache.xpath.internal.functions.FuncNot, com.sun.org.apache.xpath.internal.functions.FuncSystemProperty, com.sun.org.apache.xpath.internal.functions.FuncTranslate, com.sun.org.apache.xpath.internal.functions.FuncDoclocation, com.sun.org.apache.xpath.internal.functions.FuncId, com.sun.org.apache.xpath.internal.functions.FuncSubstringBefore, com.sun.org.apache.xpath.internal.functions.FuncNumber, com.sun.org.apache.xpath.internal.functions.FuncGenerateId, com.sun.beans.editors.ShortEditor, com.sun.org.apache.xpath.internal.functions.FuncFalse, java.rmi.activation.ActivationID, com.sun.org.apache.xpath.internal.functions.FuncContains, sun.util.locale.provider.HostLocaleProviderAdapterImpl, com.sun.org.apache.xpath.internal.functions.FuncSubstring, com.sun.org.apache.xpath.internal.functions.FuncStartsWith, com.sun.org.apache.xpath.internal.functions.FuncNamespace, com.sun.beans.editors.DoubleEditor, com.sun.org.apache.xpath.internal.functions.FuncCount, com.sun.org.apache.xpath.internal.functions.FuncExtElementAvailable, com.sun.beans.editors.ByteEditor, com.sun.beans.editors.IntegerEditor, com.sun.org.apache.xpath.internal.functions.FuncTrue, com.sun.org.apache.xpath.internal.functions.FuncNormalizeSpace, javax.rmi.CORBA.ClassDesc]
SOOT_FACT_GEN: Found 2343 phantom references. Rerun with '--report-phantoms' for more details.
SOOT_FACT_GEN: Methods without active bodies encountered (and reset): 0
Soot fact generation time: 158
Caching facts in /u/q8liang/doop_new/cache/9294018087f1e6ee19e420f6cff0edf68e34f221aecafbdde2f8358edaf2a0b0
Copying /u/q8liang/doop_new/out/vraptor-context-insensitive-plusplus-NORMAL/database to /u/q8liang/doop_new/cache/9294018087f1e6ee19e420f6cff0edf68e34f221aecafbdde2f8358edaf2a0b0...
----
[Task FACTS Done]
Using /usr/bin/time to gather performance statistics...
Running analysis
Runtime info monitored in /u/q8liang/doop_new/out/vraptor-context-insensitive-plusplus-NORMAL/monitoring.txt (& /u/q8liang/doop_new/out/vraptor-context-insensitive-plusplus-NORMAL/monitoring.latest.txt)
1099.97user 120.02system 20:44.14elapsed 98%CPU (0avgtext+0avgdata 9736736maxresident)k
10488inputs+93913304outputs (4major+40697592minor)pagefaults 0swaps
Analysis execution time (sec): 1245
-- Runtime metrics --
analysis compilation time (sec)                                                  0
analysis execution time (sec)                                                    1,245
disk footprint (KB)                                                              49,512,616
fact generation time (sec)                                                       158
-- Statistics --
var points-to (INS)                                                              27,023,982
var points-to (SENS)                                                             33,185,998
reachable variables (INS)                                                        237,127
reachable variables (SENS)                                                       284,695
reachable methods (INS)                                                          26,601
reachable methods (SENS)                                                         32,555
total methods                                                                    182,441
virtual call sites (statically)                                                  387,190
reachable virtual call sites                                                     67,301
polymorphic virtual call sites                                                   5,713
null virtual call sites                                                          16,733
empty virtual call sites                                                         3,471
app virtual call sites (statically)                                              214,682
app reachable virtual call sites                                                 39,675
app polymorphic virtual call sites                                               3,845
app null virtual call sites                                                      9,969
app empty reachable virtual call sites                                           2,500
array index points-to (INS)                                                      265,546
array index points-to (SENS)                                                     265,546
casts (statically)                                                               42,228
reachable casts                                                                  5,503
reachable casts that may fail                                                    4,478
app casts (statically)                                                           17,921
app reachable casts                                                              3,484
app reachable casts that may fail                                                2,991
app reachable methods                                                            14,575
app concrete methods                                                             83,689
instance field points-to (INS)                                                   2,056,986
instance field points-to (SENS)                                                  2,056,986
static field points-to (INS)                                                     5,590
static field points-to (SENS)                                                    5,590
app var points-to (INS)                                                          17,402,484
app var points-to (SENS)                                                         19,677,128
java.util var points-to (INS)                                                    4,686,341
java.util var points-to (SENS)                                                   5,869,078
app array index points-to (INS)                                                  172,858
app array index points-to (SENS)                                                 172,858
mock objects                                                                     0
mock objects for receivers                                                       0
mock objects for arg                                                             0
forced-reachable formals that could not be mocked                                0
app instance field points-to (INS)                                               1,358,372
app instance field points-to (SENS)                                              1,358,372
call graph edges (INS)                                                           186,703
call graph edges (SENS)                                                          288,248
non-reachable app concrete methods                                               69,123
Making database available at /u/q8liang/doop_new/results/vraptor-3.5.5/context-insensitive-plusplus/java_8/vraptor-context-insensitive-plusplus-NORMAL
Making database available at /u/q8liang/doop_new/last-analysis

Deprecated Gradle features were used in this build, making it incompatible with Gradle 7.0.
Use '--warning-mode all' to show the individual deprecation warnings.
See https://docs.gradle.org/6.7/userguide/command_line_interface.html#sec:command_line_warnings

BUILD SUCCESSFUL in 23m 45s
21 actionable tasks: 2 executed, 19 up-to-date
