> Task :generators:code-processor:generateGrammarSource UP-TO-DATE
> Task :generators:code-processor:compileJava UP-TO-DATE
> Task :generators:code-processor:compileGroovy UP-TO-DATE
> Task :generators:code-processor:processResources NO-SOURCE
> Task :generators:code-processor:classes UP-TO-DATE
> Task :generators:code-processor:jar UP-TO-DATE
> Task :generators:fact-generator-common:compileJava UP-TO-DATE
> Task :generators:fact-generator-common:processResources NO-SOURCE
> Task :generators:fact-generator-common:classes UP-TO-DATE
> Task :generators:fact-generator-common:shadowJar UP-TO-DATE
> Task :compileJava UP-TO-DATE
> Task :compileGroovy UP-TO-DATE
> Task :resolveApktool
> Task :generators:dex-fact-generator:compileJava UP-TO-DATE
> Task :generators:dex-fact-generator:processResources NO-SOURCE
> Task :generators:dex-fact-generator:classes UP-TO-DATE
> Task :generators:dex-fact-generator:jar
> Task :generators:dex-fact-generator:fatJar
> Task :generators:dex-fact-generator:installJar
> Task :generators:soot-fact-generator:compileJava UP-TO-DATE
> Task :generators:soot-fact-generator:compileGroovy NO-SOURCE
> Task :generators:soot-fact-generator:processResources NO-SOURCE
> Task :generators:soot-fact-generator:classes UP-TO-DATE
> Task :generators:soot-fact-generator:jar
> Task :generators:soot-fact-generator:fatJar
> Task :generators:soot-fact-generator:installJar
> Task :generators:wala-fact-generator:compileJava UP-TO-DATE
> Task :generators:wala-fact-generator:processResources UP-TO-DATE
> Task :generators:wala-fact-generator:classes UP-TO-DATE
> Task :generators:wala-fact-generator:jar
> Task :generators:wala-fact-generator:fatJar
> Task :generators:wala-fact-generator:installJar
> Task :resourceInstaller
> Task :processResources
> Task :classes
> Task :writeGitCommitHash UP-TO-DATE

> Task :run
Main class(es) expanded with [org.apache.ibatis.RootDriver]
WARNING: Handling of Java reflection is disabled!
New 1-object-sensitive analysis
Id       : mybatis-3-mybatis-3.5.6-1-object-sensitive-NORMAL
Inputs   : /u/p23lam/hacking/MockAbstraction/Benchmarks/mybatis-3-mybatis-3.5.6/target/mybatis-3.5.6.jar, /u/p23lam/hacking/MockAbstraction/Benchmarks/mybatis-3-mybatis-3.5.6/target/mybatis-3.5.6-tests.jar, /u/p23lam/hacking/MockAbstraction/Benchmarks/mybatis-3-mybatis-3.5.6/mvn_dependencies/annotations-19.0.0.jar, /u/p23lam/hacking/MockAbstraction/Benchmarks/mybatis-3-mybatis-3.5.6/mvn_dependencies/apiguardian-api-1.1.0.jar, /u/p23lam/hacking/MockAbstraction/Benchmarks/mybatis-3-mybatis-3.5.6/mvn_dependencies/asm-7.1.jar, /u/p23lam/hacking/MockAbstraction/Benchmarks/mybatis-3-mybatis-3.5.6/mvn_dependencies/assertj-core-3.17.2.jar, /u/p23lam/hacking/MockAbstraction/Benchmarks/mybatis-3-mybatis-3.5.6/mvn_dependencies/byte-buddy-1.10.15.jar, /u/p23lam/hacking/MockAbstraction/Benchmarks/mybatis-3-mybatis-3.5.6/mvn_dependencies/byte-buddy-agent-1.10.15.jar, /u/p23lam/hacking/MockAbstraction/Benchmarks/mybatis-3-mybatis-3.5.6/mvn_dependencies/catch-exception-2.0.jar, /u/p23lam/hacking/MockAbstraction/Benchmarks/mybatis-3-mybatis-3.5.6/mvn_dependencies/cglib-3.3.0.jar, /u/p23lam/hacking/MockAbstraction/Benchmarks/mybatis-3-mybatis-3.5.6/mvn_dependencies/checker-qual-3.5.0.jar, /u/p23lam/hacking/MockAbstraction/Benchmarks/mybatis-3-mybatis-3.5.6/mvn_dependencies/commons-compress-1.20.jar, /u/p23lam/hacking/MockAbstraction/Benchmarks/mybatis-3-mybatis-3.5.6/mvn_dependencies/commons-lang3-3.9.jar, /u/p23lam/hacking/MockAbstraction/Benchmarks/mybatis-3-mybatis-3.5.6/mvn_dependencies/commons-logging-1.2.jar, /u/p23lam/hacking/MockAbstraction/Benchmarks/mybatis-3-mybatis-3.5.6/mvn_dependencies/database-commons-1.14.3.jar, /u/p23lam/hacking/MockAbstraction/Benchmarks/mybatis-3-mybatis-3.5.6/mvn_dependencies/derby-10.14.2.0.jar, /u/p23lam/hacking/MockAbstraction/Benchmarks/mybatis-3-mybatis-3.5.6/mvn_dependencies/duct-tape-1.0.8.jar, /u/p23lam/hacking/MockAbstraction/Benchmarks/mybatis-3-mybatis-3.5.6/mvn_dependencies/h2-1.4.200.jar, /u/p23lam/hacking/MockAbstraction/Benchmarks/mybatis-3-mybatis-3.5.6/mvn_dependencies/hamcrest-core-1.3.jar, /u/p23lam/hacking/MockAbstraction/Benchmarks/mybatis-3-mybatis-3.5.6/mvn_dependencies/hsqldb-2.5.1.jar, /u/p23lam/hacking/MockAbstraction/Benchmarks/mybatis-3-mybatis-3.5.6/mvn_dependencies/javassist-3.27.0-GA.jar, /u/p23lam/hacking/MockAbstraction/Benchmarks/mybatis-3-mybatis-3.5.6/mvn_dependencies/jdbc-1.14.3.jar, /u/p23lam/hacking/MockAbstraction/Benchmarks/mybatis-3-mybatis-3.5.6/mvn_dependencies/jna-5.5.0.jar, /u/p23lam/hacking/MockAbstraction/Benchmarks/mybatis-3-mybatis-3.5.6/mvn_dependencies/jna-platform-5.5.0.jar, /u/p23lam/hacking/MockAbstraction/Benchmarks/mybatis-3-mybatis-3.5.6/mvn_dependencies/junit-4.12.jar, /u/p23lam/hacking/MockAbstraction/Benchmarks/mybatis-3-mybatis-3.5.6/mvn_dependencies/junit-jupiter-1.14.3.jar, /u/p23lam/hacking/MockAbstraction/Benchmarks/mybatis-3-mybatis-3.5.6/mvn_dependencies/junit-jupiter-api-5.7.0.jar, /u/p23lam/hacking/MockAbstraction/Benchmarks/mybatis-3-mybatis-3.5.6/mvn_dependencies/junit-jupiter-engine-5.7.0.jar, /u/p23lam/hacking/MockAbstraction/Benchmarks/mybatis-3-mybatis-3.5.6/mvn_dependencies/junit-platform-commons-1.7.0.jar, /u/p23lam/hacking/MockAbstraction/Benchmarks/mybatis-3-mybatis-3.5.6/mvn_dependencies/junit-platform-engine-1.7.0.jar, /u/p23lam/hacking/MockAbstraction/Benchmarks/mybatis-3-mybatis-3.5.6/mvn_dependencies/junixsocket-common-2.0.4.jar, /u/p23lam/hacking/MockAbstraction/Benchmarks/mybatis-3-mybatis-3.5.6/mvn_dependencies/junixsocket-native-common-2.0.4.jar, /u/p23lam/hacking/MockAbstraction/Benchmarks/mybatis-3-mybatis-3.5.6/mvn_dependencies/log4j-1.2.17.jar, /u/p23lam/hacking/MockAbstraction/Benchmarks/mybatis-3-mybatis-3.5.6/mvn_dependencies/log4j-api-2.13.3.jar, /u/p23lam/hacking/MockAbstraction/Benchmarks/mybatis-3-mybatis-3.5.6/mvn_dependencies/log4j-core-2.13.3.jar, /u/p23lam/hacking/MockAbstraction/Benchmarks/mybatis-3-mybatis-3.5.6/mvn_dependencies/mockito-core-3.5.13.jar, /u/p23lam/hacking/MockAbstraction/Benchmarks/mybatis-3-mybatis-3.5.6/mvn_dependencies/mockito-junit-jupiter-3.5.13.jar, /u/p23lam/hacking/MockAbstraction/Benchmarks/mybatis-3-mybatis-3.5.6/mvn_dependencies/mysql-1.14.3.jar, /u/p23lam/hacking/MockAbstraction/Benchmarks/mybatis-3-mybatis-3.5.6/mvn_dependencies/mysql-connector-java-8.0.21.jar, /u/p23lam/hacking/MockAbstraction/Benchmarks/mybatis-3-mybatis-3.5.6/mvn_dependencies/native-lib-loader-2.0.2.jar, /u/p23lam/hacking/MockAbstraction/Benchmarks/mybatis-3-mybatis-3.5.6/mvn_dependencies/objenesis-3.1.jar, /u/p23lam/hacking/MockAbstraction/Benchmarks/mybatis-3-mybatis-3.5.6/mvn_dependencies/ognl-3.2.15.jar, /u/p23lam/hacking/MockAbstraction/Benchmarks/mybatis-3-mybatis-3.5.6/mvn_dependencies/opentest4j-1.2.0.jar, /u/p23lam/hacking/MockAbstraction/Benchmarks/mybatis-3-mybatis-3.5.6/mvn_dependencies/postgresql-1.14.3.jar, /u/p23lam/hacking/MockAbstraction/Benchmarks/mybatis-3-mybatis-3.5.6/mvn_dependencies/postgresql-42.2.16.jar, /u/p23lam/hacking/MockAbstraction/Benchmarks/mybatis-3-mybatis-3.5.6/mvn_dependencies/protobuf-java-3.11.4.jar, /u/p23lam/hacking/MockAbstraction/Benchmarks/mybatis-3-mybatis-3.5.6/mvn_dependencies/slf4j-api-1.7.30.jar, /u/p23lam/hacking/MockAbstraction/Benchmarks/mybatis-3-mybatis-3.5.6/mvn_dependencies/slf4j-log4j12-1.7.30.jar, /u/p23lam/hacking/MockAbstraction/Benchmarks/mybatis-3-mybatis-3.5.6/mvn_dependencies/tcp-unix-socket-proxy-1.0.2.jar, /u/p23lam/hacking/MockAbstraction/Benchmarks/mybatis-3-mybatis-3.5.6/mvn_dependencies/testcontainers-1.14.3.jar, /u/p23lam/hacking/MockAbstraction/Benchmarks/mybatis-3-mybatis-3.5.6/mvn_dependencies/velocity-engine-core-2.2.jar, /u/p23lam/hacking/MockAbstraction/Benchmarks/mybatis-3-mybatis-3.5.6/mvn_dependencies/visible-assertions-2.1.2.jar
Libraries: 
Using a timeout of 90 min.
Adding extra logic file /u/p23lam/hacking/doop/souffle-logic/analyses/mocks/mocks.dl
[Task FACTS...]
[Task COMPILE...]
-- Fact Generation --
Using cached analysis executable /u/p23lam/hacking/doop/cache/souffle-analyses/1-object-sensitive/429940c583e84770f97f545b953dd9de38468e95d1902ac23a0ddc5ab475e79c
[Task COMPILE Done]
SOOT_FACT_GEN: Logging initialized, using directory: /u/p23lam/hacking/doop/build/logs
SOOT_FACT_GEN: SLF4J: Failed to load class "org.slf4j.impl.StaticLoggerBinder".
SOOT_FACT_GEN: SLF4J: Defaulting to no-operation (NOP) logger implementation
SOOT_FACT_GEN: SLF4J: See http://www.slf4j.org/codes.html#StaticLoggerBinder for further details.
SOOT_FACT_GEN: Preprocessing application: /u/p23lam/hacking/MockAbstraction/Benchmarks/mybatis-3-mybatis-3.5.6/target/mybatis-3.5.6.jar
SOOT_FACT_GEN: Preprocessing application: /u/p23lam/hacking/MockAbstraction/Benchmarks/mybatis-3-mybatis-3.5.6/target/mybatis-3.5.6-tests.jar
SOOT_FACT_GEN: Preprocessing application: /u/p23lam/hacking/MockAbstraction/Benchmarks/mybatis-3-mybatis-3.5.6/mvn_dependencies/annotations-19.0.0.jar
SOOT_FACT_GEN: Preprocessing application: /u/p23lam/hacking/MockAbstraction/Benchmarks/mybatis-3-mybatis-3.5.6/mvn_dependencies/apiguardian-api-1.1.0.jar
SOOT_FACT_GEN: Preprocessing application: /u/p23lam/hacking/MockAbstraction/Benchmarks/mybatis-3-mybatis-3.5.6/mvn_dependencies/asm-7.1.jar
SOOT_FACT_GEN: Preprocessing application: /u/p23lam/hacking/MockAbstraction/Benchmarks/mybatis-3-mybatis-3.5.6/mvn_dependencies/assertj-core-3.17.2.jar
SOOT_FACT_GEN: Preprocessing application: /u/p23lam/hacking/MockAbstraction/Benchmarks/mybatis-3-mybatis-3.5.6/mvn_dependencies/byte-buddy-1.10.15.jar
SOOT_FACT_GEN: Preprocessing application: /u/p23lam/hacking/MockAbstraction/Benchmarks/mybatis-3-mybatis-3.5.6/mvn_dependencies/byte-buddy-agent-1.10.15.jar
SOOT_FACT_GEN: Preprocessing application: /u/p23lam/hacking/MockAbstraction/Benchmarks/mybatis-3-mybatis-3.5.6/mvn_dependencies/catch-exception-2.0.jar
SOOT_FACT_GEN: Preprocessing application: /u/p23lam/hacking/MockAbstraction/Benchmarks/mybatis-3-mybatis-3.5.6/mvn_dependencies/cglib-3.3.0.jar
SOOT_FACT_GEN: Preprocessing application: /u/p23lam/hacking/MockAbstraction/Benchmarks/mybatis-3-mybatis-3.5.6/mvn_dependencies/checker-qual-3.5.0.jar
SOOT_FACT_GEN: Preprocessing application: /u/p23lam/hacking/MockAbstraction/Benchmarks/mybatis-3-mybatis-3.5.6/mvn_dependencies/commons-compress-1.20.jar
SOOT_FACT_GEN: Preprocessing application: /u/p23lam/hacking/MockAbstraction/Benchmarks/mybatis-3-mybatis-3.5.6/mvn_dependencies/commons-lang3-3.9.jar
SOOT_FACT_GEN: Preprocessing application: /u/p23lam/hacking/MockAbstraction/Benchmarks/mybatis-3-mybatis-3.5.6/mvn_dependencies/commons-logging-1.2.jar
SOOT_FACT_GEN: Preprocessing application: /u/p23lam/hacking/MockAbstraction/Benchmarks/mybatis-3-mybatis-3.5.6/mvn_dependencies/database-commons-1.14.3.jar
SOOT_FACT_GEN: Preprocessing application: /u/p23lam/hacking/MockAbstraction/Benchmarks/mybatis-3-mybatis-3.5.6/mvn_dependencies/derby-10.14.2.0.jar
SOOT_FACT_GEN: Preprocessing application: /u/p23lam/hacking/MockAbstraction/Benchmarks/mybatis-3-mybatis-3.5.6/mvn_dependencies/duct-tape-1.0.8.jar
SOOT_FACT_GEN: Preprocessing application: /u/p23lam/hacking/MockAbstraction/Benchmarks/mybatis-3-mybatis-3.5.6/mvn_dependencies/h2-1.4.200.jar
SOOT_FACT_GEN: Preprocessing application: /u/p23lam/hacking/MockAbstraction/Benchmarks/mybatis-3-mybatis-3.5.6/mvn_dependencies/hamcrest-core-1.3.jar
SOOT_FACT_GEN: Preprocessing application: /u/p23lam/hacking/MockAbstraction/Benchmarks/mybatis-3-mybatis-3.5.6/mvn_dependencies/hsqldb-2.5.1.jar
SOOT_FACT_GEN: Preprocessing application: /u/p23lam/hacking/MockAbstraction/Benchmarks/mybatis-3-mybatis-3.5.6/mvn_dependencies/javassist-3.27.0-GA.jar
SOOT_FACT_GEN: Preprocessing application: /u/p23lam/hacking/MockAbstraction/Benchmarks/mybatis-3-mybatis-3.5.6/mvn_dependencies/jdbc-1.14.3.jar
SOOT_FACT_GEN: Preprocessing application: /u/p23lam/hacking/MockAbstraction/Benchmarks/mybatis-3-mybatis-3.5.6/mvn_dependencies/jna-5.5.0.jar
SOOT_FACT_GEN: Preprocessing application: /u/p23lam/hacking/MockAbstraction/Benchmarks/mybatis-3-mybatis-3.5.6/mvn_dependencies/jna-platform-5.5.0.jar
SOOT_FACT_GEN: Preprocessing application: /u/p23lam/hacking/MockAbstraction/Benchmarks/mybatis-3-mybatis-3.5.6/mvn_dependencies/junit-4.12.jar
SOOT_FACT_GEN: Preprocessing application: /u/p23lam/hacking/MockAbstraction/Benchmarks/mybatis-3-mybatis-3.5.6/mvn_dependencies/junit-jupiter-1.14.3.jar
SOOT_FACT_GEN: Preprocessing application: /u/p23lam/hacking/MockAbstraction/Benchmarks/mybatis-3-mybatis-3.5.6/mvn_dependencies/junit-jupiter-api-5.7.0.jar
SOOT_FACT_GEN: Preprocessing application: /u/p23lam/hacking/MockAbstraction/Benchmarks/mybatis-3-mybatis-3.5.6/mvn_dependencies/junit-jupiter-engine-5.7.0.jar
SOOT_FACT_GEN: Preprocessing application: /u/p23lam/hacking/MockAbstraction/Benchmarks/mybatis-3-mybatis-3.5.6/mvn_dependencies/junit-platform-commons-1.7.0.jar
SOOT_FACT_GEN: Preprocessing application: /u/p23lam/hacking/MockAbstraction/Benchmarks/mybatis-3-mybatis-3.5.6/mvn_dependencies/junit-platform-engine-1.7.0.jar
SOOT_FACT_GEN: Preprocessing application: /u/p23lam/hacking/MockAbstraction/Benchmarks/mybatis-3-mybatis-3.5.6/mvn_dependencies/junixsocket-common-2.0.4.jar
SOOT_FACT_GEN: Preprocessing application: /u/p23lam/hacking/MockAbstraction/Benchmarks/mybatis-3-mybatis-3.5.6/mvn_dependencies/junixsocket-native-common-2.0.4.jar
SOOT_FACT_GEN: Preprocessing application: /u/p23lam/hacking/MockAbstraction/Benchmarks/mybatis-3-mybatis-3.5.6/mvn_dependencies/log4j-1.2.17.jar
SOOT_FACT_GEN: Preprocessing application: /u/p23lam/hacking/MockAbstraction/Benchmarks/mybatis-3-mybatis-3.5.6/mvn_dependencies/log4j-api-2.13.3.jar
SOOT_FACT_GEN: Preprocessing application: /u/p23lam/hacking/MockAbstraction/Benchmarks/mybatis-3-mybatis-3.5.6/mvn_dependencies/log4j-core-2.13.3.jar
SOOT_FACT_GEN: Preprocessing application: /u/p23lam/hacking/MockAbstraction/Benchmarks/mybatis-3-mybatis-3.5.6/mvn_dependencies/mockito-core-3.5.13.jar
SOOT_FACT_GEN: Preprocessing application: /u/p23lam/hacking/MockAbstraction/Benchmarks/mybatis-3-mybatis-3.5.6/mvn_dependencies/mockito-junit-jupiter-3.5.13.jar
SOOT_FACT_GEN: Preprocessing application: /u/p23lam/hacking/MockAbstraction/Benchmarks/mybatis-3-mybatis-3.5.6/mvn_dependencies/mysql-1.14.3.jar
SOOT_FACT_GEN: Preprocessing application: /u/p23lam/hacking/MockAbstraction/Benchmarks/mybatis-3-mybatis-3.5.6/mvn_dependencies/mysql-connector-java-8.0.21.jar
SOOT_FACT_GEN: Preprocessing application: /u/p23lam/hacking/MockAbstraction/Benchmarks/mybatis-3-mybatis-3.5.6/mvn_dependencies/native-lib-loader-2.0.2.jar
SOOT_FACT_GEN: Preprocessing application: /u/p23lam/hacking/MockAbstraction/Benchmarks/mybatis-3-mybatis-3.5.6/mvn_dependencies/objenesis-3.1.jar
SOOT_FACT_GEN: Preprocessing application: /u/p23lam/hacking/MockAbstraction/Benchmarks/mybatis-3-mybatis-3.5.6/mvn_dependencies/ognl-3.2.15.jar
SOOT_FACT_GEN: Preprocessing application: /u/p23lam/hacking/MockAbstraction/Benchmarks/mybatis-3-mybatis-3.5.6/mvn_dependencies/opentest4j-1.2.0.jar
SOOT_FACT_GEN: Preprocessing application: /u/p23lam/hacking/MockAbstraction/Benchmarks/mybatis-3-mybatis-3.5.6/mvn_dependencies/postgresql-1.14.3.jar
SOOT_FACT_GEN: Preprocessing application: /u/p23lam/hacking/MockAbstraction/Benchmarks/mybatis-3-mybatis-3.5.6/mvn_dependencies/postgresql-42.2.16.jar
SOOT_FACT_GEN: Preprocessing application: /u/p23lam/hacking/MockAbstraction/Benchmarks/mybatis-3-mybatis-3.5.6/mvn_dependencies/protobuf-java-3.11.4.jar
SOOT_FACT_GEN: Preprocessing application: /u/p23lam/hacking/MockAbstraction/Benchmarks/mybatis-3-mybatis-3.5.6/mvn_dependencies/slf4j-api-1.7.30.jar
SOOT_FACT_GEN: Preprocessing application: /u/p23lam/hacking/MockAbstraction/Benchmarks/mybatis-3-mybatis-3.5.6/mvn_dependencies/slf4j-log4j12-1.7.30.jar
SOOT_FACT_GEN: Preprocessing application: /u/p23lam/hacking/MockAbstraction/Benchmarks/mybatis-3-mybatis-3.5.6/mvn_dependencies/tcp-unix-socket-proxy-1.0.2.jar
SOOT_FACT_GEN: Preprocessing application: /u/p23lam/hacking/MockAbstraction/Benchmarks/mybatis-3-mybatis-3.5.6/mvn_dependencies/testcontainers-1.14.3.jar
SOOT_FACT_GEN: Preprocessing application: /u/p23lam/hacking/MockAbstraction/Benchmarks/mybatis-3-mybatis-3.5.6/mvn_dependencies/velocity-engine-core-2.2.jar
SOOT_FACT_GEN: Preprocessing application: /u/p23lam/hacking/MockAbstraction/Benchmarks/mybatis-3-mybatis-3.5.6/mvn_dependencies/visible-assertions-2.1.2.jar
SOOT_FACT_GEN: Preprocessing platform library: /u/p23lam/hacking/doop/build/tmp/rt_2999595106928568629.jar
SOOT_FACT_GEN: Preprocessing platform library: /u/p23lam/hacking/doop/build/tmp/jce_13963653470660168719.jar
SOOT_FACT_GEN: Preprocessing platform library: /u/p23lam/hacking/doop/build/tmp/jsse_17201986555464893679.jar
SOOT_FACT_GEN: Adding archive: /u/p23lam/hacking/MockAbstraction/Benchmarks/mybatis-3-mybatis-3.5.6/target/mybatis-3.5.6.jar
SOOT_FACT_GEN: Adding archive: /u/p23lam/hacking/MockAbstraction/Benchmarks/mybatis-3-mybatis-3.5.6/target/mybatis-3.5.6-tests.jar
SOOT_FACT_GEN: Adding archive: /u/p23lam/hacking/MockAbstraction/Benchmarks/mybatis-3-mybatis-3.5.6/mvn_dependencies/annotations-19.0.0.jar
SOOT_FACT_GEN: Adding archive: /u/p23lam/hacking/MockAbstraction/Benchmarks/mybatis-3-mybatis-3.5.6/mvn_dependencies/apiguardian-api-1.1.0.jar
SOOT_FACT_GEN: Adding archive: /u/p23lam/hacking/MockAbstraction/Benchmarks/mybatis-3-mybatis-3.5.6/mvn_dependencies/asm-7.1.jar
SOOT_FACT_GEN: Adding archive: /u/p23lam/hacking/MockAbstraction/Benchmarks/mybatis-3-mybatis-3.5.6/mvn_dependencies/assertj-core-3.17.2.jar
SOOT_FACT_GEN: Adding archive: /u/p23lam/hacking/MockAbstraction/Benchmarks/mybatis-3-mybatis-3.5.6/mvn_dependencies/byte-buddy-1.10.15.jar
SOOT_FACT_GEN: Adding archive: /u/p23lam/hacking/MockAbstraction/Benchmarks/mybatis-3-mybatis-3.5.6/mvn_dependencies/byte-buddy-agent-1.10.15.jar
SOOT_FACT_GEN: Adding archive: /u/p23lam/hacking/MockAbstraction/Benchmarks/mybatis-3-mybatis-3.5.6/mvn_dependencies/catch-exception-2.0.jar
SOOT_FACT_GEN: Adding archive: /u/p23lam/hacking/MockAbstraction/Benchmarks/mybatis-3-mybatis-3.5.6/mvn_dependencies/cglib-3.3.0.jar
SOOT_FACT_GEN: Adding archive: /u/p23lam/hacking/MockAbstraction/Benchmarks/mybatis-3-mybatis-3.5.6/mvn_dependencies/checker-qual-3.5.0.jar
SOOT_FACT_GEN: Adding archive: /u/p23lam/hacking/MockAbstraction/Benchmarks/mybatis-3-mybatis-3.5.6/mvn_dependencies/commons-compress-1.20.jar
SOOT_FACT_GEN: Adding archive: /u/p23lam/hacking/MockAbstraction/Benchmarks/mybatis-3-mybatis-3.5.6/mvn_dependencies/commons-lang3-3.9.jar
SOOT_FACT_GEN: Adding archive: /u/p23lam/hacking/MockAbstraction/Benchmarks/mybatis-3-mybatis-3.5.6/mvn_dependencies/commons-logging-1.2.jar
SOOT_FACT_GEN: Adding archive: /u/p23lam/hacking/MockAbstraction/Benchmarks/mybatis-3-mybatis-3.5.6/mvn_dependencies/database-commons-1.14.3.jar
SOOT_FACT_GEN: Adding archive: /u/p23lam/hacking/MockAbstraction/Benchmarks/mybatis-3-mybatis-3.5.6/mvn_dependencies/derby-10.14.2.0.jar
SOOT_FACT_GEN: Adding archive: /u/p23lam/hacking/MockAbstraction/Benchmarks/mybatis-3-mybatis-3.5.6/mvn_dependencies/duct-tape-1.0.8.jar
SOOT_FACT_GEN: Adding archive: /u/p23lam/hacking/MockAbstraction/Benchmarks/mybatis-3-mybatis-3.5.6/mvn_dependencies/h2-1.4.200.jar
SOOT_FACT_GEN: Adding archive: /u/p23lam/hacking/MockAbstraction/Benchmarks/mybatis-3-mybatis-3.5.6/mvn_dependencies/hamcrest-core-1.3.jar
SOOT_FACT_GEN: Adding archive: /u/p23lam/hacking/MockAbstraction/Benchmarks/mybatis-3-mybatis-3.5.6/mvn_dependencies/hsqldb-2.5.1.jar
SOOT_FACT_GEN: Adding archive: /u/p23lam/hacking/MockAbstraction/Benchmarks/mybatis-3-mybatis-3.5.6/mvn_dependencies/javassist-3.27.0-GA.jar
SOOT_FACT_GEN: Adding archive: /u/p23lam/hacking/MockAbstraction/Benchmarks/mybatis-3-mybatis-3.5.6/mvn_dependencies/jdbc-1.14.3.jar
SOOT_FACT_GEN: Adding archive: /u/p23lam/hacking/MockAbstraction/Benchmarks/mybatis-3-mybatis-3.5.6/mvn_dependencies/jna-5.5.0.jar
SOOT_FACT_GEN: Adding archive: /u/p23lam/hacking/MockAbstraction/Benchmarks/mybatis-3-mybatis-3.5.6/mvn_dependencies/jna-platform-5.5.0.jar
SOOT_FACT_GEN: Adding archive: /u/p23lam/hacking/MockAbstraction/Benchmarks/mybatis-3-mybatis-3.5.6/mvn_dependencies/junit-4.12.jar
SOOT_FACT_GEN: Adding archive: /u/p23lam/hacking/MockAbstraction/Benchmarks/mybatis-3-mybatis-3.5.6/mvn_dependencies/junit-jupiter-1.14.3.jar
SOOT_FACT_GEN: Adding archive: /u/p23lam/hacking/MockAbstraction/Benchmarks/mybatis-3-mybatis-3.5.6/mvn_dependencies/junit-jupiter-api-5.7.0.jar
SOOT_FACT_GEN: Adding archive: /u/p23lam/hacking/MockAbstraction/Benchmarks/mybatis-3-mybatis-3.5.6/mvn_dependencies/junit-jupiter-engine-5.7.0.jar
SOOT_FACT_GEN: Adding archive: /u/p23lam/hacking/MockAbstraction/Benchmarks/mybatis-3-mybatis-3.5.6/mvn_dependencies/junit-platform-commons-1.7.0.jar
SOOT_FACT_GEN: Adding archive: /u/p23lam/hacking/MockAbstraction/Benchmarks/mybatis-3-mybatis-3.5.6/mvn_dependencies/junit-platform-engine-1.7.0.jar
SOOT_FACT_GEN: Adding archive: /u/p23lam/hacking/MockAbstraction/Benchmarks/mybatis-3-mybatis-3.5.6/mvn_dependencies/junixsocket-common-2.0.4.jar
SOOT_FACT_GEN: Adding archive: /u/p23lam/hacking/MockAbstraction/Benchmarks/mybatis-3-mybatis-3.5.6/mvn_dependencies/junixsocket-native-common-2.0.4.jar
SOOT_FACT_GEN: Adding archive: /u/p23lam/hacking/MockAbstraction/Benchmarks/mybatis-3-mybatis-3.5.6/mvn_dependencies/log4j-1.2.17.jar
SOOT_FACT_GEN: Adding archive: /u/p23lam/hacking/MockAbstraction/Benchmarks/mybatis-3-mybatis-3.5.6/mvn_dependencies/log4j-api-2.13.3.jar
SOOT_FACT_GEN: Adding archive: /u/p23lam/hacking/MockAbstraction/Benchmarks/mybatis-3-mybatis-3.5.6/mvn_dependencies/log4j-core-2.13.3.jar
SOOT_FACT_GEN: Adding archive: /u/p23lam/hacking/MockAbstraction/Benchmarks/mybatis-3-mybatis-3.5.6/mvn_dependencies/mockito-core-3.5.13.jar
SOOT_FACT_GEN: Adding archive: /u/p23lam/hacking/MockAbstraction/Benchmarks/mybatis-3-mybatis-3.5.6/mvn_dependencies/mockito-junit-jupiter-3.5.13.jar
SOOT_FACT_GEN: Adding archive: /u/p23lam/hacking/MockAbstraction/Benchmarks/mybatis-3-mybatis-3.5.6/mvn_dependencies/mysql-1.14.3.jar
SOOT_FACT_GEN: Adding archive: /u/p23lam/hacking/MockAbstraction/Benchmarks/mybatis-3-mybatis-3.5.6/mvn_dependencies/mysql-connector-java-8.0.21.jar
SOOT_FACT_GEN: Adding archive: /u/p23lam/hacking/MockAbstraction/Benchmarks/mybatis-3-mybatis-3.5.6/mvn_dependencies/native-lib-loader-2.0.2.jar
SOOT_FACT_GEN: Adding archive: /u/p23lam/hacking/MockAbstraction/Benchmarks/mybatis-3-mybatis-3.5.6/mvn_dependencies/objenesis-3.1.jar
SOOT_FACT_GEN: Adding archive: /u/p23lam/hacking/MockAbstraction/Benchmarks/mybatis-3-mybatis-3.5.6/mvn_dependencies/ognl-3.2.15.jar
SOOT_FACT_GEN: Adding archive: /u/p23lam/hacking/MockAbstraction/Benchmarks/mybatis-3-mybatis-3.5.6/mvn_dependencies/opentest4j-1.2.0.jar
SOOT_FACT_GEN: Adding archive: /u/p23lam/hacking/MockAbstraction/Benchmarks/mybatis-3-mybatis-3.5.6/mvn_dependencies/postgresql-1.14.3.jar
SOOT_FACT_GEN: Adding archive: /u/p23lam/hacking/MockAbstraction/Benchmarks/mybatis-3-mybatis-3.5.6/mvn_dependencies/postgresql-42.2.16.jar
SOOT_FACT_GEN: Adding archive: /u/p23lam/hacking/MockAbstraction/Benchmarks/mybatis-3-mybatis-3.5.6/mvn_dependencies/protobuf-java-3.11.4.jar
SOOT_FACT_GEN: Adding archive: /u/p23lam/hacking/MockAbstraction/Benchmarks/mybatis-3-mybatis-3.5.6/mvn_dependencies/slf4j-api-1.7.30.jar
SOOT_FACT_GEN: Adding archive: /u/p23lam/hacking/MockAbstraction/Benchmarks/mybatis-3-mybatis-3.5.6/mvn_dependencies/slf4j-log4j12-1.7.30.jar
SOOT_FACT_GEN: Adding archive: /u/p23lam/hacking/MockAbstraction/Benchmarks/mybatis-3-mybatis-3.5.6/mvn_dependencies/tcp-unix-socket-proxy-1.0.2.jar
SOOT_FACT_GEN: Adding archive: /u/p23lam/hacking/MockAbstraction/Benchmarks/mybatis-3-mybatis-3.5.6/mvn_dependencies/testcontainers-1.14.3.jar
SOOT_FACT_GEN: Adding archive: /u/p23lam/hacking/MockAbstraction/Benchmarks/mybatis-3-mybatis-3.5.6/mvn_dependencies/velocity-engine-core-2.2.jar
SOOT_FACT_GEN: Adding archive: /u/p23lam/hacking/MockAbstraction/Benchmarks/mybatis-3-mybatis-3.5.6/mvn_dependencies/visible-assertions-2.1.2.jar
SOOT_FACT_GEN: Adding archive for resolving: /u/p23lam/hacking/doop/build/tmp/rt_2999595106928568629.jar
SOOT_FACT_GEN: Adding archive for resolving: /u/p23lam/hacking/doop/build/tmp/jce_13963653470660168719.jar
SOOT_FACT_GEN: Adding archive for resolving: /u/p23lam/hacking/doop/build/tmp/jsse_17201986555464893679.jar
SOOT_FACT_GEN: Classes in input (application) jar(s): 28775
SOOT_FACT_GEN: Total classes in Scene: 37346
SOOT_FACT_GEN: Retrieved all bodies (time: 156)
SOOT_FACT_GEN: Fact generation cores: 32
SOOT_FACT_GEN: WARNING: some classes were not resolved, consider using thorough fact generation or adding them manually via --also-resolve: [java.lang.Boolean[], java.beans.Customizer, javax.sound.sampled.Port, java.lang.Character[], java.awt.dnd.MouseDragGestureRecognizer, java.sql.Types, java.lang.Long[], com.sun.beans.editors.BooleanEditor, byte[], com.sun.java.util.jar.pack.UnpackerImpl, int[], com.sun.management.GarbageCollectorMXBean, java.lang.Object[], com.sun.beans.editors.LongEditor, java.lang.Integer[], double[], java.lang.Byte[], java.lang.String[], com.sun.beans.editors.ShortEditor, char[], java.util.concurrent.ConcurrentSkipListMap, sun.util.locale.provider.HostLocaleProviderAdapterImpl, float[], com.sun.java.util.jar.pack.PackerImpl, boolean[], com.sun.beans.editors.DoubleEditor, com.sun.beans.editors.ByteEditor, com.sun.beans.editors.FloatEditor, java.lang.Float[], com.sun.beans.editors.IntegerEditor, short[], long[], java.util.concurrent.ConcurrentNavigableMap, java.lang.Double[], java.lang.Short[]]
SOOT_FACT_GEN: Found 1947 phantom references. Rerun with '--report-phantoms' for more details.
SOOT_FACT_GEN: Methods without active bodies encountered (and reset): 0
Soot fact generation time: 283
Caching facts in /u/p23lam/hacking/doop/cache/e5deee68e0a7364e1dd9363fed19cfb9a62003c4ff0dbdf5eb92461b4d5f54f0
Copying /u/p23lam/hacking/doop/out/mybatis-3-mybatis-3.5.6-1-object-sensitive-NORMAL/database to /u/p23lam/hacking/doop/cache/e5deee68e0a7364e1dd9363fed19cfb9a62003c4ff0dbdf5eb92461b4d5f54f0...
----
[Task FACTS Done]
Using /usr/bin/time to gather performance statistics...
Running analysis
80607.39user 654.92system 1:23:47elapsed 1616%CPU (0avgtext+0avgdata 48956248maxresident)k
1478456inputs+449988904outputs (43major+96121220minor)pagefaults 0swaps
Analysis execution time (sec): 5027
-- Runtime metrics --
analysis compilation time (sec)                                                  0
analysis execution time (sec)                                                    5,027
disk footprint (KB)                                                              231,408,223
fact generation time (sec)                                                       283
-- Statistics --
var points-to (INS)                                                              20,913,366
var points-to (SENS)                                                             230,387,184
reachable variables (INS)                                                        276,170
reachable variables (SENS)                                                       2,696,613
reachable methods (INS)                                                          30,308
reachable methods (SENS)                                                         421,832
total methods                                                                    325,643
virtual call sites (statically)                                                  674,430
reachable virtual call sites                                                     84,930
polymorphic virtual call sites                                                   5,437
null virtual call sites                                                          17,394
empty virtual call sites                                                         7,885
app virtual call sites (statically)                                              521,200
app reachable virtual call sites                                                 51,286
app polymorphic virtual call sites                                               3,207
app null virtual call sites                                                      9,467
app empty reachable virtual call sites                                           6,745
array index points-to (INS)                                                      314,345
array index points-to (SENS)                                                     314,345
casts (statically)                                                               95,532
reachable casts                                                                  5,779
reachable casts that may fail                                                    4,107
app casts (statically)                                                           72,672
app reachable casts                                                              3,177
app reachable casts that may fail                                                2,348
app reachable methods                                                            15,235
app concrete methods                                                             228,695
instance field points-to (INS)                                                   643,702
instance field points-to (SENS)                                                  643,702
static field points-to (INS)                                                     9,071
static field points-to (SENS)                                                    9,071
app var points-to (INS)                                                          11,129,979
app var points-to (SENS)                                                         52,191,975
java.util var points-to (INS)                                                    4,696,040
java.util var points-to (SENS)                                                   103,385,197
app array index points-to (INS)                                                  175,144
app array index points-to (SENS)                                                 175,144
mock objects                                                                     0
mock objects for receivers                                                       0
mock objects for arg                                                             0
forced-reachable formals that could not be mocked                                0
app instance field points-to (INS)                                               254,467
app instance field points-to (SENS)                                              254,467
call graph edges (INS)                                                           190,147
call graph edges (SENS)                                                          20,223,842
non-reachable app concrete methods                                               213,475
Making database available at /u/p23lam/hacking/doop/results/mybatis-3.5.6/1-object-sensitive/java_8/mybatis-3-mybatis-3.5.6-1-object-sensitive-NORMAL
Making database available at /u/p23lam/hacking/doop/last-analysis

Deprecated Gradle features were used in this build, making it incompatible with Gradle 8.0.

You can use '--warning-mode all' to show the individual deprecation warnings and determine if they come from your own scripts or plugins.

See https://docs.gradle.org/7.3.3/userguide/command_line_interface.html#sec:command_line_warnings

BUILD SUCCESSFUL in 1h 29m 28s
24 actionable tasks: 12 executed, 12 up-to-date
