> Task :generators:code-processor:generateGrammarSource UP-TO-DATE
> Task :generators:code-processor:compileJava UP-TO-DATE
> Task :generators:code-processor:compileGroovy UP-TO-DATE
> Task :generators:code-processor:processResources NO-SOURCE
> Task :generators:code-processor:classes UP-TO-DATE
> Task :generators:code-processor:jar UP-TO-DATE
> Task :generators:fact-generator-common:compileJava UP-TO-DATE
> Task :generators:fact-generator-common:processResources NO-SOURCE
> Task :generators:fact-generator-common:classes UP-TO-DATE
> Task :generators:fact-generator-common:shadowJar UP-TO-DATE
> Task :compileJava UP-TO-DATE
> Task :compileGroovy UP-TO-DATE
> Task :resolveApktool
> Task :generators:dex-fact-generator:compileJava UP-TO-DATE
> Task :generators:dex-fact-generator:processResources NO-SOURCE
> Task :generators:dex-fact-generator:classes UP-TO-DATE
> Task :generators:dex-fact-generator:jar
> Task :generators:dex-fact-generator:fatJar
> Task :generators:dex-fact-generator:installJar
> Task :generators:soot-fact-generator:compileJava UP-TO-DATE
> Task :generators:soot-fact-generator:compileGroovy NO-SOURCE
> Task :generators:soot-fact-generator:processResources NO-SOURCE
> Task :generators:soot-fact-generator:classes UP-TO-DATE
> Task :generators:soot-fact-generator:jar
> Task :generators:soot-fact-generator:fatJar
> Task :generators:soot-fact-generator:installJar
> Task :generators:wala-fact-generator:compileJava UP-TO-DATE
> Task :generators:wala-fact-generator:processResources UP-TO-DATE
> Task :generators:wala-fact-generator:classes UP-TO-DATE
> Task :generators:wala-fact-generator:jar
> Task :generators:wala-fact-generator:fatJar
> Task :generators:wala-fact-generator:installJar
> Task :resourceInstaller
> Task :processResources
> Task :classes
> Task :writeGitCommitHash UP-TO-DATE

> Task :run
Main class(es) expanded with [org.jsonschema2pojo.RootDriver]
WARNING: Handling of Java reflection is disabled!
New 1-object-sensitive analysis
Id       : jsonschema2pojo-1.1.1-1-object-sensitive-NORMAL
Inputs   : /u/p23lam/hacking/MockAbstraction/Benchmarks/jsonschema2pojo-1.1.1/jsonschema2pojo-core/target/jsonschema2pojo-core-1.1.1.jar, /u/p23lam/hacking/MockAbstraction/Benchmarks/jsonschema2pojo-1.1.1/jsonschema2pojo-core/target/jsonschema2pojo-core-1.1.1-tests.jar, /u/p23lam/hacking/MockAbstraction/Benchmarks/jsonschema2pojo-1.1.1/jsonschema2pojo-core/mvn_dependencies/accessors-smart-1.2.jar, /u/p23lam/hacking/MockAbstraction/Benchmarks/jsonschema2pojo-1.1.1/jsonschema2pojo-core/mvn_dependencies/annotations-1.3.9.jar, /u/p23lam/hacking/MockAbstraction/Benchmarks/jsonschema2pojo-1.1.1/jsonschema2pojo-core/mvn_dependencies/antlr4-runtime-4.7.1.jar, /u/p23lam/hacking/MockAbstraction/Benchmarks/jsonschema2pojo-1.1.1/jsonschema2pojo-core/mvn_dependencies/asm-7.0.jar, /u/p23lam/hacking/MockAbstraction/Benchmarks/jsonschema2pojo-1.1.1/jsonschema2pojo-core/mvn_dependencies/byte-buddy-1.10.5.jar, /u/p23lam/hacking/MockAbstraction/Benchmarks/jsonschema2pojo-1.1.1/jsonschema2pojo-core/mvn_dependencies/byte-buddy-agent-1.10.5.jar, /u/p23lam/hacking/MockAbstraction/Benchmarks/jsonschema2pojo-1.1.1/jsonschema2pojo-core/mvn_dependencies/codemodel-2.6.jar, /u/p23lam/hacking/MockAbstraction/Benchmarks/jsonschema2pojo-1.1.1/jsonschema2pojo-core/mvn_dependencies/commons-codec-1.9.jar, /u/p23lam/hacking/MockAbstraction/Benchmarks/jsonschema2pojo-1.1.1/jsonschema2pojo-core/mvn_dependencies/commons-fileupload-1.4.jar, /u/p23lam/hacking/MockAbstraction/Benchmarks/jsonschema2pojo-1.1.1/jsonschema2pojo-core/mvn_dependencies/commons-io-2.8.0.jar, /u/p23lam/hacking/MockAbstraction/Benchmarks/jsonschema2pojo-1.1.1/jsonschema2pojo-core/mvn_dependencies/commons-lang-2.6.jar, /u/p23lam/hacking/MockAbstraction/Benchmarks/jsonschema2pojo-1.1.1/jsonschema2pojo-core/mvn_dependencies/commons-lang3-3.11.jar, /u/p23lam/hacking/MockAbstraction/Benchmarks/jsonschema2pojo-1.1.1/jsonschema2pojo-core/mvn_dependencies/commons-logging-1.2.jar, /u/p23lam/hacking/MockAbstraction/Benchmarks/jsonschema2pojo-1.1.1/jsonschema2pojo-core/mvn_dependencies/gson-2.8.6.jar, /u/p23lam/hacking/MockAbstraction/Benchmarks/jsonschema2pojo-1.1.1/jsonschema2pojo-core/mvn_dependencies/guava-20.0.jar, /u/p23lam/hacking/MockAbstraction/Benchmarks/jsonschema2pojo-1.1.1/jsonschema2pojo-core/mvn_dependencies/hamcrest-all-1.3.jar, /u/p23lam/hacking/MockAbstraction/Benchmarks/jsonschema2pojo-1.1.1/jsonschema2pojo-core/mvn_dependencies/hamcrest-core-1.3.jar, /u/p23lam/hacking/MockAbstraction/Benchmarks/jsonschema2pojo-1.1.1/jsonschema2pojo-core/mvn_dependencies/handlebars-4.0.7.jar, /u/p23lam/hacking/MockAbstraction/Benchmarks/jsonschema2pojo-1.1.1/jsonschema2pojo-core/mvn_dependencies/handlebars-helpers-4.0.7.jar, /u/p23lam/hacking/MockAbstraction/Benchmarks/jsonschema2pojo-1.1.1/jsonschema2pojo-core/mvn_dependencies/httpclient-4.5.13.jar, /u/p23lam/hacking/MockAbstraction/Benchmarks/jsonschema2pojo-1.1.1/jsonschema2pojo-core/mvn_dependencies/httpcore-4.4.13.jar, /u/p23lam/hacking/MockAbstraction/Benchmarks/jsonschema2pojo-1.1.1/jsonschema2pojo-core/mvn_dependencies/jackson-annotations-2.9.10.jar, /u/p23lam/hacking/MockAbstraction/Benchmarks/jsonschema2pojo-1.1.1/jsonschema2pojo-core/mvn_dependencies/jackson-core-2.9.10.jar, /u/p23lam/hacking/MockAbstraction/Benchmarks/jsonschema2pojo-1.1.1/jsonschema2pojo-core/mvn_dependencies/jackson-databind-2.9.10.8.jar, /u/p23lam/hacking/MockAbstraction/Benchmarks/jsonschema2pojo-1.1.1/jsonschema2pojo-core/mvn_dependencies/jackson-dataformat-yaml-2.9.10.jar, /u/p23lam/hacking/MockAbstraction/Benchmarks/jsonschema2pojo-1.1.1/jsonschema2pojo-core/mvn_dependencies/javaparser-1.0.10.jar, /u/p23lam/hacking/MockAbstraction/Benchmarks/jsonschema2pojo-1.1.1/jsonschema2pojo-core/mvn_dependencies/javax.servlet-api-3.1.0.jar, /u/p23lam/hacking/MockAbstraction/Benchmarks/jsonschema2pojo-1.1.1/jsonschema2pojo-core/mvn_dependencies/jetty-client-9.2.28.v20190418.jar, /u/p23lam/hacking/MockAbstraction/Benchmarks/jsonschema2pojo-1.1.1/jsonschema2pojo-core/mvn_dependencies/jetty-continuation-9.2.28.v20190418.jar, /u/p23lam/hacking/MockAbstraction/Benchmarks/jsonschema2pojo-1.1.1/jsonschema2pojo-core/mvn_dependencies/jetty-http-9.2.28.v20190418.jar, /u/p23lam/hacking/MockAbstraction/Benchmarks/jsonschema2pojo-1.1.1/jsonschema2pojo-core/mvn_dependencies/jetty-io-9.2.28.v20190418.jar, /u/p23lam/hacking/MockAbstraction/Benchmarks/jsonschema2pojo-1.1.1/jsonschema2pojo-core/mvn_dependencies/jetty-proxy-9.2.28.v20190418.jar, /u/p23lam/hacking/MockAbstraction/Benchmarks/jsonschema2pojo-1.1.1/jsonschema2pojo-core/mvn_dependencies/jetty-security-9.2.28.v20190418.jar, /u/p23lam/hacking/MockAbstraction/Benchmarks/jsonschema2pojo-1.1.1/jsonschema2pojo-core/mvn_dependencies/jetty-server-9.2.28.v20190418.jar, /u/p23lam/hacking/MockAbstraction/Benchmarks/jsonschema2pojo-1.1.1/jsonschema2pojo-core/mvn_dependencies/jetty-servlet-9.2.28.v20190418.jar, /u/p23lam/hacking/MockAbstraction/Benchmarks/jsonschema2pojo-1.1.1/jsonschema2pojo-core/mvn_dependencies/jetty-servlets-9.2.28.v20190418.jar, /u/p23lam/hacking/MockAbstraction/Benchmarks/jsonschema2pojo-1.1.1/jsonschema2pojo-core/mvn_dependencies/jetty-util-9.2.28.v20190418.jar, /u/p23lam/hacking/MockAbstraction/Benchmarks/jsonschema2pojo-1.1.1/jsonschema2pojo-core/mvn_dependencies/jetty-webapp-9.2.28.v20190418.jar, /u/p23lam/hacking/MockAbstraction/Benchmarks/jsonschema2pojo-1.1.1/jsonschema2pojo-core/mvn_dependencies/jetty-xml-9.2.28.v20190418.jar, /u/p23lam/hacking/MockAbstraction/Benchmarks/jsonschema2pojo-1.1.1/jsonschema2pojo-core/mvn_dependencies/joda-time-2.2.jar, /u/p23lam/hacking/MockAbstraction/Benchmarks/jsonschema2pojo-1.1.1/jsonschema2pojo-core/mvn_dependencies/jopt-simple-5.0.3.jar, /u/p23lam/hacking/MockAbstraction/Benchmarks/jsonschema2pojo-1.1.1/jsonschema2pojo-core/mvn_dependencies/json-path-2.4.0.jar, /u/p23lam/hacking/MockAbstraction/Benchmarks/jsonschema2pojo-1.1.1/jsonschema2pojo-core/mvn_dependencies/json-smart-2.3.jar, /u/p23lam/hacking/MockAbstraction/Benchmarks/jsonschema2pojo-1.1.1/jsonschema2pojo-core/mvn_dependencies/jsr305-3.0.1.jar, /u/p23lam/hacking/MockAbstraction/Benchmarks/jsonschema2pojo-1.1.1/jsonschema2pojo-core/mvn_dependencies/junit-4.13.2.jar, /u/p23lam/hacking/MockAbstraction/Benchmarks/jsonschema2pojo-1.1.1/jsonschema2pojo-core/mvn_dependencies/mockito-core-3.2.4.jar, /u/p23lam/hacking/MockAbstraction/Benchmarks/jsonschema2pojo-1.1.1/jsonschema2pojo-core/mvn_dependencies/objenesis-2.6.jar, /u/p23lam/hacking/MockAbstraction/Benchmarks/jsonschema2pojo-1.1.1/jsonschema2pojo-core/mvn_dependencies/slf4j-api-1.7.30.jar, /u/p23lam/hacking/MockAbstraction/Benchmarks/jsonschema2pojo-1.1.1/jsonschema2pojo-core/mvn_dependencies/slf4j-simple-1.7.30.jar, /u/p23lam/hacking/MockAbstraction/Benchmarks/jsonschema2pojo-1.1.1/jsonschema2pojo-core/mvn_dependencies/snakeyaml-1.23.jar, /u/p23lam/hacking/MockAbstraction/Benchmarks/jsonschema2pojo-1.1.1/jsonschema2pojo-core/mvn_dependencies/validation-api-1.0.0.GA.jar, /u/p23lam/hacking/MockAbstraction/Benchmarks/jsonschema2pojo-1.1.1/jsonschema2pojo-core/mvn_dependencies/wiremock-2.27.2.jar, /u/p23lam/hacking/MockAbstraction/Benchmarks/jsonschema2pojo-1.1.1/jsonschema2pojo-core/mvn_dependencies/xmlunit-core-2.7.0.jar, /u/p23lam/hacking/MockAbstraction/Benchmarks/jsonschema2pojo-1.1.1/jsonschema2pojo-core/mvn_dependencies/xmlunit-legacy-2.7.0.jar, /u/p23lam/hacking/MockAbstraction/Benchmarks/jsonschema2pojo-1.1.1/jsonschema2pojo-core/mvn_dependencies/xmlunit-placeholders-2.7.0.jar, /u/p23lam/hacking/MockAbstraction/Benchmarks/jsonschema2pojo-1.1.1/jsonschema2pojo-core/mvn_dependencies/zjsonpatch-0.4.4.jar
Libraries: 
Using a timeout of 90 min.
Adding extra logic file /u/p23lam/hacking/doop/souffle-logic/analyses/mocks/mocks.dl
[Task FACTS...]
[Task COMPILE...]
-- Fact Generation --
Using cached analysis executable /u/p23lam/hacking/doop/cache/souffle-analyses/1-object-sensitive/429940c583e84770f97f545b953dd9de38468e95d1902ac23a0ddc5ab475e79c
[Task COMPILE Done]
SOOT_FACT_GEN: Logging initialized, using directory: /u/p23lam/hacking/doop/build/logs
SOOT_FACT_GEN: SLF4J: Failed to load class "org.slf4j.impl.StaticLoggerBinder".
SOOT_FACT_GEN: SLF4J: Defaulting to no-operation (NOP) logger implementation
SOOT_FACT_GEN: SLF4J: See http://www.slf4j.org/codes.html#StaticLoggerBinder for further details.
SOOT_FACT_GEN: Preprocessing application: /u/p23lam/hacking/MockAbstraction/Benchmarks/jsonschema2pojo-1.1.1/jsonschema2pojo-core/target/jsonschema2pojo-core-1.1.1.jar
SOOT_FACT_GEN: Preprocessing application: /u/p23lam/hacking/MockAbstraction/Benchmarks/jsonschema2pojo-1.1.1/jsonschema2pojo-core/target/jsonschema2pojo-core-1.1.1-tests.jar
SOOT_FACT_GEN: Preprocessing application: /u/p23lam/hacking/MockAbstraction/Benchmarks/jsonschema2pojo-1.1.1/jsonschema2pojo-core/mvn_dependencies/accessors-smart-1.2.jar
SOOT_FACT_GEN: Preprocessing application: /u/p23lam/hacking/MockAbstraction/Benchmarks/jsonschema2pojo-1.1.1/jsonschema2pojo-core/mvn_dependencies/annotations-1.3.9.jar
SOOT_FACT_GEN: Preprocessing application: /u/p23lam/hacking/MockAbstraction/Benchmarks/jsonschema2pojo-1.1.1/jsonschema2pojo-core/mvn_dependencies/antlr4-runtime-4.7.1.jar
SOOT_FACT_GEN: Preprocessing application: /u/p23lam/hacking/MockAbstraction/Benchmarks/jsonschema2pojo-1.1.1/jsonschema2pojo-core/mvn_dependencies/asm-7.0.jar
SOOT_FACT_GEN: Preprocessing application: /u/p23lam/hacking/MockAbstraction/Benchmarks/jsonschema2pojo-1.1.1/jsonschema2pojo-core/mvn_dependencies/byte-buddy-1.10.5.jar
SOOT_FACT_GEN: Preprocessing application: /u/p23lam/hacking/MockAbstraction/Benchmarks/jsonschema2pojo-1.1.1/jsonschema2pojo-core/mvn_dependencies/byte-buddy-agent-1.10.5.jar
SOOT_FACT_GEN: Preprocessing application: /u/p23lam/hacking/MockAbstraction/Benchmarks/jsonschema2pojo-1.1.1/jsonschema2pojo-core/mvn_dependencies/codemodel-2.6.jar
SOOT_FACT_GEN: Preprocessing application: /u/p23lam/hacking/MockAbstraction/Benchmarks/jsonschema2pojo-1.1.1/jsonschema2pojo-core/mvn_dependencies/commons-codec-1.9.jar
SOOT_FACT_GEN: Preprocessing application: /u/p23lam/hacking/MockAbstraction/Benchmarks/jsonschema2pojo-1.1.1/jsonschema2pojo-core/mvn_dependencies/commons-fileupload-1.4.jar
SOOT_FACT_GEN: Preprocessing application: /u/p23lam/hacking/MockAbstraction/Benchmarks/jsonschema2pojo-1.1.1/jsonschema2pojo-core/mvn_dependencies/commons-io-2.8.0.jar
SOOT_FACT_GEN: Preprocessing application: /u/p23lam/hacking/MockAbstraction/Benchmarks/jsonschema2pojo-1.1.1/jsonschema2pojo-core/mvn_dependencies/commons-lang-2.6.jar
SOOT_FACT_GEN: Preprocessing application: /u/p23lam/hacking/MockAbstraction/Benchmarks/jsonschema2pojo-1.1.1/jsonschema2pojo-core/mvn_dependencies/commons-lang3-3.11.jar
SOOT_FACT_GEN: Preprocessing application: /u/p23lam/hacking/MockAbstraction/Benchmarks/jsonschema2pojo-1.1.1/jsonschema2pojo-core/mvn_dependencies/commons-logging-1.2.jar
SOOT_FACT_GEN: Preprocessing application: /u/p23lam/hacking/MockAbstraction/Benchmarks/jsonschema2pojo-1.1.1/jsonschema2pojo-core/mvn_dependencies/gson-2.8.6.jar
SOOT_FACT_GEN: Preprocessing application: /u/p23lam/hacking/MockAbstraction/Benchmarks/jsonschema2pojo-1.1.1/jsonschema2pojo-core/mvn_dependencies/guava-20.0.jar
SOOT_FACT_GEN: Preprocessing application: /u/p23lam/hacking/MockAbstraction/Benchmarks/jsonschema2pojo-1.1.1/jsonschema2pojo-core/mvn_dependencies/hamcrest-all-1.3.jar
SOOT_FACT_GEN: Preprocessing application: /u/p23lam/hacking/MockAbstraction/Benchmarks/jsonschema2pojo-1.1.1/jsonschema2pojo-core/mvn_dependencies/hamcrest-core-1.3.jar
SOOT_FACT_GEN: Preprocessing application: /u/p23lam/hacking/MockAbstraction/Benchmarks/jsonschema2pojo-1.1.1/jsonschema2pojo-core/mvn_dependencies/handlebars-4.0.7.jar
SOOT_FACT_GEN: Preprocessing application: /u/p23lam/hacking/MockAbstraction/Benchmarks/jsonschema2pojo-1.1.1/jsonschema2pojo-core/mvn_dependencies/handlebars-helpers-4.0.7.jar
SOOT_FACT_GEN: Preprocessing application: /u/p23lam/hacking/MockAbstraction/Benchmarks/jsonschema2pojo-1.1.1/jsonschema2pojo-core/mvn_dependencies/httpclient-4.5.13.jar
SOOT_FACT_GEN: Preprocessing application: /u/p23lam/hacking/MockAbstraction/Benchmarks/jsonschema2pojo-1.1.1/jsonschema2pojo-core/mvn_dependencies/httpcore-4.4.13.jar
SOOT_FACT_GEN: Preprocessing application: /u/p23lam/hacking/MockAbstraction/Benchmarks/jsonschema2pojo-1.1.1/jsonschema2pojo-core/mvn_dependencies/jackson-annotations-2.9.10.jar
SOOT_FACT_GEN: Preprocessing application: /u/p23lam/hacking/MockAbstraction/Benchmarks/jsonschema2pojo-1.1.1/jsonschema2pojo-core/mvn_dependencies/jackson-core-2.9.10.jar
SOOT_FACT_GEN: Preprocessing application: /u/p23lam/hacking/MockAbstraction/Benchmarks/jsonschema2pojo-1.1.1/jsonschema2pojo-core/mvn_dependencies/jackson-databind-2.9.10.8.jar
SOOT_FACT_GEN: Preprocessing application: /u/p23lam/hacking/MockAbstraction/Benchmarks/jsonschema2pojo-1.1.1/jsonschema2pojo-core/mvn_dependencies/jackson-dataformat-yaml-2.9.10.jar
SOOT_FACT_GEN: Preprocessing application: /u/p23lam/hacking/MockAbstraction/Benchmarks/jsonschema2pojo-1.1.1/jsonschema2pojo-core/mvn_dependencies/javaparser-1.0.10.jar
SOOT_FACT_GEN: Preprocessing application: /u/p23lam/hacking/MockAbstraction/Benchmarks/jsonschema2pojo-1.1.1/jsonschema2pojo-core/mvn_dependencies/javax.servlet-api-3.1.0.jar
SOOT_FACT_GEN: Preprocessing application: /u/p23lam/hacking/MockAbstraction/Benchmarks/jsonschema2pojo-1.1.1/jsonschema2pojo-core/mvn_dependencies/jetty-client-9.2.28.v20190418.jar
SOOT_FACT_GEN: Preprocessing application: /u/p23lam/hacking/MockAbstraction/Benchmarks/jsonschema2pojo-1.1.1/jsonschema2pojo-core/mvn_dependencies/jetty-continuation-9.2.28.v20190418.jar
SOOT_FACT_GEN: Preprocessing application: /u/p23lam/hacking/MockAbstraction/Benchmarks/jsonschema2pojo-1.1.1/jsonschema2pojo-core/mvn_dependencies/jetty-http-9.2.28.v20190418.jar
SOOT_FACT_GEN: Preprocessing application: /u/p23lam/hacking/MockAbstraction/Benchmarks/jsonschema2pojo-1.1.1/jsonschema2pojo-core/mvn_dependencies/jetty-io-9.2.28.v20190418.jar
SOOT_FACT_GEN: Preprocessing application: /u/p23lam/hacking/MockAbstraction/Benchmarks/jsonschema2pojo-1.1.1/jsonschema2pojo-core/mvn_dependencies/jetty-proxy-9.2.28.v20190418.jar
SOOT_FACT_GEN: Preprocessing application: /u/p23lam/hacking/MockAbstraction/Benchmarks/jsonschema2pojo-1.1.1/jsonschema2pojo-core/mvn_dependencies/jetty-security-9.2.28.v20190418.jar
SOOT_FACT_GEN: Preprocessing application: /u/p23lam/hacking/MockAbstraction/Benchmarks/jsonschema2pojo-1.1.1/jsonschema2pojo-core/mvn_dependencies/jetty-server-9.2.28.v20190418.jar
SOOT_FACT_GEN: Preprocessing application: /u/p23lam/hacking/MockAbstraction/Benchmarks/jsonschema2pojo-1.1.1/jsonschema2pojo-core/mvn_dependencies/jetty-servlet-9.2.28.v20190418.jar
SOOT_FACT_GEN: Preprocessing application: /u/p23lam/hacking/MockAbstraction/Benchmarks/jsonschema2pojo-1.1.1/jsonschema2pojo-core/mvn_dependencies/jetty-servlets-9.2.28.v20190418.jar
SOOT_FACT_GEN: Preprocessing application: /u/p23lam/hacking/MockAbstraction/Benchmarks/jsonschema2pojo-1.1.1/jsonschema2pojo-core/mvn_dependencies/jetty-util-9.2.28.v20190418.jar
SOOT_FACT_GEN: Preprocessing application: /u/p23lam/hacking/MockAbstraction/Benchmarks/jsonschema2pojo-1.1.1/jsonschema2pojo-core/mvn_dependencies/jetty-webapp-9.2.28.v20190418.jar
SOOT_FACT_GEN: Preprocessing application: /u/p23lam/hacking/MockAbstraction/Benchmarks/jsonschema2pojo-1.1.1/jsonschema2pojo-core/mvn_dependencies/jetty-xml-9.2.28.v20190418.jar
SOOT_FACT_GEN: Preprocessing application: /u/p23lam/hacking/MockAbstraction/Benchmarks/jsonschema2pojo-1.1.1/jsonschema2pojo-core/mvn_dependencies/joda-time-2.2.jar
SOOT_FACT_GEN: Preprocessing application: /u/p23lam/hacking/MockAbstraction/Benchmarks/jsonschema2pojo-1.1.1/jsonschema2pojo-core/mvn_dependencies/jopt-simple-5.0.3.jar
SOOT_FACT_GEN: Preprocessing application: /u/p23lam/hacking/MockAbstraction/Benchmarks/jsonschema2pojo-1.1.1/jsonschema2pojo-core/mvn_dependencies/json-path-2.4.0.jar
SOOT_FACT_GEN: Preprocessing application: /u/p23lam/hacking/MockAbstraction/Benchmarks/jsonschema2pojo-1.1.1/jsonschema2pojo-core/mvn_dependencies/json-smart-2.3.jar
SOOT_FACT_GEN: Preprocessing application: /u/p23lam/hacking/MockAbstraction/Benchmarks/jsonschema2pojo-1.1.1/jsonschema2pojo-core/mvn_dependencies/jsr305-3.0.1.jar
SOOT_FACT_GEN: Preprocessing application: /u/p23lam/hacking/MockAbstraction/Benchmarks/jsonschema2pojo-1.1.1/jsonschema2pojo-core/mvn_dependencies/junit-4.13.2.jar
SOOT_FACT_GEN: Preprocessing application: /u/p23lam/hacking/MockAbstraction/Benchmarks/jsonschema2pojo-1.1.1/jsonschema2pojo-core/mvn_dependencies/mockito-core-3.2.4.jar
SOOT_FACT_GEN: Preprocessing application: /u/p23lam/hacking/MockAbstraction/Benchmarks/jsonschema2pojo-1.1.1/jsonschema2pojo-core/mvn_dependencies/objenesis-2.6.jar
SOOT_FACT_GEN: Preprocessing application: /u/p23lam/hacking/MockAbstraction/Benchmarks/jsonschema2pojo-1.1.1/jsonschema2pojo-core/mvn_dependencies/slf4j-api-1.7.30.jar
SOOT_FACT_GEN: Preprocessing application: /u/p23lam/hacking/MockAbstraction/Benchmarks/jsonschema2pojo-1.1.1/jsonschema2pojo-core/mvn_dependencies/slf4j-simple-1.7.30.jar
SOOT_FACT_GEN: Preprocessing application: /u/p23lam/hacking/MockAbstraction/Benchmarks/jsonschema2pojo-1.1.1/jsonschema2pojo-core/mvn_dependencies/snakeyaml-1.23.jar
SOOT_FACT_GEN: Preprocessing application: /u/p23lam/hacking/MockAbstraction/Benchmarks/jsonschema2pojo-1.1.1/jsonschema2pojo-core/mvn_dependencies/validation-api-1.0.0.GA.jar
SOOT_FACT_GEN: Preprocessing application: /u/p23lam/hacking/MockAbstraction/Benchmarks/jsonschema2pojo-1.1.1/jsonschema2pojo-core/mvn_dependencies/wiremock-2.27.2.jar
SOOT_FACT_GEN: Preprocessing application: /u/p23lam/hacking/MockAbstraction/Benchmarks/jsonschema2pojo-1.1.1/jsonschema2pojo-core/mvn_dependencies/xmlunit-core-2.7.0.jar
SOOT_FACT_GEN: Preprocessing application: /u/p23lam/hacking/MockAbstraction/Benchmarks/jsonschema2pojo-1.1.1/jsonschema2pojo-core/mvn_dependencies/xmlunit-legacy-2.7.0.jar
SOOT_FACT_GEN: Preprocessing application: /u/p23lam/hacking/MockAbstraction/Benchmarks/jsonschema2pojo-1.1.1/jsonschema2pojo-core/mvn_dependencies/xmlunit-placeholders-2.7.0.jar
SOOT_FACT_GEN: Preprocessing application: /u/p23lam/hacking/MockAbstraction/Benchmarks/jsonschema2pojo-1.1.1/jsonschema2pojo-core/mvn_dependencies/zjsonpatch-0.4.4.jar
SOOT_FACT_GEN: Preprocessing platform library: /u/p23lam/hacking/doop/build/tmp/rt_12615862233500895366.jar
SOOT_FACT_GEN: Preprocessing platform library: /u/p23lam/hacking/doop/build/tmp/jce_4426944264864657280.jar
SOOT_FACT_GEN: Preprocessing platform library: /u/p23lam/hacking/doop/build/tmp/jsse_3296637206902999074.jar
SOOT_FACT_GEN: Adding archive: /u/p23lam/hacking/MockAbstraction/Benchmarks/jsonschema2pojo-1.1.1/jsonschema2pojo-core/target/jsonschema2pojo-core-1.1.1.jar
SOOT_FACT_GEN: Adding archive: /u/p23lam/hacking/MockAbstraction/Benchmarks/jsonschema2pojo-1.1.1/jsonschema2pojo-core/target/jsonschema2pojo-core-1.1.1-tests.jar
SOOT_FACT_GEN: Adding archive: /u/p23lam/hacking/MockAbstraction/Benchmarks/jsonschema2pojo-1.1.1/jsonschema2pojo-core/mvn_dependencies/accessors-smart-1.2.jar
SOOT_FACT_GEN: Adding archive: /u/p23lam/hacking/MockAbstraction/Benchmarks/jsonschema2pojo-1.1.1/jsonschema2pojo-core/mvn_dependencies/annotations-1.3.9.jar
SOOT_FACT_GEN: Adding archive: /u/p23lam/hacking/MockAbstraction/Benchmarks/jsonschema2pojo-1.1.1/jsonschema2pojo-core/mvn_dependencies/antlr4-runtime-4.7.1.jar
SOOT_FACT_GEN: Adding archive: /u/p23lam/hacking/MockAbstraction/Benchmarks/jsonschema2pojo-1.1.1/jsonschema2pojo-core/mvn_dependencies/asm-7.0.jar
SOOT_FACT_GEN: Adding archive: /u/p23lam/hacking/MockAbstraction/Benchmarks/jsonschema2pojo-1.1.1/jsonschema2pojo-core/mvn_dependencies/byte-buddy-1.10.5.jar
SOOT_FACT_GEN: Adding archive: /u/p23lam/hacking/MockAbstraction/Benchmarks/jsonschema2pojo-1.1.1/jsonschema2pojo-core/mvn_dependencies/byte-buddy-agent-1.10.5.jar
SOOT_FACT_GEN: Adding archive: /u/p23lam/hacking/MockAbstraction/Benchmarks/jsonschema2pojo-1.1.1/jsonschema2pojo-core/mvn_dependencies/codemodel-2.6.jar
SOOT_FACT_GEN: Adding archive: /u/p23lam/hacking/MockAbstraction/Benchmarks/jsonschema2pojo-1.1.1/jsonschema2pojo-core/mvn_dependencies/commons-codec-1.9.jar
SOOT_FACT_GEN: Adding archive: /u/p23lam/hacking/MockAbstraction/Benchmarks/jsonschema2pojo-1.1.1/jsonschema2pojo-core/mvn_dependencies/commons-fileupload-1.4.jar
SOOT_FACT_GEN: Adding archive: /u/p23lam/hacking/MockAbstraction/Benchmarks/jsonschema2pojo-1.1.1/jsonschema2pojo-core/mvn_dependencies/commons-io-2.8.0.jar
SOOT_FACT_GEN: Adding archive: /u/p23lam/hacking/MockAbstraction/Benchmarks/jsonschema2pojo-1.1.1/jsonschema2pojo-core/mvn_dependencies/commons-lang-2.6.jar
SOOT_FACT_GEN: Adding archive: /u/p23lam/hacking/MockAbstraction/Benchmarks/jsonschema2pojo-1.1.1/jsonschema2pojo-core/mvn_dependencies/commons-lang3-3.11.jar
SOOT_FACT_GEN: Adding archive: /u/p23lam/hacking/MockAbstraction/Benchmarks/jsonschema2pojo-1.1.1/jsonschema2pojo-core/mvn_dependencies/commons-logging-1.2.jar
SOOT_FACT_GEN: Adding archive: /u/p23lam/hacking/MockAbstraction/Benchmarks/jsonschema2pojo-1.1.1/jsonschema2pojo-core/mvn_dependencies/gson-2.8.6.jar
SOOT_FACT_GEN: Adding archive: /u/p23lam/hacking/MockAbstraction/Benchmarks/jsonschema2pojo-1.1.1/jsonschema2pojo-core/mvn_dependencies/guava-20.0.jar
SOOT_FACT_GEN: Adding archive: /u/p23lam/hacking/MockAbstraction/Benchmarks/jsonschema2pojo-1.1.1/jsonschema2pojo-core/mvn_dependencies/hamcrest-all-1.3.jar
SOOT_FACT_GEN: Adding archive: /u/p23lam/hacking/MockAbstraction/Benchmarks/jsonschema2pojo-1.1.1/jsonschema2pojo-core/mvn_dependencies/hamcrest-core-1.3.jar
SOOT_FACT_GEN: Adding archive: /u/p23lam/hacking/MockAbstraction/Benchmarks/jsonschema2pojo-1.1.1/jsonschema2pojo-core/mvn_dependencies/handlebars-4.0.7.jar
SOOT_FACT_GEN: Adding archive: /u/p23lam/hacking/MockAbstraction/Benchmarks/jsonschema2pojo-1.1.1/jsonschema2pojo-core/mvn_dependencies/handlebars-helpers-4.0.7.jar
SOOT_FACT_GEN: Adding archive: /u/p23lam/hacking/MockAbstraction/Benchmarks/jsonschema2pojo-1.1.1/jsonschema2pojo-core/mvn_dependencies/httpclient-4.5.13.jar
SOOT_FACT_GEN: Adding archive: /u/p23lam/hacking/MockAbstraction/Benchmarks/jsonschema2pojo-1.1.1/jsonschema2pojo-core/mvn_dependencies/httpcore-4.4.13.jar
SOOT_FACT_GEN: Adding archive: /u/p23lam/hacking/MockAbstraction/Benchmarks/jsonschema2pojo-1.1.1/jsonschema2pojo-core/mvn_dependencies/jackson-annotations-2.9.10.jar
SOOT_FACT_GEN: Adding archive: /u/p23lam/hacking/MockAbstraction/Benchmarks/jsonschema2pojo-1.1.1/jsonschema2pojo-core/mvn_dependencies/jackson-core-2.9.10.jar
SOOT_FACT_GEN: Adding archive: /u/p23lam/hacking/MockAbstraction/Benchmarks/jsonschema2pojo-1.1.1/jsonschema2pojo-core/mvn_dependencies/jackson-databind-2.9.10.8.jar
SOOT_FACT_GEN: Adding archive: /u/p23lam/hacking/MockAbstraction/Benchmarks/jsonschema2pojo-1.1.1/jsonschema2pojo-core/mvn_dependencies/jackson-dataformat-yaml-2.9.10.jar
SOOT_FACT_GEN: Adding archive: /u/p23lam/hacking/MockAbstraction/Benchmarks/jsonschema2pojo-1.1.1/jsonschema2pojo-core/mvn_dependencies/javaparser-1.0.10.jar
SOOT_FACT_GEN: Adding archive: /u/p23lam/hacking/MockAbstraction/Benchmarks/jsonschema2pojo-1.1.1/jsonschema2pojo-core/mvn_dependencies/javax.servlet-api-3.1.0.jar
SOOT_FACT_GEN: Adding archive: /u/p23lam/hacking/MockAbstraction/Benchmarks/jsonschema2pojo-1.1.1/jsonschema2pojo-core/mvn_dependencies/jetty-client-9.2.28.v20190418.jar
SOOT_FACT_GEN: Adding archive: /u/p23lam/hacking/MockAbstraction/Benchmarks/jsonschema2pojo-1.1.1/jsonschema2pojo-core/mvn_dependencies/jetty-continuation-9.2.28.v20190418.jar
SOOT_FACT_GEN: Adding archive: /u/p23lam/hacking/MockAbstraction/Benchmarks/jsonschema2pojo-1.1.1/jsonschema2pojo-core/mvn_dependencies/jetty-http-9.2.28.v20190418.jar
SOOT_FACT_GEN: Adding archive: /u/p23lam/hacking/MockAbstraction/Benchmarks/jsonschema2pojo-1.1.1/jsonschema2pojo-core/mvn_dependencies/jetty-io-9.2.28.v20190418.jar
SOOT_FACT_GEN: Adding archive: /u/p23lam/hacking/MockAbstraction/Benchmarks/jsonschema2pojo-1.1.1/jsonschema2pojo-core/mvn_dependencies/jetty-proxy-9.2.28.v20190418.jar
SOOT_FACT_GEN: Adding archive: /u/p23lam/hacking/MockAbstraction/Benchmarks/jsonschema2pojo-1.1.1/jsonschema2pojo-core/mvn_dependencies/jetty-security-9.2.28.v20190418.jar
SOOT_FACT_GEN: Adding archive: /u/p23lam/hacking/MockAbstraction/Benchmarks/jsonschema2pojo-1.1.1/jsonschema2pojo-core/mvn_dependencies/jetty-server-9.2.28.v20190418.jar
SOOT_FACT_GEN: Adding archive: /u/p23lam/hacking/MockAbstraction/Benchmarks/jsonschema2pojo-1.1.1/jsonschema2pojo-core/mvn_dependencies/jetty-servlet-9.2.28.v20190418.jar
SOOT_FACT_GEN: Adding archive: /u/p23lam/hacking/MockAbstraction/Benchmarks/jsonschema2pojo-1.1.1/jsonschema2pojo-core/mvn_dependencies/jetty-servlets-9.2.28.v20190418.jar
SOOT_FACT_GEN: Adding archive: /u/p23lam/hacking/MockAbstraction/Benchmarks/jsonschema2pojo-1.1.1/jsonschema2pojo-core/mvn_dependencies/jetty-util-9.2.28.v20190418.jar
SOOT_FACT_GEN: Adding archive: /u/p23lam/hacking/MockAbstraction/Benchmarks/jsonschema2pojo-1.1.1/jsonschema2pojo-core/mvn_dependencies/jetty-webapp-9.2.28.v20190418.jar
SOOT_FACT_GEN: Adding archive: /u/p23lam/hacking/MockAbstraction/Benchmarks/jsonschema2pojo-1.1.1/jsonschema2pojo-core/mvn_dependencies/jetty-xml-9.2.28.v20190418.jar
SOOT_FACT_GEN: Adding archive: /u/p23lam/hacking/MockAbstraction/Benchmarks/jsonschema2pojo-1.1.1/jsonschema2pojo-core/mvn_dependencies/joda-time-2.2.jar
SOOT_FACT_GEN: Adding archive: /u/p23lam/hacking/MockAbstraction/Benchmarks/jsonschema2pojo-1.1.1/jsonschema2pojo-core/mvn_dependencies/jopt-simple-5.0.3.jar
SOOT_FACT_GEN: Adding archive: /u/p23lam/hacking/MockAbstraction/Benchmarks/jsonschema2pojo-1.1.1/jsonschema2pojo-core/mvn_dependencies/json-path-2.4.0.jar
SOOT_FACT_GEN: Adding archive: /u/p23lam/hacking/MockAbstraction/Benchmarks/jsonschema2pojo-1.1.1/jsonschema2pojo-core/mvn_dependencies/json-smart-2.3.jar
SOOT_FACT_GEN: Adding archive: /u/p23lam/hacking/MockAbstraction/Benchmarks/jsonschema2pojo-1.1.1/jsonschema2pojo-core/mvn_dependencies/jsr305-3.0.1.jar
SOOT_FACT_GEN: Adding archive: /u/p23lam/hacking/MockAbstraction/Benchmarks/jsonschema2pojo-1.1.1/jsonschema2pojo-core/mvn_dependencies/junit-4.13.2.jar
SOOT_FACT_GEN: Adding archive: /u/p23lam/hacking/MockAbstraction/Benchmarks/jsonschema2pojo-1.1.1/jsonschema2pojo-core/mvn_dependencies/mockito-core-3.2.4.jar
SOOT_FACT_GEN: Adding archive: /u/p23lam/hacking/MockAbstraction/Benchmarks/jsonschema2pojo-1.1.1/jsonschema2pojo-core/mvn_dependencies/objenesis-2.6.jar
SOOT_FACT_GEN: Adding archive: /u/p23lam/hacking/MockAbstraction/Benchmarks/jsonschema2pojo-1.1.1/jsonschema2pojo-core/mvn_dependencies/slf4j-api-1.7.30.jar
SOOT_FACT_GEN: Adding archive: /u/p23lam/hacking/MockAbstraction/Benchmarks/jsonschema2pojo-1.1.1/jsonschema2pojo-core/mvn_dependencies/slf4j-simple-1.7.30.jar
SOOT_FACT_GEN: Adding archive: /u/p23lam/hacking/MockAbstraction/Benchmarks/jsonschema2pojo-1.1.1/jsonschema2pojo-core/mvn_dependencies/snakeyaml-1.23.jar
SOOT_FACT_GEN: Adding archive: /u/p23lam/hacking/MockAbstraction/Benchmarks/jsonschema2pojo-1.1.1/jsonschema2pojo-core/mvn_dependencies/validation-api-1.0.0.GA.jar
SOOT_FACT_GEN: Adding archive: /u/p23lam/hacking/MockAbstraction/Benchmarks/jsonschema2pojo-1.1.1/jsonschema2pojo-core/mvn_dependencies/wiremock-2.27.2.jar
SOOT_FACT_GEN: Adding archive: /u/p23lam/hacking/MockAbstraction/Benchmarks/jsonschema2pojo-1.1.1/jsonschema2pojo-core/mvn_dependencies/xmlunit-core-2.7.0.jar
SOOT_FACT_GEN: Adding archive: /u/p23lam/hacking/MockAbstraction/Benchmarks/jsonschema2pojo-1.1.1/jsonschema2pojo-core/mvn_dependencies/xmlunit-legacy-2.7.0.jar
SOOT_FACT_GEN: Adding archive: /u/p23lam/hacking/MockAbstraction/Benchmarks/jsonschema2pojo-1.1.1/jsonschema2pojo-core/mvn_dependencies/xmlunit-placeholders-2.7.0.jar
SOOT_FACT_GEN: Adding archive: /u/p23lam/hacking/MockAbstraction/Benchmarks/jsonschema2pojo-1.1.1/jsonschema2pojo-core/mvn_dependencies/zjsonpatch-0.4.4.jar
SOOT_FACT_GEN: Adding archive for resolving: /u/p23lam/hacking/doop/build/tmp/rt_12615862233500895366.jar
SOOT_FACT_GEN: Adding archive for resolving: /u/p23lam/hacking/doop/build/tmp/jce_4426944264864657280.jar
SOOT_FACT_GEN: Adding archive for resolving: /u/p23lam/hacking/doop/build/tmp/jsse_3296637206902999074.jar
SOOT_FACT_GEN: Classes in input (application) jar(s): 11697
SOOT_FACT_GEN: Total classes in Scene: 19696
SOOT_FACT_GEN: Retrieved all bodies (time: 75)
SOOT_FACT_GEN: Fact generation cores: 32
SOOT_FACT_GEN: WARNING: some classes were not resolved, consider using thorough fact generation or adding them manually via --also-resolve: [java.lang.SuppressWarnings, java.beans.Customizer, javax.sound.sampled.Port, java.awt.dnd.MouseDragGestureRecognizer, com.sun.beans.editors.BooleanEditor, sun.util.locale.provider.HostLocaleProviderAdapterImpl, com.sun.management.GarbageCollectorMXBean, com.sun.beans.editors.LongEditor, com.sun.beans.editors.DoubleEditor, java.lang.Override, com.sun.beans.editors.ByteEditor, com.sun.beans.editors.FloatEditor, com.sun.beans.editors.IntegerEditor, com.sun.beans.editors.ShortEditor]
SOOT_FACT_GEN: Found 571 phantom references. Rerun with '--report-phantoms' for more details.
SOOT_FACT_GEN: Methods without active bodies encountered (and reset): 0
Soot fact generation time: 140
Caching facts in /u/p23lam/hacking/doop/cache/abb09ba13164383be73e9c462321a9fb76c85614607495a84cb4e27a0ecb14c3
Copying /u/p23lam/hacking/doop/out/jsonschema2pojo-1.1.1-1-object-sensitive-NORMAL/database to /u/p23lam/hacking/doop/cache/abb09ba13164383be73e9c462321a9fb76c85614607495a84cb4e27a0ecb14c3...
----
[Task FACTS Done]
Using /usr/bin/time to gather performance statistics...
Running analysis
2841.82user 158.76system 9:25.21elapsed 530%CPU (0avgtext+0avgdata 12198580maxresident)k
9616inputs+126203192outputs (61major+18307694minor)pagefaults 0swaps
Analysis execution time (sec): 565
-- Runtime metrics --
analysis compilation time (sec)                                                  0
analysis execution time (sec)                                                    565
disk footprint (KB)                                                              65,790,332
fact generation time (sec)                                                       140
-- Statistics --
var points-to (INS)                                                              9,277,414
var points-to (SENS)                                                             55,879,658
reachable variables (INS)                                                        181,159
reachable variables (SENS)                                                       1,023,140
reachable methods (INS)                                                          20,424
reachable methods (SENS)                                                         158,662
total methods                                                                    167,780
virtual call sites (statically)                                                  327,195
reachable virtual call sites                                                     49,110
polymorphic virtual call sites                                                   5,120
null virtual call sites                                                          12,487
empty virtual call sites                                                         2,125
app virtual call sites (statically)                                              177,099
app reachable virtual call sites                                                 24,941
app polymorphic virtual call sites                                               3,676
app null virtual call sites                                                      6,697
app empty reachable virtual call sites                                           1,291
array index points-to (INS)                                                      147,950
array index points-to (SENS)                                                     147,950
casts (statically)                                                               43,860
reachable casts                                                                  3,487
reachable casts that may fail                                                    2,353
app casts (statically)                                                           21,319
app reachable casts                                                              1,762
app reachable casts that may fail                                                1,187
app reachable methods                                                            9,708
app concrete methods                                                             84,997
instance field points-to (INS)                                                   441,053
instance field points-to (SENS)                                                  441,053
static field points-to (INS)                                                     4,084
static field points-to (SENS)                                                    4,084
app var points-to (INS)                                                          5,192,131
app var points-to (SENS)                                                         17,970,723
java.util var points-to (INS)                                                    2,214,497
java.util var points-to (SENS)                                                   21,748,001
app array index points-to (INS)                                                  95,438
app array index points-to (SENS)                                                 95,438
mock objects                                                                     0
mock objects for receivers                                                       0
mock objects for arg                                                             0
forced-reachable formals that could not be mocked                                0
app instance field points-to (INS)                                               268,378
app instance field points-to (SENS)                                              268,378
call graph edges (INS)                                                           123,378
call graph edges (SENS)                                                          4,632,449
non-reachable app concrete methods                                               75,295
Making database available at /u/p23lam/hacking/doop/results/jsonschema2pojo-core-1.1.1/1-object-sensitive/java_8/jsonschema2pojo-1.1.1-1-object-sensitive-NORMAL
Making database available at /u/p23lam/hacking/doop/last-analysis

Deprecated Gradle features were used in this build, making it incompatible with Gradle 8.0.

You can use '--warning-mode all' to show the individual deprecation warnings and determine if they come from your own scripts or plugins.

See https://docs.gradle.org/7.3.3/userguide/command_line_interface.html#sec:command_line_warnings

BUILD SUCCESSFUL in 12m 21s
24 actionable tasks: 12 executed, 12 up-to-date
