> Task :generators:code-processor:generateGrammarSource UP-TO-DATE
> Task :generators:code-processor:compileJava UP-TO-DATE
> Task :generators:code-processor:compileGroovy UP-TO-DATE
> Task :generators:code-processor:processResources NO-SOURCE
> Task :generators:code-processor:classes UP-TO-DATE
> Task :generators:code-processor:jar UP-TO-DATE
> Task :generators:fact-generator-common:compileJava UP-TO-DATE
> Task :generators:fact-generator-common:processResources NO-SOURCE
> Task :generators:fact-generator-common:classes UP-TO-DATE
> Task :generators:fact-generator-common:shadowJar UP-TO-DATE
> Task :compileJava UP-TO-DATE
> Task :compileGroovy UP-TO-DATE
> Task :resolveApktool
> Task :generators:dex-fact-generator:compileJava UP-TO-DATE
> Task :generators:dex-fact-generator:processResources NO-SOURCE
> Task :generators:dex-fact-generator:classes UP-TO-DATE
> Task :generators:dex-fact-generator:jar
> Task :generators:dex-fact-generator:fatJar
> Task :generators:dex-fact-generator:installJar
> Task :generators:soot-fact-generator:compileJava UP-TO-DATE
> Task :generators:soot-fact-generator:compileGroovy NO-SOURCE
> Task :generators:soot-fact-generator:processResources NO-SOURCE
> Task :generators:soot-fact-generator:classes UP-TO-DATE
> Task :generators:soot-fact-generator:jar
> Task :generators:soot-fact-generator:fatJar
> Task :generators:soot-fact-generator:installJar
> Task :generators:wala-fact-generator:compileJava UP-TO-DATE
> Task :generators:wala-fact-generator:processResources UP-TO-DATE
> Task :generators:wala-fact-generator:classes UP-TO-DATE
> Task :generators:wala-fact-generator:jar
> Task :generators:wala-fact-generator:fatJar
> Task :generators:wala-fact-generator:installJar
> Task :resourceInstaller
> Task :processResources
> Task :classes
> Task :writeGitCommitHash UP-TO-DATE

> Task :run
Main class(es) expanded with [org.jsonschema2pojo.RootDriver]
WARNING: Handling of Java reflection is disabled!
New context-insensitive analysis
Id       : jsonschema2pojo-1.1.1-context-insensitive-NORMAL
Inputs   : /u/p23lam/hacking/MockAbstraction/Benchmarks/jsonschema2pojo-1.1.1/jsonschema2pojo-core/target/jsonschema2pojo-core-1.1.1.jar, /u/p23lam/hacking/MockAbstraction/Benchmarks/jsonschema2pojo-1.1.1/jsonschema2pojo-core/target/jsonschema2pojo-core-1.1.1-tests.jar, /u/p23lam/hacking/MockAbstraction/Benchmarks/jsonschema2pojo-1.1.1/jsonschema2pojo-core/mvn_dependencies/accessors-smart-1.2.jar, /u/p23lam/hacking/MockAbstraction/Benchmarks/jsonschema2pojo-1.1.1/jsonschema2pojo-core/mvn_dependencies/annotations-1.3.9.jar, /u/p23lam/hacking/MockAbstraction/Benchmarks/jsonschema2pojo-1.1.1/jsonschema2pojo-core/mvn_dependencies/antlr4-runtime-4.7.1.jar, /u/p23lam/hacking/MockAbstraction/Benchmarks/jsonschema2pojo-1.1.1/jsonschema2pojo-core/mvn_dependencies/asm-7.0.jar, /u/p23lam/hacking/MockAbstraction/Benchmarks/jsonschema2pojo-1.1.1/jsonschema2pojo-core/mvn_dependencies/byte-buddy-1.10.5.jar, /u/p23lam/hacking/MockAbstraction/Benchmarks/jsonschema2pojo-1.1.1/jsonschema2pojo-core/mvn_dependencies/byte-buddy-agent-1.10.5.jar, /u/p23lam/hacking/MockAbstraction/Benchmarks/jsonschema2pojo-1.1.1/jsonschema2pojo-core/mvn_dependencies/codemodel-2.6.jar, /u/p23lam/hacking/MockAbstraction/Benchmarks/jsonschema2pojo-1.1.1/jsonschema2pojo-core/mvn_dependencies/commons-codec-1.9.jar, /u/p23lam/hacking/MockAbstraction/Benchmarks/jsonschema2pojo-1.1.1/jsonschema2pojo-core/mvn_dependencies/commons-fileupload-1.4.jar, /u/p23lam/hacking/MockAbstraction/Benchmarks/jsonschema2pojo-1.1.1/jsonschema2pojo-core/mvn_dependencies/commons-io-2.8.0.jar, /u/p23lam/hacking/MockAbstraction/Benchmarks/jsonschema2pojo-1.1.1/jsonschema2pojo-core/mvn_dependencies/commons-lang-2.6.jar, /u/p23lam/hacking/MockAbstraction/Benchmarks/jsonschema2pojo-1.1.1/jsonschema2pojo-core/mvn_dependencies/commons-lang3-3.11.jar, /u/p23lam/hacking/MockAbstraction/Benchmarks/jsonschema2pojo-1.1.1/jsonschema2pojo-core/mvn_dependencies/commons-logging-1.2.jar, /u/p23lam/hacking/MockAbstraction/Benchmarks/jsonschema2pojo-1.1.1/jsonschema2pojo-core/mvn_dependencies/gson-2.8.6.jar, /u/p23lam/hacking/MockAbstraction/Benchmarks/jsonschema2pojo-1.1.1/jsonschema2pojo-core/mvn_dependencies/guava-20.0.jar, /u/p23lam/hacking/MockAbstraction/Benchmarks/jsonschema2pojo-1.1.1/jsonschema2pojo-core/mvn_dependencies/hamcrest-all-1.3.jar, /u/p23lam/hacking/MockAbstraction/Benchmarks/jsonschema2pojo-1.1.1/jsonschema2pojo-core/mvn_dependencies/hamcrest-core-1.3.jar, /u/p23lam/hacking/MockAbstraction/Benchmarks/jsonschema2pojo-1.1.1/jsonschema2pojo-core/mvn_dependencies/handlebars-4.0.7.jar, /u/p23lam/hacking/MockAbstraction/Benchmarks/jsonschema2pojo-1.1.1/jsonschema2pojo-core/mvn_dependencies/handlebars-helpers-4.0.7.jar, /u/p23lam/hacking/MockAbstraction/Benchmarks/jsonschema2pojo-1.1.1/jsonschema2pojo-core/mvn_dependencies/httpclient-4.5.13.jar, /u/p23lam/hacking/MockAbstraction/Benchmarks/jsonschema2pojo-1.1.1/jsonschema2pojo-core/mvn_dependencies/httpcore-4.4.13.jar, /u/p23lam/hacking/MockAbstraction/Benchmarks/jsonschema2pojo-1.1.1/jsonschema2pojo-core/mvn_dependencies/jackson-annotations-2.9.10.jar, /u/p23lam/hacking/MockAbstraction/Benchmarks/jsonschema2pojo-1.1.1/jsonschema2pojo-core/mvn_dependencies/jackson-core-2.9.10.jar, /u/p23lam/hacking/MockAbstraction/Benchmarks/jsonschema2pojo-1.1.1/jsonschema2pojo-core/mvn_dependencies/jackson-databind-2.9.10.8.jar, /u/p23lam/hacking/MockAbstraction/Benchmarks/jsonschema2pojo-1.1.1/jsonschema2pojo-core/mvn_dependencies/jackson-dataformat-yaml-2.9.10.jar, /u/p23lam/hacking/MockAbstraction/Benchmarks/jsonschema2pojo-1.1.1/jsonschema2pojo-core/mvn_dependencies/javaparser-1.0.10.jar, /u/p23lam/hacking/MockAbstraction/Benchmarks/jsonschema2pojo-1.1.1/jsonschema2pojo-core/mvn_dependencies/javax.servlet-api-3.1.0.jar, /u/p23lam/hacking/MockAbstraction/Benchmarks/jsonschema2pojo-1.1.1/jsonschema2pojo-core/mvn_dependencies/jetty-client-9.2.28.v20190418.jar, /u/p23lam/hacking/MockAbstraction/Benchmarks/jsonschema2pojo-1.1.1/jsonschema2pojo-core/mvn_dependencies/jetty-continuation-9.2.28.v20190418.jar, /u/p23lam/hacking/MockAbstraction/Benchmarks/jsonschema2pojo-1.1.1/jsonschema2pojo-core/mvn_dependencies/jetty-http-9.2.28.v20190418.jar, /u/p23lam/hacking/MockAbstraction/Benchmarks/jsonschema2pojo-1.1.1/jsonschema2pojo-core/mvn_dependencies/jetty-io-9.2.28.v20190418.jar, /u/p23lam/hacking/MockAbstraction/Benchmarks/jsonschema2pojo-1.1.1/jsonschema2pojo-core/mvn_dependencies/jetty-proxy-9.2.28.v20190418.jar, /u/p23lam/hacking/MockAbstraction/Benchmarks/jsonschema2pojo-1.1.1/jsonschema2pojo-core/mvn_dependencies/jetty-security-9.2.28.v20190418.jar, /u/p23lam/hacking/MockAbstraction/Benchmarks/jsonschema2pojo-1.1.1/jsonschema2pojo-core/mvn_dependencies/jetty-server-9.2.28.v20190418.jar, /u/p23lam/hacking/MockAbstraction/Benchmarks/jsonschema2pojo-1.1.1/jsonschema2pojo-core/mvn_dependencies/jetty-servlet-9.2.28.v20190418.jar, /u/p23lam/hacking/MockAbstraction/Benchmarks/jsonschema2pojo-1.1.1/jsonschema2pojo-core/mvn_dependencies/jetty-servlets-9.2.28.v20190418.jar, /u/p23lam/hacking/MockAbstraction/Benchmarks/jsonschema2pojo-1.1.1/jsonschema2pojo-core/mvn_dependencies/jetty-util-9.2.28.v20190418.jar, /u/p23lam/hacking/MockAbstraction/Benchmarks/jsonschema2pojo-1.1.1/jsonschema2pojo-core/mvn_dependencies/jetty-webapp-9.2.28.v20190418.jar, /u/p23lam/hacking/MockAbstraction/Benchmarks/jsonschema2pojo-1.1.1/jsonschema2pojo-core/mvn_dependencies/jetty-xml-9.2.28.v20190418.jar, /u/p23lam/hacking/MockAbstraction/Benchmarks/jsonschema2pojo-1.1.1/jsonschema2pojo-core/mvn_dependencies/joda-time-2.2.jar, /u/p23lam/hacking/MockAbstraction/Benchmarks/jsonschema2pojo-1.1.1/jsonschema2pojo-core/mvn_dependencies/jopt-simple-5.0.3.jar, /u/p23lam/hacking/MockAbstraction/Benchmarks/jsonschema2pojo-1.1.1/jsonschema2pojo-core/mvn_dependencies/json-path-2.4.0.jar, /u/p23lam/hacking/MockAbstraction/Benchmarks/jsonschema2pojo-1.1.1/jsonschema2pojo-core/mvn_dependencies/json-smart-2.3.jar, /u/p23lam/hacking/MockAbstraction/Benchmarks/jsonschema2pojo-1.1.1/jsonschema2pojo-core/mvn_dependencies/jsr305-3.0.1.jar, /u/p23lam/hacking/MockAbstraction/Benchmarks/jsonschema2pojo-1.1.1/jsonschema2pojo-core/mvn_dependencies/junit-4.13.2.jar, /u/p23lam/hacking/MockAbstraction/Benchmarks/jsonschema2pojo-1.1.1/jsonschema2pojo-core/mvn_dependencies/mockito-core-3.2.4.jar, /u/p23lam/hacking/MockAbstraction/Benchmarks/jsonschema2pojo-1.1.1/jsonschema2pojo-core/mvn_dependencies/objenesis-2.6.jar, /u/p23lam/hacking/MockAbstraction/Benchmarks/jsonschema2pojo-1.1.1/jsonschema2pojo-core/mvn_dependencies/slf4j-api-1.7.30.jar, /u/p23lam/hacking/MockAbstraction/Benchmarks/jsonschema2pojo-1.1.1/jsonschema2pojo-core/mvn_dependencies/slf4j-simple-1.7.30.jar, /u/p23lam/hacking/MockAbstraction/Benchmarks/jsonschema2pojo-1.1.1/jsonschema2pojo-core/mvn_dependencies/snakeyaml-1.23.jar, /u/p23lam/hacking/MockAbstraction/Benchmarks/jsonschema2pojo-1.1.1/jsonschema2pojo-core/mvn_dependencies/validation-api-1.0.0.GA.jar, /u/p23lam/hacking/MockAbstraction/Benchmarks/jsonschema2pojo-1.1.1/jsonschema2pojo-core/mvn_dependencies/wiremock-2.27.2.jar, /u/p23lam/hacking/MockAbstraction/Benchmarks/jsonschema2pojo-1.1.1/jsonschema2pojo-core/mvn_dependencies/xmlunit-core-2.7.0.jar, /u/p23lam/hacking/MockAbstraction/Benchmarks/jsonschema2pojo-1.1.1/jsonschema2pojo-core/mvn_dependencies/xmlunit-legacy-2.7.0.jar, /u/p23lam/hacking/MockAbstraction/Benchmarks/jsonschema2pojo-1.1.1/jsonschema2pojo-core/mvn_dependencies/xmlunit-placeholders-2.7.0.jar, /u/p23lam/hacking/MockAbstraction/Benchmarks/jsonschema2pojo-1.1.1/jsonschema2pojo-core/mvn_dependencies/zjsonpatch-0.4.4.jar
Libraries: 
Using a timeout of 90 min.
Adding extra logic file /u/p23lam/hacking/doop/souffle-logic/analyses/mocks/mocks.dl
[Task FACTS...]
[Task COMPILE...]
-- Fact Generation --
Using cached analysis executable /u/p23lam/hacking/doop/cache/souffle-analyses/context-insensitive/8a043083842efa3ea9ae6ebcc37ccc349e8c6da7092c67779981aac01df69a26
[Task COMPILE Done]
SOOT_FACT_GEN: Logging initialized, using directory: /u/p23lam/hacking/doop/build/logs
SOOT_FACT_GEN: SLF4J: Failed to load class "org.slf4j.impl.StaticLoggerBinder".
SOOT_FACT_GEN: SLF4J: Defaulting to no-operation (NOP) logger implementation
SOOT_FACT_GEN: SLF4J: See http://www.slf4j.org/codes.html#StaticLoggerBinder for further details.
SOOT_FACT_GEN: Preprocessing application: /u/p23lam/hacking/MockAbstraction/Benchmarks/jsonschema2pojo-1.1.1/jsonschema2pojo-core/target/jsonschema2pojo-core-1.1.1.jar
SOOT_FACT_GEN: Preprocessing application: /u/p23lam/hacking/MockAbstraction/Benchmarks/jsonschema2pojo-1.1.1/jsonschema2pojo-core/target/jsonschema2pojo-core-1.1.1-tests.jar
SOOT_FACT_GEN: Preprocessing application: /u/p23lam/hacking/MockAbstraction/Benchmarks/jsonschema2pojo-1.1.1/jsonschema2pojo-core/mvn_dependencies/accessors-smart-1.2.jar
SOOT_FACT_GEN: Preprocessing application: /u/p23lam/hacking/MockAbstraction/Benchmarks/jsonschema2pojo-1.1.1/jsonschema2pojo-core/mvn_dependencies/annotations-1.3.9.jar
SOOT_FACT_GEN: Preprocessing application: /u/p23lam/hacking/MockAbstraction/Benchmarks/jsonschema2pojo-1.1.1/jsonschema2pojo-core/mvn_dependencies/antlr4-runtime-4.7.1.jar
SOOT_FACT_GEN: Preprocessing application: /u/p23lam/hacking/MockAbstraction/Benchmarks/jsonschema2pojo-1.1.1/jsonschema2pojo-core/mvn_dependencies/asm-7.0.jar
SOOT_FACT_GEN: Preprocessing application: /u/p23lam/hacking/MockAbstraction/Benchmarks/jsonschema2pojo-1.1.1/jsonschema2pojo-core/mvn_dependencies/byte-buddy-1.10.5.jar
SOOT_FACT_GEN: Preprocessing application: /u/p23lam/hacking/MockAbstraction/Benchmarks/jsonschema2pojo-1.1.1/jsonschema2pojo-core/mvn_dependencies/byte-buddy-agent-1.10.5.jar
SOOT_FACT_GEN: Preprocessing application: /u/p23lam/hacking/MockAbstraction/Benchmarks/jsonschema2pojo-1.1.1/jsonschema2pojo-core/mvn_dependencies/codemodel-2.6.jar
SOOT_FACT_GEN: Preprocessing application: /u/p23lam/hacking/MockAbstraction/Benchmarks/jsonschema2pojo-1.1.1/jsonschema2pojo-core/mvn_dependencies/commons-codec-1.9.jar
SOOT_FACT_GEN: Preprocessing application: /u/p23lam/hacking/MockAbstraction/Benchmarks/jsonschema2pojo-1.1.1/jsonschema2pojo-core/mvn_dependencies/commons-fileupload-1.4.jar
SOOT_FACT_GEN: Preprocessing application: /u/p23lam/hacking/MockAbstraction/Benchmarks/jsonschema2pojo-1.1.1/jsonschema2pojo-core/mvn_dependencies/commons-io-2.8.0.jar
SOOT_FACT_GEN: Preprocessing application: /u/p23lam/hacking/MockAbstraction/Benchmarks/jsonschema2pojo-1.1.1/jsonschema2pojo-core/mvn_dependencies/commons-lang-2.6.jar
SOOT_FACT_GEN: Preprocessing application: /u/p23lam/hacking/MockAbstraction/Benchmarks/jsonschema2pojo-1.1.1/jsonschema2pojo-core/mvn_dependencies/commons-lang3-3.11.jar
SOOT_FACT_GEN: Preprocessing application: /u/p23lam/hacking/MockAbstraction/Benchmarks/jsonschema2pojo-1.1.1/jsonschema2pojo-core/mvn_dependencies/commons-logging-1.2.jar
SOOT_FACT_GEN: Preprocessing application: /u/p23lam/hacking/MockAbstraction/Benchmarks/jsonschema2pojo-1.1.1/jsonschema2pojo-core/mvn_dependencies/gson-2.8.6.jar
SOOT_FACT_GEN: Preprocessing application: /u/p23lam/hacking/MockAbstraction/Benchmarks/jsonschema2pojo-1.1.1/jsonschema2pojo-core/mvn_dependencies/guava-20.0.jar
SOOT_FACT_GEN: Preprocessing application: /u/p23lam/hacking/MockAbstraction/Benchmarks/jsonschema2pojo-1.1.1/jsonschema2pojo-core/mvn_dependencies/hamcrest-all-1.3.jar
SOOT_FACT_GEN: Preprocessing application: /u/p23lam/hacking/MockAbstraction/Benchmarks/jsonschema2pojo-1.1.1/jsonschema2pojo-core/mvn_dependencies/hamcrest-core-1.3.jar
SOOT_FACT_GEN: Preprocessing application: /u/p23lam/hacking/MockAbstraction/Benchmarks/jsonschema2pojo-1.1.1/jsonschema2pojo-core/mvn_dependencies/handlebars-4.0.7.jar
SOOT_FACT_GEN: Preprocessing application: /u/p23lam/hacking/MockAbstraction/Benchmarks/jsonschema2pojo-1.1.1/jsonschema2pojo-core/mvn_dependencies/handlebars-helpers-4.0.7.jar
SOOT_FACT_GEN: Preprocessing application: /u/p23lam/hacking/MockAbstraction/Benchmarks/jsonschema2pojo-1.1.1/jsonschema2pojo-core/mvn_dependencies/httpclient-4.5.13.jar
SOOT_FACT_GEN: Preprocessing application: /u/p23lam/hacking/MockAbstraction/Benchmarks/jsonschema2pojo-1.1.1/jsonschema2pojo-core/mvn_dependencies/httpcore-4.4.13.jar
SOOT_FACT_GEN: Preprocessing application: /u/p23lam/hacking/MockAbstraction/Benchmarks/jsonschema2pojo-1.1.1/jsonschema2pojo-core/mvn_dependencies/jackson-annotations-2.9.10.jar
SOOT_FACT_GEN: Preprocessing application: /u/p23lam/hacking/MockAbstraction/Benchmarks/jsonschema2pojo-1.1.1/jsonschema2pojo-core/mvn_dependencies/jackson-core-2.9.10.jar
SOOT_FACT_GEN: Preprocessing application: /u/p23lam/hacking/MockAbstraction/Benchmarks/jsonschema2pojo-1.1.1/jsonschema2pojo-core/mvn_dependencies/jackson-databind-2.9.10.8.jar
SOOT_FACT_GEN: Preprocessing application: /u/p23lam/hacking/MockAbstraction/Benchmarks/jsonschema2pojo-1.1.1/jsonschema2pojo-core/mvn_dependencies/jackson-dataformat-yaml-2.9.10.jar
SOOT_FACT_GEN: Preprocessing application: /u/p23lam/hacking/MockAbstraction/Benchmarks/jsonschema2pojo-1.1.1/jsonschema2pojo-core/mvn_dependencies/javaparser-1.0.10.jar
SOOT_FACT_GEN: Preprocessing application: /u/p23lam/hacking/MockAbstraction/Benchmarks/jsonschema2pojo-1.1.1/jsonschema2pojo-core/mvn_dependencies/javax.servlet-api-3.1.0.jar
SOOT_FACT_GEN: Preprocessing application: /u/p23lam/hacking/MockAbstraction/Benchmarks/jsonschema2pojo-1.1.1/jsonschema2pojo-core/mvn_dependencies/jetty-client-9.2.28.v20190418.jar
SOOT_FACT_GEN: Preprocessing application: /u/p23lam/hacking/MockAbstraction/Benchmarks/jsonschema2pojo-1.1.1/jsonschema2pojo-core/mvn_dependencies/jetty-continuation-9.2.28.v20190418.jar
SOOT_FACT_GEN: Preprocessing application: /u/p23lam/hacking/MockAbstraction/Benchmarks/jsonschema2pojo-1.1.1/jsonschema2pojo-core/mvn_dependencies/jetty-http-9.2.28.v20190418.jar
SOOT_FACT_GEN: Preprocessing application: /u/p23lam/hacking/MockAbstraction/Benchmarks/jsonschema2pojo-1.1.1/jsonschema2pojo-core/mvn_dependencies/jetty-io-9.2.28.v20190418.jar
SOOT_FACT_GEN: Preprocessing application: /u/p23lam/hacking/MockAbstraction/Benchmarks/jsonschema2pojo-1.1.1/jsonschema2pojo-core/mvn_dependencies/jetty-proxy-9.2.28.v20190418.jar
SOOT_FACT_GEN: Preprocessing application: /u/p23lam/hacking/MockAbstraction/Benchmarks/jsonschema2pojo-1.1.1/jsonschema2pojo-core/mvn_dependencies/jetty-security-9.2.28.v20190418.jar
SOOT_FACT_GEN: Preprocessing application: /u/p23lam/hacking/MockAbstraction/Benchmarks/jsonschema2pojo-1.1.1/jsonschema2pojo-core/mvn_dependencies/jetty-server-9.2.28.v20190418.jar
SOOT_FACT_GEN: Preprocessing application: /u/p23lam/hacking/MockAbstraction/Benchmarks/jsonschema2pojo-1.1.1/jsonschema2pojo-core/mvn_dependencies/jetty-servlet-9.2.28.v20190418.jar
SOOT_FACT_GEN: Preprocessing application: /u/p23lam/hacking/MockAbstraction/Benchmarks/jsonschema2pojo-1.1.1/jsonschema2pojo-core/mvn_dependencies/jetty-servlets-9.2.28.v20190418.jar
SOOT_FACT_GEN: Preprocessing application: /u/p23lam/hacking/MockAbstraction/Benchmarks/jsonschema2pojo-1.1.1/jsonschema2pojo-core/mvn_dependencies/jetty-util-9.2.28.v20190418.jar
SOOT_FACT_GEN: Preprocessing application: /u/p23lam/hacking/MockAbstraction/Benchmarks/jsonschema2pojo-1.1.1/jsonschema2pojo-core/mvn_dependencies/jetty-webapp-9.2.28.v20190418.jar
SOOT_FACT_GEN: Preprocessing application: /u/p23lam/hacking/MockAbstraction/Benchmarks/jsonschema2pojo-1.1.1/jsonschema2pojo-core/mvn_dependencies/jetty-xml-9.2.28.v20190418.jar
SOOT_FACT_GEN: Preprocessing application: /u/p23lam/hacking/MockAbstraction/Benchmarks/jsonschema2pojo-1.1.1/jsonschema2pojo-core/mvn_dependencies/joda-time-2.2.jar
SOOT_FACT_GEN: Preprocessing application: /u/p23lam/hacking/MockAbstraction/Benchmarks/jsonschema2pojo-1.1.1/jsonschema2pojo-core/mvn_dependencies/jopt-simple-5.0.3.jar
SOOT_FACT_GEN: Preprocessing application: /u/p23lam/hacking/MockAbstraction/Benchmarks/jsonschema2pojo-1.1.1/jsonschema2pojo-core/mvn_dependencies/json-path-2.4.0.jar
SOOT_FACT_GEN: Preprocessing application: /u/p23lam/hacking/MockAbstraction/Benchmarks/jsonschema2pojo-1.1.1/jsonschema2pojo-core/mvn_dependencies/json-smart-2.3.jar
SOOT_FACT_GEN: Preprocessing application: /u/p23lam/hacking/MockAbstraction/Benchmarks/jsonschema2pojo-1.1.1/jsonschema2pojo-core/mvn_dependencies/jsr305-3.0.1.jar
SOOT_FACT_GEN: Preprocessing application: /u/p23lam/hacking/MockAbstraction/Benchmarks/jsonschema2pojo-1.1.1/jsonschema2pojo-core/mvn_dependencies/junit-4.13.2.jar
SOOT_FACT_GEN: Preprocessing application: /u/p23lam/hacking/MockAbstraction/Benchmarks/jsonschema2pojo-1.1.1/jsonschema2pojo-core/mvn_dependencies/mockito-core-3.2.4.jar
SOOT_FACT_GEN: Preprocessing application: /u/p23lam/hacking/MockAbstraction/Benchmarks/jsonschema2pojo-1.1.1/jsonschema2pojo-core/mvn_dependencies/objenesis-2.6.jar
SOOT_FACT_GEN: Preprocessing application: /u/p23lam/hacking/MockAbstraction/Benchmarks/jsonschema2pojo-1.1.1/jsonschema2pojo-core/mvn_dependencies/slf4j-api-1.7.30.jar
SOOT_FACT_GEN: Preprocessing application: /u/p23lam/hacking/MockAbstraction/Benchmarks/jsonschema2pojo-1.1.1/jsonschema2pojo-core/mvn_dependencies/slf4j-simple-1.7.30.jar
SOOT_FACT_GEN: Preprocessing application: /u/p23lam/hacking/MockAbstraction/Benchmarks/jsonschema2pojo-1.1.1/jsonschema2pojo-core/mvn_dependencies/snakeyaml-1.23.jar
SOOT_FACT_GEN: Preprocessing application: /u/p23lam/hacking/MockAbstraction/Benchmarks/jsonschema2pojo-1.1.1/jsonschema2pojo-core/mvn_dependencies/validation-api-1.0.0.GA.jar
SOOT_FACT_GEN: Preprocessing application: /u/p23lam/hacking/MockAbstraction/Benchmarks/jsonschema2pojo-1.1.1/jsonschema2pojo-core/mvn_dependencies/wiremock-2.27.2.jar
SOOT_FACT_GEN: Preprocessing application: /u/p23lam/hacking/MockAbstraction/Benchmarks/jsonschema2pojo-1.1.1/jsonschema2pojo-core/mvn_dependencies/xmlunit-core-2.7.0.jar
SOOT_FACT_GEN: Preprocessing application: /u/p23lam/hacking/MockAbstraction/Benchmarks/jsonschema2pojo-1.1.1/jsonschema2pojo-core/mvn_dependencies/xmlunit-legacy-2.7.0.jar
SOOT_FACT_GEN: Preprocessing application: /u/p23lam/hacking/MockAbstraction/Benchmarks/jsonschema2pojo-1.1.1/jsonschema2pojo-core/mvn_dependencies/xmlunit-placeholders-2.7.0.jar
SOOT_FACT_GEN: Preprocessing application: /u/p23lam/hacking/MockAbstraction/Benchmarks/jsonschema2pojo-1.1.1/jsonschema2pojo-core/mvn_dependencies/zjsonpatch-0.4.4.jar
SOOT_FACT_GEN: Preprocessing platform library: /u/p23lam/hacking/doop/build/tmp/rt_8801996619046957487.jar
SOOT_FACT_GEN: Preprocessing platform library: /u/p23lam/hacking/doop/build/tmp/jce_4872254691367533090.jar
SOOT_FACT_GEN: Preprocessing platform library: /u/p23lam/hacking/doop/build/tmp/jsse_1418157250816088846.jar
SOOT_FACT_GEN: Adding archive: /u/p23lam/hacking/MockAbstraction/Benchmarks/jsonschema2pojo-1.1.1/jsonschema2pojo-core/target/jsonschema2pojo-core-1.1.1.jar
SOOT_FACT_GEN: Adding archive: /u/p23lam/hacking/MockAbstraction/Benchmarks/jsonschema2pojo-1.1.1/jsonschema2pojo-core/target/jsonschema2pojo-core-1.1.1-tests.jar
SOOT_FACT_GEN: Adding archive: /u/p23lam/hacking/MockAbstraction/Benchmarks/jsonschema2pojo-1.1.1/jsonschema2pojo-core/mvn_dependencies/accessors-smart-1.2.jar
SOOT_FACT_GEN: Adding archive: /u/p23lam/hacking/MockAbstraction/Benchmarks/jsonschema2pojo-1.1.1/jsonschema2pojo-core/mvn_dependencies/annotations-1.3.9.jar
SOOT_FACT_GEN: Adding archive: /u/p23lam/hacking/MockAbstraction/Benchmarks/jsonschema2pojo-1.1.1/jsonschema2pojo-core/mvn_dependencies/antlr4-runtime-4.7.1.jar
SOOT_FACT_GEN: Adding archive: /u/p23lam/hacking/MockAbstraction/Benchmarks/jsonschema2pojo-1.1.1/jsonschema2pojo-core/mvn_dependencies/asm-7.0.jar
SOOT_FACT_GEN: Adding archive: /u/p23lam/hacking/MockAbstraction/Benchmarks/jsonschema2pojo-1.1.1/jsonschema2pojo-core/mvn_dependencies/byte-buddy-1.10.5.jar
SOOT_FACT_GEN: Adding archive: /u/p23lam/hacking/MockAbstraction/Benchmarks/jsonschema2pojo-1.1.1/jsonschema2pojo-core/mvn_dependencies/byte-buddy-agent-1.10.5.jar
SOOT_FACT_GEN: Adding archive: /u/p23lam/hacking/MockAbstraction/Benchmarks/jsonschema2pojo-1.1.1/jsonschema2pojo-core/mvn_dependencies/codemodel-2.6.jar
SOOT_FACT_GEN: Adding archive: /u/p23lam/hacking/MockAbstraction/Benchmarks/jsonschema2pojo-1.1.1/jsonschema2pojo-core/mvn_dependencies/commons-codec-1.9.jar
SOOT_FACT_GEN: Adding archive: /u/p23lam/hacking/MockAbstraction/Benchmarks/jsonschema2pojo-1.1.1/jsonschema2pojo-core/mvn_dependencies/commons-fileupload-1.4.jar
SOOT_FACT_GEN: Adding archive: /u/p23lam/hacking/MockAbstraction/Benchmarks/jsonschema2pojo-1.1.1/jsonschema2pojo-core/mvn_dependencies/commons-io-2.8.0.jar
SOOT_FACT_GEN: Adding archive: /u/p23lam/hacking/MockAbstraction/Benchmarks/jsonschema2pojo-1.1.1/jsonschema2pojo-core/mvn_dependencies/commons-lang-2.6.jar
SOOT_FACT_GEN: Adding archive: /u/p23lam/hacking/MockAbstraction/Benchmarks/jsonschema2pojo-1.1.1/jsonschema2pojo-core/mvn_dependencies/commons-lang3-3.11.jar
SOOT_FACT_GEN: Adding archive: /u/p23lam/hacking/MockAbstraction/Benchmarks/jsonschema2pojo-1.1.1/jsonschema2pojo-core/mvn_dependencies/commons-logging-1.2.jar
SOOT_FACT_GEN: Adding archive: /u/p23lam/hacking/MockAbstraction/Benchmarks/jsonschema2pojo-1.1.1/jsonschema2pojo-core/mvn_dependencies/gson-2.8.6.jar
SOOT_FACT_GEN: Adding archive: /u/p23lam/hacking/MockAbstraction/Benchmarks/jsonschema2pojo-1.1.1/jsonschema2pojo-core/mvn_dependencies/guava-20.0.jar
SOOT_FACT_GEN: Adding archive: /u/p23lam/hacking/MockAbstraction/Benchmarks/jsonschema2pojo-1.1.1/jsonschema2pojo-core/mvn_dependencies/hamcrest-all-1.3.jar
SOOT_FACT_GEN: Adding archive: /u/p23lam/hacking/MockAbstraction/Benchmarks/jsonschema2pojo-1.1.1/jsonschema2pojo-core/mvn_dependencies/hamcrest-core-1.3.jar
SOOT_FACT_GEN: Adding archive: /u/p23lam/hacking/MockAbstraction/Benchmarks/jsonschema2pojo-1.1.1/jsonschema2pojo-core/mvn_dependencies/handlebars-4.0.7.jar
SOOT_FACT_GEN: Adding archive: /u/p23lam/hacking/MockAbstraction/Benchmarks/jsonschema2pojo-1.1.1/jsonschema2pojo-core/mvn_dependencies/handlebars-helpers-4.0.7.jar
SOOT_FACT_GEN: Adding archive: /u/p23lam/hacking/MockAbstraction/Benchmarks/jsonschema2pojo-1.1.1/jsonschema2pojo-core/mvn_dependencies/httpclient-4.5.13.jar
SOOT_FACT_GEN: Adding archive: /u/p23lam/hacking/MockAbstraction/Benchmarks/jsonschema2pojo-1.1.1/jsonschema2pojo-core/mvn_dependencies/httpcore-4.4.13.jar
SOOT_FACT_GEN: Adding archive: /u/p23lam/hacking/MockAbstraction/Benchmarks/jsonschema2pojo-1.1.1/jsonschema2pojo-core/mvn_dependencies/jackson-annotations-2.9.10.jar
SOOT_FACT_GEN: Adding archive: /u/p23lam/hacking/MockAbstraction/Benchmarks/jsonschema2pojo-1.1.1/jsonschema2pojo-core/mvn_dependencies/jackson-core-2.9.10.jar
SOOT_FACT_GEN: Adding archive: /u/p23lam/hacking/MockAbstraction/Benchmarks/jsonschema2pojo-1.1.1/jsonschema2pojo-core/mvn_dependencies/jackson-databind-2.9.10.8.jar
SOOT_FACT_GEN: Adding archive: /u/p23lam/hacking/MockAbstraction/Benchmarks/jsonschema2pojo-1.1.1/jsonschema2pojo-core/mvn_dependencies/jackson-dataformat-yaml-2.9.10.jar
SOOT_FACT_GEN: Adding archive: /u/p23lam/hacking/MockAbstraction/Benchmarks/jsonschema2pojo-1.1.1/jsonschema2pojo-core/mvn_dependencies/javaparser-1.0.10.jar
SOOT_FACT_GEN: Adding archive: /u/p23lam/hacking/MockAbstraction/Benchmarks/jsonschema2pojo-1.1.1/jsonschema2pojo-core/mvn_dependencies/javax.servlet-api-3.1.0.jar
SOOT_FACT_GEN: Adding archive: /u/p23lam/hacking/MockAbstraction/Benchmarks/jsonschema2pojo-1.1.1/jsonschema2pojo-core/mvn_dependencies/jetty-client-9.2.28.v20190418.jar
SOOT_FACT_GEN: Adding archive: /u/p23lam/hacking/MockAbstraction/Benchmarks/jsonschema2pojo-1.1.1/jsonschema2pojo-core/mvn_dependencies/jetty-continuation-9.2.28.v20190418.jar
SOOT_FACT_GEN: Adding archive: /u/p23lam/hacking/MockAbstraction/Benchmarks/jsonschema2pojo-1.1.1/jsonschema2pojo-core/mvn_dependencies/jetty-http-9.2.28.v20190418.jar
SOOT_FACT_GEN: Adding archive: /u/p23lam/hacking/MockAbstraction/Benchmarks/jsonschema2pojo-1.1.1/jsonschema2pojo-core/mvn_dependencies/jetty-io-9.2.28.v20190418.jar
SOOT_FACT_GEN: Adding archive: /u/p23lam/hacking/MockAbstraction/Benchmarks/jsonschema2pojo-1.1.1/jsonschema2pojo-core/mvn_dependencies/jetty-proxy-9.2.28.v20190418.jar
SOOT_FACT_GEN: Adding archive: /u/p23lam/hacking/MockAbstraction/Benchmarks/jsonschema2pojo-1.1.1/jsonschema2pojo-core/mvn_dependencies/jetty-security-9.2.28.v20190418.jar
SOOT_FACT_GEN: Adding archive: /u/p23lam/hacking/MockAbstraction/Benchmarks/jsonschema2pojo-1.1.1/jsonschema2pojo-core/mvn_dependencies/jetty-server-9.2.28.v20190418.jar
SOOT_FACT_GEN: Adding archive: /u/p23lam/hacking/MockAbstraction/Benchmarks/jsonschema2pojo-1.1.1/jsonschema2pojo-core/mvn_dependencies/jetty-servlet-9.2.28.v20190418.jar
SOOT_FACT_GEN: Adding archive: /u/p23lam/hacking/MockAbstraction/Benchmarks/jsonschema2pojo-1.1.1/jsonschema2pojo-core/mvn_dependencies/jetty-servlets-9.2.28.v20190418.jar
SOOT_FACT_GEN: Adding archive: /u/p23lam/hacking/MockAbstraction/Benchmarks/jsonschema2pojo-1.1.1/jsonschema2pojo-core/mvn_dependencies/jetty-util-9.2.28.v20190418.jar
SOOT_FACT_GEN: Adding archive: /u/p23lam/hacking/MockAbstraction/Benchmarks/jsonschema2pojo-1.1.1/jsonschema2pojo-core/mvn_dependencies/jetty-webapp-9.2.28.v20190418.jar
SOOT_FACT_GEN: Adding archive: /u/p23lam/hacking/MockAbstraction/Benchmarks/jsonschema2pojo-1.1.1/jsonschema2pojo-core/mvn_dependencies/jetty-xml-9.2.28.v20190418.jar
SOOT_FACT_GEN: Adding archive: /u/p23lam/hacking/MockAbstraction/Benchmarks/jsonschema2pojo-1.1.1/jsonschema2pojo-core/mvn_dependencies/joda-time-2.2.jar
SOOT_FACT_GEN: Adding archive: /u/p23lam/hacking/MockAbstraction/Benchmarks/jsonschema2pojo-1.1.1/jsonschema2pojo-core/mvn_dependencies/jopt-simple-5.0.3.jar
SOOT_FACT_GEN: Adding archive: /u/p23lam/hacking/MockAbstraction/Benchmarks/jsonschema2pojo-1.1.1/jsonschema2pojo-core/mvn_dependencies/json-path-2.4.0.jar
SOOT_FACT_GEN: Adding archive: /u/p23lam/hacking/MockAbstraction/Benchmarks/jsonschema2pojo-1.1.1/jsonschema2pojo-core/mvn_dependencies/json-smart-2.3.jar
SOOT_FACT_GEN: Adding archive: /u/p23lam/hacking/MockAbstraction/Benchmarks/jsonschema2pojo-1.1.1/jsonschema2pojo-core/mvn_dependencies/jsr305-3.0.1.jar
SOOT_FACT_GEN: Adding archive: /u/p23lam/hacking/MockAbstraction/Benchmarks/jsonschema2pojo-1.1.1/jsonschema2pojo-core/mvn_dependencies/junit-4.13.2.jar
SOOT_FACT_GEN: Adding archive: /u/p23lam/hacking/MockAbstraction/Benchmarks/jsonschema2pojo-1.1.1/jsonschema2pojo-core/mvn_dependencies/mockito-core-3.2.4.jar
SOOT_FACT_GEN: Adding archive: /u/p23lam/hacking/MockAbstraction/Benchmarks/jsonschema2pojo-1.1.1/jsonschema2pojo-core/mvn_dependencies/objenesis-2.6.jar
SOOT_FACT_GEN: Adding archive: /u/p23lam/hacking/MockAbstraction/Benchmarks/jsonschema2pojo-1.1.1/jsonschema2pojo-core/mvn_dependencies/slf4j-api-1.7.30.jar
SOOT_FACT_GEN: Adding archive: /u/p23lam/hacking/MockAbstraction/Benchmarks/jsonschema2pojo-1.1.1/jsonschema2pojo-core/mvn_dependencies/slf4j-simple-1.7.30.jar
SOOT_FACT_GEN: Adding archive: /u/p23lam/hacking/MockAbstraction/Benchmarks/jsonschema2pojo-1.1.1/jsonschema2pojo-core/mvn_dependencies/snakeyaml-1.23.jar
SOOT_FACT_GEN: Adding archive: /u/p23lam/hacking/MockAbstraction/Benchmarks/jsonschema2pojo-1.1.1/jsonschema2pojo-core/mvn_dependencies/validation-api-1.0.0.GA.jar
SOOT_FACT_GEN: Adding archive: /u/p23lam/hacking/MockAbstraction/Benchmarks/jsonschema2pojo-1.1.1/jsonschema2pojo-core/mvn_dependencies/wiremock-2.27.2.jar
SOOT_FACT_GEN: Adding archive: /u/p23lam/hacking/MockAbstraction/Benchmarks/jsonschema2pojo-1.1.1/jsonschema2pojo-core/mvn_dependencies/xmlunit-core-2.7.0.jar
SOOT_FACT_GEN: Adding archive: /u/p23lam/hacking/MockAbstraction/Benchmarks/jsonschema2pojo-1.1.1/jsonschema2pojo-core/mvn_dependencies/xmlunit-legacy-2.7.0.jar
SOOT_FACT_GEN: Adding archive: /u/p23lam/hacking/MockAbstraction/Benchmarks/jsonschema2pojo-1.1.1/jsonschema2pojo-core/mvn_dependencies/xmlunit-placeholders-2.7.0.jar
SOOT_FACT_GEN: Adding archive: /u/p23lam/hacking/MockAbstraction/Benchmarks/jsonschema2pojo-1.1.1/jsonschema2pojo-core/mvn_dependencies/zjsonpatch-0.4.4.jar
SOOT_FACT_GEN: Adding archive for resolving: /u/p23lam/hacking/doop/build/tmp/rt_8801996619046957487.jar
SOOT_FACT_GEN: Adding archive for resolving: /u/p23lam/hacking/doop/build/tmp/jce_4872254691367533090.jar
SOOT_FACT_GEN: Adding archive for resolving: /u/p23lam/hacking/doop/build/tmp/jsse_1418157250816088846.jar
SOOT_FACT_GEN: Classes in input (application) jar(s): 11697
SOOT_FACT_GEN: Total classes in Scene: 19696
SOOT_FACT_GEN: Retrieved all bodies (time: 78)
SOOT_FACT_GEN: Fact generation cores: 32
SOOT_FACT_GEN: WARNING: some classes were not resolved, consider using thorough fact generation or adding them manually via --also-resolve: [java.lang.SuppressWarnings, java.beans.Customizer, javax.sound.sampled.Port, java.awt.dnd.MouseDragGestureRecognizer, com.sun.beans.editors.BooleanEditor, sun.util.locale.provider.HostLocaleProviderAdapterImpl, com.sun.management.GarbageCollectorMXBean, com.sun.beans.editors.LongEditor, com.sun.beans.editors.DoubleEditor, java.lang.Override, com.sun.beans.editors.ByteEditor, com.sun.beans.editors.FloatEditor, com.sun.beans.editors.IntegerEditor, com.sun.beans.editors.ShortEditor]
SOOT_FACT_GEN: Found 606 phantom references. Rerun with '--report-phantoms' for more details.
SOOT_FACT_GEN: Methods without active bodies encountered (and reset): 0
Soot fact generation time: 144
Caching facts in /u/p23lam/hacking/doop/cache/abb09ba13164383be73e9c462321a9fb76c85614607495a84cb4e27a0ecb14c3
Copying /u/p23lam/hacking/doop/out/jsonschema2pojo-1.1.1-context-insensitive-NORMAL/database to /u/p23lam/hacking/doop/cache/abb09ba13164383be73e9c462321a9fb76c85614607495a84cb4e27a0ecb14c3...
----
[Task FACTS Done]
Using /usr/bin/time to gather performance statistics...
Running analysis
1600.03user 95.40system 4:28.64elapsed 631%CPU (0avgtext+0avgdata 5956404maxresident)k
7344inputs+71358288outputs (66major+9126562minor)pagefaults 0swaps
Analysis execution time (sec): 268
-- Runtime metrics --
analysis compilation time (sec)                                                  0
analysis execution time (sec)                                                    268
disk footprint (KB)                                                              38,367,891
fact generation time (sec)                                                       144
-- Statistics --
var points-to (INS)                                                              15,903,165
var points-to (SENS)                                                             15,903,165
reachable variables (INS)                                                        184,207
reachable variables (SENS)                                                       184,207
reachable methods (INS)                                                          20,845
reachable methods (SENS)                                                         20,845
total methods                                                                    167,780
virtual call sites (statically)                                                  327,195
reachable virtual call sites                                                     49,696
polymorphic virtual call sites                                                   5,742
null virtual call sites                                                          12,970
empty virtual call sites                                                         2,041
app virtual call sites (statically)                                              177,099
app reachable virtual call sites                                                 25,152
app polymorphic virtual call sites                                               3,999
app null virtual call sites                                                      6,824
app empty reachable virtual call sites                                           1,259
array index points-to (INS)                                                      242,731
array index points-to (SENS)                                                     242,731
casts (statically)                                                               43,860
reachable casts                                                                  3,648
reachable casts that may fail                                                    2,843
app casts (statically)                                                           21,319
app reachable casts                                                              1,832
app reachable casts that may fail                                                1,376
app reachable methods                                                            9,849
app concrete methods                                                             84,997
instance field points-to (INS)                                                   1,028,766
instance field points-to (SENS)                                                  1,028,766
static field points-to (INS)                                                     4,747
static field points-to (SENS)                                                    4,747
app var points-to (INS)                                                          8,301,295
app var points-to (SENS)                                                         8,301,295
java.util var points-to (INS)                                                    4,296,893
java.util var points-to (SENS)                                                   4,296,893
app array index points-to (INS)                                                  147,308
app array index points-to (SENS)                                                 147,308
mock objects                                                                     0
mock objects for receivers                                                       0
mock objects for arg                                                             0
forced-reachable formals that could not be mocked                                0
app instance field points-to (INS)                                               509,408
app instance field points-to (SENS)                                              509,408
call graph edges (INS)                                                           140,226
call graph edges (SENS)                                                          140,226
non-reachable app concrete methods                                               75,154
Making database available at /u/p23lam/hacking/doop/results/jsonschema2pojo-core-1.1.1/context-insensitive/java_8/jsonschema2pojo-1.1.1-context-insensitive-NORMAL
Making database available at /u/p23lam/hacking/doop/last-analysis

Deprecated Gradle features were used in this build, making it incompatible with Gradle 8.0.

You can use '--warning-mode all' to show the individual deprecation warnings and determine if they come from your own scripts or plugins.

See https://docs.gradle.org/7.3.3/userguide/command_line_interface.html#sec:command_line_warnings

BUILD SUCCESSFUL in 7m 24s
24 actionable tasks: 12 executed, 12 up-to-date
