./doop -a 1-object-sensitive -i /u/q8liang/Benchmarks/jsonschema2pojo-1.1.1/jsonschema2pojo-core/target/jsonschema2pojo-core-1.1.1.jar -i /u/q8liang/Benchmarks/jsonschema2pojo-1.1.1/jsonschema2pojo-core/target/jsonschema2pojo-core-1.1.1-tests.jar -i /u/q8liang/Benchmarks/jsonschema2pojo-1.1.1/jsonschema2pojo-core/mvn_dependencies --id jsonschema2pojo-1-object-sensitive-NORMAL --souffle-jobs 32 --main org.jsonschema2pojo.RootDriver --define-cpp-macro USE_CALLGRAPH --extra-logic souffle-logic/analyses/mocks/mocks.dl
> Task :generators:code-processor:generateGrammarSource UP-TO-DATE
> Task :generators:code-processor:compileJava UP-TO-DATE
> Task :generators:code-processor:compileGroovy UP-TO-DATE
> Task :generators:code-processor:processResources NO-SOURCE
> Task :generators:code-processor:classes UP-TO-DATE
> Task :generators:code-processor:jar UP-TO-DATE
> Task :generators:fact-generator-common:compileJava UP-TO-DATE
> Task :generators:fact-generator-common:processResources NO-SOURCE
> Task :generators:fact-generator-common:classes UP-TO-DATE
> Task :generators:fact-generator-common:shadowJar UP-TO-DATE
> Task :compileJava UP-TO-DATE
> Task :compileGroovy UP-TO-DATE
> Task :resolveApktool
> Task :generators:dex-fact-generator:compileJava UP-TO-DATE
> Task :generators:dex-fact-generator:processResources NO-SOURCE
> Task :generators:dex-fact-generator:classes UP-TO-DATE
> Task :generators:dex-fact-generator:fatJar UP-TO-DATE
> Task :generators:dex-fact-generator:installJar UP-TO-DATE
> Task :generators:soot-fact-generator:compileJava UP-TO-DATE
> Task :generators:soot-fact-generator:compileGroovy NO-SOURCE
> Task :generators:soot-fact-generator:processResources NO-SOURCE
> Task :generators:soot-fact-generator:classes UP-TO-DATE
> Task :generators:soot-fact-generator:fatJar UP-TO-DATE
> Task :generators:soot-fact-generator:installJar UP-TO-DATE
> Task :generators:wala-fact-generator:compileJava UP-TO-DATE
> Task :generators:wala-fact-generator:processResources UP-TO-DATE
> Task :generators:wala-fact-generator:classes UP-TO-DATE
> Task :generators:wala-fact-generator:fatJar UP-TO-DATE
> Task :generators:wala-fact-generator:installJar UP-TO-DATE
> Task :resourceInstaller
> Task :processResources UP-TO-DATE
> Task :classes UP-TO-DATE
> Task :writeGitCommitHash UP-TO-DATE

> Task :run
Main class(es) expanded with [org.jsonschema2pojo.RootDriver]
WARNING: Handling of Java reflection is disabled!
New 1-object-sensitive analysis
Id       : jsonschema2pojo-1-object-sensitive-NORMAL
Inputs   : /u/q8liang/Benchmarks/jsonschema2pojo-1.1.1/jsonschema2pojo-core/target/jsonschema2pojo-core-1.1.1.jar, /u/q8liang/Benchmarks/jsonschema2pojo-1.1.1/jsonschema2pojo-core/target/jsonschema2pojo-core-1.1.1-tests.jar, /u/q8liang/Benchmarks/jsonschema2pojo-1.1.1/jsonschema2pojo-core/mvn_dependencies/accessors-smart-1.2.jar, /u/q8liang/Benchmarks/jsonschema2pojo-1.1.1/jsonschema2pojo-core/mvn_dependencies/annotations-1.3.9.jar, /u/q8liang/Benchmarks/jsonschema2pojo-1.1.1/jsonschema2pojo-core/mvn_dependencies/antlr4-runtime-4.7.1.jar, /u/q8liang/Benchmarks/jsonschema2pojo-1.1.1/jsonschema2pojo-core/mvn_dependencies/asm-7.0.jar, /u/q8liang/Benchmarks/jsonschema2pojo-1.1.1/jsonschema2pojo-core/mvn_dependencies/byte-buddy-1.10.5.jar, /u/q8liang/Benchmarks/jsonschema2pojo-1.1.1/jsonschema2pojo-core/mvn_dependencies/byte-buddy-agent-1.10.5.jar, /u/q8liang/Benchmarks/jsonschema2pojo-1.1.1/jsonschema2pojo-core/mvn_dependencies/codemodel-2.6.jar, /u/q8liang/Benchmarks/jsonschema2pojo-1.1.1/jsonschema2pojo-core/mvn_dependencies/commons-codec-1.9.jar, /u/q8liang/Benchmarks/jsonschema2pojo-1.1.1/jsonschema2pojo-core/mvn_dependencies/commons-fileupload-1.4.jar, /u/q8liang/Benchmarks/jsonschema2pojo-1.1.1/jsonschema2pojo-core/mvn_dependencies/commons-io-2.8.0.jar, /u/q8liang/Benchmarks/jsonschema2pojo-1.1.1/jsonschema2pojo-core/mvn_dependencies/commons-lang-2.6.jar, /u/q8liang/Benchmarks/jsonschema2pojo-1.1.1/jsonschema2pojo-core/mvn_dependencies/commons-lang3-3.11.jar, /u/q8liang/Benchmarks/jsonschema2pojo-1.1.1/jsonschema2pojo-core/mvn_dependencies/commons-logging-1.2.jar, /u/q8liang/Benchmarks/jsonschema2pojo-1.1.1/jsonschema2pojo-core/mvn_dependencies/gson-2.8.6.jar, /u/q8liang/Benchmarks/jsonschema2pojo-1.1.1/jsonschema2pojo-core/mvn_dependencies/guava-20.0.jar, /u/q8liang/Benchmarks/jsonschema2pojo-1.1.1/jsonschema2pojo-core/mvn_dependencies/hamcrest-all-1.3.jar, /u/q8liang/Benchmarks/jsonschema2pojo-1.1.1/jsonschema2pojo-core/mvn_dependencies/hamcrest-core-1.3.jar, /u/q8liang/Benchmarks/jsonschema2pojo-1.1.1/jsonschema2pojo-core/mvn_dependencies/handlebars-4.0.7.jar, /u/q8liang/Benchmarks/jsonschema2pojo-1.1.1/jsonschema2pojo-core/mvn_dependencies/handlebars-helpers-4.0.7.jar, /u/q8liang/Benchmarks/jsonschema2pojo-1.1.1/jsonschema2pojo-core/mvn_dependencies/httpclient-4.5.13.jar, /u/q8liang/Benchmarks/jsonschema2pojo-1.1.1/jsonschema2pojo-core/mvn_dependencies/httpcore-4.4.13.jar, /u/q8liang/Benchmarks/jsonschema2pojo-1.1.1/jsonschema2pojo-core/mvn_dependencies/jackson-annotations-2.9.10.jar, /u/q8liang/Benchmarks/jsonschema2pojo-1.1.1/jsonschema2pojo-core/mvn_dependencies/jackson-core-2.9.10.jar, /u/q8liang/Benchmarks/jsonschema2pojo-1.1.1/jsonschema2pojo-core/mvn_dependencies/jackson-databind-2.9.10.8.jar, /u/q8liang/Benchmarks/jsonschema2pojo-1.1.1/jsonschema2pojo-core/mvn_dependencies/jackson-dataformat-yaml-2.9.10.jar, /u/q8liang/Benchmarks/jsonschema2pojo-1.1.1/jsonschema2pojo-core/mvn_dependencies/javaparser-1.0.10.jar, /u/q8liang/Benchmarks/jsonschema2pojo-1.1.1/jsonschema2pojo-core/mvn_dependencies/javax.servlet-api-3.1.0.jar, /u/q8liang/Benchmarks/jsonschema2pojo-1.1.1/jsonschema2pojo-core/mvn_dependencies/jetty-client-9.2.28.v20190418.jar, /u/q8liang/Benchmarks/jsonschema2pojo-1.1.1/jsonschema2pojo-core/mvn_dependencies/jetty-continuation-9.2.28.v20190418.jar, /u/q8liang/Benchmarks/jsonschema2pojo-1.1.1/jsonschema2pojo-core/mvn_dependencies/jetty-http-9.2.28.v20190418.jar, /u/q8liang/Benchmarks/jsonschema2pojo-1.1.1/jsonschema2pojo-core/mvn_dependencies/jetty-io-9.2.28.v20190418.jar, /u/q8liang/Benchmarks/jsonschema2pojo-1.1.1/jsonschema2pojo-core/mvn_dependencies/jetty-proxy-9.2.28.v20190418.jar, /u/q8liang/Benchmarks/jsonschema2pojo-1.1.1/jsonschema2pojo-core/mvn_dependencies/jetty-security-9.2.28.v20190418.jar, /u/q8liang/Benchmarks/jsonschema2pojo-1.1.1/jsonschema2pojo-core/mvn_dependencies/jetty-server-9.2.28.v20190418.jar, /u/q8liang/Benchmarks/jsonschema2pojo-1.1.1/jsonschema2pojo-core/mvn_dependencies/jetty-servlet-9.2.28.v20190418.jar, /u/q8liang/Benchmarks/jsonschema2pojo-1.1.1/jsonschema2pojo-core/mvn_dependencies/jetty-servlets-9.2.28.v20190418.jar, /u/q8liang/Benchmarks/jsonschema2pojo-1.1.1/jsonschema2pojo-core/mvn_dependencies/jetty-util-9.2.28.v20190418.jar, /u/q8liang/Benchmarks/jsonschema2pojo-1.1.1/jsonschema2pojo-core/mvn_dependencies/jetty-webapp-9.2.28.v20190418.jar, /u/q8liang/Benchmarks/jsonschema2pojo-1.1.1/jsonschema2pojo-core/mvn_dependencies/jetty-xml-9.2.28.v20190418.jar, /u/q8liang/Benchmarks/jsonschema2pojo-1.1.1/jsonschema2pojo-core/mvn_dependencies/joda-time-2.2.jar, /u/q8liang/Benchmarks/jsonschema2pojo-1.1.1/jsonschema2pojo-core/mvn_dependencies/jopt-simple-5.0.3.jar, /u/q8liang/Benchmarks/jsonschema2pojo-1.1.1/jsonschema2pojo-core/mvn_dependencies/json-path-2.4.0.jar, /u/q8liang/Benchmarks/jsonschema2pojo-1.1.1/jsonschema2pojo-core/mvn_dependencies/json-smart-2.3.jar, /u/q8liang/Benchmarks/jsonschema2pojo-1.1.1/jsonschema2pojo-core/mvn_dependencies/jsr305-3.0.1.jar, /u/q8liang/Benchmarks/jsonschema2pojo-1.1.1/jsonschema2pojo-core/mvn_dependencies/junit-4.13.2.jar, /u/q8liang/Benchmarks/jsonschema2pojo-1.1.1/jsonschema2pojo-core/mvn_dependencies/mockito-core-3.2.4.jar, /u/q8liang/Benchmarks/jsonschema2pojo-1.1.1/jsonschema2pojo-core/mvn_dependencies/objenesis-2.6.jar, /u/q8liang/Benchmarks/jsonschema2pojo-1.1.1/jsonschema2pojo-core/mvn_dependencies/slf4j-api-1.7.30.jar, /u/q8liang/Benchmarks/jsonschema2pojo-1.1.1/jsonschema2pojo-core/mvn_dependencies/slf4j-simple-1.7.30.jar, /u/q8liang/Benchmarks/jsonschema2pojo-1.1.1/jsonschema2pojo-core/mvn_dependencies/snakeyaml-1.23.jar, /u/q8liang/Benchmarks/jsonschema2pojo-1.1.1/jsonschema2pojo-core/mvn_dependencies/validation-api-1.0.0.GA.jar, /u/q8liang/Benchmarks/jsonschema2pojo-1.1.1/jsonschema2pojo-core/mvn_dependencies/wiremock-2.27.2.jar, /u/q8liang/Benchmarks/jsonschema2pojo-1.1.1/jsonschema2pojo-core/mvn_dependencies/xmlunit-core-2.7.0.jar, /u/q8liang/Benchmarks/jsonschema2pojo-1.1.1/jsonschema2pojo-core/mvn_dependencies/xmlunit-legacy-2.7.0.jar, /u/q8liang/Benchmarks/jsonschema2pojo-1.1.1/jsonschema2pojo-core/mvn_dependencies/xmlunit-placeholders-2.7.0.jar, /u/q8liang/Benchmarks/jsonschema2pojo-1.1.1/jsonschema2pojo-core/mvn_dependencies/zjsonpatch-0.4.4.jar
Libraries: 
Using a timeout of 90 min.
Adding extra logic file /u/q8liang/doop_new/souffle-logic/analyses/mocks/mocks.dl
[Task COMPILE...]
[Task FACTS...]
-- Fact Generation --
Using cached analysis executable /u/q8liang/doop_new/cache/souffle-analyses/1-object-sensitive/9cf2c2c1b6185364f8c730633c39c6c33847ea2fb8c1f2b62a4e45f8f58de71e
[Task COMPILE Done]
SOOT_FACT_GEN: Logging initialized, using directory: /u/q8liang/doop_new/build/logs
SOOT_FACT_GEN: SLF4J: Failed to load class "org.slf4j.impl.StaticLoggerBinder".
SOOT_FACT_GEN: SLF4J: Defaulting to no-operation (NOP) logger implementation
SOOT_FACT_GEN: SLF4J: See http://www.slf4j.org/codes.html#StaticLoggerBinder for further details.
SOOT_FACT_GEN: Preprocessing application: /u/q8liang/Benchmarks/jsonschema2pojo-1.1.1/jsonschema2pojo-core/target/jsonschema2pojo-core-1.1.1.jar
SOOT_FACT_GEN: Preprocessing application: /u/q8liang/Benchmarks/jsonschema2pojo-1.1.1/jsonschema2pojo-core/target/jsonschema2pojo-core-1.1.1-tests.jar
SOOT_FACT_GEN: Preprocessing application: /u/q8liang/Benchmarks/jsonschema2pojo-1.1.1/jsonschema2pojo-core/mvn_dependencies/accessors-smart-1.2.jar
SOOT_FACT_GEN: Preprocessing application: /u/q8liang/Benchmarks/jsonschema2pojo-1.1.1/jsonschema2pojo-core/mvn_dependencies/annotations-1.3.9.jar
SOOT_FACT_GEN: Preprocessing application: /u/q8liang/Benchmarks/jsonschema2pojo-1.1.1/jsonschema2pojo-core/mvn_dependencies/antlr4-runtime-4.7.1.jar
SOOT_FACT_GEN: Preprocessing application: /u/q8liang/Benchmarks/jsonschema2pojo-1.1.1/jsonschema2pojo-core/mvn_dependencies/asm-7.0.jar
SOOT_FACT_GEN: Preprocessing application: /u/q8liang/Benchmarks/jsonschema2pojo-1.1.1/jsonschema2pojo-core/mvn_dependencies/byte-buddy-1.10.5.jar
SOOT_FACT_GEN: Preprocessing application: /u/q8liang/Benchmarks/jsonschema2pojo-1.1.1/jsonschema2pojo-core/mvn_dependencies/byte-buddy-agent-1.10.5.jar
SOOT_FACT_GEN: Preprocessing application: /u/q8liang/Benchmarks/jsonschema2pojo-1.1.1/jsonschema2pojo-core/mvn_dependencies/codemodel-2.6.jar
SOOT_FACT_GEN: Preprocessing application: /u/q8liang/Benchmarks/jsonschema2pojo-1.1.1/jsonschema2pojo-core/mvn_dependencies/commons-codec-1.9.jar
SOOT_FACT_GEN: Preprocessing application: /u/q8liang/Benchmarks/jsonschema2pojo-1.1.1/jsonschema2pojo-core/mvn_dependencies/commons-fileupload-1.4.jar
SOOT_FACT_GEN: Preprocessing application: /u/q8liang/Benchmarks/jsonschema2pojo-1.1.1/jsonschema2pojo-core/mvn_dependencies/commons-io-2.8.0.jar
SOOT_FACT_GEN: Preprocessing application: /u/q8liang/Benchmarks/jsonschema2pojo-1.1.1/jsonschema2pojo-core/mvn_dependencies/commons-lang-2.6.jar
SOOT_FACT_GEN: Preprocessing application: /u/q8liang/Benchmarks/jsonschema2pojo-1.1.1/jsonschema2pojo-core/mvn_dependencies/commons-lang3-3.11.jar
SOOT_FACT_GEN: Preprocessing application: /u/q8liang/Benchmarks/jsonschema2pojo-1.1.1/jsonschema2pojo-core/mvn_dependencies/commons-logging-1.2.jar
SOOT_FACT_GEN: Preprocessing application: /u/q8liang/Benchmarks/jsonschema2pojo-1.1.1/jsonschema2pojo-core/mvn_dependencies/gson-2.8.6.jar
SOOT_FACT_GEN: Preprocessing application: /u/q8liang/Benchmarks/jsonschema2pojo-1.1.1/jsonschema2pojo-core/mvn_dependencies/guava-20.0.jar
SOOT_FACT_GEN: Preprocessing application: /u/q8liang/Benchmarks/jsonschema2pojo-1.1.1/jsonschema2pojo-core/mvn_dependencies/hamcrest-all-1.3.jar
SOOT_FACT_GEN: Preprocessing application: /u/q8liang/Benchmarks/jsonschema2pojo-1.1.1/jsonschema2pojo-core/mvn_dependencies/hamcrest-core-1.3.jar
SOOT_FACT_GEN: Preprocessing application: /u/q8liang/Benchmarks/jsonschema2pojo-1.1.1/jsonschema2pojo-core/mvn_dependencies/handlebars-4.0.7.jar
SOOT_FACT_GEN: Preprocessing application: /u/q8liang/Benchmarks/jsonschema2pojo-1.1.1/jsonschema2pojo-core/mvn_dependencies/handlebars-helpers-4.0.7.jar
SOOT_FACT_GEN: Preprocessing application: /u/q8liang/Benchmarks/jsonschema2pojo-1.1.1/jsonschema2pojo-core/mvn_dependencies/httpclient-4.5.13.jar
SOOT_FACT_GEN: Preprocessing application: /u/q8liang/Benchmarks/jsonschema2pojo-1.1.1/jsonschema2pojo-core/mvn_dependencies/httpcore-4.4.13.jar
SOOT_FACT_GEN: Preprocessing application: /u/q8liang/Benchmarks/jsonschema2pojo-1.1.1/jsonschema2pojo-core/mvn_dependencies/jackson-annotations-2.9.10.jar
SOOT_FACT_GEN: Preprocessing application: /u/q8liang/Benchmarks/jsonschema2pojo-1.1.1/jsonschema2pojo-core/mvn_dependencies/jackson-core-2.9.10.jar
SOOT_FACT_GEN: Preprocessing application: /u/q8liang/Benchmarks/jsonschema2pojo-1.1.1/jsonschema2pojo-core/mvn_dependencies/jackson-databind-2.9.10.8.jar
SOOT_FACT_GEN: Preprocessing application: /u/q8liang/Benchmarks/jsonschema2pojo-1.1.1/jsonschema2pojo-core/mvn_dependencies/jackson-dataformat-yaml-2.9.10.jar
SOOT_FACT_GEN: Preprocessing application: /u/q8liang/Benchmarks/jsonschema2pojo-1.1.1/jsonschema2pojo-core/mvn_dependencies/javaparser-1.0.10.jar
SOOT_FACT_GEN: Preprocessing application: /u/q8liang/Benchmarks/jsonschema2pojo-1.1.1/jsonschema2pojo-core/mvn_dependencies/javax.servlet-api-3.1.0.jar
SOOT_FACT_GEN: Preprocessing application: /u/q8liang/Benchmarks/jsonschema2pojo-1.1.1/jsonschema2pojo-core/mvn_dependencies/jetty-client-9.2.28.v20190418.jar
SOOT_FACT_GEN: Preprocessing application: /u/q8liang/Benchmarks/jsonschema2pojo-1.1.1/jsonschema2pojo-core/mvn_dependencies/jetty-continuation-9.2.28.v20190418.jar
SOOT_FACT_GEN: Preprocessing application: /u/q8liang/Benchmarks/jsonschema2pojo-1.1.1/jsonschema2pojo-core/mvn_dependencies/jetty-http-9.2.28.v20190418.jar
SOOT_FACT_GEN: Preprocessing application: /u/q8liang/Benchmarks/jsonschema2pojo-1.1.1/jsonschema2pojo-core/mvn_dependencies/jetty-io-9.2.28.v20190418.jar
SOOT_FACT_GEN: Preprocessing application: /u/q8liang/Benchmarks/jsonschema2pojo-1.1.1/jsonschema2pojo-core/mvn_dependencies/jetty-proxy-9.2.28.v20190418.jar
SOOT_FACT_GEN: Preprocessing application: /u/q8liang/Benchmarks/jsonschema2pojo-1.1.1/jsonschema2pojo-core/mvn_dependencies/jetty-security-9.2.28.v20190418.jar
SOOT_FACT_GEN: Preprocessing application: /u/q8liang/Benchmarks/jsonschema2pojo-1.1.1/jsonschema2pojo-core/mvn_dependencies/jetty-server-9.2.28.v20190418.jar
SOOT_FACT_GEN: Preprocessing application: /u/q8liang/Benchmarks/jsonschema2pojo-1.1.1/jsonschema2pojo-core/mvn_dependencies/jetty-servlet-9.2.28.v20190418.jar
SOOT_FACT_GEN: Preprocessing application: /u/q8liang/Benchmarks/jsonschema2pojo-1.1.1/jsonschema2pojo-core/mvn_dependencies/jetty-servlets-9.2.28.v20190418.jar
SOOT_FACT_GEN: Preprocessing application: /u/q8liang/Benchmarks/jsonschema2pojo-1.1.1/jsonschema2pojo-core/mvn_dependencies/jetty-util-9.2.28.v20190418.jar
SOOT_FACT_GEN: Preprocessing application: /u/q8liang/Benchmarks/jsonschema2pojo-1.1.1/jsonschema2pojo-core/mvn_dependencies/jetty-webapp-9.2.28.v20190418.jar
SOOT_FACT_GEN: Preprocessing application: /u/q8liang/Benchmarks/jsonschema2pojo-1.1.1/jsonschema2pojo-core/mvn_dependencies/jetty-xml-9.2.28.v20190418.jar
SOOT_FACT_GEN: Preprocessing application: /u/q8liang/Benchmarks/jsonschema2pojo-1.1.1/jsonschema2pojo-core/mvn_dependencies/joda-time-2.2.jar
SOOT_FACT_GEN: Preprocessing application: /u/q8liang/Benchmarks/jsonschema2pojo-1.1.1/jsonschema2pojo-core/mvn_dependencies/jopt-simple-5.0.3.jar
SOOT_FACT_GEN: Preprocessing application: /u/q8liang/Benchmarks/jsonschema2pojo-1.1.1/jsonschema2pojo-core/mvn_dependencies/json-path-2.4.0.jar
SOOT_FACT_GEN: Preprocessing application: /u/q8liang/Benchmarks/jsonschema2pojo-1.1.1/jsonschema2pojo-core/mvn_dependencies/json-smart-2.3.jar
SOOT_FACT_GEN: Preprocessing application: /u/q8liang/Benchmarks/jsonschema2pojo-1.1.1/jsonschema2pojo-core/mvn_dependencies/jsr305-3.0.1.jar
SOOT_FACT_GEN: Preprocessing application: /u/q8liang/Benchmarks/jsonschema2pojo-1.1.1/jsonschema2pojo-core/mvn_dependencies/junit-4.13.2.jar
SOOT_FACT_GEN: Preprocessing application: /u/q8liang/Benchmarks/jsonschema2pojo-1.1.1/jsonschema2pojo-core/mvn_dependencies/mockito-core-3.2.4.jar
SOOT_FACT_GEN: Preprocessing application: /u/q8liang/Benchmarks/jsonschema2pojo-1.1.1/jsonschema2pojo-core/mvn_dependencies/objenesis-2.6.jar
SOOT_FACT_GEN: Preprocessing application: /u/q8liang/Benchmarks/jsonschema2pojo-1.1.1/jsonschema2pojo-core/mvn_dependencies/slf4j-api-1.7.30.jar
SOOT_FACT_GEN: Preprocessing application: /u/q8liang/Benchmarks/jsonschema2pojo-1.1.1/jsonschema2pojo-core/mvn_dependencies/slf4j-simple-1.7.30.jar
SOOT_FACT_GEN: Preprocessing application: /u/q8liang/Benchmarks/jsonschema2pojo-1.1.1/jsonschema2pojo-core/mvn_dependencies/snakeyaml-1.23.jar
SOOT_FACT_GEN: Preprocessing application: /u/q8liang/Benchmarks/jsonschema2pojo-1.1.1/jsonschema2pojo-core/mvn_dependencies/validation-api-1.0.0.GA.jar
SOOT_FACT_GEN: Preprocessing application: /u/q8liang/Benchmarks/jsonschema2pojo-1.1.1/jsonschema2pojo-core/mvn_dependencies/wiremock-2.27.2.jar
SOOT_FACT_GEN: Preprocessing application: /u/q8liang/Benchmarks/jsonschema2pojo-1.1.1/jsonschema2pojo-core/mvn_dependencies/xmlunit-core-2.7.0.jar
SOOT_FACT_GEN: Preprocessing application: /u/q8liang/Benchmarks/jsonschema2pojo-1.1.1/jsonschema2pojo-core/mvn_dependencies/xmlunit-legacy-2.7.0.jar
SOOT_FACT_GEN: Preprocessing application: /u/q8liang/Benchmarks/jsonschema2pojo-1.1.1/jsonschema2pojo-core/mvn_dependencies/xmlunit-placeholders-2.7.0.jar
SOOT_FACT_GEN: Preprocessing application: /u/q8liang/Benchmarks/jsonschema2pojo-1.1.1/jsonschema2pojo-core/mvn_dependencies/zjsonpatch-0.4.4.jar
SOOT_FACT_GEN: Preprocessing platform library: /u/q8liang/doop_new/build/tmp/rt_2698121040350632587.jar
SOOT_FACT_GEN: Preprocessing platform library: /u/q8liang/doop_new/build/tmp/jce_5303420289102528649.jar
SOOT_FACT_GEN: Preprocessing platform library: /u/q8liang/doop_new/build/tmp/jsse_1124414992292063078.jar
SOOT_FACT_GEN: Adding archive: /u/q8liang/Benchmarks/jsonschema2pojo-1.1.1/jsonschema2pojo-core/target/jsonschema2pojo-core-1.1.1.jar
SOOT_FACT_GEN: Adding archive: /u/q8liang/Benchmarks/jsonschema2pojo-1.1.1/jsonschema2pojo-core/target/jsonschema2pojo-core-1.1.1-tests.jar
SOOT_FACT_GEN: Adding archive: /u/q8liang/Benchmarks/jsonschema2pojo-1.1.1/jsonschema2pojo-core/mvn_dependencies/accessors-smart-1.2.jar
SOOT_FACT_GEN: Adding archive: /u/q8liang/Benchmarks/jsonschema2pojo-1.1.1/jsonschema2pojo-core/mvn_dependencies/annotations-1.3.9.jar
SOOT_FACT_GEN: Adding archive: /u/q8liang/Benchmarks/jsonschema2pojo-1.1.1/jsonschema2pojo-core/mvn_dependencies/antlr4-runtime-4.7.1.jar
SOOT_FACT_GEN: Adding archive: /u/q8liang/Benchmarks/jsonschema2pojo-1.1.1/jsonschema2pojo-core/mvn_dependencies/asm-7.0.jar
SOOT_FACT_GEN: Adding archive: /u/q8liang/Benchmarks/jsonschema2pojo-1.1.1/jsonschema2pojo-core/mvn_dependencies/byte-buddy-1.10.5.jar
SOOT_FACT_GEN: Adding archive: /u/q8liang/Benchmarks/jsonschema2pojo-1.1.1/jsonschema2pojo-core/mvn_dependencies/byte-buddy-agent-1.10.5.jar
SOOT_FACT_GEN: Adding archive: /u/q8liang/Benchmarks/jsonschema2pojo-1.1.1/jsonschema2pojo-core/mvn_dependencies/codemodel-2.6.jar
SOOT_FACT_GEN: Adding archive: /u/q8liang/Benchmarks/jsonschema2pojo-1.1.1/jsonschema2pojo-core/mvn_dependencies/commons-codec-1.9.jar
SOOT_FACT_GEN: Adding archive: /u/q8liang/Benchmarks/jsonschema2pojo-1.1.1/jsonschema2pojo-core/mvn_dependencies/commons-fileupload-1.4.jar
SOOT_FACT_GEN: Adding archive: /u/q8liang/Benchmarks/jsonschema2pojo-1.1.1/jsonschema2pojo-core/mvn_dependencies/commons-io-2.8.0.jar
SOOT_FACT_GEN: Adding archive: /u/q8liang/Benchmarks/jsonschema2pojo-1.1.1/jsonschema2pojo-core/mvn_dependencies/commons-lang-2.6.jar
SOOT_FACT_GEN: Adding archive: /u/q8liang/Benchmarks/jsonschema2pojo-1.1.1/jsonschema2pojo-core/mvn_dependencies/commons-lang3-3.11.jar
SOOT_FACT_GEN: Adding archive: /u/q8liang/Benchmarks/jsonschema2pojo-1.1.1/jsonschema2pojo-core/mvn_dependencies/commons-logging-1.2.jar
SOOT_FACT_GEN: Adding archive: /u/q8liang/Benchmarks/jsonschema2pojo-1.1.1/jsonschema2pojo-core/mvn_dependencies/gson-2.8.6.jar
SOOT_FACT_GEN: Adding archive: /u/q8liang/Benchmarks/jsonschema2pojo-1.1.1/jsonschema2pojo-core/mvn_dependencies/guava-20.0.jar
SOOT_FACT_GEN: Adding archive: /u/q8liang/Benchmarks/jsonschema2pojo-1.1.1/jsonschema2pojo-core/mvn_dependencies/hamcrest-all-1.3.jar
SOOT_FACT_GEN: Adding archive: /u/q8liang/Benchmarks/jsonschema2pojo-1.1.1/jsonschema2pojo-core/mvn_dependencies/hamcrest-core-1.3.jar
SOOT_FACT_GEN: Adding archive: /u/q8liang/Benchmarks/jsonschema2pojo-1.1.1/jsonschema2pojo-core/mvn_dependencies/handlebars-4.0.7.jar
SOOT_FACT_GEN: Adding archive: /u/q8liang/Benchmarks/jsonschema2pojo-1.1.1/jsonschema2pojo-core/mvn_dependencies/handlebars-helpers-4.0.7.jar
SOOT_FACT_GEN: Adding archive: /u/q8liang/Benchmarks/jsonschema2pojo-1.1.1/jsonschema2pojo-core/mvn_dependencies/httpclient-4.5.13.jar
SOOT_FACT_GEN: Adding archive: /u/q8liang/Benchmarks/jsonschema2pojo-1.1.1/jsonschema2pojo-core/mvn_dependencies/httpcore-4.4.13.jar
SOOT_FACT_GEN: Adding archive: /u/q8liang/Benchmarks/jsonschema2pojo-1.1.1/jsonschema2pojo-core/mvn_dependencies/jackson-annotations-2.9.10.jar
SOOT_FACT_GEN: Adding archive: /u/q8liang/Benchmarks/jsonschema2pojo-1.1.1/jsonschema2pojo-core/mvn_dependencies/jackson-core-2.9.10.jar
SOOT_FACT_GEN: Adding archive: /u/q8liang/Benchmarks/jsonschema2pojo-1.1.1/jsonschema2pojo-core/mvn_dependencies/jackson-databind-2.9.10.8.jar
SOOT_FACT_GEN: Adding archive: /u/q8liang/Benchmarks/jsonschema2pojo-1.1.1/jsonschema2pojo-core/mvn_dependencies/jackson-dataformat-yaml-2.9.10.jar
SOOT_FACT_GEN: Adding archive: /u/q8liang/Benchmarks/jsonschema2pojo-1.1.1/jsonschema2pojo-core/mvn_dependencies/javaparser-1.0.10.jar
SOOT_FACT_GEN: Adding archive: /u/q8liang/Benchmarks/jsonschema2pojo-1.1.1/jsonschema2pojo-core/mvn_dependencies/javax.servlet-api-3.1.0.jar
SOOT_FACT_GEN: Adding archive: /u/q8liang/Benchmarks/jsonschema2pojo-1.1.1/jsonschema2pojo-core/mvn_dependencies/jetty-client-9.2.28.v20190418.jar
SOOT_FACT_GEN: Adding archive: /u/q8liang/Benchmarks/jsonschema2pojo-1.1.1/jsonschema2pojo-core/mvn_dependencies/jetty-continuation-9.2.28.v20190418.jar
SOOT_FACT_GEN: Adding archive: /u/q8liang/Benchmarks/jsonschema2pojo-1.1.1/jsonschema2pojo-core/mvn_dependencies/jetty-http-9.2.28.v20190418.jar
SOOT_FACT_GEN: Adding archive: /u/q8liang/Benchmarks/jsonschema2pojo-1.1.1/jsonschema2pojo-core/mvn_dependencies/jetty-io-9.2.28.v20190418.jar
SOOT_FACT_GEN: Adding archive: /u/q8liang/Benchmarks/jsonschema2pojo-1.1.1/jsonschema2pojo-core/mvn_dependencies/jetty-proxy-9.2.28.v20190418.jar
SOOT_FACT_GEN: Adding archive: /u/q8liang/Benchmarks/jsonschema2pojo-1.1.1/jsonschema2pojo-core/mvn_dependencies/jetty-security-9.2.28.v20190418.jar
SOOT_FACT_GEN: Adding archive: /u/q8liang/Benchmarks/jsonschema2pojo-1.1.1/jsonschema2pojo-core/mvn_dependencies/jetty-server-9.2.28.v20190418.jar
SOOT_FACT_GEN: Adding archive: /u/q8liang/Benchmarks/jsonschema2pojo-1.1.1/jsonschema2pojo-core/mvn_dependencies/jetty-servlet-9.2.28.v20190418.jar
SOOT_FACT_GEN: Adding archive: /u/q8liang/Benchmarks/jsonschema2pojo-1.1.1/jsonschema2pojo-core/mvn_dependencies/jetty-servlets-9.2.28.v20190418.jar
SOOT_FACT_GEN: Adding archive: /u/q8liang/Benchmarks/jsonschema2pojo-1.1.1/jsonschema2pojo-core/mvn_dependencies/jetty-util-9.2.28.v20190418.jar
SOOT_FACT_GEN: Adding archive: /u/q8liang/Benchmarks/jsonschema2pojo-1.1.1/jsonschema2pojo-core/mvn_dependencies/jetty-webapp-9.2.28.v20190418.jar
SOOT_FACT_GEN: Adding archive: /u/q8liang/Benchmarks/jsonschema2pojo-1.1.1/jsonschema2pojo-core/mvn_dependencies/jetty-xml-9.2.28.v20190418.jar
SOOT_FACT_GEN: Adding archive: /u/q8liang/Benchmarks/jsonschema2pojo-1.1.1/jsonschema2pojo-core/mvn_dependencies/joda-time-2.2.jar
SOOT_FACT_GEN: Adding archive: /u/q8liang/Benchmarks/jsonschema2pojo-1.1.1/jsonschema2pojo-core/mvn_dependencies/jopt-simple-5.0.3.jar
SOOT_FACT_GEN: Adding archive: /u/q8liang/Benchmarks/jsonschema2pojo-1.1.1/jsonschema2pojo-core/mvn_dependencies/json-path-2.4.0.jar
SOOT_FACT_GEN: Adding archive: /u/q8liang/Benchmarks/jsonschema2pojo-1.1.1/jsonschema2pojo-core/mvn_dependencies/json-smart-2.3.jar
SOOT_FACT_GEN: Adding archive: /u/q8liang/Benchmarks/jsonschema2pojo-1.1.1/jsonschema2pojo-core/mvn_dependencies/jsr305-3.0.1.jar
SOOT_FACT_GEN: Adding archive: /u/q8liang/Benchmarks/jsonschema2pojo-1.1.1/jsonschema2pojo-core/mvn_dependencies/junit-4.13.2.jar
SOOT_FACT_GEN: Adding archive: /u/q8liang/Benchmarks/jsonschema2pojo-1.1.1/jsonschema2pojo-core/mvn_dependencies/mockito-core-3.2.4.jar
SOOT_FACT_GEN: Adding archive: /u/q8liang/Benchmarks/jsonschema2pojo-1.1.1/jsonschema2pojo-core/mvn_dependencies/objenesis-2.6.jar
SOOT_FACT_GEN: Adding archive: /u/q8liang/Benchmarks/jsonschema2pojo-1.1.1/jsonschema2pojo-core/mvn_dependencies/slf4j-api-1.7.30.jar
SOOT_FACT_GEN: Adding archive: /u/q8liang/Benchmarks/jsonschema2pojo-1.1.1/jsonschema2pojo-core/mvn_dependencies/slf4j-simple-1.7.30.jar
SOOT_FACT_GEN: Adding archive: /u/q8liang/Benchmarks/jsonschema2pojo-1.1.1/jsonschema2pojo-core/mvn_dependencies/snakeyaml-1.23.jar
SOOT_FACT_GEN: Adding archive: /u/q8liang/Benchmarks/jsonschema2pojo-1.1.1/jsonschema2pojo-core/mvn_dependencies/validation-api-1.0.0.GA.jar
SOOT_FACT_GEN: Adding archive: /u/q8liang/Benchmarks/jsonschema2pojo-1.1.1/jsonschema2pojo-core/mvn_dependencies/wiremock-2.27.2.jar
SOOT_FACT_GEN: Adding archive: /u/q8liang/Benchmarks/jsonschema2pojo-1.1.1/jsonschema2pojo-core/mvn_dependencies/xmlunit-core-2.7.0.jar
SOOT_FACT_GEN: Adding archive: /u/q8liang/Benchmarks/jsonschema2pojo-1.1.1/jsonschema2pojo-core/mvn_dependencies/xmlunit-legacy-2.7.0.jar
SOOT_FACT_GEN: Adding archive: /u/q8liang/Benchmarks/jsonschema2pojo-1.1.1/jsonschema2pojo-core/mvn_dependencies/xmlunit-placeholders-2.7.0.jar
SOOT_FACT_GEN: Adding archive: /u/q8liang/Benchmarks/jsonschema2pojo-1.1.1/jsonschema2pojo-core/mvn_dependencies/zjsonpatch-0.4.4.jar
SOOT_FACT_GEN: Adding archive for resolving: /u/q8liang/doop_new/build/tmp/rt_2698121040350632587.jar
SOOT_FACT_GEN: Adding archive for resolving: /u/q8liang/doop_new/build/tmp/jce_5303420289102528649.jar
SOOT_FACT_GEN: Adding archive for resolving: /u/q8liang/doop_new/build/tmp/jsse_1124414992292063078.jar
SOOT_FACT_GEN: Classes in input (application) jar(s): 11697
SOOT_FACT_GEN: Total classes in Scene: 19696
SOOT_FACT_GEN: Retrieved all bodies (time: 84)
SOOT_FACT_GEN: Fact generation cores: 32
SOOT_FACT_GEN: WARNING: some classes were not resolved, consider using thorough fact generation or adding them manually via --also-resolve: [com.sun.beans.editors.BooleanEditor, com.sun.beans.editors.LongEditor, java.lang.Override, java.lang.SuppressWarnings, com.sun.beans.editors.FloatEditor, java.beans.Customizer, javax.sound.sampled.Port, java.awt.dnd.MouseDragGestureRecognizer, com.sun.management.GarbageCollectorMXBean, com.sun.beans.editors.ShortEditor, sun.util.locale.provider.HostLocaleProviderAdapterImpl, com.sun.beans.editors.DoubleEditor, com.sun.beans.editors.ByteEditor, com.sun.beans.editors.IntegerEditor]
SOOT_FACT_GEN: Found 586 phantom references. Rerun with '--report-phantoms' for more details.
SOOT_FACT_GEN: Methods without active bodies encountered (and reset): 0
Soot fact generation time: 139
Caching facts in /u/q8liang/doop_new/cache/b8c954b1fe46314aa9ebde7aaefaa610eec301fc93790045e5319f12b5e6615c
Copying /u/q8liang/doop_new/out/jsonschema2pojo-1-object-sensitive-NORMAL/database to /u/q8liang/doop_new/cache/b8c954b1fe46314aa9ebde7aaefaa610eec301fc93790045e5319f12b5e6615c...
----
[Task FACTS Done]
Using /usr/bin/time to gather performance statistics...
Running analysis
Runtime info monitored in /u/q8liang/doop_new/out/jsonschema2pojo-1-object-sensitive-NORMAL/monitoring.txt (& /u/q8liang/doop_new/out/jsonschema2pojo-1-object-sensitive-NORMAL/monitoring.latest.txt)
1640.34user 140.48system 32:14.36elapsed 92%CPU (0avgtext+0avgdata 11714040maxresident)k
264inputs+130295360outputs (0major+60094325minor)pagefaults 0swaps
Analysis execution time (sec): 1934
-- Runtime metrics --
analysis compilation time (sec)                                                  0
analysis execution time (sec)                                                    1,934
disk footprint (KB)                                                              64,107,615
fact generation time (sec)                                                       139
-- Statistics --
var points-to (INS)                                                              9,432,612
var points-to (SENS)                                                             56,945,276
reachable variables (INS)                                                        182,303
reachable variables (SENS)                                                       1,030,844
reachable methods (INS)                                                          20,527
reachable methods (SENS)                                                         159,725
total methods                                                                    167,754
virtual call sites (statically)                                                  327,040
reachable virtual call sites                                                     49,537
polymorphic virtual call sites                                                   5,163
null virtual call sites                                                          12,521
empty virtual call sites                                                         2,127
app virtual call sites (statically)                                              176,944
app reachable virtual call sites                                                 24,941
app polymorphic virtual call sites                                               3,679
app null virtual call sites                                                      6,699
app empty reachable virtual call sites                                           1,272
array index points-to (INS)                                                      150,012
array index points-to (SENS)                                                     150,012
casts (statically)                                                               43,860
reachable casts                                                                  3,514
reachable casts that may fail                                                    2,379
app casts (statically)                                                           21,319
app reachable casts                                                              1,762
app reachable casts that may fail                                                1,187
app reachable methods                                                            9,708
app concrete methods                                                             84,997
instance field points-to (INS)                                                   445,125
instance field points-to (SENS)                                                  445,125
static field points-to (INS)                                                     4,085
static field points-to (SENS)                                                    4,085
app var points-to (INS)                                                          5,253,340
app var points-to (SENS)                                                         18,188,054
java.util var points-to (INS)                                                    2,243,609
java.util var points-to (SENS)                                                   22,241,222
app array index points-to (INS)                                                  96,646
app array index points-to (SENS)                                                 96,646
mock objects                                                                     0
mock objects for receivers                                                       0
mock objects for arg                                                             0
forced-reachable formals that could not be mocked                                0
app instance field points-to (INS)                                               270,680
app instance field points-to (SENS)                                              270,680
call graph edges (INS)                                                           124,295
call graph edges (SENS)                                                          4,687,619
non-reachable app concrete methods                                               75,295
Making database available at /u/q8liang/doop_new/results/jsonschema2pojo-core-1.1.1/1-object-sensitive/java_8/jsonschema2pojo-1-object-sensitive-NORMAL
Making database available at /u/q8liang/doop_new/last-analysis

Deprecated Gradle features were used in this build, making it incompatible with Gradle 7.0.
Use '--warning-mode all' to show the individual deprecation warnings.
See https://docs.gradle.org/6.7/userguide/command_line_interface.html#sec:command_line_warnings

BUILD SUCCESSFUL in 34m 59s
21 actionable tasks: 2 executed, 19 up-to-date
./doop -a 1-object-sensitive -i /u/q8liang/Benchmarks/jsonschema2pojo-1.1.1/jsonschema2pojo-core/target/jsonschema2pojo-core-1.1.1.jar -i /u/q8liang/Benchmarks/jsonschema2pojo-1.1.1/jsonschema2pojo-core/target/jsonschema2pojo-core-1.1.1-tests.jar -i /u/q8liang/Benchmarks/jsonschema2pojo-1.1.1/jsonschema2pojo-core/mvn_dependencies --id jsonschema2pojo-1-object-sensitive-NORMAL --souffle-jobs 32 --main org.jsonschema2pojo.RootDriver --define-cpp-macro USE_CALLGRAPH --extra-logic souffle-logic/analyses/mocks/mocks.dl
Starting a Gradle Daemon, 3 busy and 5 stopped Daemons could not be reused, use --status for details
> Task :generators:code-processor:generateGrammarSource UP-TO-DATE
> Task :generators:code-processor:compileJava UP-TO-DATE
> Task :generators:code-processor:compileGroovy UP-TO-DATE
> Task :generators:code-processor:processResources NO-SOURCE
> Task :generators:code-processor:classes UP-TO-DATE
> Task :generators:code-processor:jar UP-TO-DATE
> Task :generators:fact-generator-common:compileJava UP-TO-DATE
> Task :generators:fact-generator-common:processResources NO-SOURCE
> Task :generators:fact-generator-common:classes UP-TO-DATE
> Task :generators:fact-generator-common:shadowJar UP-TO-DATE
> Task :compileJava UP-TO-DATE
> Task :compileGroovy UP-TO-DATE
> Task :resolveApktool
> Task :generators:dex-fact-generator:compileJava UP-TO-DATE
> Task :generators:dex-fact-generator:processResources NO-SOURCE
> Task :generators:dex-fact-generator:classes UP-TO-DATE
> Task :generators:dex-fact-generator:fatJar UP-TO-DATE
> Task :generators:dex-fact-generator:installJar UP-TO-DATE
> Task :generators:soot-fact-generator:compileJava UP-TO-DATE
> Task :generators:soot-fact-generator:compileGroovy NO-SOURCE
> Task :generators:soot-fact-generator:processResources NO-SOURCE
> Task :generators:soot-fact-generator:classes UP-TO-DATE
> Task :generators:soot-fact-generator:fatJar UP-TO-DATE
> Task :generators:soot-fact-generator:installJar UP-TO-DATE
> Task :generators:wala-fact-generator:compileJava UP-TO-DATE
> Task :generators:wala-fact-generator:processResources UP-TO-DATE
> Task :generators:wala-fact-generator:classes UP-TO-DATE
> Task :generators:wala-fact-generator:fatJar UP-TO-DATE
> Task :generators:wala-fact-generator:installJar UP-TO-DATE
> Task :resourceInstaller
> Task :processResources UP-TO-DATE
> Task :classes UP-TO-DATE
> Task :writeGitCommitHash UP-TO-DATE

> Task :run
Main class(es) expanded with [org.jsonschema2pojo.RootDriver]
WARNING: Handling of Java reflection is disabled!
New 1-object-sensitive analysis
Id       : jsonschema2pojo-1-object-sensitive-NORMAL
Inputs   : /u/q8liang/Benchmarks/jsonschema2pojo-1.1.1/jsonschema2pojo-core/target/jsonschema2pojo-core-1.1.1.jar, /u/q8liang/Benchmarks/jsonschema2pojo-1.1.1/jsonschema2pojo-core/target/jsonschema2pojo-core-1.1.1-tests.jar, /u/q8liang/Benchmarks/jsonschema2pojo-1.1.1/jsonschema2pojo-core/mvn_dependencies/accessors-smart-1.2.jar, /u/q8liang/Benchmarks/jsonschema2pojo-1.1.1/jsonschema2pojo-core/mvn_dependencies/annotations-1.3.9.jar, /u/q8liang/Benchmarks/jsonschema2pojo-1.1.1/jsonschema2pojo-core/mvn_dependencies/antlr4-runtime-4.7.1.jar, /u/q8liang/Benchmarks/jsonschema2pojo-1.1.1/jsonschema2pojo-core/mvn_dependencies/asm-7.0.jar, /u/q8liang/Benchmarks/jsonschema2pojo-1.1.1/jsonschema2pojo-core/mvn_dependencies/byte-buddy-1.10.5.jar, /u/q8liang/Benchmarks/jsonschema2pojo-1.1.1/jsonschema2pojo-core/mvn_dependencies/byte-buddy-agent-1.10.5.jar, /u/q8liang/Benchmarks/jsonschema2pojo-1.1.1/jsonschema2pojo-core/mvn_dependencies/codemodel-2.6.jar, /u/q8liang/Benchmarks/jsonschema2pojo-1.1.1/jsonschema2pojo-core/mvn_dependencies/commons-codec-1.9.jar, /u/q8liang/Benchmarks/jsonschema2pojo-1.1.1/jsonschema2pojo-core/mvn_dependencies/commons-fileupload-1.4.jar, /u/q8liang/Benchmarks/jsonschema2pojo-1.1.1/jsonschema2pojo-core/mvn_dependencies/commons-io-2.8.0.jar, /u/q8liang/Benchmarks/jsonschema2pojo-1.1.1/jsonschema2pojo-core/mvn_dependencies/commons-lang-2.6.jar, /u/q8liang/Benchmarks/jsonschema2pojo-1.1.1/jsonschema2pojo-core/mvn_dependencies/commons-lang3-3.11.jar, /u/q8liang/Benchmarks/jsonschema2pojo-1.1.1/jsonschema2pojo-core/mvn_dependencies/commons-logging-1.2.jar, /u/q8liang/Benchmarks/jsonschema2pojo-1.1.1/jsonschema2pojo-core/mvn_dependencies/gson-2.8.6.jar, /u/q8liang/Benchmarks/jsonschema2pojo-1.1.1/jsonschema2pojo-core/mvn_dependencies/guava-20.0.jar, /u/q8liang/Benchmarks/jsonschema2pojo-1.1.1/jsonschema2pojo-core/mvn_dependencies/hamcrest-all-1.3.jar, /u/q8liang/Benchmarks/jsonschema2pojo-1.1.1/jsonschema2pojo-core/mvn_dependencies/hamcrest-core-1.3.jar, /u/q8liang/Benchmarks/jsonschema2pojo-1.1.1/jsonschema2pojo-core/mvn_dependencies/handlebars-4.0.7.jar, /u/q8liang/Benchmarks/jsonschema2pojo-1.1.1/jsonschema2pojo-core/mvn_dependencies/handlebars-helpers-4.0.7.jar, /u/q8liang/Benchmarks/jsonschema2pojo-1.1.1/jsonschema2pojo-core/mvn_dependencies/httpclient-4.5.13.jar, /u/q8liang/Benchmarks/jsonschema2pojo-1.1.1/jsonschema2pojo-core/mvn_dependencies/httpcore-4.4.13.jar, /u/q8liang/Benchmarks/jsonschema2pojo-1.1.1/jsonschema2pojo-core/mvn_dependencies/jackson-annotations-2.9.10.jar, /u/q8liang/Benchmarks/jsonschema2pojo-1.1.1/jsonschema2pojo-core/mvn_dependencies/jackson-core-2.9.10.jar, /u/q8liang/Benchmarks/jsonschema2pojo-1.1.1/jsonschema2pojo-core/mvn_dependencies/jackson-databind-2.9.10.8.jar, /u/q8liang/Benchmarks/jsonschema2pojo-1.1.1/jsonschema2pojo-core/mvn_dependencies/jackson-dataformat-yaml-2.9.10.jar, /u/q8liang/Benchmarks/jsonschema2pojo-1.1.1/jsonschema2pojo-core/mvn_dependencies/javaparser-1.0.10.jar, /u/q8liang/Benchmarks/jsonschema2pojo-1.1.1/jsonschema2pojo-core/mvn_dependencies/javax.servlet-api-3.1.0.jar, /u/q8liang/Benchmarks/jsonschema2pojo-1.1.1/jsonschema2pojo-core/mvn_dependencies/jetty-client-9.2.28.v20190418.jar, /u/q8liang/Benchmarks/jsonschema2pojo-1.1.1/jsonschema2pojo-core/mvn_dependencies/jetty-continuation-9.2.28.v20190418.jar, /u/q8liang/Benchmarks/jsonschema2pojo-1.1.1/jsonschema2pojo-core/mvn_dependencies/jetty-http-9.2.28.v20190418.jar, /u/q8liang/Benchmarks/jsonschema2pojo-1.1.1/jsonschema2pojo-core/mvn_dependencies/jetty-io-9.2.28.v20190418.jar, /u/q8liang/Benchmarks/jsonschema2pojo-1.1.1/jsonschema2pojo-core/mvn_dependencies/jetty-proxy-9.2.28.v20190418.jar, /u/q8liang/Benchmarks/jsonschema2pojo-1.1.1/jsonschema2pojo-core/mvn_dependencies/jetty-security-9.2.28.v20190418.jar, /u/q8liang/Benchmarks/jsonschema2pojo-1.1.1/jsonschema2pojo-core/mvn_dependencies/jetty-server-9.2.28.v20190418.jar, /u/q8liang/Benchmarks/jsonschema2pojo-1.1.1/jsonschema2pojo-core/mvn_dependencies/jetty-servlet-9.2.28.v20190418.jar, /u/q8liang/Benchmarks/jsonschema2pojo-1.1.1/jsonschema2pojo-core/mvn_dependencies/jetty-servlets-9.2.28.v20190418.jar, /u/q8liang/Benchmarks/jsonschema2pojo-1.1.1/jsonschema2pojo-core/mvn_dependencies/jetty-util-9.2.28.v20190418.jar, /u/q8liang/Benchmarks/jsonschema2pojo-1.1.1/jsonschema2pojo-core/mvn_dependencies/jetty-webapp-9.2.28.v20190418.jar, /u/q8liang/Benchmarks/jsonschema2pojo-1.1.1/jsonschema2pojo-core/mvn_dependencies/jetty-xml-9.2.28.v20190418.jar, /u/q8liang/Benchmarks/jsonschema2pojo-1.1.1/jsonschema2pojo-core/mvn_dependencies/joda-time-2.2.jar, /u/q8liang/Benchmarks/jsonschema2pojo-1.1.1/jsonschema2pojo-core/mvn_dependencies/jopt-simple-5.0.3.jar, /u/q8liang/Benchmarks/jsonschema2pojo-1.1.1/jsonschema2pojo-core/mvn_dependencies/json-path-2.4.0.jar, /u/q8liang/Benchmarks/jsonschema2pojo-1.1.1/jsonschema2pojo-core/mvn_dependencies/json-smart-2.3.jar, /u/q8liang/Benchmarks/jsonschema2pojo-1.1.1/jsonschema2pojo-core/mvn_dependencies/jsr305-3.0.1.jar, /u/q8liang/Benchmarks/jsonschema2pojo-1.1.1/jsonschema2pojo-core/mvn_dependencies/junit-4.13.2.jar, /u/q8liang/Benchmarks/jsonschema2pojo-1.1.1/jsonschema2pojo-core/mvn_dependencies/mockito-core-3.2.4.jar, /u/q8liang/Benchmarks/jsonschema2pojo-1.1.1/jsonschema2pojo-core/mvn_dependencies/objenesis-2.6.jar, /u/q8liang/Benchmarks/jsonschema2pojo-1.1.1/jsonschema2pojo-core/mvn_dependencies/slf4j-api-1.7.30.jar, /u/q8liang/Benchmarks/jsonschema2pojo-1.1.1/jsonschema2pojo-core/mvn_dependencies/slf4j-simple-1.7.30.jar, /u/q8liang/Benchmarks/jsonschema2pojo-1.1.1/jsonschema2pojo-core/mvn_dependencies/snakeyaml-1.23.jar, /u/q8liang/Benchmarks/jsonschema2pojo-1.1.1/jsonschema2pojo-core/mvn_dependencies/validation-api-1.0.0.GA.jar, /u/q8liang/Benchmarks/jsonschema2pojo-1.1.1/jsonschema2pojo-core/mvn_dependencies/wiremock-2.27.2.jar, /u/q8liang/Benchmarks/jsonschema2pojo-1.1.1/jsonschema2pojo-core/mvn_dependencies/xmlunit-core-2.7.0.jar, /u/q8liang/Benchmarks/jsonschema2pojo-1.1.1/jsonschema2pojo-core/mvn_dependencies/xmlunit-legacy-2.7.0.jar, /u/q8liang/Benchmarks/jsonschema2pojo-1.1.1/jsonschema2pojo-core/mvn_dependencies/xmlunit-placeholders-2.7.0.jar, /u/q8liang/Benchmarks/jsonschema2pojo-1.1.1/jsonschema2pojo-core/mvn_dependencies/zjsonpatch-0.4.4.jar
Libraries: 
Using a timeout of 90 min.
Adding extra logic file /u/q8liang/doop_new/souffle-logic/analyses/mocks/mocks.dl
[Task FACTS...]
[Task COMPILE...]
-- Fact Generation --
Using cached analysis executable /u/q8liang/doop_new/cache/souffle-analyses/1-object-sensitive/ad5a05b4fd08e6f1221078ef5601123eb9ba851127bc6050be408c2bb2af4e5f
[Task COMPILE Done]
SOOT_FACT_GEN: Logging initialized, using directory: /u/q8liang/doop_new/build/logs
SOOT_FACT_GEN: SLF4J: Failed to load class "org.slf4j.impl.StaticLoggerBinder".
SOOT_FACT_GEN: SLF4J: Defaulting to no-operation (NOP) logger implementation
SOOT_FACT_GEN: SLF4J: See http://www.slf4j.org/codes.html#StaticLoggerBinder for further details.
SOOT_FACT_GEN: Preprocessing application: /u/q8liang/Benchmarks/jsonschema2pojo-1.1.1/jsonschema2pojo-core/target/jsonschema2pojo-core-1.1.1.jar
SOOT_FACT_GEN: Preprocessing application: /u/q8liang/Benchmarks/jsonschema2pojo-1.1.1/jsonschema2pojo-core/target/jsonschema2pojo-core-1.1.1-tests.jar
SOOT_FACT_GEN: Preprocessing application: /u/q8liang/Benchmarks/jsonschema2pojo-1.1.1/jsonschema2pojo-core/mvn_dependencies/accessors-smart-1.2.jar
SOOT_FACT_GEN: Preprocessing application: /u/q8liang/Benchmarks/jsonschema2pojo-1.1.1/jsonschema2pojo-core/mvn_dependencies/annotations-1.3.9.jar
SOOT_FACT_GEN: Preprocessing application: /u/q8liang/Benchmarks/jsonschema2pojo-1.1.1/jsonschema2pojo-core/mvn_dependencies/antlr4-runtime-4.7.1.jar
SOOT_FACT_GEN: Preprocessing application: /u/q8liang/Benchmarks/jsonschema2pojo-1.1.1/jsonschema2pojo-core/mvn_dependencies/asm-7.0.jar
SOOT_FACT_GEN: Preprocessing application: /u/q8liang/Benchmarks/jsonschema2pojo-1.1.1/jsonschema2pojo-core/mvn_dependencies/byte-buddy-1.10.5.jar
SOOT_FACT_GEN: Preprocessing application: /u/q8liang/Benchmarks/jsonschema2pojo-1.1.1/jsonschema2pojo-core/mvn_dependencies/byte-buddy-agent-1.10.5.jar
SOOT_FACT_GEN: Preprocessing application: /u/q8liang/Benchmarks/jsonschema2pojo-1.1.1/jsonschema2pojo-core/mvn_dependencies/codemodel-2.6.jar
SOOT_FACT_GEN: Preprocessing application: /u/q8liang/Benchmarks/jsonschema2pojo-1.1.1/jsonschema2pojo-core/mvn_dependencies/commons-codec-1.9.jar
SOOT_FACT_GEN: Preprocessing application: /u/q8liang/Benchmarks/jsonschema2pojo-1.1.1/jsonschema2pojo-core/mvn_dependencies/commons-fileupload-1.4.jar
SOOT_FACT_GEN: Preprocessing application: /u/q8liang/Benchmarks/jsonschema2pojo-1.1.1/jsonschema2pojo-core/mvn_dependencies/commons-io-2.8.0.jar
SOOT_FACT_GEN: Preprocessing application: /u/q8liang/Benchmarks/jsonschema2pojo-1.1.1/jsonschema2pojo-core/mvn_dependencies/commons-lang-2.6.jar
SOOT_FACT_GEN: Preprocessing application: /u/q8liang/Benchmarks/jsonschema2pojo-1.1.1/jsonschema2pojo-core/mvn_dependencies/commons-lang3-3.11.jar
SOOT_FACT_GEN: Preprocessing application: /u/q8liang/Benchmarks/jsonschema2pojo-1.1.1/jsonschema2pojo-core/mvn_dependencies/commons-logging-1.2.jar
SOOT_FACT_GEN: Preprocessing application: /u/q8liang/Benchmarks/jsonschema2pojo-1.1.1/jsonschema2pojo-core/mvn_dependencies/gson-2.8.6.jar
SOOT_FACT_GEN: Preprocessing application: /u/q8liang/Benchmarks/jsonschema2pojo-1.1.1/jsonschema2pojo-core/mvn_dependencies/guava-20.0.jar
SOOT_FACT_GEN: Preprocessing application: /u/q8liang/Benchmarks/jsonschema2pojo-1.1.1/jsonschema2pojo-core/mvn_dependencies/hamcrest-all-1.3.jar
SOOT_FACT_GEN: Preprocessing application: /u/q8liang/Benchmarks/jsonschema2pojo-1.1.1/jsonschema2pojo-core/mvn_dependencies/hamcrest-core-1.3.jar
SOOT_FACT_GEN: Preprocessing application: /u/q8liang/Benchmarks/jsonschema2pojo-1.1.1/jsonschema2pojo-core/mvn_dependencies/handlebars-4.0.7.jar
SOOT_FACT_GEN: Preprocessing application: /u/q8liang/Benchmarks/jsonschema2pojo-1.1.1/jsonschema2pojo-core/mvn_dependencies/handlebars-helpers-4.0.7.jar
SOOT_FACT_GEN: Preprocessing application: /u/q8liang/Benchmarks/jsonschema2pojo-1.1.1/jsonschema2pojo-core/mvn_dependencies/httpclient-4.5.13.jar
SOOT_FACT_GEN: Preprocessing application: /u/q8liang/Benchmarks/jsonschema2pojo-1.1.1/jsonschema2pojo-core/mvn_dependencies/httpcore-4.4.13.jar
SOOT_FACT_GEN: Preprocessing application: /u/q8liang/Benchmarks/jsonschema2pojo-1.1.1/jsonschema2pojo-core/mvn_dependencies/jackson-annotations-2.9.10.jar
SOOT_FACT_GEN: Preprocessing application: /u/q8liang/Benchmarks/jsonschema2pojo-1.1.1/jsonschema2pojo-core/mvn_dependencies/jackson-core-2.9.10.jar
SOOT_FACT_GEN: Preprocessing application: /u/q8liang/Benchmarks/jsonschema2pojo-1.1.1/jsonschema2pojo-core/mvn_dependencies/jackson-databind-2.9.10.8.jar
SOOT_FACT_GEN: Preprocessing application: /u/q8liang/Benchmarks/jsonschema2pojo-1.1.1/jsonschema2pojo-core/mvn_dependencies/jackson-dataformat-yaml-2.9.10.jar
SOOT_FACT_GEN: Preprocessing application: /u/q8liang/Benchmarks/jsonschema2pojo-1.1.1/jsonschema2pojo-core/mvn_dependencies/javaparser-1.0.10.jar
SOOT_FACT_GEN: Preprocessing application: /u/q8liang/Benchmarks/jsonschema2pojo-1.1.1/jsonschema2pojo-core/mvn_dependencies/javax.servlet-api-3.1.0.jar
SOOT_FACT_GEN: Preprocessing application: /u/q8liang/Benchmarks/jsonschema2pojo-1.1.1/jsonschema2pojo-core/mvn_dependencies/jetty-client-9.2.28.v20190418.jar
SOOT_FACT_GEN: Preprocessing application: /u/q8liang/Benchmarks/jsonschema2pojo-1.1.1/jsonschema2pojo-core/mvn_dependencies/jetty-continuation-9.2.28.v20190418.jar
SOOT_FACT_GEN: Preprocessing application: /u/q8liang/Benchmarks/jsonschema2pojo-1.1.1/jsonschema2pojo-core/mvn_dependencies/jetty-http-9.2.28.v20190418.jar
SOOT_FACT_GEN: Preprocessing application: /u/q8liang/Benchmarks/jsonschema2pojo-1.1.1/jsonschema2pojo-core/mvn_dependencies/jetty-io-9.2.28.v20190418.jar
SOOT_FACT_GEN: Preprocessing application: /u/q8liang/Benchmarks/jsonschema2pojo-1.1.1/jsonschema2pojo-core/mvn_dependencies/jetty-proxy-9.2.28.v20190418.jar
SOOT_FACT_GEN: Preprocessing application: /u/q8liang/Benchmarks/jsonschema2pojo-1.1.1/jsonschema2pojo-core/mvn_dependencies/jetty-security-9.2.28.v20190418.jar
SOOT_FACT_GEN: Preprocessing application: /u/q8liang/Benchmarks/jsonschema2pojo-1.1.1/jsonschema2pojo-core/mvn_dependencies/jetty-server-9.2.28.v20190418.jar
SOOT_FACT_GEN: Preprocessing application: /u/q8liang/Benchmarks/jsonschema2pojo-1.1.1/jsonschema2pojo-core/mvn_dependencies/jetty-servlet-9.2.28.v20190418.jar
SOOT_FACT_GEN: Preprocessing application: /u/q8liang/Benchmarks/jsonschema2pojo-1.1.1/jsonschema2pojo-core/mvn_dependencies/jetty-servlets-9.2.28.v20190418.jar
SOOT_FACT_GEN: Preprocessing application: /u/q8liang/Benchmarks/jsonschema2pojo-1.1.1/jsonschema2pojo-core/mvn_dependencies/jetty-util-9.2.28.v20190418.jar
SOOT_FACT_GEN: Preprocessing application: /u/q8liang/Benchmarks/jsonschema2pojo-1.1.1/jsonschema2pojo-core/mvn_dependencies/jetty-webapp-9.2.28.v20190418.jar
SOOT_FACT_GEN: Preprocessing application: /u/q8liang/Benchmarks/jsonschema2pojo-1.1.1/jsonschema2pojo-core/mvn_dependencies/jetty-xml-9.2.28.v20190418.jar
SOOT_FACT_GEN: Preprocessing application: /u/q8liang/Benchmarks/jsonschema2pojo-1.1.1/jsonschema2pojo-core/mvn_dependencies/joda-time-2.2.jar
SOOT_FACT_GEN: Preprocessing application: /u/q8liang/Benchmarks/jsonschema2pojo-1.1.1/jsonschema2pojo-core/mvn_dependencies/jopt-simple-5.0.3.jar
SOOT_FACT_GEN: Preprocessing application: /u/q8liang/Benchmarks/jsonschema2pojo-1.1.1/jsonschema2pojo-core/mvn_dependencies/json-path-2.4.0.jar
SOOT_FACT_GEN: Preprocessing application: /u/q8liang/Benchmarks/jsonschema2pojo-1.1.1/jsonschema2pojo-core/mvn_dependencies/json-smart-2.3.jar
SOOT_FACT_GEN: Preprocessing application: /u/q8liang/Benchmarks/jsonschema2pojo-1.1.1/jsonschema2pojo-core/mvn_dependencies/jsr305-3.0.1.jar
SOOT_FACT_GEN: Preprocessing application: /u/q8liang/Benchmarks/jsonschema2pojo-1.1.1/jsonschema2pojo-core/mvn_dependencies/junit-4.13.2.jar
SOOT_FACT_GEN: Preprocessing application: /u/q8liang/Benchmarks/jsonschema2pojo-1.1.1/jsonschema2pojo-core/mvn_dependencies/mockito-core-3.2.4.jar
SOOT_FACT_GEN: Preprocessing application: /u/q8liang/Benchmarks/jsonschema2pojo-1.1.1/jsonschema2pojo-core/mvn_dependencies/objenesis-2.6.jar
SOOT_FACT_GEN: Preprocessing application: /u/q8liang/Benchmarks/jsonschema2pojo-1.1.1/jsonschema2pojo-core/mvn_dependencies/slf4j-api-1.7.30.jar
SOOT_FACT_GEN: Preprocessing application: /u/q8liang/Benchmarks/jsonschema2pojo-1.1.1/jsonschema2pojo-core/mvn_dependencies/slf4j-simple-1.7.30.jar
SOOT_FACT_GEN: Preprocessing application: /u/q8liang/Benchmarks/jsonschema2pojo-1.1.1/jsonschema2pojo-core/mvn_dependencies/snakeyaml-1.23.jar
SOOT_FACT_GEN: Preprocessing application: /u/q8liang/Benchmarks/jsonschema2pojo-1.1.1/jsonschema2pojo-core/mvn_dependencies/validation-api-1.0.0.GA.jar
SOOT_FACT_GEN: Preprocessing application: /u/q8liang/Benchmarks/jsonschema2pojo-1.1.1/jsonschema2pojo-core/mvn_dependencies/wiremock-2.27.2.jar
SOOT_FACT_GEN: Preprocessing application: /u/q8liang/Benchmarks/jsonschema2pojo-1.1.1/jsonschema2pojo-core/mvn_dependencies/xmlunit-core-2.7.0.jar
SOOT_FACT_GEN: Preprocessing application: /u/q8liang/Benchmarks/jsonschema2pojo-1.1.1/jsonschema2pojo-core/mvn_dependencies/xmlunit-legacy-2.7.0.jar
SOOT_FACT_GEN: Preprocessing application: /u/q8liang/Benchmarks/jsonschema2pojo-1.1.1/jsonschema2pojo-core/mvn_dependencies/xmlunit-placeholders-2.7.0.jar
SOOT_FACT_GEN: Preprocessing application: /u/q8liang/Benchmarks/jsonschema2pojo-1.1.1/jsonschema2pojo-core/mvn_dependencies/zjsonpatch-0.4.4.jar
SOOT_FACT_GEN: Preprocessing platform library: /u/q8liang/doop_new/build/tmp/rt_249302052810926327.jar
SOOT_FACT_GEN: Preprocessing platform library: /u/q8liang/doop_new/build/tmp/jce_7933916358812430724.jar
SOOT_FACT_GEN: Preprocessing platform library: /u/q8liang/doop_new/build/tmp/jsse_3297592503975620731.jar
SOOT_FACT_GEN: Adding archive: /u/q8liang/Benchmarks/jsonschema2pojo-1.1.1/jsonschema2pojo-core/target/jsonschema2pojo-core-1.1.1.jar
SOOT_FACT_GEN: Adding archive: /u/q8liang/Benchmarks/jsonschema2pojo-1.1.1/jsonschema2pojo-core/target/jsonschema2pojo-core-1.1.1-tests.jar
SOOT_FACT_GEN: Adding archive: /u/q8liang/Benchmarks/jsonschema2pojo-1.1.1/jsonschema2pojo-core/mvn_dependencies/accessors-smart-1.2.jar
SOOT_FACT_GEN: Adding archive: /u/q8liang/Benchmarks/jsonschema2pojo-1.1.1/jsonschema2pojo-core/mvn_dependencies/annotations-1.3.9.jar
SOOT_FACT_GEN: Adding archive: /u/q8liang/Benchmarks/jsonschema2pojo-1.1.1/jsonschema2pojo-core/mvn_dependencies/antlr4-runtime-4.7.1.jar
SOOT_FACT_GEN: Adding archive: /u/q8liang/Benchmarks/jsonschema2pojo-1.1.1/jsonschema2pojo-core/mvn_dependencies/asm-7.0.jar
SOOT_FACT_GEN: Adding archive: /u/q8liang/Benchmarks/jsonschema2pojo-1.1.1/jsonschema2pojo-core/mvn_dependencies/byte-buddy-1.10.5.jar
SOOT_FACT_GEN: Adding archive: /u/q8liang/Benchmarks/jsonschema2pojo-1.1.1/jsonschema2pojo-core/mvn_dependencies/byte-buddy-agent-1.10.5.jar
SOOT_FACT_GEN: Adding archive: /u/q8liang/Benchmarks/jsonschema2pojo-1.1.1/jsonschema2pojo-core/mvn_dependencies/codemodel-2.6.jar
SOOT_FACT_GEN: Adding archive: /u/q8liang/Benchmarks/jsonschema2pojo-1.1.1/jsonschema2pojo-core/mvn_dependencies/commons-codec-1.9.jar
SOOT_FACT_GEN: Adding archive: /u/q8liang/Benchmarks/jsonschema2pojo-1.1.1/jsonschema2pojo-core/mvn_dependencies/commons-fileupload-1.4.jar
SOOT_FACT_GEN: Adding archive: /u/q8liang/Benchmarks/jsonschema2pojo-1.1.1/jsonschema2pojo-core/mvn_dependencies/commons-io-2.8.0.jar
SOOT_FACT_GEN: Adding archive: /u/q8liang/Benchmarks/jsonschema2pojo-1.1.1/jsonschema2pojo-core/mvn_dependencies/commons-lang-2.6.jar
SOOT_FACT_GEN: Adding archive: /u/q8liang/Benchmarks/jsonschema2pojo-1.1.1/jsonschema2pojo-core/mvn_dependencies/commons-lang3-3.11.jar
SOOT_FACT_GEN: Adding archive: /u/q8liang/Benchmarks/jsonschema2pojo-1.1.1/jsonschema2pojo-core/mvn_dependencies/commons-logging-1.2.jar
SOOT_FACT_GEN: Adding archive: /u/q8liang/Benchmarks/jsonschema2pojo-1.1.1/jsonschema2pojo-core/mvn_dependencies/gson-2.8.6.jar
SOOT_FACT_GEN: Adding archive: /u/q8liang/Benchmarks/jsonschema2pojo-1.1.1/jsonschema2pojo-core/mvn_dependencies/guava-20.0.jar
SOOT_FACT_GEN: Adding archive: /u/q8liang/Benchmarks/jsonschema2pojo-1.1.1/jsonschema2pojo-core/mvn_dependencies/hamcrest-all-1.3.jar
SOOT_FACT_GEN: Adding archive: /u/q8liang/Benchmarks/jsonschema2pojo-1.1.1/jsonschema2pojo-core/mvn_dependencies/hamcrest-core-1.3.jar
SOOT_FACT_GEN: Adding archive: /u/q8liang/Benchmarks/jsonschema2pojo-1.1.1/jsonschema2pojo-core/mvn_dependencies/handlebars-4.0.7.jar
SOOT_FACT_GEN: Adding archive: /u/q8liang/Benchmarks/jsonschema2pojo-1.1.1/jsonschema2pojo-core/mvn_dependencies/handlebars-helpers-4.0.7.jar
SOOT_FACT_GEN: Adding archive: /u/q8liang/Benchmarks/jsonschema2pojo-1.1.1/jsonschema2pojo-core/mvn_dependencies/httpclient-4.5.13.jar
SOOT_FACT_GEN: Adding archive: /u/q8liang/Benchmarks/jsonschema2pojo-1.1.1/jsonschema2pojo-core/mvn_dependencies/httpcore-4.4.13.jar
SOOT_FACT_GEN: Adding archive: /u/q8liang/Benchmarks/jsonschema2pojo-1.1.1/jsonschema2pojo-core/mvn_dependencies/jackson-annotations-2.9.10.jar
SOOT_FACT_GEN: Adding archive: /u/q8liang/Benchmarks/jsonschema2pojo-1.1.1/jsonschema2pojo-core/mvn_dependencies/jackson-core-2.9.10.jar
SOOT_FACT_GEN: Adding archive: /u/q8liang/Benchmarks/jsonschema2pojo-1.1.1/jsonschema2pojo-core/mvn_dependencies/jackson-databind-2.9.10.8.jar
SOOT_FACT_GEN: Adding archive: /u/q8liang/Benchmarks/jsonschema2pojo-1.1.1/jsonschema2pojo-core/mvn_dependencies/jackson-dataformat-yaml-2.9.10.jar
SOOT_FACT_GEN: Adding archive: /u/q8liang/Benchmarks/jsonschema2pojo-1.1.1/jsonschema2pojo-core/mvn_dependencies/javaparser-1.0.10.jar
SOOT_FACT_GEN: Adding archive: /u/q8liang/Benchmarks/jsonschema2pojo-1.1.1/jsonschema2pojo-core/mvn_dependencies/javax.servlet-api-3.1.0.jar
SOOT_FACT_GEN: Adding archive: /u/q8liang/Benchmarks/jsonschema2pojo-1.1.1/jsonschema2pojo-core/mvn_dependencies/jetty-client-9.2.28.v20190418.jar
SOOT_FACT_GEN: Adding archive: /u/q8liang/Benchmarks/jsonschema2pojo-1.1.1/jsonschema2pojo-core/mvn_dependencies/jetty-continuation-9.2.28.v20190418.jar
SOOT_FACT_GEN: Adding archive: /u/q8liang/Benchmarks/jsonschema2pojo-1.1.1/jsonschema2pojo-core/mvn_dependencies/jetty-http-9.2.28.v20190418.jar
SOOT_FACT_GEN: Adding archive: /u/q8liang/Benchmarks/jsonschema2pojo-1.1.1/jsonschema2pojo-core/mvn_dependencies/jetty-io-9.2.28.v20190418.jar
SOOT_FACT_GEN: Adding archive: /u/q8liang/Benchmarks/jsonschema2pojo-1.1.1/jsonschema2pojo-core/mvn_dependencies/jetty-proxy-9.2.28.v20190418.jar
SOOT_FACT_GEN: Adding archive: /u/q8liang/Benchmarks/jsonschema2pojo-1.1.1/jsonschema2pojo-core/mvn_dependencies/jetty-security-9.2.28.v20190418.jar
SOOT_FACT_GEN: Adding archive: /u/q8liang/Benchmarks/jsonschema2pojo-1.1.1/jsonschema2pojo-core/mvn_dependencies/jetty-server-9.2.28.v20190418.jar
SOOT_FACT_GEN: Adding archive: /u/q8liang/Benchmarks/jsonschema2pojo-1.1.1/jsonschema2pojo-core/mvn_dependencies/jetty-servlet-9.2.28.v20190418.jar
SOOT_FACT_GEN: Adding archive: /u/q8liang/Benchmarks/jsonschema2pojo-1.1.1/jsonschema2pojo-core/mvn_dependencies/jetty-servlets-9.2.28.v20190418.jar
SOOT_FACT_GEN: Adding archive: /u/q8liang/Benchmarks/jsonschema2pojo-1.1.1/jsonschema2pojo-core/mvn_dependencies/jetty-util-9.2.28.v20190418.jar
SOOT_FACT_GEN: Adding archive: /u/q8liang/Benchmarks/jsonschema2pojo-1.1.1/jsonschema2pojo-core/mvn_dependencies/jetty-webapp-9.2.28.v20190418.jar
SOOT_FACT_GEN: Adding archive: /u/q8liang/Benchmarks/jsonschema2pojo-1.1.1/jsonschema2pojo-core/mvn_dependencies/jetty-xml-9.2.28.v20190418.jar
SOOT_FACT_GEN: Adding archive: /u/q8liang/Benchmarks/jsonschema2pojo-1.1.1/jsonschema2pojo-core/mvn_dependencies/joda-time-2.2.jar
SOOT_FACT_GEN: Adding archive: /u/q8liang/Benchmarks/jsonschema2pojo-1.1.1/jsonschema2pojo-core/mvn_dependencies/jopt-simple-5.0.3.jar
SOOT_FACT_GEN: Adding archive: /u/q8liang/Benchmarks/jsonschema2pojo-1.1.1/jsonschema2pojo-core/mvn_dependencies/json-path-2.4.0.jar
SOOT_FACT_GEN: Adding archive: /u/q8liang/Benchmarks/jsonschema2pojo-1.1.1/jsonschema2pojo-core/mvn_dependencies/json-smart-2.3.jar
SOOT_FACT_GEN: Adding archive: /u/q8liang/Benchmarks/jsonschema2pojo-1.1.1/jsonschema2pojo-core/mvn_dependencies/jsr305-3.0.1.jar
SOOT_FACT_GEN: Adding archive: /u/q8liang/Benchmarks/jsonschema2pojo-1.1.1/jsonschema2pojo-core/mvn_dependencies/junit-4.13.2.jar
SOOT_FACT_GEN: Adding archive: /u/q8liang/Benchmarks/jsonschema2pojo-1.1.1/jsonschema2pojo-core/mvn_dependencies/mockito-core-3.2.4.jar
SOOT_FACT_GEN: Adding archive: /u/q8liang/Benchmarks/jsonschema2pojo-1.1.1/jsonschema2pojo-core/mvn_dependencies/objenesis-2.6.jar
SOOT_FACT_GEN: Adding archive: /u/q8liang/Benchmarks/jsonschema2pojo-1.1.1/jsonschema2pojo-core/mvn_dependencies/slf4j-api-1.7.30.jar
SOOT_FACT_GEN: Adding archive: /u/q8liang/Benchmarks/jsonschema2pojo-1.1.1/jsonschema2pojo-core/mvn_dependencies/slf4j-simple-1.7.30.jar
SOOT_FACT_GEN: Adding archive: /u/q8liang/Benchmarks/jsonschema2pojo-1.1.1/jsonschema2pojo-core/mvn_dependencies/snakeyaml-1.23.jar
SOOT_FACT_GEN: Adding archive: /u/q8liang/Benchmarks/jsonschema2pojo-1.1.1/jsonschema2pojo-core/mvn_dependencies/validation-api-1.0.0.GA.jar
SOOT_FACT_GEN: Adding archive: /u/q8liang/Benchmarks/jsonschema2pojo-1.1.1/jsonschema2pojo-core/mvn_dependencies/wiremock-2.27.2.jar
SOOT_FACT_GEN: Adding archive: /u/q8liang/Benchmarks/jsonschema2pojo-1.1.1/jsonschema2pojo-core/mvn_dependencies/xmlunit-core-2.7.0.jar
SOOT_FACT_GEN: Adding archive: /u/q8liang/Benchmarks/jsonschema2pojo-1.1.1/jsonschema2pojo-core/mvn_dependencies/xmlunit-legacy-2.7.0.jar
SOOT_FACT_GEN: Adding archive: /u/q8liang/Benchmarks/jsonschema2pojo-1.1.1/jsonschema2pojo-core/mvn_dependencies/xmlunit-placeholders-2.7.0.jar
SOOT_FACT_GEN: Adding archive: /u/q8liang/Benchmarks/jsonschema2pojo-1.1.1/jsonschema2pojo-core/mvn_dependencies/zjsonpatch-0.4.4.jar
SOOT_FACT_GEN: Adding archive for resolving: /u/q8liang/doop_new/build/tmp/rt_249302052810926327.jar
SOOT_FACT_GEN: Adding archive for resolving: /u/q8liang/doop_new/build/tmp/jce_7933916358812430724.jar
SOOT_FACT_GEN: Adding archive for resolving: /u/q8liang/doop_new/build/tmp/jsse_3297592503975620731.jar
SOOT_FACT_GEN: Classes in input (application) jar(s): 11697
SOOT_FACT_GEN: Total classes in Scene: 19696
SOOT_FACT_GEN: Retrieved all bodies (time: 83)
SOOT_FACT_GEN: Fact generation cores: 32
SOOT_FACT_GEN: WARNING: some classes were not resolved, consider using thorough fact generation or adding them manually via --also-resolve: [com.sun.beans.editors.BooleanEditor, com.sun.beans.editors.LongEditor, java.lang.Override, java.lang.SuppressWarnings, com.sun.beans.editors.FloatEditor, java.beans.Customizer, javax.sound.sampled.Port, java.awt.dnd.MouseDragGestureRecognizer, com.sun.management.GarbageCollectorMXBean, com.sun.beans.editors.ShortEditor, sun.util.locale.provider.HostLocaleProviderAdapterImpl, com.sun.beans.editors.DoubleEditor, com.sun.beans.editors.ByteEditor, com.sun.beans.editors.IntegerEditor]
SOOT_FACT_GEN: Found 591 phantom references. Rerun with '--report-phantoms' for more details.
SOOT_FACT_GEN: Methods without active bodies encountered (and reset): 0
Soot fact generation time: 141
Caching facts in /u/q8liang/doop_new/cache/b8c954b1fe46314aa9ebde7aaefaa610eec301fc93790045e5319f12b5e6615c
Copying /u/q8liang/doop_new/out/jsonschema2pojo-1-object-sensitive-NORMAL/database to /u/q8liang/doop_new/cache/b8c954b1fe46314aa9ebde7aaefaa610eec301fc93790045e5319f12b5e6615c...
----
[Task FACTS Done]
Using /usr/bin/time to gather performance statistics...
Running analysis
Runtime info monitored in /u/q8liang/doop_new/out/jsonschema2pojo-1-object-sensitive-NORMAL/monitoring.txt (& /u/q8liang/doop_new/out/jsonschema2pojo-1-object-sensitive-NORMAL/monitoring.latest.txt)
1651.17user 146.97system 30:28.42elapsed 98%CPU (0avgtext+0avgdata 11648484maxresident)k
3480inputs+127593008outputs (4major+59893232minor)pagefaults 0swaps
Analysis execution time (sec): 1829
-- Runtime metrics --
analysis compilation time (sec)                                                  0
analysis execution time (sec)                                                    1,829
disk footprint (KB)                                                              64,114,315
fact generation time (sec)                                                       141
-- Statistics --
var points-to (INS)                                                              9,432,612
var points-to (SENS)                                                             56,945,276
reachable variables (INS)                                                        182,303
reachable variables (SENS)                                                       1,030,844
reachable methods (INS)                                                          20,527
reachable methods (SENS)                                                         159,725
total methods                                                                    167,754
virtual call sites (statically)                                                  327,040
reachable virtual call sites                                                     49,537
polymorphic virtual call sites                                                   5,163
null virtual call sites                                                          12,521
empty virtual call sites                                                         2,127
app virtual call sites (statically)                                              176,944
app reachable virtual call sites                                                 24,941
app polymorphic virtual call sites                                               3,679
app null virtual call sites                                                      6,699
app empty reachable virtual call sites                                           1,272
array index points-to (INS)                                                      150,012
array index points-to (SENS)                                                     150,012
casts (statically)                                                               43,860
reachable casts                                                                  3,514
reachable casts that may fail                                                    2,379
app casts (statically)                                                           21,319
app reachable casts                                                              1,762
app reachable casts that may fail                                                1,187
app reachable methods                                                            9,708
app concrete methods                                                             84,997
instance field points-to (INS)                                                   445,125
instance field points-to (SENS)                                                  445,125
static field points-to (INS)                                                     4,085
static field points-to (SENS)                                                    4,085
app var points-to (INS)                                                          5,253,340
app var points-to (SENS)                                                         18,188,054
java.util var points-to (INS)                                                    2,243,609
java.util var points-to (SENS)                                                   22,241,222
app array index points-to (INS)                                                  96,646
app array index points-to (SENS)                                                 96,646
mock objects                                                                     0
mock objects for receivers                                                       0
mock objects for arg                                                             0
forced-reachable formals that could not be mocked                                0
app instance field points-to (INS)                                               270,680
app instance field points-to (SENS)                                              270,680
call graph edges (INS)                                                           124,295
call graph edges (SENS)                                                          4,687,619
non-reachable app concrete methods                                               75,295
Making database available at /u/q8liang/doop_new/results/jsonschema2pojo-core-1.1.1/1-object-sensitive/java_8/jsonschema2pojo-1-object-sensitive-NORMAL
Making database available at /u/q8liang/doop_new/last-analysis

Deprecated Gradle features were used in this build, making it incompatible with Gradle 7.0.
Use '--warning-mode all' to show the individual deprecation warnings.
See https://docs.gradle.org/6.7/userguide/command_line_interface.html#sec:command_line_warnings

BUILD SUCCESSFUL in 33m 17s
21 actionable tasks: 2 executed, 19 up-to-date
