> Task :generators:code-processor:generateGrammarSource UP-TO-DATE
> Task :generators:code-processor:compileJava UP-TO-DATE
> Task :generators:code-processor:compileGroovy UP-TO-DATE
> Task :generators:code-processor:processResources NO-SOURCE
> Task :generators:code-processor:classes UP-TO-DATE
> Task :generators:code-processor:jar UP-TO-DATE
> Task :generators:fact-generator-common:compileJava UP-TO-DATE
> Task :generators:fact-generator-common:processResources NO-SOURCE
> Task :generators:fact-generator-common:classes UP-TO-DATE
> Task :generators:fact-generator-common:shadowJar UP-TO-DATE
> Task :compileJava UP-TO-DATE
> Task :compileGroovy UP-TO-DATE
> Task :resolveApktool
> Task :generators:dex-fact-generator:compileJava UP-TO-DATE
> Task :generators:dex-fact-generator:processResources NO-SOURCE
> Task :generators:dex-fact-generator:classes UP-TO-DATE
> Task :generators:dex-fact-generator:jar
> Task :generators:dex-fact-generator:fatJar
> Task :generators:dex-fact-generator:installJar
> Task :generators:soot-fact-generator:compileJava UP-TO-DATE
> Task :generators:soot-fact-generator:compileGroovy NO-SOURCE
> Task :generators:soot-fact-generator:processResources NO-SOURCE
> Task :generators:soot-fact-generator:classes UP-TO-DATE
> Task :generators:soot-fact-generator:jar
> Task :generators:soot-fact-generator:fatJar
> Task :generators:soot-fact-generator:installJar
> Task :generators:wala-fact-generator:compileJava UP-TO-DATE
> Task :generators:wala-fact-generator:processResources UP-TO-DATE
> Task :generators:wala-fact-generator:classes UP-TO-DATE
> Task :generators:wala-fact-generator:jar
> Task :generators:wala-fact-generator:fatJar
> Task :generators:wala-fact-generator:installJar
> Task :resourceInstaller
> Task :processResources
> Task :classes
> Task :writeGitCommitHash UP-TO-DATE

> Task :run
Main class(es) expanded with [org.apache.maven.RootDriver]
WARNING: Handling of Java reflection is disabled!
New context-insensitive analysis
Id       : maven-maven-3.8.1-context-insensitive-NORMAL
Inputs   : /u/p23lam/hacking/MockAbstraction/Benchmarks/maven-maven-3.8.1/maven-core/target/maven-core-3.8.1.jar, /u/p23lam/hacking/MockAbstraction/Benchmarks/maven-maven-3.8.1/maven-core/target/maven-core-3.8.1-tests.jar, /u/p23lam/hacking/MockAbstraction/Benchmarks/maven-maven-3.8.1/maven-core/mvn_dependencies/animal-sniffer-annotations-1.14.jar, /u/p23lam/hacking/MockAbstraction/Benchmarks/maven-maven-3.8.1/maven-core/mvn_dependencies/aopalliance-1.0.jar, /u/p23lam/hacking/MockAbstraction/Benchmarks/maven-maven-3.8.1/maven-core/mvn_dependencies/byte-buddy-1.8.15.jar, /u/p23lam/hacking/MockAbstraction/Benchmarks/maven-maven-3.8.1/maven-core/mvn_dependencies/byte-buddy-agent-1.8.15.jar, /u/p23lam/hacking/MockAbstraction/Benchmarks/maven-maven-3.8.1/maven-core/mvn_dependencies/cdi-api-1.0.jar, /u/p23lam/hacking/MockAbstraction/Benchmarks/maven-maven-3.8.1/maven-core/mvn_dependencies/checker-compat-qual-2.0.0.jar, /u/p23lam/hacking/MockAbstraction/Benchmarks/maven-maven-3.8.1/maven-core/mvn_dependencies/commons-io-2.5.jar, /u/p23lam/hacking/MockAbstraction/Benchmarks/maven-maven-3.8.1/maven-core/mvn_dependencies/commons-jxpath-1.3.jar, /u/p23lam/hacking/MockAbstraction/Benchmarks/maven-maven-3.8.1/maven-core/mvn_dependencies/commons-lang3-3.8.1.jar, /u/p23lam/hacking/MockAbstraction/Benchmarks/maven-maven-3.8.1/maven-core/mvn_dependencies/error_prone_annotations-2.1.3.jar, /u/p23lam/hacking/MockAbstraction/Benchmarks/maven-maven-3.8.1/maven-core/mvn_dependencies/guava-25.1-android.jar, /u/p23lam/hacking/MockAbstraction/Benchmarks/maven-maven-3.8.1/maven-core/mvn_dependencies/guice-4.2.1-no_aop.jar, /u/p23lam/hacking/MockAbstraction/Benchmarks/maven-maven-3.8.1/maven-core/mvn_dependencies/hamcrest-core-1.3.jar, /u/p23lam/hacking/MockAbstraction/Benchmarks/maven-maven-3.8.1/maven-core/mvn_dependencies/hamcrest-library-1.3.jar, /u/p23lam/hacking/MockAbstraction/Benchmarks/maven-maven-3.8.1/maven-core/mvn_dependencies/j2objc-annotations-1.1.jar, /u/p23lam/hacking/MockAbstraction/Benchmarks/maven-maven-3.8.1/maven-core/mvn_dependencies/javax.inject-1.jar, /u/p23lam/hacking/MockAbstraction/Benchmarks/maven-maven-3.8.1/maven-core/mvn_dependencies/jsr250-api-1.0.jar, /u/p23lam/hacking/MockAbstraction/Benchmarks/maven-maven-3.8.1/maven-core/mvn_dependencies/jsr305-3.0.2.jar, /u/p23lam/hacking/MockAbstraction/Benchmarks/maven-maven-3.8.1/maven-core/mvn_dependencies/junit-4.12.jar, /u/p23lam/hacking/MockAbstraction/Benchmarks/maven-maven-3.8.1/maven-core/mvn_dependencies/maven-artifact-3.8.1.jar, /u/p23lam/hacking/MockAbstraction/Benchmarks/maven-maven-3.8.1/maven-core/mvn_dependencies/maven-builder-support-3.8.1.jar, /u/p23lam/hacking/MockAbstraction/Benchmarks/maven-maven-3.8.1/maven-core/mvn_dependencies/maven-model-3.8.1.jar, /u/p23lam/hacking/MockAbstraction/Benchmarks/maven-maven-3.8.1/maven-core/mvn_dependencies/maven-model-builder-3.8.1.jar, /u/p23lam/hacking/MockAbstraction/Benchmarks/maven-maven-3.8.1/maven-core/mvn_dependencies/maven-plugin-api-3.8.1.jar, /u/p23lam/hacking/MockAbstraction/Benchmarks/maven-maven-3.8.1/maven-core/mvn_dependencies/maven-repository-metadata-3.8.1.jar, /u/p23lam/hacking/MockAbstraction/Benchmarks/maven-maven-3.8.1/maven-core/mvn_dependencies/maven-resolver-api-1.6.2.jar, /u/p23lam/hacking/MockAbstraction/Benchmarks/maven-maven-3.8.1/maven-core/mvn_dependencies/maven-resolver-impl-1.6.2.jar, /u/p23lam/hacking/MockAbstraction/Benchmarks/maven-maven-3.8.1/maven-core/mvn_dependencies/maven-resolver-provider-3.8.1.jar, /u/p23lam/hacking/MockAbstraction/Benchmarks/maven-maven-3.8.1/maven-core/mvn_dependencies/maven-resolver-spi-1.6.2.jar, /u/p23lam/hacking/MockAbstraction/Benchmarks/maven-maven-3.8.1/maven-core/mvn_dependencies/maven-resolver-util-1.6.2.jar, /u/p23lam/hacking/MockAbstraction/Benchmarks/maven-maven-3.8.1/maven-core/mvn_dependencies/maven-settings-3.8.1.jar, /u/p23lam/hacking/MockAbstraction/Benchmarks/maven-maven-3.8.1/maven-core/mvn_dependencies/maven-settings-builder-3.8.1.jar, /u/p23lam/hacking/MockAbstraction/Benchmarks/maven-maven-3.8.1/maven-core/mvn_dependencies/maven-shared-utils-3.2.1.jar, /u/p23lam/hacking/MockAbstraction/Benchmarks/maven-maven-3.8.1/maven-core/mvn_dependencies/mockito-core-2.21.0.jar, /u/p23lam/hacking/MockAbstraction/Benchmarks/maven-maven-3.8.1/maven-core/mvn_dependencies/objenesis-2.6.jar, /u/p23lam/hacking/MockAbstraction/Benchmarks/maven-maven-3.8.1/maven-core/mvn_dependencies/org.eclipse.sisu.inject-0.3.4.jar, /u/p23lam/hacking/MockAbstraction/Benchmarks/maven-maven-3.8.1/maven-core/mvn_dependencies/org.eclipse.sisu.plexus-0.3.4.jar, /u/p23lam/hacking/MockAbstraction/Benchmarks/maven-maven-3.8.1/maven-core/mvn_dependencies/plexus-cipher-1.7.jar, /u/p23lam/hacking/MockAbstraction/Benchmarks/maven-maven-3.8.1/maven-core/mvn_dependencies/plexus-classworlds-2.6.0.jar, /u/p23lam/hacking/MockAbstraction/Benchmarks/maven-maven-3.8.1/maven-core/mvn_dependencies/plexus-component-annotations-2.1.0.jar, /u/p23lam/hacking/MockAbstraction/Benchmarks/maven-maven-3.8.1/maven-core/mvn_dependencies/plexus-interpolation-1.25.jar, /u/p23lam/hacking/MockAbstraction/Benchmarks/maven-maven-3.8.1/maven-core/mvn_dependencies/plexus-sec-dispatcher-1.4.jar, /u/p23lam/hacking/MockAbstraction/Benchmarks/maven-maven-3.8.1/maven-core/mvn_dependencies/plexus-utils-3.2.1.jar, /u/p23lam/hacking/MockAbstraction/Benchmarks/maven-maven-3.8.1/maven-core/mvn_dependencies/slf4j-api-1.7.29.jar
Libraries: 
Using a timeout of 90 min.
Adding extra logic file /u/p23lam/hacking/doop/souffle-logic/analyses/mocks/mocks.dl
[Task FACTS...]
[Task COMPILE...]
-- Fact Generation --
Using cached analysis executable /u/p23lam/hacking/doop/cache/souffle-analyses/context-insensitive/8a043083842efa3ea9ae6ebcc37ccc349e8c6da7092c67779981aac01df69a26
[Task COMPILE Done]
SOOT_FACT_GEN: Logging initialized, using directory: /u/p23lam/hacking/doop/build/logs
SOOT_FACT_GEN: SLF4J: Failed to load class "org.slf4j.impl.StaticLoggerBinder".
SOOT_FACT_GEN: SLF4J: Defaulting to no-operation (NOP) logger implementation
SOOT_FACT_GEN: SLF4J: See http://www.slf4j.org/codes.html#StaticLoggerBinder for further details.
SOOT_FACT_GEN: Preprocessing application: /u/p23lam/hacking/MockAbstraction/Benchmarks/maven-maven-3.8.1/maven-core/target/maven-core-3.8.1.jar
SOOT_FACT_GEN: Preprocessing application: /u/p23lam/hacking/MockAbstraction/Benchmarks/maven-maven-3.8.1/maven-core/target/maven-core-3.8.1-tests.jar
SOOT_FACT_GEN: Preprocessing application: /u/p23lam/hacking/MockAbstraction/Benchmarks/maven-maven-3.8.1/maven-core/mvn_dependencies/animal-sniffer-annotations-1.14.jar
SOOT_FACT_GEN: Preprocessing application: /u/p23lam/hacking/MockAbstraction/Benchmarks/maven-maven-3.8.1/maven-core/mvn_dependencies/aopalliance-1.0.jar
SOOT_FACT_GEN: Preprocessing application: /u/p23lam/hacking/MockAbstraction/Benchmarks/maven-maven-3.8.1/maven-core/mvn_dependencies/byte-buddy-1.8.15.jar
SOOT_FACT_GEN: Preprocessing application: /u/p23lam/hacking/MockAbstraction/Benchmarks/maven-maven-3.8.1/maven-core/mvn_dependencies/byte-buddy-agent-1.8.15.jar
SOOT_FACT_GEN: Preprocessing application: /u/p23lam/hacking/MockAbstraction/Benchmarks/maven-maven-3.8.1/maven-core/mvn_dependencies/cdi-api-1.0.jar
SOOT_FACT_GEN: Preprocessing application: /u/p23lam/hacking/MockAbstraction/Benchmarks/maven-maven-3.8.1/maven-core/mvn_dependencies/checker-compat-qual-2.0.0.jar
SOOT_FACT_GEN: Preprocessing application: /u/p23lam/hacking/MockAbstraction/Benchmarks/maven-maven-3.8.1/maven-core/mvn_dependencies/commons-io-2.5.jar
SOOT_FACT_GEN: Preprocessing application: /u/p23lam/hacking/MockAbstraction/Benchmarks/maven-maven-3.8.1/maven-core/mvn_dependencies/commons-jxpath-1.3.jar
SOOT_FACT_GEN: Preprocessing application: /u/p23lam/hacking/MockAbstraction/Benchmarks/maven-maven-3.8.1/maven-core/mvn_dependencies/commons-lang3-3.8.1.jar
SOOT_FACT_GEN: Preprocessing application: /u/p23lam/hacking/MockAbstraction/Benchmarks/maven-maven-3.8.1/maven-core/mvn_dependencies/error_prone_annotations-2.1.3.jar
SOOT_FACT_GEN: Preprocessing application: /u/p23lam/hacking/MockAbstraction/Benchmarks/maven-maven-3.8.1/maven-core/mvn_dependencies/guava-25.1-android.jar
SOOT_FACT_GEN: Preprocessing application: /u/p23lam/hacking/MockAbstraction/Benchmarks/maven-maven-3.8.1/maven-core/mvn_dependencies/guice-4.2.1-no_aop.jar
SOOT_FACT_GEN: Preprocessing application: /u/p23lam/hacking/MockAbstraction/Benchmarks/maven-maven-3.8.1/maven-core/mvn_dependencies/hamcrest-core-1.3.jar
SOOT_FACT_GEN: Preprocessing application: /u/p23lam/hacking/MockAbstraction/Benchmarks/maven-maven-3.8.1/maven-core/mvn_dependencies/hamcrest-library-1.3.jar
SOOT_FACT_GEN: Preprocessing application: /u/p23lam/hacking/MockAbstraction/Benchmarks/maven-maven-3.8.1/maven-core/mvn_dependencies/j2objc-annotations-1.1.jar
SOOT_FACT_GEN: Preprocessing application: /u/p23lam/hacking/MockAbstraction/Benchmarks/maven-maven-3.8.1/maven-core/mvn_dependencies/javax.inject-1.jar
SOOT_FACT_GEN: Preprocessing application: /u/p23lam/hacking/MockAbstraction/Benchmarks/maven-maven-3.8.1/maven-core/mvn_dependencies/jsr250-api-1.0.jar
SOOT_FACT_GEN: Preprocessing application: /u/p23lam/hacking/MockAbstraction/Benchmarks/maven-maven-3.8.1/maven-core/mvn_dependencies/jsr305-3.0.2.jar
SOOT_FACT_GEN: Preprocessing application: /u/p23lam/hacking/MockAbstraction/Benchmarks/maven-maven-3.8.1/maven-core/mvn_dependencies/junit-4.12.jar
SOOT_FACT_GEN: Preprocessing application: /u/p23lam/hacking/MockAbstraction/Benchmarks/maven-maven-3.8.1/maven-core/mvn_dependencies/maven-artifact-3.8.1.jar
SOOT_FACT_GEN: Preprocessing application: /u/p23lam/hacking/MockAbstraction/Benchmarks/maven-maven-3.8.1/maven-core/mvn_dependencies/maven-builder-support-3.8.1.jar
SOOT_FACT_GEN: Preprocessing application: /u/p23lam/hacking/MockAbstraction/Benchmarks/maven-maven-3.8.1/maven-core/mvn_dependencies/maven-model-3.8.1.jar
SOOT_FACT_GEN: Preprocessing application: /u/p23lam/hacking/MockAbstraction/Benchmarks/maven-maven-3.8.1/maven-core/mvn_dependencies/maven-model-builder-3.8.1.jar
SOOT_FACT_GEN: Preprocessing application: /u/p23lam/hacking/MockAbstraction/Benchmarks/maven-maven-3.8.1/maven-core/mvn_dependencies/maven-plugin-api-3.8.1.jar
SOOT_FACT_GEN: Preprocessing application: /u/p23lam/hacking/MockAbstraction/Benchmarks/maven-maven-3.8.1/maven-core/mvn_dependencies/maven-repository-metadata-3.8.1.jar
SOOT_FACT_GEN: Preprocessing application: /u/p23lam/hacking/MockAbstraction/Benchmarks/maven-maven-3.8.1/maven-core/mvn_dependencies/maven-resolver-api-1.6.2.jar
SOOT_FACT_GEN: Preprocessing application: /u/p23lam/hacking/MockAbstraction/Benchmarks/maven-maven-3.8.1/maven-core/mvn_dependencies/maven-resolver-impl-1.6.2.jar
SOOT_FACT_GEN: Preprocessing application: /u/p23lam/hacking/MockAbstraction/Benchmarks/maven-maven-3.8.1/maven-core/mvn_dependencies/maven-resolver-provider-3.8.1.jar
SOOT_FACT_GEN: Preprocessing application: /u/p23lam/hacking/MockAbstraction/Benchmarks/maven-maven-3.8.1/maven-core/mvn_dependencies/maven-resolver-spi-1.6.2.jar
SOOT_FACT_GEN: Preprocessing application: /u/p23lam/hacking/MockAbstraction/Benchmarks/maven-maven-3.8.1/maven-core/mvn_dependencies/maven-resolver-util-1.6.2.jar
SOOT_FACT_GEN: Preprocessing application: /u/p23lam/hacking/MockAbstraction/Benchmarks/maven-maven-3.8.1/maven-core/mvn_dependencies/maven-settings-3.8.1.jar
SOOT_FACT_GEN: Preprocessing application: /u/p23lam/hacking/MockAbstraction/Benchmarks/maven-maven-3.8.1/maven-core/mvn_dependencies/maven-settings-builder-3.8.1.jar
SOOT_FACT_GEN: Preprocessing application: /u/p23lam/hacking/MockAbstraction/Benchmarks/maven-maven-3.8.1/maven-core/mvn_dependencies/maven-shared-utils-3.2.1.jar
SOOT_FACT_GEN: Preprocessing application: /u/p23lam/hacking/MockAbstraction/Benchmarks/maven-maven-3.8.1/maven-core/mvn_dependencies/mockito-core-2.21.0.jar
SOOT_FACT_GEN: Preprocessing application: /u/p23lam/hacking/MockAbstraction/Benchmarks/maven-maven-3.8.1/maven-core/mvn_dependencies/objenesis-2.6.jar
SOOT_FACT_GEN: Preprocessing application: /u/p23lam/hacking/MockAbstraction/Benchmarks/maven-maven-3.8.1/maven-core/mvn_dependencies/org.eclipse.sisu.inject-0.3.4.jar
SOOT_FACT_GEN: Preprocessing application: /u/p23lam/hacking/MockAbstraction/Benchmarks/maven-maven-3.8.1/maven-core/mvn_dependencies/org.eclipse.sisu.plexus-0.3.4.jar
SOOT_FACT_GEN: Preprocessing application: /u/p23lam/hacking/MockAbstraction/Benchmarks/maven-maven-3.8.1/maven-core/mvn_dependencies/plexus-cipher-1.7.jar
SOOT_FACT_GEN: Preprocessing application: /u/p23lam/hacking/MockAbstraction/Benchmarks/maven-maven-3.8.1/maven-core/mvn_dependencies/plexus-classworlds-2.6.0.jar
SOOT_FACT_GEN: Preprocessing application: /u/p23lam/hacking/MockAbstraction/Benchmarks/maven-maven-3.8.1/maven-core/mvn_dependencies/plexus-component-annotations-2.1.0.jar
SOOT_FACT_GEN: Preprocessing application: /u/p23lam/hacking/MockAbstraction/Benchmarks/maven-maven-3.8.1/maven-core/mvn_dependencies/plexus-interpolation-1.25.jar
SOOT_FACT_GEN: Preprocessing application: /u/p23lam/hacking/MockAbstraction/Benchmarks/maven-maven-3.8.1/maven-core/mvn_dependencies/plexus-sec-dispatcher-1.4.jar
SOOT_FACT_GEN: Preprocessing application: /u/p23lam/hacking/MockAbstraction/Benchmarks/maven-maven-3.8.1/maven-core/mvn_dependencies/plexus-utils-3.2.1.jar
SOOT_FACT_GEN: Preprocessing application: /u/p23lam/hacking/MockAbstraction/Benchmarks/maven-maven-3.8.1/maven-core/mvn_dependencies/slf4j-api-1.7.29.jar
SOOT_FACT_GEN: Preprocessing platform library: /u/p23lam/hacking/doop/build/tmp/rt_15583213206825484261.jar
SOOT_FACT_GEN: Preprocessing platform library: /u/p23lam/hacking/doop/build/tmp/jce_6027655089251291025.jar
SOOT_FACT_GEN: Preprocessing platform library: /u/p23lam/hacking/doop/build/tmp/jsse_691752739664671701.jar
SOOT_FACT_GEN: Adding archive: /u/p23lam/hacking/MockAbstraction/Benchmarks/maven-maven-3.8.1/maven-core/target/maven-core-3.8.1.jar
SOOT_FACT_GEN: Adding archive: /u/p23lam/hacking/MockAbstraction/Benchmarks/maven-maven-3.8.1/maven-core/target/maven-core-3.8.1-tests.jar
SOOT_FACT_GEN: Adding archive: /u/p23lam/hacking/MockAbstraction/Benchmarks/maven-maven-3.8.1/maven-core/mvn_dependencies/animal-sniffer-annotations-1.14.jar
SOOT_FACT_GEN: Adding archive: /u/p23lam/hacking/MockAbstraction/Benchmarks/maven-maven-3.8.1/maven-core/mvn_dependencies/aopalliance-1.0.jar
SOOT_FACT_GEN: Adding archive: /u/p23lam/hacking/MockAbstraction/Benchmarks/maven-maven-3.8.1/maven-core/mvn_dependencies/byte-buddy-1.8.15.jar
SOOT_FACT_GEN: Adding archive: /u/p23lam/hacking/MockAbstraction/Benchmarks/maven-maven-3.8.1/maven-core/mvn_dependencies/byte-buddy-agent-1.8.15.jar
SOOT_FACT_GEN: Adding archive: /u/p23lam/hacking/MockAbstraction/Benchmarks/maven-maven-3.8.1/maven-core/mvn_dependencies/cdi-api-1.0.jar
SOOT_FACT_GEN: Adding archive: /u/p23lam/hacking/MockAbstraction/Benchmarks/maven-maven-3.8.1/maven-core/mvn_dependencies/checker-compat-qual-2.0.0.jar
SOOT_FACT_GEN: Adding archive: /u/p23lam/hacking/MockAbstraction/Benchmarks/maven-maven-3.8.1/maven-core/mvn_dependencies/commons-io-2.5.jar
SOOT_FACT_GEN: Adding archive: /u/p23lam/hacking/MockAbstraction/Benchmarks/maven-maven-3.8.1/maven-core/mvn_dependencies/commons-jxpath-1.3.jar
SOOT_FACT_GEN: Adding archive: /u/p23lam/hacking/MockAbstraction/Benchmarks/maven-maven-3.8.1/maven-core/mvn_dependencies/commons-lang3-3.8.1.jar
SOOT_FACT_GEN: Adding archive: /u/p23lam/hacking/MockAbstraction/Benchmarks/maven-maven-3.8.1/maven-core/mvn_dependencies/error_prone_annotations-2.1.3.jar
SOOT_FACT_GEN: Adding archive: /u/p23lam/hacking/MockAbstraction/Benchmarks/maven-maven-3.8.1/maven-core/mvn_dependencies/guava-25.1-android.jar
SOOT_FACT_GEN: Adding archive: /u/p23lam/hacking/MockAbstraction/Benchmarks/maven-maven-3.8.1/maven-core/mvn_dependencies/guice-4.2.1-no_aop.jar
SOOT_FACT_GEN: Adding archive: /u/p23lam/hacking/MockAbstraction/Benchmarks/maven-maven-3.8.1/maven-core/mvn_dependencies/hamcrest-core-1.3.jar
SOOT_FACT_GEN: Adding archive: /u/p23lam/hacking/MockAbstraction/Benchmarks/maven-maven-3.8.1/maven-core/mvn_dependencies/hamcrest-library-1.3.jar
SOOT_FACT_GEN: Adding archive: /u/p23lam/hacking/MockAbstraction/Benchmarks/maven-maven-3.8.1/maven-core/mvn_dependencies/j2objc-annotations-1.1.jar
SOOT_FACT_GEN: Adding archive: /u/p23lam/hacking/MockAbstraction/Benchmarks/maven-maven-3.8.1/maven-core/mvn_dependencies/javax.inject-1.jar
SOOT_FACT_GEN: Adding archive: /u/p23lam/hacking/MockAbstraction/Benchmarks/maven-maven-3.8.1/maven-core/mvn_dependencies/jsr250-api-1.0.jar
SOOT_FACT_GEN: Adding archive: /u/p23lam/hacking/MockAbstraction/Benchmarks/maven-maven-3.8.1/maven-core/mvn_dependencies/jsr305-3.0.2.jar
SOOT_FACT_GEN: Adding archive: /u/p23lam/hacking/MockAbstraction/Benchmarks/maven-maven-3.8.1/maven-core/mvn_dependencies/junit-4.12.jar
SOOT_FACT_GEN: Adding archive: /u/p23lam/hacking/MockAbstraction/Benchmarks/maven-maven-3.8.1/maven-core/mvn_dependencies/maven-artifact-3.8.1.jar
SOOT_FACT_GEN: Adding archive: /u/p23lam/hacking/MockAbstraction/Benchmarks/maven-maven-3.8.1/maven-core/mvn_dependencies/maven-builder-support-3.8.1.jar
SOOT_FACT_GEN: Adding archive: /u/p23lam/hacking/MockAbstraction/Benchmarks/maven-maven-3.8.1/maven-core/mvn_dependencies/maven-model-3.8.1.jar
SOOT_FACT_GEN: Adding archive: /u/p23lam/hacking/MockAbstraction/Benchmarks/maven-maven-3.8.1/maven-core/mvn_dependencies/maven-model-builder-3.8.1.jar
SOOT_FACT_GEN: Adding archive: /u/p23lam/hacking/MockAbstraction/Benchmarks/maven-maven-3.8.1/maven-core/mvn_dependencies/maven-plugin-api-3.8.1.jar
SOOT_FACT_GEN: Adding archive: /u/p23lam/hacking/MockAbstraction/Benchmarks/maven-maven-3.8.1/maven-core/mvn_dependencies/maven-repository-metadata-3.8.1.jar
SOOT_FACT_GEN: Adding archive: /u/p23lam/hacking/MockAbstraction/Benchmarks/maven-maven-3.8.1/maven-core/mvn_dependencies/maven-resolver-api-1.6.2.jar
SOOT_FACT_GEN: Adding archive: /u/p23lam/hacking/MockAbstraction/Benchmarks/maven-maven-3.8.1/maven-core/mvn_dependencies/maven-resolver-impl-1.6.2.jar
SOOT_FACT_GEN: Adding archive: /u/p23lam/hacking/MockAbstraction/Benchmarks/maven-maven-3.8.1/maven-core/mvn_dependencies/maven-resolver-provider-3.8.1.jar
SOOT_FACT_GEN: Adding archive: /u/p23lam/hacking/MockAbstraction/Benchmarks/maven-maven-3.8.1/maven-core/mvn_dependencies/maven-resolver-spi-1.6.2.jar
SOOT_FACT_GEN: Adding archive: /u/p23lam/hacking/MockAbstraction/Benchmarks/maven-maven-3.8.1/maven-core/mvn_dependencies/maven-resolver-util-1.6.2.jar
SOOT_FACT_GEN: Adding archive: /u/p23lam/hacking/MockAbstraction/Benchmarks/maven-maven-3.8.1/maven-core/mvn_dependencies/maven-settings-3.8.1.jar
SOOT_FACT_GEN: Adding archive: /u/p23lam/hacking/MockAbstraction/Benchmarks/maven-maven-3.8.1/maven-core/mvn_dependencies/maven-settings-builder-3.8.1.jar
SOOT_FACT_GEN: Adding archive: /u/p23lam/hacking/MockAbstraction/Benchmarks/maven-maven-3.8.1/maven-core/mvn_dependencies/maven-shared-utils-3.2.1.jar
SOOT_FACT_GEN: Adding archive: /u/p23lam/hacking/MockAbstraction/Benchmarks/maven-maven-3.8.1/maven-core/mvn_dependencies/mockito-core-2.21.0.jar
SOOT_FACT_GEN: Adding archive: /u/p23lam/hacking/MockAbstraction/Benchmarks/maven-maven-3.8.1/maven-core/mvn_dependencies/objenesis-2.6.jar
SOOT_FACT_GEN: Adding archive: /u/p23lam/hacking/MockAbstraction/Benchmarks/maven-maven-3.8.1/maven-core/mvn_dependencies/org.eclipse.sisu.inject-0.3.4.jar
SOOT_FACT_GEN: Adding archive: /u/p23lam/hacking/MockAbstraction/Benchmarks/maven-maven-3.8.1/maven-core/mvn_dependencies/org.eclipse.sisu.plexus-0.3.4.jar
SOOT_FACT_GEN: Adding archive: /u/p23lam/hacking/MockAbstraction/Benchmarks/maven-maven-3.8.1/maven-core/mvn_dependencies/plexus-cipher-1.7.jar
SOOT_FACT_GEN: Adding archive: /u/p23lam/hacking/MockAbstraction/Benchmarks/maven-maven-3.8.1/maven-core/mvn_dependencies/plexus-classworlds-2.6.0.jar
SOOT_FACT_GEN: Adding archive: /u/p23lam/hacking/MockAbstraction/Benchmarks/maven-maven-3.8.1/maven-core/mvn_dependencies/plexus-component-annotations-2.1.0.jar
SOOT_FACT_GEN: Adding archive: /u/p23lam/hacking/MockAbstraction/Benchmarks/maven-maven-3.8.1/maven-core/mvn_dependencies/plexus-interpolation-1.25.jar
SOOT_FACT_GEN: Adding archive: /u/p23lam/hacking/MockAbstraction/Benchmarks/maven-maven-3.8.1/maven-core/mvn_dependencies/plexus-sec-dispatcher-1.4.jar
SOOT_FACT_GEN: Adding archive: /u/p23lam/hacking/MockAbstraction/Benchmarks/maven-maven-3.8.1/maven-core/mvn_dependencies/plexus-utils-3.2.1.jar
SOOT_FACT_GEN: Adding archive: /u/p23lam/hacking/MockAbstraction/Benchmarks/maven-maven-3.8.1/maven-core/mvn_dependencies/slf4j-api-1.7.29.jar
SOOT_FACT_GEN: Adding archive for resolving: /u/p23lam/hacking/doop/build/tmp/rt_15583213206825484261.jar
SOOT_FACT_GEN: Adding archive for resolving: /u/p23lam/hacking/doop/build/tmp/jce_6027655089251291025.jar
SOOT_FACT_GEN: Adding archive for resolving: /u/p23lam/hacking/doop/build/tmp/jsse_691752739664671701.jar
SOOT_FACT_GEN: Classes in input (application) jar(s): 8140
SOOT_FACT_GEN: Total classes in Scene: 15629
SOOT_FACT_GEN: Retrieved all bodies (time: 62)
SOOT_FACT_GEN: Fact generation cores: 32
SOOT_FACT_GEN: WARNING: some classes were not resolved, consider using thorough fact generation or adding them manually via --also-resolve: [java.beans.Customizer, javax.sound.sampled.Port, java.awt.dnd.MouseDragGestureRecognizer, com.sun.beans.editors.BooleanEditor, sun.util.locale.provider.HostLocaleProviderAdapterImpl, com.sun.management.GarbageCollectorMXBean, com.sun.beans.editors.LongEditor, com.sun.beans.editors.DoubleEditor, com.sun.beans.editors.ByteEditor, com.sun.beans.editors.FloatEditor, com.sun.beans.editors.IntegerEditor, com.sun.beans.editors.ShortEditor]
SOOT_FACT_GEN: Found 537 phantom references. Rerun with '--report-phantoms' for more details.
SOOT_FACT_GEN: Methods without active bodies encountered (and reset): 0
Soot fact generation time: 119
Caching facts in /u/p23lam/hacking/doop/cache/7e3b8304c03cb5deb59c6b84ece80025471bc6717268f9765e0104c76b0b8f
Copying /u/p23lam/hacking/doop/out/maven-maven-3.8.1-context-insensitive-NORMAL/database to /u/p23lam/hacking/doop/cache/7e3b8304c03cb5deb59c6b84ece80025471bc6717268f9765e0104c76b0b8f...
----
[Task FACTS Done]
Using /usr/bin/time to gather performance statistics...
Running analysis
1255.36user 55.93system 3:08.27elapsed 696%CPU (0avgtext+0avgdata 4167224maxresident)k
11992inputs+45400016outputs (2major+5426242minor)pagefaults 0swaps
Analysis execution time (sec): 188
-- Runtime metrics --
analysis compilation time (sec)                                                  0
analysis execution time (sec)                                                    188
disk footprint (KB)                                                              24,747,935
fact generation time (sec)                                                       119
-- Statistics --
var points-to (INS)                                                              11,629,305
var points-to (SENS)                                                             11,629,305
reachable variables (INS)                                                        154,543
reachable variables (SENS)                                                       154,543
reachable methods (INS)                                                          17,909
reachable methods (SENS)                                                         17,909
total methods                                                                    128,610
virtual call sites (statically)                                                  250,473
reachable virtual call sites                                                     42,432
polymorphic virtual call sites                                                   3,027
null virtual call sites                                                          9,645
empty virtual call sites                                                         2,253
app virtual call sites (statically)                                              111,598
app reachable virtual call sites                                                 18,360
app polymorphic virtual call sites                                               1,316
app null virtual call sites                                                      3,561
app empty reachable virtual call sites                                           1,512
array index points-to (INS)                                                      337,402
array index points-to (SENS)                                                     337,402
casts (statically)                                                               34,826
reachable casts                                                                  3,055
reachable casts that may fail                                                    2,444
app casts (statically)                                                           13,478
app reachable casts                                                              1,302
app reachable casts that may fail                                                1,032
app reachable methods                                                            7,231
app concrete methods                                                             52,948
instance field points-to (INS)                                                   817,341
instance field points-to (SENS)                                                  817,341
static field points-to (INS)                                                     4,661
static field points-to (SENS)                                                    4,661
app var points-to (INS)                                                          5,566,001
app var points-to (SENS)                                                         5,566,001
java.util var points-to (INS)                                                    3,260,324
java.util var points-to (SENS)                                                   3,260,324
app array index points-to (INS)                                                  270,951
app array index points-to (SENS)                                                 270,951
mock objects                                                                     0
mock objects for receivers                                                       0
mock objects for arg                                                             0
forced-reachable formals that could not be mocked                                0
app instance field points-to (INS)                                               390,195
app instance field points-to (SENS)                                              390,195
call graph edges (INS)                                                           115,925
call graph edges (SENS)                                                          115,925
non-reachable app concrete methods                                               45,725
Making database available at /u/p23lam/hacking/doop/results/maven-core-3.8.1/context-insensitive/java_8/maven-maven-3.8.1-context-insensitive-NORMAL
Making database available at /u/p23lam/hacking/doop/last-analysis

Deprecated Gradle features were used in this build, making it incompatible with Gradle 8.0.

You can use '--warning-mode all' to show the individual deprecation warnings and determine if they come from your own scripts or plugins.

See https://docs.gradle.org/7.3.3/userguide/command_line_interface.html#sec:command_line_warnings

BUILD SUCCESSFUL in 5m 37s
24 actionable tasks: 12 executed, 12 up-to-date
