> Task :generators:code-processor:generateGrammarSource UP-TO-DATE
> Task :generators:code-processor:compileJava UP-TO-DATE
> Task :generators:code-processor:compileGroovy UP-TO-DATE
> Task :generators:code-processor:processResources NO-SOURCE
> Task :generators:code-processor:classes UP-TO-DATE
> Task :generators:code-processor:jar UP-TO-DATE
> Task :generators:fact-generator-common:compileJava UP-TO-DATE
> Task :generators:fact-generator-common:processResources NO-SOURCE
> Task :generators:fact-generator-common:classes UP-TO-DATE
> Task :generators:fact-generator-common:shadowJar UP-TO-DATE
> Task :compileJava UP-TO-DATE
> Task :compileGroovy UP-TO-DATE
> Task :resolveApktool
> Task :generators:dex-fact-generator:compileJava UP-TO-DATE
> Task :generators:dex-fact-generator:processResources NO-SOURCE
> Task :generators:dex-fact-generator:classes UP-TO-DATE
> Task :generators:dex-fact-generator:jar
> Task :generators:dex-fact-generator:fatJar
> Task :generators:dex-fact-generator:installJar
> Task :generators:soot-fact-generator:compileJava UP-TO-DATE
> Task :generators:soot-fact-generator:compileGroovy NO-SOURCE
> Task :generators:soot-fact-generator:processResources NO-SOURCE
> Task :generators:soot-fact-generator:classes UP-TO-DATE
> Task :generators:soot-fact-generator:jar
> Task :generators:soot-fact-generator:fatJar
> Task :generators:soot-fact-generator:installJar
> Task :generators:wala-fact-generator:compileJava UP-TO-DATE
> Task :generators:wala-fact-generator:processResources UP-TO-DATE
> Task :generators:wala-fact-generator:classes UP-TO-DATE
> Task :generators:wala-fact-generator:jar
> Task :generators:wala-fact-generator:fatJar
> Task :generators:wala-fact-generator:installJar
> Task :resourceInstaller
> Task :processResources
> Task :classes
> Task :writeGitCommitHash UP-TO-DATE

> Task :run
WARNING: Default statistics are not compatible with analysis 'basic-only', disabling statistics logic.
Main class(es) expanded with [org.apache.maven.RootDriver]
WARNING: Handling of Java reflection is disabled!
New basic-only analysis
Id       : maven-maven-3.8.1-basic-only-NORMAL
Inputs   : /u/p23lam/hacking/MockAbstraction/Benchmarks/maven-maven-3.8.1/maven-core/target/maven-core-3.8.1.jar, /u/p23lam/hacking/MockAbstraction/Benchmarks/maven-maven-3.8.1/maven-core/target/maven-core-3.8.1-tests.jar, /u/p23lam/hacking/MockAbstraction/Benchmarks/maven-maven-3.8.1/maven-core/mvn_dependencies/animal-sniffer-annotations-1.14.jar, /u/p23lam/hacking/MockAbstraction/Benchmarks/maven-maven-3.8.1/maven-core/mvn_dependencies/aopalliance-1.0.jar, /u/p23lam/hacking/MockAbstraction/Benchmarks/maven-maven-3.8.1/maven-core/mvn_dependencies/byte-buddy-1.8.15.jar, /u/p23lam/hacking/MockAbstraction/Benchmarks/maven-maven-3.8.1/maven-core/mvn_dependencies/byte-buddy-agent-1.8.15.jar, /u/p23lam/hacking/MockAbstraction/Benchmarks/maven-maven-3.8.1/maven-core/mvn_dependencies/cdi-api-1.0.jar, /u/p23lam/hacking/MockAbstraction/Benchmarks/maven-maven-3.8.1/maven-core/mvn_dependencies/checker-compat-qual-2.0.0.jar, /u/p23lam/hacking/MockAbstraction/Benchmarks/maven-maven-3.8.1/maven-core/mvn_dependencies/commons-io-2.5.jar, /u/p23lam/hacking/MockAbstraction/Benchmarks/maven-maven-3.8.1/maven-core/mvn_dependencies/commons-jxpath-1.3.jar, /u/p23lam/hacking/MockAbstraction/Benchmarks/maven-maven-3.8.1/maven-core/mvn_dependencies/commons-lang3-3.8.1.jar, /u/p23lam/hacking/MockAbstraction/Benchmarks/maven-maven-3.8.1/maven-core/mvn_dependencies/error_prone_annotations-2.1.3.jar, /u/p23lam/hacking/MockAbstraction/Benchmarks/maven-maven-3.8.1/maven-core/mvn_dependencies/guava-25.1-android.jar, /u/p23lam/hacking/MockAbstraction/Benchmarks/maven-maven-3.8.1/maven-core/mvn_dependencies/guice-4.2.1-no_aop.jar, /u/p23lam/hacking/MockAbstraction/Benchmarks/maven-maven-3.8.1/maven-core/mvn_dependencies/hamcrest-core-1.3.jar, /u/p23lam/hacking/MockAbstraction/Benchmarks/maven-maven-3.8.1/maven-core/mvn_dependencies/hamcrest-library-1.3.jar, /u/p23lam/hacking/MockAbstraction/Benchmarks/maven-maven-3.8.1/maven-core/mvn_dependencies/j2objc-annotations-1.1.jar, /u/p23lam/hacking/MockAbstraction/Benchmarks/maven-maven-3.8.1/maven-core/mvn_dependencies/javax.inject-1.jar, /u/p23lam/hacking/MockAbstraction/Benchmarks/maven-maven-3.8.1/maven-core/mvn_dependencies/jsr250-api-1.0.jar, /u/p23lam/hacking/MockAbstraction/Benchmarks/maven-maven-3.8.1/maven-core/mvn_dependencies/jsr305-3.0.2.jar, /u/p23lam/hacking/MockAbstraction/Benchmarks/maven-maven-3.8.1/maven-core/mvn_dependencies/junit-4.12.jar, /u/p23lam/hacking/MockAbstraction/Benchmarks/maven-maven-3.8.1/maven-core/mvn_dependencies/maven-artifact-3.8.1.jar, /u/p23lam/hacking/MockAbstraction/Benchmarks/maven-maven-3.8.1/maven-core/mvn_dependencies/maven-builder-support-3.8.1.jar, /u/p23lam/hacking/MockAbstraction/Benchmarks/maven-maven-3.8.1/maven-core/mvn_dependencies/maven-model-3.8.1.jar, /u/p23lam/hacking/MockAbstraction/Benchmarks/maven-maven-3.8.1/maven-core/mvn_dependencies/maven-model-builder-3.8.1.jar, /u/p23lam/hacking/MockAbstraction/Benchmarks/maven-maven-3.8.1/maven-core/mvn_dependencies/maven-plugin-api-3.8.1.jar, /u/p23lam/hacking/MockAbstraction/Benchmarks/maven-maven-3.8.1/maven-core/mvn_dependencies/maven-repository-metadata-3.8.1.jar, /u/p23lam/hacking/MockAbstraction/Benchmarks/maven-maven-3.8.1/maven-core/mvn_dependencies/maven-resolver-api-1.6.2.jar, /u/p23lam/hacking/MockAbstraction/Benchmarks/maven-maven-3.8.1/maven-core/mvn_dependencies/maven-resolver-impl-1.6.2.jar, /u/p23lam/hacking/MockAbstraction/Benchmarks/maven-maven-3.8.1/maven-core/mvn_dependencies/maven-resolver-provider-3.8.1.jar, /u/p23lam/hacking/MockAbstraction/Benchmarks/maven-maven-3.8.1/maven-core/mvn_dependencies/maven-resolver-spi-1.6.2.jar, /u/p23lam/hacking/MockAbstraction/Benchmarks/maven-maven-3.8.1/maven-core/mvn_dependencies/maven-resolver-util-1.6.2.jar, /u/p23lam/hacking/MockAbstraction/Benchmarks/maven-maven-3.8.1/maven-core/mvn_dependencies/maven-settings-3.8.1.jar, /u/p23lam/hacking/MockAbstraction/Benchmarks/maven-maven-3.8.1/maven-core/mvn_dependencies/maven-settings-builder-3.8.1.jar, /u/p23lam/hacking/MockAbstraction/Benchmarks/maven-maven-3.8.1/maven-core/mvn_dependencies/maven-shared-utils-3.2.1.jar, /u/p23lam/hacking/MockAbstraction/Benchmarks/maven-maven-3.8.1/maven-core/mvn_dependencies/mockito-core-2.21.0.jar, /u/p23lam/hacking/MockAbstraction/Benchmarks/maven-maven-3.8.1/maven-core/mvn_dependencies/objenesis-2.6.jar, /u/p23lam/hacking/MockAbstraction/Benchmarks/maven-maven-3.8.1/maven-core/mvn_dependencies/org.eclipse.sisu.inject-0.3.4.jar, /u/p23lam/hacking/MockAbstraction/Benchmarks/maven-maven-3.8.1/maven-core/mvn_dependencies/org.eclipse.sisu.plexus-0.3.4.jar, /u/p23lam/hacking/MockAbstraction/Benchmarks/maven-maven-3.8.1/maven-core/mvn_dependencies/plexus-cipher-1.7.jar, /u/p23lam/hacking/MockAbstraction/Benchmarks/maven-maven-3.8.1/maven-core/mvn_dependencies/plexus-classworlds-2.6.0.jar, /u/p23lam/hacking/MockAbstraction/Benchmarks/maven-maven-3.8.1/maven-core/mvn_dependencies/plexus-component-annotations-2.1.0.jar, /u/p23lam/hacking/MockAbstraction/Benchmarks/maven-maven-3.8.1/maven-core/mvn_dependencies/plexus-interpolation-1.25.jar, /u/p23lam/hacking/MockAbstraction/Benchmarks/maven-maven-3.8.1/maven-core/mvn_dependencies/plexus-sec-dispatcher-1.4.jar, /u/p23lam/hacking/MockAbstraction/Benchmarks/maven-maven-3.8.1/maven-core/mvn_dependencies/plexus-utils-3.2.1.jar, /u/p23lam/hacking/MockAbstraction/Benchmarks/maven-maven-3.8.1/maven-core/mvn_dependencies/slf4j-api-1.7.29.jar
Libraries: 
Using a timeout of 90 min.
Adding extra logic file /u/p23lam/hacking/doop/souffle-logic/analyses/mocks/mocks.dl
[Task FACTS...]
[Task COMPILE...]
-- Fact Generation --
Using cached analysis executable /u/p23lam/hacking/doop/cache/souffle-analyses/basic-only/29af9b585d3172c1740f5fc8ca492e0dbf8fe8c1cd3393256a2d9945e45af8fa
[Task COMPILE Done]
SOOT_FACT_GEN: Logging initialized, using directory: /u/p23lam/hacking/doop/build/logs
SOOT_FACT_GEN: SLF4J: Failed to load class "org.slf4j.impl.StaticLoggerBinder".
SOOT_FACT_GEN: SLF4J: Defaulting to no-operation (NOP) logger implementation
SOOT_FACT_GEN: SLF4J: See http://www.slf4j.org/codes.html#StaticLoggerBinder for further details.
SOOT_FACT_GEN: Preprocessing application: /u/p23lam/hacking/MockAbstraction/Benchmarks/maven-maven-3.8.1/maven-core/target/maven-core-3.8.1.jar
SOOT_FACT_GEN: Preprocessing application: /u/p23lam/hacking/MockAbstraction/Benchmarks/maven-maven-3.8.1/maven-core/target/maven-core-3.8.1-tests.jar
SOOT_FACT_GEN: Preprocessing application: /u/p23lam/hacking/MockAbstraction/Benchmarks/maven-maven-3.8.1/maven-core/mvn_dependencies/animal-sniffer-annotations-1.14.jar
SOOT_FACT_GEN: Preprocessing application: /u/p23lam/hacking/MockAbstraction/Benchmarks/maven-maven-3.8.1/maven-core/mvn_dependencies/aopalliance-1.0.jar
SOOT_FACT_GEN: Preprocessing application: /u/p23lam/hacking/MockAbstraction/Benchmarks/maven-maven-3.8.1/maven-core/mvn_dependencies/byte-buddy-1.8.15.jar
SOOT_FACT_GEN: Preprocessing application: /u/p23lam/hacking/MockAbstraction/Benchmarks/maven-maven-3.8.1/maven-core/mvn_dependencies/byte-buddy-agent-1.8.15.jar
SOOT_FACT_GEN: Preprocessing application: /u/p23lam/hacking/MockAbstraction/Benchmarks/maven-maven-3.8.1/maven-core/mvn_dependencies/cdi-api-1.0.jar
SOOT_FACT_GEN: Preprocessing application: /u/p23lam/hacking/MockAbstraction/Benchmarks/maven-maven-3.8.1/maven-core/mvn_dependencies/checker-compat-qual-2.0.0.jar
SOOT_FACT_GEN: Preprocessing application: /u/p23lam/hacking/MockAbstraction/Benchmarks/maven-maven-3.8.1/maven-core/mvn_dependencies/commons-io-2.5.jar
SOOT_FACT_GEN: Preprocessing application: /u/p23lam/hacking/MockAbstraction/Benchmarks/maven-maven-3.8.1/maven-core/mvn_dependencies/commons-jxpath-1.3.jar
SOOT_FACT_GEN: Preprocessing application: /u/p23lam/hacking/MockAbstraction/Benchmarks/maven-maven-3.8.1/maven-core/mvn_dependencies/commons-lang3-3.8.1.jar
SOOT_FACT_GEN: Preprocessing application: /u/p23lam/hacking/MockAbstraction/Benchmarks/maven-maven-3.8.1/maven-core/mvn_dependencies/error_prone_annotations-2.1.3.jar
SOOT_FACT_GEN: Preprocessing application: /u/p23lam/hacking/MockAbstraction/Benchmarks/maven-maven-3.8.1/maven-core/mvn_dependencies/guava-25.1-android.jar
SOOT_FACT_GEN: Preprocessing application: /u/p23lam/hacking/MockAbstraction/Benchmarks/maven-maven-3.8.1/maven-core/mvn_dependencies/guice-4.2.1-no_aop.jar
SOOT_FACT_GEN: Preprocessing application: /u/p23lam/hacking/MockAbstraction/Benchmarks/maven-maven-3.8.1/maven-core/mvn_dependencies/hamcrest-core-1.3.jar
SOOT_FACT_GEN: Preprocessing application: /u/p23lam/hacking/MockAbstraction/Benchmarks/maven-maven-3.8.1/maven-core/mvn_dependencies/hamcrest-library-1.3.jar
SOOT_FACT_GEN: Preprocessing application: /u/p23lam/hacking/MockAbstraction/Benchmarks/maven-maven-3.8.1/maven-core/mvn_dependencies/j2objc-annotations-1.1.jar
SOOT_FACT_GEN: Preprocessing application: /u/p23lam/hacking/MockAbstraction/Benchmarks/maven-maven-3.8.1/maven-core/mvn_dependencies/javax.inject-1.jar
SOOT_FACT_GEN: Preprocessing application: /u/p23lam/hacking/MockAbstraction/Benchmarks/maven-maven-3.8.1/maven-core/mvn_dependencies/jsr250-api-1.0.jar
SOOT_FACT_GEN: Preprocessing application: /u/p23lam/hacking/MockAbstraction/Benchmarks/maven-maven-3.8.1/maven-core/mvn_dependencies/jsr305-3.0.2.jar
SOOT_FACT_GEN: Preprocessing application: /u/p23lam/hacking/MockAbstraction/Benchmarks/maven-maven-3.8.1/maven-core/mvn_dependencies/junit-4.12.jar
SOOT_FACT_GEN: Preprocessing application: /u/p23lam/hacking/MockAbstraction/Benchmarks/maven-maven-3.8.1/maven-core/mvn_dependencies/maven-artifact-3.8.1.jar
SOOT_FACT_GEN: Preprocessing application: /u/p23lam/hacking/MockAbstraction/Benchmarks/maven-maven-3.8.1/maven-core/mvn_dependencies/maven-builder-support-3.8.1.jar
SOOT_FACT_GEN: Preprocessing application: /u/p23lam/hacking/MockAbstraction/Benchmarks/maven-maven-3.8.1/maven-core/mvn_dependencies/maven-model-3.8.1.jar
SOOT_FACT_GEN: Preprocessing application: /u/p23lam/hacking/MockAbstraction/Benchmarks/maven-maven-3.8.1/maven-core/mvn_dependencies/maven-model-builder-3.8.1.jar
SOOT_FACT_GEN: Preprocessing application: /u/p23lam/hacking/MockAbstraction/Benchmarks/maven-maven-3.8.1/maven-core/mvn_dependencies/maven-plugin-api-3.8.1.jar
SOOT_FACT_GEN: Preprocessing application: /u/p23lam/hacking/MockAbstraction/Benchmarks/maven-maven-3.8.1/maven-core/mvn_dependencies/maven-repository-metadata-3.8.1.jar
SOOT_FACT_GEN: Preprocessing application: /u/p23lam/hacking/MockAbstraction/Benchmarks/maven-maven-3.8.1/maven-core/mvn_dependencies/maven-resolver-api-1.6.2.jar
SOOT_FACT_GEN: Preprocessing application: /u/p23lam/hacking/MockAbstraction/Benchmarks/maven-maven-3.8.1/maven-core/mvn_dependencies/maven-resolver-impl-1.6.2.jar
SOOT_FACT_GEN: Preprocessing application: /u/p23lam/hacking/MockAbstraction/Benchmarks/maven-maven-3.8.1/maven-core/mvn_dependencies/maven-resolver-provider-3.8.1.jar
SOOT_FACT_GEN: Preprocessing application: /u/p23lam/hacking/MockAbstraction/Benchmarks/maven-maven-3.8.1/maven-core/mvn_dependencies/maven-resolver-spi-1.6.2.jar
SOOT_FACT_GEN: Preprocessing application: /u/p23lam/hacking/MockAbstraction/Benchmarks/maven-maven-3.8.1/maven-core/mvn_dependencies/maven-resolver-util-1.6.2.jar
SOOT_FACT_GEN: Preprocessing application: /u/p23lam/hacking/MockAbstraction/Benchmarks/maven-maven-3.8.1/maven-core/mvn_dependencies/maven-settings-3.8.1.jar
SOOT_FACT_GEN: Preprocessing application: /u/p23lam/hacking/MockAbstraction/Benchmarks/maven-maven-3.8.1/maven-core/mvn_dependencies/maven-settings-builder-3.8.1.jar
SOOT_FACT_GEN: Preprocessing application: /u/p23lam/hacking/MockAbstraction/Benchmarks/maven-maven-3.8.1/maven-core/mvn_dependencies/maven-shared-utils-3.2.1.jar
SOOT_FACT_GEN: Preprocessing application: /u/p23lam/hacking/MockAbstraction/Benchmarks/maven-maven-3.8.1/maven-core/mvn_dependencies/mockito-core-2.21.0.jar
SOOT_FACT_GEN: Preprocessing application: /u/p23lam/hacking/MockAbstraction/Benchmarks/maven-maven-3.8.1/maven-core/mvn_dependencies/objenesis-2.6.jar
SOOT_FACT_GEN: Preprocessing application: /u/p23lam/hacking/MockAbstraction/Benchmarks/maven-maven-3.8.1/maven-core/mvn_dependencies/org.eclipse.sisu.inject-0.3.4.jar
SOOT_FACT_GEN: Preprocessing application: /u/p23lam/hacking/MockAbstraction/Benchmarks/maven-maven-3.8.1/maven-core/mvn_dependencies/org.eclipse.sisu.plexus-0.3.4.jar
SOOT_FACT_GEN: Preprocessing application: /u/p23lam/hacking/MockAbstraction/Benchmarks/maven-maven-3.8.1/maven-core/mvn_dependencies/plexus-cipher-1.7.jar
SOOT_FACT_GEN: Preprocessing application: /u/p23lam/hacking/MockAbstraction/Benchmarks/maven-maven-3.8.1/maven-core/mvn_dependencies/plexus-classworlds-2.6.0.jar
SOOT_FACT_GEN: Preprocessing application: /u/p23lam/hacking/MockAbstraction/Benchmarks/maven-maven-3.8.1/maven-core/mvn_dependencies/plexus-component-annotations-2.1.0.jar
SOOT_FACT_GEN: Preprocessing application: /u/p23lam/hacking/MockAbstraction/Benchmarks/maven-maven-3.8.1/maven-core/mvn_dependencies/plexus-interpolation-1.25.jar
SOOT_FACT_GEN: Preprocessing application: /u/p23lam/hacking/MockAbstraction/Benchmarks/maven-maven-3.8.1/maven-core/mvn_dependencies/plexus-sec-dispatcher-1.4.jar
SOOT_FACT_GEN: Preprocessing application: /u/p23lam/hacking/MockAbstraction/Benchmarks/maven-maven-3.8.1/maven-core/mvn_dependencies/plexus-utils-3.2.1.jar
SOOT_FACT_GEN: Preprocessing application: /u/p23lam/hacking/MockAbstraction/Benchmarks/maven-maven-3.8.1/maven-core/mvn_dependencies/slf4j-api-1.7.29.jar
SOOT_FACT_GEN: Preprocessing platform library: /u/p23lam/hacking/doop/build/tmp/rt_9762580510701354799.jar
SOOT_FACT_GEN: Preprocessing platform library: /u/p23lam/hacking/doop/build/tmp/jce_11798688084184442178.jar
SOOT_FACT_GEN: Preprocessing platform library: /u/p23lam/hacking/doop/build/tmp/jsse_12946769341207256025.jar
SOOT_FACT_GEN: Adding archive: /u/p23lam/hacking/MockAbstraction/Benchmarks/maven-maven-3.8.1/maven-core/target/maven-core-3.8.1.jar
SOOT_FACT_GEN: Adding archive: /u/p23lam/hacking/MockAbstraction/Benchmarks/maven-maven-3.8.1/maven-core/target/maven-core-3.8.1-tests.jar
SOOT_FACT_GEN: Adding archive: /u/p23lam/hacking/MockAbstraction/Benchmarks/maven-maven-3.8.1/maven-core/mvn_dependencies/animal-sniffer-annotations-1.14.jar
SOOT_FACT_GEN: Adding archive: /u/p23lam/hacking/MockAbstraction/Benchmarks/maven-maven-3.8.1/maven-core/mvn_dependencies/aopalliance-1.0.jar
SOOT_FACT_GEN: Adding archive: /u/p23lam/hacking/MockAbstraction/Benchmarks/maven-maven-3.8.1/maven-core/mvn_dependencies/byte-buddy-1.8.15.jar
SOOT_FACT_GEN: Adding archive: /u/p23lam/hacking/MockAbstraction/Benchmarks/maven-maven-3.8.1/maven-core/mvn_dependencies/byte-buddy-agent-1.8.15.jar
SOOT_FACT_GEN: Adding archive: /u/p23lam/hacking/MockAbstraction/Benchmarks/maven-maven-3.8.1/maven-core/mvn_dependencies/cdi-api-1.0.jar
SOOT_FACT_GEN: Adding archive: /u/p23lam/hacking/MockAbstraction/Benchmarks/maven-maven-3.8.1/maven-core/mvn_dependencies/checker-compat-qual-2.0.0.jar
SOOT_FACT_GEN: Adding archive: /u/p23lam/hacking/MockAbstraction/Benchmarks/maven-maven-3.8.1/maven-core/mvn_dependencies/commons-io-2.5.jar
SOOT_FACT_GEN: Adding archive: /u/p23lam/hacking/MockAbstraction/Benchmarks/maven-maven-3.8.1/maven-core/mvn_dependencies/commons-jxpath-1.3.jar
SOOT_FACT_GEN: Adding archive: /u/p23lam/hacking/MockAbstraction/Benchmarks/maven-maven-3.8.1/maven-core/mvn_dependencies/commons-lang3-3.8.1.jar
SOOT_FACT_GEN: Adding archive: /u/p23lam/hacking/MockAbstraction/Benchmarks/maven-maven-3.8.1/maven-core/mvn_dependencies/error_prone_annotations-2.1.3.jar
SOOT_FACT_GEN: Adding archive: /u/p23lam/hacking/MockAbstraction/Benchmarks/maven-maven-3.8.1/maven-core/mvn_dependencies/guava-25.1-android.jar
SOOT_FACT_GEN: Adding archive: /u/p23lam/hacking/MockAbstraction/Benchmarks/maven-maven-3.8.1/maven-core/mvn_dependencies/guice-4.2.1-no_aop.jar
SOOT_FACT_GEN: Adding archive: /u/p23lam/hacking/MockAbstraction/Benchmarks/maven-maven-3.8.1/maven-core/mvn_dependencies/hamcrest-core-1.3.jar
SOOT_FACT_GEN: Adding archive: /u/p23lam/hacking/MockAbstraction/Benchmarks/maven-maven-3.8.1/maven-core/mvn_dependencies/hamcrest-library-1.3.jar
SOOT_FACT_GEN: Adding archive: /u/p23lam/hacking/MockAbstraction/Benchmarks/maven-maven-3.8.1/maven-core/mvn_dependencies/j2objc-annotations-1.1.jar
SOOT_FACT_GEN: Adding archive: /u/p23lam/hacking/MockAbstraction/Benchmarks/maven-maven-3.8.1/maven-core/mvn_dependencies/javax.inject-1.jar
SOOT_FACT_GEN: Adding archive: /u/p23lam/hacking/MockAbstraction/Benchmarks/maven-maven-3.8.1/maven-core/mvn_dependencies/jsr250-api-1.0.jar
SOOT_FACT_GEN: Adding archive: /u/p23lam/hacking/MockAbstraction/Benchmarks/maven-maven-3.8.1/maven-core/mvn_dependencies/jsr305-3.0.2.jar
SOOT_FACT_GEN: Adding archive: /u/p23lam/hacking/MockAbstraction/Benchmarks/maven-maven-3.8.1/maven-core/mvn_dependencies/junit-4.12.jar
SOOT_FACT_GEN: Adding archive: /u/p23lam/hacking/MockAbstraction/Benchmarks/maven-maven-3.8.1/maven-core/mvn_dependencies/maven-artifact-3.8.1.jar
SOOT_FACT_GEN: Adding archive: /u/p23lam/hacking/MockAbstraction/Benchmarks/maven-maven-3.8.1/maven-core/mvn_dependencies/maven-builder-support-3.8.1.jar
SOOT_FACT_GEN: Adding archive: /u/p23lam/hacking/MockAbstraction/Benchmarks/maven-maven-3.8.1/maven-core/mvn_dependencies/maven-model-3.8.1.jar
SOOT_FACT_GEN: Adding archive: /u/p23lam/hacking/MockAbstraction/Benchmarks/maven-maven-3.8.1/maven-core/mvn_dependencies/maven-model-builder-3.8.1.jar
SOOT_FACT_GEN: Adding archive: /u/p23lam/hacking/MockAbstraction/Benchmarks/maven-maven-3.8.1/maven-core/mvn_dependencies/maven-plugin-api-3.8.1.jar
SOOT_FACT_GEN: Adding archive: /u/p23lam/hacking/MockAbstraction/Benchmarks/maven-maven-3.8.1/maven-core/mvn_dependencies/maven-repository-metadata-3.8.1.jar
SOOT_FACT_GEN: Adding archive: /u/p23lam/hacking/MockAbstraction/Benchmarks/maven-maven-3.8.1/maven-core/mvn_dependencies/maven-resolver-api-1.6.2.jar
SOOT_FACT_GEN: Adding archive: /u/p23lam/hacking/MockAbstraction/Benchmarks/maven-maven-3.8.1/maven-core/mvn_dependencies/maven-resolver-impl-1.6.2.jar
SOOT_FACT_GEN: Adding archive: /u/p23lam/hacking/MockAbstraction/Benchmarks/maven-maven-3.8.1/maven-core/mvn_dependencies/maven-resolver-provider-3.8.1.jar
SOOT_FACT_GEN: Adding archive: /u/p23lam/hacking/MockAbstraction/Benchmarks/maven-maven-3.8.1/maven-core/mvn_dependencies/maven-resolver-spi-1.6.2.jar
SOOT_FACT_GEN: Adding archive: /u/p23lam/hacking/MockAbstraction/Benchmarks/maven-maven-3.8.1/maven-core/mvn_dependencies/maven-resolver-util-1.6.2.jar
SOOT_FACT_GEN: Adding archive: /u/p23lam/hacking/MockAbstraction/Benchmarks/maven-maven-3.8.1/maven-core/mvn_dependencies/maven-settings-3.8.1.jar
SOOT_FACT_GEN: Adding archive: /u/p23lam/hacking/MockAbstraction/Benchmarks/maven-maven-3.8.1/maven-core/mvn_dependencies/maven-settings-builder-3.8.1.jar
SOOT_FACT_GEN: Adding archive: /u/p23lam/hacking/MockAbstraction/Benchmarks/maven-maven-3.8.1/maven-core/mvn_dependencies/maven-shared-utils-3.2.1.jar
SOOT_FACT_GEN: Adding archive: /u/p23lam/hacking/MockAbstraction/Benchmarks/maven-maven-3.8.1/maven-core/mvn_dependencies/mockito-core-2.21.0.jar
SOOT_FACT_GEN: Adding archive: /u/p23lam/hacking/MockAbstraction/Benchmarks/maven-maven-3.8.1/maven-core/mvn_dependencies/objenesis-2.6.jar
SOOT_FACT_GEN: Adding archive: /u/p23lam/hacking/MockAbstraction/Benchmarks/maven-maven-3.8.1/maven-core/mvn_dependencies/org.eclipse.sisu.inject-0.3.4.jar
SOOT_FACT_GEN: Adding archive: /u/p23lam/hacking/MockAbstraction/Benchmarks/maven-maven-3.8.1/maven-core/mvn_dependencies/org.eclipse.sisu.plexus-0.3.4.jar
SOOT_FACT_GEN: Adding archive: /u/p23lam/hacking/MockAbstraction/Benchmarks/maven-maven-3.8.1/maven-core/mvn_dependencies/plexus-cipher-1.7.jar
SOOT_FACT_GEN: Adding archive: /u/p23lam/hacking/MockAbstraction/Benchmarks/maven-maven-3.8.1/maven-core/mvn_dependencies/plexus-classworlds-2.6.0.jar
SOOT_FACT_GEN: Adding archive: /u/p23lam/hacking/MockAbstraction/Benchmarks/maven-maven-3.8.1/maven-core/mvn_dependencies/plexus-component-annotations-2.1.0.jar
SOOT_FACT_GEN: Adding archive: /u/p23lam/hacking/MockAbstraction/Benchmarks/maven-maven-3.8.1/maven-core/mvn_dependencies/plexus-interpolation-1.25.jar
SOOT_FACT_GEN: Adding archive: /u/p23lam/hacking/MockAbstraction/Benchmarks/maven-maven-3.8.1/maven-core/mvn_dependencies/plexus-sec-dispatcher-1.4.jar
SOOT_FACT_GEN: Adding archive: /u/p23lam/hacking/MockAbstraction/Benchmarks/maven-maven-3.8.1/maven-core/mvn_dependencies/plexus-utils-3.2.1.jar
SOOT_FACT_GEN: Adding archive: /u/p23lam/hacking/MockAbstraction/Benchmarks/maven-maven-3.8.1/maven-core/mvn_dependencies/slf4j-api-1.7.29.jar
SOOT_FACT_GEN: Adding archive for resolving: /u/p23lam/hacking/doop/build/tmp/rt_9762580510701354799.jar
SOOT_FACT_GEN: Adding archive for resolving: /u/p23lam/hacking/doop/build/tmp/jce_11798688084184442178.jar
SOOT_FACT_GEN: Adding archive for resolving: /u/p23lam/hacking/doop/build/tmp/jsse_12946769341207256025.jar
SOOT_FACT_GEN: Classes in input (application) jar(s): 8140
SOOT_FACT_GEN: Total classes in Scene: 15629
SOOT_FACT_GEN: Retrieved all bodies (time: 59)
SOOT_FACT_GEN: Fact generation cores: 32
SOOT_FACT_GEN: WARNING: some classes were not resolved, consider using thorough fact generation or adding them manually via --also-resolve: [java.beans.Customizer, javax.sound.sampled.Port, java.awt.dnd.MouseDragGestureRecognizer, com.sun.beans.editors.BooleanEditor, sun.util.locale.provider.HostLocaleProviderAdapterImpl, com.sun.management.GarbageCollectorMXBean, com.sun.beans.editors.LongEditor, com.sun.beans.editors.DoubleEditor, com.sun.beans.editors.ByteEditor, com.sun.beans.editors.FloatEditor, com.sun.beans.editors.IntegerEditor, com.sun.beans.editors.ShortEditor]
SOOT_FACT_GEN: Found 546 phantom references. Rerun with '--report-phantoms' for more details.
SOOT_FACT_GEN: Methods without active bodies encountered (and reset): 0
Soot fact generation time: 115
Caching facts in /u/p23lam/hacking/doop/cache/2b83a34eec74f879a7b6a234d46c7a51a8854d4886d3c5359c010d645a69077e
Copying /u/p23lam/hacking/doop/out/maven-maven-3.8.1-basic-only-NORMAL/database to /u/p23lam/hacking/doop/cache/2b83a34eec74f879a7b6a234d46c7a51a8854d4886d3c5359c010d645a69077e...
----
[Task FACTS Done]
Using /usr/bin/time to gather performance statistics...
Running analysis
1294.35user 52.05system 2:49.47elapsed 794%CPU (0avgtext+0avgdata 2096864maxresident)k
43704inputs+47020600outputs (0major+3708794minor)pagefaults 0swaps
Analysis execution time (sec): 169
-- Runtime metrics --
analysis compilation time (sec)                                                  0
analysis execution time (sec)                                                    169
disk footprint (KB)                                                              17,068,030
fact generation time (sec)                                                       115
Making database available at /u/p23lam/hacking/doop/results/maven-core-3.8.1/basic-only/java_8/maven-maven-3.8.1-basic-only-NORMAL
Making database available at /u/p23lam/hacking/doop/last-analysis

Deprecated Gradle features were used in this build, making it incompatible with Gradle 8.0.

You can use '--warning-mode all' to show the individual deprecation warnings and determine if they come from your own scripts or plugins.

See https://docs.gradle.org/7.3.3/userguide/command_line_interface.html#sec:command_line_warnings

BUILD SUCCESSFUL in 5m 15s
24 actionable tasks: 12 executed, 12 up-to-date
