> Task :generators:code-processor:generateGrammarSource UP-TO-DATE
> Task :generators:code-processor:compileJava UP-TO-DATE
> Task :generators:code-processor:compileGroovy UP-TO-DATE
> Task :generators:code-processor:processResources NO-SOURCE
> Task :generators:code-processor:classes UP-TO-DATE
> Task :generators:code-processor:jar UP-TO-DATE
> Task :generators:fact-generator-common:compileJava UP-TO-DATE
> Task :generators:fact-generator-common:processResources NO-SOURCE
> Task :generators:fact-generator-common:classes UP-TO-DATE
> Task :generators:fact-generator-common:shadowJar UP-TO-DATE
> Task :compileJava UP-TO-DATE
> Task :compileGroovy UP-TO-DATE
> Task :resolveApktool
> Task :generators:dex-fact-generator:compileJava UP-TO-DATE
> Task :generators:dex-fact-generator:processResources NO-SOURCE
> Task :generators:dex-fact-generator:classes UP-TO-DATE
> Task :generators:dex-fact-generator:jar
> Task :generators:dex-fact-generator:fatJar
> Task :generators:dex-fact-generator:installJar
> Task :generators:soot-fact-generator:compileJava UP-TO-DATE
> Task :generators:soot-fact-generator:compileGroovy NO-SOURCE
> Task :generators:soot-fact-generator:processResources NO-SOURCE
> Task :generators:soot-fact-generator:classes UP-TO-DATE
> Task :generators:soot-fact-generator:jar
> Task :generators:soot-fact-generator:fatJar
> Task :generators:soot-fact-generator:installJar
> Task :generators:wala-fact-generator:compileJava UP-TO-DATE
> Task :generators:wala-fact-generator:processResources UP-TO-DATE
> Task :generators:wala-fact-generator:classes UP-TO-DATE
> Task :generators:wala-fact-generator:jar
> Task :generators:wala-fact-generator:fatJar
> Task :generators:wala-fact-generator:installJar
> Task :resourceInstaller
> Task :processResources
> Task :classes
> Task :writeGitCommitHash UP-TO-DATE

> Task :run
WARNING: Default statistics are not compatible with analysis 'basic-only', disabling statistics logic.
Main class(es) expanded with [org.apache.ibatis.RootDriver]
WARNING: Handling of Java reflection is disabled!
New basic-only analysis
Id       : mybatis-3-mybatis-3.5.6-basic-only-NORMAL
Inputs   : /u/q8liang/hacking/MockAbstraction/Benchmarks/mybatis-3-mybatis-3.5.6/target/mybatis-3.5.6.jar, /u/q8liang/hacking/MockAbstraction/Benchmarks/mybatis-3-mybatis-3.5.6/target/mybatis-3.5.6-tests.jar, /u/q8liang/hacking/MockAbstraction/Benchmarks/mybatis-3-mybatis-3.5.6/mvn_dependencies/annotations-19.0.0.jar, /u/q8liang/hacking/MockAbstraction/Benchmarks/mybatis-3-mybatis-3.5.6/mvn_dependencies/apiguardian-api-1.1.0.jar, /u/q8liang/hacking/MockAbstraction/Benchmarks/mybatis-3-mybatis-3.5.6/mvn_dependencies/asm-7.1.jar, /u/q8liang/hacking/MockAbstraction/Benchmarks/mybatis-3-mybatis-3.5.6/mvn_dependencies/assertj-core-3.17.2.jar, /u/q8liang/hacking/MockAbstraction/Benchmarks/mybatis-3-mybatis-3.5.6/mvn_dependencies/byte-buddy-1.10.15.jar, /u/q8liang/hacking/MockAbstraction/Benchmarks/mybatis-3-mybatis-3.5.6/mvn_dependencies/byte-buddy-agent-1.10.15.jar, /u/q8liang/hacking/MockAbstraction/Benchmarks/mybatis-3-mybatis-3.5.6/mvn_dependencies/catch-exception-2.0.jar, /u/q8liang/hacking/MockAbstraction/Benchmarks/mybatis-3-mybatis-3.5.6/mvn_dependencies/cglib-3.3.0.jar, /u/q8liang/hacking/MockAbstraction/Benchmarks/mybatis-3-mybatis-3.5.6/mvn_dependencies/checker-qual-3.5.0.jar, /u/q8liang/hacking/MockAbstraction/Benchmarks/mybatis-3-mybatis-3.5.6/mvn_dependencies/commons-compress-1.20.jar, /u/q8liang/hacking/MockAbstraction/Benchmarks/mybatis-3-mybatis-3.5.6/mvn_dependencies/commons-lang3-3.9.jar, /u/q8liang/hacking/MockAbstraction/Benchmarks/mybatis-3-mybatis-3.5.6/mvn_dependencies/commons-logging-1.2.jar, /u/q8liang/hacking/MockAbstraction/Benchmarks/mybatis-3-mybatis-3.5.6/mvn_dependencies/database-commons-1.14.3.jar, /u/q8liang/hacking/MockAbstraction/Benchmarks/mybatis-3-mybatis-3.5.6/mvn_dependencies/derby-10.14.2.0.jar, /u/q8liang/hacking/MockAbstraction/Benchmarks/mybatis-3-mybatis-3.5.6/mvn_dependencies/duct-tape-1.0.8.jar, /u/q8liang/hacking/MockAbstraction/Benchmarks/mybatis-3-mybatis-3.5.6/mvn_dependencies/h2-1.4.200.jar, /u/q8liang/hacking/MockAbstraction/Benchmarks/mybatis-3-mybatis-3.5.6/mvn_dependencies/hamcrest-core-1.3.jar, /u/q8liang/hacking/MockAbstraction/Benchmarks/mybatis-3-mybatis-3.5.6/mvn_dependencies/hsqldb-2.5.1.jar, /u/q8liang/hacking/MockAbstraction/Benchmarks/mybatis-3-mybatis-3.5.6/mvn_dependencies/javassist-3.27.0-GA.jar, /u/q8liang/hacking/MockAbstraction/Benchmarks/mybatis-3-mybatis-3.5.6/mvn_dependencies/jdbc-1.14.3.jar, /u/q8liang/hacking/MockAbstraction/Benchmarks/mybatis-3-mybatis-3.5.6/mvn_dependencies/jna-5.5.0.jar, /u/q8liang/hacking/MockAbstraction/Benchmarks/mybatis-3-mybatis-3.5.6/mvn_dependencies/jna-platform-5.5.0.jar, /u/q8liang/hacking/MockAbstraction/Benchmarks/mybatis-3-mybatis-3.5.6/mvn_dependencies/junit-4.12.jar, /u/q8liang/hacking/MockAbstraction/Benchmarks/mybatis-3-mybatis-3.5.6/mvn_dependencies/junit-jupiter-1.14.3.jar, /u/q8liang/hacking/MockAbstraction/Benchmarks/mybatis-3-mybatis-3.5.6/mvn_dependencies/junit-jupiter-api-5.7.0.jar, /u/q8liang/hacking/MockAbstraction/Benchmarks/mybatis-3-mybatis-3.5.6/mvn_dependencies/junit-jupiter-engine-5.7.0.jar, /u/q8liang/hacking/MockAbstraction/Benchmarks/mybatis-3-mybatis-3.5.6/mvn_dependencies/junit-platform-commons-1.7.0.jar, /u/q8liang/hacking/MockAbstraction/Benchmarks/mybatis-3-mybatis-3.5.6/mvn_dependencies/junit-platform-engine-1.7.0.jar, /u/q8liang/hacking/MockAbstraction/Benchmarks/mybatis-3-mybatis-3.5.6/mvn_dependencies/junixsocket-common-2.0.4.jar, /u/q8liang/hacking/MockAbstraction/Benchmarks/mybatis-3-mybatis-3.5.6/mvn_dependencies/junixsocket-native-common-2.0.4.jar, /u/q8liang/hacking/MockAbstraction/Benchmarks/mybatis-3-mybatis-3.5.6/mvn_dependencies/log4j-1.2.17.jar, /u/q8liang/hacking/MockAbstraction/Benchmarks/mybatis-3-mybatis-3.5.6/mvn_dependencies/log4j-api-2.13.3.jar, /u/q8liang/hacking/MockAbstraction/Benchmarks/mybatis-3-mybatis-3.5.6/mvn_dependencies/log4j-core-2.13.3.jar, /u/q8liang/hacking/MockAbstraction/Benchmarks/mybatis-3-mybatis-3.5.6/mvn_dependencies/mockito-core-3.5.13.jar, /u/q8liang/hacking/MockAbstraction/Benchmarks/mybatis-3-mybatis-3.5.6/mvn_dependencies/mockito-junit-jupiter-3.5.13.jar, /u/q8liang/hacking/MockAbstraction/Benchmarks/mybatis-3-mybatis-3.5.6/mvn_dependencies/mysql-1.14.3.jar, /u/q8liang/hacking/MockAbstraction/Benchmarks/mybatis-3-mybatis-3.5.6/mvn_dependencies/mysql-connector-java-8.0.21.jar, /u/q8liang/hacking/MockAbstraction/Benchmarks/mybatis-3-mybatis-3.5.6/mvn_dependencies/native-lib-loader-2.0.2.jar, /u/q8liang/hacking/MockAbstraction/Benchmarks/mybatis-3-mybatis-3.5.6/mvn_dependencies/objenesis-3.1.jar, /u/q8liang/hacking/MockAbstraction/Benchmarks/mybatis-3-mybatis-3.5.6/mvn_dependencies/ognl-3.2.15.jar, /u/q8liang/hacking/MockAbstraction/Benchmarks/mybatis-3-mybatis-3.5.6/mvn_dependencies/opentest4j-1.2.0.jar, /u/q8liang/hacking/MockAbstraction/Benchmarks/mybatis-3-mybatis-3.5.6/mvn_dependencies/postgresql-1.14.3.jar, /u/q8liang/hacking/MockAbstraction/Benchmarks/mybatis-3-mybatis-3.5.6/mvn_dependencies/postgresql-42.2.16.jar, /u/q8liang/hacking/MockAbstraction/Benchmarks/mybatis-3-mybatis-3.5.6/mvn_dependencies/protobuf-java-3.11.4.jar, /u/q8liang/hacking/MockAbstraction/Benchmarks/mybatis-3-mybatis-3.5.6/mvn_dependencies/slf4j-api-1.7.30.jar, /u/q8liang/hacking/MockAbstraction/Benchmarks/mybatis-3-mybatis-3.5.6/mvn_dependencies/slf4j-log4j12-1.7.30.jar, /u/q8liang/hacking/MockAbstraction/Benchmarks/mybatis-3-mybatis-3.5.6/mvn_dependencies/tcp-unix-socket-proxy-1.0.2.jar, /u/q8liang/hacking/MockAbstraction/Benchmarks/mybatis-3-mybatis-3.5.6/mvn_dependencies/testcontainers-1.14.3.jar, /u/q8liang/hacking/MockAbstraction/Benchmarks/mybatis-3-mybatis-3.5.6/mvn_dependencies/velocity-engine-core-2.2.jar, /u/q8liang/hacking/MockAbstraction/Benchmarks/mybatis-3-mybatis-3.5.6/mvn_dependencies/visible-assertions-2.1.2.jar
Libraries: 
Using a timeout of 90 min.
Adding extra logic file /u/q8liang/hacking/doop-hacking/souffle-logic/analyses/mocks/mocks.dl
[Task FACTS...]
[Task COMPILE...]
-- Fact Generation --
Compiling Datalog...
SOOT_FACT_GEN: Logging initialized, using directory: /u/q8liang/hacking/doop-hacking/build/logs
SOOT_FACT_GEN: SLF4J: Failed to load class "org.slf4j.impl.StaticLoggerBinder".
SOOT_FACT_GEN: SLF4J: Defaulting to no-operation (NOP) logger implementation
SOOT_FACT_GEN: SLF4J: See http://www.slf4j.org/codes.html#StaticLoggerBinder for further details.
SOOT_FACT_GEN: Preprocessing application: /u/q8liang/hacking/MockAbstraction/Benchmarks/mybatis-3-mybatis-3.5.6/target/mybatis-3.5.6.jar
SOOT_FACT_GEN: Preprocessing application: /u/q8liang/hacking/MockAbstraction/Benchmarks/mybatis-3-mybatis-3.5.6/target/mybatis-3.5.6-tests.jar
SOOT_FACT_GEN: Preprocessing application: /u/q8liang/hacking/MockAbstraction/Benchmarks/mybatis-3-mybatis-3.5.6/mvn_dependencies/annotations-19.0.0.jar
SOOT_FACT_GEN: Preprocessing application: /u/q8liang/hacking/MockAbstraction/Benchmarks/mybatis-3-mybatis-3.5.6/mvn_dependencies/apiguardian-api-1.1.0.jar
SOOT_FACT_GEN: Preprocessing application: /u/q8liang/hacking/MockAbstraction/Benchmarks/mybatis-3-mybatis-3.5.6/mvn_dependencies/asm-7.1.jar
SOOT_FACT_GEN: Preprocessing application: /u/q8liang/hacking/MockAbstraction/Benchmarks/mybatis-3-mybatis-3.5.6/mvn_dependencies/assertj-core-3.17.2.jar
SOOT_FACT_GEN: Preprocessing application: /u/q8liang/hacking/MockAbstraction/Benchmarks/mybatis-3-mybatis-3.5.6/mvn_dependencies/byte-buddy-1.10.15.jar
SOOT_FACT_GEN: Preprocessing application: /u/q8liang/hacking/MockAbstraction/Benchmarks/mybatis-3-mybatis-3.5.6/mvn_dependencies/byte-buddy-agent-1.10.15.jar
SOOT_FACT_GEN: Preprocessing application: /u/q8liang/hacking/MockAbstraction/Benchmarks/mybatis-3-mybatis-3.5.6/mvn_dependencies/catch-exception-2.0.jar
SOOT_FACT_GEN: Preprocessing application: /u/q8liang/hacking/MockAbstraction/Benchmarks/mybatis-3-mybatis-3.5.6/mvn_dependencies/cglib-3.3.0.jar
SOOT_FACT_GEN: Preprocessing application: /u/q8liang/hacking/MockAbstraction/Benchmarks/mybatis-3-mybatis-3.5.6/mvn_dependencies/checker-qual-3.5.0.jar
SOOT_FACT_GEN: Preprocessing application: /u/q8liang/hacking/MockAbstraction/Benchmarks/mybatis-3-mybatis-3.5.6/mvn_dependencies/commons-compress-1.20.jar
SOOT_FACT_GEN: Preprocessing application: /u/q8liang/hacking/MockAbstraction/Benchmarks/mybatis-3-mybatis-3.5.6/mvn_dependencies/commons-lang3-3.9.jar
SOOT_FACT_GEN: Preprocessing application: /u/q8liang/hacking/MockAbstraction/Benchmarks/mybatis-3-mybatis-3.5.6/mvn_dependencies/commons-logging-1.2.jar
SOOT_FACT_GEN: Preprocessing application: /u/q8liang/hacking/MockAbstraction/Benchmarks/mybatis-3-mybatis-3.5.6/mvn_dependencies/database-commons-1.14.3.jar
SOOT_FACT_GEN: Preprocessing application: /u/q8liang/hacking/MockAbstraction/Benchmarks/mybatis-3-mybatis-3.5.6/mvn_dependencies/derby-10.14.2.0.jar
SOOT_FACT_GEN: Preprocessing application: /u/q8liang/hacking/MockAbstraction/Benchmarks/mybatis-3-mybatis-3.5.6/mvn_dependencies/duct-tape-1.0.8.jar
SOOT_FACT_GEN: Preprocessing application: /u/q8liang/hacking/MockAbstraction/Benchmarks/mybatis-3-mybatis-3.5.6/mvn_dependencies/h2-1.4.200.jar
SOOT_FACT_GEN: Preprocessing application: /u/q8liang/hacking/MockAbstraction/Benchmarks/mybatis-3-mybatis-3.5.6/mvn_dependencies/hamcrest-core-1.3.jar
SOOT_FACT_GEN: Preprocessing application: /u/q8liang/hacking/MockAbstraction/Benchmarks/mybatis-3-mybatis-3.5.6/mvn_dependencies/hsqldb-2.5.1.jar
SOOT_FACT_GEN: Preprocessing application: /u/q8liang/hacking/MockAbstraction/Benchmarks/mybatis-3-mybatis-3.5.6/mvn_dependencies/javassist-3.27.0-GA.jar
SOOT_FACT_GEN: Preprocessing application: /u/q8liang/hacking/MockAbstraction/Benchmarks/mybatis-3-mybatis-3.5.6/mvn_dependencies/jdbc-1.14.3.jar
SOOT_FACT_GEN: Preprocessing application: /u/q8liang/hacking/MockAbstraction/Benchmarks/mybatis-3-mybatis-3.5.6/mvn_dependencies/jna-5.5.0.jar
SOOT_FACT_GEN: Preprocessing application: /u/q8liang/hacking/MockAbstraction/Benchmarks/mybatis-3-mybatis-3.5.6/mvn_dependencies/jna-platform-5.5.0.jar
SOOT_FACT_GEN: Preprocessing application: /u/q8liang/hacking/MockAbstraction/Benchmarks/mybatis-3-mybatis-3.5.6/mvn_dependencies/junit-4.12.jar
SOOT_FACT_GEN: Preprocessing application: /u/q8liang/hacking/MockAbstraction/Benchmarks/mybatis-3-mybatis-3.5.6/mvn_dependencies/junit-jupiter-1.14.3.jar
SOOT_FACT_GEN: Preprocessing application: /u/q8liang/hacking/MockAbstraction/Benchmarks/mybatis-3-mybatis-3.5.6/mvn_dependencies/junit-jupiter-api-5.7.0.jar
SOOT_FACT_GEN: Preprocessing application: /u/q8liang/hacking/MockAbstraction/Benchmarks/mybatis-3-mybatis-3.5.6/mvn_dependencies/junit-jupiter-engine-5.7.0.jar
SOOT_FACT_GEN: Preprocessing application: /u/q8liang/hacking/MockAbstraction/Benchmarks/mybatis-3-mybatis-3.5.6/mvn_dependencies/junit-platform-commons-1.7.0.jar
SOOT_FACT_GEN: Preprocessing application: /u/q8liang/hacking/MockAbstraction/Benchmarks/mybatis-3-mybatis-3.5.6/mvn_dependencies/junit-platform-engine-1.7.0.jar
SOOT_FACT_GEN: Preprocessing application: /u/q8liang/hacking/MockAbstraction/Benchmarks/mybatis-3-mybatis-3.5.6/mvn_dependencies/junixsocket-common-2.0.4.jar
SOOT_FACT_GEN: Preprocessing application: /u/q8liang/hacking/MockAbstraction/Benchmarks/mybatis-3-mybatis-3.5.6/mvn_dependencies/junixsocket-native-common-2.0.4.jar
SOOT_FACT_GEN: Preprocessing application: /u/q8liang/hacking/MockAbstraction/Benchmarks/mybatis-3-mybatis-3.5.6/mvn_dependencies/log4j-1.2.17.jar
SOOT_FACT_GEN: Preprocessing application: /u/q8liang/hacking/MockAbstraction/Benchmarks/mybatis-3-mybatis-3.5.6/mvn_dependencies/log4j-api-2.13.3.jar
SOOT_FACT_GEN: Preprocessing application: /u/q8liang/hacking/MockAbstraction/Benchmarks/mybatis-3-mybatis-3.5.6/mvn_dependencies/log4j-core-2.13.3.jar
SOOT_FACT_GEN: Preprocessing application: /u/q8liang/hacking/MockAbstraction/Benchmarks/mybatis-3-mybatis-3.5.6/mvn_dependencies/mockito-core-3.5.13.jar
SOOT_FACT_GEN: Preprocessing application: /u/q8liang/hacking/MockAbstraction/Benchmarks/mybatis-3-mybatis-3.5.6/mvn_dependencies/mockito-junit-jupiter-3.5.13.jar
SOOT_FACT_GEN: Preprocessing application: /u/q8liang/hacking/MockAbstraction/Benchmarks/mybatis-3-mybatis-3.5.6/mvn_dependencies/mysql-1.14.3.jar
SOOT_FACT_GEN: Preprocessing application: /u/q8liang/hacking/MockAbstraction/Benchmarks/mybatis-3-mybatis-3.5.6/mvn_dependencies/mysql-connector-java-8.0.21.jar
SOOT_FACT_GEN: Preprocessing application: /u/q8liang/hacking/MockAbstraction/Benchmarks/mybatis-3-mybatis-3.5.6/mvn_dependencies/native-lib-loader-2.0.2.jar
SOOT_FACT_GEN: Preprocessing application: /u/q8liang/hacking/MockAbstraction/Benchmarks/mybatis-3-mybatis-3.5.6/mvn_dependencies/objenesis-3.1.jar
SOOT_FACT_GEN: Preprocessing application: /u/q8liang/hacking/MockAbstraction/Benchmarks/mybatis-3-mybatis-3.5.6/mvn_dependencies/ognl-3.2.15.jar
SOOT_FACT_GEN: Preprocessing application: /u/q8liang/hacking/MockAbstraction/Benchmarks/mybatis-3-mybatis-3.5.6/mvn_dependencies/opentest4j-1.2.0.jar
SOOT_FACT_GEN: Preprocessing application: /u/q8liang/hacking/MockAbstraction/Benchmarks/mybatis-3-mybatis-3.5.6/mvn_dependencies/postgresql-1.14.3.jar
SOOT_FACT_GEN: Preprocessing application: /u/q8liang/hacking/MockAbstraction/Benchmarks/mybatis-3-mybatis-3.5.6/mvn_dependencies/postgresql-42.2.16.jar
SOOT_FACT_GEN: Preprocessing application: /u/q8liang/hacking/MockAbstraction/Benchmarks/mybatis-3-mybatis-3.5.6/mvn_dependencies/protobuf-java-3.11.4.jar
SOOT_FACT_GEN: Preprocessing application: /u/q8liang/hacking/MockAbstraction/Benchmarks/mybatis-3-mybatis-3.5.6/mvn_dependencies/slf4j-api-1.7.30.jar
SOOT_FACT_GEN: Preprocessing application: /u/q8liang/hacking/MockAbstraction/Benchmarks/mybatis-3-mybatis-3.5.6/mvn_dependencies/slf4j-log4j12-1.7.30.jar
SOOT_FACT_GEN: Preprocessing application: /u/q8liang/hacking/MockAbstraction/Benchmarks/mybatis-3-mybatis-3.5.6/mvn_dependencies/tcp-unix-socket-proxy-1.0.2.jar
SOOT_FACT_GEN: Preprocessing application: /u/q8liang/hacking/MockAbstraction/Benchmarks/mybatis-3-mybatis-3.5.6/mvn_dependencies/testcontainers-1.14.3.jar
SOOT_FACT_GEN: Preprocessing application: /u/q8liang/hacking/MockAbstraction/Benchmarks/mybatis-3-mybatis-3.5.6/mvn_dependencies/velocity-engine-core-2.2.jar
SOOT_FACT_GEN: Preprocessing application: /u/q8liang/hacking/MockAbstraction/Benchmarks/mybatis-3-mybatis-3.5.6/mvn_dependencies/visible-assertions-2.1.2.jar
SOOT_FACT_GEN: Preprocessing platform library: /u/q8liang/hacking/doop-hacking/build/tmp/rt_6695860090385069486.jar
SOOT_FACT_GEN: Preprocessing platform library: /u/q8liang/hacking/doop-hacking/build/tmp/jce_15930485647201740645.jar
SOOT_FACT_GEN: Preprocessing platform library: /u/q8liang/hacking/doop-hacking/build/tmp/jsse_6735094071460815299.jar
SOOT_FACT_GEN: Adding archive: /u/q8liang/hacking/MockAbstraction/Benchmarks/mybatis-3-mybatis-3.5.6/target/mybatis-3.5.6.jar
SOOT_FACT_GEN: Adding archive: /u/q8liang/hacking/MockAbstraction/Benchmarks/mybatis-3-mybatis-3.5.6/target/mybatis-3.5.6-tests.jar
SOOT_FACT_GEN: Adding archive: /u/q8liang/hacking/MockAbstraction/Benchmarks/mybatis-3-mybatis-3.5.6/mvn_dependencies/annotations-19.0.0.jar
SOOT_FACT_GEN: Adding archive: /u/q8liang/hacking/MockAbstraction/Benchmarks/mybatis-3-mybatis-3.5.6/mvn_dependencies/apiguardian-api-1.1.0.jar
SOOT_FACT_GEN: Adding archive: /u/q8liang/hacking/MockAbstraction/Benchmarks/mybatis-3-mybatis-3.5.6/mvn_dependencies/asm-7.1.jar
SOOT_FACT_GEN: Adding archive: /u/q8liang/hacking/MockAbstraction/Benchmarks/mybatis-3-mybatis-3.5.6/mvn_dependencies/assertj-core-3.17.2.jar
SOOT_FACT_GEN: Adding archive: /u/q8liang/hacking/MockAbstraction/Benchmarks/mybatis-3-mybatis-3.5.6/mvn_dependencies/byte-buddy-1.10.15.jar
SOOT_FACT_GEN: Adding archive: /u/q8liang/hacking/MockAbstraction/Benchmarks/mybatis-3-mybatis-3.5.6/mvn_dependencies/byte-buddy-agent-1.10.15.jar
SOOT_FACT_GEN: Adding archive: /u/q8liang/hacking/MockAbstraction/Benchmarks/mybatis-3-mybatis-3.5.6/mvn_dependencies/catch-exception-2.0.jar
SOOT_FACT_GEN: Adding archive: /u/q8liang/hacking/MockAbstraction/Benchmarks/mybatis-3-mybatis-3.5.6/mvn_dependencies/cglib-3.3.0.jar
SOOT_FACT_GEN: Adding archive: /u/q8liang/hacking/MockAbstraction/Benchmarks/mybatis-3-mybatis-3.5.6/mvn_dependencies/checker-qual-3.5.0.jar
SOOT_FACT_GEN: Adding archive: /u/q8liang/hacking/MockAbstraction/Benchmarks/mybatis-3-mybatis-3.5.6/mvn_dependencies/commons-compress-1.20.jar
SOOT_FACT_GEN: Adding archive: /u/q8liang/hacking/MockAbstraction/Benchmarks/mybatis-3-mybatis-3.5.6/mvn_dependencies/commons-lang3-3.9.jar
SOOT_FACT_GEN: Adding archive: /u/q8liang/hacking/MockAbstraction/Benchmarks/mybatis-3-mybatis-3.5.6/mvn_dependencies/commons-logging-1.2.jar
SOOT_FACT_GEN: Adding archive: /u/q8liang/hacking/MockAbstraction/Benchmarks/mybatis-3-mybatis-3.5.6/mvn_dependencies/database-commons-1.14.3.jar
SOOT_FACT_GEN: Adding archive: /u/q8liang/hacking/MockAbstraction/Benchmarks/mybatis-3-mybatis-3.5.6/mvn_dependencies/derby-10.14.2.0.jar
SOOT_FACT_GEN: Adding archive: /u/q8liang/hacking/MockAbstraction/Benchmarks/mybatis-3-mybatis-3.5.6/mvn_dependencies/duct-tape-1.0.8.jar
SOOT_FACT_GEN: Adding archive: /u/q8liang/hacking/MockAbstraction/Benchmarks/mybatis-3-mybatis-3.5.6/mvn_dependencies/h2-1.4.200.jar
SOOT_FACT_GEN: Adding archive: /u/q8liang/hacking/MockAbstraction/Benchmarks/mybatis-3-mybatis-3.5.6/mvn_dependencies/hamcrest-core-1.3.jar
SOOT_FACT_GEN: Adding archive: /u/q8liang/hacking/MockAbstraction/Benchmarks/mybatis-3-mybatis-3.5.6/mvn_dependencies/hsqldb-2.5.1.jar
SOOT_FACT_GEN: Adding archive: /u/q8liang/hacking/MockAbstraction/Benchmarks/mybatis-3-mybatis-3.5.6/mvn_dependencies/javassist-3.27.0-GA.jar
SOOT_FACT_GEN: Adding archive: /u/q8liang/hacking/MockAbstraction/Benchmarks/mybatis-3-mybatis-3.5.6/mvn_dependencies/jdbc-1.14.3.jar
SOOT_FACT_GEN: Adding archive: /u/q8liang/hacking/MockAbstraction/Benchmarks/mybatis-3-mybatis-3.5.6/mvn_dependencies/jna-5.5.0.jar
SOOT_FACT_GEN: Adding archive: /u/q8liang/hacking/MockAbstraction/Benchmarks/mybatis-3-mybatis-3.5.6/mvn_dependencies/jna-platform-5.5.0.jar
SOOT_FACT_GEN: Adding archive: /u/q8liang/hacking/MockAbstraction/Benchmarks/mybatis-3-mybatis-3.5.6/mvn_dependencies/junit-4.12.jar
SOOT_FACT_GEN: Adding archive: /u/q8liang/hacking/MockAbstraction/Benchmarks/mybatis-3-mybatis-3.5.6/mvn_dependencies/junit-jupiter-1.14.3.jar
SOOT_FACT_GEN: Adding archive: /u/q8liang/hacking/MockAbstraction/Benchmarks/mybatis-3-mybatis-3.5.6/mvn_dependencies/junit-jupiter-api-5.7.0.jar
SOOT_FACT_GEN: Adding archive: /u/q8liang/hacking/MockAbstraction/Benchmarks/mybatis-3-mybatis-3.5.6/mvn_dependencies/junit-jupiter-engine-5.7.0.jar
SOOT_FACT_GEN: Adding archive: /u/q8liang/hacking/MockAbstraction/Benchmarks/mybatis-3-mybatis-3.5.6/mvn_dependencies/junit-platform-commons-1.7.0.jar
SOOT_FACT_GEN: Adding archive: /u/q8liang/hacking/MockAbstraction/Benchmarks/mybatis-3-mybatis-3.5.6/mvn_dependencies/junit-platform-engine-1.7.0.jar
SOOT_FACT_GEN: Adding archive: /u/q8liang/hacking/MockAbstraction/Benchmarks/mybatis-3-mybatis-3.5.6/mvn_dependencies/junixsocket-common-2.0.4.jar
SOOT_FACT_GEN: Adding archive: /u/q8liang/hacking/MockAbstraction/Benchmarks/mybatis-3-mybatis-3.5.6/mvn_dependencies/junixsocket-native-common-2.0.4.jar
SOOT_FACT_GEN: Adding archive: /u/q8liang/hacking/MockAbstraction/Benchmarks/mybatis-3-mybatis-3.5.6/mvn_dependencies/log4j-1.2.17.jar
SOOT_FACT_GEN: Adding archive: /u/q8liang/hacking/MockAbstraction/Benchmarks/mybatis-3-mybatis-3.5.6/mvn_dependencies/log4j-api-2.13.3.jar
SOOT_FACT_GEN: Adding archive: /u/q8liang/hacking/MockAbstraction/Benchmarks/mybatis-3-mybatis-3.5.6/mvn_dependencies/log4j-core-2.13.3.jar
SOOT_FACT_GEN: Adding archive: /u/q8liang/hacking/MockAbstraction/Benchmarks/mybatis-3-mybatis-3.5.6/mvn_dependencies/mockito-core-3.5.13.jar
SOOT_FACT_GEN: Adding archive: /u/q8liang/hacking/MockAbstraction/Benchmarks/mybatis-3-mybatis-3.5.6/mvn_dependencies/mockito-junit-jupiter-3.5.13.jar
SOOT_FACT_GEN: Adding archive: /u/q8liang/hacking/MockAbstraction/Benchmarks/mybatis-3-mybatis-3.5.6/mvn_dependencies/mysql-1.14.3.jar
SOOT_FACT_GEN: Adding archive: /u/q8liang/hacking/MockAbstraction/Benchmarks/mybatis-3-mybatis-3.5.6/mvn_dependencies/mysql-connector-java-8.0.21.jar
SOOT_FACT_GEN: Adding archive: /u/q8liang/hacking/MockAbstraction/Benchmarks/mybatis-3-mybatis-3.5.6/mvn_dependencies/native-lib-loader-2.0.2.jar
SOOT_FACT_GEN: Adding archive: /u/q8liang/hacking/MockAbstraction/Benchmarks/mybatis-3-mybatis-3.5.6/mvn_dependencies/objenesis-3.1.jar
SOOT_FACT_GEN: Adding archive: /u/q8liang/hacking/MockAbstraction/Benchmarks/mybatis-3-mybatis-3.5.6/mvn_dependencies/ognl-3.2.15.jar
SOOT_FACT_GEN: Adding archive: /u/q8liang/hacking/MockAbstraction/Benchmarks/mybatis-3-mybatis-3.5.6/mvn_dependencies/opentest4j-1.2.0.jar
SOOT_FACT_GEN: Adding archive: /u/q8liang/hacking/MockAbstraction/Benchmarks/mybatis-3-mybatis-3.5.6/mvn_dependencies/postgresql-1.14.3.jar
SOOT_FACT_GEN: Adding archive: /u/q8liang/hacking/MockAbstraction/Benchmarks/mybatis-3-mybatis-3.5.6/mvn_dependencies/postgresql-42.2.16.jar
SOOT_FACT_GEN: Adding archive: /u/q8liang/hacking/MockAbstraction/Benchmarks/mybatis-3-mybatis-3.5.6/mvn_dependencies/protobuf-java-3.11.4.jar
SOOT_FACT_GEN: Adding archive: /u/q8liang/hacking/MockAbstraction/Benchmarks/mybatis-3-mybatis-3.5.6/mvn_dependencies/slf4j-api-1.7.30.jar
SOOT_FACT_GEN: Adding archive: /u/q8liang/hacking/MockAbstraction/Benchmarks/mybatis-3-mybatis-3.5.6/mvn_dependencies/slf4j-log4j12-1.7.30.jar
SOOT_FACT_GEN: Adding archive: /u/q8liang/hacking/MockAbstraction/Benchmarks/mybatis-3-mybatis-3.5.6/mvn_dependencies/tcp-unix-socket-proxy-1.0.2.jar
SOOT_FACT_GEN: Adding archive: /u/q8liang/hacking/MockAbstraction/Benchmarks/mybatis-3-mybatis-3.5.6/mvn_dependencies/testcontainers-1.14.3.jar
SOOT_FACT_GEN: Adding archive: /u/q8liang/hacking/MockAbstraction/Benchmarks/mybatis-3-mybatis-3.5.6/mvn_dependencies/velocity-engine-core-2.2.jar
SOOT_FACT_GEN: Adding archive: /u/q8liang/hacking/MockAbstraction/Benchmarks/mybatis-3-mybatis-3.5.6/mvn_dependencies/visible-assertions-2.1.2.jar
SOOT_FACT_GEN: Adding archive for resolving: /u/q8liang/hacking/doop-hacking/build/tmp/rt_6695860090385069486.jar
SOOT_FACT_GEN: Adding archive for resolving: /u/q8liang/hacking/doop-hacking/build/tmp/jce_15930485647201740645.jar
SOOT_FACT_GEN: Adding archive for resolving: /u/q8liang/hacking/doop-hacking/build/tmp/jsse_6735094071460815299.jar
Warning: No rules/facts defined for relation isValue in file gen_6368162670201748792.dl at line 68
Warning: No rules/facts defined for relation MockObject in file gen_6368162670201748792.dl at line 273
Warning: No rules/facts defined for relation MockObjFromOpenProgramEntryPointReceiver in file gen_6368162670201748792.dl at line 275
Warning: No rules/facts defined for relation ExercisedEntryPointMethod in file gen_6368162670201748792.dl at line 276
Warning: No rules/facts defined for relation MockObjFromOpenProgramEntryPointArg in file gen_6368162670201748792.dl at line 277
Warning: No rules/facts defined for relation UnmockableFormalOfForcedReachableContext in file gen_6368162670201748792.dl at line 278
Warning: No rules/facts defined for relation CreateIntValue in file gen_6368162670201748792.dl at line 1127
Warning: Deprecated type declaration used in file gen_6368162670201748792.dl at line 1537
.number_type Partition
^----------------------
Warning: No rules/facts defined for relation MyLambdaCallGraphEdge in file gen_6368162670201748792.dl at line 1759
Warning: No rules/facts defined for relation MyLambdaArg in file gen_6368162670201748792.dl at line 1760
Error loading _ActualParam data: Cannot open fact file ActualParam.facts

Error loading _ApplicationClass data: Cannot open fact file ApplicationClass.facts

Error loading _AssignCast data: Cannot open fact file AssignCast.facts

Error loading _AssignCastNull data: Cannot open fact file AssignCastNull.facts

Error loading _AssignCastNumConstant data: Cannot open fact file AssignCastNumConstant.facts

Error loading _AssignBinop data: Cannot open fact file AssignBinop.facts

Error loading _AssignHeapAllocation data: Cannot open fact file AssignHeapAllocation.facts

Error loading _AssignInstanceOf data: Cannot open fact file AssignInstanceOf.facts

Error loading _AssignLocal data: Cannot open fact file AssignLocal.facts

Error loading _AssignNull data: Cannot open fact file AssignNull.facts

Error loading _AssignNumConstant data: Cannot open fact file AssignNumConstant.facts

Error loading _AssignUnop data: Cannot open fact file AssignUnop.facts

Error loading _AssignPhantomInvoke data: Cannot open fact file AssignPhantomInvoke.facts

Error loading _BreakpointStmt data: Cannot open fact file BreakpointStmt.facts

Error loading _DynamicMethodInvocation data: Cannot open fact file DynamicMethodInvocation.facts

Error loading _EnterMonitor data: Cannot open fact file EnterMonitor.facts

Error loading _ExceptionHandler data: Cannot open fact file ExceptionHandler.facts

Error loading _ExitMonitor data: Cannot open fact file ExitMonitor.facts

Error loading _Goto data: Cannot open fact file Goto.facts

Error loading _If data: Cannot open fact file If.facts

Error loading _LoadArrayIndex data: Cannot open fact file LoadArrayIndex.facts

Error loading _LoadInstanceField data: Cannot open fact file LoadInstanceField.facts

Error loading _LoadStaticField data: Cannot open fact file LoadStaticField.facts

Error loading _LookupSwitch data: Cannot open fact file LookupSwitch.facts

Error loading _Return data: Cannot open fact file Return.facts

Error loading _ReturnVoid data: Cannot open fact file ReturnVoid.facts

Error loading _SpecialMethodInvocation data: Cannot open fact file SpecialMethodInvocation.facts

Error loading _StaticMethodInvocation data: Cannot open fact file StaticMethodInvocation.facts

Error loading _StoreArrayIndex data: Cannot open fact file StoreArrayIndex.facts

Error loading _StoreInstanceField data: Cannot open fact file StoreInstanceField.facts

Error loading _StoreStaticField data: Cannot open fact file StoreStaticField.facts

Error loading _SuperMethodInvocation data: Cannot open fact file SuperMethodInvocation.facts

Error loading _TableSwitch data: Cannot open fact file TableSwitch.facts

Error loading _Throw data: Cannot open fact file Throw.facts

Error loading _ThrowNull data: Cannot open fact file ThrowNull.facts

Error loading _UnsupportedInstruction data: Cannot open fact file UnsupportedInstruction.facts

Error loading _VirtualMethodInvocation data: Cannot open fact file VirtualMethodInvocation.facts

Error loading _AssignReturnValue data: Cannot open fact file AssignReturnValue.facts

Error loading _Method data: Cannot open fact file Method.facts

Error loading _FormalParam data: Cannot open fact file FormalParam.facts

Error loading _Method_DeclaresException data: Cannot open fact file Method-DeclaresException.facts

Error loading _Method_Modifier data: Cannot open fact file Method-Modifier.facts

Error loading _NativeReturnVar data: Cannot open fact file NativeReturnVar.facts

Error loading _ThisVar data: Cannot open fact file ThisVar.facts

Error loading _Var_DeclaringMethod data: Cannot open fact file Var-DeclaringMethod.facts

Error loading _DirectSuperclass data: Cannot open fact file DirectSuperclass.facts

Error loading _Var_Type data: Cannot open fact file Var-Type.facts

Error loading _DirectSuperinterface data: Cannot open fact file DirectSuperinterface.facts

Error loading _ClassType data: Cannot open fact file ClassType.facts

Error loading _ComponentType data: Cannot open fact file ComponentType.facts

Error loading _ArrayType data: Cannot open fact file ArrayType.facts

Error loading _InterfaceType data: Cannot open fact file InterfaceType.facts

Error loading Field_Annotation data: Cannot open fact file Field-Annotation.facts

Error loading Method_Annotation data: Cannot open fact file Method-Annotation.facts

Error loading Param_Annotation data: Cannot open fact file Param-Annotation.facts

Error loading Type_Annotation data: Cannot open fact file Type-Annotation.facts

Error loading _ClassHeap data: Cannot open fact file ClassHeap.facts

Error loading _NormalHeap data: Cannot open fact file NormalHeap.facts

Error loading _Field data: Cannot open fact file Field.facts

Error loading MainClass data: Cannot open fact file MainClass.facts

Error loading _MethodInvocation_Line data: Cannot open fact file MethodInvocation-Line.facts

Analysis compilation time (sec): 70
Caching analysis executable 29af9b585d3172c1740f5fc8ca492e0dbf8fe8c1cd3393256a2d9945e45af8fa in /u/q8liang/hacking/doop-hacking/cache/souffle-analyses/basic-only
[Task COMPILE Done]
SOOT_FACT_GEN: Classes in input (application) jar(s): 28775
SOOT_FACT_GEN: Total classes in Scene: 37346
SOOT_FACT_GEN: Retrieved all bodies (time: 156)
SOOT_FACT_GEN: Fact generation cores: 32
SOOT_FACT_GEN: WARNING: some classes were not resolved, consider using thorough fact generation or adding them manually via --also-resolve: [java.lang.Boolean[], java.beans.Customizer, javax.sound.sampled.Port, java.lang.Character[], java.awt.dnd.MouseDragGestureRecognizer, java.sql.Types, java.lang.Long[], com.sun.beans.editors.BooleanEditor, byte[], com.sun.java.util.jar.pack.UnpackerImpl, int[], com.sun.management.GarbageCollectorMXBean, java.lang.Object[], com.sun.beans.editors.LongEditor, java.lang.Integer[], double[], java.lang.Byte[], java.lang.String[], com.sun.beans.editors.ShortEditor, char[], java.util.concurrent.ConcurrentSkipListMap, sun.util.locale.provider.HostLocaleProviderAdapterImpl, float[], com.sun.java.util.jar.pack.PackerImpl, boolean[], com.sun.beans.editors.DoubleEditor, com.sun.beans.editors.ByteEditor, com.sun.beans.editors.FloatEditor, java.lang.Float[], com.sun.beans.editors.IntegerEditor, short[], long[], java.util.concurrent.ConcurrentNavigableMap, java.lang.Double[], java.lang.Short[]]
SOOT_FACT_GEN: Found 1974 phantom references. Rerun with '--report-phantoms' for more details.
SOOT_FACT_GEN: Methods without active bodies encountered (and reset): 0
Soot fact generation time: 280
Caching facts in /u/q8liang/hacking/doop-hacking/cache/4d56d6329e3c4b1b70d221752989041ff8decf3992402de82617a31767461ea3
Copying /u/q8liang/hacking/doop-hacking/out/mybatis-3-mybatis-3.5.6-basic-only-NORMAL/database to /u/q8liang/hacking/doop-hacking/cache/4d56d6329e3c4b1b70d221752989041ff8decf3992402de82617a31767461ea3...
----
[Task FACTS Done]
Using /usr/bin/time to gather performance statistics...
Running analysis
15330.85user 313.84system 23:40.97elapsed 1100%CPU (0avgtext+0avgdata 9136984maxresident)k
1299960inputs+274783832outputs (1major+17000432minor)pagefaults 0swaps
Analysis execution time (sec): 1420
-- Runtime metrics --
analysis compilation time (sec)                                                  70
analysis execution time (sec)                                                    1,420
disk footprint (KB)                                                              95,306,139
fact generation time (sec)                                                       280
Making database available at /u/q8liang/hacking/doop-hacking/results/mybatis-3.5.6/basic-only/java_8/mybatis-3-mybatis-3.5.6-basic-only-NORMAL
Making database available at /u/q8liang/hacking/doop-hacking/last-analysis

Deprecated Gradle features were used in this build, making it incompatible with Gradle 8.0.

You can use '--warning-mode all' to show the individual deprecation warnings and determine if they come from your own scripts or plugins.

See https://docs.gradle.org/7.3.3/userguide/command_line_interface.html#sec:command_line_warnings

BUILD SUCCESSFUL in 29m 3s
24 actionable tasks: 12 executed, 12 up-to-date
