> Task :generators:code-processor:generateGrammarSource UP-TO-DATE
> Task :generators:code-processor:compileJava UP-TO-DATE
> Task :generators:code-processor:compileGroovy UP-TO-DATE
> Task :generators:code-processor:processResources NO-SOURCE
> Task :generators:code-processor:classes UP-TO-DATE
> Task :generators:code-processor:jar UP-TO-DATE
> Task :generators:fact-generator-common:compileJava UP-TO-DATE
> Task :generators:fact-generator-common:processResources NO-SOURCE
> Task :generators:fact-generator-common:classes UP-TO-DATE
> Task :generators:fact-generator-common:shadowJar UP-TO-DATE
> Task :compileJava UP-TO-DATE
> Task :compileGroovy UP-TO-DATE
> Task :resolveApktool
> Task :generators:dex-fact-generator:compileJava UP-TO-DATE
> Task :generators:dex-fact-generator:processResources NO-SOURCE
> Task :generators:dex-fact-generator:classes UP-TO-DATE
> Task :generators:dex-fact-generator:jar
> Task :generators:dex-fact-generator:fatJar
> Task :generators:dex-fact-generator:installJar
> Task :generators:soot-fact-generator:compileJava UP-TO-DATE
> Task :generators:soot-fact-generator:compileGroovy NO-SOURCE
> Task :generators:soot-fact-generator:processResources NO-SOURCE
> Task :generators:soot-fact-generator:classes UP-TO-DATE
> Task :generators:soot-fact-generator:jar
> Task :generators:soot-fact-generator:fatJar
> Task :generators:soot-fact-generator:installJar
> Task :generators:wala-fact-generator:compileJava UP-TO-DATE
> Task :generators:wala-fact-generator:processResources UP-TO-DATE
> Task :generators:wala-fact-generator:classes UP-TO-DATE
> Task :generators:wala-fact-generator:jar
> Task :generators:wala-fact-generator:fatJar
> Task :generators:wala-fact-generator:installJar
> Task :resourceInstaller
> Task :processResources
> Task :classes
> Task :writeGitCommitHash UP-TO-DATE

> Task :run
WARNING: Default statistics are not compatible with analysis 'basic-only', disabling statistics logic.
Main class(es) expanded with [io.bootique.RootDriver]
WARNING: Handling of Java reflection is disabled!
New basic-only analysis
Id       : bootique-2.0.B1-basic-only-NORMAL
Inputs   : /u/p23lam/hacking/MockAbstraction/Benchmarks/bootique-2.0.B1/bootique/target/bootique-2.0.B1.jar, /u/p23lam/hacking/MockAbstraction/Benchmarks/bootique-2.0.B1/bootique/target/bootique-2.0.B1-tests.jar, /u/p23lam/hacking/MockAbstraction/Benchmarks/bootique-2.0.B1/bootique/mvn_dependencies/apiguardian-api-1.1.0.jar, /u/p23lam/hacking/MockAbstraction/Benchmarks/bootique-2.0.B1/bootique/mvn_dependencies/bootique-di-2.0.B1.jar, /u/p23lam/hacking/MockAbstraction/Benchmarks/bootique-2.0.B1/bootique/mvn_dependencies/byte-buddy-1.10.20.jar, /u/p23lam/hacking/MockAbstraction/Benchmarks/bootique-2.0.B1/bootique/mvn_dependencies/byte-buddy-agent-1.10.20.jar, /u/p23lam/hacking/MockAbstraction/Benchmarks/bootique-2.0.B1/bootique/mvn_dependencies/jackson-annotations-2.12.3.jar, /u/p23lam/hacking/MockAbstraction/Benchmarks/bootique-2.0.B1/bootique/mvn_dependencies/jackson-core-2.12.3.jar, /u/p23lam/hacking/MockAbstraction/Benchmarks/bootique-2.0.B1/bootique/mvn_dependencies/jackson-databind-2.12.3.jar, /u/p23lam/hacking/MockAbstraction/Benchmarks/bootique-2.0.B1/bootique/mvn_dependencies/jackson-dataformat-yaml-2.12.3.jar, /u/p23lam/hacking/MockAbstraction/Benchmarks/bootique-2.0.B1/bootique/mvn_dependencies/javax.inject-1.jar, /u/p23lam/hacking/MockAbstraction/Benchmarks/bootique-2.0.B1/bootique/mvn_dependencies/javax.servlet-api-3.1.0.jar, /u/p23lam/hacking/MockAbstraction/Benchmarks/bootique-2.0.B1/bootique/mvn_dependencies/jetty-http-9.4.40.v20210413.jar, /u/p23lam/hacking/MockAbstraction/Benchmarks/bootique-2.0.B1/bootique/mvn_dependencies/jetty-io-9.4.40.v20210413.jar, /u/p23lam/hacking/MockAbstraction/Benchmarks/bootique-2.0.B1/bootique/mvn_dependencies/jetty-security-9.4.40.v20210413.jar, /u/p23lam/hacking/MockAbstraction/Benchmarks/bootique-2.0.B1/bootique/mvn_dependencies/jetty-server-9.4.40.v20210413.jar, /u/p23lam/hacking/MockAbstraction/Benchmarks/bootique-2.0.B1/bootique/mvn_dependencies/jetty-servlet-9.4.40.v20210413.jar, /u/p23lam/hacking/MockAbstraction/Benchmarks/bootique-2.0.B1/bootique/mvn_dependencies/jetty-util-9.4.40.v20210413.jar, /u/p23lam/hacking/MockAbstraction/Benchmarks/bootique-2.0.B1/bootique/mvn_dependencies/jetty-util-ajax-9.4.40.v20210413.jar, /u/p23lam/hacking/MockAbstraction/Benchmarks/bootique-2.0.B1/bootique/mvn_dependencies/jopt-simple-5.0.3.jar, /u/p23lam/hacking/MockAbstraction/Benchmarks/bootique-2.0.B1/bootique/mvn_dependencies/junit-jupiter-api-5.7.1.jar, /u/p23lam/hacking/MockAbstraction/Benchmarks/bootique-2.0.B1/bootique/mvn_dependencies/junit-jupiter-engine-5.7.1.jar, /u/p23lam/hacking/MockAbstraction/Benchmarks/bootique-2.0.B1/bootique/mvn_dependencies/junit-platform-commons-1.7.1.jar, /u/p23lam/hacking/MockAbstraction/Benchmarks/bootique-2.0.B1/bootique/mvn_dependencies/junit-platform-engine-1.7.1.jar, /u/p23lam/hacking/MockAbstraction/Benchmarks/bootique-2.0.B1/bootique/mvn_dependencies/mockito-core-3.9.0.jar, /u/p23lam/hacking/MockAbstraction/Benchmarks/bootique-2.0.B1/bootique/mvn_dependencies/objenesis-3.2.jar, /u/p23lam/hacking/MockAbstraction/Benchmarks/bootique-2.0.B1/bootique/mvn_dependencies/opentest4j-1.2.0.jar, /u/p23lam/hacking/MockAbstraction/Benchmarks/bootique-2.0.B1/bootique/mvn_dependencies/slf4j-api-1.7.25.jar, /u/p23lam/hacking/MockAbstraction/Benchmarks/bootique-2.0.B1/bootique/mvn_dependencies/slf4j-simple-1.7.25.jar, /u/p23lam/hacking/MockAbstraction/Benchmarks/bootique-2.0.B1/bootique/mvn_dependencies/snakeyaml-1.27.jar
Libraries: 
Using a timeout of 90 min.
Adding extra logic file /u/p23lam/hacking/doop/souffle-logic/analyses/mocks/mocks.dl
[Task FACTS...]
[Task COMPILE...]
-- Fact Generation --
Using cached analysis executable /u/p23lam/hacking/doop/cache/souffle-analyses/basic-only/29af9b585d3172c1740f5fc8ca492e0dbf8fe8c1cd3393256a2d9945e45af8fa
[Task COMPILE Done]
SOOT_FACT_GEN: Logging initialized, using directory: /u/p23lam/hacking/doop/build/logs
SOOT_FACT_GEN: SLF4J: Failed to load class "org.slf4j.impl.StaticLoggerBinder".
SOOT_FACT_GEN: SLF4J: Defaulting to no-operation (NOP) logger implementation
SOOT_FACT_GEN: SLF4J: See http://www.slf4j.org/codes.html#StaticLoggerBinder for further details.
SOOT_FACT_GEN: Preprocessing application: /u/p23lam/hacking/MockAbstraction/Benchmarks/bootique-2.0.B1/bootique/target/bootique-2.0.B1.jar
SOOT_FACT_GEN: Preprocessing application: /u/p23lam/hacking/MockAbstraction/Benchmarks/bootique-2.0.B1/bootique/target/bootique-2.0.B1-tests.jar
SOOT_FACT_GEN: Preprocessing application: /u/p23lam/hacking/MockAbstraction/Benchmarks/bootique-2.0.B1/bootique/mvn_dependencies/apiguardian-api-1.1.0.jar
SOOT_FACT_GEN: Preprocessing application: /u/p23lam/hacking/MockAbstraction/Benchmarks/bootique-2.0.B1/bootique/mvn_dependencies/bootique-di-2.0.B1.jar
SOOT_FACT_GEN: Preprocessing application: /u/p23lam/hacking/MockAbstraction/Benchmarks/bootique-2.0.B1/bootique/mvn_dependencies/byte-buddy-1.10.20.jar
SOOT_FACT_GEN: Preprocessing application: /u/p23lam/hacking/MockAbstraction/Benchmarks/bootique-2.0.B1/bootique/mvn_dependencies/byte-buddy-agent-1.10.20.jar
SOOT_FACT_GEN: Preprocessing application: /u/p23lam/hacking/MockAbstraction/Benchmarks/bootique-2.0.B1/bootique/mvn_dependencies/jackson-annotations-2.12.3.jar
SOOT_FACT_GEN: Preprocessing application: /u/p23lam/hacking/MockAbstraction/Benchmarks/bootique-2.0.B1/bootique/mvn_dependencies/jackson-core-2.12.3.jar
SOOT_FACT_GEN: Preprocessing application: /u/p23lam/hacking/MockAbstraction/Benchmarks/bootique-2.0.B1/bootique/mvn_dependencies/jackson-databind-2.12.3.jar
SOOT_FACT_GEN: Preprocessing application: /u/p23lam/hacking/MockAbstraction/Benchmarks/bootique-2.0.B1/bootique/mvn_dependencies/jackson-dataformat-yaml-2.12.3.jar
SOOT_FACT_GEN: Preprocessing application: /u/p23lam/hacking/MockAbstraction/Benchmarks/bootique-2.0.B1/bootique/mvn_dependencies/javax.inject-1.jar
SOOT_FACT_GEN: Preprocessing application: /u/p23lam/hacking/MockAbstraction/Benchmarks/bootique-2.0.B1/bootique/mvn_dependencies/javax.servlet-api-3.1.0.jar
SOOT_FACT_GEN: Preprocessing application: /u/p23lam/hacking/MockAbstraction/Benchmarks/bootique-2.0.B1/bootique/mvn_dependencies/jetty-http-9.4.40.v20210413.jar
SOOT_FACT_GEN: Preprocessing application: /u/p23lam/hacking/MockAbstraction/Benchmarks/bootique-2.0.B1/bootique/mvn_dependencies/jetty-io-9.4.40.v20210413.jar
SOOT_FACT_GEN: Preprocessing application: /u/p23lam/hacking/MockAbstraction/Benchmarks/bootique-2.0.B1/bootique/mvn_dependencies/jetty-security-9.4.40.v20210413.jar
SOOT_FACT_GEN: Preprocessing application: /u/p23lam/hacking/MockAbstraction/Benchmarks/bootique-2.0.B1/bootique/mvn_dependencies/jetty-server-9.4.40.v20210413.jar
SOOT_FACT_GEN: Preprocessing application: /u/p23lam/hacking/MockAbstraction/Benchmarks/bootique-2.0.B1/bootique/mvn_dependencies/jetty-servlet-9.4.40.v20210413.jar
SOOT_FACT_GEN: Preprocessing application: /u/p23lam/hacking/MockAbstraction/Benchmarks/bootique-2.0.B1/bootique/mvn_dependencies/jetty-util-9.4.40.v20210413.jar
SOOT_FACT_GEN: Preprocessing application: /u/p23lam/hacking/MockAbstraction/Benchmarks/bootique-2.0.B1/bootique/mvn_dependencies/jetty-util-ajax-9.4.40.v20210413.jar
SOOT_FACT_GEN: Preprocessing application: /u/p23lam/hacking/MockAbstraction/Benchmarks/bootique-2.0.B1/bootique/mvn_dependencies/jopt-simple-5.0.3.jar
SOOT_FACT_GEN: Preprocessing application: /u/p23lam/hacking/MockAbstraction/Benchmarks/bootique-2.0.B1/bootique/mvn_dependencies/junit-jupiter-api-5.7.1.jar
SOOT_FACT_GEN: Preprocessing application: /u/p23lam/hacking/MockAbstraction/Benchmarks/bootique-2.0.B1/bootique/mvn_dependencies/junit-jupiter-engine-5.7.1.jar
SOOT_FACT_GEN: Preprocessing application: /u/p23lam/hacking/MockAbstraction/Benchmarks/bootique-2.0.B1/bootique/mvn_dependencies/junit-platform-commons-1.7.1.jar
SOOT_FACT_GEN: Preprocessing application: /u/p23lam/hacking/MockAbstraction/Benchmarks/bootique-2.0.B1/bootique/mvn_dependencies/junit-platform-engine-1.7.1.jar
SOOT_FACT_GEN: Preprocessing application: /u/p23lam/hacking/MockAbstraction/Benchmarks/bootique-2.0.B1/bootique/mvn_dependencies/mockito-core-3.9.0.jar
SOOT_FACT_GEN: Preprocessing application: /u/p23lam/hacking/MockAbstraction/Benchmarks/bootique-2.0.B1/bootique/mvn_dependencies/objenesis-3.2.jar
SOOT_FACT_GEN: Preprocessing application: /u/p23lam/hacking/MockAbstraction/Benchmarks/bootique-2.0.B1/bootique/mvn_dependencies/opentest4j-1.2.0.jar
SOOT_FACT_GEN: Preprocessing application: /u/p23lam/hacking/MockAbstraction/Benchmarks/bootique-2.0.B1/bootique/mvn_dependencies/slf4j-api-1.7.25.jar
SOOT_FACT_GEN: Preprocessing application: /u/p23lam/hacking/MockAbstraction/Benchmarks/bootique-2.0.B1/bootique/mvn_dependencies/slf4j-simple-1.7.25.jar
SOOT_FACT_GEN: Preprocessing application: /u/p23lam/hacking/MockAbstraction/Benchmarks/bootique-2.0.B1/bootique/mvn_dependencies/snakeyaml-1.27.jar
SOOT_FACT_GEN: Preprocessing platform library: /u/p23lam/hacking/doop/build/tmp/rt_17323504605898360306.jar
SOOT_FACT_GEN: Preprocessing platform library: /u/p23lam/hacking/doop/build/tmp/jce_12716357386020780187.jar
SOOT_FACT_GEN: Preprocessing platform library: /u/p23lam/hacking/doop/build/tmp/jsse_13191220480555799564.jar
SOOT_FACT_GEN: Adding archive: /u/p23lam/hacking/MockAbstraction/Benchmarks/bootique-2.0.B1/bootique/target/bootique-2.0.B1.jar
SOOT_FACT_GEN: Adding archive: /u/p23lam/hacking/MockAbstraction/Benchmarks/bootique-2.0.B1/bootique/target/bootique-2.0.B1-tests.jar
SOOT_FACT_GEN: Adding archive: /u/p23lam/hacking/MockAbstraction/Benchmarks/bootique-2.0.B1/bootique/mvn_dependencies/apiguardian-api-1.1.0.jar
SOOT_FACT_GEN: Adding archive: /u/p23lam/hacking/MockAbstraction/Benchmarks/bootique-2.0.B1/bootique/mvn_dependencies/bootique-di-2.0.B1.jar
SOOT_FACT_GEN: Adding archive: /u/p23lam/hacking/MockAbstraction/Benchmarks/bootique-2.0.B1/bootique/mvn_dependencies/byte-buddy-1.10.20.jar
SOOT_FACT_GEN: Adding archive: /u/p23lam/hacking/MockAbstraction/Benchmarks/bootique-2.0.B1/bootique/mvn_dependencies/byte-buddy-agent-1.10.20.jar
SOOT_FACT_GEN: Adding archive: /u/p23lam/hacking/MockAbstraction/Benchmarks/bootique-2.0.B1/bootique/mvn_dependencies/jackson-annotations-2.12.3.jar
SOOT_FACT_GEN: Adding archive: /u/p23lam/hacking/MockAbstraction/Benchmarks/bootique-2.0.B1/bootique/mvn_dependencies/jackson-core-2.12.3.jar
SOOT_FACT_GEN: Adding archive: /u/p23lam/hacking/MockAbstraction/Benchmarks/bootique-2.0.B1/bootique/mvn_dependencies/jackson-databind-2.12.3.jar
SOOT_FACT_GEN: Adding archive: /u/p23lam/hacking/MockAbstraction/Benchmarks/bootique-2.0.B1/bootique/mvn_dependencies/jackson-dataformat-yaml-2.12.3.jar
SOOT_FACT_GEN: Adding archive: /u/p23lam/hacking/MockAbstraction/Benchmarks/bootique-2.0.B1/bootique/mvn_dependencies/javax.inject-1.jar
SOOT_FACT_GEN: Adding archive: /u/p23lam/hacking/MockAbstraction/Benchmarks/bootique-2.0.B1/bootique/mvn_dependencies/javax.servlet-api-3.1.0.jar
SOOT_FACT_GEN: Adding archive: /u/p23lam/hacking/MockAbstraction/Benchmarks/bootique-2.0.B1/bootique/mvn_dependencies/jetty-http-9.4.40.v20210413.jar
SOOT_FACT_GEN: Adding archive: /u/p23lam/hacking/MockAbstraction/Benchmarks/bootique-2.0.B1/bootique/mvn_dependencies/jetty-io-9.4.40.v20210413.jar
SOOT_FACT_GEN: Adding archive: /u/p23lam/hacking/MockAbstraction/Benchmarks/bootique-2.0.B1/bootique/mvn_dependencies/jetty-security-9.4.40.v20210413.jar
SOOT_FACT_GEN: Adding archive: /u/p23lam/hacking/MockAbstraction/Benchmarks/bootique-2.0.B1/bootique/mvn_dependencies/jetty-server-9.4.40.v20210413.jar
SOOT_FACT_GEN: Adding archive: /u/p23lam/hacking/MockAbstraction/Benchmarks/bootique-2.0.B1/bootique/mvn_dependencies/jetty-servlet-9.4.40.v20210413.jar
SOOT_FACT_GEN: Adding archive: /u/p23lam/hacking/MockAbstraction/Benchmarks/bootique-2.0.B1/bootique/mvn_dependencies/jetty-util-9.4.40.v20210413.jar
SOOT_FACT_GEN: Adding archive: /u/p23lam/hacking/MockAbstraction/Benchmarks/bootique-2.0.B1/bootique/mvn_dependencies/jetty-util-ajax-9.4.40.v20210413.jar
SOOT_FACT_GEN: Adding archive: /u/p23lam/hacking/MockAbstraction/Benchmarks/bootique-2.0.B1/bootique/mvn_dependencies/jopt-simple-5.0.3.jar
SOOT_FACT_GEN: Adding archive: /u/p23lam/hacking/MockAbstraction/Benchmarks/bootique-2.0.B1/bootique/mvn_dependencies/junit-jupiter-api-5.7.1.jar
SOOT_FACT_GEN: Adding archive: /u/p23lam/hacking/MockAbstraction/Benchmarks/bootique-2.0.B1/bootique/mvn_dependencies/junit-jupiter-engine-5.7.1.jar
SOOT_FACT_GEN: Adding archive: /u/p23lam/hacking/MockAbstraction/Benchmarks/bootique-2.0.B1/bootique/mvn_dependencies/junit-platform-commons-1.7.1.jar
SOOT_FACT_GEN: Adding archive: /u/p23lam/hacking/MockAbstraction/Benchmarks/bootique-2.0.B1/bootique/mvn_dependencies/junit-platform-engine-1.7.1.jar
SOOT_FACT_GEN: Adding archive: /u/p23lam/hacking/MockAbstraction/Benchmarks/bootique-2.0.B1/bootique/mvn_dependencies/mockito-core-3.9.0.jar
SOOT_FACT_GEN: Adding archive: /u/p23lam/hacking/MockAbstraction/Benchmarks/bootique-2.0.B1/bootique/mvn_dependencies/objenesis-3.2.jar
SOOT_FACT_GEN: Adding archive: /u/p23lam/hacking/MockAbstraction/Benchmarks/bootique-2.0.B1/bootique/mvn_dependencies/opentest4j-1.2.0.jar
SOOT_FACT_GEN: Adding archive: /u/p23lam/hacking/MockAbstraction/Benchmarks/bootique-2.0.B1/bootique/mvn_dependencies/slf4j-api-1.7.25.jar
SOOT_FACT_GEN: Adding archive: /u/p23lam/hacking/MockAbstraction/Benchmarks/bootique-2.0.B1/bootique/mvn_dependencies/slf4j-simple-1.7.25.jar
SOOT_FACT_GEN: Adding archive: /u/p23lam/hacking/MockAbstraction/Benchmarks/bootique-2.0.B1/bootique/mvn_dependencies/snakeyaml-1.27.jar
SOOT_FACT_GEN: Adding archive for resolving: /u/p23lam/hacking/doop/build/tmp/rt_17323504605898360306.jar
SOOT_FACT_GEN: Adding archive for resolving: /u/p23lam/hacking/doop/build/tmp/jce_12716357386020780187.jar
SOOT_FACT_GEN: Adding archive for resolving: /u/p23lam/hacking/doop/build/tmp/jsse_13191220480555799564.jar
SOOT_FACT_GEN: Classes in input (application) jar(s): 6521
SOOT_FACT_GEN: Total classes in Scene: 14310
SOOT_FACT_GEN: Retrieved all bodies (time: 59)
SOOT_FACT_GEN: Fact generation cores: 32
SOOT_FACT_GEN: WARNING: some classes were not resolved, consider using thorough fact generation or adding them manually via --also-resolve: [java.lang.Boolean[], java.beans.Customizer, javax.sound.sampled.Port, java.lang.Character[], java.awt.dnd.MouseDragGestureRecognizer, java.lang.Long[], com.sun.beans.editors.BooleanEditor, byte[], sun.util.locale.provider.HostLocaleProviderAdapterImpl, float[], int[], com.sun.management.GarbageCollectorMXBean, com.sun.beans.editors.LongEditor, java.lang.Integer[], boolean[], com.sun.beans.editors.DoubleEditor, double[], com.sun.beans.editors.ByteEditor, com.sun.beans.editors.FloatEditor, java.lang.Float[], com.sun.beans.editors.IntegerEditor, java.lang.Byte[], short[], java.lang.String[], long[], org.junit.Test, java.util.concurrent.ConcurrentNavigableMap, com.sun.beans.editors.ShortEditor, java.lang.Double[], java.lang.Short[], org.hamcrest.BaseMatcher, char[], java.util.concurrent.ConcurrentSkipListMap]
SOOT_FACT_GEN: Found 520 phantom references. Rerun with '--report-phantoms' for more details.
SOOT_FACT_GEN: Methods without active bodies encountered (and reset): 0
Soot fact generation time: 118
Caching facts in /u/p23lam/hacking/doop/cache/be4960691d12d51604b4d65ece826c79ffc8c30b75225a0db87f2daf04e5ad21
Copying /u/p23lam/hacking/doop/out/bootique-2.0.B1-basic-only-NORMAL/database to /u/p23lam/hacking/doop/cache/be4960691d12d51604b4d65ece826c79ffc8c30b75225a0db87f2daf04e5ad21...
----
[Task FACTS Done]
Using /usr/bin/time to gather performance statistics...
Running analysis
760.35user 51.14system 2:19.57elapsed 581%CPU (0avgtext+0avgdata 1948208maxresident)k
568inputs+41311824outputs (0major+3001711minor)pagefaults 0swaps
Analysis execution time (sec): 139
-- Runtime metrics --
analysis compilation time (sec)                                                  0
analysis execution time (sec)                                                    139
disk footprint (KB)                                                              15,429,312
fact generation time (sec)                                                       118
Making database available at /u/p23lam/hacking/doop/results/bootique-2.0.B1/basic-only/java_8/bootique-2.0.B1-basic-only-NORMAL
Making database available at /u/p23lam/hacking/doop/last-analysis

Deprecated Gradle features were used in this build, making it incompatible with Gradle 8.0.

You can use '--warning-mode all' to show the individual deprecation warnings and determine if they come from your own scripts or plugins.

See https://docs.gradle.org/7.3.3/userguide/command_line_interface.html#sec:command_line_warnings

BUILD SUCCESSFUL in 4m 48s
24 actionable tasks: 12 executed, 12 up-to-date
