> Task :generators:code-processor:generateGrammarSource UP-TO-DATE
> Task :generators:code-processor:compileJava UP-TO-DATE
> Task :generators:code-processor:compileGroovy UP-TO-DATE
> Task :generators:code-processor:processResources NO-SOURCE
> Task :generators:code-processor:classes UP-TO-DATE
> Task :generators:code-processor:jar UP-TO-DATE
> Task :generators:fact-generator-common:compileJava UP-TO-DATE
> Task :generators:fact-generator-common:processResources NO-SOURCE
> Task :generators:fact-generator-common:classes UP-TO-DATE
> Task :generators:fact-generator-common:shadowJar UP-TO-DATE
> Task :compileJava UP-TO-DATE
> Task :compileGroovy UP-TO-DATE
> Task :resolveApktool
> Task :generators:dex-fact-generator:compileJava UP-TO-DATE
> Task :generators:dex-fact-generator:processResources NO-SOURCE
> Task :generators:dex-fact-generator:classes UP-TO-DATE
> Task :generators:dex-fact-generator:jar
> Task :generators:dex-fact-generator:fatJar
> Task :generators:dex-fact-generator:installJar
> Task :generators:soot-fact-generator:compileJava UP-TO-DATE
> Task :generators:soot-fact-generator:compileGroovy NO-SOURCE
> Task :generators:soot-fact-generator:processResources NO-SOURCE
> Task :generators:soot-fact-generator:classes UP-TO-DATE
> Task :generators:soot-fact-generator:jar
> Task :generators:soot-fact-generator:fatJar
> Task :generators:soot-fact-generator:installJar
> Task :generators:wala-fact-generator:compileJava UP-TO-DATE
> Task :generators:wala-fact-generator:processResources UP-TO-DATE
> Task :generators:wala-fact-generator:classes UP-TO-DATE
> Task :generators:wala-fact-generator:jar
> Task :generators:wala-fact-generator:fatJar
> Task :generators:wala-fact-generator:installJar
> Task :resourceInstaller
> Task :processResources
> Task :classes
> Task :writeGitCommitHash UP-TO-DATE

> Task :run
Main class(es) expanded with [io.bootique.RootDriver]
WARNING: Handling of Java reflection is disabled!
New 1-object-sensitive analysis
Id       : bootique-2.0.B1-1-object-sensitive-NORMAL
Inputs   : /u/p23lam/hacking/MockAbstraction/Benchmarks/bootique-2.0.B1/bootique/target/bootique-2.0.B1.jar, /u/p23lam/hacking/MockAbstraction/Benchmarks/bootique-2.0.B1/bootique/target/bootique-2.0.B1-tests.jar, /u/p23lam/hacking/MockAbstraction/Benchmarks/bootique-2.0.B1/bootique/mvn_dependencies/apiguardian-api-1.1.0.jar, /u/p23lam/hacking/MockAbstraction/Benchmarks/bootique-2.0.B1/bootique/mvn_dependencies/bootique-di-2.0.B1.jar, /u/p23lam/hacking/MockAbstraction/Benchmarks/bootique-2.0.B1/bootique/mvn_dependencies/byte-buddy-1.10.20.jar, /u/p23lam/hacking/MockAbstraction/Benchmarks/bootique-2.0.B1/bootique/mvn_dependencies/byte-buddy-agent-1.10.20.jar, /u/p23lam/hacking/MockAbstraction/Benchmarks/bootique-2.0.B1/bootique/mvn_dependencies/jackson-annotations-2.12.3.jar, /u/p23lam/hacking/MockAbstraction/Benchmarks/bootique-2.0.B1/bootique/mvn_dependencies/jackson-core-2.12.3.jar, /u/p23lam/hacking/MockAbstraction/Benchmarks/bootique-2.0.B1/bootique/mvn_dependencies/jackson-databind-2.12.3.jar, /u/p23lam/hacking/MockAbstraction/Benchmarks/bootique-2.0.B1/bootique/mvn_dependencies/jackson-dataformat-yaml-2.12.3.jar, /u/p23lam/hacking/MockAbstraction/Benchmarks/bootique-2.0.B1/bootique/mvn_dependencies/javax.inject-1.jar, /u/p23lam/hacking/MockAbstraction/Benchmarks/bootique-2.0.B1/bootique/mvn_dependencies/javax.servlet-api-3.1.0.jar, /u/p23lam/hacking/MockAbstraction/Benchmarks/bootique-2.0.B1/bootique/mvn_dependencies/jetty-http-9.4.40.v20210413.jar, /u/p23lam/hacking/MockAbstraction/Benchmarks/bootique-2.0.B1/bootique/mvn_dependencies/jetty-io-9.4.40.v20210413.jar, /u/p23lam/hacking/MockAbstraction/Benchmarks/bootique-2.0.B1/bootique/mvn_dependencies/jetty-security-9.4.40.v20210413.jar, /u/p23lam/hacking/MockAbstraction/Benchmarks/bootique-2.0.B1/bootique/mvn_dependencies/jetty-server-9.4.40.v20210413.jar, /u/p23lam/hacking/MockAbstraction/Benchmarks/bootique-2.0.B1/bootique/mvn_dependencies/jetty-servlet-9.4.40.v20210413.jar, /u/p23lam/hacking/MockAbstraction/Benchmarks/bootique-2.0.B1/bootique/mvn_dependencies/jetty-util-9.4.40.v20210413.jar, /u/p23lam/hacking/MockAbstraction/Benchmarks/bootique-2.0.B1/bootique/mvn_dependencies/jetty-util-ajax-9.4.40.v20210413.jar, /u/p23lam/hacking/MockAbstraction/Benchmarks/bootique-2.0.B1/bootique/mvn_dependencies/jopt-simple-5.0.3.jar, /u/p23lam/hacking/MockAbstraction/Benchmarks/bootique-2.0.B1/bootique/mvn_dependencies/junit-jupiter-api-5.7.1.jar, /u/p23lam/hacking/MockAbstraction/Benchmarks/bootique-2.0.B1/bootique/mvn_dependencies/junit-jupiter-engine-5.7.1.jar, /u/p23lam/hacking/MockAbstraction/Benchmarks/bootique-2.0.B1/bootique/mvn_dependencies/junit-platform-commons-1.7.1.jar, /u/p23lam/hacking/MockAbstraction/Benchmarks/bootique-2.0.B1/bootique/mvn_dependencies/junit-platform-engine-1.7.1.jar, /u/p23lam/hacking/MockAbstraction/Benchmarks/bootique-2.0.B1/bootique/mvn_dependencies/mockito-core-3.9.0.jar, /u/p23lam/hacking/MockAbstraction/Benchmarks/bootique-2.0.B1/bootique/mvn_dependencies/objenesis-3.2.jar, /u/p23lam/hacking/MockAbstraction/Benchmarks/bootique-2.0.B1/bootique/mvn_dependencies/opentest4j-1.2.0.jar, /u/p23lam/hacking/MockAbstraction/Benchmarks/bootique-2.0.B1/bootique/mvn_dependencies/slf4j-api-1.7.25.jar, /u/p23lam/hacking/MockAbstraction/Benchmarks/bootique-2.0.B1/bootique/mvn_dependencies/slf4j-simple-1.7.25.jar, /u/p23lam/hacking/MockAbstraction/Benchmarks/bootique-2.0.B1/bootique/mvn_dependencies/snakeyaml-1.27.jar
Libraries: 
Using a timeout of 90 min.
Adding extra logic file /u/p23lam/hacking/doop/souffle-logic/analyses/mocks/mocks.dl
[Task FACTS...]
[Task COMPILE...]
-- Fact Generation --
Using cached analysis executable /u/p23lam/hacking/doop/cache/souffle-analyses/1-object-sensitive/429940c583e84770f97f545b953dd9de38468e95d1902ac23a0ddc5ab475e79c
[Task COMPILE Done]
SOOT_FACT_GEN: Logging initialized, using directory: /u/p23lam/hacking/doop/build/logs
SOOT_FACT_GEN: SLF4J: Failed to load class "org.slf4j.impl.StaticLoggerBinder".
SOOT_FACT_GEN: SLF4J: Defaulting to no-operation (NOP) logger implementation
SOOT_FACT_GEN: SLF4J: See http://www.slf4j.org/codes.html#StaticLoggerBinder for further details.
SOOT_FACT_GEN: Preprocessing application: /u/p23lam/hacking/MockAbstraction/Benchmarks/bootique-2.0.B1/bootique/target/bootique-2.0.B1.jar
SOOT_FACT_GEN: Preprocessing application: /u/p23lam/hacking/MockAbstraction/Benchmarks/bootique-2.0.B1/bootique/target/bootique-2.0.B1-tests.jar
SOOT_FACT_GEN: Preprocessing application: /u/p23lam/hacking/MockAbstraction/Benchmarks/bootique-2.0.B1/bootique/mvn_dependencies/apiguardian-api-1.1.0.jar
SOOT_FACT_GEN: Preprocessing application: /u/p23lam/hacking/MockAbstraction/Benchmarks/bootique-2.0.B1/bootique/mvn_dependencies/bootique-di-2.0.B1.jar
SOOT_FACT_GEN: Preprocessing application: /u/p23lam/hacking/MockAbstraction/Benchmarks/bootique-2.0.B1/bootique/mvn_dependencies/byte-buddy-1.10.20.jar
SOOT_FACT_GEN: Preprocessing application: /u/p23lam/hacking/MockAbstraction/Benchmarks/bootique-2.0.B1/bootique/mvn_dependencies/byte-buddy-agent-1.10.20.jar
SOOT_FACT_GEN: Preprocessing application: /u/p23lam/hacking/MockAbstraction/Benchmarks/bootique-2.0.B1/bootique/mvn_dependencies/jackson-annotations-2.12.3.jar
SOOT_FACT_GEN: Preprocessing application: /u/p23lam/hacking/MockAbstraction/Benchmarks/bootique-2.0.B1/bootique/mvn_dependencies/jackson-core-2.12.3.jar
SOOT_FACT_GEN: Preprocessing application: /u/p23lam/hacking/MockAbstraction/Benchmarks/bootique-2.0.B1/bootique/mvn_dependencies/jackson-databind-2.12.3.jar
SOOT_FACT_GEN: Preprocessing application: /u/p23lam/hacking/MockAbstraction/Benchmarks/bootique-2.0.B1/bootique/mvn_dependencies/jackson-dataformat-yaml-2.12.3.jar
SOOT_FACT_GEN: Preprocessing application: /u/p23lam/hacking/MockAbstraction/Benchmarks/bootique-2.0.B1/bootique/mvn_dependencies/javax.inject-1.jar
SOOT_FACT_GEN: Preprocessing application: /u/p23lam/hacking/MockAbstraction/Benchmarks/bootique-2.0.B1/bootique/mvn_dependencies/javax.servlet-api-3.1.0.jar
SOOT_FACT_GEN: Preprocessing application: /u/p23lam/hacking/MockAbstraction/Benchmarks/bootique-2.0.B1/bootique/mvn_dependencies/jetty-http-9.4.40.v20210413.jar
SOOT_FACT_GEN: Preprocessing application: /u/p23lam/hacking/MockAbstraction/Benchmarks/bootique-2.0.B1/bootique/mvn_dependencies/jetty-io-9.4.40.v20210413.jar
SOOT_FACT_GEN: Preprocessing application: /u/p23lam/hacking/MockAbstraction/Benchmarks/bootique-2.0.B1/bootique/mvn_dependencies/jetty-security-9.4.40.v20210413.jar
SOOT_FACT_GEN: Preprocessing application: /u/p23lam/hacking/MockAbstraction/Benchmarks/bootique-2.0.B1/bootique/mvn_dependencies/jetty-server-9.4.40.v20210413.jar
SOOT_FACT_GEN: Preprocessing application: /u/p23lam/hacking/MockAbstraction/Benchmarks/bootique-2.0.B1/bootique/mvn_dependencies/jetty-servlet-9.4.40.v20210413.jar
SOOT_FACT_GEN: Preprocessing application: /u/p23lam/hacking/MockAbstraction/Benchmarks/bootique-2.0.B1/bootique/mvn_dependencies/jetty-util-9.4.40.v20210413.jar
SOOT_FACT_GEN: Preprocessing application: /u/p23lam/hacking/MockAbstraction/Benchmarks/bootique-2.0.B1/bootique/mvn_dependencies/jetty-util-ajax-9.4.40.v20210413.jar
SOOT_FACT_GEN: Preprocessing application: /u/p23lam/hacking/MockAbstraction/Benchmarks/bootique-2.0.B1/bootique/mvn_dependencies/jopt-simple-5.0.3.jar
SOOT_FACT_GEN: Preprocessing application: /u/p23lam/hacking/MockAbstraction/Benchmarks/bootique-2.0.B1/bootique/mvn_dependencies/junit-jupiter-api-5.7.1.jar
SOOT_FACT_GEN: Preprocessing application: /u/p23lam/hacking/MockAbstraction/Benchmarks/bootique-2.0.B1/bootique/mvn_dependencies/junit-jupiter-engine-5.7.1.jar
SOOT_FACT_GEN: Preprocessing application: /u/p23lam/hacking/MockAbstraction/Benchmarks/bootique-2.0.B1/bootique/mvn_dependencies/junit-platform-commons-1.7.1.jar
SOOT_FACT_GEN: Preprocessing application: /u/p23lam/hacking/MockAbstraction/Benchmarks/bootique-2.0.B1/bootique/mvn_dependencies/junit-platform-engine-1.7.1.jar
SOOT_FACT_GEN: Preprocessing application: /u/p23lam/hacking/MockAbstraction/Benchmarks/bootique-2.0.B1/bootique/mvn_dependencies/mockito-core-3.9.0.jar
SOOT_FACT_GEN: Preprocessing application: /u/p23lam/hacking/MockAbstraction/Benchmarks/bootique-2.0.B1/bootique/mvn_dependencies/objenesis-3.2.jar
SOOT_FACT_GEN: Preprocessing application: /u/p23lam/hacking/MockAbstraction/Benchmarks/bootique-2.0.B1/bootique/mvn_dependencies/opentest4j-1.2.0.jar
SOOT_FACT_GEN: Preprocessing application: /u/p23lam/hacking/MockAbstraction/Benchmarks/bootique-2.0.B1/bootique/mvn_dependencies/slf4j-api-1.7.25.jar
SOOT_FACT_GEN: Preprocessing application: /u/p23lam/hacking/MockAbstraction/Benchmarks/bootique-2.0.B1/bootique/mvn_dependencies/slf4j-simple-1.7.25.jar
SOOT_FACT_GEN: Preprocessing application: /u/p23lam/hacking/MockAbstraction/Benchmarks/bootique-2.0.B1/bootique/mvn_dependencies/snakeyaml-1.27.jar
SOOT_FACT_GEN: Preprocessing platform library: /u/p23lam/hacking/doop/build/tmp/rt_17373446751159957905.jar
SOOT_FACT_GEN: Preprocessing platform library: /u/p23lam/hacking/doop/build/tmp/jce_1102438571811719748.jar
SOOT_FACT_GEN: Preprocessing platform library: /u/p23lam/hacking/doop/build/tmp/jsse_8549199365561569785.jar
SOOT_FACT_GEN: Adding archive: /u/p23lam/hacking/MockAbstraction/Benchmarks/bootique-2.0.B1/bootique/target/bootique-2.0.B1.jar
SOOT_FACT_GEN: Adding archive: /u/p23lam/hacking/MockAbstraction/Benchmarks/bootique-2.0.B1/bootique/target/bootique-2.0.B1-tests.jar
SOOT_FACT_GEN: Adding archive: /u/p23lam/hacking/MockAbstraction/Benchmarks/bootique-2.0.B1/bootique/mvn_dependencies/apiguardian-api-1.1.0.jar
SOOT_FACT_GEN: Adding archive: /u/p23lam/hacking/MockAbstraction/Benchmarks/bootique-2.0.B1/bootique/mvn_dependencies/bootique-di-2.0.B1.jar
SOOT_FACT_GEN: Adding archive: /u/p23lam/hacking/MockAbstraction/Benchmarks/bootique-2.0.B1/bootique/mvn_dependencies/byte-buddy-1.10.20.jar
SOOT_FACT_GEN: Adding archive: /u/p23lam/hacking/MockAbstraction/Benchmarks/bootique-2.0.B1/bootique/mvn_dependencies/byte-buddy-agent-1.10.20.jar
SOOT_FACT_GEN: Adding archive: /u/p23lam/hacking/MockAbstraction/Benchmarks/bootique-2.0.B1/bootique/mvn_dependencies/jackson-annotations-2.12.3.jar
SOOT_FACT_GEN: Adding archive: /u/p23lam/hacking/MockAbstraction/Benchmarks/bootique-2.0.B1/bootique/mvn_dependencies/jackson-core-2.12.3.jar
SOOT_FACT_GEN: Adding archive: /u/p23lam/hacking/MockAbstraction/Benchmarks/bootique-2.0.B1/bootique/mvn_dependencies/jackson-databind-2.12.3.jar
SOOT_FACT_GEN: Adding archive: /u/p23lam/hacking/MockAbstraction/Benchmarks/bootique-2.0.B1/bootique/mvn_dependencies/jackson-dataformat-yaml-2.12.3.jar
SOOT_FACT_GEN: Adding archive: /u/p23lam/hacking/MockAbstraction/Benchmarks/bootique-2.0.B1/bootique/mvn_dependencies/javax.inject-1.jar
SOOT_FACT_GEN: Adding archive: /u/p23lam/hacking/MockAbstraction/Benchmarks/bootique-2.0.B1/bootique/mvn_dependencies/javax.servlet-api-3.1.0.jar
SOOT_FACT_GEN: Adding archive: /u/p23lam/hacking/MockAbstraction/Benchmarks/bootique-2.0.B1/bootique/mvn_dependencies/jetty-http-9.4.40.v20210413.jar
SOOT_FACT_GEN: Adding archive: /u/p23lam/hacking/MockAbstraction/Benchmarks/bootique-2.0.B1/bootique/mvn_dependencies/jetty-io-9.4.40.v20210413.jar
SOOT_FACT_GEN: Adding archive: /u/p23lam/hacking/MockAbstraction/Benchmarks/bootique-2.0.B1/bootique/mvn_dependencies/jetty-security-9.4.40.v20210413.jar
SOOT_FACT_GEN: Adding archive: /u/p23lam/hacking/MockAbstraction/Benchmarks/bootique-2.0.B1/bootique/mvn_dependencies/jetty-server-9.4.40.v20210413.jar
SOOT_FACT_GEN: Adding archive: /u/p23lam/hacking/MockAbstraction/Benchmarks/bootique-2.0.B1/bootique/mvn_dependencies/jetty-servlet-9.4.40.v20210413.jar
SOOT_FACT_GEN: Adding archive: /u/p23lam/hacking/MockAbstraction/Benchmarks/bootique-2.0.B1/bootique/mvn_dependencies/jetty-util-9.4.40.v20210413.jar
SOOT_FACT_GEN: Adding archive: /u/p23lam/hacking/MockAbstraction/Benchmarks/bootique-2.0.B1/bootique/mvn_dependencies/jetty-util-ajax-9.4.40.v20210413.jar
SOOT_FACT_GEN: Adding archive: /u/p23lam/hacking/MockAbstraction/Benchmarks/bootique-2.0.B1/bootique/mvn_dependencies/jopt-simple-5.0.3.jar
SOOT_FACT_GEN: Adding archive: /u/p23lam/hacking/MockAbstraction/Benchmarks/bootique-2.0.B1/bootique/mvn_dependencies/junit-jupiter-api-5.7.1.jar
SOOT_FACT_GEN: Adding archive: /u/p23lam/hacking/MockAbstraction/Benchmarks/bootique-2.0.B1/bootique/mvn_dependencies/junit-jupiter-engine-5.7.1.jar
SOOT_FACT_GEN: Adding archive: /u/p23lam/hacking/MockAbstraction/Benchmarks/bootique-2.0.B1/bootique/mvn_dependencies/junit-platform-commons-1.7.1.jar
SOOT_FACT_GEN: Adding archive: /u/p23lam/hacking/MockAbstraction/Benchmarks/bootique-2.0.B1/bootique/mvn_dependencies/junit-platform-engine-1.7.1.jar
SOOT_FACT_GEN: Adding archive: /u/p23lam/hacking/MockAbstraction/Benchmarks/bootique-2.0.B1/bootique/mvn_dependencies/mockito-core-3.9.0.jar
SOOT_FACT_GEN: Adding archive: /u/p23lam/hacking/MockAbstraction/Benchmarks/bootique-2.0.B1/bootique/mvn_dependencies/objenesis-3.2.jar
SOOT_FACT_GEN: Adding archive: /u/p23lam/hacking/MockAbstraction/Benchmarks/bootique-2.0.B1/bootique/mvn_dependencies/opentest4j-1.2.0.jar
SOOT_FACT_GEN: Adding archive: /u/p23lam/hacking/MockAbstraction/Benchmarks/bootique-2.0.B1/bootique/mvn_dependencies/slf4j-api-1.7.25.jar
SOOT_FACT_GEN: Adding archive: /u/p23lam/hacking/MockAbstraction/Benchmarks/bootique-2.0.B1/bootique/mvn_dependencies/slf4j-simple-1.7.25.jar
SOOT_FACT_GEN: Adding archive: /u/p23lam/hacking/MockAbstraction/Benchmarks/bootique-2.0.B1/bootique/mvn_dependencies/snakeyaml-1.27.jar
SOOT_FACT_GEN: Adding archive for resolving: /u/p23lam/hacking/doop/build/tmp/rt_17373446751159957905.jar
SOOT_FACT_GEN: Adding archive for resolving: /u/p23lam/hacking/doop/build/tmp/jce_1102438571811719748.jar
SOOT_FACT_GEN: Adding archive for resolving: /u/p23lam/hacking/doop/build/tmp/jsse_8549199365561569785.jar
SOOT_FACT_GEN: Classes in input (application) jar(s): 6521
SOOT_FACT_GEN: Total classes in Scene: 14310
SOOT_FACT_GEN: Retrieved all bodies (time: 57)
SOOT_FACT_GEN: Fact generation cores: 32
SOOT_FACT_GEN: WARNING: some classes were not resolved, consider using thorough fact generation or adding them manually via --also-resolve: [java.lang.Boolean[], java.beans.Customizer, javax.sound.sampled.Port, java.lang.Character[], java.awt.dnd.MouseDragGestureRecognizer, java.lang.Long[], com.sun.beans.editors.BooleanEditor, byte[], sun.util.locale.provider.HostLocaleProviderAdapterImpl, float[], int[], com.sun.management.GarbageCollectorMXBean, com.sun.beans.editors.LongEditor, java.lang.Integer[], boolean[], com.sun.beans.editors.DoubleEditor, double[], com.sun.beans.editors.ByteEditor, com.sun.beans.editors.FloatEditor, java.lang.Float[], com.sun.beans.editors.IntegerEditor, java.lang.Byte[], short[], java.lang.String[], long[], org.junit.Test, java.util.concurrent.ConcurrentNavigableMap, com.sun.beans.editors.ShortEditor, java.lang.Double[], java.lang.Short[], org.hamcrest.BaseMatcher, char[], java.util.concurrent.ConcurrentSkipListMap]
SOOT_FACT_GEN: Found 524 phantom references. Rerun with '--report-phantoms' for more details.
SOOT_FACT_GEN: Methods without active bodies encountered (and reset): 0
Soot fact generation time: 114
Caching facts in /u/p23lam/hacking/doop/cache/be4960691d12d51604b4d65ece826c79ffc8c30b75225a0db87f2daf04e5ad21
Copying /u/p23lam/hacking/doop/out/bootique-2.0.B1-1-object-sensitive-NORMAL/database to /u/p23lam/hacking/doop/cache/be4960691d12d51604b4d65ece826c79ffc8c30b75225a0db87f2daf04e5ad21...
----
[Task FACTS Done]
Using /usr/bin/time to gather performance statistics...
Running analysis
16686.26user 216.06system 23:46.53elapsed 1184%CPU (0avgtext+0avgdata 19713268maxresident)k
12328inputs+166279832outputs (4major+34454118minor)pagefaults 0swaps
Analysis execution time (sec): 1426
-- Runtime metrics --
analysis compilation time (sec)                                                  0
analysis execution time (sec)                                                    1,426
disk footprint (KB)                                                              85,211,709
fact generation time (sec)                                                       114
-- Statistics --
var points-to (INS)                                                              13,825,231
var points-to (SENS)                                                             104,462,573
reachable variables (INS)                                                        206,910
reachable variables (SENS)                                                       1,788,448
reachable methods (INS)                                                          23,202
reachable methods (SENS)                                                         291,689
total methods                                                                    122,425
virtual call sites (statically)                                                  245,977
reachable virtual call sites                                                     55,722
polymorphic virtual call sites                                                   5,448
null virtual call sites                                                          13,571
empty virtual call sites                                                         2,384
app virtual call sites (statically)                                              98,682
app reachable virtual call sites                                                 26,889
app polymorphic virtual call sites                                               3,493
app null virtual call sites                                                      6,894
app empty reachable virtual call sites                                           1,493
array index points-to (INS)                                                      218,607
array index points-to (SENS)                                                     218,607
casts (statically)                                                               34,200
reachable casts                                                                  4,352
reachable casts that may fail                                                    2,990
app casts (statically)                                                           11,910
app reachable casts                                                              2,164
app reachable casts that may fail                                                1,488
app reachable methods                                                            10,100
app concrete methods                                                             44,278
instance field points-to (INS)                                                   590,855
instance field points-to (SENS)                                                  590,855
static field points-to (INS)                                                     5,219
static field points-to (SENS)                                                    5,219
app var points-to (INS)                                                          6,921,891
app var points-to (SENS)                                                         32,463,442
java.util var points-to (INS)                                                    3,893,290
java.util var points-to (SENS)                                                   37,812,309
app array index points-to (INS)                                                  133,916
app array index points-to (SENS)                                                 133,916
mock objects                                                                     0
mock objects for receivers                                                       0
mock objects for arg                                                             0
forced-reachable formals that could not be mocked                                0
app instance field points-to (INS)                                               313,433
app instance field points-to (SENS)                                              313,433
call graph edges (INS)                                                           143,275
call graph edges (SENS)                                                          11,852,333
non-reachable app concrete methods                                               34,198
Making database available at /u/p23lam/hacking/doop/results/bootique-2.0.B1/1-object-sensitive/java_8/bootique-2.0.B1-1-object-sensitive-NORMAL
Making database available at /u/p23lam/hacking/doop/last-analysis

Deprecated Gradle features were used in this build, making it incompatible with Gradle 8.0.

You can use '--warning-mode all' to show the individual deprecation warnings and determine if they come from your own scripts or plugins.

See https://docs.gradle.org/7.3.3/userguide/command_line_interface.html#sec:command_line_warnings

BUILD SUCCESSFUL in 26m 12s
24 actionable tasks: 12 executed, 12 up-to-date
