> Task :generators:code-processor:generateGrammarSource UP-TO-DATE
> Task :generators:code-processor:compileJava UP-TO-DATE
> Task :generators:code-processor:compileGroovy UP-TO-DATE
> Task :generators:code-processor:processResources NO-SOURCE
> Task :generators:code-processor:classes UP-TO-DATE
> Task :generators:code-processor:jar UP-TO-DATE
> Task :generators:fact-generator-common:compileJava UP-TO-DATE
> Task :generators:fact-generator-common:processResources NO-SOURCE
> Task :generators:fact-generator-common:classes UP-TO-DATE
> Task :generators:fact-generator-common:shadowJar UP-TO-DATE
> Task :compileJava UP-TO-DATE
> Task :compileGroovy UP-TO-DATE
> Task :resolveApktool
> Task :generators:dex-fact-generator:compileJava UP-TO-DATE
> Task :generators:dex-fact-generator:processResources NO-SOURCE
> Task :generators:dex-fact-generator:classes UP-TO-DATE
> Task :generators:dex-fact-generator:jar
> Task :generators:dex-fact-generator:fatJar
> Task :generators:dex-fact-generator:installJar
> Task :generators:soot-fact-generator:compileJava UP-TO-DATE
> Task :generators:soot-fact-generator:compileGroovy NO-SOURCE
> Task :generators:soot-fact-generator:processResources NO-SOURCE
> Task :generators:soot-fact-generator:classes UP-TO-DATE
> Task :generators:soot-fact-generator:jar
> Task :generators:soot-fact-generator:fatJar
> Task :generators:soot-fact-generator:installJar
> Task :generators:wala-fact-generator:compileJava UP-TO-DATE
> Task :generators:wala-fact-generator:processResources UP-TO-DATE
> Task :generators:wala-fact-generator:classes UP-TO-DATE
> Task :generators:wala-fact-generator:jar
> Task :generators:wala-fact-generator:fatJar
> Task :generators:wala-fact-generator:installJar
> Task :resourceInstaller
> Task :processResources
> Task :classes
> Task :writeGitCommitHash UP-TO-DATE

> Task :run
WARNING: Default statistics are not compatible with analysis 'basic-only', disabling statistics logic.
Main class(es) expanded with [br.com.caelum.vraptor.RootDriver]
WARNING: Handling of Java reflection is disabled!
New basic-only analysis
Id       : vraptor-vraptor-parent-3.5.5-basic-only-NORMAL
Inputs   : /u/p23lam/hacking/MockAbstraction/Benchmarks/vraptor-vraptor-parent-3.5.5/vraptor-core/target/vraptor-3.5.5.jar, /u/p23lam/hacking/MockAbstraction/Benchmarks/vraptor-vraptor-parent-3.5.5/vraptor-core/target/vraptor-3.5.5-tests.jar, /u/p23lam/hacking/MockAbstraction/Benchmarks/vraptor-vraptor-parent-3.5.5/vraptor-core/mvn_dependencies/antlr-2.7.6.jar, /u/p23lam/hacking/MockAbstraction/Benchmarks/vraptor-vraptor-parent-3.5.5/vraptor-core/mvn_dependencies/aopalliance-1.0.jar, /u/p23lam/hacking/MockAbstraction/Benchmarks/vraptor-vraptor-parent-3.5.5/vraptor-core/mvn_dependencies/aspectjrt-1.6.9.jar, /u/p23lam/hacking/MockAbstraction/Benchmarks/vraptor-vraptor-parent-3.5.5/vraptor-core/mvn_dependencies/cdi-api-1.1.jar, /u/p23lam/hacking/MockAbstraction/Benchmarks/vraptor-vraptor-parent-3.5.5/vraptor-core/mvn_dependencies/classmate-0.8.0.jar, /u/p23lam/hacking/MockAbstraction/Benchmarks/vraptor-vraptor-parent-3.5.5/vraptor-core/mvn_dependencies/commons-collections-3.1.jar, /u/p23lam/hacking/MockAbstraction/Benchmarks/vraptor-vraptor-parent-3.5.5/vraptor-core/mvn_dependencies/commons-fileupload-1.3.jar, /u/p23lam/hacking/MockAbstraction/Benchmarks/vraptor-vraptor-parent-3.5.5/vraptor-core/mvn_dependencies/commons-io-2.2.jar, /u/p23lam/hacking/MockAbstraction/Benchmarks/vraptor-vraptor-parent-3.5.5/vraptor-core/mvn_dependencies/commons-logging-1.1.1.jar, /u/p23lam/hacking/MockAbstraction/Benchmarks/vraptor-vraptor-parent-3.5.5/vraptor-core/mvn_dependencies/dom4j-1.6.1.jar, /u/p23lam/hacking/MockAbstraction/Benchmarks/vraptor-vraptor-parent-3.5.5/vraptor-core/mvn_dependencies/ejb-api-3.0.jar, /u/p23lam/hacking/MockAbstraction/Benchmarks/vraptor-vraptor-parent-3.5.5/vraptor-core/mvn_dependencies/el-api-2.2.jar, /u/p23lam/hacking/MockAbstraction/Benchmarks/vraptor-vraptor-parent-3.5.5/vraptor-core/mvn_dependencies/gson-2.2.4.jar, /u/p23lam/hacking/MockAbstraction/Benchmarks/vraptor-vraptor-parent-3.5.5/vraptor-core/mvn_dependencies/guava-11.0.2.jar, /u/p23lam/hacking/MockAbstraction/Benchmarks/vraptor-vraptor-parent-3.5.5/vraptor-core/mvn_dependencies/guice-3.0.jar, /u/p23lam/hacking/MockAbstraction/Benchmarks/vraptor-vraptor-parent-3.5.5/vraptor-core/mvn_dependencies/guice-multibindings-3.0.jar, /u/p23lam/hacking/MockAbstraction/Benchmarks/vraptor-vraptor-parent-3.5.5/vraptor-core/mvn_dependencies/hamcrest-core-1.2.jar, /u/p23lam/hacking/MockAbstraction/Benchmarks/vraptor-vraptor-parent-3.5.5/vraptor-core/mvn_dependencies/hamcrest-library-1.2.jar, /u/p23lam/hacking/MockAbstraction/Benchmarks/vraptor-vraptor-parent-3.5.5/vraptor-core/mvn_dependencies/hibernate-commons-annotations-3.2.0.Final.jar, /u/p23lam/hacking/MockAbstraction/Benchmarks/vraptor-vraptor-parent-3.5.5/vraptor-core/mvn_dependencies/hibernate-core-3.6.6.Final.jar, /u/p23lam/hacking/MockAbstraction/Benchmarks/vraptor-vraptor-parent-3.5.5/vraptor-core/mvn_dependencies/hibernate-jpa-2.0-api-1.0.1.Final.jar, /u/p23lam/hacking/MockAbstraction/Benchmarks/vraptor-vraptor-parent-3.5.5/vraptor-core/mvn_dependencies/hibernate-validator-5.0.0.Final.jar, /u/p23lam/hacking/MockAbstraction/Benchmarks/vraptor-vraptor-parent-3.5.5/vraptor-core/mvn_dependencies/iogi-1.0.0.jar, /u/p23lam/hacking/MockAbstraction/Benchmarks/vraptor-vraptor-parent-3.5.5/vraptor-core/mvn_dependencies/javassist-3.12.1.GA.jar, /u/p23lam/hacking/MockAbstraction/Benchmarks/vraptor-vraptor-parent-3.5.5/vraptor-core/mvn_dependencies/javassist-3.7.ga.jar, /u/p23lam/hacking/MockAbstraction/Benchmarks/vraptor-vraptor-parent-3.5.5/vraptor-core/mvn_dependencies/javax.annotation-api-1.2.jar, /u/p23lam/hacking/MockAbstraction/Benchmarks/vraptor-vraptor-parent-3.5.5/vraptor-core/mvn_dependencies/javax.el-2.2.4.jar, /u/p23lam/hacking/MockAbstraction/Benchmarks/vraptor-vraptor-parent-3.5.5/vraptor-core/mvn_dependencies/javax.el-api-2.2.4.jar, /u/p23lam/hacking/MockAbstraction/Benchmarks/vraptor-vraptor-parent-3.5.5/vraptor-core/mvn_dependencies/javax.inject-1.jar, /u/p23lam/hacking/MockAbstraction/Benchmarks/vraptor-vraptor-parent-3.5.5/vraptor-core/mvn_dependencies/jboss-interceptors-api_1.1_spec-1.0.0.Beta1.jar, /u/p23lam/hacking/MockAbstraction/Benchmarks/vraptor-vraptor-parent-3.5.5/vraptor-core/mvn_dependencies/jboss-logging-3.1.1.GA.jar, /u/p23lam/hacking/MockAbstraction/Benchmarks/vraptor-vraptor-parent-3.5.5/vraptor-core/mvn_dependencies/jettison-1.2.jar, /u/p23lam/hacking/MockAbstraction/Benchmarks/vraptor-vraptor-parent-3.5.5/vraptor-core/mvn_dependencies/joda-time-1.6.jar, /u/p23lam/hacking/MockAbstraction/Benchmarks/vraptor-vraptor-parent-3.5.5/vraptor-core/mvn_dependencies/jsp-api-2.1.jar, /u/p23lam/hacking/MockAbstraction/Benchmarks/vraptor-vraptor-parent-3.5.5/vraptor-core/mvn_dependencies/jsr250-api-1.0.jar, /u/p23lam/hacking/MockAbstraction/Benchmarks/vraptor-vraptor-parent-3.5.5/vraptor-core/mvn_dependencies/jsr305-1.3.9.jar, /u/p23lam/hacking/MockAbstraction/Benchmarks/vraptor-vraptor-parent-3.5.5/vraptor-core/mvn_dependencies/jstl-1.2.jar, /u/p23lam/hacking/MockAbstraction/Benchmarks/vraptor-vraptor-parent-3.5.5/vraptor-core/mvn_dependencies/jta-1.1.jar, /u/p23lam/hacking/MockAbstraction/Benchmarks/vraptor-vraptor-parent-3.5.5/vraptor-core/mvn_dependencies/junit-4.10.jar, /u/p23lam/hacking/MockAbstraction/Benchmarks/vraptor-vraptor-parent-3.5.5/vraptor-core/mvn_dependencies/log4j-1.2.17.jar, /u/p23lam/hacking/MockAbstraction/Benchmarks/vraptor-vraptor-parent-3.5.5/vraptor-core/mvn_dependencies/mirror-1.6.1.jar, /u/p23lam/hacking/MockAbstraction/Benchmarks/vraptor-vraptor-parent-3.5.5/vraptor-core/mvn_dependencies/mockito-core-1.8.5.jar, /u/p23lam/hacking/MockAbstraction/Benchmarks/vraptor-vraptor-parent-3.5.5/vraptor-core/mvn_dependencies/objenesis-1.3.jar, /u/p23lam/hacking/MockAbstraction/Benchmarks/vraptor-vraptor-parent-3.5.5/vraptor-core/mvn_dependencies/ognl-2.7.3.jar, /u/p23lam/hacking/MockAbstraction/Benchmarks/vraptor-vraptor-parent-3.5.5/vraptor-core/mvn_dependencies/paranamer-2.5.2.jar, /u/p23lam/hacking/MockAbstraction/Benchmarks/vraptor-vraptor-parent-3.5.5/vraptor-core/mvn_dependencies/picocontainer-2.13.6.jar, /u/p23lam/hacking/MockAbstraction/Benchmarks/vraptor-vraptor-parent-3.5.5/vraptor-core/mvn_dependencies/scannotation-1.0.2.jar, /u/p23lam/hacking/MockAbstraction/Benchmarks/vraptor-vraptor-parent-3.5.5/vraptor-core/mvn_dependencies/servlet-api-3.0.20100224.jar, /u/p23lam/hacking/MockAbstraction/Benchmarks/vraptor-vraptor-parent-3.5.5/vraptor-core/mvn_dependencies/slf4j-api-1.6.6.jar, /u/p23lam/hacking/MockAbstraction/Benchmarks/vraptor-vraptor-parent-3.5.5/vraptor-core/mvn_dependencies/slf4j-log4j12-1.6.6.jar, /u/p23lam/hacking/MockAbstraction/Benchmarks/vraptor-vraptor-parent-3.5.5/vraptor-core/mvn_dependencies/spring-aop-3.0.5.RELEASE.jar, /u/p23lam/hacking/MockAbstraction/Benchmarks/vraptor-vraptor-parent-3.5.5/vraptor-core/mvn_dependencies/spring-asm-3.0.5.RELEASE.jar, /u/p23lam/hacking/MockAbstraction/Benchmarks/vraptor-vraptor-parent-3.5.5/vraptor-core/mvn_dependencies/spring-beans-3.0.5.RELEASE.jar, /u/p23lam/hacking/MockAbstraction/Benchmarks/vraptor-vraptor-parent-3.5.5/vraptor-core/mvn_dependencies/spring-context-3.0.5.RELEASE.jar, /u/p23lam/hacking/MockAbstraction/Benchmarks/vraptor-vraptor-parent-3.5.5/vraptor-core/mvn_dependencies/spring-core-3.0.5.RELEASE.jar, /u/p23lam/hacking/MockAbstraction/Benchmarks/vraptor-vraptor-parent-3.5.5/vraptor-core/mvn_dependencies/spring-expression-3.0.5.RELEASE.jar, /u/p23lam/hacking/MockAbstraction/Benchmarks/vraptor-vraptor-parent-3.5.5/vraptor-core/mvn_dependencies/spring-web-3.0.5.RELEASE.jar, /u/p23lam/hacking/MockAbstraction/Benchmarks/vraptor-vraptor-parent-3.5.5/vraptor-core/mvn_dependencies/stax-api-1.0.1.jar, /u/p23lam/hacking/MockAbstraction/Benchmarks/vraptor-vraptor-parent-3.5.5/vraptor-core/mvn_dependencies/validation-api-1.1.0.Final.jar, /u/p23lam/hacking/MockAbstraction/Benchmarks/vraptor-vraptor-parent-3.5.5/vraptor-core/mvn_dependencies/xmlpull-1.1.3.1.jar, /u/p23lam/hacking/MockAbstraction/Benchmarks/vraptor-vraptor-parent-3.5.5/vraptor-core/mvn_dependencies/xpp3_min-1.1.4c.jar, /u/p23lam/hacking/MockAbstraction/Benchmarks/vraptor-vraptor-parent-3.5.5/vraptor-core/mvn_dependencies/xstream-1.4.7.jar
Libraries: 
Using a timeout of 90 min.
Adding extra logic file /u/p23lam/hacking/doop/souffle-logic/analyses/mocks/mocks.dl
[Task FACTS...]
[Task COMPILE...]
-- Fact Generation --
Using cached analysis executable /u/p23lam/hacking/doop/cache/souffle-analyses/basic-only/29af9b585d3172c1740f5fc8ca492e0dbf8fe8c1cd3393256a2d9945e45af8fa
[Task COMPILE Done]
SOOT_FACT_GEN: Logging initialized, using directory: /u/p23lam/hacking/doop/build/logs
SOOT_FACT_GEN: SLF4J: Failed to load class "org.slf4j.impl.StaticLoggerBinder".
SOOT_FACT_GEN: SLF4J: Defaulting to no-operation (NOP) logger implementation
SOOT_FACT_GEN: SLF4J: See http://www.slf4j.org/codes.html#StaticLoggerBinder for further details.
SOOT_FACT_GEN: Preprocessing application: /u/p23lam/hacking/MockAbstraction/Benchmarks/vraptor-vraptor-parent-3.5.5/vraptor-core/target/vraptor-3.5.5.jar
SOOT_FACT_GEN: Preprocessing application: /u/p23lam/hacking/MockAbstraction/Benchmarks/vraptor-vraptor-parent-3.5.5/vraptor-core/target/vraptor-3.5.5-tests.jar
SOOT_FACT_GEN: Preprocessing application: /u/p23lam/hacking/MockAbstraction/Benchmarks/vraptor-vraptor-parent-3.5.5/vraptor-core/mvn_dependencies/antlr-2.7.6.jar
SOOT_FACT_GEN: Preprocessing application: /u/p23lam/hacking/MockAbstraction/Benchmarks/vraptor-vraptor-parent-3.5.5/vraptor-core/mvn_dependencies/aopalliance-1.0.jar
SOOT_FACT_GEN: Preprocessing application: /u/p23lam/hacking/MockAbstraction/Benchmarks/vraptor-vraptor-parent-3.5.5/vraptor-core/mvn_dependencies/aspectjrt-1.6.9.jar
SOOT_FACT_GEN: Preprocessing application: /u/p23lam/hacking/MockAbstraction/Benchmarks/vraptor-vraptor-parent-3.5.5/vraptor-core/mvn_dependencies/cdi-api-1.1.jar
SOOT_FACT_GEN: Preprocessing application: /u/p23lam/hacking/MockAbstraction/Benchmarks/vraptor-vraptor-parent-3.5.5/vraptor-core/mvn_dependencies/classmate-0.8.0.jar
SOOT_FACT_GEN: Preprocessing application: /u/p23lam/hacking/MockAbstraction/Benchmarks/vraptor-vraptor-parent-3.5.5/vraptor-core/mvn_dependencies/commons-collections-3.1.jar
SOOT_FACT_GEN: Preprocessing application: /u/p23lam/hacking/MockAbstraction/Benchmarks/vraptor-vraptor-parent-3.5.5/vraptor-core/mvn_dependencies/commons-fileupload-1.3.jar
SOOT_FACT_GEN: Preprocessing application: /u/p23lam/hacking/MockAbstraction/Benchmarks/vraptor-vraptor-parent-3.5.5/vraptor-core/mvn_dependencies/commons-io-2.2.jar
SOOT_FACT_GEN: Preprocessing application: /u/p23lam/hacking/MockAbstraction/Benchmarks/vraptor-vraptor-parent-3.5.5/vraptor-core/mvn_dependencies/commons-logging-1.1.1.jar
SOOT_FACT_GEN: Preprocessing application: /u/p23lam/hacking/MockAbstraction/Benchmarks/vraptor-vraptor-parent-3.5.5/vraptor-core/mvn_dependencies/dom4j-1.6.1.jar
SOOT_FACT_GEN: Preprocessing application: /u/p23lam/hacking/MockAbstraction/Benchmarks/vraptor-vraptor-parent-3.5.5/vraptor-core/mvn_dependencies/ejb-api-3.0.jar
SOOT_FACT_GEN: Preprocessing application: /u/p23lam/hacking/MockAbstraction/Benchmarks/vraptor-vraptor-parent-3.5.5/vraptor-core/mvn_dependencies/el-api-2.2.jar
SOOT_FACT_GEN: Preprocessing application: /u/p23lam/hacking/MockAbstraction/Benchmarks/vraptor-vraptor-parent-3.5.5/vraptor-core/mvn_dependencies/gson-2.2.4.jar
SOOT_FACT_GEN: Preprocessing application: /u/p23lam/hacking/MockAbstraction/Benchmarks/vraptor-vraptor-parent-3.5.5/vraptor-core/mvn_dependencies/guava-11.0.2.jar
SOOT_FACT_GEN: Preprocessing application: /u/p23lam/hacking/MockAbstraction/Benchmarks/vraptor-vraptor-parent-3.5.5/vraptor-core/mvn_dependencies/guice-3.0.jar
SOOT_FACT_GEN: Preprocessing application: /u/p23lam/hacking/MockAbstraction/Benchmarks/vraptor-vraptor-parent-3.5.5/vraptor-core/mvn_dependencies/guice-multibindings-3.0.jar
SOOT_FACT_GEN: Preprocessing application: /u/p23lam/hacking/MockAbstraction/Benchmarks/vraptor-vraptor-parent-3.5.5/vraptor-core/mvn_dependencies/hamcrest-core-1.2.jar
SOOT_FACT_GEN: Preprocessing application: /u/p23lam/hacking/MockAbstraction/Benchmarks/vraptor-vraptor-parent-3.5.5/vraptor-core/mvn_dependencies/hamcrest-library-1.2.jar
SOOT_FACT_GEN: Preprocessing application: /u/p23lam/hacking/MockAbstraction/Benchmarks/vraptor-vraptor-parent-3.5.5/vraptor-core/mvn_dependencies/hibernate-commons-annotations-3.2.0.Final.jar
SOOT_FACT_GEN: Preprocessing application: /u/p23lam/hacking/MockAbstraction/Benchmarks/vraptor-vraptor-parent-3.5.5/vraptor-core/mvn_dependencies/hibernate-core-3.6.6.Final.jar
SOOT_FACT_GEN: Preprocessing application: /u/p23lam/hacking/MockAbstraction/Benchmarks/vraptor-vraptor-parent-3.5.5/vraptor-core/mvn_dependencies/hibernate-jpa-2.0-api-1.0.1.Final.jar
SOOT_FACT_GEN: Preprocessing application: /u/p23lam/hacking/MockAbstraction/Benchmarks/vraptor-vraptor-parent-3.5.5/vraptor-core/mvn_dependencies/hibernate-validator-5.0.0.Final.jar
SOOT_FACT_GEN: Preprocessing application: /u/p23lam/hacking/MockAbstraction/Benchmarks/vraptor-vraptor-parent-3.5.5/vraptor-core/mvn_dependencies/iogi-1.0.0.jar
SOOT_FACT_GEN: Preprocessing application: /u/p23lam/hacking/MockAbstraction/Benchmarks/vraptor-vraptor-parent-3.5.5/vraptor-core/mvn_dependencies/javassist-3.12.1.GA.jar
SOOT_FACT_GEN: Preprocessing application: /u/p23lam/hacking/MockAbstraction/Benchmarks/vraptor-vraptor-parent-3.5.5/vraptor-core/mvn_dependencies/javassist-3.7.ga.jar
SOOT_FACT_GEN: Preprocessing application: /u/p23lam/hacking/MockAbstraction/Benchmarks/vraptor-vraptor-parent-3.5.5/vraptor-core/mvn_dependencies/javax.annotation-api-1.2.jar
SOOT_FACT_GEN: Preprocessing application: /u/p23lam/hacking/MockAbstraction/Benchmarks/vraptor-vraptor-parent-3.5.5/vraptor-core/mvn_dependencies/javax.el-2.2.4.jar
SOOT_FACT_GEN: Preprocessing application: /u/p23lam/hacking/MockAbstraction/Benchmarks/vraptor-vraptor-parent-3.5.5/vraptor-core/mvn_dependencies/javax.el-api-2.2.4.jar
SOOT_FACT_GEN: Preprocessing application: /u/p23lam/hacking/MockAbstraction/Benchmarks/vraptor-vraptor-parent-3.5.5/vraptor-core/mvn_dependencies/javax.inject-1.jar
SOOT_FACT_GEN: Preprocessing application: /u/p23lam/hacking/MockAbstraction/Benchmarks/vraptor-vraptor-parent-3.5.5/vraptor-core/mvn_dependencies/jboss-interceptors-api_1.1_spec-1.0.0.Beta1.jar
SOOT_FACT_GEN: Preprocessing application: /u/p23lam/hacking/MockAbstraction/Benchmarks/vraptor-vraptor-parent-3.5.5/vraptor-core/mvn_dependencies/jboss-logging-3.1.1.GA.jar
SOOT_FACT_GEN: Preprocessing application: /u/p23lam/hacking/MockAbstraction/Benchmarks/vraptor-vraptor-parent-3.5.5/vraptor-core/mvn_dependencies/jettison-1.2.jar
SOOT_FACT_GEN: Preprocessing application: /u/p23lam/hacking/MockAbstraction/Benchmarks/vraptor-vraptor-parent-3.5.5/vraptor-core/mvn_dependencies/joda-time-1.6.jar
SOOT_FACT_GEN: Preprocessing application: /u/p23lam/hacking/MockAbstraction/Benchmarks/vraptor-vraptor-parent-3.5.5/vraptor-core/mvn_dependencies/jsp-api-2.1.jar
SOOT_FACT_GEN: Preprocessing application: /u/p23lam/hacking/MockAbstraction/Benchmarks/vraptor-vraptor-parent-3.5.5/vraptor-core/mvn_dependencies/jsr250-api-1.0.jar
SOOT_FACT_GEN: Preprocessing application: /u/p23lam/hacking/MockAbstraction/Benchmarks/vraptor-vraptor-parent-3.5.5/vraptor-core/mvn_dependencies/jsr305-1.3.9.jar
SOOT_FACT_GEN: Preprocessing application: /u/p23lam/hacking/MockAbstraction/Benchmarks/vraptor-vraptor-parent-3.5.5/vraptor-core/mvn_dependencies/jstl-1.2.jar
SOOT_FACT_GEN: Preprocessing application: /u/p23lam/hacking/MockAbstraction/Benchmarks/vraptor-vraptor-parent-3.5.5/vraptor-core/mvn_dependencies/jta-1.1.jar
SOOT_FACT_GEN: Preprocessing application: /u/p23lam/hacking/MockAbstraction/Benchmarks/vraptor-vraptor-parent-3.5.5/vraptor-core/mvn_dependencies/junit-4.10.jar
SOOT_FACT_GEN: Preprocessing application: /u/p23lam/hacking/MockAbstraction/Benchmarks/vraptor-vraptor-parent-3.5.5/vraptor-core/mvn_dependencies/log4j-1.2.17.jar
SOOT_FACT_GEN: Preprocessing application: /u/p23lam/hacking/MockAbstraction/Benchmarks/vraptor-vraptor-parent-3.5.5/vraptor-core/mvn_dependencies/mirror-1.6.1.jar
SOOT_FACT_GEN: Preprocessing application: /u/p23lam/hacking/MockAbstraction/Benchmarks/vraptor-vraptor-parent-3.5.5/vraptor-core/mvn_dependencies/mockito-core-1.8.5.jar
SOOT_FACT_GEN: Preprocessing application: /u/p23lam/hacking/MockAbstraction/Benchmarks/vraptor-vraptor-parent-3.5.5/vraptor-core/mvn_dependencies/objenesis-1.3.jar
SOOT_FACT_GEN: Preprocessing application: /u/p23lam/hacking/MockAbstraction/Benchmarks/vraptor-vraptor-parent-3.5.5/vraptor-core/mvn_dependencies/ognl-2.7.3.jar
SOOT_FACT_GEN: Preprocessing application: /u/p23lam/hacking/MockAbstraction/Benchmarks/vraptor-vraptor-parent-3.5.5/vraptor-core/mvn_dependencies/paranamer-2.5.2.jar
SOOT_FACT_GEN: Preprocessing application: /u/p23lam/hacking/MockAbstraction/Benchmarks/vraptor-vraptor-parent-3.5.5/vraptor-core/mvn_dependencies/picocontainer-2.13.6.jar
SOOT_FACT_GEN: Preprocessing application: /u/p23lam/hacking/MockAbstraction/Benchmarks/vraptor-vraptor-parent-3.5.5/vraptor-core/mvn_dependencies/scannotation-1.0.2.jar
SOOT_FACT_GEN: Preprocessing application: /u/p23lam/hacking/MockAbstraction/Benchmarks/vraptor-vraptor-parent-3.5.5/vraptor-core/mvn_dependencies/servlet-api-3.0.20100224.jar
SOOT_FACT_GEN: Preprocessing application: /u/p23lam/hacking/MockAbstraction/Benchmarks/vraptor-vraptor-parent-3.5.5/vraptor-core/mvn_dependencies/slf4j-api-1.6.6.jar
SOOT_FACT_GEN: Preprocessing application: /u/p23lam/hacking/MockAbstraction/Benchmarks/vraptor-vraptor-parent-3.5.5/vraptor-core/mvn_dependencies/slf4j-log4j12-1.6.6.jar
SOOT_FACT_GEN: Preprocessing application: /u/p23lam/hacking/MockAbstraction/Benchmarks/vraptor-vraptor-parent-3.5.5/vraptor-core/mvn_dependencies/spring-aop-3.0.5.RELEASE.jar
SOOT_FACT_GEN: Preprocessing application: /u/p23lam/hacking/MockAbstraction/Benchmarks/vraptor-vraptor-parent-3.5.5/vraptor-core/mvn_dependencies/spring-asm-3.0.5.RELEASE.jar
SOOT_FACT_GEN: Preprocessing application: /u/p23lam/hacking/MockAbstraction/Benchmarks/vraptor-vraptor-parent-3.5.5/vraptor-core/mvn_dependencies/spring-beans-3.0.5.RELEASE.jar
SOOT_FACT_GEN: Preprocessing application: /u/p23lam/hacking/MockAbstraction/Benchmarks/vraptor-vraptor-parent-3.5.5/vraptor-core/mvn_dependencies/spring-context-3.0.5.RELEASE.jar
SOOT_FACT_GEN: Preprocessing application: /u/p23lam/hacking/MockAbstraction/Benchmarks/vraptor-vraptor-parent-3.5.5/vraptor-core/mvn_dependencies/spring-core-3.0.5.RELEASE.jar
SOOT_FACT_GEN: Preprocessing application: /u/p23lam/hacking/MockAbstraction/Benchmarks/vraptor-vraptor-parent-3.5.5/vraptor-core/mvn_dependencies/spring-expression-3.0.5.RELEASE.jar
SOOT_FACT_GEN: Preprocessing application: /u/p23lam/hacking/MockAbstraction/Benchmarks/vraptor-vraptor-parent-3.5.5/vraptor-core/mvn_dependencies/spring-web-3.0.5.RELEASE.jar
SOOT_FACT_GEN: Preprocessing application: /u/p23lam/hacking/MockAbstraction/Benchmarks/vraptor-vraptor-parent-3.5.5/vraptor-core/mvn_dependencies/stax-api-1.0.1.jar
SOOT_FACT_GEN: Preprocessing application: /u/p23lam/hacking/MockAbstraction/Benchmarks/vraptor-vraptor-parent-3.5.5/vraptor-core/mvn_dependencies/validation-api-1.1.0.Final.jar
SOOT_FACT_GEN: Preprocessing application: /u/p23lam/hacking/MockAbstraction/Benchmarks/vraptor-vraptor-parent-3.5.5/vraptor-core/mvn_dependencies/xmlpull-1.1.3.1.jar
SOOT_FACT_GEN: Preprocessing application: /u/p23lam/hacking/MockAbstraction/Benchmarks/vraptor-vraptor-parent-3.5.5/vraptor-core/mvn_dependencies/xpp3_min-1.1.4c.jar
SOOT_FACT_GEN: Preprocessing application: /u/p23lam/hacking/MockAbstraction/Benchmarks/vraptor-vraptor-parent-3.5.5/vraptor-core/mvn_dependencies/xstream-1.4.7.jar
SOOT_FACT_GEN: Preprocessing platform library: /u/p23lam/hacking/doop/build/tmp/rt_12346967702330795446.jar
SOOT_FACT_GEN: Preprocessing platform library: /u/p23lam/hacking/doop/build/tmp/jce_18379645417102391552.jar
SOOT_FACT_GEN: Preprocessing platform library: /u/p23lam/hacking/doop/build/tmp/jsse_8509296140067668994.jar
SOOT_FACT_GEN: Adding archive: /u/p23lam/hacking/MockAbstraction/Benchmarks/vraptor-vraptor-parent-3.5.5/vraptor-core/target/vraptor-3.5.5.jar
SOOT_FACT_GEN: Adding archive: /u/p23lam/hacking/MockAbstraction/Benchmarks/vraptor-vraptor-parent-3.5.5/vraptor-core/target/vraptor-3.5.5-tests.jar
SOOT_FACT_GEN: Adding archive: /u/p23lam/hacking/MockAbstraction/Benchmarks/vraptor-vraptor-parent-3.5.5/vraptor-core/mvn_dependencies/antlr-2.7.6.jar
SOOT_FACT_GEN: Adding archive: /u/p23lam/hacking/MockAbstraction/Benchmarks/vraptor-vraptor-parent-3.5.5/vraptor-core/mvn_dependencies/aopalliance-1.0.jar
SOOT_FACT_GEN: Adding archive: /u/p23lam/hacking/MockAbstraction/Benchmarks/vraptor-vraptor-parent-3.5.5/vraptor-core/mvn_dependencies/aspectjrt-1.6.9.jar
SOOT_FACT_GEN: Adding archive: /u/p23lam/hacking/MockAbstraction/Benchmarks/vraptor-vraptor-parent-3.5.5/vraptor-core/mvn_dependencies/cdi-api-1.1.jar
SOOT_FACT_GEN: Adding archive: /u/p23lam/hacking/MockAbstraction/Benchmarks/vraptor-vraptor-parent-3.5.5/vraptor-core/mvn_dependencies/classmate-0.8.0.jar
SOOT_FACT_GEN: Adding archive: /u/p23lam/hacking/MockAbstraction/Benchmarks/vraptor-vraptor-parent-3.5.5/vraptor-core/mvn_dependencies/commons-collections-3.1.jar
SOOT_FACT_GEN: Adding archive: /u/p23lam/hacking/MockAbstraction/Benchmarks/vraptor-vraptor-parent-3.5.5/vraptor-core/mvn_dependencies/commons-fileupload-1.3.jar
SOOT_FACT_GEN: Adding archive: /u/p23lam/hacking/MockAbstraction/Benchmarks/vraptor-vraptor-parent-3.5.5/vraptor-core/mvn_dependencies/commons-io-2.2.jar
SOOT_FACT_GEN: Adding archive: /u/p23lam/hacking/MockAbstraction/Benchmarks/vraptor-vraptor-parent-3.5.5/vraptor-core/mvn_dependencies/commons-logging-1.1.1.jar
SOOT_FACT_GEN: Adding archive: /u/p23lam/hacking/MockAbstraction/Benchmarks/vraptor-vraptor-parent-3.5.5/vraptor-core/mvn_dependencies/dom4j-1.6.1.jar
SOOT_FACT_GEN: Adding archive: /u/p23lam/hacking/MockAbstraction/Benchmarks/vraptor-vraptor-parent-3.5.5/vraptor-core/mvn_dependencies/ejb-api-3.0.jar
SOOT_FACT_GEN: Adding archive: /u/p23lam/hacking/MockAbstraction/Benchmarks/vraptor-vraptor-parent-3.5.5/vraptor-core/mvn_dependencies/el-api-2.2.jar
SOOT_FACT_GEN: Adding archive: /u/p23lam/hacking/MockAbstraction/Benchmarks/vraptor-vraptor-parent-3.5.5/vraptor-core/mvn_dependencies/gson-2.2.4.jar
SOOT_FACT_GEN: Adding archive: /u/p23lam/hacking/MockAbstraction/Benchmarks/vraptor-vraptor-parent-3.5.5/vraptor-core/mvn_dependencies/guava-11.0.2.jar
SOOT_FACT_GEN: Adding archive: /u/p23lam/hacking/MockAbstraction/Benchmarks/vraptor-vraptor-parent-3.5.5/vraptor-core/mvn_dependencies/guice-3.0.jar
SOOT_FACT_GEN: Adding archive: /u/p23lam/hacking/MockAbstraction/Benchmarks/vraptor-vraptor-parent-3.5.5/vraptor-core/mvn_dependencies/guice-multibindings-3.0.jar
SOOT_FACT_GEN: Adding archive: /u/p23lam/hacking/MockAbstraction/Benchmarks/vraptor-vraptor-parent-3.5.5/vraptor-core/mvn_dependencies/hamcrest-core-1.2.jar
SOOT_FACT_GEN: Adding archive: /u/p23lam/hacking/MockAbstraction/Benchmarks/vraptor-vraptor-parent-3.5.5/vraptor-core/mvn_dependencies/hamcrest-library-1.2.jar
SOOT_FACT_GEN: Adding archive: /u/p23lam/hacking/MockAbstraction/Benchmarks/vraptor-vraptor-parent-3.5.5/vraptor-core/mvn_dependencies/hibernate-commons-annotations-3.2.0.Final.jar
SOOT_FACT_GEN: Adding archive: /u/p23lam/hacking/MockAbstraction/Benchmarks/vraptor-vraptor-parent-3.5.5/vraptor-core/mvn_dependencies/hibernate-core-3.6.6.Final.jar
SOOT_FACT_GEN: Adding archive: /u/p23lam/hacking/MockAbstraction/Benchmarks/vraptor-vraptor-parent-3.5.5/vraptor-core/mvn_dependencies/hibernate-jpa-2.0-api-1.0.1.Final.jar
SOOT_FACT_GEN: Adding archive: /u/p23lam/hacking/MockAbstraction/Benchmarks/vraptor-vraptor-parent-3.5.5/vraptor-core/mvn_dependencies/hibernate-validator-5.0.0.Final.jar
SOOT_FACT_GEN: Adding archive: /u/p23lam/hacking/MockAbstraction/Benchmarks/vraptor-vraptor-parent-3.5.5/vraptor-core/mvn_dependencies/iogi-1.0.0.jar
SOOT_FACT_GEN: Adding archive: /u/p23lam/hacking/MockAbstraction/Benchmarks/vraptor-vraptor-parent-3.5.5/vraptor-core/mvn_dependencies/javassist-3.12.1.GA.jar
SOOT_FACT_GEN: Adding archive: /u/p23lam/hacking/MockAbstraction/Benchmarks/vraptor-vraptor-parent-3.5.5/vraptor-core/mvn_dependencies/javassist-3.7.ga.jar
SOOT_FACT_GEN: Adding archive: /u/p23lam/hacking/MockAbstraction/Benchmarks/vraptor-vraptor-parent-3.5.5/vraptor-core/mvn_dependencies/javax.annotation-api-1.2.jar
SOOT_FACT_GEN: Adding archive: /u/p23lam/hacking/MockAbstraction/Benchmarks/vraptor-vraptor-parent-3.5.5/vraptor-core/mvn_dependencies/javax.el-2.2.4.jar
SOOT_FACT_GEN: Adding archive: /u/p23lam/hacking/MockAbstraction/Benchmarks/vraptor-vraptor-parent-3.5.5/vraptor-core/mvn_dependencies/javax.el-api-2.2.4.jar
SOOT_FACT_GEN: Adding archive: /u/p23lam/hacking/MockAbstraction/Benchmarks/vraptor-vraptor-parent-3.5.5/vraptor-core/mvn_dependencies/javax.inject-1.jar
SOOT_FACT_GEN: Adding archive: /u/p23lam/hacking/MockAbstraction/Benchmarks/vraptor-vraptor-parent-3.5.5/vraptor-core/mvn_dependencies/jboss-interceptors-api_1.1_spec-1.0.0.Beta1.jar
SOOT_FACT_GEN: Adding archive: /u/p23lam/hacking/MockAbstraction/Benchmarks/vraptor-vraptor-parent-3.5.5/vraptor-core/mvn_dependencies/jboss-logging-3.1.1.GA.jar
SOOT_FACT_GEN: Adding archive: /u/p23lam/hacking/MockAbstraction/Benchmarks/vraptor-vraptor-parent-3.5.5/vraptor-core/mvn_dependencies/jettison-1.2.jar
SOOT_FACT_GEN: Adding archive: /u/p23lam/hacking/MockAbstraction/Benchmarks/vraptor-vraptor-parent-3.5.5/vraptor-core/mvn_dependencies/joda-time-1.6.jar
SOOT_FACT_GEN: Adding archive: /u/p23lam/hacking/MockAbstraction/Benchmarks/vraptor-vraptor-parent-3.5.5/vraptor-core/mvn_dependencies/jsp-api-2.1.jar
SOOT_FACT_GEN: Adding archive: /u/p23lam/hacking/MockAbstraction/Benchmarks/vraptor-vraptor-parent-3.5.5/vraptor-core/mvn_dependencies/jsr250-api-1.0.jar
SOOT_FACT_GEN: Adding archive: /u/p23lam/hacking/MockAbstraction/Benchmarks/vraptor-vraptor-parent-3.5.5/vraptor-core/mvn_dependencies/jsr305-1.3.9.jar
SOOT_FACT_GEN: Adding archive: /u/p23lam/hacking/MockAbstraction/Benchmarks/vraptor-vraptor-parent-3.5.5/vraptor-core/mvn_dependencies/jstl-1.2.jar
SOOT_FACT_GEN: Adding archive: /u/p23lam/hacking/MockAbstraction/Benchmarks/vraptor-vraptor-parent-3.5.5/vraptor-core/mvn_dependencies/jta-1.1.jar
SOOT_FACT_GEN: Adding archive: /u/p23lam/hacking/MockAbstraction/Benchmarks/vraptor-vraptor-parent-3.5.5/vraptor-core/mvn_dependencies/junit-4.10.jar
SOOT_FACT_GEN: Adding archive: /u/p23lam/hacking/MockAbstraction/Benchmarks/vraptor-vraptor-parent-3.5.5/vraptor-core/mvn_dependencies/log4j-1.2.17.jar
SOOT_FACT_GEN: Adding archive: /u/p23lam/hacking/MockAbstraction/Benchmarks/vraptor-vraptor-parent-3.5.5/vraptor-core/mvn_dependencies/mirror-1.6.1.jar
SOOT_FACT_GEN: Adding archive: /u/p23lam/hacking/MockAbstraction/Benchmarks/vraptor-vraptor-parent-3.5.5/vraptor-core/mvn_dependencies/mockito-core-1.8.5.jar
SOOT_FACT_GEN: Adding archive: /u/p23lam/hacking/MockAbstraction/Benchmarks/vraptor-vraptor-parent-3.5.5/vraptor-core/mvn_dependencies/objenesis-1.3.jar
SOOT_FACT_GEN: Adding archive: /u/p23lam/hacking/MockAbstraction/Benchmarks/vraptor-vraptor-parent-3.5.5/vraptor-core/mvn_dependencies/ognl-2.7.3.jar
SOOT_FACT_GEN: Adding archive: /u/p23lam/hacking/MockAbstraction/Benchmarks/vraptor-vraptor-parent-3.5.5/vraptor-core/mvn_dependencies/paranamer-2.5.2.jar
SOOT_FACT_GEN: Adding archive: /u/p23lam/hacking/MockAbstraction/Benchmarks/vraptor-vraptor-parent-3.5.5/vraptor-core/mvn_dependencies/picocontainer-2.13.6.jar
SOOT_FACT_GEN: Adding archive: /u/p23lam/hacking/MockAbstraction/Benchmarks/vraptor-vraptor-parent-3.5.5/vraptor-core/mvn_dependencies/scannotation-1.0.2.jar
SOOT_FACT_GEN: Adding archive: /u/p23lam/hacking/MockAbstraction/Benchmarks/vraptor-vraptor-parent-3.5.5/vraptor-core/mvn_dependencies/servlet-api-3.0.20100224.jar
SOOT_FACT_GEN: Adding archive: /u/p23lam/hacking/MockAbstraction/Benchmarks/vraptor-vraptor-parent-3.5.5/vraptor-core/mvn_dependencies/slf4j-api-1.6.6.jar
SOOT_FACT_GEN: Adding archive: /u/p23lam/hacking/MockAbstraction/Benchmarks/vraptor-vraptor-parent-3.5.5/vraptor-core/mvn_dependencies/slf4j-log4j12-1.6.6.jar
SOOT_FACT_GEN: Adding archive: /u/p23lam/hacking/MockAbstraction/Benchmarks/vraptor-vraptor-parent-3.5.5/vraptor-core/mvn_dependencies/spring-aop-3.0.5.RELEASE.jar
SOOT_FACT_GEN: Adding archive: /u/p23lam/hacking/MockAbstraction/Benchmarks/vraptor-vraptor-parent-3.5.5/vraptor-core/mvn_dependencies/spring-asm-3.0.5.RELEASE.jar
SOOT_FACT_GEN: Adding archive: /u/p23lam/hacking/MockAbstraction/Benchmarks/vraptor-vraptor-parent-3.5.5/vraptor-core/mvn_dependencies/spring-beans-3.0.5.RELEASE.jar
SOOT_FACT_GEN: Adding archive: /u/p23lam/hacking/MockAbstraction/Benchmarks/vraptor-vraptor-parent-3.5.5/vraptor-core/mvn_dependencies/spring-context-3.0.5.RELEASE.jar
SOOT_FACT_GEN: Adding archive: /u/p23lam/hacking/MockAbstraction/Benchmarks/vraptor-vraptor-parent-3.5.5/vraptor-core/mvn_dependencies/spring-core-3.0.5.RELEASE.jar
SOOT_FACT_GEN: Adding archive: /u/p23lam/hacking/MockAbstraction/Benchmarks/vraptor-vraptor-parent-3.5.5/vraptor-core/mvn_dependencies/spring-expression-3.0.5.RELEASE.jar
SOOT_FACT_GEN: Adding archive: /u/p23lam/hacking/MockAbstraction/Benchmarks/vraptor-vraptor-parent-3.5.5/vraptor-core/mvn_dependencies/spring-web-3.0.5.RELEASE.jar
SOOT_FACT_GEN: Adding archive: /u/p23lam/hacking/MockAbstraction/Benchmarks/vraptor-vraptor-parent-3.5.5/vraptor-core/mvn_dependencies/stax-api-1.0.1.jar
SOOT_FACT_GEN: Adding archive: /u/p23lam/hacking/MockAbstraction/Benchmarks/vraptor-vraptor-parent-3.5.5/vraptor-core/mvn_dependencies/validation-api-1.1.0.Final.jar
SOOT_FACT_GEN: Adding archive: /u/p23lam/hacking/MockAbstraction/Benchmarks/vraptor-vraptor-parent-3.5.5/vraptor-core/mvn_dependencies/xmlpull-1.1.3.1.jar
SOOT_FACT_GEN: Adding archive: /u/p23lam/hacking/MockAbstraction/Benchmarks/vraptor-vraptor-parent-3.5.5/vraptor-core/mvn_dependencies/xpp3_min-1.1.4c.jar
SOOT_FACT_GEN: Adding archive: /u/p23lam/hacking/MockAbstraction/Benchmarks/vraptor-vraptor-parent-3.5.5/vraptor-core/mvn_dependencies/xstream-1.4.7.jar
SOOT_FACT_GEN: Adding archive for resolving: /u/p23lam/hacking/doop/build/tmp/rt_12346967702330795446.jar
SOOT_FACT_GEN: Adding archive for resolving: /u/p23lam/hacking/doop/build/tmp/jce_18379645417102391552.jar
SOOT_FACT_GEN: Adding archive for resolving: /u/p23lam/hacking/doop/build/tmp/jsse_8509296140067668994.jar
SOOT_FACT_GEN: Classes in input (application) jar(s): 12648
SOOT_FACT_GEN: Total classes in Scene: 22389
SOOT_FACT_GEN: Retrieved all bodies (time: 84)
SOOT_FACT_GEN: Fact generation cores: 32
SOOT_FACT_GEN: WARNING: some classes were not resolved, consider using thorough fact generation or adding them manually via --also-resolve: [com.sun.org.apache.xpath.internal.functions.FuncSubstringAfter, java.beans.Customizer, javax.sound.sampled.Port, com.sun.org.apache.xpath.internal.functions.FuncString, java.rmi.activation.ActivationID, com.sun.org.apache.xpath.internal.functions.FuncContains, com.sun.org.apache.xpath.internal.functions.FuncCeiling, java.awt.dnd.MouseDragGestureRecognizer, java.sql.Types, com.sun.org.apache.xpath.internal.functions.FuncQname, com.sun.org.apache.xpath.internal.functions.FuncCurrent, com.sun.org.apache.xpath.internal.functions.FuncStringLength, com.sun.beans.editors.BooleanEditor, com.sun.syndication.feed.rss.Channel, groovy.lang.MetaClass, sun.util.locale.provider.HostLocaleProviderAdapterImpl, com.sun.org.apache.xpath.internal.functions.FuncSubstring, com.sun.org.apache.xpath.internal.functions.FuncStartsWith, com.sun.corba.se.impl.orb.ORBConfiguratorImpl, com.sun.org.apache.xpath.internal.functions.FuncConcat, com.sun.management.GarbageCollectorMXBean, com.sun.beans.editors.LongEditor, com.sun.org.apache.xpath.internal.functions.FuncNamespace, com.sun.beans.editors.DoubleEditor, com.sun.org.apache.xpath.internal.functions.FuncCount, com.sun.org.apache.xpath.internal.functions.FuncLang, com.sun.org.apache.xpath.internal.functions.FuncNot, com.sun.org.apache.xpath.internal.functions.FuncExtElementAvailable, com.sun.org.apache.xpath.internal.functions.FuncSystemProperty, com.sun.org.apache.xpath.internal.functions.FuncLocalPart, com.sun.org.apache.xpath.internal.functions.FuncTranslate, com.sun.syndication.feed.atom.Feed, com.sun.org.apache.xpath.internal.functions.FuncRound, com.sun.org.apache.xpath.internal.functions.FuncUnparsedEntityURI, com.sun.beans.editors.ByteEditor, com.sun.org.apache.xpath.internal.functions.FuncDoclocation, com.sun.beans.editors.FloatEditor, com.sun.beans.editors.IntegerEditor, com.sun.org.apache.xpath.internal.functions.FuncTrue, com.sun.org.apache.xpath.internal.functions.FuncSum, com.sun.org.apache.xpath.internal.functions.FuncId, com.sun.org.apache.xpath.internal.functions.FuncNormalizeSpace, com.sun.org.apache.xpath.internal.functions.FuncSubstringBefore, com.sun.org.apache.xpath.internal.functions.FuncFloor, com.sun.org.apache.xpath.internal.functions.FuncNumber, com.sun.org.apache.xpath.internal.functions.FuncBoolean, com.sun.org.apache.xpath.internal.functions.FuncGenerateId, javax.rmi.CORBA.ClassDesc, com.sun.beans.editors.ShortEditor, com.sun.org.apache.xpath.internal.functions.FuncFalse]
SOOT_FACT_GEN: Found 2341 phantom references. Rerun with '--report-phantoms' for more details.
SOOT_FACT_GEN: Methods without active bodies encountered (and reset): 0
Soot fact generation time: 160
Caching facts in /u/p23lam/hacking/doop/cache/a9a4c6700af0d8cf447a0f689084fd2e23bb9e2dc035e4fbefdcbf0fb1dbe158
Copying /u/p23lam/hacking/doop/out/vraptor-vraptor-parent-3.5.5-basic-only-NORMAL/database to /u/p23lam/hacking/doop/cache/a9a4c6700af0d8cf447a0f689084fd2e23bb9e2dc035e4fbefdcbf0fb1dbe158...
----
[Task FACTS Done]
Using /usr/bin/time to gather performance statistics...
Running analysis
2586.00user 90.18system 5:17.72elapsed 842%CPU (0avgtext+0avgdata 3402644maxresident)k
46696inputs+79737320outputs (2major+7875365minor)pagefaults 0swaps
Analysis execution time (sec): 317
-- Runtime metrics --
analysis compilation time (sec)                                                  0
analysis execution time (sec)                                                    317
disk footprint (KB)                                                              28,827,879
fact generation time (sec)                                                       160
Making database available at /u/p23lam/hacking/doop/results/vraptor-3.5.5/basic-only/java_8/vraptor-vraptor-parent-3.5.5-basic-only-NORMAL
Making database available at /u/p23lam/hacking/doop/last-analysis

Deprecated Gradle features were used in this build, making it incompatible with Gradle 8.0.

You can use '--warning-mode all' to show the individual deprecation warnings and determine if they come from your own scripts or plugins.

See https://docs.gradle.org/7.3.3/userguide/command_line_interface.html#sec:command_line_warnings

BUILD SUCCESSFUL in 8m 29s
24 actionable tasks: 12 executed, 12 up-to-date
