> Task :generators:code-processor:generateGrammarSource UP-TO-DATE
> Task :generators:code-processor:compileJava UP-TO-DATE
> Task :generators:code-processor:compileGroovy UP-TO-DATE
> Task :generators:code-processor:processResources NO-SOURCE
> Task :generators:code-processor:classes UP-TO-DATE
> Task :generators:code-processor:jar UP-TO-DATE
> Task :generators:fact-generator-common:compileJava UP-TO-DATE
> Task :generators:fact-generator-common:processResources NO-SOURCE
> Task :generators:fact-generator-common:classes UP-TO-DATE
> Task :generators:fact-generator-common:shadowJar UP-TO-DATE
> Task :compileJava UP-TO-DATE
> Task :compileGroovy UP-TO-DATE
> Task :resolveApktool
> Task :generators:dex-fact-generator:compileJava UP-TO-DATE
> Task :generators:dex-fact-generator:processResources NO-SOURCE
> Task :generators:dex-fact-generator:classes UP-TO-DATE
> Task :generators:dex-fact-generator:jar
> Task :generators:dex-fact-generator:fatJar
> Task :generators:dex-fact-generator:installJar
> Task :generators:soot-fact-generator:compileJava UP-TO-DATE
> Task :generators:soot-fact-generator:compileGroovy NO-SOURCE
> Task :generators:soot-fact-generator:processResources NO-SOURCE
> Task :generators:soot-fact-generator:classes UP-TO-DATE
> Task :generators:soot-fact-generator:jar
> Task :generators:soot-fact-generator:fatJar
> Task :generators:soot-fact-generator:installJar
> Task :generators:wala-fact-generator:compileJava UP-TO-DATE
> Task :generators:wala-fact-generator:processResources UP-TO-DATE
> Task :generators:wala-fact-generator:classes UP-TO-DATE
> Task :generators:wala-fact-generator:jar
> Task :generators:wala-fact-generator:fatJar
> Task :generators:wala-fact-generator:installJar
> Task :resourceInstaller
> Task :processResources
> Task :classes
> Task :writeGitCommitHash UP-TO-DATE

> Task :run
Main class(es) expanded with [br.com.caelum.vraptor.RootDriver]
WARNING: Handling of Java reflection is disabled!
New 1-object-sensitive analysis
Id       : vraptor-vraptor-parent-3.5.5-1-object-sensitive-NORMAL
Inputs   : /u/p23lam/hacking/MockAbstraction/Benchmarks/vraptor-vraptor-parent-3.5.5/vraptor-core/target/vraptor-3.5.5.jar, /u/p23lam/hacking/MockAbstraction/Benchmarks/vraptor-vraptor-parent-3.5.5/vraptor-core/target/vraptor-3.5.5-tests.jar, /u/p23lam/hacking/MockAbstraction/Benchmarks/vraptor-vraptor-parent-3.5.5/vraptor-core/mvn_dependencies/antlr-2.7.6.jar, /u/p23lam/hacking/MockAbstraction/Benchmarks/vraptor-vraptor-parent-3.5.5/vraptor-core/mvn_dependencies/aopalliance-1.0.jar, /u/p23lam/hacking/MockAbstraction/Benchmarks/vraptor-vraptor-parent-3.5.5/vraptor-core/mvn_dependencies/aspectjrt-1.6.9.jar, /u/p23lam/hacking/MockAbstraction/Benchmarks/vraptor-vraptor-parent-3.5.5/vraptor-core/mvn_dependencies/cdi-api-1.1.jar, /u/p23lam/hacking/MockAbstraction/Benchmarks/vraptor-vraptor-parent-3.5.5/vraptor-core/mvn_dependencies/classmate-0.8.0.jar, /u/p23lam/hacking/MockAbstraction/Benchmarks/vraptor-vraptor-parent-3.5.5/vraptor-core/mvn_dependencies/commons-collections-3.1.jar, /u/p23lam/hacking/MockAbstraction/Benchmarks/vraptor-vraptor-parent-3.5.5/vraptor-core/mvn_dependencies/commons-fileupload-1.3.jar, /u/p23lam/hacking/MockAbstraction/Benchmarks/vraptor-vraptor-parent-3.5.5/vraptor-core/mvn_dependencies/commons-io-2.2.jar, /u/p23lam/hacking/MockAbstraction/Benchmarks/vraptor-vraptor-parent-3.5.5/vraptor-core/mvn_dependencies/commons-logging-1.1.1.jar, /u/p23lam/hacking/MockAbstraction/Benchmarks/vraptor-vraptor-parent-3.5.5/vraptor-core/mvn_dependencies/dom4j-1.6.1.jar, /u/p23lam/hacking/MockAbstraction/Benchmarks/vraptor-vraptor-parent-3.5.5/vraptor-core/mvn_dependencies/ejb-api-3.0.jar, /u/p23lam/hacking/MockAbstraction/Benchmarks/vraptor-vraptor-parent-3.5.5/vraptor-core/mvn_dependencies/el-api-2.2.jar, /u/p23lam/hacking/MockAbstraction/Benchmarks/vraptor-vraptor-parent-3.5.5/vraptor-core/mvn_dependencies/gson-2.2.4.jar, /u/p23lam/hacking/MockAbstraction/Benchmarks/vraptor-vraptor-parent-3.5.5/vraptor-core/mvn_dependencies/guava-11.0.2.jar, /u/p23lam/hacking/MockAbstraction/Benchmarks/vraptor-vraptor-parent-3.5.5/vraptor-core/mvn_dependencies/guice-3.0.jar, /u/p23lam/hacking/MockAbstraction/Benchmarks/vraptor-vraptor-parent-3.5.5/vraptor-core/mvn_dependencies/guice-multibindings-3.0.jar, /u/p23lam/hacking/MockAbstraction/Benchmarks/vraptor-vraptor-parent-3.5.5/vraptor-core/mvn_dependencies/hamcrest-core-1.2.jar, /u/p23lam/hacking/MockAbstraction/Benchmarks/vraptor-vraptor-parent-3.5.5/vraptor-core/mvn_dependencies/hamcrest-library-1.2.jar, /u/p23lam/hacking/MockAbstraction/Benchmarks/vraptor-vraptor-parent-3.5.5/vraptor-core/mvn_dependencies/hibernate-commons-annotations-3.2.0.Final.jar, /u/p23lam/hacking/MockAbstraction/Benchmarks/vraptor-vraptor-parent-3.5.5/vraptor-core/mvn_dependencies/hibernate-core-3.6.6.Final.jar, /u/p23lam/hacking/MockAbstraction/Benchmarks/vraptor-vraptor-parent-3.5.5/vraptor-core/mvn_dependencies/hibernate-jpa-2.0-api-1.0.1.Final.jar, /u/p23lam/hacking/MockAbstraction/Benchmarks/vraptor-vraptor-parent-3.5.5/vraptor-core/mvn_dependencies/hibernate-validator-5.0.0.Final.jar, /u/p23lam/hacking/MockAbstraction/Benchmarks/vraptor-vraptor-parent-3.5.5/vraptor-core/mvn_dependencies/iogi-1.0.0.jar, /u/p23lam/hacking/MockAbstraction/Benchmarks/vraptor-vraptor-parent-3.5.5/vraptor-core/mvn_dependencies/javassist-3.12.1.GA.jar, /u/p23lam/hacking/MockAbstraction/Benchmarks/vraptor-vraptor-parent-3.5.5/vraptor-core/mvn_dependencies/javassist-3.7.ga.jar, /u/p23lam/hacking/MockAbstraction/Benchmarks/vraptor-vraptor-parent-3.5.5/vraptor-core/mvn_dependencies/javax.annotation-api-1.2.jar, /u/p23lam/hacking/MockAbstraction/Benchmarks/vraptor-vraptor-parent-3.5.5/vraptor-core/mvn_dependencies/javax.el-2.2.4.jar, /u/p23lam/hacking/MockAbstraction/Benchmarks/vraptor-vraptor-parent-3.5.5/vraptor-core/mvn_dependencies/javax.el-api-2.2.4.jar, /u/p23lam/hacking/MockAbstraction/Benchmarks/vraptor-vraptor-parent-3.5.5/vraptor-core/mvn_dependencies/javax.inject-1.jar, /u/p23lam/hacking/MockAbstraction/Benchmarks/vraptor-vraptor-parent-3.5.5/vraptor-core/mvn_dependencies/jboss-interceptors-api_1.1_spec-1.0.0.Beta1.jar, /u/p23lam/hacking/MockAbstraction/Benchmarks/vraptor-vraptor-parent-3.5.5/vraptor-core/mvn_dependencies/jboss-logging-3.1.1.GA.jar, /u/p23lam/hacking/MockAbstraction/Benchmarks/vraptor-vraptor-parent-3.5.5/vraptor-core/mvn_dependencies/jettison-1.2.jar, /u/p23lam/hacking/MockAbstraction/Benchmarks/vraptor-vraptor-parent-3.5.5/vraptor-core/mvn_dependencies/joda-time-1.6.jar, /u/p23lam/hacking/MockAbstraction/Benchmarks/vraptor-vraptor-parent-3.5.5/vraptor-core/mvn_dependencies/jsp-api-2.1.jar, /u/p23lam/hacking/MockAbstraction/Benchmarks/vraptor-vraptor-parent-3.5.5/vraptor-core/mvn_dependencies/jsr250-api-1.0.jar, /u/p23lam/hacking/MockAbstraction/Benchmarks/vraptor-vraptor-parent-3.5.5/vraptor-core/mvn_dependencies/jsr305-1.3.9.jar, /u/p23lam/hacking/MockAbstraction/Benchmarks/vraptor-vraptor-parent-3.5.5/vraptor-core/mvn_dependencies/jstl-1.2.jar, /u/p23lam/hacking/MockAbstraction/Benchmarks/vraptor-vraptor-parent-3.5.5/vraptor-core/mvn_dependencies/jta-1.1.jar, /u/p23lam/hacking/MockAbstraction/Benchmarks/vraptor-vraptor-parent-3.5.5/vraptor-core/mvn_dependencies/junit-4.10.jar, /u/p23lam/hacking/MockAbstraction/Benchmarks/vraptor-vraptor-parent-3.5.5/vraptor-core/mvn_dependencies/log4j-1.2.17.jar, /u/p23lam/hacking/MockAbstraction/Benchmarks/vraptor-vraptor-parent-3.5.5/vraptor-core/mvn_dependencies/mirror-1.6.1.jar, /u/p23lam/hacking/MockAbstraction/Benchmarks/vraptor-vraptor-parent-3.5.5/vraptor-core/mvn_dependencies/mockito-core-1.8.5.jar, /u/p23lam/hacking/MockAbstraction/Benchmarks/vraptor-vraptor-parent-3.5.5/vraptor-core/mvn_dependencies/objenesis-1.3.jar, /u/p23lam/hacking/MockAbstraction/Benchmarks/vraptor-vraptor-parent-3.5.5/vraptor-core/mvn_dependencies/ognl-2.7.3.jar, /u/p23lam/hacking/MockAbstraction/Benchmarks/vraptor-vraptor-parent-3.5.5/vraptor-core/mvn_dependencies/paranamer-2.5.2.jar, /u/p23lam/hacking/MockAbstraction/Benchmarks/vraptor-vraptor-parent-3.5.5/vraptor-core/mvn_dependencies/picocontainer-2.13.6.jar, /u/p23lam/hacking/MockAbstraction/Benchmarks/vraptor-vraptor-parent-3.5.5/vraptor-core/mvn_dependencies/scannotation-1.0.2.jar, /u/p23lam/hacking/MockAbstraction/Benchmarks/vraptor-vraptor-parent-3.5.5/vraptor-core/mvn_dependencies/servlet-api-3.0.20100224.jar, /u/p23lam/hacking/MockAbstraction/Benchmarks/vraptor-vraptor-parent-3.5.5/vraptor-core/mvn_dependencies/slf4j-api-1.6.6.jar, /u/p23lam/hacking/MockAbstraction/Benchmarks/vraptor-vraptor-parent-3.5.5/vraptor-core/mvn_dependencies/slf4j-log4j12-1.6.6.jar, /u/p23lam/hacking/MockAbstraction/Benchmarks/vraptor-vraptor-parent-3.5.5/vraptor-core/mvn_dependencies/spring-aop-3.0.5.RELEASE.jar, /u/p23lam/hacking/MockAbstraction/Benchmarks/vraptor-vraptor-parent-3.5.5/vraptor-core/mvn_dependencies/spring-asm-3.0.5.RELEASE.jar, /u/p23lam/hacking/MockAbstraction/Benchmarks/vraptor-vraptor-parent-3.5.5/vraptor-core/mvn_dependencies/spring-beans-3.0.5.RELEASE.jar, /u/p23lam/hacking/MockAbstraction/Benchmarks/vraptor-vraptor-parent-3.5.5/vraptor-core/mvn_dependencies/spring-context-3.0.5.RELEASE.jar, /u/p23lam/hacking/MockAbstraction/Benchmarks/vraptor-vraptor-parent-3.5.5/vraptor-core/mvn_dependencies/spring-core-3.0.5.RELEASE.jar, /u/p23lam/hacking/MockAbstraction/Benchmarks/vraptor-vraptor-parent-3.5.5/vraptor-core/mvn_dependencies/spring-expression-3.0.5.RELEASE.jar, /u/p23lam/hacking/MockAbstraction/Benchmarks/vraptor-vraptor-parent-3.5.5/vraptor-core/mvn_dependencies/spring-web-3.0.5.RELEASE.jar, /u/p23lam/hacking/MockAbstraction/Benchmarks/vraptor-vraptor-parent-3.5.5/vraptor-core/mvn_dependencies/stax-api-1.0.1.jar, /u/p23lam/hacking/MockAbstraction/Benchmarks/vraptor-vraptor-parent-3.5.5/vraptor-core/mvn_dependencies/validation-api-1.1.0.Final.jar, /u/p23lam/hacking/MockAbstraction/Benchmarks/vraptor-vraptor-parent-3.5.5/vraptor-core/mvn_dependencies/xmlpull-1.1.3.1.jar, /u/p23lam/hacking/MockAbstraction/Benchmarks/vraptor-vraptor-parent-3.5.5/vraptor-core/mvn_dependencies/xpp3_min-1.1.4c.jar, /u/p23lam/hacking/MockAbstraction/Benchmarks/vraptor-vraptor-parent-3.5.5/vraptor-core/mvn_dependencies/xstream-1.4.7.jar
Libraries: 
Using a timeout of 90 min.
Adding extra logic file /u/p23lam/hacking/doop/souffle-logic/analyses/mocks/mocks.dl
[Task FACTS...]
[Task COMPILE...]
-- Fact Generation --
Using cached analysis executable /u/p23lam/hacking/doop/cache/souffle-analyses/1-object-sensitive/429940c583e84770f97f545b953dd9de38468e95d1902ac23a0ddc5ab475e79c
[Task COMPILE Done]
SOOT_FACT_GEN: Logging initialized, using directory: /u/p23lam/hacking/doop/build/logs
SOOT_FACT_GEN: SLF4J: Failed to load class "org.slf4j.impl.StaticLoggerBinder".
SOOT_FACT_GEN: SLF4J: Defaulting to no-operation (NOP) logger implementation
SOOT_FACT_GEN: SLF4J: See http://www.slf4j.org/codes.html#StaticLoggerBinder for further details.
SOOT_FACT_GEN: Preprocessing application: /u/p23lam/hacking/MockAbstraction/Benchmarks/vraptor-vraptor-parent-3.5.5/vraptor-core/target/vraptor-3.5.5.jar
SOOT_FACT_GEN: Preprocessing application: /u/p23lam/hacking/MockAbstraction/Benchmarks/vraptor-vraptor-parent-3.5.5/vraptor-core/target/vraptor-3.5.5-tests.jar
SOOT_FACT_GEN: Preprocessing application: /u/p23lam/hacking/MockAbstraction/Benchmarks/vraptor-vraptor-parent-3.5.5/vraptor-core/mvn_dependencies/antlr-2.7.6.jar
SOOT_FACT_GEN: Preprocessing application: /u/p23lam/hacking/MockAbstraction/Benchmarks/vraptor-vraptor-parent-3.5.5/vraptor-core/mvn_dependencies/aopalliance-1.0.jar
SOOT_FACT_GEN: Preprocessing application: /u/p23lam/hacking/MockAbstraction/Benchmarks/vraptor-vraptor-parent-3.5.5/vraptor-core/mvn_dependencies/aspectjrt-1.6.9.jar
SOOT_FACT_GEN: Preprocessing application: /u/p23lam/hacking/MockAbstraction/Benchmarks/vraptor-vraptor-parent-3.5.5/vraptor-core/mvn_dependencies/cdi-api-1.1.jar
SOOT_FACT_GEN: Preprocessing application: /u/p23lam/hacking/MockAbstraction/Benchmarks/vraptor-vraptor-parent-3.5.5/vraptor-core/mvn_dependencies/classmate-0.8.0.jar
SOOT_FACT_GEN: Preprocessing application: /u/p23lam/hacking/MockAbstraction/Benchmarks/vraptor-vraptor-parent-3.5.5/vraptor-core/mvn_dependencies/commons-collections-3.1.jar
SOOT_FACT_GEN: Preprocessing application: /u/p23lam/hacking/MockAbstraction/Benchmarks/vraptor-vraptor-parent-3.5.5/vraptor-core/mvn_dependencies/commons-fileupload-1.3.jar
SOOT_FACT_GEN: Preprocessing application: /u/p23lam/hacking/MockAbstraction/Benchmarks/vraptor-vraptor-parent-3.5.5/vraptor-core/mvn_dependencies/commons-io-2.2.jar
SOOT_FACT_GEN: Preprocessing application: /u/p23lam/hacking/MockAbstraction/Benchmarks/vraptor-vraptor-parent-3.5.5/vraptor-core/mvn_dependencies/commons-logging-1.1.1.jar
SOOT_FACT_GEN: Preprocessing application: /u/p23lam/hacking/MockAbstraction/Benchmarks/vraptor-vraptor-parent-3.5.5/vraptor-core/mvn_dependencies/dom4j-1.6.1.jar
SOOT_FACT_GEN: Preprocessing application: /u/p23lam/hacking/MockAbstraction/Benchmarks/vraptor-vraptor-parent-3.5.5/vraptor-core/mvn_dependencies/ejb-api-3.0.jar
SOOT_FACT_GEN: Preprocessing application: /u/p23lam/hacking/MockAbstraction/Benchmarks/vraptor-vraptor-parent-3.5.5/vraptor-core/mvn_dependencies/el-api-2.2.jar
SOOT_FACT_GEN: Preprocessing application: /u/p23lam/hacking/MockAbstraction/Benchmarks/vraptor-vraptor-parent-3.5.5/vraptor-core/mvn_dependencies/gson-2.2.4.jar
SOOT_FACT_GEN: Preprocessing application: /u/p23lam/hacking/MockAbstraction/Benchmarks/vraptor-vraptor-parent-3.5.5/vraptor-core/mvn_dependencies/guava-11.0.2.jar
SOOT_FACT_GEN: Preprocessing application: /u/p23lam/hacking/MockAbstraction/Benchmarks/vraptor-vraptor-parent-3.5.5/vraptor-core/mvn_dependencies/guice-3.0.jar
SOOT_FACT_GEN: Preprocessing application: /u/p23lam/hacking/MockAbstraction/Benchmarks/vraptor-vraptor-parent-3.5.5/vraptor-core/mvn_dependencies/guice-multibindings-3.0.jar
SOOT_FACT_GEN: Preprocessing application: /u/p23lam/hacking/MockAbstraction/Benchmarks/vraptor-vraptor-parent-3.5.5/vraptor-core/mvn_dependencies/hamcrest-core-1.2.jar
SOOT_FACT_GEN: Preprocessing application: /u/p23lam/hacking/MockAbstraction/Benchmarks/vraptor-vraptor-parent-3.5.5/vraptor-core/mvn_dependencies/hamcrest-library-1.2.jar
SOOT_FACT_GEN: Preprocessing application: /u/p23lam/hacking/MockAbstraction/Benchmarks/vraptor-vraptor-parent-3.5.5/vraptor-core/mvn_dependencies/hibernate-commons-annotations-3.2.0.Final.jar
SOOT_FACT_GEN: Preprocessing application: /u/p23lam/hacking/MockAbstraction/Benchmarks/vraptor-vraptor-parent-3.5.5/vraptor-core/mvn_dependencies/hibernate-core-3.6.6.Final.jar
SOOT_FACT_GEN: Preprocessing application: /u/p23lam/hacking/MockAbstraction/Benchmarks/vraptor-vraptor-parent-3.5.5/vraptor-core/mvn_dependencies/hibernate-jpa-2.0-api-1.0.1.Final.jar
SOOT_FACT_GEN: Preprocessing application: /u/p23lam/hacking/MockAbstraction/Benchmarks/vraptor-vraptor-parent-3.5.5/vraptor-core/mvn_dependencies/hibernate-validator-5.0.0.Final.jar
SOOT_FACT_GEN: Preprocessing application: /u/p23lam/hacking/MockAbstraction/Benchmarks/vraptor-vraptor-parent-3.5.5/vraptor-core/mvn_dependencies/iogi-1.0.0.jar
SOOT_FACT_GEN: Preprocessing application: /u/p23lam/hacking/MockAbstraction/Benchmarks/vraptor-vraptor-parent-3.5.5/vraptor-core/mvn_dependencies/javassist-3.12.1.GA.jar
SOOT_FACT_GEN: Preprocessing application: /u/p23lam/hacking/MockAbstraction/Benchmarks/vraptor-vraptor-parent-3.5.5/vraptor-core/mvn_dependencies/javassist-3.7.ga.jar
SOOT_FACT_GEN: Preprocessing application: /u/p23lam/hacking/MockAbstraction/Benchmarks/vraptor-vraptor-parent-3.5.5/vraptor-core/mvn_dependencies/javax.annotation-api-1.2.jar
SOOT_FACT_GEN: Preprocessing application: /u/p23lam/hacking/MockAbstraction/Benchmarks/vraptor-vraptor-parent-3.5.5/vraptor-core/mvn_dependencies/javax.el-2.2.4.jar
SOOT_FACT_GEN: Preprocessing application: /u/p23lam/hacking/MockAbstraction/Benchmarks/vraptor-vraptor-parent-3.5.5/vraptor-core/mvn_dependencies/javax.el-api-2.2.4.jar
SOOT_FACT_GEN: Preprocessing application: /u/p23lam/hacking/MockAbstraction/Benchmarks/vraptor-vraptor-parent-3.5.5/vraptor-core/mvn_dependencies/javax.inject-1.jar
SOOT_FACT_GEN: Preprocessing application: /u/p23lam/hacking/MockAbstraction/Benchmarks/vraptor-vraptor-parent-3.5.5/vraptor-core/mvn_dependencies/jboss-interceptors-api_1.1_spec-1.0.0.Beta1.jar
SOOT_FACT_GEN: Preprocessing application: /u/p23lam/hacking/MockAbstraction/Benchmarks/vraptor-vraptor-parent-3.5.5/vraptor-core/mvn_dependencies/jboss-logging-3.1.1.GA.jar
SOOT_FACT_GEN: Preprocessing application: /u/p23lam/hacking/MockAbstraction/Benchmarks/vraptor-vraptor-parent-3.5.5/vraptor-core/mvn_dependencies/jettison-1.2.jar
SOOT_FACT_GEN: Preprocessing application: /u/p23lam/hacking/MockAbstraction/Benchmarks/vraptor-vraptor-parent-3.5.5/vraptor-core/mvn_dependencies/joda-time-1.6.jar
SOOT_FACT_GEN: Preprocessing application: /u/p23lam/hacking/MockAbstraction/Benchmarks/vraptor-vraptor-parent-3.5.5/vraptor-core/mvn_dependencies/jsp-api-2.1.jar
SOOT_FACT_GEN: Preprocessing application: /u/p23lam/hacking/MockAbstraction/Benchmarks/vraptor-vraptor-parent-3.5.5/vraptor-core/mvn_dependencies/jsr250-api-1.0.jar
SOOT_FACT_GEN: Preprocessing application: /u/p23lam/hacking/MockAbstraction/Benchmarks/vraptor-vraptor-parent-3.5.5/vraptor-core/mvn_dependencies/jsr305-1.3.9.jar
SOOT_FACT_GEN: Preprocessing application: /u/p23lam/hacking/MockAbstraction/Benchmarks/vraptor-vraptor-parent-3.5.5/vraptor-core/mvn_dependencies/jstl-1.2.jar
SOOT_FACT_GEN: Preprocessing application: /u/p23lam/hacking/MockAbstraction/Benchmarks/vraptor-vraptor-parent-3.5.5/vraptor-core/mvn_dependencies/jta-1.1.jar
SOOT_FACT_GEN: Preprocessing application: /u/p23lam/hacking/MockAbstraction/Benchmarks/vraptor-vraptor-parent-3.5.5/vraptor-core/mvn_dependencies/junit-4.10.jar
SOOT_FACT_GEN: Preprocessing application: /u/p23lam/hacking/MockAbstraction/Benchmarks/vraptor-vraptor-parent-3.5.5/vraptor-core/mvn_dependencies/log4j-1.2.17.jar
SOOT_FACT_GEN: Preprocessing application: /u/p23lam/hacking/MockAbstraction/Benchmarks/vraptor-vraptor-parent-3.5.5/vraptor-core/mvn_dependencies/mirror-1.6.1.jar
SOOT_FACT_GEN: Preprocessing application: /u/p23lam/hacking/MockAbstraction/Benchmarks/vraptor-vraptor-parent-3.5.5/vraptor-core/mvn_dependencies/mockito-core-1.8.5.jar
SOOT_FACT_GEN: Preprocessing application: /u/p23lam/hacking/MockAbstraction/Benchmarks/vraptor-vraptor-parent-3.5.5/vraptor-core/mvn_dependencies/objenesis-1.3.jar
SOOT_FACT_GEN: Preprocessing application: /u/p23lam/hacking/MockAbstraction/Benchmarks/vraptor-vraptor-parent-3.5.5/vraptor-core/mvn_dependencies/ognl-2.7.3.jar
SOOT_FACT_GEN: Preprocessing application: /u/p23lam/hacking/MockAbstraction/Benchmarks/vraptor-vraptor-parent-3.5.5/vraptor-core/mvn_dependencies/paranamer-2.5.2.jar
SOOT_FACT_GEN: Preprocessing application: /u/p23lam/hacking/MockAbstraction/Benchmarks/vraptor-vraptor-parent-3.5.5/vraptor-core/mvn_dependencies/picocontainer-2.13.6.jar
SOOT_FACT_GEN: Preprocessing application: /u/p23lam/hacking/MockAbstraction/Benchmarks/vraptor-vraptor-parent-3.5.5/vraptor-core/mvn_dependencies/scannotation-1.0.2.jar
SOOT_FACT_GEN: Preprocessing application: /u/p23lam/hacking/MockAbstraction/Benchmarks/vraptor-vraptor-parent-3.5.5/vraptor-core/mvn_dependencies/servlet-api-3.0.20100224.jar
SOOT_FACT_GEN: Preprocessing application: /u/p23lam/hacking/MockAbstraction/Benchmarks/vraptor-vraptor-parent-3.5.5/vraptor-core/mvn_dependencies/slf4j-api-1.6.6.jar
SOOT_FACT_GEN: Preprocessing application: /u/p23lam/hacking/MockAbstraction/Benchmarks/vraptor-vraptor-parent-3.5.5/vraptor-core/mvn_dependencies/slf4j-log4j12-1.6.6.jar
SOOT_FACT_GEN: Preprocessing application: /u/p23lam/hacking/MockAbstraction/Benchmarks/vraptor-vraptor-parent-3.5.5/vraptor-core/mvn_dependencies/spring-aop-3.0.5.RELEASE.jar
SOOT_FACT_GEN: Preprocessing application: /u/p23lam/hacking/MockAbstraction/Benchmarks/vraptor-vraptor-parent-3.5.5/vraptor-core/mvn_dependencies/spring-asm-3.0.5.RELEASE.jar
SOOT_FACT_GEN: Preprocessing application: /u/p23lam/hacking/MockAbstraction/Benchmarks/vraptor-vraptor-parent-3.5.5/vraptor-core/mvn_dependencies/spring-beans-3.0.5.RELEASE.jar
SOOT_FACT_GEN: Preprocessing application: /u/p23lam/hacking/MockAbstraction/Benchmarks/vraptor-vraptor-parent-3.5.5/vraptor-core/mvn_dependencies/spring-context-3.0.5.RELEASE.jar
SOOT_FACT_GEN: Preprocessing application: /u/p23lam/hacking/MockAbstraction/Benchmarks/vraptor-vraptor-parent-3.5.5/vraptor-core/mvn_dependencies/spring-core-3.0.5.RELEASE.jar
SOOT_FACT_GEN: Preprocessing application: /u/p23lam/hacking/MockAbstraction/Benchmarks/vraptor-vraptor-parent-3.5.5/vraptor-core/mvn_dependencies/spring-expression-3.0.5.RELEASE.jar
SOOT_FACT_GEN: Preprocessing application: /u/p23lam/hacking/MockAbstraction/Benchmarks/vraptor-vraptor-parent-3.5.5/vraptor-core/mvn_dependencies/spring-web-3.0.5.RELEASE.jar
SOOT_FACT_GEN: Preprocessing application: /u/p23lam/hacking/MockAbstraction/Benchmarks/vraptor-vraptor-parent-3.5.5/vraptor-core/mvn_dependencies/stax-api-1.0.1.jar
SOOT_FACT_GEN: Preprocessing application: /u/p23lam/hacking/MockAbstraction/Benchmarks/vraptor-vraptor-parent-3.5.5/vraptor-core/mvn_dependencies/validation-api-1.1.0.Final.jar
SOOT_FACT_GEN: Preprocessing application: /u/p23lam/hacking/MockAbstraction/Benchmarks/vraptor-vraptor-parent-3.5.5/vraptor-core/mvn_dependencies/xmlpull-1.1.3.1.jar
SOOT_FACT_GEN: Preprocessing application: /u/p23lam/hacking/MockAbstraction/Benchmarks/vraptor-vraptor-parent-3.5.5/vraptor-core/mvn_dependencies/xpp3_min-1.1.4c.jar
SOOT_FACT_GEN: Preprocessing application: /u/p23lam/hacking/MockAbstraction/Benchmarks/vraptor-vraptor-parent-3.5.5/vraptor-core/mvn_dependencies/xstream-1.4.7.jar
SOOT_FACT_GEN: Preprocessing platform library: /u/p23lam/hacking/doop/build/tmp/rt_14710908461918993452.jar
SOOT_FACT_GEN: Preprocessing platform library: /u/p23lam/hacking/doop/build/tmp/jce_4651345723429172298.jar
SOOT_FACT_GEN: Preprocessing platform library: /u/p23lam/hacking/doop/build/tmp/jsse_12165984949337035081.jar
SOOT_FACT_GEN: Adding archive: /u/p23lam/hacking/MockAbstraction/Benchmarks/vraptor-vraptor-parent-3.5.5/vraptor-core/target/vraptor-3.5.5.jar
SOOT_FACT_GEN: Adding archive: /u/p23lam/hacking/MockAbstraction/Benchmarks/vraptor-vraptor-parent-3.5.5/vraptor-core/target/vraptor-3.5.5-tests.jar
SOOT_FACT_GEN: Adding archive: /u/p23lam/hacking/MockAbstraction/Benchmarks/vraptor-vraptor-parent-3.5.5/vraptor-core/mvn_dependencies/antlr-2.7.6.jar
SOOT_FACT_GEN: Adding archive: /u/p23lam/hacking/MockAbstraction/Benchmarks/vraptor-vraptor-parent-3.5.5/vraptor-core/mvn_dependencies/aopalliance-1.0.jar
SOOT_FACT_GEN: Adding archive: /u/p23lam/hacking/MockAbstraction/Benchmarks/vraptor-vraptor-parent-3.5.5/vraptor-core/mvn_dependencies/aspectjrt-1.6.9.jar
SOOT_FACT_GEN: Adding archive: /u/p23lam/hacking/MockAbstraction/Benchmarks/vraptor-vraptor-parent-3.5.5/vraptor-core/mvn_dependencies/cdi-api-1.1.jar
SOOT_FACT_GEN: Adding archive: /u/p23lam/hacking/MockAbstraction/Benchmarks/vraptor-vraptor-parent-3.5.5/vraptor-core/mvn_dependencies/classmate-0.8.0.jar
SOOT_FACT_GEN: Adding archive: /u/p23lam/hacking/MockAbstraction/Benchmarks/vraptor-vraptor-parent-3.5.5/vraptor-core/mvn_dependencies/commons-collections-3.1.jar
SOOT_FACT_GEN: Adding archive: /u/p23lam/hacking/MockAbstraction/Benchmarks/vraptor-vraptor-parent-3.5.5/vraptor-core/mvn_dependencies/commons-fileupload-1.3.jar
SOOT_FACT_GEN: Adding archive: /u/p23lam/hacking/MockAbstraction/Benchmarks/vraptor-vraptor-parent-3.5.5/vraptor-core/mvn_dependencies/commons-io-2.2.jar
SOOT_FACT_GEN: Adding archive: /u/p23lam/hacking/MockAbstraction/Benchmarks/vraptor-vraptor-parent-3.5.5/vraptor-core/mvn_dependencies/commons-logging-1.1.1.jar
SOOT_FACT_GEN: Adding archive: /u/p23lam/hacking/MockAbstraction/Benchmarks/vraptor-vraptor-parent-3.5.5/vraptor-core/mvn_dependencies/dom4j-1.6.1.jar
SOOT_FACT_GEN: Adding archive: /u/p23lam/hacking/MockAbstraction/Benchmarks/vraptor-vraptor-parent-3.5.5/vraptor-core/mvn_dependencies/ejb-api-3.0.jar
SOOT_FACT_GEN: Adding archive: /u/p23lam/hacking/MockAbstraction/Benchmarks/vraptor-vraptor-parent-3.5.5/vraptor-core/mvn_dependencies/el-api-2.2.jar
SOOT_FACT_GEN: Adding archive: /u/p23lam/hacking/MockAbstraction/Benchmarks/vraptor-vraptor-parent-3.5.5/vraptor-core/mvn_dependencies/gson-2.2.4.jar
SOOT_FACT_GEN: Adding archive: /u/p23lam/hacking/MockAbstraction/Benchmarks/vraptor-vraptor-parent-3.5.5/vraptor-core/mvn_dependencies/guava-11.0.2.jar
SOOT_FACT_GEN: Adding archive: /u/p23lam/hacking/MockAbstraction/Benchmarks/vraptor-vraptor-parent-3.5.5/vraptor-core/mvn_dependencies/guice-3.0.jar
SOOT_FACT_GEN: Adding archive: /u/p23lam/hacking/MockAbstraction/Benchmarks/vraptor-vraptor-parent-3.5.5/vraptor-core/mvn_dependencies/guice-multibindings-3.0.jar
SOOT_FACT_GEN: Adding archive: /u/p23lam/hacking/MockAbstraction/Benchmarks/vraptor-vraptor-parent-3.5.5/vraptor-core/mvn_dependencies/hamcrest-core-1.2.jar
SOOT_FACT_GEN: Adding archive: /u/p23lam/hacking/MockAbstraction/Benchmarks/vraptor-vraptor-parent-3.5.5/vraptor-core/mvn_dependencies/hamcrest-library-1.2.jar
SOOT_FACT_GEN: Adding archive: /u/p23lam/hacking/MockAbstraction/Benchmarks/vraptor-vraptor-parent-3.5.5/vraptor-core/mvn_dependencies/hibernate-commons-annotations-3.2.0.Final.jar
SOOT_FACT_GEN: Adding archive: /u/p23lam/hacking/MockAbstraction/Benchmarks/vraptor-vraptor-parent-3.5.5/vraptor-core/mvn_dependencies/hibernate-core-3.6.6.Final.jar
SOOT_FACT_GEN: Adding archive: /u/p23lam/hacking/MockAbstraction/Benchmarks/vraptor-vraptor-parent-3.5.5/vraptor-core/mvn_dependencies/hibernate-jpa-2.0-api-1.0.1.Final.jar
SOOT_FACT_GEN: Adding archive: /u/p23lam/hacking/MockAbstraction/Benchmarks/vraptor-vraptor-parent-3.5.5/vraptor-core/mvn_dependencies/hibernate-validator-5.0.0.Final.jar
SOOT_FACT_GEN: Adding archive: /u/p23lam/hacking/MockAbstraction/Benchmarks/vraptor-vraptor-parent-3.5.5/vraptor-core/mvn_dependencies/iogi-1.0.0.jar
SOOT_FACT_GEN: Adding archive: /u/p23lam/hacking/MockAbstraction/Benchmarks/vraptor-vraptor-parent-3.5.5/vraptor-core/mvn_dependencies/javassist-3.12.1.GA.jar
SOOT_FACT_GEN: Adding archive: /u/p23lam/hacking/MockAbstraction/Benchmarks/vraptor-vraptor-parent-3.5.5/vraptor-core/mvn_dependencies/javassist-3.7.ga.jar
SOOT_FACT_GEN: Adding archive: /u/p23lam/hacking/MockAbstraction/Benchmarks/vraptor-vraptor-parent-3.5.5/vraptor-core/mvn_dependencies/javax.annotation-api-1.2.jar
SOOT_FACT_GEN: Adding archive: /u/p23lam/hacking/MockAbstraction/Benchmarks/vraptor-vraptor-parent-3.5.5/vraptor-core/mvn_dependencies/javax.el-2.2.4.jar
SOOT_FACT_GEN: Adding archive: /u/p23lam/hacking/MockAbstraction/Benchmarks/vraptor-vraptor-parent-3.5.5/vraptor-core/mvn_dependencies/javax.el-api-2.2.4.jar
SOOT_FACT_GEN: Adding archive: /u/p23lam/hacking/MockAbstraction/Benchmarks/vraptor-vraptor-parent-3.5.5/vraptor-core/mvn_dependencies/javax.inject-1.jar
SOOT_FACT_GEN: Adding archive: /u/p23lam/hacking/MockAbstraction/Benchmarks/vraptor-vraptor-parent-3.5.5/vraptor-core/mvn_dependencies/jboss-interceptors-api_1.1_spec-1.0.0.Beta1.jar
SOOT_FACT_GEN: Adding archive: /u/p23lam/hacking/MockAbstraction/Benchmarks/vraptor-vraptor-parent-3.5.5/vraptor-core/mvn_dependencies/jboss-logging-3.1.1.GA.jar
SOOT_FACT_GEN: Adding archive: /u/p23lam/hacking/MockAbstraction/Benchmarks/vraptor-vraptor-parent-3.5.5/vraptor-core/mvn_dependencies/jettison-1.2.jar
SOOT_FACT_GEN: Adding archive: /u/p23lam/hacking/MockAbstraction/Benchmarks/vraptor-vraptor-parent-3.5.5/vraptor-core/mvn_dependencies/joda-time-1.6.jar
SOOT_FACT_GEN: Adding archive: /u/p23lam/hacking/MockAbstraction/Benchmarks/vraptor-vraptor-parent-3.5.5/vraptor-core/mvn_dependencies/jsp-api-2.1.jar
SOOT_FACT_GEN: Adding archive: /u/p23lam/hacking/MockAbstraction/Benchmarks/vraptor-vraptor-parent-3.5.5/vraptor-core/mvn_dependencies/jsr250-api-1.0.jar
SOOT_FACT_GEN: Adding archive: /u/p23lam/hacking/MockAbstraction/Benchmarks/vraptor-vraptor-parent-3.5.5/vraptor-core/mvn_dependencies/jsr305-1.3.9.jar
SOOT_FACT_GEN: Adding archive: /u/p23lam/hacking/MockAbstraction/Benchmarks/vraptor-vraptor-parent-3.5.5/vraptor-core/mvn_dependencies/jstl-1.2.jar
SOOT_FACT_GEN: Adding archive: /u/p23lam/hacking/MockAbstraction/Benchmarks/vraptor-vraptor-parent-3.5.5/vraptor-core/mvn_dependencies/jta-1.1.jar
SOOT_FACT_GEN: Adding archive: /u/p23lam/hacking/MockAbstraction/Benchmarks/vraptor-vraptor-parent-3.5.5/vraptor-core/mvn_dependencies/junit-4.10.jar
SOOT_FACT_GEN: Adding archive: /u/p23lam/hacking/MockAbstraction/Benchmarks/vraptor-vraptor-parent-3.5.5/vraptor-core/mvn_dependencies/log4j-1.2.17.jar
SOOT_FACT_GEN: Adding archive: /u/p23lam/hacking/MockAbstraction/Benchmarks/vraptor-vraptor-parent-3.5.5/vraptor-core/mvn_dependencies/mirror-1.6.1.jar
SOOT_FACT_GEN: Adding archive: /u/p23lam/hacking/MockAbstraction/Benchmarks/vraptor-vraptor-parent-3.5.5/vraptor-core/mvn_dependencies/mockito-core-1.8.5.jar
SOOT_FACT_GEN: Adding archive: /u/p23lam/hacking/MockAbstraction/Benchmarks/vraptor-vraptor-parent-3.5.5/vraptor-core/mvn_dependencies/objenesis-1.3.jar
SOOT_FACT_GEN: Adding archive: /u/p23lam/hacking/MockAbstraction/Benchmarks/vraptor-vraptor-parent-3.5.5/vraptor-core/mvn_dependencies/ognl-2.7.3.jar
SOOT_FACT_GEN: Adding archive: /u/p23lam/hacking/MockAbstraction/Benchmarks/vraptor-vraptor-parent-3.5.5/vraptor-core/mvn_dependencies/paranamer-2.5.2.jar
SOOT_FACT_GEN: Adding archive: /u/p23lam/hacking/MockAbstraction/Benchmarks/vraptor-vraptor-parent-3.5.5/vraptor-core/mvn_dependencies/picocontainer-2.13.6.jar
SOOT_FACT_GEN: Adding archive: /u/p23lam/hacking/MockAbstraction/Benchmarks/vraptor-vraptor-parent-3.5.5/vraptor-core/mvn_dependencies/scannotation-1.0.2.jar
SOOT_FACT_GEN: Adding archive: /u/p23lam/hacking/MockAbstraction/Benchmarks/vraptor-vraptor-parent-3.5.5/vraptor-core/mvn_dependencies/servlet-api-3.0.20100224.jar
SOOT_FACT_GEN: Adding archive: /u/p23lam/hacking/MockAbstraction/Benchmarks/vraptor-vraptor-parent-3.5.5/vraptor-core/mvn_dependencies/slf4j-api-1.6.6.jar
SOOT_FACT_GEN: Adding archive: /u/p23lam/hacking/MockAbstraction/Benchmarks/vraptor-vraptor-parent-3.5.5/vraptor-core/mvn_dependencies/slf4j-log4j12-1.6.6.jar
SOOT_FACT_GEN: Adding archive: /u/p23lam/hacking/MockAbstraction/Benchmarks/vraptor-vraptor-parent-3.5.5/vraptor-core/mvn_dependencies/spring-aop-3.0.5.RELEASE.jar
SOOT_FACT_GEN: Adding archive: /u/p23lam/hacking/MockAbstraction/Benchmarks/vraptor-vraptor-parent-3.5.5/vraptor-core/mvn_dependencies/spring-asm-3.0.5.RELEASE.jar
SOOT_FACT_GEN: Adding archive: /u/p23lam/hacking/MockAbstraction/Benchmarks/vraptor-vraptor-parent-3.5.5/vraptor-core/mvn_dependencies/spring-beans-3.0.5.RELEASE.jar
SOOT_FACT_GEN: Adding archive: /u/p23lam/hacking/MockAbstraction/Benchmarks/vraptor-vraptor-parent-3.5.5/vraptor-core/mvn_dependencies/spring-context-3.0.5.RELEASE.jar
SOOT_FACT_GEN: Adding archive: /u/p23lam/hacking/MockAbstraction/Benchmarks/vraptor-vraptor-parent-3.5.5/vraptor-core/mvn_dependencies/spring-core-3.0.5.RELEASE.jar
SOOT_FACT_GEN: Adding archive: /u/p23lam/hacking/MockAbstraction/Benchmarks/vraptor-vraptor-parent-3.5.5/vraptor-core/mvn_dependencies/spring-expression-3.0.5.RELEASE.jar
SOOT_FACT_GEN: Adding archive: /u/p23lam/hacking/MockAbstraction/Benchmarks/vraptor-vraptor-parent-3.5.5/vraptor-core/mvn_dependencies/spring-web-3.0.5.RELEASE.jar
SOOT_FACT_GEN: Adding archive: /u/p23lam/hacking/MockAbstraction/Benchmarks/vraptor-vraptor-parent-3.5.5/vraptor-core/mvn_dependencies/stax-api-1.0.1.jar
SOOT_FACT_GEN: Adding archive: /u/p23lam/hacking/MockAbstraction/Benchmarks/vraptor-vraptor-parent-3.5.5/vraptor-core/mvn_dependencies/validation-api-1.1.0.Final.jar
SOOT_FACT_GEN: Adding archive: /u/p23lam/hacking/MockAbstraction/Benchmarks/vraptor-vraptor-parent-3.5.5/vraptor-core/mvn_dependencies/xmlpull-1.1.3.1.jar
SOOT_FACT_GEN: Adding archive: /u/p23lam/hacking/MockAbstraction/Benchmarks/vraptor-vraptor-parent-3.5.5/vraptor-core/mvn_dependencies/xpp3_min-1.1.4c.jar
SOOT_FACT_GEN: Adding archive: /u/p23lam/hacking/MockAbstraction/Benchmarks/vraptor-vraptor-parent-3.5.5/vraptor-core/mvn_dependencies/xstream-1.4.7.jar
SOOT_FACT_GEN: Adding archive for resolving: /u/p23lam/hacking/doop/build/tmp/rt_14710908461918993452.jar
SOOT_FACT_GEN: Adding archive for resolving: /u/p23lam/hacking/doop/build/tmp/jce_4651345723429172298.jar
SOOT_FACT_GEN: Adding archive for resolving: /u/p23lam/hacking/doop/build/tmp/jsse_12165984949337035081.jar
SOOT_FACT_GEN: Classes in input (application) jar(s): 12648
SOOT_FACT_GEN: Total classes in Scene: 22389
SOOT_FACT_GEN: Retrieved all bodies (time: 84)
SOOT_FACT_GEN: Fact generation cores: 32
SOOT_FACT_GEN: WARNING: some classes were not resolved, consider using thorough fact generation or adding them manually via --also-resolve: [com.sun.org.apache.xpath.internal.functions.FuncSubstringAfter, java.beans.Customizer, javax.sound.sampled.Port, com.sun.org.apache.xpath.internal.functions.FuncString, java.rmi.activation.ActivationID, com.sun.org.apache.xpath.internal.functions.FuncContains, com.sun.org.apache.xpath.internal.functions.FuncCeiling, java.awt.dnd.MouseDragGestureRecognizer, java.sql.Types, com.sun.org.apache.xpath.internal.functions.FuncQname, com.sun.org.apache.xpath.internal.functions.FuncCurrent, com.sun.org.apache.xpath.internal.functions.FuncStringLength, com.sun.beans.editors.BooleanEditor, com.sun.syndication.feed.rss.Channel, groovy.lang.MetaClass, sun.util.locale.provider.HostLocaleProviderAdapterImpl, com.sun.org.apache.xpath.internal.functions.FuncSubstring, com.sun.org.apache.xpath.internal.functions.FuncStartsWith, com.sun.corba.se.impl.orb.ORBConfiguratorImpl, com.sun.org.apache.xpath.internal.functions.FuncConcat, com.sun.management.GarbageCollectorMXBean, com.sun.beans.editors.LongEditor, com.sun.org.apache.xpath.internal.functions.FuncNamespace, com.sun.beans.editors.DoubleEditor, com.sun.org.apache.xpath.internal.functions.FuncCount, com.sun.org.apache.xpath.internal.functions.FuncLang, com.sun.org.apache.xpath.internal.functions.FuncNot, com.sun.org.apache.xpath.internal.functions.FuncExtElementAvailable, com.sun.org.apache.xpath.internal.functions.FuncSystemProperty, com.sun.org.apache.xpath.internal.functions.FuncLocalPart, com.sun.org.apache.xpath.internal.functions.FuncTranslate, com.sun.syndication.feed.atom.Feed, com.sun.org.apache.xpath.internal.functions.FuncRound, com.sun.org.apache.xpath.internal.functions.FuncUnparsedEntityURI, com.sun.beans.editors.ByteEditor, com.sun.org.apache.xpath.internal.functions.FuncDoclocation, com.sun.beans.editors.FloatEditor, com.sun.beans.editors.IntegerEditor, com.sun.org.apache.xpath.internal.functions.FuncTrue, com.sun.org.apache.xpath.internal.functions.FuncSum, com.sun.org.apache.xpath.internal.functions.FuncId, com.sun.org.apache.xpath.internal.functions.FuncNormalizeSpace, com.sun.org.apache.xpath.internal.functions.FuncSubstringBefore, com.sun.org.apache.xpath.internal.functions.FuncFloor, com.sun.org.apache.xpath.internal.functions.FuncNumber, com.sun.org.apache.xpath.internal.functions.FuncBoolean, com.sun.org.apache.xpath.internal.functions.FuncGenerateId, javax.rmi.CORBA.ClassDesc, com.sun.beans.editors.ShortEditor, com.sun.org.apache.xpath.internal.functions.FuncFalse]
SOOT_FACT_GEN: Found 2335 phantom references. Rerun with '--report-phantoms' for more details.
SOOT_FACT_GEN: Methods without active bodies encountered (and reset): 0
Soot fact generation time: 156
Caching facts in /u/p23lam/hacking/doop/cache/d395db6839e7536273fad6645744ef9a5c9444562464e91b8c2ea65d6da3f873
Copying /u/p23lam/hacking/doop/out/vraptor-vraptor-parent-3.5.5-1-object-sensitive-NORMAL/database to /u/p23lam/hacking/doop/cache/d395db6839e7536273fad6645744ef9a5c9444562464e91b8c2ea65d6da3f873...
----
[Task FACTS Done]
Using /usr/bin/time to gather performance statistics...
Running analysis
20376.17user 366.19system 35:53.43elapsed 963%CPU (0avgtext+0avgdata 32948700maxresident)k
2840inputs+262152680outputs (31major+55755622minor)pagefaults 0swaps
Analysis execution time (sec): 2154
-- Runtime metrics --
analysis compilation time (sec)                                                  0
analysis execution time (sec)                                                    2,154
disk footprint (KB)                                                              133,851,900
fact generation time (sec)                                                       156
-- Statistics --
var points-to (INS)                                                              23,222,197
var points-to (SENS)                                                             177,016,986
reachable variables (INS)                                                        233,231
reachable variables (SENS)                                                       1,658,895
reachable methods (INS)                                                          26,342
reachable methods (SENS)                                                         263,268
total methods                                                                    182,550
virtual call sites (statically)                                                  387,607
reachable virtual call sites                                                     66,715
polymorphic virtual call sites                                                   5,065
null virtual call sites                                                          16,265
empty virtual call sites                                                         4,086
app virtual call sites (statically)                                              215,099
app reachable virtual call sites                                                 39,577
app polymorphic virtual call sites                                               3,383
app null virtual call sites                                                      9,687
app empty reachable virtual call sites                                           3,087
array index points-to (INS)                                                      247,902
array index points-to (SENS)                                                     247,902
casts (statically)                                                               42,228
reachable casts                                                                  5,374
reachable casts that may fail                                                    4,230
app casts (statically)                                                           17,921
app reachable casts                                                              3,447
app reachable casts that may fail                                                2,921
app reachable methods                                                            14,496
app concrete methods                                                             83,688
instance field points-to (INS)                                                   1,056,472
instance field points-to (SENS)                                                  1,056,472
static field points-to (INS)                                                     5,103
static field points-to (SENS)                                                    5,103
app var points-to (INS)                                                          15,496,453
app var points-to (SENS)                                                         42,083,829
java.util var points-to (INS)                                                    3,851,470
java.util var points-to (SENS)                                                   71,878,437
app array index points-to (INS)                                                  165,049
app array index points-to (SENS)                                                 165,049
mock objects                                                                     0
mock objects for receivers                                                       0
mock objects for arg                                                             0
forced-reachable formals that could not be mocked                                0
app instance field points-to (INS)                                               734,882
app instance field points-to (SENS)                                              734,882
call graph edges (INS)                                                           175,526
call graph edges (SENS)                                                          14,433,689
non-reachable app concrete methods                                               69,201
Making database available at /u/p23lam/hacking/doop/results/vraptor-3.5.5/1-object-sensitive/java_8/vraptor-vraptor-parent-3.5.5-1-object-sensitive-NORMAL
Making database available at /u/p23lam/hacking/doop/last-analysis

Deprecated Gradle features were used in this build, making it incompatible with Gradle 8.0.

You can use '--warning-mode all' to show the individual deprecation warnings and determine if they come from your own scripts or plugins.

See https://docs.gradle.org/7.3.3/userguide/command_line_interface.html#sec:command_line_warnings

BUILD SUCCESSFUL in 39m 4s
24 actionable tasks: 12 executed, 12 up-to-date
