> Task :generators:code-processor:generateGrammarSource UP-TO-DATE
> Task :generators:code-processor:compileJava UP-TO-DATE
> Task :generators:code-processor:compileGroovy UP-TO-DATE
> Task :generators:code-processor:processResources NO-SOURCE
> Task :generators:code-processor:classes UP-TO-DATE
> Task :generators:code-processor:jar UP-TO-DATE
> Task :generators:fact-generator-common:compileJava UP-TO-DATE
> Task :generators:fact-generator-common:processResources NO-SOURCE
> Task :generators:fact-generator-common:classes UP-TO-DATE
> Task :generators:fact-generator-common:shadowJar UP-TO-DATE
> Task :compileJava UP-TO-DATE
> Task :compileGroovy UP-TO-DATE
> Task :resolveApktool
> Task :generators:dex-fact-generator:compileJava UP-TO-DATE
> Task :generators:dex-fact-generator:processResources NO-SOURCE
> Task :generators:dex-fact-generator:classes UP-TO-DATE
> Task :generators:dex-fact-generator:jar
> Task :generators:dex-fact-generator:fatJar
> Task :generators:dex-fact-generator:installJar
> Task :generators:soot-fact-generator:compileJava UP-TO-DATE
> Task :generators:soot-fact-generator:compileGroovy NO-SOURCE
> Task :generators:soot-fact-generator:processResources NO-SOURCE
> Task :generators:soot-fact-generator:classes UP-TO-DATE
> Task :generators:soot-fact-generator:jar
> Task :generators:soot-fact-generator:fatJar
> Task :generators:soot-fact-generator:installJar
> Task :generators:wala-fact-generator:compileJava UP-TO-DATE
> Task :generators:wala-fact-generator:processResources UP-TO-DATE
> Task :generators:wala-fact-generator:classes UP-TO-DATE
> Task :generators:wala-fact-generator:jar
> Task :generators:wala-fact-generator:fatJar
> Task :generators:wala-fact-generator:installJar
> Task :resourceInstaller
> Task :processResources
> Task :classes
> Task :writeGitCommitHash UP-TO-DATE

> Task :run
Main class(es) expanded with [org.apache.commons.collections4.RootDriver]
WARNING: Handling of Java reflection is disabled!
New 1-object-sensitive analysis
Id       : commons-collections4-4.4-1-object-sensitive-NORMAL
Inputs   : /u/p23lam/hacking/MockAbstraction/Benchmarks/commons-collections4-4.4/target/commons-collections4-4.4.jar, /u/p23lam/hacking/MockAbstraction/Benchmarks/commons-collections4-4.4/target/commons-collections4-4.4-tests.jar, /u/p23lam/hacking/MockAbstraction/Benchmarks/commons-collections4-4.4/mvn_dependencies/commons-lang3-3.9.jar, /u/p23lam/hacking/MockAbstraction/Benchmarks/commons-collections4-4.4/mvn_dependencies/dexmaker-1.5.jar, /u/p23lam/hacking/MockAbstraction/Benchmarks/commons-collections4-4.4/mvn_dependencies/easymock-4.0.2.jar, /u/p23lam/hacking/MockAbstraction/Benchmarks/commons-collections4-4.4/mvn_dependencies/hamcrest-core-1.3.jar, /u/p23lam/hacking/MockAbstraction/Benchmarks/commons-collections4-4.4/mvn_dependencies/junit-4.12.jar, /u/p23lam/hacking/MockAbstraction/Benchmarks/commons-collections4-4.4/mvn_dependencies/objenesis-3.0.1.jar
Libraries: 
Using a timeout of 90 min.
Adding extra logic file /u/p23lam/hacking/doop/souffle-logic/analyses/mocks/mocks.dl
[Task FACTS...]
[Task COMPILE...]
-- Fact Generation --
Using cached analysis executable /u/p23lam/hacking/doop/cache/souffle-analyses/1-object-sensitive/429940c583e84770f97f545b953dd9de38468e95d1902ac23a0ddc5ab475e79c
[Task COMPILE Done]
SOOT_FACT_GEN: Logging initialized, using directory: /u/p23lam/hacking/doop/build/logs
SOOT_FACT_GEN: SLF4J: Failed to load class "org.slf4j.impl.StaticLoggerBinder".
SOOT_FACT_GEN: SLF4J: Defaulting to no-operation (NOP) logger implementation
SOOT_FACT_GEN: SLF4J: See http://www.slf4j.org/codes.html#StaticLoggerBinder for further details.
SOOT_FACT_GEN: Preprocessing application: /u/p23lam/hacking/MockAbstraction/Benchmarks/commons-collections4-4.4/target/commons-collections4-4.4.jar
SOOT_FACT_GEN: Preprocessing application: /u/p23lam/hacking/MockAbstraction/Benchmarks/commons-collections4-4.4/target/commons-collections4-4.4-tests.jar
SOOT_FACT_GEN: Preprocessing application: /u/p23lam/hacking/MockAbstraction/Benchmarks/commons-collections4-4.4/mvn_dependencies/commons-lang3-3.9.jar
SOOT_FACT_GEN: Preprocessing application: /u/p23lam/hacking/MockAbstraction/Benchmarks/commons-collections4-4.4/mvn_dependencies/dexmaker-1.5.jar
SOOT_FACT_GEN: Preprocessing application: /u/p23lam/hacking/MockAbstraction/Benchmarks/commons-collections4-4.4/mvn_dependencies/easymock-4.0.2.jar
SOOT_FACT_GEN: Preprocessing application: /u/p23lam/hacking/MockAbstraction/Benchmarks/commons-collections4-4.4/mvn_dependencies/hamcrest-core-1.3.jar
SOOT_FACT_GEN: Preprocessing application: /u/p23lam/hacking/MockAbstraction/Benchmarks/commons-collections4-4.4/mvn_dependencies/junit-4.12.jar
SOOT_FACT_GEN: Preprocessing application: /u/p23lam/hacking/MockAbstraction/Benchmarks/commons-collections4-4.4/mvn_dependencies/objenesis-3.0.1.jar
SOOT_FACT_GEN: Preprocessing platform library: /u/p23lam/hacking/doop/build/tmp/rt_16723040112487889962.jar
SOOT_FACT_GEN: Preprocessing platform library: /u/p23lam/hacking/doop/build/tmp/jce_3934818362480381295.jar
SOOT_FACT_GEN: Preprocessing platform library: /u/p23lam/hacking/doop/build/tmp/jsse_10398337034927247578.jar
SOOT_FACT_GEN: Adding archive: /u/p23lam/hacking/MockAbstraction/Benchmarks/commons-collections4-4.4/target/commons-collections4-4.4.jar
SOOT_FACT_GEN: Adding archive: /u/p23lam/hacking/MockAbstraction/Benchmarks/commons-collections4-4.4/target/commons-collections4-4.4-tests.jar
SOOT_FACT_GEN: Adding archive: /u/p23lam/hacking/MockAbstraction/Benchmarks/commons-collections4-4.4/mvn_dependencies/commons-lang3-3.9.jar
SOOT_FACT_GEN: Adding archive: /u/p23lam/hacking/MockAbstraction/Benchmarks/commons-collections4-4.4/mvn_dependencies/dexmaker-1.5.jar
SOOT_FACT_GEN: Adding archive: /u/p23lam/hacking/MockAbstraction/Benchmarks/commons-collections4-4.4/mvn_dependencies/easymock-4.0.2.jar
SOOT_FACT_GEN: Adding archive: /u/p23lam/hacking/MockAbstraction/Benchmarks/commons-collections4-4.4/mvn_dependencies/hamcrest-core-1.3.jar
SOOT_FACT_GEN: Adding archive: /u/p23lam/hacking/MockAbstraction/Benchmarks/commons-collections4-4.4/mvn_dependencies/junit-4.12.jar
SOOT_FACT_GEN: Adding archive: /u/p23lam/hacking/MockAbstraction/Benchmarks/commons-collections4-4.4/mvn_dependencies/objenesis-3.0.1.jar
SOOT_FACT_GEN: Adding archive for resolving: /u/p23lam/hacking/doop/build/tmp/rt_16723040112487889962.jar
SOOT_FACT_GEN: Adding archive for resolving: /u/p23lam/hacking/doop/build/tmp/jce_3934818362480381295.jar
SOOT_FACT_GEN: Adding archive for resolving: /u/p23lam/hacking/doop/build/tmp/jsse_10398337034927247578.jar
SOOT_FACT_GEN: Classes in input (application) jar(s): 2409
SOOT_FACT_GEN: Total classes in Scene: 9682
SOOT_FACT_GEN: Retrieved all bodies (time: 47)
SOOT_FACT_GEN: Fact generation cores: 32
SOOT_FACT_GEN: WARNING: some classes were not resolved, consider using thorough fact generation or adding them manually via --also-resolve: [java.beans.Customizer, javax.sound.sampled.Port, com.sun.beans.editors.ByteEditor, java.awt.dnd.MouseDragGestureRecognizer, com.sun.beans.editors.FloatEditor, com.sun.beans.editors.IntegerEditor, com.sun.beans.editors.BooleanEditor, sun.util.locale.provider.HostLocaleProviderAdapterImpl, com.sun.beans.editors.ShortEditor, com.sun.management.GarbageCollectorMXBean, com.sun.beans.editors.LongEditor, com.sun.beans.editors.DoubleEditor]
SOOT_FACT_GEN: Found 43 phantom references. Rerun with '--report-phantoms' for more details.
SOOT_FACT_GEN: Methods without active bodies encountered (and reset): 0
Soot fact generation time: 97
Caching facts in /u/p23lam/hacking/doop/cache/f4126eea1e6eca74eed2d52fc4c6ffdb76d70d79c03a706a8663aba77e6fa7fc
Copying /u/p23lam/hacking/doop/out/commons-collections4-4.4-1-object-sensitive-NORMAL/database to /u/p23lam/hacking/doop/cache/f4126eea1e6eca74eed2d52fc4c6ffdb76d70d79c03a706a8663aba77e6fa7fc...
----
[Task FACTS Done]
Using /usr/bin/time to gather performance statistics...
Running analysis
2581.51user 70.75system 6:12.25elapsed 712%CPU (0avgtext+0avgdata 7254608maxresident)k
0inputs+55893016outputs (0major+9851993minor)pagefaults 0swaps
Analysis execution time (sec): 372
-- Runtime metrics --
analysis compilation time (sec)                                                  0
analysis execution time (sec)                                                    372
disk footprint (KB)                                                              29,351,074
fact generation time (sec)                                                       97
-- Statistics --
var points-to (INS)                                                              5,763,109
var points-to (SENS)                                                             34,442,827
reachable variables (INS)                                                        166,904
reachable variables (SENS)                                                       771,055
reachable methods (INS)                                                          18,346
reachable methods (SENS)                                                         119,464
total methods                                                                    89,539
virtual call sites (statically)                                                  184,902
reachable virtual call sites                                                     48,312
polymorphic virtual call sites                                                   3,515
null virtual call sites                                                          9,803
empty virtual call sites                                                         2,121
app virtual call sites (statically)                                              47,226
app reachable virtual call sites                                                 23,559
app polymorphic virtual call sites                                               2,107
app null virtual call sites                                                      4,107
app empty reachable virtual call sites                                           1,291
array index points-to (INS)                                                      48,193
array index points-to (SENS)                                                     48,193
casts (statically)                                                               25,662
reachable casts                                                                  3,110
reachable casts that may fail                                                    2,156
app casts (statically)                                                           4,414
app reachable casts                                                              1,372
app reachable casts that may fail                                                1,019
app reachable methods                                                            7,746
app concrete methods                                                             19,651
instance field points-to (INS)                                                   242,738
instance field points-to (SENS)                                                  242,738
static field points-to (INS)                                                     5,537
static field points-to (SENS)                                                    5,537
app var points-to (INS)                                                          3,718,199
app var points-to (SENS)                                                         8,364,382
java.util var points-to (INS)                                                    985,972
java.util var points-to (SENS)                                                   20,342,932
app array index points-to (INS)                                                  24,669
app array index points-to (SENS)                                                 24,669
mock objects                                                                     0
mock objects for receivers                                                       0
mock objects for arg                                                             0
forced-reachable formals that could not be mocked                                0
app instance field points-to (INS)                                               149,604
app instance field points-to (SENS)                                              149,604
call graph edges (INS)                                                           112,763
call graph edges (SENS)                                                          2,263,756
non-reachable app concrete methods                                               11,908
Making database available at /u/p23lam/hacking/doop/results/commons-collections4-4.4/1-object-sensitive/java_8/commons-collections4-4.4-1-object-sensitive-NORMAL
Making database available at /u/p23lam/hacking/doop/last-analysis

Deprecated Gradle features were used in this build, making it incompatible with Gradle 8.0.

You can use '--warning-mode all' to show the individual deprecation warnings and determine if they come from your own scripts or plugins.

See https://docs.gradle.org/7.3.3/userguide/command_line_interface.html#sec:command_line_warnings

BUILD SUCCESSFUL in 8m 18s
24 actionable tasks: 12 executed, 12 up-to-date
