Soot has run AnnotatedAndInitMockTransformer for 96 ms.
Total Number of Annotated Mocks in the benchmark: 0
Total Number of Mocks defined in default init<> in the benchmark: 0
Soot has run MockAnalysisPreTransformer for 12 ms.
Total Number of Mocks defined in @Before in the benchmark: 8

 ====================================== 
** CLASS io.bootique.jopt.JoptCliTest
Number of Methods with MayMock in class: 3
Number of Methods with ArrayMock in class: 0
Number of Methods with CollectionMock in class: 0

 ====================================== 
** CLASS io.bootique.jopt.JoptCliFactoryTest
Number of Methods with MayMock in class: 1
Number of Methods with ArrayMock in class: 0
Number of Methods with CollectionMock in class: 0

 ====================================== 
** CLASS io.bootique.jopt.JoptCliFactoryCommandNameTest
Number of Methods with MayMock in class: 1
Number of Methods with ArrayMock in class: 0
Number of Methods with CollectionMock in class: 0

 ====================================== 
** CLASS io.bootique.ConfigModuleTest
Number of Methods with MayMock in class: 1
Number of Methods with ArrayMock in class: 0
Number of Methods with CollectionMock in class: 0

 ====================================== 
** CLASS io.bootique.BootiqueUtilsTest
Number of Methods with MayMock in class: 3
Number of Methods with ArrayMock in class: 3
Number of Methods with CollectionMock in class: 0

 ====================================== 
** CLASS io.bootique.config.jackson.parser.MultiFormatJsonNodeParserTest
Number of Methods with MayMock in class: 1
Number of Methods with ArrayMock in class: 0
Number of Methods with CollectionMock in class: 0

 ====================================== 
** CLASS io.bootique.log.DefaultBootLoggerTest
Number of Methods with MayMock in class: 5
Number of Methods with ArrayMock in class: 4
Number of Methods with CollectionMock in class: 0

 ====================================== 
** CLASS io.bootique.RuntimeModuleMergerTest
Number of Methods with MayMock in class: 1
Number of Methods with ArrayMock in class: 0
Number of Methods with CollectionMock in class: 0

 ====================================== 
** CLASS io.bootique.terminal.SttyTerminalTest
Number of Methods with MayMock in class: 1
Number of Methods with ArrayMock in class: 0
Number of Methods with CollectionMock in class: 0

 ====================================== 
** CLASS io.bootique.run.DefaultRunnerTest
Number of Methods with MayMock in class: 10
Number of Methods with ArrayMock in class: 0
Number of Methods with CollectionMock in class: 0

 ====================================== 
** CLASS io.bootique.help.config.ConfigSectionGeneratorTest
Number of Methods with MayMock in class: 1
Number of Methods with ArrayMock in class: 0
Number of Methods with CollectionMock in class: 0

 ====================================== 
** CLASS io.bootique.shutdown.DefaultShutdownManagerIT
Number of Methods with MayMock in class: 3
Number of Methods with ArrayMock in class: 0
Number of Methods with CollectionMock in class: 0

 ====================================== 
** CLASS io.bootique.shutdown.DefaultShutdownManagerTest
Number of Methods with MayMock in class: 3
Number of Methods with ArrayMock in class: 0
Number of Methods with CollectionMock in class: 0

 ====================================== 
** CLASS io.bootique.command.CommandDecoratorIT
Number of Methods with MayMock in class: 4
Number of Methods with ArrayMock in class: 0
Number of Methods with CollectionMock in class: 0

 ====================================== 
Benchmark bootique_bootique_2.0.B1 Mock Stats
Total Number of Test/Before/After Methods: 420
Total Number of Test/Before/After Methods with May Mock: 32
Total Number of Test/Before/After Methods with ArrayMock: 7
Total Number of Test/Before/After Methods with Collection: 0
Total Number of Helper Methods: 223
Total Number of Helper Methods with MayMock: 6
Total Number of Helper Methods with ArrayMock: 0
Total Number of Helper Methods with CollectionMock: 0

 ====================================== 
 INVOCATION STATISTICS 


** CLASS io.bootique.meta.application.CommandMetadataTest


** CLASS io.bootique.meta.application.ApplicationMetadataIT


** CLASS io.bootique.meta.application.ApplicationIntrospectorTest


** CLASS io.bootique.meta.config.ConfigHierarchyResolverTest


** CLASS io.bootique.meta.config.ConfigObjectMetadataTest


** CLASS io.bootique.meta.config.ConfigMetadataIT


** CLASS io.bootique.meta.config.ConfigMetadataCompilerTest


** CLASS io.bootique.meta.module.ModuleMetadataIT


** CLASS io.bootique.meta.module.ModuleMetadataTest


** CLASS io.bootique.BootiqueTest


** CLASS io.bootique.Bootique_CliOptionsIT


** CLASS io.bootique.value.DurationTest


** CLASS io.bootique.value.BytesTest


** CLASS io.bootique.value.PercentTest


** CLASS io.bootique.jopt.JoptCliTest



========== method  testStringsFor_Missing ========: 

	Total invocations on Mocks 1 : 

	InvokeExpr: virtualinvoke $r2.<joptsimple.OptionSet: java.lang.Object valueOf(java.lang.String)>($r3)


** CLASS io.bootique.jopt.JoptCliFactoryTest



========== method  addMockCommand ========: 

	Total invocations on Mocks 2 : 

	InvokeExpr: interfaceinvoke r2.<io.bootique.command.Command: io.bootique.meta.application.CommandMetadata getMetadata()>()

	InvokeExpr: interfaceinvoke r2.<io.bootique.command.Command: io.bootique.meta.application.CommandMetadata getMetadata()>()


** CLASS io.bootique.jopt.JoptCliFactoryCommandNameTest



========== method  addMockCommand ========: 

	Total invocations on Mocks 2 : 

	InvokeExpr: interfaceinvoke r3.<io.bootique.command.Command: io.bootique.meta.application.CommandMetadata getMetadata()>()

	InvokeExpr: interfaceinvoke r3.<io.bootique.command.Command: io.bootique.meta.application.CommandMetadata getMetadata()>()


** CLASS io.bootique.BootiqueExceptionsHandlerIT


** CLASS io.bootique.ConfigModuleTest



========== method  testConfigConfig ========: 

	Total invocations on Mocks 1 : 

	InvokeExpr: interfaceinvoke r1.<io.bootique.config.ConfigurationFactory: java.lang.Object config(java.lang.Class,java.lang.String)>($r6, $r7)


** CLASS io.bootique.BootiqueUtilsTest



========== method  moduleProviderDependencies ========: 

	Total invocations on Mocks 13 : 

	InvokeExpr: interfaceinvoke r1.<io.bootique.BQModuleProvider: java.util.Collection dependencies()>()

	InvokeExpr: virtualinvoke r4.<io.bootique.BQModuleMetadata$Builder: io.bootique.BQModuleMetadata build()>()

	InvokeExpr: interfaceinvoke r1.<io.bootique.BQModuleProvider: io.bootique.BQModuleMetadata$Builder moduleBuilder()>()

	InvokeExpr: virtualinvoke r6.<io.bootique.BQModuleMetadata$Builder: io.bootique.BQModuleMetadata build()>()

	InvokeExpr: interfaceinvoke r2.<io.bootique.BQModuleProvider: io.bootique.BQModuleMetadata$Builder moduleBuilder()>()

	InvokeExpr: virtualinvoke r8.<io.bootique.BQModuleMetadata$Builder: io.bootique.BQModuleMetadata build()>()

	InvokeExpr: interfaceinvoke r3.<io.bootique.BQModuleProvider: io.bootique.BQModuleMetadata$Builder moduleBuilder()>()

	InvokeExpr: interfaceinvoke $r46.<io.bootique.BQModuleProvider: java.util.Collection dependencies()>()

	InvokeExpr: interfaceinvoke $r50.<io.bootique.BQModuleProvider: io.bootique.BQModuleMetadata$Builder moduleBuilder()>()

	InvokeExpr: interfaceinvoke $r54.<io.bootique.BQModuleProvider: java.util.Collection dependencies()>()

	InvokeExpr: interfaceinvoke $r58.<io.bootique.BQModuleProvider: io.bootique.BQModuleMetadata$Builder moduleBuilder()>()

	InvokeExpr: interfaceinvoke $r62.<io.bootique.BQModuleProvider: java.util.Collection dependencies()>()

	InvokeExpr: interfaceinvoke $r66.<io.bootique.BQModuleProvider: io.bootique.BQModuleMetadata$Builder moduleBuilder()>()



========== method  moduleProviderDependenciesTwoLevels ========: 

	Total invocations on Mocks 13 : 

	InvokeExpr: interfaceinvoke r1.<io.bootique.BQModuleProvider: java.util.Collection dependencies()>()

	InvokeExpr: virtualinvoke r4.<io.bootique.BQModuleMetadata$Builder: io.bootique.BQModuleMetadata build()>()

	InvokeExpr: interfaceinvoke r1.<io.bootique.BQModuleProvider: io.bootique.BQModuleMetadata$Builder moduleBuilder()>()

	InvokeExpr: virtualinvoke r6.<io.bootique.BQModuleMetadata$Builder: io.bootique.BQModuleMetadata build()>()

	InvokeExpr: interfaceinvoke r2.<io.bootique.BQModuleProvider: io.bootique.BQModuleMetadata$Builder moduleBuilder()>()

	InvokeExpr: virtualinvoke r8.<io.bootique.BQModuleMetadata$Builder: io.bootique.BQModuleMetadata build()>()

	InvokeExpr: interfaceinvoke r3.<io.bootique.BQModuleProvider: io.bootique.BQModuleMetadata$Builder moduleBuilder()>()

	InvokeExpr: interfaceinvoke $r46.<io.bootique.BQModuleProvider: java.util.Collection dependencies()>()

	InvokeExpr: interfaceinvoke $r50.<io.bootique.BQModuleProvider: io.bootique.BQModuleMetadata$Builder moduleBuilder()>()

	InvokeExpr: interfaceinvoke $r54.<io.bootique.BQModuleProvider: java.util.Collection dependencies()>()

	InvokeExpr: interfaceinvoke $r58.<io.bootique.BQModuleProvider: io.bootique.BQModuleMetadata$Builder moduleBuilder()>()

	InvokeExpr: interfaceinvoke $r62.<io.bootique.BQModuleProvider: java.util.Collection dependencies()>()

	InvokeExpr: interfaceinvoke $r66.<io.bootique.BQModuleProvider: io.bootique.BQModuleMetadata$Builder moduleBuilder()>()



========== method  moduleProviderDependenciesCircular ========: 

	Total invocations on Mocks 13 : 

	InvokeExpr: interfaceinvoke r1.<io.bootique.BQModuleProvider: java.util.Collection dependencies()>()

	InvokeExpr: virtualinvoke r4.<io.bootique.BQModuleMetadata$Builder: io.bootique.BQModuleMetadata build()>()

	InvokeExpr: interfaceinvoke r1.<io.bootique.BQModuleProvider: io.bootique.BQModuleMetadata$Builder moduleBuilder()>()

	InvokeExpr: virtualinvoke r6.<io.bootique.BQModuleMetadata$Builder: io.bootique.BQModuleMetadata build()>()

	InvokeExpr: interfaceinvoke r2.<io.bootique.BQModuleProvider: io.bootique.BQModuleMetadata$Builder moduleBuilder()>()

	InvokeExpr: virtualinvoke r8.<io.bootique.BQModuleMetadata$Builder: io.bootique.BQModuleMetadata build()>()

	InvokeExpr: interfaceinvoke r3.<io.bootique.BQModuleProvider: io.bootique.BQModuleMetadata$Builder moduleBuilder()>()

	InvokeExpr: interfaceinvoke $r46.<io.bootique.BQModuleProvider: java.util.Collection dependencies()>()

	InvokeExpr: interfaceinvoke $r50.<io.bootique.BQModuleProvider: io.bootique.BQModuleMetadata$Builder moduleBuilder()>()

	InvokeExpr: interfaceinvoke $r54.<io.bootique.BQModuleProvider: java.util.Collection dependencies()>()

	InvokeExpr: interfaceinvoke $r58.<io.bootique.BQModuleProvider: io.bootique.BQModuleMetadata$Builder moduleBuilder()>()

	InvokeExpr: interfaceinvoke $r62.<io.bootique.BQModuleProvider: java.util.Collection dependencies()>()

	InvokeExpr: interfaceinvoke $r66.<io.bootique.BQModuleProvider: io.bootique.BQModuleMetadata$Builder moduleBuilder()>()


** CLASS io.bootique.Bootique_Configuration_PropertiesIT


** CLASS io.bootique.Bootique_ConfigurationIT


** CLASS io.bootique.BootiqueIT


** CLASS io.bootique.jackson.DefaultJacksonServiceIT


** CLASS io.bootique.jackson.LocalDateDeserializerIT


** CLASS io.bootique.jackson.InstantDeserializerIT


** CLASS io.bootique.jackson.OffsetTimeDeserializerIT


** CLASS io.bootique.jackson.DurationDeserializerIT


** CLASS io.bootique.jackson.ZoneOffSetDeserializerIT


** CLASS io.bootique.jackson.YearMonthDeserializerIT


** CLASS io.bootique.jackson.LocalTimeDeserializerIT


** CLASS io.bootique.jackson.DurationValueYamlDeserializerIT


** CLASS io.bootique.jackson.YearDeserializerIT


** CLASS io.bootique.jackson.ZonedDateTimeDeserializerIT


** CLASS io.bootique.jackson.PercentValueYamlDeserializerIT


** CLASS io.bootique.jackson.OffsetDateTimeDeserializerIT


** CLASS io.bootique.jackson.LocalDateTimeDeserializerIT


** CLASS io.bootique.jackson.PeriodDeserializerIT


** CLASS io.bootique.jackson.MonthDayDeserializerIT


** CLASS io.bootique.jackson.DateDeserializerIT


** CLASS io.bootique.config.jackson.merger.InPlaceLeftHandMergerTest


** CLASS io.bootique.config.jackson.merger.InPlacePropertiesMergerTest


** CLASS io.bootique.config.jackson.JsonConfigurationFactoryIT


** CLASS io.bootique.config.jackson.JsonConfigurationFactoryTest


** CLASS io.bootique.config.jackson.path.PathSegmentTest


** CLASS io.bootique.config.jackson.parser.MultiFormatJsonNodeParserTest


** CLASS io.bootique.config.jackson.parser.JsonConfigurationFormatParserTest


** CLASS io.bootique.config.jackson.parser.YamlConfigurationFormatParserTest


** CLASS io.bootique.log.DefaultBootLoggerTest



========== method  testStdout ========: 

	Total invocations on Mocks 1 : 

	InvokeExpr: virtualinvoke $r7.<java.io.PrintStream: void println(java.lang.String)>("outmsg")



========== method  testStderr ========: 

	Total invocations on Mocks 1 : 

	InvokeExpr: virtualinvoke $r7.<java.io.PrintStream: void println(java.lang.String)>("errmsg")



========== method  testTrace ========: 

	Total invocations on Mocks 1 : 

	InvokeExpr: virtualinvoke $r8.<java.io.PrintStream: void println(java.lang.String)>("mytrace")


** CLASS io.bootique.RuntimeModuleMergerTest



========== method  createBQModule ========: 

	Total invocations on Mocks 2 : 

	InvokeExpr: virtualinvoke r3.<io.bootique.BQModuleMetadata: io.bootique.di.BQModule getModule()>()

	InvokeExpr: virtualinvoke r3.<io.bootique.BQModuleMetadata: java.util.Collection getOverrides()>()


** CLASS io.bootique.terminal.SttyTerminalTest


** CLASS io.bootique.run.DefaultRunnerIT


** CLASS io.bootique.run.DefaultRunnerTest



========== method  mockCommand ========: 

	Total invocations on Mocks 2 : 

	InvokeExpr: interfaceinvoke r5.<io.bootique.command.Command: io.bootique.command.CommandOutcome run(io.bootique.cli.Cli)>($r10)

	InvokeExpr: interfaceinvoke r5.<io.bootique.command.Command: io.bootique.meta.application.CommandMetadata getMetadata()>()



========== method  testRun ========: 

	Total invocations on Mocks 5 : 

	InvokeExpr: interfaceinvoke $r6.<io.bootique.cli.Cli: java.lang.String commandName()>()

	InvokeExpr: interfaceinvoke $r23.<io.bootique.command.Command: io.bootique.command.CommandOutcome run(io.bootique.cli.Cli)>($r22)

	InvokeExpr: interfaceinvoke $r28.<io.bootique.command.Command: io.bootique.command.CommandOutcome run(io.bootique.cli.Cli)>($r27)

	InvokeExpr: interfaceinvoke $r33.<io.bootique.command.Command: io.bootique.command.CommandOutcome run(io.bootique.cli.Cli)>($r32)

	InvokeExpr: interfaceinvoke $r38.<io.bootique.command.Command: io.bootique.command.CommandOutcome run(io.bootique.cli.Cli)>($r37)



========== method  testRun_ReverseOrder ========: 

	Total invocations on Mocks 5 : 

	InvokeExpr: interfaceinvoke $r6.<io.bootique.cli.Cli: java.lang.String commandName()>()

	InvokeExpr: interfaceinvoke $r23.<io.bootique.command.Command: io.bootique.command.CommandOutcome run(io.bootique.cli.Cli)>($r22)

	InvokeExpr: interfaceinvoke $r28.<io.bootique.command.Command: io.bootique.command.CommandOutcome run(io.bootique.cli.Cli)>($r27)

	InvokeExpr: interfaceinvoke $r33.<io.bootique.command.Command: io.bootique.command.CommandOutcome run(io.bootique.cli.Cli)>($r32)

	InvokeExpr: interfaceinvoke $r38.<io.bootique.command.Command: io.bootique.command.CommandOutcome run(io.bootique.cli.Cli)>($r37)



========== method  testRun_NoMatch ========: 

	Total invocations on Mocks 1 : 

	InvokeExpr: interfaceinvoke $r5.<io.bootique.cli.Cli: java.lang.String commandName()>()



========== method  testRun_NullName_Default ========: 

	Total invocations on Mocks 5 : 

	InvokeExpr: interfaceinvoke $r6.<io.bootique.cli.Cli: java.lang.String commandName()>()

	InvokeExpr: interfaceinvoke $r24.<io.bootique.command.Command: io.bootique.command.CommandOutcome run(io.bootique.cli.Cli)>($r23)

	InvokeExpr: interfaceinvoke $r29.<io.bootique.command.Command: io.bootique.command.CommandOutcome run(io.bootique.cli.Cli)>($r28)

	InvokeExpr: interfaceinvoke $r33.<io.bootique.command.Command: io.bootique.command.CommandOutcome run(io.bootique.cli.Cli)>($r32)

	InvokeExpr: interfaceinvoke $r38.<io.bootique.command.Command: io.bootique.command.CommandOutcome run(io.bootique.cli.Cli)>($r37)



========== method  testRun_NullName_Help ========: 

	Total invocations on Mocks 4 : 

	InvokeExpr: interfaceinvoke $r5.<io.bootique.cli.Cli: java.lang.String commandName()>()

	InvokeExpr: interfaceinvoke $r21.<io.bootique.command.Command: io.bootique.command.CommandOutcome run(io.bootique.cli.Cli)>($r20)

	InvokeExpr: interfaceinvoke $r26.<io.bootique.command.Command: io.bootique.command.CommandOutcome run(io.bootique.cli.Cli)>($r25)

	InvokeExpr: interfaceinvoke $r30.<io.bootique.command.Command: io.bootique.command.CommandOutcome run(io.bootique.cli.Cli)>($r29)



========== method  testRun_NullName_NoFallback ========: 

	Total invocations on Mocks 3 : 

	InvokeExpr: interfaceinvoke $r4.<io.bootique.cli.Cli: java.lang.String commandName()>()

	InvokeExpr: interfaceinvoke $r18.<io.bootique.command.Command: io.bootique.command.CommandOutcome run(io.bootique.cli.Cli)>($r17)

	InvokeExpr: interfaceinvoke $r23.<io.bootique.command.Command: io.bootique.command.CommandOutcome run(io.bootique.cli.Cli)>($r22)



========== method  testRun_Failure ========: 

	Total invocations on Mocks 1 : 

	InvokeExpr: interfaceinvoke $r4.<io.bootique.cli.Cli: java.lang.String commandName()>()



========== method  run ========: 

	Total invocations on Mocks 1 : 

	InvokeExpr: virtualinvoke r6.<io.bootique.command.ExecutionPlanBuilder: io.bootique.command.Command prepareForExecution(io.bootique.command.Command)>($r15)


** CLASS io.bootique.names.ClassToNameTest


** CLASS io.bootique.help.DefaultHelpGeneratorTest


** CLASS io.bootique.help.config.ConfigSectionGeneratorFoldingTest


** CLASS io.bootique.help.config.DefaultConfigHelpGeneratorTest


** CLASS io.bootique.help.config.ConfigSectionGeneratorTest


** CLASS io.bootique.help.ConsoleAppenderTest


** CLASS io.bootique.BootiqueStaticsTest


** CLASS io.bootique.Bootique_DeclareVarsIT


** CLASS io.bootique.shutdown.DefaultShutdownManagerIT



========== method  testShutdown ========: 

	Total invocations on Mocks 2 : 

	InvokeExpr: interfaceinvoke $r9.<java.lang.AutoCloseable: void close()>()

	InvokeExpr: interfaceinvoke $r12.<java.lang.AutoCloseable: void close()>()



========== method  testShutdown_Unresponsive_Timeout ========: 

	Total invocations on Mocks 1 : 

	InvokeExpr: interfaceinvoke $r13.<java.lang.AutoCloseable: void close()>()


** CLASS io.bootique.shutdown.DefaultShutdownManagerTest



========== method  testShutdownOne ========: 

	Total invocations on Mocks 1 : 

	InvokeExpr: interfaceinvoke $r6.<java.lang.AutoCloseable: void close()>()



========== method  testShutdownAll ========: 

	Total invocations on Mocks 2 : 

	InvokeExpr: interfaceinvoke $r9.<java.lang.AutoCloseable: void close()>()

	InvokeExpr: interfaceinvoke $r12.<java.lang.AutoCloseable: void close()>()


** CLASS io.bootique.Bootique_Configuration_VarsIT


** CLASS io.bootique.resource.FolderResourceFactoryTest


** CLASS io.bootique.resource.ResourceFactoryTest


** CLASS io.bootique.resource.ResourceFactory_WebConfigSourceIT


** CLASS io.bootique.Bootique_ModuleOverridesIT


** CLASS io.bootique.BQCoreModuleExtenderTest


** CLASS io.bootique.command.CommandManagerIT


** CLASS io.bootique.command.DefaultCommandManagerTest


** CLASS io.bootique.command.CommandsIT


** CLASS io.bootique.command.CommandDecorator_CommandsIT


** CLASS io.bootique.command.CommandDecoratorIT



========== method  testAlsoRun_Instance ========: 

	Total invocations on Mocks 2 : 

	InvokeExpr: interfaceinvoke r1.<io.bootique.command.Command: io.bootique.command.CommandOutcome run(io.bootique.cli.Cli)>($r4)

	InvokeExpr: interfaceinvoke $r13.<io.bootique.command.Command: io.bootique.command.CommandOutcome run(io.bootique.cli.Cli)>($r15)



========== method  testBeforeRun_Instance ========: 

	Total invocations on Mocks 2 : 

	InvokeExpr: interfaceinvoke r1.<io.bootique.command.Command: io.bootique.command.CommandOutcome run(io.bootique.cli.Cli)>($r5)

	InvokeExpr: interfaceinvoke $r12.<io.bootique.command.Command: io.bootique.command.CommandOutcome run(io.bootique.cli.Cli)>($r14)



========== method  testBeforeAndAlsoRun ========: 

	Total invocations on Mocks 8 : 

	InvokeExpr: interfaceinvoke r1.<io.bootique.command.Command: io.bootique.command.CommandOutcome run(io.bootique.cli.Cli)>($r8)

	InvokeExpr: interfaceinvoke r2.<io.bootique.command.Command: io.bootique.command.CommandOutcome run(io.bootique.cli.Cli)>($r15)

	InvokeExpr: interfaceinvoke r3.<io.bootique.command.Command: io.bootique.command.CommandOutcome run(io.bootique.cli.Cli)>($r22)

	InvokeExpr: interfaceinvoke r4.<io.bootique.command.Command: io.bootique.command.CommandOutcome run(io.bootique.cli.Cli)>($r29)

	InvokeExpr: interfaceinvoke $r42.<io.bootique.command.Command: io.bootique.command.CommandOutcome run(io.bootique.cli.Cli)>($r44)

	InvokeExpr: interfaceinvoke $r47.<io.bootique.command.Command: io.bootique.command.CommandOutcome run(io.bootique.cli.Cli)>($r49)

	InvokeExpr: interfaceinvoke $r52.<io.bootique.command.Command: io.bootique.command.CommandOutcome run(io.bootique.cli.Cli)>($r54)

	InvokeExpr: interfaceinvoke $r57.<io.bootique.command.Command: io.bootique.command.CommandOutcome run(io.bootique.cli.Cli)>($r59)



========== method  testMultipleDecoratorsForTheSameCommand ========: 

	Total invocations on Mocks 4 : 

	InvokeExpr: interfaceinvoke r1.<io.bootique.command.Command: io.bootique.command.CommandOutcome run(io.bootique.cli.Cli)>($r5)

	InvokeExpr: interfaceinvoke r2.<io.bootique.command.Command: io.bootique.command.CommandOutcome run(io.bootique.cli.Cli)>($r12)

	InvokeExpr: interfaceinvoke $r25.<io.bootique.command.Command: io.bootique.command.CommandOutcome run(io.bootique.cli.Cli)>($r27)

	InvokeExpr: interfaceinvoke $r30.<io.bootique.command.Command: io.bootique.command.CommandOutcome run(io.bootique.cli.Cli)>($r32)


** CLASS io.bootique.BQModuleIdTest


** CLASS io.bootique.BaseModuleTest

Benchmark Overall Stats 
Total Invocations: 3366
Invocations On Mocks: 99

Soot has run MockAnalysisMainTransformer for 168 ms.

[Thread-6] ERROR heros.solver.CountingThreadPoolExecutor - Worker thread execution failed: Failed to convert <org.mockito.plugins.MemberAccessor: java.lang.Object newInstance(java.lang.reflect.Constructor,org.mockito.plugins.MemberAccessor$OnConstruction,java.lang.Object[])>
java.lang.RuntimeException: Failed to convert <org.mockito.plugins.MemberAccessor: java.lang.Object newInstance(java.lang.reflect.Constructor,org.mockito.plugins.MemberAccessor$OnConstruction,java.lang.Object[])>
	at soot.asm.AsmMethodSource.getBody(AsmMethodSource.java:2040)
	at soot.SootMethod.retrieveActiveBody(SootMethod.java:402)
	at soot.PackManager$1.run(PackManager.java:1279)
	at java.util.concurrent.ThreadPoolExecutor.runWorker(ThreadPoolExecutor.java:1149)
	at java.util.concurrent.ThreadPoolExecutor$Worker.run(ThreadPoolExecutor.java:624)
	at java.lang.Thread.run(Thread.java:748)
Caused by: java.lang.RuntimeException: Trying to create virtual invoke expression for interface type (org.mockito.plugins.MemberAccessor in file null). Use JInterfaceInvokeExpr instead!
	at soot.jimple.internal.JVirtualInvokeExpr.<init>(JVirtualInvokeExpr.java:49)
	at soot.jimple.Jimple.newVirtualInvokeExpr(Jimple.java:469)
	at soot.LambdaMetaFactory$ThunkMethodSource._invokeImplMethod(LambdaMetaFactory.java:699)
	at soot.LambdaMetaFactory$ThunkMethodSource.invokeImplMethod(LambdaMetaFactory.java:646)
	at soot.LambdaMetaFactory$ThunkMethodSource.getInvokeBody(LambdaMetaFactory.java:483)
	at soot.LambdaMetaFactory$ThunkMethodSource.getBody(LambdaMetaFactory.java:334)
	at soot.SootMethod.retrieveActiveBody(SootMethod.java:402)
	at soot.LambdaMetaFactory.makeLambdaHelper(LambdaMetaFactory.java:239)
	at soot.asm.AsmMethodSource.convertInvokeDynamicInsn(AsmMethodSource.java:1420)
	at soot.asm.AsmMethodSource.convert(AsmMethodSource.java:1791)
	at soot.asm.AsmMethodSource.getBody(AsmMethodSource.java:2038)
	... 5 more
Exception in thread "Thread-6" java.lang.RuntimeException: Failed to convert <org.mockito.plugins.MemberAccessor: java.lang.Object newInstance(java.lang.reflect.Constructor,org.mockito.plugins.MemberAccessor$OnConstruction,java.lang.Object[])>
	at soot.asm.AsmMethodSource.getBody(AsmMethodSource.java:2040)
	at soot.SootMethod.retrieveActiveBody(SootMethod.java:402)
	at soot.PackManager$1.run(PackManager.java:1279)
	at java.util.concurrent.ThreadPoolExecutor.runWorker(ThreadPoolExecutor.java:1149)
	at java.util.concurrent.ThreadPoolExecutor$Worker.run(ThreadPoolExecutor.java:624)
	at java.lang.Thread.run(Thread.java:748)
Caused by: java.lang.RuntimeException: Trying to create virtual invoke expression for interface type (org.mockito.plugins.MemberAccessor in file null). Use JInterfaceInvokeExpr instead!
	at soot.jimple.internal.JVirtualInvokeExpr.<init>(JVirtualInvokeExpr.java:49)
	at soot.jimple.Jimple.newVirtualInvokeExpr(Jimple.java:469)
	at soot.LambdaMetaFactory$ThunkMethodSource._invokeImplMethod(LambdaMetaFactory.java:699)
	at soot.LambdaMetaFactory$ThunkMethodSource.invokeImplMethod(LambdaMetaFactory.java:646)
	at soot.LambdaMetaFactory$ThunkMethodSource.getInvokeBody(LambdaMetaFactory.java:483)
	at soot.LambdaMetaFactory$ThunkMethodSource.getBody(LambdaMetaFactory.java:334)
	at soot.SootMethod.retrieveActiveBody(SootMethod.java:402)
	at soot.LambdaMetaFactory.makeLambdaHelper(LambdaMetaFactory.java:239)
	at soot.asm.AsmMethodSource.convertInvokeDynamicInsn(AsmMethodSource.java:1420)
	at soot.asm.AsmMethodSource.convert(AsmMethodSource.java:1791)
	at soot.asm.AsmMethodSource.getBody(AsmMethodSource.java:2038)
	... 5 more
java.lang.RuntimeException: Failed to convert <org.mockito.plugins.MemberAccessor: java.lang.Object newInstance(java.lang.reflect.Constructor,org.mockito.plugins.MemberAccessor$OnConstruction,java.lang.Object[])>
	at soot.asm.AsmMethodSource.getBody(AsmMethodSource.java:2040)
	at soot.SootMethod.retrieveActiveBody(SootMethod.java:402)
	at soot.PackManager$1.run(PackManager.java:1279)
	at java.util.concurrent.ThreadPoolExecutor.runWorker(ThreadPoolExecutor.java:1149)
	at java.util.concurrent.ThreadPoolExecutor$Worker.run(ThreadPoolExecutor.java:624)
	at java.lang.Thread.run(Thread.java:748)
Caused by: java.lang.RuntimeException: Trying to create virtual invoke expression for interface type (org.mockito.plugins.MemberAccessor in file null). Use JInterfaceInvokeExpr instead!
	at soot.jimple.internal.JVirtualInvokeExpr.<init>(JVirtualInvokeExpr.java:49)
	at soot.jimple.Jimple.newVirtualInvokeExpr(Jimple.java:469)
	at soot.LambdaMetaFactory$ThunkMethodSource._invokeImplMethod(LambdaMetaFactory.java:699)
	at soot.LambdaMetaFactory$ThunkMethodSource.invokeImplMethod(LambdaMetaFactory.java:646)
	at soot.LambdaMetaFactory$ThunkMethodSource.getInvokeBody(LambdaMetaFactory.java:483)
	at soot.LambdaMetaFactory$ThunkMethodSource.getBody(LambdaMetaFactory.java:334)
	at soot.SootMethod.retrieveActiveBody(SootMethod.java:402)
	at soot.LambdaMetaFactory.makeLambdaHelper(LambdaMetaFactory.java:239)
	at soot.asm.AsmMethodSource.convertInvokeDynamicInsn(AsmMethodSource.java:1420)
	at soot.asm.AsmMethodSource.convert(AsmMethodSource.java:1791)
	at soot.asm.AsmMethodSource.getBody(AsmMethodSource.java:2038)
	... 5 more


Ouuups... something went wrong! Sorry about that.
Follow these steps to fix the problem:
1.) Are you sure you used the right command line?
    Click here to double-check:
    https://github.com/Sable/soot/wiki/Options-and-JavaDoc

2.) Not sure whether it's a bug? Feel free to discuss
    the issue on the Soot mailing list:
    https://github.com/Sable/soot/wiki/Getting-help

3.) Sure it's a bug? Click this link to report it.
    https://github.com/Sable/soot/issues/new?title=java.lang.RuntimeException+when+...&body=Steps+to+reproduce%3A%0A1.%29+...%0A%0AFiles+used+to+reproduce%3A+%0A...%0A%0ASoot+version%3A+%3Cpre%3Etrunk%3C%2Fpre%3E%0A%0ACommand+line%3A%0A%3Cpre%3E-main-class+io.bootique.RootDriver+-process-dir+%2Fhome%2Fdaveroar%2FGraduation_Studies%2FThesisWork%2FJRefactoring%2FMockAbstraction%2FBenchmarks%2Fbootique-2.0.B1%2Fbootique%2Ftarget%2Fclasses+-process-dir+%2Fhome%2Fdaveroar%2FGraduation_Studies%2FThesisWork%2FJRefactoring%2FMockAbstraction%2FBenchmarks%2Fbootique-2.0.B1%2Fbootique%2Ftarget%2Ftest-classes%3C%2Fpre%3E%0A%0AMax+Memory%3A%0A%3Cpre%3E3566MB%3C%2Fpre%3E%0A%0AStack+trace%3A%0A%3Cpre%3Ejava.lang.RuntimeException%3A+Failed+to+convert+%26%2360%3Borg.mockito.plugins.MemberAccessor%3A+java.lang.Object+newInstance%28java.lang.reflect.Constructor%2Corg.mockito.plugins.MemberAccessor%24OnConstruction%2Cjava.lang.Object%5B%5D%29%26%2362%3B%0A%09at+soot.asm.AsmMethodSource.getBody%28AsmMethodSource.java%3A2040%29%0A%09at+soot.SootMethod.retrieveActiveBody%28SootMethod.java%3A402%29%0A%09at+soot.PackManager%241.run%28PackManager.java%3A1279%29%0A%09at+java.util.concurrent.ThreadPoolExecutor.runWorker%28ThreadPoolExecutor.java%3A1149%29%0A%09at+java.util.concurrent.ThreadPoolExecutor%24Worker.run%28ThreadPoolExecutor.java%3A624%29%0A%09at+java.lang.Thread.run%28Thread.java%3A748%29%0ACaused+by%3A+java.lang.RuntimeException%3A+Trying+to+create+virtual+invoke+expression+for+interface+type+%28org.mockito.plugins.MemberAccessor+in+file+null%29.+Use+JInterfaceInvokeExpr+instead%21%0A%09at+soot.jimple.internal.JVirtualInvokeExpr.%26%2360%3Binit%26%2362%3B%28JVirtualInvokeExpr.java%3A49%29%0A%09at+soot.jimple.Jimple.newVirtualInvokeExpr%28Jimple.java%3A469%29%0A%09at+soot.LambdaMetaFactory%24ThunkMethodSource._invokeImplMethod%28LambdaMetaFactory.java%3A699%29%0A%09at+soot.LambdaMetaFactory%24ThunkMethodSource.invokeImplMethod%28LambdaMetaFactory.java%3A646%29%0A%09at+soot.LambdaMetaFactory%24ThunkMethodSource.getInvokeBody%28LambdaMetaFactory.java%3A483%29%0A%09at+soot.LambdaMetaFactory%24ThunkMethodSource.getBody%28LambdaMetaFactory.java%3A334%29%0A%09at+soot.SootMethod.retrieveActiveBody%28SootMethod.java%3A402%29%0A%09at+soot.LambdaMetaFactory.makeLambdaHelper%28LambdaMetaFactory.java%3A239%29%0A%09at+soot.asm.AsmMethodSource.convertInvokeDynamicInsn%28AsmMethodSource.java%3A1420%29%0A%09at+soot.asm.AsmMethodSource.convert%28AsmMethodSource.java%3A1791%29%0A%09at+soot.asm.AsmMethodSource.getBody%28AsmMethodSource.java%3A2038%29%0A%09...+5+more%0A%3C%2Fpre%3E
    Please be as precise as possible when giving us
    information on how to reproduce the problem. Thanks!

