 ====================================== 
** CLASS org.apache.commons.collections4.CollectionUtilsTest
Number of Methods with May Mock in class: 2
Number of Methods with ArrayMock in class: 0
Number of Methods with Collection in class: 0

 ====================================== 
** CLASS org.apache.commons.collections4.IteratorUtilsTest
Number of Methods with May Mock in class: 1
Number of Methods with ArrayMock in class: 1
Number of Methods with Collection in class: 0

 ====================================== 
Benchmark commons_collections4_4.4 Mock Stats
Total Number of Test/Before/After Methods: 1152
Total Number of Test/Before/After Methods with May Mock: 3
Total Number of Test/Before/After Methods with ArrayMock in class: 1
Total Number of Test/Before/After Methods with Collection in class: 0

 ====================================== 
 INVOCATION STATISTICS 


** CLASS org.apache.commons.collections4.bag.SynchronizedSortedBag


** CLASS org.apache.commons.collections4.bag.PredicatedBag


** CLASS org.apache.commons.collections4.bag.SynchronizedBag


** CLASS org.apache.commons.collections4.bag.AbstractBagDecorator


** CLASS org.apache.commons.collections4.bag.AbstractMapBag


** CLASS org.apache.commons.collections4.bag.AbstractSortedBagDecorator


** CLASS org.apache.commons.collections4.bag.AbstractMapBag$BagIterator


** CLASS org.apache.commons.collections4.bag.AbstractMapBag$MutableInteger


** CLASS org.apache.commons.collections4.bag.HashBag


** CLASS org.apache.commons.collections4.bag.TreeBag


** CLASS org.apache.commons.collections4.bag.TransformedBag


** CLASS org.apache.commons.collections4.bag.SynchronizedBag$SynchronizedBagSet


** CLASS org.apache.commons.collections4.bag.TransformedSortedBag


** CLASS org.apache.commons.collections4.bag.UnmodifiableSortedBag


** CLASS org.apache.commons.collections4.bag.UnmodifiableBag


** CLASS org.apache.commons.collections4.bag.CollectionSortedBag


** CLASS org.apache.commons.collections4.bag.PredicatedSortedBag


** CLASS org.apache.commons.collections4.bag.CollectionBag


** CLASS org.apache.commons.collections4.Transformer


** CLASS org.apache.commons.collections4.OrderedIterator


** CLASS org.apache.commons.collections4.Put


** CLASS org.apache.commons.collections4.BagUtils


** CLASS org.apache.commons.collections4.ResettableListIterator


** CLASS org.apache.commons.collections4.collection.UnmodifiableCollection


** CLASS org.apache.commons.collections4.collection.TransformedCollection


** CLASS org.apache.commons.collections4.collection.PredicatedCollection


** CLASS org.apache.commons.collections4.collection.PredicatedCollection$Builder


** CLASS org.apache.commons.collections4.collection.IndexedCollection


** CLASS org.apache.commons.collections4.collection.SynchronizedCollection


** CLASS org.apache.commons.collections4.collection.CompositeCollection


** CLASS org.apache.commons.collections4.collection.UnmodifiableBoundedCollection


** CLASS org.apache.commons.collections4.collection.AbstractCollectionDecorator


** CLASS org.apache.commons.collections4.collection.CompositeCollection$CollectionMutator


** CLASS org.apache.commons.collections4.Bag


** CLASS org.apache.commons.collections4.set.MapBackedSet


** CLASS org.apache.commons.collections4.set.UnmodifiableSortedSet


** CLASS org.apache.commons.collections4.set.CompositeSet$SetMutator


** CLASS org.apache.commons.collections4.set.TransformedNavigableSet


** CLASS org.apache.commons.collections4.set.UnmodifiableSet


** CLASS org.apache.commons.collections4.set.PredicatedSortedSet


** CLASS org.apache.commons.collections4.set.UnmodifiableNavigableSet


** CLASS org.apache.commons.collections4.set.CompositeSet


** CLASS org.apache.commons.collections4.set.AbstractSortedSetDecorator


** CLASS org.apache.commons.collections4.set.AbstractSerializableSetDecorator


** CLASS org.apache.commons.collections4.set.ListOrderedSet$1


** CLASS org.apache.commons.collections4.set.ListOrderedSet$OrderedSetIterator


** CLASS org.apache.commons.collections4.set.ListOrderedSet


** CLASS org.apache.commons.collections4.set.AbstractNavigableSetDecorator


** CLASS org.apache.commons.collections4.set.PredicatedSet


** CLASS org.apache.commons.collections4.set.PredicatedNavigableSet


** CLASS org.apache.commons.collections4.set.TransformedSet


** CLASS org.apache.commons.collections4.set.TransformedSortedSet


** CLASS org.apache.commons.collections4.set.AbstractSetDecorator


** CLASS org.apache.commons.collections4.IterableMap


** CLASS org.apache.commons.collections4.SplitMapUtils


** CLASS org.apache.commons.collections4.IterableUtils$2$1


** CLASS org.apache.commons.collections4.BidiMap


** CLASS org.apache.commons.collections4.FluentIterable


** CLASS org.apache.commons.collections4.SetUtils$3


** CLASS org.apache.commons.collections4.QueueUtils


** CLASS org.apache.commons.collections4.SetUtils$1


** CLASS org.apache.commons.collections4.multimap.AbstractMultiValuedMap$EntryValues


** CLASS org.apache.commons.collections4.multimap.AbstractListValuedMap$WrappedList


** CLASS org.apache.commons.collections4.multimap.AbstractMultiValuedMap$ValuesIterator


** CLASS org.apache.commons.collections4.multimap.UnmodifiableMultiValuedMap


** CLASS org.apache.commons.collections4.multimap.AbstractMultiValuedMap$MultiValuedMapEntry


** CLASS org.apache.commons.collections4.multimap.AbstractMultiValuedMap$EntryValues$1$1


** CLASS org.apache.commons.collections4.multimap.AbstractMultiValuedMap$KeysMultiSet$MapEntryTransformer$1


** CLASS org.apache.commons.collections4.multimap.AbstractMultiValuedMapDecorator


** CLASS org.apache.commons.collections4.multimap.AbstractMultiValuedMap$WrappedCollection


** CLASS org.apache.commons.collections4.multimap.AbstractMultiValuedMap$AsMap


** CLASS org.apache.commons.collections4.multimap.AbstractMultiValuedMap$MultiValuedMapIterator


** CLASS org.apache.commons.collections4.multimap.TransformedMultiValuedMap


** CLASS org.apache.commons.collections4.multimap.AbstractSetValuedMap


** CLASS org.apache.commons.collections4.multimap.AbstractMultiValuedMap


** CLASS org.apache.commons.collections4.multimap.AbstractMultiValuedMap$EntryValues$1


** CLASS org.apache.commons.collections4.multimap.AbstractMultiValuedMap$Values


** CLASS org.apache.commons.collections4.multimap.AbstractMultiValuedMap$AsMap$AsMapEntrySet


** CLASS org.apache.commons.collections4.multimap.AbstractMultiValuedMap$KeysMultiSet$MapEntryTransformer


** CLASS org.apache.commons.collections4.multimap.AbstractMultiValuedMap$AsMap$AsMapEntrySetIterator


** CLASS org.apache.commons.collections4.multimap.AbstractListValuedMap


** CLASS org.apache.commons.collections4.multimap.AbstractMultiValuedMap$KeysMultiSet


** CLASS org.apache.commons.collections4.multimap.HashSetValuedHashMap


** CLASS org.apache.commons.collections4.multimap.ArrayListValuedHashMap


** CLASS org.apache.commons.collections4.multimap.AbstractListValuedMap$ValuesListIterator


** CLASS org.apache.commons.collections4.multimap.AbstractSetValuedMap$WrappedSet


** CLASS org.apache.commons.collections4.multimap.AbstractMultiValuedMap$1


** CLASS org.apache.commons.collections4.SplitMapUtils$WrappedPut


** CLASS org.apache.commons.collections4.SetUtils$2


** CLASS org.apache.commons.collections4.FactoryUtils


** CLASS org.apache.commons.collections4.OrderedMapIterator


** CLASS org.apache.commons.collections4.IterableUtils$8


** CLASS org.apache.commons.collections4.IterableGet


** CLASS org.apache.commons.collections4.IterableUtils$5


** CLASS org.apache.commons.collections4.IterableUtils$UnmodifiableIterable


** CLASS org.apache.commons.collections4.MapUtils


** CLASS org.apache.commons.collections4.ListUtils$CharSequenceAsList


** CLASS org.apache.commons.collections4.PredicateUtils


** CLASS org.apache.commons.collections4.bidimap.DualLinkedHashBidiMap


** CLASS org.apache.commons.collections4.bidimap.TreeBidiMap$InverseViewMapIterator


** CLASS org.apache.commons.collections4.bidimap.TreeBidiMap$ViewIterator


** CLASS org.apache.commons.collections4.bidimap.AbstractDualBidiMap


** CLASS org.apache.commons.collections4.bidimap.TreeBidiMap$EntryView


** CLASS org.apache.commons.collections4.bidimap.AbstractDualBidiMap$ValuesIterator


** CLASS org.apache.commons.collections4.bidimap.UnmodifiableBidiMap


** CLASS org.apache.commons.collections4.bidimap.AbstractDualBidiMap$BidiMapIterator


** CLASS org.apache.commons.collections4.bidimap.TreeBidiMap$View


** CLASS org.apache.commons.collections4.bidimap.DualTreeBidiMap


** CLASS org.apache.commons.collections4.bidimap.TreeBidiMap$ViewMapIterator


** CLASS org.apache.commons.collections4.bidimap.TreeBidiMap


** CLASS org.apache.commons.collections4.bidimap.AbstractDualBidiMap$View


** CLASS org.apache.commons.collections4.bidimap.AbstractDualBidiMap$KeySet


** CLASS org.apache.commons.collections4.bidimap.TreeBidiMap$InverseEntryView


** CLASS org.apache.commons.collections4.bidimap.TreeBidiMap$KeyView


** CLASS org.apache.commons.collections4.bidimap.AbstractSortedBidiMapDecorator


** CLASS org.apache.commons.collections4.bidimap.AbstractOrderedBidiMapDecorator


** CLASS org.apache.commons.collections4.bidimap.AbstractBidiMapDecorator


** CLASS org.apache.commons.collections4.bidimap.AbstractDualBidiMap$EntrySet


** CLASS org.apache.commons.collections4.bidimap.AbstractDualBidiMap$EntrySetIterator


** CLASS org.apache.commons.collections4.bidimap.UnmodifiableSortedBidiMap


** CLASS org.apache.commons.collections4.bidimap.DualTreeBidiMap$BidiOrderedMapIterator


** CLASS org.apache.commons.collections4.bidimap.TreeBidiMap$ViewMapEntryIterator


** CLASS org.apache.commons.collections4.bidimap.TreeBidiMap$1


** CLASS org.apache.commons.collections4.bidimap.DualHashBidiMap


** CLASS org.apache.commons.collections4.bidimap.AbstractDualBidiMap$MapEntry


** CLASS org.apache.commons.collections4.bidimap.TreeBidiMap$DataElement


** CLASS org.apache.commons.collections4.bidimap.AbstractDualBidiMap$Values


** CLASS org.apache.commons.collections4.bidimap.TreeBidiMap$ValueView


** CLASS org.apache.commons.collections4.bidimap.TreeBidiMap$InverseViewMapEntryIterator


** CLASS org.apache.commons.collections4.bidimap.AbstractDualBidiMap$KeySetIterator


** CLASS org.apache.commons.collections4.bidimap.TreeBidiMap$Node


** CLASS org.apache.commons.collections4.bidimap.TreeBidiMap$Inverse


** CLASS org.apache.commons.collections4.bidimap.UnmodifiableOrderedBidiMap


** CLASS org.apache.commons.collections4.bidimap.DualTreeBidiMap$ViewMap


** CLASS org.apache.commons.collections4.SetUtils$SetView


** CLASS org.apache.commons.collections4.CollectionUtils$EquatorWrapper


** CLASS org.apache.commons.collections4.MultiMap


** CLASS org.apache.commons.collections4.MapUtils$1


** CLASS org.apache.commons.collections4.Unmodifiable


** CLASS org.apache.commons.collections4.ListUtils$Partition


** CLASS org.apache.commons.collections4.SortedBag


** CLASS org.apache.commons.collections4.map.FixedSizeMap


** CLASS org.apache.commons.collections4.map.LRUMap


** CLASS org.apache.commons.collections4.map.PassiveExpiringMap$ExpirationPolicy


** CLASS org.apache.commons.collections4.map.SingletonMap


** CLASS org.apache.commons.collections4.map.AbstractHashedMap$KeySetIterator


** CLASS org.apache.commons.collections4.map.UnmodifiableMap


** CLASS org.apache.commons.collections4.map.StaticBucketMap


** CLASS org.apache.commons.collections4.map.AbstractHashedMap$Values


** CLASS org.apache.commons.collections4.map.AbstractHashedMap


** CLASS org.apache.commons.collections4.map.SingletonMap$SingletonValues


** CLASS org.apache.commons.collections4.map.UnmodifiableEntrySet$UnmodifiableEntry


** CLASS org.apache.commons.collections4.map.AbstractInputCheckedMapDecorator$EntrySetIterator


** CLASS org.apache.commons.collections4.map.CompositeMap


** CLASS org.apache.commons.collections4.map.AbstractIterableMap


** CLASS org.apache.commons.collections4.map.HashedMap


** CLASS org.apache.commons.collections4.map.ListOrderedMap$ListOrderedMapIterator


** CLASS org.apache.commons.collections4.map.StaticBucketMap$BaseIterator


** CLASS org.apache.commons.collections4.map.ListOrderedMap$ValuesView


** CLASS org.apache.commons.collections4.map.Flat3Map$Values


** CLASS org.apache.commons.collections4.map.Flat3Map


** CLASS org.apache.commons.collections4.map.LinkedMap$LinkedMapList


** CLASS org.apache.commons.collections4.map.AbstractLinkedMap$ValuesIterator


** CLASS org.apache.commons.collections4.map.AbstractHashedMap$HashIterator


** CLASS org.apache.commons.collections4.map.ListOrderedMap$ListOrderedMapEntry


** CLASS org.apache.commons.collections4.map.AbstractReferenceMap$ReferenceBaseIterator


** CLASS org.apache.commons.collections4.map.StaticBucketMap$Values


** CLASS org.apache.commons.collections4.map.StaticBucketMap$KeySet


** CLASS org.apache.commons.collections4.map.AbstractReferenceMap


** CLASS org.apache.commons.collections4.map.CaseInsensitiveMap


** CLASS org.apache.commons.collections4.map.FixedSizeSortedMap


** CLASS org.apache.commons.collections4.map.Flat3Map$EntrySet


** CLASS org.apache.commons.collections4.map.AbstractReferenceMap$ReferenceEntrySet


** CLASS org.apache.commons.collections4.map.AbstractReferenceMap$ReferenceStrength


** CLASS org.apache.commons.collections4.map.AbstractLinkedMap$EntrySetIterator


** CLASS org.apache.commons.collections4.map.PassiveExpiringMap


** CLASS org.apache.commons.collections4.map.MultiValueMap$ValuesIterator


** CLASS org.apache.commons.collections4.map.ListOrderedMap$KeySetView$1


** CLASS org.apache.commons.collections4.map.MultiValueMap$Values


** CLASS org.apache.commons.collections4.map.LazySortedMap


** CLASS org.apache.commons.collections4.map.AbstractHashedMap$EntrySet


** CLASS org.apache.commons.collections4.map.MultiValueMap$ReflectionFactory


** CLASS org.apache.commons.collections4.map.ReferenceIdentityMap


** CLASS org.apache.commons.collections4.map.AbstractHashedMap$HashMapIterator


** CLASS org.apache.commons.collections4.map.AbstractInputCheckedMapDecorator


** CLASS org.apache.commons.collections4.map.PredicatedSortedMap


** CLASS org.apache.commons.collections4.map.UnmodifiableEntrySet$UnmodifiableEntrySetIterator


** CLASS org.apache.commons.collections4.map.AbstractMapDecorator


** CLASS org.apache.commons.collections4.map.AbstractInputCheckedMapDecorator$EntrySet


** CLASS org.apache.commons.collections4.map.SingletonMap$SingletonMapIterator


** CLASS org.apache.commons.collections4.map.ListOrderedMap$ValuesView$1


** CLASS org.apache.commons.collections4.map.AbstractReferenceMap$ReferenceKeySet


** CLASS org.apache.commons.collections4.map.MultiKeyMap


** CLASS org.apache.commons.collections4.map.UnmodifiableSortedMap


** CLASS org.apache.commons.collections4.map.AbstractReferenceMap$ReferenceKeySetIterator


** CLASS org.apache.commons.collections4.map.StaticBucketMap$KeyIterator


** CLASS org.apache.commons.collections4.map.AbstractInputCheckedMapDecorator$MapEntry


** CLASS org.apache.commons.collections4.map.StaticBucketMap$EntrySet


** CLASS org.apache.commons.collections4.map.AbstractReferenceMap$WeakRef


** CLASS org.apache.commons.collections4.map.UnmodifiableEntrySet


** CLASS org.apache.commons.collections4.map.Flat3Map$FlatMapEntry


** CLASS org.apache.commons.collections4.map.Flat3Map$FlatMapIterator


** CLASS org.apache.commons.collections4.map.AbstractHashedMap$EntrySetIterator


** CLASS org.apache.commons.collections4.map.TransformedSortedMap


** CLASS org.apache.commons.collections4.map.AbstractOrderedMapDecorator


** CLASS org.apache.commons.collections4.map.Flat3Map$ValuesIterator


** CLASS org.apache.commons.collections4.map.AbstractSortedMapDecorator


** CLASS org.apache.commons.collections4.map.AbstractLinkedMap$LinkMapIterator


** CLASS org.apache.commons.collections4.map.EntrySetToMapIteratorAdapter


** CLASS org.apache.commons.collections4.map.ListOrderedMap$EntrySetView


** CLASS org.apache.commons.collections4.map.StaticBucketMap$1


** CLASS org.apache.commons.collections4.map.PassiveExpiringMap$ConstantTimeToLiveExpirationPolicy


** CLASS org.apache.commons.collections4.map.Flat3Map$EntrySetIterator


** CLASS org.apache.commons.collections4.map.MultiValueMap$1$1


** CLASS org.apache.commons.collections4.map.AbstractReferenceMap$SoftRef


** CLASS org.apache.commons.collections4.map.Flat3Map$KeySetIterator


** CLASS org.apache.commons.collections4.map.DefaultedMap


** CLASS org.apache.commons.collections4.map.AbstractLinkedMap


** CLASS org.apache.commons.collections4.map.AbstractReferenceMap$ReferenceValues


** CLASS org.apache.commons.collections4.map.StaticBucketMap$EntryIterator


** CLASS org.apache.commons.collections4.map.ReferenceMap


** CLASS org.apache.commons.collections4.map.MultiValueMap$1$1$1


** CLASS org.apache.commons.collections4.map.LinkedMap


** CLASS org.apache.commons.collections4.map.MultiValueMap


** CLASS org.apache.commons.collections4.map.AbstractLinkedMap$KeySetIterator


** CLASS org.apache.commons.collections4.map.Flat3Map$EntryIterator


** CLASS org.apache.commons.collections4.map.LazyMap


** CLASS org.apache.commons.collections4.map.AbstractReferenceMap$ReferenceValuesIterator


** CLASS org.apache.commons.collections4.map.ListOrderedMap$ListOrderedIterator


** CLASS org.apache.commons.collections4.map.MultiValueMap$1


** CLASS org.apache.commons.collections4.map.AbstractLinkedMap$LinkIterator


** CLASS org.apache.commons.collections4.map.StaticBucketMap$Lock


** CLASS org.apache.commons.collections4.map.AbstractReferenceMap$ReferenceMapIterator


** CLASS org.apache.commons.collections4.map.AbstractSortedMapDecorator$SortedMapIterator


** CLASS org.apache.commons.collections4.map.AbstractHashedMap$ValuesIterator


** CLASS org.apache.commons.collections4.map.AbstractHashedMap$HashEntry


** CLASS org.apache.commons.collections4.map.StaticBucketMap$Node


** CLASS org.apache.commons.collections4.map.AbstractReferenceMap$ReferenceEntry


** CLASS org.apache.commons.collections4.map.AbstractLinkedMap$LinkEntry


** CLASS org.apache.commons.collections4.map.ListOrderedMap$KeySetView


** CLASS org.apache.commons.collections4.map.Flat3Map$KeySet


** CLASS org.apache.commons.collections4.map.ListOrderedMap


** CLASS org.apache.commons.collections4.map.UnmodifiableOrderedMap


** CLASS org.apache.commons.collections4.map.CompositeMap$MapMutator


** CLASS org.apache.commons.collections4.map.StaticBucketMap$ValueIterator


** CLASS org.apache.commons.collections4.map.AbstractReferenceMap$ReferenceEntrySetIterator


** CLASS org.apache.commons.collections4.map.AbstractHashedMap$KeySet


** CLASS org.apache.commons.collections4.map.PredicatedMap


** CLASS org.apache.commons.collections4.map.TransformedMap


** CLASS org.apache.commons.collections4.IterableUtils$7


** CLASS org.apache.commons.collections4.IterableUtils$13


** CLASS org.apache.commons.collections4.IterableUtils$3


** CLASS org.apache.commons.collections4.SetValuedMap


** CLASS org.apache.commons.collections4.IterableUtils$11


** CLASS org.apache.commons.collections4.IteratorUtils


** CLASS org.apache.commons.collections4.SetUtils$4


** CLASS org.apache.commons.collections4.FunctorException


** CLASS org.apache.commons.collections4.ArrayUtils


** CLASS org.apache.commons.collections4.ListValuedMap


** CLASS org.apache.commons.collections4.MultiSetUtils


** CLASS org.apache.commons.collections4.ListUtils$1


** CLASS org.apache.commons.collections4.IterableUtils$1


** CLASS org.apache.commons.collections4.IterableUtils$12


** CLASS org.apache.commons.collections4.IterableUtils$2


** CLASS org.apache.commons.collections4.IterableUtils$4


** CLASS org.apache.commons.collections4.Closure


** CLASS org.apache.commons.collections4.IterableUtils


** CLASS org.apache.commons.collections4.OrderedMap


** CLASS org.apache.commons.collections4.ResettableIterator


** CLASS org.apache.commons.collections4.ClosureUtils


** CLASS org.apache.commons.collections4.SortedBidiMap


** CLASS org.apache.commons.collections4.Equator


** CLASS org.apache.commons.collections4.IterableUtils$6


** CLASS org.apache.commons.collections4.SplitMapUtils$1


** CLASS org.apache.commons.collections4.Trie


** CLASS org.apache.commons.collections4.CollectionUtils$2


** CLASS org.apache.commons.collections4.sequence.KeepCommand


** CLASS org.apache.commons.collections4.sequence.EditCommand


** CLASS org.apache.commons.collections4.sequence.DeleteCommand


** CLASS org.apache.commons.collections4.sequence.SequencesComparator


** CLASS org.apache.commons.collections4.sequence.EditScript


** CLASS org.apache.commons.collections4.sequence.CommandVisitor


** CLASS org.apache.commons.collections4.sequence.SequencesComparator$Snake


** CLASS org.apache.commons.collections4.sequence.InsertCommand


** CLASS org.apache.commons.collections4.sequence.ReplacementsHandler


** CLASS org.apache.commons.collections4.sequence.ReplacementsFinder


** CLASS org.apache.commons.collections4.splitmap.TransformedSplitMap


** CLASS org.apache.commons.collections4.splitmap.AbstractIterableGetMapDecorator


** CLASS org.apache.commons.collections4.MultiSet


** CLASS org.apache.commons.collections4.ListUtils


** CLASS org.apache.commons.collections4.MultiMapUtils


** CLASS org.apache.commons.collections4.KeyValue


** CLASS org.apache.commons.collections4.keyvalue.TiedMapEntry


** CLASS org.apache.commons.collections4.keyvalue.AbstractMapEntry


** CLASS org.apache.commons.collections4.keyvalue.DefaultKeyValue


** CLASS org.apache.commons.collections4.keyvalue.DefaultMapEntry


** CLASS org.apache.commons.collections4.keyvalue.UnmodifiableMapEntry


** CLASS org.apache.commons.collections4.keyvalue.AbstractKeyValue


** CLASS org.apache.commons.collections4.keyvalue.MultiKey


** CLASS org.apache.commons.collections4.keyvalue.AbstractMapEntryDecorator


** CLASS org.apache.commons.collections4.Predicate


** CLASS org.apache.commons.collections4.IterableUtils$7$1


** CLASS org.apache.commons.collections4.IterableUtils$10


** CLASS org.apache.commons.collections4.MultiSet$Entry


** CLASS org.apache.commons.collections4.multiset.SynchronizedMultiSet$SynchronizedSet


** CLASS org.apache.commons.collections4.multiset.AbstractMapMultiSet$MutableInteger


** CLASS org.apache.commons.collections4.multiset.AbstractMultiSet$AbstractEntry


** CLASS org.apache.commons.collections4.multiset.AbstractMultiSet


** CLASS org.apache.commons.collections4.multiset.AbstractMultiSet$EntrySet


** CLASS org.apache.commons.collections4.multiset.PredicatedMultiSet


** CLASS org.apache.commons.collections4.multiset.AbstractMultiSet$1


** CLASS org.apache.commons.collections4.multiset.SynchronizedMultiSet


** CLASS org.apache.commons.collections4.multiset.UnmodifiableMultiSet


** CLASS org.apache.commons.collections4.multiset.AbstractMultiSet$UniqueSet


** CLASS org.apache.commons.collections4.multiset.HashMultiSet


** CLASS org.apache.commons.collections4.multiset.AbstractMultiSet$MultiSetIterator


** CLASS org.apache.commons.collections4.multiset.AbstractMapMultiSet$MapBasedMultiSetIterator


** CLASS org.apache.commons.collections4.multiset.AbstractMapMultiSet$UniqueSetIterator


** CLASS org.apache.commons.collections4.multiset.AbstractMultiSetDecorator


** CLASS org.apache.commons.collections4.multiset.AbstractMapMultiSet$MultiSetEntry


** CLASS org.apache.commons.collections4.multiset.AbstractMapMultiSet


** CLASS org.apache.commons.collections4.multiset.AbstractMapMultiSet$EntrySetIterator


** CLASS org.apache.commons.collections4.Get


** CLASS org.apache.commons.collections4.CollectionUtils$SetOperationCardinalityHelper


** CLASS org.apache.commons.collections4.BoundedCollection


** CLASS org.apache.commons.collections4.SetUtils


** CLASS org.apache.commons.collections4.SplitMapUtils$WrappedGet


** CLASS org.apache.commons.collections4.TrieUtils


** CLASS org.apache.commons.collections4.properties.PropertiesFactory


** CLASS org.apache.commons.collections4.properties.SortedPropertiesFactory


** CLASS org.apache.commons.collections4.properties.AbstractPropertiesFactory


** CLASS org.apache.commons.collections4.properties.SortedProperties


** CLASS org.apache.commons.collections4.ArrayStack


** CLASS org.apache.commons.collections4.MapIterator


** CLASS org.apache.commons.collections4.CollectionUtils$1


** CLASS org.apache.commons.collections4.functors.NullPredicate


** CLASS org.apache.commons.collections4.functors.NOPClosure


** CLASS org.apache.commons.collections4.functors.NOPTransformer


** CLASS org.apache.commons.collections4.functors.AndPredicate


** CLASS org.apache.commons.collections4.functors.PrototypeFactory$1


** CLASS org.apache.commons.collections4.functors.MapTransformer


** CLASS org.apache.commons.collections4.functors.ConstantTransformer


** CLASS org.apache.commons.collections4.functors.PrototypeFactory$PrototypeCloneFactory


** CLASS org.apache.commons.collections4.functors.NotPredicate


** CLASS org.apache.commons.collections4.functors.IfClosure


** CLASS org.apache.commons.collections4.functors.ExceptionFactory


** CLASS org.apache.commons.collections4.functors.IfTransformer


** CLASS org.apache.commons.collections4.functors.ExceptionClosure


** CLASS org.apache.commons.collections4.functors.IdentityPredicate


** CLASS org.apache.commons.collections4.functors.ChainedClosure


** CLASS org.apache.commons.collections4.functors.InvokerTransformer


** CLASS org.apache.commons.collections4.functors.ChainedTransformer


** CLASS org.apache.commons.collections4.functors.PrototypeFactory


** CLASS org.apache.commons.collections4.functors.ForClosure


** CLASS org.apache.commons.collections4.functors.UniquePredicate


** CLASS org.apache.commons.collections4.functors.PrototypeFactory$PrototypeSerializationFactory


** CLASS org.apache.commons.collections4.functors.CloneTransformer


** CLASS org.apache.commons.collections4.functors.TransformerPredicate


** CLASS org.apache.commons.collections4.functors.InstantiateFactory


** CLASS org.apache.commons.collections4.functors.ComparatorPredicate


** CLASS org.apache.commons.collections4.functors.ComparatorPredicate$1


** CLASS org.apache.commons.collections4.functors.NullIsExceptionPredicate


** CLASS org.apache.commons.collections4.functors.AllPredicate


** CLASS org.apache.commons.collections4.functors.FalsePredicate


** CLASS org.apache.commons.collections4.functors.ExceptionTransformer


** CLASS org.apache.commons.collections4.functors.PredicateDecorator


** CLASS org.apache.commons.collections4.functors.AnyPredicate


** CLASS org.apache.commons.collections4.functors.WhileClosure


** CLASS org.apache.commons.collections4.functors.EqualPredicate


** CLASS org.apache.commons.collections4.functors.FunctorUtils


** CLASS org.apache.commons.collections4.functors.AbstractQuantifierPredicate


** CLASS org.apache.commons.collections4.functors.ExceptionPredicate


** CLASS org.apache.commons.collections4.functors.TransformerClosure


** CLASS org.apache.commons.collections4.functors.ClosureTransformer


** CLASS org.apache.commons.collections4.functors.NullIsTruePredicate


** CLASS org.apache.commons.collections4.functors.ConstantFactory


** CLASS org.apache.commons.collections4.functors.TruePredicate


** CLASS org.apache.commons.collections4.functors.PredicateTransformer


** CLASS org.apache.commons.collections4.functors.ComparatorPredicate$Criterion


** CLASS org.apache.commons.collections4.functors.NonePredicate


** CLASS org.apache.commons.collections4.functors.DefaultEquator


** CLASS org.apache.commons.collections4.functors.StringValueTransformer


** CLASS org.apache.commons.collections4.functors.SwitchClosure


** CLASS org.apache.commons.collections4.functors.NotNullPredicate


** CLASS org.apache.commons.collections4.functors.TransformedPredicate


** CLASS org.apache.commons.collections4.functors.OnePredicate


** CLASS org.apache.commons.collections4.functors.SwitchTransformer


** CLASS org.apache.commons.collections4.functors.NullIsFalsePredicate


** CLASS org.apache.commons.collections4.functors.InstantiateTransformer


** CLASS org.apache.commons.collections4.functors.OrPredicate


** CLASS org.apache.commons.collections4.functors.InstanceofPredicate


** CLASS org.apache.commons.collections4.functors.FactoryTransformer


** CLASS org.apache.commons.collections4.functors.CatchAndRethrowClosure


** CLASS org.apache.commons.collections4.MultiValuedMap


** CLASS org.apache.commons.collections4.comparators.FixedOrderComparator$1


** CLASS org.apache.commons.collections4.comparators.ComparableComparator


** CLASS org.apache.commons.collections4.comparators.FixedOrderComparator$UnknownObjectBehavior


** CLASS org.apache.commons.collections4.comparators.NullComparator


** CLASS org.apache.commons.collections4.comparators.BooleanComparator


** CLASS org.apache.commons.collections4.comparators.FixedOrderComparator


** CLASS org.apache.commons.collections4.comparators.TransformingComparator


** CLASS org.apache.commons.collections4.comparators.ReverseComparator


** CLASS org.apache.commons.collections4.comparators.ComparatorChain


** CLASS org.apache.commons.collections4.ComparatorUtils


** CLASS org.apache.commons.collections4.Factory


** CLASS org.apache.commons.collections4.ListUtils$LcsVisitor


** CLASS org.apache.commons.collections4.iterators.NodeListIterator


** CLASS org.apache.commons.collections4.iterators.BoundedIterator


** CLASS org.apache.commons.collections4.iterators.IteratorEnumeration


** CLASS org.apache.commons.collections4.iterators.UniqueFilterIterator


** CLASS org.apache.commons.collections4.iterators.PushbackIterator


** CLASS org.apache.commons.collections4.iterators.AbstractEmptyIterator


** CLASS org.apache.commons.collections4.iterators.ListIteratorWrapper


** CLASS org.apache.commons.collections4.iterators.LoopingListIterator


** CLASS org.apache.commons.collections4.iterators.SingletonIterator


** CLASS org.apache.commons.collections4.iterators.PermutationIterator


** CLASS org.apache.commons.collections4.iterators.LoopingIterator


** CLASS org.apache.commons.collections4.iterators.EmptyOrderedIterator


** CLASS org.apache.commons.collections4.iterators.SkippingIterator


** CLASS org.apache.commons.collections4.iterators.UnmodifiableListIterator


** CLASS org.apache.commons.collections4.iterators.FilterListIterator


** CLASS org.apache.commons.collections4.iterators.ZippingIterator


** CLASS org.apache.commons.collections4.iterators.ObjectArrayIterator


** CLASS org.apache.commons.collections4.iterators.AbstractListIteratorDecorator


** CLASS org.apache.commons.collections4.iterators.TransformIterator


** CLASS org.apache.commons.collections4.iterators.EmptyOrderedMapIterator


** CLASS org.apache.commons.collections4.iterators.LazyIteratorChain


** CLASS org.apache.commons.collections4.iterators.FilterIterator


** CLASS org.apache.commons.collections4.iterators.ArrayListIterator


** CLASS org.apache.commons.collections4.iterators.IteratorIterable$1


** CLASS org.apache.commons.collections4.iterators.AbstractMapIteratorDecorator


** CLASS org.apache.commons.collections4.iterators.IteratorChain


** CLASS org.apache.commons.collections4.iterators.AbstractUntypedIteratorDecorator


** CLASS org.apache.commons.collections4.iterators.AbstractIteratorDecorator


** CLASS org.apache.commons.collections4.iterators.CollatingIterator


** CLASS org.apache.commons.collections4.iterators.UnmodifiableIterator


** CLASS org.apache.commons.collections4.iterators.EmptyMapIterator


** CLASS org.apache.commons.collections4.iterators.IteratorIterable


** CLASS org.apache.commons.collections4.iterators.UnmodifiableMapIterator


** CLASS org.apache.commons.collections4.iterators.AbstractOrderedMapIteratorDecorator


** CLASS org.apache.commons.collections4.iterators.UnmodifiableOrderedMapIterator


** CLASS org.apache.commons.collections4.iterators.ArrayIterator


** CLASS org.apache.commons.collections4.iterators.EmptyIterator


** CLASS org.apache.commons.collections4.iterators.ObjectGraphIterator


** CLASS org.apache.commons.collections4.iterators.EmptyListIterator


** CLASS org.apache.commons.collections4.iterators.EnumerationIterator


** CLASS org.apache.commons.collections4.iterators.EntrySetMapIterator


** CLASS org.apache.commons.collections4.iterators.PeekingIterator


** CLASS org.apache.commons.collections4.iterators.ObjectArrayListIterator


** CLASS org.apache.commons.collections4.iterators.ReverseListIterator


** CLASS org.apache.commons.collections4.iterators.AbstractEmptyMapIterator


** CLASS org.apache.commons.collections4.iterators.SingletonListIterator


** CLASS org.apache.commons.collections4.EnumerationUtils


** CLASS org.apache.commons.collections4.IterableUtils$9


** CLASS org.apache.commons.collections4.trie.AbstractPatriciaTrie$RangeMap


** CLASS org.apache.commons.collections4.trie.AbstractPatriciaTrie$Reference


** CLASS org.apache.commons.collections4.trie.AbstractBitwiseTrie$BasicEntry


** CLASS org.apache.commons.collections4.trie.KeyAnalyzer


** CLASS org.apache.commons.collections4.trie.AbstractPatriciaTrie$RangeEntrySet$EntryIterator


** CLASS org.apache.commons.collections4.trie.AbstractPatriciaTrie$PrefixRangeMap


** CLASS org.apache.commons.collections4.trie.AbstractBitwiseTrie


** CLASS org.apache.commons.collections4.trie.AbstractPatriciaTrie$RangeEntrySet


** CLASS org.apache.commons.collections4.trie.AbstractPatriciaTrie$EntrySet$EntryIterator


** CLASS org.apache.commons.collections4.trie.AbstractPatriciaTrie$1


** CLASS org.apache.commons.collections4.trie.AbstractPatriciaTrie$TrieEntry


** CLASS org.apache.commons.collections4.trie.AbstractPatriciaTrie$PrefixRangeEntrySet$SingletonIterator


** CLASS org.apache.commons.collections4.trie.analyzer.StringKeyAnalyzer


** CLASS org.apache.commons.collections4.trie.AbstractPatriciaTrie$RangeEntryMap


** CLASS org.apache.commons.collections4.trie.UnmodifiableTrie


** CLASS org.apache.commons.collections4.trie.AbstractPatriciaTrie$KeySet$KeyIterator


** CLASS org.apache.commons.collections4.trie.AbstractPatriciaTrie$KeySet


** CLASS org.apache.commons.collections4.trie.AbstractPatriciaTrie$PrefixRangeEntrySet$EntryIterator


** CLASS org.apache.commons.collections4.trie.AbstractPatriciaTrie$EntrySet


** CLASS org.apache.commons.collections4.trie.PatriciaTrie


** CLASS org.apache.commons.collections4.trie.AbstractPatriciaTrie$PrefixRangeEntrySet


** CLASS org.apache.commons.collections4.trie.AbstractPatriciaTrie$TrieMapIterator


** CLASS org.apache.commons.collections4.trie.AbstractPatriciaTrie


** CLASS org.apache.commons.collections4.trie.AbstractPatriciaTrie$Values$ValueIterator


** CLASS org.apache.commons.collections4.trie.AbstractPatriciaTrie$TrieIterator


** CLASS org.apache.commons.collections4.trie.AbstractPatriciaTrie$Values


** CLASS org.apache.commons.collections4.list.AbstractLinkedList$LinkedSubListIterator


** CLASS org.apache.commons.collections4.list.CursorableLinkedList$Cursor


** CLASS org.apache.commons.collections4.list.AbstractListDecorator


** CLASS org.apache.commons.collections4.list.CursorableLinkedList$SubCursor


** CLASS org.apache.commons.collections4.list.AbstractLinkedList$LinkedListIterator


** CLASS org.apache.commons.collections4.list.SetUniqueList$SetListIterator


** CLASS org.apache.commons.collections4.list.TreeList$AVLNode


** CLASS org.apache.commons.collections4.list.TransformedList$TransformedListIterator


** CLASS org.apache.commons.collections4.list.TreeList


** CLASS org.apache.commons.collections4.list.LazyList


** CLASS org.apache.commons.collections4.list.SetUniqueList$SetListListIterator


** CLASS org.apache.commons.collections4.list.AbstractLinkedList


** CLASS org.apache.commons.collections4.list.TransformedList


** CLASS org.apache.commons.collections4.list.TreeList$1


** CLASS org.apache.commons.collections4.list.CursorableLinkedList


** CLASS org.apache.commons.collections4.list.TreeList$TreeListIterator


** CLASS org.apache.commons.collections4.list.AbstractSerializableListDecorator


** CLASS org.apache.commons.collections4.list.AbstractLinkedList$LinkedSubList


** CLASS org.apache.commons.collections4.list.FixedSizeList$FixedSizeListIterator


** CLASS org.apache.commons.collections4.list.AbstractLinkedList$Node


** CLASS org.apache.commons.collections4.list.SetUniqueList


** CLASS org.apache.commons.collections4.list.FixedSizeList


** CLASS org.apache.commons.collections4.list.PredicatedList$PredicatedListIterator


** CLASS org.apache.commons.collections4.list.PredicatedList


** CLASS org.apache.commons.collections4.list.UnmodifiableList


** CLASS org.apache.commons.collections4.list.GrowthList


** CLASS org.apache.commons.collections4.list.NodeCachingLinkedList


** CLASS org.apache.commons.collections4.CollectionUtils


** CLASS org.apache.commons.collections4.MapUtils$2


** CLASS org.apache.commons.collections4.CollectionUtils$3


** CLASS org.apache.commons.collections4.IterableSortedMap


** CLASS org.apache.commons.collections4.TransformerUtils


** CLASS org.apache.commons.collections4.SetUtils$6


** CLASS org.apache.commons.collections4.CollectionUtils$CardinalityHelper


** CLASS org.apache.commons.collections4.OrderedBidiMap


** CLASS org.apache.commons.collections4.BoundedMap


** CLASS org.apache.commons.collections4.SetUtils$5


** CLASS org.apache.commons.collections4.queue.TransformedQueue


** CLASS org.apache.commons.collections4.queue.CircularFifoQueue$1


** CLASS org.apache.commons.collections4.queue.SynchronizedQueue


** CLASS org.apache.commons.collections4.queue.PredicatedQueue


** CLASS org.apache.commons.collections4.queue.CircularFifoQueue


** CLASS org.apache.commons.collections4.queue.UnmodifiableQueue


** CLASS org.apache.commons.collections4.queue.AbstractQueueDecorator


** CLASS org.apache.commons.collections4.bag.PredicatedSortedBagTest


** CLASS org.apache.commons.collections4.bag.TransformedSortedBagTest


** CLASS org.apache.commons.collections4.bag.AbstractSortedBagTest


** CLASS org.apache.commons.collections4.bag.SynchronizedBagTest


** CLASS org.apache.commons.collections4.bag.UnmodifiableBagTest


** CLASS org.apache.commons.collections4.bag.UnmodifiableSortedBagTest


** CLASS org.apache.commons.collections4.bag.AbstractBagTest


** CLASS org.apache.commons.collections4.bag.TransformedBagTest


** CLASS org.apache.commons.collections4.bag.CollectionSortedBagTest


** CLASS org.apache.commons.collections4.bag.PredicatedSortedBagTest$1


** CLASS org.apache.commons.collections4.bag.PredicatedBagTest$1


** CLASS org.apache.commons.collections4.bag.PredicatedBagTest


** CLASS org.apache.commons.collections4.bag.TreeBagTest$1


** CLASS org.apache.commons.collections4.bag.CollectionBagTest


** CLASS org.apache.commons.collections4.bag.Driver


** CLASS org.apache.commons.collections4.bag.TreeBagTest


** CLASS org.apache.commons.collections4.bag.HashBagTest


** CLASS org.apache.commons.collections4.bag.AbstractBagTest$TestBagUniqueSet


** CLASS org.apache.commons.collections4.ClosureUtilsTest


** CLASS org.apache.commons.collections4.collection.CompositeCollectionTest$1


** CLASS org.apache.commons.collections4.collection.PredicatedCollectionBuilderTest$OddPredicate


** CLASS org.apache.commons.collections4.collection.PredicatedCollectionBuilderTest


** CLASS org.apache.commons.collections4.collection.IndexedCollectionTest


** CLASS org.apache.commons.collections4.collection.TransformedCollectionTest


** CLASS org.apache.commons.collections4.collection.PredicatedCollectionTest


** CLASS org.apache.commons.collections4.collection.IndexedCollectionTest$1


** CLASS org.apache.commons.collections4.collection.AbstractCollectionTest


** CLASS org.apache.commons.collections4.collection.SynchronizedCollectionTest


** CLASS org.apache.commons.collections4.collection.TransformedCollectionTest$StringToInteger


** CLASS org.apache.commons.collections4.collection.IndexedCollectionTest$IntegerTransformer


** CLASS org.apache.commons.collections4.collection.PredicatedCollectionTest$1


** CLASS org.apache.commons.collections4.collection.PredicatedCollectionBuilderTest$1


** CLASS org.apache.commons.collections4.collection.TransformedCollectionTest$1


** CLASS org.apache.commons.collections4.collection.CompositeCollectionTest$3


** CLASS org.apache.commons.collections4.collection.CompositeCollectionTest


** CLASS org.apache.commons.collections4.collection.CompositeCollectionTest$2


** CLASS org.apache.commons.collections4.collection.UnmodifiableBoundedCollectionTest


** CLASS org.apache.commons.collections4.collection.UnmodifiableCollectionTest


** CLASS org.apache.commons.collections4.collection.Driver


** CLASS org.apache.commons.collections4.AbstractLinkedListTest


** CLASS org.apache.commons.collections4.CollectionUtilsTest$1


** CLASS org.apache.commons.collections4.ClosureUtilsTest$MockTransformer


** CLASS org.apache.commons.collections4.set.PredicatedSortedSetTest$1


** CLASS org.apache.commons.collections4.set.TransformedNavigableSetTest


** CLASS org.apache.commons.collections4.set.AbstractSetTest


** CLASS org.apache.commons.collections4.set.ListOrderedSetTest$A


** CLASS org.apache.commons.collections4.set.PredicatedNavigableSetTest$1


** CLASS org.apache.commons.collections4.set.MapBackedSetTest


** CLASS org.apache.commons.collections4.set.EmptySetMutator


** CLASS org.apache.commons.collections4.set.UnmodifiableSortedSetTest


** CLASS org.apache.commons.collections4.set.UnmodifiableSetTest


** CLASS org.apache.commons.collections4.set.AbstractSortedSetTest


** CLASS org.apache.commons.collections4.set.CompositeSetTest


** CLASS org.apache.commons.collections4.set.MapBackedSet2Test


** CLASS org.apache.commons.collections4.set.PredicatedNavigableSetTest


** CLASS org.apache.commons.collections4.set.ListOrderedSetTest$B


** CLASS org.apache.commons.collections4.set.ListOrderedSetTest


** CLASS org.apache.commons.collections4.set.ListOrderedSet2Test


** CLASS org.apache.commons.collections4.set.AbstractNavigableSetTest


** CLASS org.apache.commons.collections4.set.CompositeSetTest$1


** CLASS org.apache.commons.collections4.set.PredicatedSetTest$1


** CLASS org.apache.commons.collections4.set.AbstractNavigableSetTest$TestNavigableSetSubSet


** CLASS org.apache.commons.collections4.set.Driver


** CLASS org.apache.commons.collections4.set.TransformedSetTest


** CLASS org.apache.commons.collections4.set.PredicatedSortedSetTest


** CLASS org.apache.commons.collections4.set.PredicatedSetTest


** CLASS org.apache.commons.collections4.set.TransformedSortedSetTest


** CLASS org.apache.commons.collections4.set.AbstractSortedSetTest$TestSortedSetSubSet


** CLASS org.apache.commons.collections4.set.UnmodifiableNavigableSetTest


** CLASS org.apache.commons.collections4.SplitMapUtilsTest$4


** CLASS org.apache.commons.collections4.MapUtilsTest


** CLASS org.apache.commons.collections4.CollectionUtilsTest



========== method  getFromList ========: 

	Total invocations on Mocks 2 : 

	InvokeExpr: interfaceinvoke r1.<java.util.List: java.lang.Object get(int)>(0)

	InvokeExpr: interfaceinvoke r1.<java.util.List: java.lang.Object get(int)>(1)



========== method  addAllForIterable ========: 

	Total invocations on Mocks 10 : 

	InvokeExpr: interfaceinvoke r3.<java.lang.Iterable: java.util.Iterator iterator()>()

	InvokeExpr: interfaceinvoke r4.<java.util.Iterator: boolean hasNext()>()

	InvokeExpr: interfaceinvoke r5.<java.util.Collection: boolean add(java.lang.Object)>($r20)

	InvokeExpr: interfaceinvoke r5.<java.util.Collection: boolean add(java.lang.Object)>($r25)

	InvokeExpr: interfaceinvoke r5.<java.util.Collection: boolean add(java.lang.Object)>($r30)

	InvokeExpr: interfaceinvoke r5.<java.util.Collection: boolean addAll(java.util.Collection)>(r1)

	InvokeExpr: interfaceinvoke r3.<java.lang.Iterable: java.util.Iterator iterator()>()

	InvokeExpr: interfaceinvoke r4.<java.util.Iterator: boolean hasNext()>()

	InvokeExpr: interfaceinvoke r5.<java.util.Collection: boolean add(java.lang.Object)>($r47)

	InvokeExpr: interfaceinvoke r5.<java.util.Collection: boolean addAll(java.util.Collection)>(r1)


** CLASS org.apache.commons.collections4.SplitMapUtilsTest$6


** CLASS org.apache.commons.collections4.ListUtilsTest$1


** CLASS org.apache.commons.collections4.multimap.AbstractMultiValuedMapTest$TestMultiValuedMapEntries


** CLASS org.apache.commons.collections4.multimap.AbstractMultiValuedMapTest$TestMultiValuedMapKeySet


** CLASS org.apache.commons.collections4.multimap.TransformedMultiValuedMapTest


** CLASS org.apache.commons.collections4.multimap.UnmodifiableMultiValuedMapTest


** CLASS org.apache.commons.collections4.multimap.ArrayListValuedHashMapTest


** CLASS org.apache.commons.collections4.multimap.AbstractMultiValuedMapTest$TestMultiValuedMapAsMap


** CLASS org.apache.commons.collections4.multimap.AbstractMultiValuedMapTest$TestMultiValuedMapValues


** CLASS org.apache.commons.collections4.multimap.HashSetValuedHashMapTest


** CLASS org.apache.commons.collections4.multimap.AbstractMultiValuedMapTest


** CLASS org.apache.commons.collections4.multimap.Driver


** CLASS org.apache.commons.collections4.multimap.AbstractMultiValuedMapTest$TestMultiValuedMapKeys


** CLASS org.apache.commons.collections4.CollectionUtilsTest$6


** CLASS org.apache.commons.collections4.SplitMapUtilsTest$13


** CLASS org.apache.commons.collections4.IterableUtilsTest$11


** CLASS org.apache.commons.collections4.IterableUtilsTest$10


** CLASS org.apache.commons.collections4.IterableUtilsTest$1


** CLASS org.apache.commons.collections4.FactoryUtilsTest


** CLASS org.apache.commons.collections4.AbstractArrayListTest


** CLASS org.apache.commons.collections4.CollectionUtilsTest$11


** CLASS org.apache.commons.collections4.EnumerationUtilsTest


** CLASS org.apache.commons.collections4.FactoryUtilsTest$Mock2


** CLASS org.apache.commons.collections4.MapUtilsTest$4


** CLASS org.apache.commons.collections4.SplitMapUtilsTest$11


** CLASS org.apache.commons.collections4.FactoryUtilsTest$Mock1


** CLASS org.apache.commons.collections4.MultiSetUtilsTest$2


** CLASS org.apache.commons.collections4.SplitMapUtilsTest$8


** CLASS org.apache.commons.collections4.bidimap.DualHashBidiMapTest


** CLASS org.apache.commons.collections4.bidimap.UnmodifiableSortedBidiMapTest


** CLASS org.apache.commons.collections4.bidimap.TreeBidiMapTest


** CLASS org.apache.commons.collections4.bidimap.DualTreeBidiMap2Test$1


** CLASS org.apache.commons.collections4.bidimap.DualTreeBidiMap2Test


** CLASS org.apache.commons.collections4.bidimap.AbstractOrderedBidiMapDecoratorTest$TestOrderedBidiMap


** CLASS org.apache.commons.collections4.bidimap.DualLinkedHashBidiMapTest


** CLASS org.apache.commons.collections4.bidimap.UnmodifiableOrderedBidiMapTest


** CLASS org.apache.commons.collections4.bidimap.AbstractOrderedBidiMapDecoratorTest


** CLASS org.apache.commons.collections4.bidimap.AbstractBidiMapTest$TestBidiMapIterator


** CLASS org.apache.commons.collections4.bidimap.AbstractBidiMapTest$TestInverseBidiMap


** CLASS org.apache.commons.collections4.bidimap.UnmodifiableBidiMapTest


** CLASS org.apache.commons.collections4.bidimap.AbstractOrderedBidiMapTest


** CLASS org.apache.commons.collections4.bidimap.AbstractBidiMapTest


** CLASS org.apache.commons.collections4.bidimap.AbstractBidiMapTest$TestBidiMapEntrySet


** CLASS org.apache.commons.collections4.bidimap.DualTreeBidiMap2Test$IntegerComparator


** CLASS org.apache.commons.collections4.bidimap.DualTreeBidiMapTest


** CLASS org.apache.commons.collections4.bidimap.Driver


** CLASS org.apache.commons.collections4.bidimap.AbstractOrderedBidiMapTest$TestBidiOrderedMapIterator


** CLASS org.apache.commons.collections4.bidimap.AbstractSortedBidiMapTest


** CLASS org.apache.commons.collections4.CollectionUtilsTest$2


** CLASS org.apache.commons.collections4.BulkTest


** CLASS org.apache.commons.collections4.CollectionUtilsTest$9


** CLASS org.apache.commons.collections4.ListUtilsTest


** CLASS org.apache.commons.collections4.PredicateUtilsTest


** CLASS org.apache.commons.collections4.map.LRUMapTest$5


** CLASS org.apache.commons.collections4.map.PassiveExpiringMapTest$1


** CLASS org.apache.commons.collections4.map.CompositeMapTest$1


** CLASS org.apache.commons.collections4.map.AbstractSortedMapTest


** CLASS org.apache.commons.collections4.map.DefaultedMapTest$1


** CLASS org.apache.commons.collections4.map.LRUMapTest$7


** CLASS org.apache.commons.collections4.map.FixedSizeSortedMapTest


** CLASS org.apache.commons.collections4.map.CaseInsensitiveMapTest


** CLASS org.apache.commons.collections4.map.LinkedMapTest


** CLASS org.apache.commons.collections4.map.PassiveExpiringMapTest


** CLASS org.apache.commons.collections4.map.PredicatedMapTest


** CLASS org.apache.commons.collections4.map.HashedMapTest


** CLASS org.apache.commons.collections4.map.IdentityMap


** CLASS org.apache.commons.collections4.map.AbstractIterableMapTest


** CLASS org.apache.commons.collections4.map.ReferenceMapTest


** CLASS org.apache.commons.collections4.map.TransformedMapTest


** CLASS org.apache.commons.collections4.map.StaticBucketMapTest


** CLASS org.apache.commons.collections4.map.AbstractSortedMapTest$TestSubMap


** CLASS org.apache.commons.collections4.map.ListOrderedMapTest$TestValueListView


** CLASS org.apache.commons.collections4.map.FixedSizeMapTest


** CLASS org.apache.commons.collections4.map.LRUMapTest$8


** CLASS org.apache.commons.collections4.map.MultiKeyMapTest


** CLASS org.apache.commons.collections4.map.ListOrderedMap2Test$TestListView


** CLASS org.apache.commons.collections4.map.LazyMapTest


** CLASS org.apache.commons.collections4.map.LazyMapTest$1


** CLASS org.apache.commons.collections4.map.LRUMapTest$SingleHashCode


** CLASS org.apache.commons.collections4.map.Flat3MapTest


** CLASS org.apache.commons.collections4.map.PassiveExpiringMapTest$TestExpirationPolicy


** CLASS org.apache.commons.collections4.map.AbstractOrderedMapTest


** CLASS org.apache.commons.collections4.map.LinkedMapTest$TestListView


** CLASS org.apache.commons.collections4.map.TransformedSortedMapTest


** CLASS org.apache.commons.collections4.map.AbstractOrderedMapTest$InnerTestOrderedMapIterator


** CLASS org.apache.commons.collections4.map.Flat3MapTest$TestFlatMapIterator


** CLASS org.apache.commons.collections4.map.CompositeMapTest$2


** CLASS org.apache.commons.collections4.map.AbstractSortedMapTest$TestViewMap


** CLASS org.apache.commons.collections4.map.UnmodifiableMapTest


** CLASS org.apache.commons.collections4.map.ListOrderedMapTest


** CLASS org.apache.commons.collections4.map.AbstractMapTest$TestMapEntrySet


** CLASS org.apache.commons.collections4.map.CompositeMapTest


** CLASS org.apache.commons.collections4.map.EmptyMapMutator


** CLASS org.apache.commons.collections4.map.SingletonMapTest


** CLASS org.apache.commons.collections4.map.LRUMapTest$MockLRUMapSubclassBlocksRemove


** CLASS org.apache.commons.collections4.map.AbstractSortedMapTest$TestHeadMap


** CLASS org.apache.commons.collections4.map.PredicatedSortedMapTest


** CLASS org.apache.commons.collections4.map.LRUMapTest


** CLASS org.apache.commons.collections4.map.MultiValueMapTest


** CLASS org.apache.commons.collections4.map.LRUMapTest$3


** CLASS org.apache.commons.collections4.map.LRUMapTest$2


** CLASS org.apache.commons.collections4.map.LazySortedMapTest


** CLASS org.apache.commons.collections4.map.ReferenceMapTest$AccessibleEntry


** CLASS org.apache.commons.collections4.map.ReferenceIdentityMapTest


** CLASS org.apache.commons.collections4.map.UnmodifiableSortedMapTest


** CLASS org.apache.commons.collections4.map.DefaultedMapTest


** CLASS org.apache.commons.collections4.map.AbstractIterableMapTest$InnerTestMapIterator


** CLASS org.apache.commons.collections4.map.UnmodifiableOrderedMapTest


** CLASS org.apache.commons.collections4.map.ListOrderedMapTest$TestKeyListView


** CLASS org.apache.commons.collections4.map.AbstractSortedMapTest$TestTailMap


** CLASS org.apache.commons.collections4.map.IdentityMap$IdentityEntry


** CLASS org.apache.commons.collections4.map.LRUMapTest$4


** CLASS org.apache.commons.collections4.map.PredicatedMapTest$1


** CLASS org.apache.commons.collections4.map.PredicatedSortedMapTest$1


** CLASS org.apache.commons.collections4.map.CompositeMapTest$3


** CLASS org.apache.commons.collections4.map.LRUMapTest$6


** CLASS org.apache.commons.collections4.map.Driver


** CLASS org.apache.commons.collections4.map.ListOrderedMap2Test


** CLASS org.apache.commons.collections4.map.LRUMapTest$MockLRUMapSubclass


** CLASS org.apache.commons.collections4.map.AbstractMapTest$TestMapKeySet


** CLASS org.apache.commons.collections4.map.LRUMapTest$1


** CLASS org.apache.commons.collections4.map.AbstractMapTest$TestMapValues


** CLASS org.apache.commons.collections4.map.LRUMapTest$MockLRUMapSubclassFirstBlocksRemove


** CLASS org.apache.commons.collections4.map.ReferenceMapTest$1


** CLASS org.apache.commons.collections4.map.AbstractMapTest


** CLASS org.apache.commons.collections4.IteratorUtilsTest$1


** CLASS org.apache.commons.collections4.IterableUtilsTest


** CLASS org.apache.commons.collections4.SplitMapUtilsTest$2


** CLASS org.apache.commons.collections4.FluentIterableTest$2


** CLASS org.apache.commons.collections4.FluentIterableTest$4


** CLASS org.apache.commons.collections4.ArrayStackTest


** CLASS org.apache.commons.collections4.IterableUtilsTest$6


** CLASS org.apache.commons.collections4.ListUtilsTest$2


** CLASS org.apache.commons.collections4.MockTestCase


** CLASS org.apache.commons.collections4.CollectionUtilsTest$5


** CLASS org.apache.commons.collections4.IterableUtilsTest$3


** CLASS org.apache.commons.collections4.MultiSetUtilsTest


** CLASS org.apache.commons.collections4.SplitMapUtilsTest$7


** CLASS org.apache.commons.collections4.FactoryUtilsTest$Mock3


** CLASS org.apache.commons.collections4.SetUtilsTest


** CLASS org.apache.commons.collections4.MapUtilsTest$X


** CLASS org.apache.commons.collections4.AbstractTreeMapTest


** CLASS org.apache.commons.collections4.CollectionUtilsTest$8


** CLASS org.apache.commons.collections4.CollectionUtilsTest$10


** CLASS org.apache.commons.collections4.SplitMapUtilsTest$1


** CLASS org.apache.commons.collections4.SplitMapUtilsTest$9


** CLASS org.apache.commons.collections4.MapUtilsTest$3


** CLASS org.apache.commons.collections4.IterableUtilsTest$8


** CLASS org.apache.commons.collections4.ListUtilsTest$4


** CLASS org.apache.commons.collections4.MapPerformance


** CLASS org.apache.commons.collections4.sequence.SequencesComparatorTest


** CLASS org.apache.commons.collections4.sequence.SequencesComparatorTest$1


** CLASS org.apache.commons.collections4.sequence.SequencesComparatorTest$ExecutionVisitor


** CLASS org.apache.commons.collections4.sequence.Driver


** CLASS org.apache.commons.collections4.splitmap.TransformedSplitMapTest$2


** CLASS org.apache.commons.collections4.splitmap.TransformedSplitMapTest$3


** CLASS org.apache.commons.collections4.splitmap.TransformedSplitMapTest


** CLASS org.apache.commons.collections4.splitmap.Driver


** CLASS org.apache.commons.collections4.splitmap.TransformedSplitMapTest$1


** CLASS org.apache.commons.collections4.MapPerformance$1


** CLASS org.apache.commons.collections4.FluentIterableTest


** CLASS org.apache.commons.collections4.CollectionUtilsTest$7


** CLASS org.apache.commons.collections4.keyvalue.AbstractMapEntryTest


** CLASS org.apache.commons.collections4.keyvalue.DefaultKeyValueTest


** CLASS org.apache.commons.collections4.keyvalue.DefaultMapEntryTest


** CLASS org.apache.commons.collections4.keyvalue.MultiKeyTest$SystemHashCodeSimulatingKey


** CLASS org.apache.commons.collections4.keyvalue.MultiKeyTest


** CLASS org.apache.commons.collections4.keyvalue.UnmodifiableMapEntryTest


** CLASS org.apache.commons.collections4.keyvalue.Driver


** CLASS org.apache.commons.collections4.keyvalue.TiedMapEntryTest


** CLASS org.apache.commons.collections4.keyvalue.MultiKeyTest$DerivedMultiKey


** CLASS org.apache.commons.collections4.IterableUtilsTest$9


** CLASS org.apache.commons.collections4.TestUtils


** CLASS org.apache.commons.collections4.FluentIterableTest$3


** CLASS org.apache.commons.collections4.MultiSetUtilsTest$1


** CLASS org.apache.commons.collections4.SplitMapUtilsTest$3


** CLASS org.apache.commons.collections4.IterableUtilsTest$5


** CLASS org.apache.commons.collections4.CollectionUtilsTest$4


** CLASS org.apache.commons.collections4.multiset.PredicatedMultiSetTest$1


** CLASS org.apache.commons.collections4.multiset.PredicatedMultiSetTest


** CLASS org.apache.commons.collections4.multiset.AbstractMultiSetTest$TestMultiSetUniqueSet


** CLASS org.apache.commons.collections4.multiset.SynchronizedMultiSetTest


** CLASS org.apache.commons.collections4.multiset.AbstractMultiSetTest


** CLASS org.apache.commons.collections4.multiset.HashMultiSetTest


** CLASS org.apache.commons.collections4.multiset.Driver


** CLASS org.apache.commons.collections4.multiset.UnmodifiableMultiSetTest


** CLASS org.apache.commons.collections4.SplitMapUtilsTest$5


** CLASS org.apache.commons.collections4.SplitMapUtilsTest$12


** CLASS org.apache.commons.collections4.ListUtilsTest$3


** CLASS org.apache.commons.collections4.MapUtilsTest$2


** CLASS org.apache.commons.collections4.MapPerformance$DummyMap


** CLASS org.apache.commons.collections4.BulkTestSuiteMaker


** CLASS org.apache.commons.collections4.SplitMapUtilsTest


** CLASS org.apache.commons.collections4.IterableUtilsTest$12


** CLASS org.apache.commons.collections4.SplitMapUtilsTest$10


** CLASS org.apache.commons.collections4.RootDriver


** CLASS org.apache.commons.collections4.MapUtilsTest$1


** CLASS org.apache.commons.collections4.IterableUtilsTest$2


** CLASS org.apache.commons.collections4.properties.AbstractPropertiesFactoryTest


** CLASS org.apache.commons.collections4.properties.PropertiesFactoryTest


** CLASS org.apache.commons.collections4.properties.Driver


** CLASS org.apache.commons.collections4.properties.SortedPropertiesFactoryTest


** CLASS org.apache.commons.collections4.properties.SortedPropertiesTest


** CLASS org.apache.commons.collections4.MultiMapUtilsTest


** CLASS org.apache.commons.collections4.functors.ComparatorPredicateTest$TestComparator


** CLASS org.apache.commons.collections4.functors.ComparatorPredicateTest$1


** CLASS org.apache.commons.collections4.functors.EqualPredicateTest


** CLASS org.apache.commons.collections4.functors.ComparatorPredicateTest


** CLASS org.apache.commons.collections4.functors.AbstractMockPredicateTest


** CLASS org.apache.commons.collections4.functors.CatchAndRethrowClosureTest$3


** CLASS org.apache.commons.collections4.functors.CatchAndRethrowClosureTest


** CLASS org.apache.commons.collections4.functors.AbstractClosureTest


** CLASS org.apache.commons.collections4.functors.EqualPredicateTest$EqualsTestObject


** CLASS org.apache.commons.collections4.functors.CatchAndRethrowClosureTest$2


** CLASS org.apache.commons.collections4.functors.AbstractCompositePredicateTest


** CLASS org.apache.commons.collections4.functors.AllPredicateTest


** CLASS org.apache.commons.collections4.functors.AbstractAnyAllOnePredicateTest


** CLASS org.apache.commons.collections4.functors.AbstractPredicateTest


** CLASS org.apache.commons.collections4.functors.Driver


** CLASS org.apache.commons.collections4.functors.NullPredicateTest


** CLASS org.apache.commons.collections4.functors.CatchAndRethrowClosureTest$1


** CLASS org.apache.commons.collections4.comparators.AbstractComparatorTest


** CLASS org.apache.commons.collections4.comparators.ComparatorChainTest$ColumnComparator


** CLASS org.apache.commons.collections4.comparators.ComparatorChainTest


** CLASS org.apache.commons.collections4.comparators.ComparableComparatorTest


** CLASS org.apache.commons.collections4.comparators.TransformingComparatorTest


** CLASS org.apache.commons.collections4.comparators.ReverseComparatorTest


** CLASS org.apache.commons.collections4.comparators.AbstractNullComparatorTest$TestNullComparator1


** CLASS org.apache.commons.collections4.comparators.ComparatorChainTest$1


** CLASS org.apache.commons.collections4.comparators.ComparatorChainTest$PseudoRow


** CLASS org.apache.commons.collections4.comparators.AbstractNullComparatorTest$TestNullComparator2


** CLASS org.apache.commons.collections4.comparators.AbstractNullComparatorTest


** CLASS org.apache.commons.collections4.comparators.FixedOrderComparatorTest


** CLASS org.apache.commons.collections4.comparators.Driver


** CLASS org.apache.commons.collections4.comparators.BooleanComparatorTest


** CLASS org.apache.commons.collections4.IterableUtilsTest$7


** CLASS org.apache.commons.collections4.SetUtilsTest$1


** CLASS org.apache.commons.collections4.QueueUtilsTest


** CLASS org.apache.commons.collections4.iterators.SkippingIteratorTest


** CLASS org.apache.commons.collections4.iterators.ArrayIteratorTest


** CLASS org.apache.commons.collections4.iterators.PermutationIteratorTest


** CLASS org.apache.commons.collections4.iterators.FilterIteratorTest


** CLASS org.apache.commons.collections4.iterators.FilterListIteratorTest$4


** CLASS org.apache.commons.collections4.iterators.ObjectArrayListIteratorTest


** CLASS org.apache.commons.collections4.iterators.FilterIteratorTest$3


** CLASS org.apache.commons.collections4.iterators.FilterListIteratorTest$6


** CLASS org.apache.commons.collections4.iterators.FilterListIteratorTest$5


** CLASS org.apache.commons.collections4.iterators.FilterListIteratorTest$2


** CLASS org.apache.commons.collections4.iterators.LazyIteratorChainTest


** CLASS org.apache.commons.collections4.iterators.ListIteratorWrapperTest


** CLASS org.apache.commons.collections4.iterators.IteratorChainTest$1


** CLASS org.apache.commons.collections4.iterators.FilterListIteratorTest$1


** CLASS org.apache.commons.collections4.iterators.ListIteratorWrapper2Test


** CLASS org.apache.commons.collections4.iterators.UnmodifiableOrderedMapIteratorTest


** CLASS org.apache.commons.collections4.iterators.FilterIteratorTest$2


** CLASS org.apache.commons.collections4.iterators.ObjectGraphIteratorTest$LeafFinder


** CLASS org.apache.commons.collections4.iterators.UnmodifiableMapIteratorTest


** CLASS org.apache.commons.collections4.iterators.IteratorChainTest


** CLASS org.apache.commons.collections4.iterators.UniqueFilterIteratorTest


** CLASS org.apache.commons.collections4.iterators.CollatingIteratorTest


** CLASS org.apache.commons.collections4.iterators.AbstractOrderedMapIteratorTest


** CLASS org.apache.commons.collections4.iterators.SingletonIterator2Test


** CLASS org.apache.commons.collections4.iterators.LazyIteratorChainTest$4


** CLASS org.apache.commons.collections4.iterators.BoundedIteratorTest


** CLASS org.apache.commons.collections4.iterators.ArrayListIterator2Test


** CLASS org.apache.commons.collections4.iterators.ReverseListIteratorTest


** CLASS org.apache.commons.collections4.iterators.NodeListIteratorTest


** CLASS org.apache.commons.collections4.iterators.ZippingIteratorTest


** CLASS org.apache.commons.collections4.iterators.ObjectGraphIteratorTest


** CLASS org.apache.commons.collections4.iterators.NodeListIteratorTest$2


** CLASS org.apache.commons.collections4.iterators.FilterListIteratorTest$3


** CLASS org.apache.commons.collections4.iterators.PushbackIteratorTest


** CLASS org.apache.commons.collections4.iterators.ObjectGraphIteratorTest$Leaf


** CLASS org.apache.commons.collections4.iterators.SingletonIteratorTest


** CLASS org.apache.commons.collections4.iterators.LazyIteratorChainTest$2


** CLASS org.apache.commons.collections4.iterators.LoopingIteratorTest


** CLASS org.apache.commons.collections4.iterators.ObjectGraphIteratorTest$Branch


** CLASS org.apache.commons.collections4.iterators.AbstractMapIteratorTest


** CLASS org.apache.commons.collections4.iterators.IteratorEnumerationTest


** CLASS org.apache.commons.collections4.iterators.SingletonListIteratorTest


** CLASS org.apache.commons.collections4.iterators.AbstractIteratorTest


** CLASS org.apache.commons.collections4.iterators.BoundedIteratorTest$1


** CLASS org.apache.commons.collections4.iterators.ObjectGraphIteratorTest$Tree


** CLASS org.apache.commons.collections4.iterators.LazyIteratorChainTest$1


** CLASS org.apache.commons.collections4.iterators.PeekingIteratorTest


** CLASS org.apache.commons.collections4.iterators.FilterListIteratorTest


** CLASS org.apache.commons.collections4.iterators.LoopingListIteratorTest


** CLASS org.apache.commons.collections4.iterators.AbstractListIteratorTest


** CLASS org.apache.commons.collections4.iterators.ObjectGraphIteratorTest$Forest


** CLASS org.apache.commons.collections4.iterators.ArrayListIteratorTest


** CLASS org.apache.commons.collections4.iterators.ArrayIterator2Test


** CLASS org.apache.commons.collections4.iterators.ObjectArrayListIterator2Test


** CLASS org.apache.commons.collections4.iterators.NodeListIteratorTest$1


** CLASS org.apache.commons.collections4.iterators.Driver


** CLASS org.apache.commons.collections4.iterators.ObjectArrayIteratorTest


** CLASS org.apache.commons.collections4.iterators.UnmodifiableListIteratorTest


** CLASS org.apache.commons.collections4.iterators.LazyIteratorChainTest$3


** CLASS org.apache.commons.collections4.iterators.FilterIteratorTest$1


** CLASS org.apache.commons.collections4.iterators.SkippingIteratorTest$1


** CLASS org.apache.commons.collections4.iterators.IteratorIterableTest


** CLASS org.apache.commons.collections4.iterators.UnmodifiableIteratorTest


** CLASS org.apache.commons.collections4.FluentIterableTest$1


** CLASS org.apache.commons.collections4.trie.PatriciaTrieTest


** CLASS org.apache.commons.collections4.trie.UnmodifiableTrieTest


** CLASS org.apache.commons.collections4.trie.PatriciaTrie2Test


** CLASS org.apache.commons.collections4.trie.Driver


** CLASS org.apache.commons.collections4.list.AbstractListTest$1


** CLASS org.apache.commons.collections4.list.AbstractLinkedListTest


** CLASS org.apache.commons.collections4.list.FixedSizeListTest


** CLASS org.apache.commons.collections4.list.SetUniqueListTest


** CLASS org.apache.commons.collections4.list.AbstractListTest$BulkTestSubList


** CLASS org.apache.commons.collections4.list.CursorableLinkedListTest


** CLASS org.apache.commons.collections4.list.PredicatedListTest


** CLASS org.apache.commons.collections4.list.SetUniqueListTest$SetUniqueList307


** CLASS org.apache.commons.collections4.list.UnmodifiableListTest


** CLASS org.apache.commons.collections4.list.PredicatedListTest$1


** CLASS org.apache.commons.collections4.list.Collections701Test


** CLASS org.apache.commons.collections4.list.TreeListTest


** CLASS org.apache.commons.collections4.list.AbstractListTest$TestListIterator


** CLASS org.apache.commons.collections4.list.TransformedListTest


** CLASS org.apache.commons.collections4.list.Driver


** CLASS org.apache.commons.collections4.list.NodeCachingLinkedListTest


** CLASS org.apache.commons.collections4.list.AbstractListTest


** CLASS org.apache.commons.collections4.list.GrowthListTest


** CLASS org.apache.commons.collections4.list.LazyListTest


** CLASS org.apache.commons.collections4.junit.AbstractAvailableLocalesTest


** CLASS org.apache.commons.collections4.junit.SetDefaultLocaleTestRule$1


** CLASS org.apache.commons.collections4.junit.ObjectToStringComparator


** CLASS org.apache.commons.collections4.junit.SetDefaultLocaleTestRule


** CLASS org.apache.commons.collections4.junit.Driver


** CLASS org.apache.commons.collections4.TransformerUtilsTest$1


** CLASS org.apache.commons.collections4.ComparatorUtilsTest


** CLASS org.apache.commons.collections4.IterableUtilsTest$4


** CLASS org.apache.commons.collections4.ClosureUtilsTest$MockClosure


** CLASS org.apache.commons.collections4.TransformerUtilsTest


** CLASS org.apache.commons.collections4.IterableUtilsTest$13


** CLASS org.apache.commons.collections4.CollectionUtilsTest$3


** CLASS org.apache.commons.collections4.BagUtilsTest


** CLASS org.apache.commons.collections4.IteratorUtilsTest



========== method  testNodeIterator ========: 

	Total invocations on Mocks 1 : 

	InvokeExpr: interfaceinvoke r3.<org.w3c.dom.Node: org.w3c.dom.NodeList getChildNodes()>()


** CLASS org.apache.commons.collections4.AbstractObjectTest


** CLASS org.apache.commons.collections4.TrieUtilsTest


** CLASS org.apache.commons.collections4.queue.CircularFifoQueueTest


** CLASS org.apache.commons.collections4.queue.PredicatedQueueTest$1


** CLASS org.apache.commons.collections4.queue.TransformedQueueTest


** CLASS org.apache.commons.collections4.queue.PredicatedQueueTest


** CLASS org.apache.commons.collections4.queue.UnmodifiableQueueTest


** CLASS org.apache.commons.collections4.queue.SynchronizedQueueTest


** CLASS org.apache.commons.collections4.queue.Driver


** CLASS org.apache.commons.collections4.queue.AbstractQueueTest


** CLASS org.apache.commons.collections4.map.ReferenceMapTest$lambda_testCustomPurge_4d3b256b_1__6


** CLASS org.apache.commons.collections4.collection.CompositeCollectionTest$lambda_testRemoveIf_0__7


** CLASS org.apache.commons.collections4.list.LazyListTest$now__8


** CLASS org.apache.commons.collections4.list.LazyListTest$now__9


** CLASS org.apache.commons.collections4.list.LazyListTest$now__10


** CLASS org.apache.commons.collections4.list.LazyListTest$lambda_testCreateNullGapsWithTransformer_0__11

Benchmark Overall Stats 
Total Invocations: 10913
Invocations On Mocks: 13

Soot finished on Wed Jun 02 18:39:53 EDT 2021
Soot has run for 1 min. 27 sec.

