Soot started on Tue Aug 03 14:11:12 EDT 2021
Soot has run AnnotatedAndInitMockTransformer for 98 ms.
Total Number of Annotated Mocks in the benchmark: 0
Total Number of Mocks defined in default init<> in the benchmark: 0
Soot has run MockAnalysisPreTransformer for 19 ms.
Total Number of Mocks defined in @Before in the benchmark: 0

 ====================================== 
** CLASS org.apache.flink.api.common.io.InputStreamFSInputWrapperTest
Number of Methods with MayMock in class: 1
Number of Methods with ArrayMock in class: 0
Number of Methods with CollectionMock in class: 0

 ====================================== 
** CLASS org.apache.flink.core.fs.LimitedConnectionsFileSystemDelegationTest
Number of Methods with MayMock in class: 3
Number of Methods with ArrayMock in class: 0
Number of Methods with CollectionMock in class: 0

 ====================================== 
Benchmark flink_flink_core_1.13.0_rc1 Mock Stats
Total Number of Test/Before/After Methods: 1091
Total Number of Test/Before/After Methods with May Mock: 4
Total Number of Test/Before/After Methods with ArrayMock: 0
Total Number of Test/Before/After Methods with Collection: 0
Total Number of Helper Methods: 406
Total Number of Helper Methods with MayMock: 0
Total Number of Helper Methods with ArrayMock: 0
Total Number of Helper Methods with CollectionMock: 0

 ====================================== 
 INVOCATION STATISTICS 


** CLASS org.apache.flink.testutils.ClassLoaderUtilsTest


** CLASS org.apache.flink.util.TemporaryClassLoaderContextTest


** CLASS org.apache.flink.util.LongValueSequenceIteratorTest


** CLASS org.apache.flink.util.MathUtilTest


** CLASS org.apache.flink.util.OutputTagTest


** CLASS org.apache.flink.util.IterableUtilsTest


** CLASS org.apache.flink.util.CollectionUtilTest


** CLASS org.apache.flink.util.ArrayUtilsTest


** CLASS org.apache.flink.util.SerializedValueTest


** CLASS org.apache.flink.util.ProcessorArchitectureTest


** CLASS org.apache.flink.util.FlinkUserCodeClassLoaderTest


** CLASS org.apache.flink.util.AbstractIDTest


** CLASS org.apache.flink.util.IOUtilsTest


** CLASS org.apache.flink.util.ExceptionUtilsTest


** CLASS org.apache.flink.util.TimeUtilsTest


** CLASS org.apache.flink.util.ResourceGuardTest


** CLASS org.apache.flink.util.StringUtilsTest


** CLASS org.apache.flink.util.WrappingProxyUtilTest


** CLASS org.apache.flink.util.LinkedOptionalMapTest


** CLASS org.apache.flink.util.FileUtilsTest


** CLASS org.apache.flink.util.CloseableIteratorTest


** CLASS org.apache.flink.util.UnionIteratorTest


** CLASS org.apache.flink.util.TimeUtilsPrettyPrintingTest


** CLASS org.apache.flink.util.NetUtilsTest


** CLASS org.apache.flink.util.InstantiationUtilTest


** CLASS org.apache.flink.util.LambdaUtilTest


** CLASS org.apache.flink.util.PropertiesUtilTest


** CLASS org.apache.flink.util.TernaryBooleanTest


** CLASS org.apache.flink.util.StringValueUtilsTest


** CLASS org.apache.flink.util.NumberSequenceIteratorTest


** CLASS org.apache.flink.api.common.resources.CPUResourceTest


** CLASS org.apache.flink.api.common.resources.ResourceTest


** CLASS org.apache.flink.api.common.typeutils.TypeSerializerSerializationUtilTest


** CLASS org.apache.flink.api.common.typeutils.base.EnumSerializerTest


** CLASS org.apache.flink.api.common.typeutils.base.EnumSerializerCompatibilityTest


** CLASS org.apache.flink.api.common.typeutils.base.array.StringArraySerializerTest


** CLASS org.apache.flink.api.common.typeutils.CompositeSerializerTest


** CLASS org.apache.flink.api.common.typeutils.TypeSerializerUpgradeTestBase


** CLASS org.apache.flink.api.common.typeutils.SerializerTestInstance


** CLASS org.apache.flink.api.common.typeutils.CompositeTypeSerializerSnapshotTest


** CLASS org.apache.flink.api.common.typeutils.CompositeTypeSerializerUtilTest


** CLASS org.apache.flink.api.common.typeutils.SerializerTestBase


** CLASS org.apache.flink.api.common.typeutils.TypeSerializerSnapshotTest


** CLASS org.apache.flink.api.common.typeutils.TypeInformationTestBase


** CLASS org.apache.flink.api.common.typeutils.ComparatorTestBase


** CLASS org.apache.flink.api.common.typeinfo.TypeHintTest


** CLASS org.apache.flink.api.common.typeinfo.TypeInformationTest


** CLASS org.apache.flink.api.common.serialization.AbstractDeserializationSchemaTest


** CLASS org.apache.flink.api.common.serialization.SimpleStringSchemaTest


** CLASS org.apache.flink.api.common.serialization.TypeInformationSerializationSchemaTest


** CLASS org.apache.flink.api.common.accumulators.DoubleMaximumTest


** CLASS org.apache.flink.api.common.accumulators.IntMaximumTest


** CLASS org.apache.flink.api.common.accumulators.IntMinimumTest


** CLASS org.apache.flink.api.common.accumulators.LongMinimumTest


** CLASS org.apache.flink.api.common.accumulators.AverageAccumulatorTest


** CLASS org.apache.flink.api.common.accumulators.LongMaximumTest


** CLASS org.apache.flink.api.common.accumulators.DoubleMinimumTest


** CLASS org.apache.flink.api.common.ExecutionConfigTest


** CLASS org.apache.flink.api.common.functions.util.RuntimeUDFContextTest


** CLASS org.apache.flink.api.common.state.ValueStateDescriptorTest


** CLASS org.apache.flink.api.common.state.ListStateDescriptorTest


** CLASS org.apache.flink.api.common.state.MapStateDescriptorTest


** CLASS org.apache.flink.api.common.state.StateTtlConfigTest


** CLASS org.apache.flink.api.common.state.StateDescriptorTest


** CLASS org.apache.flink.api.common.state.ReducingStateDescriptorTest


** CLASS org.apache.flink.api.common.eventtime.WatermarkOutputMultiplexerTest


** CLASS org.apache.flink.api.common.eventtime.BoundedOutOfOrdernessWatermarksTest


** CLASS org.apache.flink.api.common.eventtime.WatermarksWithIdlenessTest


** CLASS org.apache.flink.api.common.eventtime.AscendingTimestampsWatermarksTest


** CLASS org.apache.flink.api.common.eventtime.WatermarkStrategyTest


** CLASS org.apache.flink.api.common.io.DefaultFilterTest


** CLASS org.apache.flink.api.common.io.GlobFilePathFilterTest


** CLASS org.apache.flink.api.common.io.FileInputFormatTest


** CLASS org.apache.flink.api.common.io.EnumerateNestedFilesTest


** CLASS org.apache.flink.api.common.io.FileOutputFormatTest


** CLASS org.apache.flink.api.common.io.RichOutputFormatTest


** CLASS org.apache.flink.api.common.io.BinaryInputFormatTest


** CLASS org.apache.flink.api.common.io.DelimitedInputFormatSamplingTest


** CLASS org.apache.flink.api.common.io.RichInputFormatTest


** CLASS org.apache.flink.api.common.io.DelimitedInputFormatTest


** CLASS org.apache.flink.api.common.io.GenericCsvInputFormatTest


** CLASS org.apache.flink.api.common.io.InputStreamFSInputWrapperTest



========== method  testClose ========: 

	Total invocations on Mocks 1 : 

	InvokeExpr: virtualinvoke $r6.<java.io.InputStream: void close()>()


** CLASS org.apache.flink.api.common.operators.base.FlatMapOperatorCollectionTest


** CLASS org.apache.flink.api.common.operators.base.OuterJoinOperatorBaseTest


** CLASS org.apache.flink.api.common.operators.base.PartitionMapOperatorTest


** CLASS org.apache.flink.api.common.operators.base.MapOperatorTest


** CLASS org.apache.flink.api.common.operators.base.InnerJoinOperatorBaseTest


** CLASS org.apache.flink.api.common.operators.GenericDataSinkBaseTest


** CLASS org.apache.flink.api.common.operators.GenericDataSourceBaseTest


** CLASS org.apache.flink.api.common.operators.util.FieldListTest


** CLASS org.apache.flink.api.common.operators.util.FieldSetTest


** CLASS org.apache.flink.api.common.operators.OrderingTest


** CLASS org.apache.flink.api.common.operators.SingleInputSemanticPropertiesTest


** CLASS org.apache.flink.api.common.operators.DualInputSemanticPropertiesTest


** CLASS org.apache.flink.api.common.operators.ResourceSpecTest


** CLASS org.apache.flink.api.common.operators.SelectorFunctionKeysTest


** CLASS org.apache.flink.api.common.operators.ExpressionKeysTest


** CLASS org.apache.flink.api.common.ExecutionConfigFromConfigurationTest


** CLASS org.apache.flink.api.connector.source.lib.NumberSequenceSourceTest


** CLASS org.apache.flink.api.dag.TransformationTest


** CLASS org.apache.flink.api.java.typeutils.PojoTypeExtractionTest


** CLASS org.apache.flink.api.java.typeutils.TupleTypeInfoTest


** CLASS org.apache.flink.api.java.typeutils.ValueTypeInfoTest


** CLASS org.apache.flink.api.java.typeutils.TypeInfoFactoryTest


** CLASS org.apache.flink.api.java.typeutils.CompositeTypeTest


** CLASS org.apache.flink.api.java.typeutils.RowTypeInfoTest


** CLASS org.apache.flink.api.java.typeutils.PojoTypeInformationTest


** CLASS org.apache.flink.api.java.typeutils.TypeExtractorInputFormatsTest


** CLASS org.apache.flink.api.java.typeutils.PojoParametrizedTypeExtractionTest


** CLASS org.apache.flink.api.java.typeutils.runtime.DataInputViewStreamTest


** CLASS org.apache.flink.api.java.typeutils.runtime.TupleSerializerTest


** CLASS org.apache.flink.api.java.typeutils.runtime.PojoSerializerTest


** CLASS org.apache.flink.api.java.typeutils.runtime.CopyableSerializerUpgradeTest


** CLASS org.apache.flink.api.java.typeutils.runtime.AbstractGenericTypeComparatorTest$ComparatorTestInstance


** CLASS org.apache.flink.api.java.typeutils.runtime.kryo.KryoSerializerConcurrencyTest


** CLASS org.apache.flink.api.java.typeutils.runtime.kryo.KryoClearedBufferTest


** CLASS org.apache.flink.api.java.typeutils.runtime.kryo.KryoWithCustomSerializersTest


** CLASS org.apache.flink.api.java.typeutils.runtime.kryo.SerializersTest


** CLASS org.apache.flink.api.java.typeutils.runtime.kryo.KryoSerializerSnapshotTest


** CLASS org.apache.flink.api.java.typeutils.runtime.kryo.KryoGenericTypeSerializerTest


** CLASS org.apache.flink.api.java.typeutils.runtime.kryo.KryoSerializerCompatibilityTest


** CLASS org.apache.flink.api.java.typeutils.runtime.kryo.KryoSerializerClassLoadingTest


** CLASS org.apache.flink.api.java.typeutils.runtime.kryo.KryoSerializerConcurrencyCheckInactiveITCase


** CLASS org.apache.flink.api.java.typeutils.runtime.AbstractGenericTypeSerializerTest


** CLASS org.apache.flink.api.java.typeutils.runtime.tuple.base.TuplePairComparatorTestBase


** CLASS org.apache.flink.api.java.typeutils.runtime.EitherSerializerTest$EitherSerializerTestInstance


** CLASS org.apache.flink.api.java.typeutils.runtime.PojoSubclassSerializerTest


** CLASS org.apache.flink.api.java.typeutils.runtime.AbstractGenericArraySerializerTest


** CLASS org.apache.flink.api.java.typeutils.runtime.RowSerializerTest


** CLASS org.apache.flink.api.java.typeutils.runtime.EitherSerializerTest


** CLASS org.apache.flink.api.java.typeutils.runtime.PojoSerializerSnapshotTest


** CLASS org.apache.flink.api.java.typeutils.runtime.MultidimensionalArraySerializerTest


** CLASS org.apache.flink.api.java.typeutils.runtime.LegacyRowSerializerTest


** CLASS org.apache.flink.api.java.typeutils.runtime.NullableSerializerTest


** CLASS org.apache.flink.api.java.typeutils.runtime.SubclassFromInterfaceSerializerTest


** CLASS org.apache.flink.api.java.typeutils.runtime.AbstractGenericTypeComparatorTest


** CLASS org.apache.flink.api.java.typeutils.LambdaExtractionTest


** CLASS org.apache.flink.api.java.typeutils.MissingTypeInfoTest


** CLASS org.apache.flink.api.java.typeutils.TypeExtractorTest


** CLASS org.apache.flink.api.java.tuple.Tuple2Test


** CLASS org.apache.flink.api.java.ClosureCleanerTest


** CLASS org.apache.flink.configuration.ConfigurationUtilsTest


** CLASS org.apache.flink.configuration.FilesystemSchemeConfigTest


** CLASS org.apache.flink.configuration.ParentFirstPatternsTest


** CLASS org.apache.flink.configuration.ConfigOptionTest


** CLASS org.apache.flink.configuration.StructuredOptionsSplitterEscapeTest


** CLASS org.apache.flink.configuration.DelegatingConfigurationTest


** CLASS org.apache.flink.configuration.UnmodifiableConfigurationTest


** CLASS org.apache.flink.configuration.GlobalConfigurationTest


** CLASS org.apache.flink.configuration.ReadableWritableConfigurationTest


** CLASS org.apache.flink.configuration.MemorySizeTest


** CLASS org.apache.flink.configuration.ConfigUtilsTest


** CLASS org.apache.flink.configuration.CoreOptionsTest


** CLASS org.apache.flink.configuration.MemorySizePrettyPrintingTest


** CLASS org.apache.flink.configuration.RestOptionsTest


** CLASS org.apache.flink.configuration.ConfigurationTest


** CLASS org.apache.flink.configuration.description.DescriptionHtmlTest


** CLASS org.apache.flink.configuration.StructuredOptionsSplitterTest


** CLASS org.apache.flink.configuration.ConfigurationParsingInvalidFormatsTest


** CLASS org.apache.flink.configuration.ConfigurationConversionsTest


** CLASS org.apache.flink.core.memory.OperationsOnFreedSegmentTest


** CLASS org.apache.flink.core.memory.DataInputDeserializerTest


** CLASS org.apache.flink.core.memory.OffHeapUnsafeMemorySegmentTest


** CLASS org.apache.flink.core.memory.OffHeapDirectMemorySegmentTest


** CLASS org.apache.flink.core.memory.MemorySegmentUndersizedTest


** CLASS org.apache.flink.core.memory.MemorySegmentTestBase


** CLASS org.apache.flink.core.memory.CrossSegmentTypeTest


** CLASS org.apache.flink.core.memory.EndiannessAccessChecks


** CLASS org.apache.flink.core.memory.DataInputOutputSerializerTest


** CLASS org.apache.flink.core.memory.OnHeapMemorySegmentTest


** CLASS org.apache.flink.core.memory.ByteArrayOutputStreamWithPosTest


** CLASS org.apache.flink.core.memory.MemorySegmentChecksTest


** CLASS org.apache.flink.core.memory.MemorySegmentFactoryTest


** CLASS org.apache.flink.core.memory.ByteArrayInputStreamWithPosTest


** CLASS org.apache.flink.core.fs.LimitedConnectionsFileSystemTest


** CLASS org.apache.flink.core.fs.SafetyNetCloseableRegistryTest


** CLASS org.apache.flink.core.fs.PathTest


** CLASS org.apache.flink.core.fs.RefCountedFileTest


** CLASS org.apache.flink.core.fs.FileSystemTest


** CLASS org.apache.flink.core.fs.AbstractRecoverableWriterTest


** CLASS org.apache.flink.core.fs.local.LocalFileSystemTest


** CLASS org.apache.flink.core.fs.LimitedConnectionsFileSystemDelegationTest



========== method  testDelegateFsMethods ========: 

	Total invocations on Mocks 23 : 

	InvokeExpr: virtualinvoke r1.<org.apache.flink.core.fs.FileSystem: org.apache.flink.core.fs.FSDataInputStream open(org.apache.flink.core.fs.Path)>($r6)

	InvokeExpr: virtualinvoke r1.<org.apache.flink.core.fs.FileSystem: org.apache.flink.core.fs.FSDataInputStream open(org.apache.flink.core.fs.Path,int)>($r12, $i2)

	InvokeExpr: virtualinvoke r1.<org.apache.flink.core.fs.FileSystem: org.apache.flink.core.fs.FSDataOutputStream create(org.apache.flink.core.fs.Path,boolean)>($r18, $z0)

	InvokeExpr: virtualinvoke r1.<org.apache.flink.core.fs.FileSystem: org.apache.flink.core.fs.FSDataOutputStream create(org.apache.flink.core.fs.Path,org.apache.flink.core.fs.FileSystem$WriteMode)>($r24, $r26)

	InvokeExpr: virtualinvoke r1.<org.apache.flink.core.fs.FileSystem: org.apache.flink.core.fs.FSDataOutputStream create(org.apache.flink.core.fs.Path,boolean,int,short,long)>($r32, $z1, $i3, $s4, $l5)

	InvokeExpr: virtualinvoke $r40.<org.apache.flink.core.fs.FileSystem: boolean isDistributedFS()>()

	InvokeExpr: virtualinvoke $r43.<org.apache.flink.core.fs.FileSystem: boolean isDistributedFS()>()

	InvokeExpr: virtualinvoke $r46.<org.apache.flink.core.fs.FileSystem: org.apache.flink.core.fs.Path getHomeDirectory()>()

	InvokeExpr: virtualinvoke $r50.<org.apache.flink.core.fs.FileSystem: java.net.URI getUri()>()

	InvokeExpr: virtualinvoke $r55.<org.apache.flink.core.fs.FileSystem: org.apache.flink.core.fs.FileStatus getFileStatus(org.apache.flink.core.fs.Path)>(r109)

	InvokeExpr: virtualinvoke $r60.<org.apache.flink.core.fs.FileSystem: org.apache.flink.core.fs.BlockLocation[] getFileBlockLocations(org.apache.flink.core.fs.FileStatus,long,long)>(r110, $l9, $l8)

	InvokeExpr: virtualinvoke $r65.<org.apache.flink.core.fs.FileSystem: org.apache.flink.core.fs.FSDataInputStream open(org.apache.flink.core.fs.Path,int)>(r111, i16)

	InvokeExpr: virtualinvoke $r70.<org.apache.flink.core.fs.FileSystem: org.apache.flink.core.fs.FSDataInputStream open(org.apache.flink.core.fs.Path)>(r112)

	InvokeExpr: virtualinvoke $r73.<org.apache.flink.core.fs.FileSystem: long getDefaultBlockSize()>()

	InvokeExpr: virtualinvoke $r77.<org.apache.flink.core.fs.FileSystem: org.apache.flink.core.fs.FileStatus[] listStatus(org.apache.flink.core.fs.Path)>(r113)

	InvokeExpr: virtualinvoke $r81.<org.apache.flink.core.fs.FileSystem: boolean exists(org.apache.flink.core.fs.Path)>(r114)

	InvokeExpr: virtualinvoke $r84.<org.apache.flink.core.fs.FileSystem: boolean delete(org.apache.flink.core.fs.Path,boolean)>(r115, z15)

	InvokeExpr: virtualinvoke $r87.<org.apache.flink.core.fs.FileSystem: boolean mkdirs(org.apache.flink.core.fs.Path)>(r116)

	InvokeExpr: virtualinvoke $r91.<org.apache.flink.core.fs.FileSystem: org.apache.flink.core.fs.FSDataOutputStream create(org.apache.flink.core.fs.Path,boolean,int,short,long)>(r117, z16, i17, s0, l1)

	InvokeExpr: virtualinvoke $r96.<org.apache.flink.core.fs.FileSystem: org.apache.flink.core.fs.FSDataOutputStream create(org.apache.flink.core.fs.Path,org.apache.flink.core.fs.FileSystem$WriteMode)>(r118, r120)

	InvokeExpr: virtualinvoke $r101.<org.apache.flink.core.fs.FileSystem: boolean rename(org.apache.flink.core.fs.Path,org.apache.flink.core.fs.Path)>(r121, r122)

	InvokeExpr: virtualinvoke r1.<org.apache.flink.core.fs.FileSystem: org.apache.flink.core.fs.FileSystemKind getKind()>()

	InvokeExpr: virtualinvoke $r107.<org.apache.flink.core.fs.FileSystem: org.apache.flink.core.fs.FileSystemKind getKind()>()



========== method  testDelegateOutStreamMethods ========: 

	Total invocations on Mocks 7 : 

	InvokeExpr: virtualinvoke r1.<org.apache.flink.core.fs.FSDataOutputStream: long getPos()>()

	InvokeExpr: virtualinvoke r2.<org.apache.flink.core.fs.FileSystem: org.apache.flink.core.fs.FSDataOutputStream create(org.apache.flink.core.fs.Path,org.apache.flink.core.fs.FileSystem$WriteMode)>($r13, $r15)

	InvokeExpr: virtualinvoke $r24.<org.apache.flink.core.fs.FSDataOutputStream: void write(int)>(77)

	InvokeExpr: virtualinvoke $r26.<org.apache.flink.core.fs.FSDataOutputStream: void write(byte[],int,int)>(r5, 100, 111)

	InvokeExpr: virtualinvoke $r28.<org.apache.flink.core.fs.FSDataOutputStream: void flush()>()

	InvokeExpr: virtualinvoke $r30.<org.apache.flink.core.fs.FSDataOutputStream: void sync()>()

	InvokeExpr: virtualinvoke $r32.<org.apache.flink.core.fs.FSDataOutputStream: void close()>()



========== method  testDelegateInStreamMethods ========: 

	Total invocations on Mocks 9 : 

	InvokeExpr: virtualinvoke r1.<org.apache.flink.core.fs.FSDataInputStream: int read()>()

	InvokeExpr: virtualinvoke r1.<org.apache.flink.core.fs.FSDataInputStream: int read(byte[],int,int)>($r11, $i5, $i6)

	InvokeExpr: virtualinvoke r1.<org.apache.flink.core.fs.FSDataInputStream: long getPos()>()

	InvokeExpr: virtualinvoke r1.<org.apache.flink.core.fs.FSDataInputStream: int available()>()

	InvokeExpr: virtualinvoke r1.<org.apache.flink.core.fs.FSDataInputStream: boolean markSupported()>()

	InvokeExpr: virtualinvoke r2.<org.apache.flink.core.fs.FileSystem: org.apache.flink.core.fs.FSDataInputStream open(org.apache.flink.core.fs.Path)>($r30)

	InvokeExpr: virtualinvoke $r39.<org.apache.flink.core.fs.FSDataInputStream: void seek(long)>(17876L)

	InvokeExpr: virtualinvoke $r43.<org.apache.flink.core.fs.FSDataInputStream: void mark(int)>(9876)

	InvokeExpr: virtualinvoke $r45.<org.apache.flink.core.fs.FSDataInputStream: void close()>()


** CLASS org.apache.flink.core.fs.LimitedConnectionsConfigurationTest


** CLASS org.apache.flink.core.fs.EntropyInjectorTest


** CLASS org.apache.flink.core.fs.FileSystemBehaviorTestSuite


** CLASS org.apache.flink.core.fs.InitOutputPathTest


** CLASS org.apache.flink.core.fs.AbstractCloseableRegistryTest


** CLASS org.apache.flink.core.io.SimpleVersionedSerializerTypeSerializerProxyTest


** CLASS org.apache.flink.core.io.VersionedIOWriteableTest


** CLASS org.apache.flink.core.io.LocatableSplitAssignerTest


** CLASS org.apache.flink.core.io.SimpleVersionedSerializationTest


** CLASS org.apache.flink.core.io.DefaultSplitAssignerTest


** CLASS org.apache.flink.core.io.PostVersionedIOReadableWritableTest


** CLASS org.apache.flink.core.plugin.PluginConfigTest


** CLASS org.apache.flink.core.plugin.DirectoryBasedPluginFinderTest


** CLASS org.apache.flink.types.RowUtilsTest


** CLASS org.apache.flink.types.NormalizableKeyTest


** CLASS org.apache.flink.types.RecordITCase


** CLASS org.apache.flink.types.BasicTypeInfoTest


** CLASS org.apache.flink.types.JavaToValueConverterTest


** CLASS org.apache.flink.types.StringSerializationTest


** CLASS org.apache.flink.types.PrimitiveDataTypeTest


** CLASS org.apache.flink.types.RecordTest


** CLASS org.apache.flink.types.RowTest


** CLASS org.apache.flink.types.StringValueSerializationTest


** CLASS org.apache.flink.types.parser.VarLengthStringParserTest


** CLASS org.apache.flink.types.parser.ParserTestBase


** CLASS org.apache.flink.types.parser.FieldParserTest


** CLASS org.apache.flink.types.CopyableValueTest

Benchmark Overall Stats 
Total Invocations: 11923
Invocations On Mocks: 40

Soot has run MockAnalysisMainTransformer for 298 ms.
Soot finished on Tue Aug 03 14:17:26 EDT 2021
Soot has run for 6 min. 13 sec.

