 ====================================== 
** CLASS org.jsonschema2pojo.SchemaStoreTest
Number of Methods with MustMock in class: 1
Number of Methods with ArrayMock in class: 0
Number of Methods with Collection in class: 0

 ====================================== 
** CLASS org.jsonschema2pojo.rules.ArrayRuleTest
Number of Methods with MustMock in class: 4
Number of Methods with ArrayMock in class: 0
Number of Methods with Collection in class: 0

 ====================================== 
** CLASS org.jsonschema2pojo.rules.RuleFactoryImplTest
Number of Methods with MustMock in class: 3
Number of Methods with ArrayMock in class: 0
Number of Methods with Collection in class: 0

 ====================================== 
** CLASS org.jsonschema2pojo.rules.SchemaRuleTest
Number of Methods with MustMock in class: 3
Number of Methods with ArrayMock in class: 0
Number of Methods with Collection in class: 0

 ====================================== 
** CLASS org.jsonschema2pojo.SourceSortOrderTest
Number of Methods with MustMock in class: 2
Number of Methods with ArrayMock in class: 0
Number of Methods with Collection in class: 0

 ====================================== 
** CLASS org.jsonschema2pojo.SchemaMapperTest
Number of Methods with MustMock in class: 4
Number of Methods with ArrayMock in class: 0
Number of Methods with Collection in class: 0

 ====================================== 
** CLASS org.jsonschema2pojo.rules.TypeRuleTest
Number of Methods with MustMock in class: 3
Number of Methods with ArrayMock in class: 0
Number of Methods with Collection in class: 0

 ====================================== 
** CLASS org.jsonschema2pojo.AnnotatorFactoryTest
Number of Methods with MustMock in class: 1
Number of Methods with ArrayMock in class: 1
Number of Methods with Collection in class: 0

 ====================================== 
Benchmark jsonschema2pojo_core_1.1.1 Mock Stats
Total Number of Test/Before/After Methods: 110
Total Number of Test/Before/After Methods with MustMock: 21
Total Number of Test/Before/After Methods with ArrayMock in class: 1
Total Number of Test/Before/After Methods with Collection in class: 0

 ====================================== 
 INVOCATION STATISTICS 

Benchmark Overall Stats 
Total Invocations: 1262
Invocations On Mocks: 39

