 ====================================== 
** CLASS org.apache.maven.toolchain.DefaultToolchainManagerPrivateTest
Number of Methods with MustMock in class: 5
Number of Methods with ArrayMock in class: 0
Number of Methods with Collection in class: 0

 ====================================== 
** CLASS org.apache.maven.toolchain.DefaultToolchainTest
Number of Methods with MustMock in class: 3
Number of Methods with ArrayMock in class: 0
Number of Methods with Collection in class: 0

 ====================================== 
** CLASS org.apache.maven.toolchain.DefaultToolchainManagerTest
Number of Methods with MustMock in class: 6
Number of Methods with ArrayMock in class: 0
Number of Methods with Collection in class: 0

 ====================================== 
** CLASS org.apache.maven.artifact.resolver.filter.ExclusionArtifactFilterTest
Number of Methods with MustMock in class: 1
Number of Methods with ArrayMock in class: 0
Number of Methods with Collection in class: 0

 ====================================== 
Benchmark maven_maven_core_3.8.1 Mock Stats
Total Number of Test/Before/After Methods: 335
Total Number of Test/Before/After Methods with MustMock: 15
Total Number of Test/Before/After Methods with ArrayMock in class: 0
Total Number of Test/Before/After Methods with Collection in class: 0

 ====================================== 
 INVOCATION STATISTICS 

Benchmark Overall Stats 
Total Invocations: 3354
Invocations On Mocks: 21

