 ====================================== 
** CLASS org.quartz.impl.jdbcjobstore.StdJDBCDelegateTest
Number of Methods with May Mock in class: 3
Number of Methods with ArrayMock in class: 0
Number of Methods with Collection in class: 0

 ====================================== 
** CLASS org.quartz.impl.jdbcjobstore.UpdateLockRowSemaphoreTest
Number of Methods with May Mock in class: 4
Number of Methods with ArrayMock in class: 0
Number of Methods with Collection in class: 0

 ====================================== 
Benchmark quartz_quartz_core_2.3.1 Mock Stats
Total Number of Test/Before/After Methods: 218
Total Number of Test/Before/After Methods with May Mock: 7
Total Number of Test/Before/After Methods with ArrayMock in class: 0
Total Number of Test/Before/After Methods with Collection in class: 0

 ====================================== 
 INVOCATION STATISTICS 


** CLASS org.quartz.TriggerKey


** CLASS org.quartz.SimpleTrigger


** CLASS org.quartz.management.ManagementRESTServiceConfiguration


** CLASS org.quartz.management.ManagementServer


** CLASS org.quartz.ValueSet


** CLASS org.quartz.UnableToInterruptJobException


** CLASS org.quartz.helpers.VersionPrinter


** CLASS org.quartz.DateBuilder$1


** CLASS org.quartz.JobExecutionException


** CLASS org.quartz.SchedulerListener


** CLASS org.quartz.utils.DirtyFlagMap$DirtyFlagSet


** CLASS org.quartz.utils.C3p0PoolingConnectionProvider


** CLASS org.quartz.utils.DirtyFlagMap$DirtyFlagIterator


** CLASS org.quartz.utils.DirtyFlagMap$DirtyFlagMapEntryIterator


** CLASS org.quartz.utils.ClassUtils


** CLASS org.quartz.utils.StringKeyDirtyFlagMap


** CLASS org.quartz.utils.PoolingConnectionProvider


** CLASS org.quartz.utils.HikariCpPoolingConnectionProvider


** CLASS org.quartz.utils.Key


** CLASS org.quartz.utils.ConnectionProvider


** CLASS org.quartz.utils.DBConnectionManager


** CLASS org.quartz.utils.DirtyFlagMap$DirtyFlagCollection


** CLASS org.quartz.utils.DirtyFlagMap$DirtyFlagMapEntrySet


** CLASS org.quartz.utils.FindbugsSuppressWarnings


** CLASS org.quartz.utils.CircularLossyQueue


** CLASS org.quartz.utils.JNDIConnectionProvider


** CLASS org.quartz.utils.DirtyFlagMap


** CLASS org.quartz.utils.DirtyFlagMap$DirtyFlagMapEntry


** CLASS org.quartz.utils.counter.CounterManagerImpl


** CLASS org.quartz.utils.counter.sampled.SampledCounterConfig


** CLASS org.quartz.utils.counter.sampled.SampledRateCounterImpl


** CLASS org.quartz.utils.counter.sampled.SampledRateCounter


** CLASS org.quartz.utils.counter.sampled.SampledCounterImpl


** CLASS org.quartz.utils.counter.sampled.TimeStampedCounterValue


** CLASS org.quartz.utils.counter.sampled.SampledCounterImpl$1


** CLASS org.quartz.utils.counter.sampled.SampledRateCounterConfig


** CLASS org.quartz.utils.counter.sampled.SampledCounter


** CLASS org.quartz.utils.counter.CounterManager


** CLASS org.quartz.utils.counter.CounterImpl


** CLASS org.quartz.utils.counter.Counter


** CLASS org.quartz.utils.counter.CounterConfig


** CLASS org.quartz.utils.PropertiesParser


** CLASS org.quartz.DateBuilder


** CLASS org.quartz.TriggerListener


** CLASS org.quartz.CalendarIntervalTrigger


** CLASS org.quartz.SchedulerMetaData


** CLASS org.quartz.SchedulerException


** CLASS org.quartz.StatefulJob


** CLASS org.quartz.SchedulerContext


** CLASS org.quartz.Trigger


** CLASS org.quartz.ScheduleBuilder


** CLASS org.quartz.InterruptableJob


** CLASS org.quartz.Calendar


** CLASS org.quartz.TimeOfDay


** CLASS org.quartz.ListenerManager


** CLASS org.quartz.DailyTimeIntervalScheduleBuilder


** CLASS org.quartz.SimpleScheduleBuilder


** CLASS org.quartz.JobListener


** CLASS org.quartz.JobKey


** CLASS org.quartz.JobDataMap


** CLASS org.quartz.CronTrigger


** CLASS org.quartz.DisallowConcurrentExecution


** CLASS org.quartz.CalendarIntervalScheduleBuilder


** CLASS org.quartz.TriggerUtils


** CLASS org.quartz.DateBuilder$IntervalUnit


** CLASS org.quartz.JobExecutionContext


** CLASS org.quartz.DailyTimeIntervalTrigger


** CLASS org.quartz.impl.JobDetailImpl


** CLASS org.quartz.impl.RemoteMBeanScheduler$1


** CLASS org.quartz.impl.StdScheduler


** CLASS org.quartz.impl.jdbcjobstore.JobStoreSupport$13


** CLASS org.quartz.impl.jdbcjobstore.JobStoreSupport$43


** CLASS org.quartz.impl.jdbcjobstore.Constants


** CLASS org.quartz.impl.jdbcjobstore.JobStoreSupport$30


** CLASS org.quartz.impl.jdbcjobstore.JobStoreSupport$42


** CLASS org.quartz.impl.jdbcjobstore.CalendarIntervalTriggerPersistenceDelegate


** CLASS org.quartz.impl.jdbcjobstore.StdJDBCConstants


** CLASS org.quartz.impl.jdbcjobstore.JobStoreSupport$45


** CLASS org.quartz.impl.jdbcjobstore.JobStoreSupport$37


** CLASS org.quartz.impl.jdbcjobstore.JobStoreSupport$24


** CLASS org.quartz.impl.jdbcjobstore.JobStoreSupport$34


** CLASS org.quartz.impl.jdbcjobstore.JobStoreSupport$1


** CLASS org.quartz.impl.jdbcjobstore.JobStoreSupport$11


** CLASS org.quartz.impl.jdbcjobstore.JobStoreSupport$46


** CLASS org.quartz.impl.jdbcjobstore.CronTriggerPersistenceDelegate


** CLASS org.quartz.impl.jdbcjobstore.JobStoreSupport$40


** CLASS org.quartz.impl.jdbcjobstore.JobStoreSupport$35


** CLASS org.quartz.impl.jdbcjobstore.PostgreSQLDelegate


** CLASS org.quartz.impl.jdbcjobstore.TablePrefixAware


** CLASS org.quartz.impl.jdbcjobstore.JobStoreSupport$31


** CLASS org.quartz.impl.jdbcjobstore.JobStoreSupport$26


** CLASS org.quartz.impl.jdbcjobstore.DBSemaphore


** CLASS org.quartz.impl.jdbcjobstore.JobStoreSupport$28


** CLASS org.quartz.impl.jdbcjobstore.FiredTriggerRecord


** CLASS org.quartz.impl.jdbcjobstore.StdJDBCDelegate


** CLASS org.quartz.impl.jdbcjobstore.JobStoreSupport$18


** CLASS org.quartz.impl.jdbcjobstore.JobStoreSupport$23


** CLASS org.quartz.impl.jdbcjobstore.JobStoreSupport$14


** CLASS org.quartz.impl.jdbcjobstore.JobStoreSupport$39


** CLASS org.quartz.impl.jdbcjobstore.JobStoreSupport$ClusterManager


** CLASS org.quartz.impl.jdbcjobstore.JobStoreSupport$41


** CLASS org.quartz.impl.jdbcjobstore.CacheDelegate


** CLASS org.quartz.impl.jdbcjobstore.TriggerStatus


** CLASS org.quartz.impl.jdbcjobstore.JobStoreSupport$TransactionValidator


** CLASS org.quartz.impl.jdbcjobstore.JobStoreSupport$4


** CLASS org.quartz.impl.jdbcjobstore.SchedulerStateRecord


** CLASS org.quartz.impl.jdbcjobstore.SybaseDelegate


** CLASS org.quartz.impl.jdbcjobstore.JobStoreSupport$15


** CLASS org.quartz.impl.jdbcjobstore.SimpleSemaphore


** CLASS org.quartz.impl.jdbcjobstore.JobStoreSupport$22


** CLASS org.quartz.impl.jdbcjobstore.JobStoreSupport$10


** CLASS org.quartz.impl.jdbcjobstore.TriggerPersistenceDelegate$TriggerPropertyBundle


** CLASS org.quartz.impl.jdbcjobstore.StdJDBCDelegate$1


** CLASS org.quartz.impl.jdbcjobstore.JobStoreSupport$25


** CLASS org.quartz.impl.jdbcjobstore.DriverDelegate


** CLASS org.quartz.impl.jdbcjobstore.JobStoreSupport$20


** CLASS org.quartz.impl.jdbcjobstore.NoSuchDelegateException


** CLASS org.quartz.impl.jdbcjobstore.TriggerPersistenceDelegate


** CLASS org.quartz.impl.jdbcjobstore.JobStoreSupport$8


** CLASS org.quartz.impl.jdbcjobstore.JobStoreSupport$6


** CLASS org.quartz.impl.jdbcjobstore.MSSQLDelegate


** CLASS org.quartz.impl.jdbcjobstore.JobStoreSupport$MisfireHandler


** CLASS org.quartz.impl.jdbcjobstore.PointbaseDelegate


** CLASS org.quartz.impl.jdbcjobstore.InvalidConfigurationException


** CLASS org.quartz.impl.jdbcjobstore.SimplePropertiesTriggerProperties


** CLASS org.quartz.impl.jdbcjobstore.JobStoreSupport$47


** CLASS org.quartz.impl.jdbcjobstore.JobStoreSupport$21


** CLASS org.quartz.impl.jdbcjobstore.JobStoreSupport$16


** CLASS org.quartz.impl.jdbcjobstore.LockException


** CLASS org.quartz.impl.jdbcjobstore.JobStoreSupport$44


** CLASS org.quartz.impl.jdbcjobstore.JobStoreSupport$7


** CLASS org.quartz.impl.jdbcjobstore.StdRowLockSemaphore


** CLASS org.quartz.impl.jdbcjobstore.SimpleTriggerPersistenceDelegate


** CLASS org.quartz.impl.jdbcjobstore.JobStoreSupport$2


** CLASS org.quartz.impl.jdbcjobstore.CacheDelegate$BlobFreeingStream


** CLASS org.quartz.impl.jdbcjobstore.JobStoreSupport$27


** CLASS org.quartz.impl.jdbcjobstore.JobStoreSupport$5


** CLASS org.quartz.impl.jdbcjobstore.JobStoreSupport$TransactionCallback


** CLASS org.quartz.impl.jdbcjobstore.JobStoreSupport


** CLASS org.quartz.impl.jdbcjobstore.JTANonClusteredSemaphore


** CLASS org.quartz.impl.jdbcjobstore.Semaphore


** CLASS org.quartz.impl.jdbcjobstore.JobStoreSupport$29


** CLASS org.quartz.impl.jdbcjobstore.SimplePropertiesTriggerPersistenceDelegateSupport


** CLASS org.quartz.impl.jdbcjobstore.JobStoreSupport$36


** CLASS org.quartz.impl.jdbcjobstore.Util


** CLASS org.quartz.impl.jdbcjobstore.DB2v8Delegate


** CLASS org.quartz.impl.jdbcjobstore.JobStoreSupport$17


** CLASS org.quartz.impl.jdbcjobstore.JobStoreSupport$33


** CLASS org.quartz.impl.jdbcjobstore.JTANonClusteredSemaphore$SemaphoreSynchronization


** CLASS org.quartz.impl.jdbcjobstore.JobStoreSupport$RecoverMisfiredJobsResult


** CLASS org.quartz.impl.jdbcjobstore.JobStoreSupport$3


** CLASS org.quartz.impl.jdbcjobstore.AttributeRestoringConnectionInvocationHandler


** CLASS org.quartz.impl.jdbcjobstore.JobStoreSupport$32


** CLASS org.quartz.impl.jdbcjobstore.CacheDelegate$1


** CLASS org.quartz.impl.jdbcjobstore.JobStoreSupport$9


** CLASS org.quartz.impl.jdbcjobstore.DailyTimeIntervalTriggerPersistenceDelegate


** CLASS org.quartz.impl.jdbcjobstore.CUBRIDDelegate


** CLASS org.quartz.impl.jdbcjobstore.UpdateLockRowSemaphore


** CLASS org.quartz.impl.jdbcjobstore.JobStoreSupport$19


** CLASS org.quartz.impl.jdbcjobstore.DB2v6Delegate


** CLASS org.quartz.impl.jdbcjobstore.HSQLDBDelegate


** CLASS org.quartz.impl.jdbcjobstore.DB2v7Delegate


** CLASS org.quartz.impl.jdbcjobstore.JobStoreCMT


** CLASS org.quartz.impl.jdbcjobstore.JobStoreSupport$VoidTransactionCallback


** CLASS org.quartz.impl.jdbcjobstore.JobStoreTX


** CLASS org.quartz.impl.jdbcjobstore.JobStoreSupport$38


** CLASS org.quartz.impl.jdbcjobstore.JobStoreSupport$12


** CLASS org.quartz.impl.JobExecutionContextImpl


** CLASS org.quartz.impl.StdSchedulerFactory


** CLASS org.quartz.impl.matchers.StringMatcher$StringOperatorName$1


** CLASS org.quartz.impl.matchers.EverythingMatcher


** CLASS org.quartz.impl.matchers.AndMatcher


** CLASS org.quartz.impl.matchers.StringMatcher$StringOperatorName$4


** CLASS org.quartz.impl.matchers.NotMatcher


** CLASS org.quartz.impl.matchers.StringMatcher$1


** CLASS org.quartz.impl.matchers.StringMatcher$StringOperatorName$5


** CLASS org.quartz.impl.matchers.StringMatcher$StringOperatorName$2


** CLASS org.quartz.impl.matchers.NameMatcher


** CLASS org.quartz.impl.matchers.StringMatcher$StringOperatorName


** CLASS org.quartz.impl.matchers.StringMatcher


** CLASS org.quartz.impl.matchers.KeyMatcher


** CLASS org.quartz.impl.matchers.GroupMatcher


** CLASS org.quartz.impl.matchers.OrMatcher


** CLASS org.quartz.impl.matchers.StringMatcher$StringOperatorName$3


** CLASS org.quartz.impl.RemoteScheduler


** CLASS org.quartz.impl.QuartzServer


** CLASS org.quartz.impl.RemoteMBeanScheduler


** CLASS org.quartz.impl.DirectSchedulerFactory


** CLASS org.quartz.impl.SchedulerRepository


** CLASS org.quartz.impl.StdJobRunShellFactory


** CLASS org.quartz.impl.triggers.CronTriggerImpl


** CLASS org.quartz.impl.triggers.CoreTrigger


** CLASS org.quartz.impl.triggers.AbstractTrigger


** CLASS org.quartz.impl.triggers.DailyTimeIntervalTriggerImpl


** CLASS org.quartz.impl.triggers.CalendarIntervalTriggerImpl


** CLASS org.quartz.impl.triggers.SimpleTriggerImpl


** CLASS org.quartz.impl.SchedulerDetailsSetter


** CLASS org.quartz.impl.DefaultThreadExecutor


** CLASS org.quartz.impl.calendar.CalendarComparator


** CLASS org.quartz.impl.calendar.AnnualCalendar


** CLASS org.quartz.impl.calendar.MonthlyCalendar


** CLASS org.quartz.impl.calendar.DailyCalendar


** CLASS org.quartz.impl.calendar.CronCalendar


** CLASS org.quartz.impl.calendar.BaseCalendar


** CLASS org.quartz.impl.calendar.WeeklyCalendar


** CLASS org.quartz.impl.calendar.HolidayCalendar


** CLASS org.quartz.ee.servlet.QuartzInitializerListener


** CLASS org.quartz.ee.servlet.QuartzInitializerServlet


** CLASS org.quartz.ee.jta.JTAAnnotationAwareJobRunShellFactory


** CLASS org.quartz.ee.jta.UserTransactionHelper$UserTransactionWithContext


** CLASS org.quartz.ee.jta.JTAJobRunShellFactory


** CLASS org.quartz.ee.jta.JTAJobRunShell


** CLASS org.quartz.ee.jta.UserTransactionHelper


** CLASS org.quartz.SchedulerFactory


** CLASS org.quartz.SchedulerConfigException


** CLASS org.quartz.simpl.SystemPropertyInstanceIdGenerator


** CLASS org.quartz.simpl.SimpleThreadPool$WorkerThread


** CLASS org.quartz.simpl.ZeroSizeThreadPool


** CLASS org.quartz.simpl.SimpleClassLoadHelper


** CLASS org.quartz.simpl.JobWrapper


** CLASS org.quartz.simpl.SimpleJobFactory


** CLASS org.quartz.simpl.TriggerWrapperComparator


** CLASS org.quartz.simpl.HostnameInstanceIdGenerator


** CLASS org.quartz.simpl.LoadingLoaderClassLoadHelper


** CLASS org.quartz.simpl.SimpleTimeBroker


** CLASS org.quartz.simpl.PropertySettingJobFactory


** CLASS org.quartz.simpl.RAMJobStore


** CLASS org.quartz.simpl.SimpleThreadPool


** CLASS org.quartz.simpl.InitThreadContextClassLoadHelper


** CLASS org.quartz.simpl.CascadingClassLoadHelper


** CLASS org.quartz.simpl.SimpleInstanceIdGenerator


** CLASS org.quartz.simpl.ThreadContextClassLoadHelper


** CLASS org.quartz.simpl.TriggerWrapper


** CLASS org.quartz.simpl.RAMJobStore$1


** CLASS org.quartz.Trigger$TriggerState


** CLASS org.quartz.Scheduler


** CLASS org.quartz.Matcher


** CLASS org.quartz.Job


** CLASS org.quartz.JobBuilder


** CLASS org.quartz.listeners.SchedulerListenerSupport


** CLASS org.quartz.listeners.BroadcastSchedulerListener


** CLASS org.quartz.listeners.JobListenerSupport


** CLASS org.quartz.listeners.BroadcastJobListener


** CLASS org.quartz.listeners.JobChainingJobListener


** CLASS org.quartz.listeners.TriggerListenerSupport


** CLASS org.quartz.listeners.BroadcastTriggerListener


** CLASS org.quartz.core.QuartzSchedulerMBeanImpl$1


** CLASS org.quartz.core.QuartzSchedulerMBeanImpl$Emitter


** CLASS org.quartz.core.RemotableQuartzScheduler


** CLASS org.quartz.core.SampledStatisticsImpl


** CLASS org.quartz.core.JobRunShell$VetoedException


** CLASS org.quartz.core.QuartzScheduler_Stub


** CLASS org.quartz.core.ExecutingJobsManager


** CLASS org.quartz.core.QuartzSchedulerThread


** CLASS org.quartz.core.SampledStatistics


** CLASS org.quartz.core.ListenerManagerImpl


** CLASS org.quartz.core.ErrorLogger


** CLASS org.quartz.core.QuartzScheduler$1


** CLASS org.quartz.core.SchedulerSignalerImpl


** CLASS org.quartz.core.NullSampledStatisticsImpl


** CLASS org.quartz.core.JobRunShell


** CLASS org.quartz.core.QuartzSchedulerResources


** CLASS org.quartz.core.QuartzSchedulerMBeanImpl


** CLASS org.quartz.core.jmx.JobDataMapSupport


** CLASS org.quartz.core.jmx.TriggerSupport


** CLASS org.quartz.core.jmx.SimpleTriggerSupport


** CLASS org.quartz.core.jmx.QuartzSchedulerMBean


** CLASS org.quartz.core.jmx.JobDetailSupport


** CLASS org.quartz.core.jmx.CronTriggerSupport


** CLASS org.quartz.core.jmx.JobExecutionContextSupport


** CLASS org.quartz.core.QuartzScheduler


** CLASS org.quartz.core.JobRunShellFactory


** CLASS org.quartz.CronScheduleBuilder


** CLASS org.quartz.Trigger$TriggerTimeComparator


** CLASS org.quartz.spi.JobFactory


** CLASS org.quartz.spi.InstanceIdGenerator


** CLASS org.quartz.spi.ThreadExecutor


** CLASS org.quartz.spi.JobStore


** CLASS org.quartz.spi.SchedulerPlugin


** CLASS org.quartz.spi.TriggerFiredResult


** CLASS org.quartz.spi.ClassLoadHelper


** CLASS org.quartz.spi.SchedulerSignaler


** CLASS org.quartz.spi.MutableTrigger


** CLASS org.quartz.spi.ThreadPool


** CLASS org.quartz.spi.TriggerFiredBundle


** CLASS org.quartz.spi.TimeBroker


** CLASS org.quartz.spi.OperableTrigger


** CLASS org.quartz.JobDetail


** CLASS org.quartz.Trigger$CompletedExecutionInstruction


** CLASS org.quartz.xml.XMLSchedulingDataProcessor$1


** CLASS org.quartz.xml.XMLSchedulingDataProcessor


** CLASS org.quartz.xml.ValidationException


** CLASS org.quartz.TriggerBuilder


** CLASS org.quartz.ExecuteInJTATransaction


** CLASS org.quartz.ObjectAlreadyExistsException


** CLASS org.quartz.CronExpression


** CLASS org.quartz.PersistJobDataAfterExecution


** CLASS org.quartz.JobPersistenceException


** CLASS org.quartz.JobDetailTest$SomeExtendedStatefulJob


** CLASS org.quartz.CronScheduleBuilderTest


** CLASS org.quartz.JobDetailTest$SomePersistentJob


** CLASS org.quartz.Qtz205SchedulerListenerTest$Qtz205Job


** CLASS org.quartz.Qtz205SchedulerListenerTest$Qtz205TriggerListener


** CLASS org.quartz.FlakyJdbcSchedulerTest$FlakyConnectionProvider


** CLASS org.quartz.MonthlyCalendarTest


** CLASS org.quartz.PriorityTest$TestJob


** CLASS org.quartz.InterruptableJobTest$TestInterruptableJob


** CLASS org.quartz.AbstractSchedulerTest$TestJobWithSync


** CLASS org.quartz.PriorityTest


** CLASS org.quartz.utils.DirtyFlagMapTest


** CLASS org.quartz.utils.ClassUtilsTest$BaseJob


** CLASS org.quartz.utils.ClassUtilsTest$ReallyExtendedJob


** CLASS org.quartz.utils.PropertiesParserTest


** CLASS org.quartz.utils.ClassUtilsTest


** CLASS org.quartz.utils.HikariCpPoolingConnectionProviderTest


** CLASS org.quartz.utils.ClassUtilsTest$1


** CLASS org.quartz.utils.C3p0PoolingConnectionProviderTest


** CLASS org.quartz.utils.Driver


** CLASS org.quartz.utils.ClassUtilsTest$ExtendedJob


** CLASS org.quartz.AbstractSchedulerTest$TestAnnotatedJob


** CLASS org.quartz.TriggerBuilderTest$TestAnnotatedJob


** CLASS org.quartz.JdbcSchedulerTest


** CLASS org.quartz.JobDetailTest$SomeExtendedPersistentJob


** CLASS org.quartz.Qtz205SchedulerListenerTest


** CLASS org.quartz.SimpleTriggerTest


** CLASS org.quartz.FlakyJdbcSchedulerTest


** CLASS org.quartz.JobDetailTest$SomeNonConcurrentJob


** CLASS org.quartz.JobDetailTest


** CLASS org.quartz.integrations.tests.JobClassNotFoundExceptionErrorsTriggersTest$GoodJob


** CLASS org.quartz.integrations.tests.JobClassNotFoundExceptionErrorsTriggersTest$BadJob


** CLASS org.quartz.integrations.tests.QTZ336_MissSchedulingChangeSignalTest$CollectDuractionBetweenFireTimesJob


** CLASS org.quartz.integrations.tests.QTZ179_TriggerLostAfterDbRestart_Test


** CLASS org.quartz.integrations.tests.JobDataMapStorageTest


** CLASS org.quartz.integrations.tests.QTZ336_MissSchedulingChangeSignalTest$SlowRAMJobStore


** CLASS org.quartz.integrations.tests.TrackingJob


** CLASS org.quartz.integrations.tests.QuartzDatabaseCronTriggerTest


** CLASS org.quartz.integrations.tests.QTZ283_IgnoreMisfirePolicyJdbcStore_Test


** CLASS org.quartz.integrations.tests.JobClassNotFoundExceptionErrorsTriggersTest$SpecialClassLoadHelper


** CLASS org.quartz.integrations.tests.QuartzMemoryPauseAndResumeTest


** CLASS org.quartz.integrations.tests.QuartzMemoryCronTriggerTest


** CLASS org.quartz.integrations.tests.StdRowLockSemaphoreTest


** CLASS org.quartz.integrations.tests.HelloJob


** CLASS org.quartz.integrations.tests.QuartzMemoryTestSupport


** CLASS org.quartz.integrations.tests.JdbcQuartzDerbyUtilities$DerbyConnectionProvider


** CLASS org.quartz.integrations.tests.JobClassNotFoundExceptionErrorsTriggersTest


** CLASS org.quartz.integrations.tests.Driver


** CLASS org.quartz.integrations.tests.QTZ336_MissSchedulingChangeSignalTest


** CLASS org.quartz.integrations.tests.JdbcQuartzDerbyUtilities


** CLASS org.quartz.integrations.tests.QuartzDatabsePauseAndResumeTest


** CLASS org.quartz.integrations.tests.QuartzDatabaseTestSupport


** CLASS org.quartz.integrations.tests.StdRowLockSemaphoreTest$MyLock


** CLASS org.quartz.Quartz601Test


** CLASS org.quartz.JobDataMapTest


** CLASS org.quartz.TriggerBuilderTest$TestJob


** CLASS org.quartz.JobBuilderTest


** CLASS org.quartz.DisallowConcurrentExecutionJobTest


** CLASS org.quartz.SerializationTestSupport


** CLASS org.quartz.DailyTimeIntervalScheduleBuilderTest$MyJob


** CLASS org.quartz.JobBuilderTest$TestStatefulJob


** CLASS org.quartz.AbstractSchedulerTest


** CLASS org.quartz.AbstractSchedulerTest$UncleanShutdownJob


** CLASS org.quartz.DisallowConcurrentExecutionJobTest$TestJobListener


** CLASS org.quartz.AbstractJobStoreTest$SampleSignaler


** CLASS org.quartz.FlakyJdbcSchedulerTest$1


** CLASS org.quartz.impl.SchedulerDetailsSetterTest$MyJobStore


** CLASS org.quartz.impl.DirectSchedulerFactoryTest


** CLASS org.quartz.impl.JobDetailImplTest


** CLASS org.quartz.impl.SchedulerDetailsSetterTest


** CLASS org.quartz.impl.jdbcjobstore.DeleteNonExistsJobTest


** CLASS org.quartz.impl.jdbcjobstore.JdbcQuartzTestUtilities$DerbyEmbeddedConnectionProvider


** CLASS org.quartz.impl.jdbcjobstore.DeleteNonExistsJobTest$TestJob


** CLASS org.quartz.impl.jdbcjobstore.StdJDBCDelegateTest



========== method  testSelectBlobTriggerWithNoBlobContent ========: 

	Total invocations on Mocks 4 : 

	InvokeExpr: interfaceinvoke r2.<java.sql.Connection: java.sql.PreparedStatement prepareStatement(java.lang.String)>($r13)

	InvokeExpr: interfaceinvoke r3.<java.sql.PreparedStatement: java.sql.ResultSet executeQuery()>()

	InvokeExpr: interfaceinvoke r4.<java.sql.ResultSet: boolean next()>()

	InvokeExpr: interfaceinvoke r4.<java.sql.ResultSet: java.lang.String getString(java.lang.String)>("TRIGGER_TYPE")



========== method  testSelectSimpleTriggerWithExceptionWithExtendedProps ========: 

	Total invocations on Mocks 6 : 

	InvokeExpr: interfaceinvoke r1.<org.quartz.impl.jdbcjobstore.TriggerPersistenceDelegate: org.quartz.impl.jdbcjobstore.TriggerPersistenceDelegate$TriggerPropertyBundle loadExtendedTriggerProperties(java.sql.Connection,org.quartz.TriggerKey)>($r11, $r13)

	InvokeExpr: interfaceinvoke r4.<java.sql.Connection: java.sql.PreparedStatement prepareStatement(java.lang.String)>($r25)

	InvokeExpr: interfaceinvoke r5.<java.sql.PreparedStatement: java.sql.ResultSet executeQuery()>()

	InvokeExpr: interfaceinvoke r6.<java.sql.ResultSet: boolean next()>()

	InvokeExpr: interfaceinvoke r6.<java.sql.ResultSet: java.lang.String getString(java.lang.String)>("TRIGGER_TYPE")

	InvokeExpr: interfaceinvoke $r42.<org.quartz.impl.jdbcjobstore.TriggerPersistenceDelegate: org.quartz.impl.jdbcjobstore.TriggerPersistenceDelegate$TriggerPropertyBundle loadExtendedTriggerProperties(java.sql.Connection,org.quartz.TriggerKey)>($r44, $r46)



========== method  testSelectSimpleTriggerWithDeleteBeforeSelectExtendedProps ========: 

	Total invocations on Mocks 6 : 

	InvokeExpr: interfaceinvoke r1.<org.quartz.impl.jdbcjobstore.TriggerPersistenceDelegate: org.quartz.impl.jdbcjobstore.TriggerPersistenceDelegate$TriggerPropertyBundle loadExtendedTriggerProperties(java.sql.Connection,org.quartz.TriggerKey)>($r9, $r11)

	InvokeExpr: interfaceinvoke r3.<java.sql.Connection: java.sql.PreparedStatement prepareStatement(java.lang.String)>($r24)

	InvokeExpr: interfaceinvoke r4.<java.sql.PreparedStatement: java.sql.ResultSet executeQuery()>()

	InvokeExpr: interfaceinvoke r5.<java.sql.ResultSet: boolean next()>()

	InvokeExpr: interfaceinvoke r5.<java.sql.ResultSet: java.lang.String getString(java.lang.String)>("TRIGGER_TYPE")

	InvokeExpr: interfaceinvoke $r42.<org.quartz.impl.jdbcjobstore.TriggerPersistenceDelegate: org.quartz.impl.jdbcjobstore.TriggerPersistenceDelegate$TriggerPropertyBundle loadExtendedTriggerProperties(java.sql.Connection,org.quartz.TriggerKey)>($r44, $r46)


** CLASS org.quartz.impl.jdbcjobstore.JdbcJobStoreTest


** CLASS org.quartz.impl.jdbcjobstore.StdJDBCDelegateTest$TestStdJDBCDelegate


** CLASS org.quartz.impl.jdbcjobstore.Driver


** CLASS org.quartz.impl.jdbcjobstore.JdbcQuartzTestUtilities


** CLASS org.quartz.impl.jdbcjobstore.UpdateLockRowSemaphoreTest



========== method  testSingleSuccessUsingUpdate ========: 

	Total invocations on Mocks 1 : 

	InvokeExpr: interfaceinvoke r2.<java.sql.Connection: java.sql.PreparedStatement prepareStatement(java.lang.String)>($r5)



========== method  testSingleFailureFollowedBySuccessUsingUpdate ========: 

	Total invocations on Mocks 1 : 

	InvokeExpr: interfaceinvoke r2.<java.sql.Connection: java.sql.PreparedStatement prepareStatement(java.lang.String)>($r5)



========== method  testDoubleFailureFollowedBySuccessUsingUpdate ========: 

	Total invocations on Mocks 1 : 

	InvokeExpr: interfaceinvoke r2.<java.sql.Connection: java.sql.PreparedStatement prepareStatement(java.lang.String)>($r6)



========== method  testFallThroughToInsert ========: 

	Total invocations on Mocks 2 : 

	InvokeExpr: interfaceinvoke r2.<java.sql.Connection: java.sql.PreparedStatement prepareStatement(java.lang.String)>($r5)

	InvokeExpr: interfaceinvoke r2.<java.sql.Connection: java.sql.PreparedStatement prepareStatement(java.lang.String)>($r12)


** CLASS org.quartz.impl.SchedulerDetailsSetterTest$1


** CLASS org.quartz.impl.MockConnectionProvider


** CLASS org.quartz.impl.matchers.GroupMatcherTest


** CLASS org.quartz.impl.matchers.Driver


** CLASS org.quartz.impl.RemoteMBeanSchedulerTest


** CLASS org.quartz.impl.MockSQLException


** CLASS org.quartz.impl.StdSchedulerFactoryCustomConnectionProviderTest


** CLASS org.quartz.impl.triggers.DailyTimeIntervalTriggerImplTest


** CLASS org.quartz.impl.triggers.Driver


** CLASS org.quartz.impl.DirectSchedulerFactoryTest$1


** CLASS org.quartz.impl.RemoteMBeanSchedulerTest$HelloJob


** CLASS org.quartz.impl.RemoteMBeanSchedulerTest$TestRemoteScheduler


** CLASS org.quartz.impl.SchedulerDetailsSetterTest$MyThreadPool


** CLASS org.quartz.impl.Driver


** CLASS org.quartz.impl.calendar.DailyCalendarTest


** CLASS org.quartz.impl.calendar.Driver


** CLASS org.quartz.impl.calendar.BaseCalendarTest


** CLASS org.quartz.simpl.RAMJobStoreTest


** CLASS org.quartz.simpl.PropertySettingJobFactoryTest$1


** CLASS org.quartz.simpl.SystemPropertyInstanceIdGeneratorTest


** CLASS org.quartz.simpl.PropertySettingJobFactoryTest


** CLASS org.quartz.simpl.PropertySettingJobFactoryTest$TestBean


** CLASS org.quartz.simpl.Driver


** CLASS org.quartz.TriggerBuilderTest


** CLASS org.quartz.AbstractJobStoreTest


** CLASS org.quartz.JobBuilderTest$TestJob


** CLASS org.quartz.AbstractSchedulerTest$TestStatefulJob


** CLASS org.quartz.FlakyJdbcSchedulerTest$TestJob


** CLASS org.quartz.DisallowConcurrentExecutionJobTest$TestJob


** CLASS org.quartz.core.QTZ385Test$2


** CLASS org.quartz.core.QTZ212_SchedulerListener_Test


** CLASS org.quartz.core.QTZ212_SchedulerListener_Test$TestSchedulerListener


** CLASS org.quartz.core.RecoverJobsTest


** CLASS org.quartz.core.ListenerManagerTest$TestSchedulerListener


** CLASS org.quartz.core.RecoverJobsTest$1


** CLASS org.quartz.core.QTZ385Test$1


** CLASS org.quartz.core.ListenerManagerTest$TestTriggerListener


** CLASS org.quartz.core.ListenerManagerTest$TestJobListener


** CLASS org.quartz.core.ListenerManagerTest


** CLASS org.quartz.core.QTZ385Test


** CLASS org.quartz.core.Driver


** CLASS org.quartz.core.RecoverJobsTest$RecoverJobsTestJob


** CLASS org.quartz.TriggerBuilderTest$TestStatefulJob


** CLASS org.quartz.JobDetailTest$SomeExtendedNonConcurrentJob


** CLASS org.quartz.TriggerComparatorTest


** CLASS org.quartz.RAMSchedulerTest


** CLASS org.quartz.RootDriver


** CLASS org.quartz.CronTriggerTest


** CLASS org.quartz.JobDetailTest$SomeStatefulJob


** CLASS org.quartz.AbstractSchedulerTest$1


** CLASS org.quartz.CalendarIntervalTriggerTest


** CLASS org.quartz.FlakyJdbcSchedulerTest$FlakyConnectionInvocationHandler


** CLASS org.quartz.xml.XMLSchedulingDataProcessorTest$MyJob


** CLASS org.quartz.xml.XMLSchedulingDataProcessorTest


** CLASS org.quartz.xml.Driver


** CLASS org.quartz.JobDetailTest$SomeNonConcurrentPersistentJob


** CLASS org.quartz.DefaultSchedulerTest


** CLASS org.quartz.Qtz205SchedulerListenerTest$Qtz205ScheListener


** CLASS org.quartz.DailyTimeIntervalScheduleBuilderTest


** CLASS org.quartz.VersionTest


** CLASS org.quartz.JobDetailTest$SomeExtendedNonConcurrentPersistentJob


** CLASS org.quartz.CronExpressionTest


** CLASS org.quartz.JobBuilderTest$TestAnnotatedJob


** CLASS org.quartz.DateBuilderTest


** CLASS org.quartz.AbstractSchedulerTest$TestJob


** CLASS org.quartz.InterruptableJobTest


** CLASS org.quartz.AnnualCalendarTest


** CLASS org.quartz.AbstractJobStoreTest$MyJob

Benchmark Overall Stats 
Total Invocations: 3217
Invocations On Mocks: 21

Soot finished on Wed Jun 02 19:24:49 EDT 2021
Soot has run for 3 min. 17 sec.

