 ====================================== 
** CLASS br.com.caelum.vraptor.http.EncodingHandlerFactoryTest
Number of Methods with MustMock in class: 1
Number of Methods with ArrayMock in class: 0
Number of Methods with Collection in class: 0

 ====================================== 
** CLASS br.com.caelum.vraptor.resource.HttpMethodTest
Number of Methods with MustMock in class: 6
Number of Methods with ArrayMock in class: 0
Number of Methods with Collection in class: 0

 ====================================== 
** CLASS br.com.caelum.vraptor.ioc.spring.SpringBasedContainerTest
Number of Methods with MustMock in class: 1
Number of Methods with ArrayMock in class: 0
Number of Methods with Collection in class: 0

 ====================================== 
** CLASS br.com.caelum.vraptor.serialization.xstream.XStreamJSONPSerializationTest
Number of Methods with MustMock in class: 1
Number of Methods with ArrayMock in class: 0
Number of Methods with Collection in class: 0

 ====================================== 
** CLASS br.com.caelum.vraptor.http.ognl.ArrayAccessorTest
Number of Methods with MustMock in class: 1
Number of Methods with ArrayMock in class: 0
Number of Methods with Collection in class: 0

 ====================================== 
** CLASS br.com.caelum.vraptor.converter.l10n.LocaleBasedPrimitiveFloatConverterTest
Number of Methods with MustMock in class: 5
Number of Methods with ArrayMock in class: 0
Number of Methods with Collection in class: 0

 ====================================== 
** CLASS br.com.caelum.vraptor.serialization.gson.adapters.MessageSerializerTest
Number of Methods with MustMock in class: 1
Number of Methods with ArrayMock in class: 0
Number of Methods with Collection in class: 0

 ====================================== 
** CLASS br.com.caelum.vraptor.core.JstlLocalizationTest
Number of Methods with MustMock in class: 7
Number of Methods with ArrayMock in class: 0
Number of Methods with Collection in class: 0

 ====================================== 
** CLASS br.com.caelum.vraptor.http.route.PathAnnotationRoutesParserTest
Number of Methods with MustMock in class: 1
Number of Methods with ArrayMock in class: 0
Number of Methods with Collection in class: 0

 ====================================== 
** CLASS br.com.caelum.vraptor.ioc.InterceptorStereotypeHandlerTest
Number of Methods with MustMock in class: 2
Number of Methods with ArrayMock in class: 0
Number of Methods with Collection in class: 0

 ====================================== 
** CLASS br.com.caelum.vraptor.http.route.FixedMethodStrategyTest
Number of Methods with MustMock in class: 2
Number of Methods with ArrayMock in class: 0
Number of Methods with Collection in class: 0

 ====================================== 
** CLASS br.com.caelum.vraptor.resource.ResourceNotFoundHandlerTest
Number of Methods with MustMock in class: 4
Number of Methods with ArrayMock in class: 0
Number of Methods with Collection in class: 0

 ====================================== 
** CLASS br.com.caelum.vraptor.http.ognl.ReflectionBasedNullHandlerTest
Number of Methods with MustMock in class: 3
Number of Methods with ArrayMock in class: 0
Number of Methods with Collection in class: 0

 ====================================== 
** CLASS br.com.caelum.vraptor.interceptor.ExecuteMethodInterceptorTest
Number of Methods with MustMock in class: 9
Number of Methods with ArrayMock in class: 0
Number of Methods with Collection in class: 0

 ====================================== 
** CLASS br.com.caelum.vraptor.http.route.RulesTest
Number of Methods with MustMock in class: 2
Number of Methods with ArrayMock in class: 0
Number of Methods with Collection in class: 0

 ====================================== 
** CLASS br.com.caelum.vraptor.validator.BeanValidatorTest
Number of Methods with MustMock in class: 3
Number of Methods with ArrayMock in class: 0
Number of Methods with Collection in class: 0

 ====================================== 
** CLASS br.com.caelum.vraptor.core.DefaultStaticContentHandlerTest
Number of Methods with MustMock in class: 4
Number of Methods with ArrayMock in class: 0
Number of Methods with Collection in class: 0

 ====================================== 
** CLASS br.com.caelum.vraptor.deserialization.XStreamXmlDeserializerTest
Number of Methods with MustMock in class: 1
Number of Methods with ArrayMock in class: 0
Number of Methods with Collection in class: 0

 ====================================== 
** CLASS br.com.caelum.vraptor.scan.JavassistBootstrapGeneratorTest
Number of Methods with MustMock in class: 1
Number of Methods with ArrayMock in class: 0
Number of Methods with Collection in class: 0

 ====================================== 
** CLASS br.com.caelum.vraptor.view.DefaultPathResolverTest
Number of Methods with MustMock in class: 4
Number of Methods with ArrayMock in class: 0
Number of Methods with Collection in class: 0

 ====================================== 
** CLASS br.com.caelum.vraptor.validator.ValidatorAcceptanceTest
Number of Methods with MustMock in class: 1
Number of Methods with ArrayMock in class: 0
Number of Methods with Collection in class: 0

 ====================================== 
** CLASS br.com.caelum.vraptor.ioc.AbstractComponentRegistryTest
Number of Methods with MustMock in class: 2
Number of Methods with ArrayMock in class: 0
Number of Methods with Collection in class: 0

 ====================================== 
** CLASS br.com.caelum.vraptor.interceptor.ResourceLookupInterceptorTest
Number of Methods with MustMock in class: 4
Number of Methods with ArrayMock in class: 0
Number of Methods with Collection in class: 0

 ====================================== 
** CLASS br.com.caelum.vraptor.extra.ForwardToDefaultViewInterceptorTest
Number of Methods with MustMock in class: 3
Number of Methods with ArrayMock in class: 0
Number of Methods with Collection in class: 0

 ====================================== 
** CLASS br.com.caelum.vraptor.ioc.guice.SessionCustomScopeTest
Number of Methods with MustMock in class: 4
Number of Methods with ArrayMock in class: 1
Number of Methods with Collection in class: 0

 ====================================== 
** CLASS br.com.caelum.vraptor.restfulie.LinkConverterTest
Number of Methods with MustMock in class: 5
Number of Methods with ArrayMock in class: 2
Number of Methods with Collection in class: 0

 ====================================== 
** CLASS br.com.caelum.vraptor.interceptor.ParametersInstantiatorInterceptorTest
Number of Methods with MustMock in class: 10
Number of Methods with ArrayMock in class: 0
Number of Methods with Collection in class: 6

 ====================================== 
** CLASS br.com.caelum.vraptor.interceptor.download.FileDownloadTest
Number of Methods with MustMock in class: 4
Number of Methods with ArrayMock in class: 0
Number of Methods with Collection in class: 0

 ====================================== 
** CLASS br.com.caelum.vraptor.interceptor.DownloadInterceptorTest
Number of Methods with MustMock in class: 8
Number of Methods with ArrayMock in class: 2
Number of Methods with Collection in class: 0

 ====================================== 
** CLASS br.com.caelum.vraptor.deserialization.JsonDeserializerTest
Number of Methods with MustMock in class: 1
Number of Methods with ArrayMock in class: 0
Number of Methods with Collection in class: 0

 ====================================== 
** CLASS br.com.caelum.vraptor.converter.l10n.LocaleBasedBigDecimalConverterTest
Number of Methods with MustMock in class: 5
Number of Methods with ArrayMock in class: 0
Number of Methods with Collection in class: 0

 ====================================== 
** CLASS br.com.caelum.vraptor.deserialization.DeserializesHandlerTest
Number of Methods with MustMock in class: 2
Number of Methods with ArrayMock in class: 0
Number of Methods with Collection in class: 0

 ====================================== 
** CLASS br.com.caelum.vraptor.http.route.DefaultRouterTest
Number of Methods with MustMock in class: 8
Number of Methods with ArrayMock in class: 0
Number of Methods with Collection in class: 0

 ====================================== 
** CLASS br.com.caelum.vraptor.restfulie.headers.DefaultRestHeadersHandlerTest
Number of Methods with MustMock in class: 5
Number of Methods with ArrayMock in class: 0
Number of Methods with Collection in class: 0

 ====================================== 
** CLASS br.com.caelum.vraptor.interceptor.FlashInterceptorTest
Number of Methods with MustMock in class: 7
Number of Methods with ArrayMock in class: 1
Number of Methods with Collection in class: 0

 ====================================== 
** CLASS br.com.caelum.vraptor.restfulie.relation.DefaultRelationBuilderTest
Number of Methods with MustMock in class: 3
Number of Methods with ArrayMock in class: 0
Number of Methods with Collection in class: 0

 ====================================== 
** CLASS br.com.caelum.vraptor.serialization.xstream.XStreamXMLSerializationTest
Number of Methods with MustMock in class: 1
Number of Methods with ArrayMock in class: 0
Number of Methods with Collection in class: 0

 ====================================== 
** CLASS br.com.caelum.vraptor.http.route.DefaultTypeFinderTest
Number of Methods with MustMock in class: 2
Number of Methods with ArrayMock in class: 0
Number of Methods with Collection in class: 0

 ====================================== 
** CLASS br.com.caelum.vraptor.serialization.xstream.XStreamSerializerTest
Number of Methods with MustMock in class: 1
Number of Methods with ArrayMock in class: 0
Number of Methods with Collection in class: 0

 ====================================== 
** CLASS br.com.caelum.vraptor.http.route.DefaultParametersControlTest
Number of Methods with MustMock in class: 25
Number of Methods with ArrayMock in class: 0
Number of Methods with Collection in class: 0

 ====================================== 
** CLASS br.com.caelum.vraptor.converter.jodatime.LocaleBasedJodaTimeConverterTest
Number of Methods with MustMock in class: 3
Number of Methods with ArrayMock in class: 0
Number of Methods with Collection in class: 0

 ====================================== 
** CLASS br.com.caelum.vraptor.deserialization.gson.GsonDeserializerTest
Number of Methods with MustMock in class: 1
Number of Methods with ArrayMock in class: 0
Number of Methods with Collection in class: 0

 ====================================== 
** CLASS br.com.caelum.vraptor.interceptor.OutjectResultTest
Number of Methods with MustMock in class: 5
Number of Methods with ArrayMock in class: 0
Number of Methods with Collection in class: 0

 ====================================== 
** CLASS br.com.caelum.vraptor.validator.MethodValidatorTest
Number of Methods with MustMock in class: 4
Number of Methods with ArrayMock in class: 0
Number of Methods with Collection in class: 0

 ====================================== 
** CLASS br.com.caelum.vraptor.resource.DefaultMethodNotAllowedHandlerTest
Number of Methods with MustMock in class: 4
Number of Methods with ArrayMock in class: 0
Number of Methods with Collection in class: 0

 ====================================== 
** CLASS br.com.caelum.vraptor.converter.jodatime.LocalDateConverterTest
Number of Methods with MustMock in class: 5
Number of Methods with ArrayMock in class: 0
Number of Methods with Collection in class: 0

 ====================================== 
** CLASS br.com.caelum.vraptor.converter.jodatime.DateMidnightConverterTest
Number of Methods with MustMock in class: 5
Number of Methods with ArrayMock in class: 0
Number of Methods with Collection in class: 0

 ====================================== 
** CLASS br.com.caelum.vraptor.http.ognl.VRaptorConvertersAdapterTest
Number of Methods with MustMock in class: 4
Number of Methods with ArrayMock in class: 0
Number of Methods with Collection in class: 0

 ====================================== 
** CLASS br.com.caelum.vraptor.scan.DynamicWebAppBootstrapTest
Number of Methods with MustMock in class: 3
Number of Methods with ArrayMock in class: 0
Number of Methods with Collection in class: 0

 ====================================== 
** CLASS br.com.caelum.vraptor.serialization.gson.GsonJSONSerializationTest
Number of Methods with MustMock in class: 2
Number of Methods with ArrayMock in class: 0
Number of Methods with Collection in class: 0

 ====================================== 
** CLASS br.com.caelum.vraptor.core.DefaultConvertersTest
Number of Methods with MustMock in class: 5
Number of Methods with ArrayMock in class: 0
Number of Methods with Collection in class: 0

 ====================================== 
** CLASS br.com.caelum.vraptor.interceptor.ExceptionHandlerInterceptorTest
Number of Methods with MustMock in class: 3
Number of Methods with ArrayMock in class: 0
Number of Methods with Collection in class: 0

 ====================================== 
** CLASS br.com.caelum.vraptor.converter.jodatime.LocalTimeConverterTest
Number of Methods with MustMock in class: 3
Number of Methods with ArrayMock in class: 0
Number of Methods with Collection in class: 0

 ====================================== 
** CLASS br.com.caelum.vraptor.serialization.HTMLSerializationTest
Number of Methods with MustMock in class: 5
Number of Methods with ArrayMock in class: 0
Number of Methods with Collection in class: 0

 ====================================== 
** CLASS br.com.caelum.vraptor.converter.LocaleBasedCalendarConverterTest
Number of Methods with MustMock in class: 6
Number of Methods with ArrayMock in class: 0
Number of Methods with Collection in class: 0

 ====================================== 
** CLASS br.com.caelum.vraptor.converter.LocaleBasedTimeConverterTest
Number of Methods with MustMock in class: 6
Number of Methods with ArrayMock in class: 0
Number of Methods with Collection in class: 0

 ====================================== 
** CLASS br.com.caelum.vraptor.http.ognl.MiscOgnlSupportTest
Number of Methods with MustMock in class: 3
Number of Methods with ArrayMock in class: 0
Number of Methods with Collection in class: 0

 ====================================== 
** CLASS br.com.caelum.vraptor.view.DefaultRefererResultTest
Number of Methods with MustMock in class: 7
Number of Methods with ArrayMock in class: 0
Number of Methods with Collection in class: 0

 ====================================== 
** CLASS br.com.caelum.vraptor.config.BasicConfigurationTest
Number of Methods with MustMock in class: 17
Number of Methods with ArrayMock in class: 0
Number of Methods with Collection in class: 0

 ====================================== 
** CLASS br.com.caelum.vraptor.converter.jodatime.LocalDateTimeConverterTest
Number of Methods with MustMock in class: 5
Number of Methods with ArrayMock in class: 0
Number of Methods with Collection in class: 0

 ====================================== 
** CLASS br.com.caelum.vraptor.interceptor.InstantiateInterceptorTest
Number of Methods with MustMock in class: 2
Number of Methods with ArrayMock in class: 0
Number of Methods with Collection in class: 0

 ====================================== 
** CLASS br.com.caelum.vraptor.core.ToInstantiateInterceptorHandlerTest
Number of Methods with MustMock in class: 3
Number of Methods with ArrayMock in class: 0
Number of Methods with Collection in class: 0

 ====================================== 
** CLASS br.com.caelum.vraptor.scan.NullWebAppBootstrapTest
Number of Methods with MustMock in class: 1
Number of Methods with ArrayMock in class: 1
Number of Methods with Collection in class: 0

 ====================================== 
** CLASS br.com.caelum.vraptor.http.ognl.GenericNullHandlerTest
Number of Methods with MustMock in class: 6
Number of Methods with ArrayMock in class: 0
Number of Methods with Collection in class: 5

 ====================================== 
** CLASS br.com.caelum.vraptor.converter.jodatime.DateTimeConverterTest
Number of Methods with MustMock in class: 5
Number of Methods with ArrayMock in class: 0
Number of Methods with Collection in class: 0

 ====================================== 
** CLASS br.com.caelum.vraptor.interceptor.download.InputStreamDownloadTest
Number of Methods with MustMock in class: 3
Number of Methods with ArrayMock in class: 0
Number of Methods with Collection in class: 0

 ====================================== 
** CLASS br.com.caelum.vraptor.serialization.xstream.XStreamJSONSerializationTest
Number of Methods with MustMock in class: 2
Number of Methods with ArrayMock in class: 0
Number of Methods with Collection in class: 0

 ====================================== 
** CLASS br.com.caelum.vraptor.interceptor.download.ByteArrayDownloadTest
Number of Methods with MustMock in class: 3
Number of Methods with ArrayMock in class: 0
Number of Methods with Collection in class: 0

 ====================================== 
** CLASS br.com.caelum.vraptor.http.DefaultResourceTranslatorTest
Number of Methods with MustMock in class: 14
Number of Methods with ArrayMock in class: 0
Number of Methods with Collection in class: 0

 ====================================== 
** CLASS br.com.caelum.vraptor.http.ognl.ListAccessorTest
Number of Methods with MustMock in class: 4
Number of Methods with ArrayMock in class: 0
Number of Methods with Collection in class: 0

 ====================================== 
** CLASS br.com.caelum.vraptor.converter.l10n.LocaleBasedFloatConverterTest
Number of Methods with MustMock in class: 5
Number of Methods with ArrayMock in class: 0
Number of Methods with Collection in class: 0

 ====================================== 
** CLASS br.com.caelum.vraptor.ioc.pico.PicoComponentRegistryTest
Number of Methods with MustMock in class: 1
Number of Methods with ArrayMock in class: 0
Number of Methods with Collection in class: 0

 ====================================== 
** CLASS br.com.caelum.vraptor.converter.l10n.LocaleBasedPrimitiveDoubleConverterTest
Number of Methods with MustMock in class: 5
Number of Methods with ArrayMock in class: 0
Number of Methods with Collection in class: 0

 ====================================== 
** CLASS br.com.caelum.vraptor.http.DefaultFormatResolverTest
Number of Methods with MustMock in class: 6
Number of Methods with ArrayMock in class: 0
Number of Methods with Collection in class: 0

 ====================================== 
** CLASS br.com.caelum.vraptor.VRaptorTest
Number of Methods with MustMock in class: 4
Number of Methods with ArrayMock in class: 0
Number of Methods with Collection in class: 0

 ====================================== 
** CLASS br.com.caelum.vraptor.config.ApplicationConfigurationTest
Number of Methods with MustMock in class: 3
Number of Methods with ArrayMock in class: 0
Number of Methods with Collection in class: 0

 ====================================== 
** CLASS br.com.caelum.vraptor.http.iogi.IogiParametersProviderTest
Number of Methods with MustMock in class: 6
Number of Methods with ArrayMock in class: 0
Number of Methods with Collection in class: 0

 ====================================== 
** CLASS br.com.caelum.vraptor.http.WebXmlEncodingHandlerTest
Number of Methods with MustMock in class: 2
Number of Methods with ArrayMock in class: 0
Number of Methods with Collection in class: 0

 ====================================== 
** CLASS br.com.caelum.vraptor.deserialization.DefaultDeserializersTest
Number of Methods with MustMock in class: 5
Number of Methods with ArrayMock in class: 0
Number of Methods with Collection in class: 0

 ====================================== 
** CLASS br.com.caelum.vraptor.util.extjs.DefaultExtJsonTest
Number of Methods with MustMock in class: 1
Number of Methods with ArrayMock in class: 0
Number of Methods with Collection in class: 0

 ====================================== 
** CLASS br.com.caelum.vraptor.restfulie.LinkConverterJSONTest
Number of Methods with MustMock in class: 4
Number of Methods with ArrayMock in class: 2
Number of Methods with Collection in class: 0

 ====================================== 
** CLASS br.com.caelum.vraptor.validator.ReplicatorOutjectorTest
Number of Methods with MustMock in class: 2
Number of Methods with ArrayMock in class: 0
Number of Methods with Collection in class: 0

 ====================================== 
** CLASS br.com.caelum.vraptor.http.iogi.MiscIogiSupportTest
Number of Methods with MustMock in class: 2
Number of Methods with ArrayMock in class: 0
Number of Methods with Collection in class: 0

 ====================================== 
** CLASS br.com.caelum.vraptor.core.ExceptionRecorderTest
Number of Methods with MustMock in class: 2
Number of Methods with ArrayMock in class: 0
Number of Methods with Collection in class: 0

 ====================================== 
** CLASS br.com.caelum.vraptor.view.DefaultHttpResultTest
Number of Methods with MustMock in class: 13
Number of Methods with ArrayMock in class: 0
Number of Methods with Collection in class: 0

 ====================================== 
** CLASS br.com.caelum.vraptor.core.DefaultInterceptorStackTest
Number of Methods with MustMock in class: 3
Number of Methods with ArrayMock in class: 0
Number of Methods with Collection in class: 0

 ====================================== 
** CLASS br.com.caelum.vraptor.scan.WebBasedClasspathResolverTest
Number of Methods with MustMock in class: 1
Number of Methods with ArrayMock in class: 0
Number of Methods with Collection in class: 0

 ====================================== 
** CLASS br.com.caelum.vraptor.http.VRaptorRequestTest
Number of Methods with MustMock in class: 1
Number of Methods with ArrayMock in class: 0
Number of Methods with Collection in class: 0

 ====================================== 
** CLASS br.com.caelum.vraptor.ioc.spring.SpringProviderTest
Number of Methods with MustMock in class: 3
Number of Methods with ArrayMock in class: 0
Number of Methods with Collection in class: 0

 ====================================== 
** CLASS br.com.caelum.vraptor.http.ognl.ListNullHandlerTest
Number of Methods with MustMock in class: 3
Number of Methods with ArrayMock in class: 0
Number of Methods with Collection in class: 1

 ====================================== 
** CLASS br.com.caelum.vraptor.converter.l10n.LocaleBasedDoubleConverterTest
Number of Methods with MustMock in class: 5
Number of Methods with ArrayMock in class: 0
Number of Methods with Collection in class: 0

 ====================================== 
** CLASS br.com.caelum.vraptor.core.DefaultResultTest
Number of Methods with MustMock in class: 17
Number of Methods with ArrayMock in class: 0
Number of Methods with Collection in class: 0

 ====================================== 
** CLASS br.com.caelum.vraptor.interceptor.multipart.CommonsUploadMultipartInterceptorTest
Number of Methods with MustMock in class: 15
Number of Methods with ArrayMock in class: 0
Number of Methods with Collection in class: 0

 ====================================== 
** CLASS br.com.caelum.vraptor.scan.ScannotationComponentScannerTest
Number of Methods with MustMock in class: 4
Number of Methods with ArrayMock in class: 0
Number of Methods with Collection in class: 0

 ====================================== 
** CLASS br.com.caelum.vraptor.http.ognl.OgnlGenericTypesSupportTest
Number of Methods with MustMock in class: 1
Number of Methods with ArrayMock in class: 0
Number of Methods with Collection in class: 0

 ====================================== 
** CLASS br.com.caelum.vraptor.serialization.I18nMessageSerializationTest
Number of Methods with MustMock in class: 1
Number of Methods with ArrayMock in class: 0
Number of Methods with Collection in class: 0

 ====================================== 
** CLASS br.com.caelum.vraptor.view.DefaultValidationViewsFactoryTest
Number of Methods with MustMock in class: 21
Number of Methods with ArrayMock in class: 0
Number of Methods with Collection in class: 0

 ====================================== 
** CLASS br.com.caelum.vraptor.http.route.RouteBuilderTest
Number of Methods with MustMock in class: 1
Number of Methods with ArrayMock in class: 0
Number of Methods with Collection in class: 0

 ====================================== 
** CLASS br.com.caelum.vraptor.interceptor.DeserializingInterceptorTest
Number of Methods with MustMock in class: 9
Number of Methods with ArrayMock in class: 2
Number of Methods with Collection in class: 0

 ====================================== 
** CLASS br.com.caelum.vraptor.view.LinkToHandlerTest
Number of Methods with MustMock in class: 7
Number of Methods with ArrayMock in class: 0
Number of Methods with Collection in class: 0

 ====================================== 
** CLASS br.com.caelum.vraptor.core.LazyInterceptorHandlerTest
Number of Methods with MustMock in class: 5
Number of Methods with ArrayMock in class: 0
Number of Methods with Collection in class: 0

 ====================================== 
** CLASS br.com.caelum.vraptor.view.DefaultLogicResultTest
Number of Methods with MustMock in class: 13
Number of Methods with ArrayMock in class: 0
Number of Methods with Collection in class: 0

 ====================================== 
** CLASS br.com.caelum.vraptor.util.test.MockValidatorTest
Number of Methods with MustMock in class: 2
Number of Methods with ArrayMock in class: 2
Number of Methods with Collection in class: 0

 ====================================== 
** CLASS br.com.caelum.vraptor.view.DefaultStatusTest
Number of Methods with MustMock in class: 14
Number of Methods with ArrayMock in class: 0
Number of Methods with Collection in class: 0

 ====================================== 
** CLASS br.com.caelum.vraptor.converter.LocaleBasedDateConverterTest
Number of Methods with MustMock in class: 6
Number of Methods with ArrayMock in class: 0
Number of Methods with Collection in class: 0

 ====================================== 
** CLASS br.com.caelum.vraptor.view.DefaultPageResultTest
Number of Methods with MustMock in class: 15
Number of Methods with ArrayMock in class: 0
Number of Methods with Collection in class: 0

 ====================================== 
** CLASS br.com.caelum.vraptor.serialization.DefaultRepresentationResultTest
Number of Methods with MustMock in class: 8
Number of Methods with ArrayMock in class: 1
Number of Methods with Collection in class: 0

 ====================================== 
** CLASS br.com.caelum.vraptor.validator.DefaultValidatorTest
Number of Methods with MustMock in class: 11
Number of Methods with ArrayMock in class: 1
Number of Methods with Collection in class: 0

 ====================================== 
Benchmark vraptor_vraptor_core_3.5.5 Mock Stats
Total Number of Test/Before/After Methods: 1120
Total Number of Test/Before/After Methods with MustMock: 526
Total Number of Test/Before/After Methods with ArrayMock in class: 15
Total Number of Test/Before/After Methods with Collection in class: 12

 ====================================== 
 INVOCATION STATISTICS 

Benchmark Overall Stats 
Total Invocations: 5529
Invocations On Mocks: 827

