Starting a Gradle Daemon, 1 busy Daemon could not be reused, use --status for details
> Task :generators:code-processor:generateGrammarSource UP-TO-DATE
> Task :generators:code-processor:compileJava UP-TO-DATE
> Task :generators:code-processor:compileGroovy UP-TO-DATE
> Task :generators:code-processor:processResources NO-SOURCE
> Task :generators:code-processor:classes UP-TO-DATE
> Task :generators:code-processor:jar UP-TO-DATE
> Task :generators:fact-generator-common:compileJava UP-TO-DATE
> Task :generators:fact-generator-common:processResources NO-SOURCE
> Task :generators:fact-generator-common:classes UP-TO-DATE
> Task :generators:fact-generator-common:shadowJar UP-TO-DATE
> Task :compileJava UP-TO-DATE
> Task :compileGroovy UP-TO-DATE
> Task :resolveApktool
> Task :generators:dex-fact-generator:compileJava UP-TO-DATE
> Task :generators:dex-fact-generator:processResources NO-SOURCE
> Task :generators:dex-fact-generator:classes UP-TO-DATE
> Task :generators:dex-fact-generator:fatJar UP-TO-DATE
> Task :generators:dex-fact-generator:installJar UP-TO-DATE
> Task :generators:soot-fact-generator:compileJava UP-TO-DATE
> Task :generators:soot-fact-generator:compileGroovy NO-SOURCE
> Task :generators:soot-fact-generator:processResources NO-SOURCE
> Task :generators:soot-fact-generator:classes UP-TO-DATE
> Task :generators:soot-fact-generator:fatJar UP-TO-DATE
> Task :generators:soot-fact-generator:installJar UP-TO-DATE
> Task :generators:wala-fact-generator:compileJava UP-TO-DATE
> Task :generators:wala-fact-generator:processResources UP-TO-DATE
> Task :generators:wala-fact-generator:classes UP-TO-DATE
> Task :generators:wala-fact-generator:fatJar UP-TO-DATE
> Task :generators:wala-fact-generator:installJar UP-TO-DATE
> Task :resourceInstaller
> Task :processResources UP-TO-DATE
> Task :classes UP-TO-DATE
> Task :writeGitCommitHash UP-TO-DATE

> Task :run
WARNING: Default statistics are not compatible with analysis 'basic-only', disabling statistics logic.
Main class(es) expanded with [io.bootique.RootDriver]
WARNING: Handling of Java reflection is disabled!
New basic-only analysis
Id       : bootique-basic-NORMAL
Inputs   : /u/q8liang/Benchmarks/bootique-2.0.B1/bootique/target/bootique-2.0.B1.jar, /u/q8liang/Benchmarks/bootique-2.0.B1/bootique/target/bootique-2.0.B1-tests.jar, /u/q8liang/Benchmarks/bootique-2.0.B1/bootique/mvn_dependencies/apiguardian-api-1.1.0.jar, /u/q8liang/Benchmarks/bootique-2.0.B1/bootique/mvn_dependencies/bootique-di-2.0.B1.jar, /u/q8liang/Benchmarks/bootique-2.0.B1/bootique/mvn_dependencies/byte-buddy-1.10.20.jar, /u/q8liang/Benchmarks/bootique-2.0.B1/bootique/mvn_dependencies/byte-buddy-agent-1.10.20.jar, /u/q8liang/Benchmarks/bootique-2.0.B1/bootique/mvn_dependencies/jackson-annotations-2.12.3.jar, /u/q8liang/Benchmarks/bootique-2.0.B1/bootique/mvn_dependencies/jackson-core-2.12.3.jar, /u/q8liang/Benchmarks/bootique-2.0.B1/bootique/mvn_dependencies/jackson-databind-2.12.3.jar, /u/q8liang/Benchmarks/bootique-2.0.B1/bootique/mvn_dependencies/jackson-dataformat-yaml-2.12.3.jar, /u/q8liang/Benchmarks/bootique-2.0.B1/bootique/mvn_dependencies/javax.inject-1.jar, /u/q8liang/Benchmarks/bootique-2.0.B1/bootique/mvn_dependencies/javax.servlet-api-3.1.0.jar, /u/q8liang/Benchmarks/bootique-2.0.B1/bootique/mvn_dependencies/jetty-http-9.4.40.v20210413.jar, /u/q8liang/Benchmarks/bootique-2.0.B1/bootique/mvn_dependencies/jetty-io-9.4.40.v20210413.jar, /u/q8liang/Benchmarks/bootique-2.0.B1/bootique/mvn_dependencies/jetty-security-9.4.40.v20210413.jar, /u/q8liang/Benchmarks/bootique-2.0.B1/bootique/mvn_dependencies/jetty-server-9.4.40.v20210413.jar, /u/q8liang/Benchmarks/bootique-2.0.B1/bootique/mvn_dependencies/jetty-servlet-9.4.40.v20210413.jar, /u/q8liang/Benchmarks/bootique-2.0.B1/bootique/mvn_dependencies/jetty-util-9.4.40.v20210413.jar, /u/q8liang/Benchmarks/bootique-2.0.B1/bootique/mvn_dependencies/jetty-util-ajax-9.4.40.v20210413.jar, /u/q8liang/Benchmarks/bootique-2.0.B1/bootique/mvn_dependencies/jopt-simple-5.0.3.jar, /u/q8liang/Benchmarks/bootique-2.0.B1/bootique/mvn_dependencies/junit-jupiter-api-5.7.1.jar, /u/q8liang/Benchmarks/bootique-2.0.B1/bootique/mvn_dependencies/junit-jupiter-engine-5.7.1.jar, /u/q8liang/Benchmarks/bootique-2.0.B1/bootique/mvn_dependencies/junit-platform-commons-1.7.1.jar, /u/q8liang/Benchmarks/bootique-2.0.B1/bootique/mvn_dependencies/junit-platform-engine-1.7.1.jar, /u/q8liang/Benchmarks/bootique-2.0.B1/bootique/mvn_dependencies/mockito-core-3.9.0.jar, /u/q8liang/Benchmarks/bootique-2.0.B1/bootique/mvn_dependencies/objenesis-3.2.jar, /u/q8liang/Benchmarks/bootique-2.0.B1/bootique/mvn_dependencies/opentest4j-1.2.0.jar, /u/q8liang/Benchmarks/bootique-2.0.B1/bootique/mvn_dependencies/slf4j-api-1.7.25.jar, /u/q8liang/Benchmarks/bootique-2.0.B1/bootique/mvn_dependencies/slf4j-simple-1.7.25.jar, /u/q8liang/Benchmarks/bootique-2.0.B1/bootique/mvn_dependencies/snakeyaml-1.27.jar
Libraries: 
Using a timeout of 90 min.
Adding extra logic file /u/q8liang/doop/souffle-logic/analyses/mocks/mocks.dl
[Task FACTS...]
[Task COMPILE...]
-- Fact Generation --
Compiling Datalog...
SOOT_FACT_GEN: Logging initialized, using directory: /u/q8liang/doop/build/logs
SOOT_FACT_GEN: SLF4J: Failed to load class "org.slf4j.impl.StaticLoggerBinder".
SOOT_FACT_GEN: SLF4J: Defaulting to no-operation (NOP) logger implementation
SOOT_FACT_GEN: SLF4J: See http://www.slf4j.org/codes.html#StaticLoggerBinder for further details.
SOOT_FACT_GEN: Preprocessing application: /u/q8liang/Benchmarks/bootique-2.0.B1/bootique/target/bootique-2.0.B1.jar
SOOT_FACT_GEN: Preprocessing application: /u/q8liang/Benchmarks/bootique-2.0.B1/bootique/target/bootique-2.0.B1-tests.jar
SOOT_FACT_GEN: Preprocessing application: /u/q8liang/Benchmarks/bootique-2.0.B1/bootique/mvn_dependencies/apiguardian-api-1.1.0.jar
SOOT_FACT_GEN: Preprocessing application: /u/q8liang/Benchmarks/bootique-2.0.B1/bootique/mvn_dependencies/bootique-di-2.0.B1.jar
SOOT_FACT_GEN: Preprocessing application: /u/q8liang/Benchmarks/bootique-2.0.B1/bootique/mvn_dependencies/byte-buddy-1.10.20.jar
SOOT_FACT_GEN: Preprocessing application: /u/q8liang/Benchmarks/bootique-2.0.B1/bootique/mvn_dependencies/byte-buddy-agent-1.10.20.jar
SOOT_FACT_GEN: Preprocessing application: /u/q8liang/Benchmarks/bootique-2.0.B1/bootique/mvn_dependencies/jackson-annotations-2.12.3.jar
SOOT_FACT_GEN: Preprocessing application: /u/q8liang/Benchmarks/bootique-2.0.B1/bootique/mvn_dependencies/jackson-core-2.12.3.jar
SOOT_FACT_GEN: Preprocessing application: /u/q8liang/Benchmarks/bootique-2.0.B1/bootique/mvn_dependencies/jackson-databind-2.12.3.jar
SOOT_FACT_GEN: Preprocessing application: /u/q8liang/Benchmarks/bootique-2.0.B1/bootique/mvn_dependencies/jackson-dataformat-yaml-2.12.3.jar
SOOT_FACT_GEN: Preprocessing application: /u/q8liang/Benchmarks/bootique-2.0.B1/bootique/mvn_dependencies/javax.inject-1.jar
SOOT_FACT_GEN: Preprocessing application: /u/q8liang/Benchmarks/bootique-2.0.B1/bootique/mvn_dependencies/javax.servlet-api-3.1.0.jar
SOOT_FACT_GEN: Preprocessing application: /u/q8liang/Benchmarks/bootique-2.0.B1/bootique/mvn_dependencies/jetty-http-9.4.40.v20210413.jar
SOOT_FACT_GEN: Preprocessing application: /u/q8liang/Benchmarks/bootique-2.0.B1/bootique/mvn_dependencies/jetty-io-9.4.40.v20210413.jar
SOOT_FACT_GEN: Preprocessing application: /u/q8liang/Benchmarks/bootique-2.0.B1/bootique/mvn_dependencies/jetty-security-9.4.40.v20210413.jar
SOOT_FACT_GEN: Preprocessing application: /u/q8liang/Benchmarks/bootique-2.0.B1/bootique/mvn_dependencies/jetty-server-9.4.40.v20210413.jar
SOOT_FACT_GEN: Preprocessing application: /u/q8liang/Benchmarks/bootique-2.0.B1/bootique/mvn_dependencies/jetty-servlet-9.4.40.v20210413.jar
SOOT_FACT_GEN: Preprocessing application: /u/q8liang/Benchmarks/bootique-2.0.B1/bootique/mvn_dependencies/jetty-util-9.4.40.v20210413.jar
SOOT_FACT_GEN: Preprocessing application: /u/q8liang/Benchmarks/bootique-2.0.B1/bootique/mvn_dependencies/jetty-util-ajax-9.4.40.v20210413.jar
SOOT_FACT_GEN: Preprocessing application: /u/q8liang/Benchmarks/bootique-2.0.B1/bootique/mvn_dependencies/jopt-simple-5.0.3.jar
SOOT_FACT_GEN: Preprocessing application: /u/q8liang/Benchmarks/bootique-2.0.B1/bootique/mvn_dependencies/junit-jupiter-api-5.7.1.jar
SOOT_FACT_GEN: Preprocessing application: /u/q8liang/Benchmarks/bootique-2.0.B1/bootique/mvn_dependencies/junit-jupiter-engine-5.7.1.jar
SOOT_FACT_GEN: Preprocessing application: /u/q8liang/Benchmarks/bootique-2.0.B1/bootique/mvn_dependencies/junit-platform-commons-1.7.1.jar
SOOT_FACT_GEN: Preprocessing application: /u/q8liang/Benchmarks/bootique-2.0.B1/bootique/mvn_dependencies/junit-platform-engine-1.7.1.jar
SOOT_FACT_GEN: Preprocessing application: /u/q8liang/Benchmarks/bootique-2.0.B1/bootique/mvn_dependencies/mockito-core-3.9.0.jar
SOOT_FACT_GEN: Preprocessing application: /u/q8liang/Benchmarks/bootique-2.0.B1/bootique/mvn_dependencies/objenesis-3.2.jar
SOOT_FACT_GEN: Preprocessing application: /u/q8liang/Benchmarks/bootique-2.0.B1/bootique/mvn_dependencies/opentest4j-1.2.0.jar
SOOT_FACT_GEN: Preprocessing application: /u/q8liang/Benchmarks/bootique-2.0.B1/bootique/mvn_dependencies/slf4j-api-1.7.25.jar
SOOT_FACT_GEN: Preprocessing application: /u/q8liang/Benchmarks/bootique-2.0.B1/bootique/mvn_dependencies/slf4j-simple-1.7.25.jar
SOOT_FACT_GEN: Preprocessing application: /u/q8liang/Benchmarks/bootique-2.0.B1/bootique/mvn_dependencies/snakeyaml-1.27.jar
SOOT_FACT_GEN: Preprocessing platform library: /u/q8liang/doop/build/tmp/rt_3993517009591718412.jar
SOOT_FACT_GEN: Preprocessing platform library: /u/q8liang/doop/build/tmp/jce_618778485267158012.jar
SOOT_FACT_GEN: Preprocessing platform library: /u/q8liang/doop/build/tmp/jsse_4670575469028584091.jar
SOOT_FACT_GEN: Adding archive: /u/q8liang/Benchmarks/bootique-2.0.B1/bootique/target/bootique-2.0.B1.jar
SOOT_FACT_GEN: Adding archive: /u/q8liang/Benchmarks/bootique-2.0.B1/bootique/target/bootique-2.0.B1-tests.jar
SOOT_FACT_GEN: Adding archive: /u/q8liang/Benchmarks/bootique-2.0.B1/bootique/mvn_dependencies/apiguardian-api-1.1.0.jar
SOOT_FACT_GEN: Adding archive: /u/q8liang/Benchmarks/bootique-2.0.B1/bootique/mvn_dependencies/bootique-di-2.0.B1.jar
SOOT_FACT_GEN: Adding archive: /u/q8liang/Benchmarks/bootique-2.0.B1/bootique/mvn_dependencies/byte-buddy-1.10.20.jar
SOOT_FACT_GEN: Adding archive: /u/q8liang/Benchmarks/bootique-2.0.B1/bootique/mvn_dependencies/byte-buddy-agent-1.10.20.jar
SOOT_FACT_GEN: Adding archive: /u/q8liang/Benchmarks/bootique-2.0.B1/bootique/mvn_dependencies/jackson-annotations-2.12.3.jar
SOOT_FACT_GEN: Adding archive: /u/q8liang/Benchmarks/bootique-2.0.B1/bootique/mvn_dependencies/jackson-core-2.12.3.jar
SOOT_FACT_GEN: Adding archive: /u/q8liang/Benchmarks/bootique-2.0.B1/bootique/mvn_dependencies/jackson-databind-2.12.3.jar
SOOT_FACT_GEN: Adding archive: /u/q8liang/Benchmarks/bootique-2.0.B1/bootique/mvn_dependencies/jackson-dataformat-yaml-2.12.3.jar
SOOT_FACT_GEN: Adding archive: /u/q8liang/Benchmarks/bootique-2.0.B1/bootique/mvn_dependencies/javax.inject-1.jar
SOOT_FACT_GEN: Adding archive: /u/q8liang/Benchmarks/bootique-2.0.B1/bootique/mvn_dependencies/javax.servlet-api-3.1.0.jar
SOOT_FACT_GEN: Adding archive: /u/q8liang/Benchmarks/bootique-2.0.B1/bootique/mvn_dependencies/jetty-http-9.4.40.v20210413.jar
SOOT_FACT_GEN: Adding archive: /u/q8liang/Benchmarks/bootique-2.0.B1/bootique/mvn_dependencies/jetty-io-9.4.40.v20210413.jar
SOOT_FACT_GEN: Adding archive: /u/q8liang/Benchmarks/bootique-2.0.B1/bootique/mvn_dependencies/jetty-security-9.4.40.v20210413.jar
SOOT_FACT_GEN: Adding archive: /u/q8liang/Benchmarks/bootique-2.0.B1/bootique/mvn_dependencies/jetty-server-9.4.40.v20210413.jar
SOOT_FACT_GEN: Adding archive: /u/q8liang/Benchmarks/bootique-2.0.B1/bootique/mvn_dependencies/jetty-servlet-9.4.40.v20210413.jar
SOOT_FACT_GEN: Adding archive: /u/q8liang/Benchmarks/bootique-2.0.B1/bootique/mvn_dependencies/jetty-util-9.4.40.v20210413.jar
SOOT_FACT_GEN: Adding archive: /u/q8liang/Benchmarks/bootique-2.0.B1/bootique/mvn_dependencies/jetty-util-ajax-9.4.40.v20210413.jar
SOOT_FACT_GEN: Adding archive: /u/q8liang/Benchmarks/bootique-2.0.B1/bootique/mvn_dependencies/jopt-simple-5.0.3.jar
SOOT_FACT_GEN: Adding archive: /u/q8liang/Benchmarks/bootique-2.0.B1/bootique/mvn_dependencies/junit-jupiter-api-5.7.1.jar
SOOT_FACT_GEN: Adding archive: /u/q8liang/Benchmarks/bootique-2.0.B1/bootique/mvn_dependencies/junit-jupiter-engine-5.7.1.jar
SOOT_FACT_GEN: Adding archive: /u/q8liang/Benchmarks/bootique-2.0.B1/bootique/mvn_dependencies/junit-platform-commons-1.7.1.jar
SOOT_FACT_GEN: Adding archive: /u/q8liang/Benchmarks/bootique-2.0.B1/bootique/mvn_dependencies/junit-platform-engine-1.7.1.jar
SOOT_FACT_GEN: Adding archive: /u/q8liang/Benchmarks/bootique-2.0.B1/bootique/mvn_dependencies/mockito-core-3.9.0.jar
SOOT_FACT_GEN: Adding archive: /u/q8liang/Benchmarks/bootique-2.0.B1/bootique/mvn_dependencies/objenesis-3.2.jar
SOOT_FACT_GEN: Adding archive: /u/q8liang/Benchmarks/bootique-2.0.B1/bootique/mvn_dependencies/opentest4j-1.2.0.jar
SOOT_FACT_GEN: Adding archive: /u/q8liang/Benchmarks/bootique-2.0.B1/bootique/mvn_dependencies/slf4j-api-1.7.25.jar
SOOT_FACT_GEN: Adding archive: /u/q8liang/Benchmarks/bootique-2.0.B1/bootique/mvn_dependencies/slf4j-simple-1.7.25.jar
SOOT_FACT_GEN: Adding archive: /u/q8liang/Benchmarks/bootique-2.0.B1/bootique/mvn_dependencies/snakeyaml-1.27.jar
SOOT_FACT_GEN: Adding archive for resolving: /u/q8liang/doop/build/tmp/rt_3993517009591718412.jar
SOOT_FACT_GEN: Adding archive for resolving: /u/q8liang/doop/build/tmp/jce_618778485267158012.jar
SOOT_FACT_GEN: Adding archive for resolving: /u/q8liang/doop/build/tmp/jsse_4670575469028584091.jar
SOOT_FACT_GEN: Classes in input (application) jar(s): 6521
SOOT_FACT_GEN: Total classes in Scene: 14310
Warning: No rules/facts defined for relation isValue in file gen_6696938330800653454.dl at line 68
Warning: No rules/facts defined for relation isOpaqueMethod in file gen_6696938330800653454.dl at line 272
Warning: Deprecated type declaration used in file gen_6696938330800653454.dl at line 1461
.number_type Partition
^----------------------
Analysis compilation time (sec): 82
Caching analysis executable 6d4ed448834698a04ea72950435635152d0b1d8a488d93285958a28a2b5d687a in /u/q8liang/doop/cache/souffle-analyses/basic-only
[Task COMPILE Done]
SOOT_FACT_GEN: Retrieved all bodies (time: 68)
SOOT_FACT_GEN: Fact generation cores: 32
SOOT_FACT_GEN: WARNING: some classes were not resolved, consider using thorough fact generation or adding them manually via --also-resolve: [java.lang.Boolean[], java.beans.Customizer, javax.sound.sampled.Port, java.lang.Character[], java.awt.dnd.MouseDragGestureRecognizer, java.lang.Long[], com.sun.beans.editors.BooleanEditor, byte[], int[], com.sun.management.GarbageCollectorMXBean, com.sun.beans.editors.LongEditor, java.lang.Integer[], double[], java.lang.Byte[], java.lang.String[], com.sun.beans.editors.ShortEditor, org.hamcrest.BaseMatcher, char[], java.util.concurrent.ConcurrentSkipListMap, sun.util.locale.provider.HostLocaleProviderAdapterImpl, float[], boolean[], com.sun.beans.editors.DoubleEditor, com.sun.beans.editors.ByteEditor, com.sun.beans.editors.FloatEditor, java.lang.Float[], com.sun.beans.editors.IntegerEditor, short[], long[], org.junit.Test, java.util.concurrent.ConcurrentNavigableMap, java.lang.Double[], java.lang.Short[]]
SOOT_FACT_GEN: Found 516 phantom references. Rerun with '--report-phantoms' for more details.
SOOT_FACT_GEN: Methods without active bodies encountered (and reset): 0
Soot fact generation time: 116
Caching facts in /u/q8liang/doop/cache/863408cb0c2ce31803ff2580601328a8f6d3e3273e1265a8282f743d314cc576
Copying /u/q8liang/doop/out/bootique-basic-NORMAL/database to /u/q8liang/doop/cache/863408cb0c2ce31803ff2580601328a8f6d3e3273e1265a8282f743d314cc576...
----
[Task FACTS Done]
Using /usr/bin/time to gather performance statistics...
Running analysis
Runtime info monitored in /u/q8liang/doop/out/bootique-basic-NORMAL/monitoring.txt (& /u/q8liang/doop/out/bootique-basic-NORMAL/monitoring.latest.txt)
825.13user 18.56system 14:06.64elapsed 99%CPU (0avgtext+0avgdata 2049444maxresident)k
0inputs+16873648outputs (0major+6016769minor)pagefaults 0swaps
Analysis execution time (sec): 846
-- Runtime metrics --
analysis compilation time (sec)                                                  82
analysis execution time (sec)                                                    846
disk footprint (KB)                                                              10,335,493
fact generation time (sec)                                                       116
Making database available at /u/q8liang/doop/results/bootique-2.0.B1/basic-only/java_8/bootique-basic-NORMAL
Making database available at /u/q8liang/doop/last-analysis

Deprecated Gradle features were used in this build, making it incompatible with Gradle 7.0.
Use '--warning-mode all' to show the individual deprecation warnings.
See https://docs.gradle.org/6.7/userguide/command_line_interface.html#sec:command_line_warnings

BUILD SUCCESSFUL in 16m 22s
21 actionable tasks: 2 executed, 19 up-to-date
