> Task :generators:code-processor:generateGrammarSource UP-TO-DATE
> Task :generators:code-processor:compileJava UP-TO-DATE
> Task :generators:code-processor:compileGroovy UP-TO-DATE
> Task :generators:code-processor:processResources NO-SOURCE
> Task :generators:code-processor:classes UP-TO-DATE
> Task :generators:code-processor:jar UP-TO-DATE
> Task :generators:fact-generator-common:compileJava UP-TO-DATE
> Task :generators:fact-generator-common:processResources NO-SOURCE
> Task :generators:fact-generator-common:classes UP-TO-DATE
> Task :generators:fact-generator-common:shadowJar UP-TO-DATE
> Task :compileJava UP-TO-DATE
> Task :compileGroovy UP-TO-DATE
> Task :resolveApktool
> Task :generators:dex-fact-generator:compileJava UP-TO-DATE
> Task :generators:dex-fact-generator:processResources NO-SOURCE
> Task :generators:dex-fact-generator:classes UP-TO-DATE
> Task :generators:dex-fact-generator:fatJar UP-TO-DATE
> Task :generators:dex-fact-generator:installJar UP-TO-DATE
> Task :generators:soot-fact-generator:compileJava UP-TO-DATE
> Task :generators:soot-fact-generator:compileGroovy NO-SOURCE
> Task :generators:soot-fact-generator:processResources NO-SOURCE
> Task :generators:soot-fact-generator:classes UP-TO-DATE
> Task :generators:soot-fact-generator:fatJar UP-TO-DATE
> Task :generators:soot-fact-generator:installJar UP-TO-DATE
> Task :generators:wala-fact-generator:compileJava UP-TO-DATE
> Task :generators:wala-fact-generator:processResources UP-TO-DATE
> Task :generators:wala-fact-generator:classes UP-TO-DATE
> Task :generators:wala-fact-generator:fatJar UP-TO-DATE
> Task :generators:wala-fact-generator:installJar UP-TO-DATE
> Task :resourceInstaller
> Task :processResources UP-TO-DATE
> Task :classes UP-TO-DATE
> Task :writeGitCommitHash UP-TO-DATE

> Task :run
Main class(es) expanded with [org.apache.ibatis.RootDriver]
WARNING: Handling of Java reflection is disabled!
New context-insensitive analysis
Id       : mybatis-no-mock
Inputs   : /u/q8liang/Benchmarks/mybatis-3-mybatis-3.5.6/target/mybatis-3.5.6.jar, /u/q8liang/Benchmarks/mybatis-3-mybatis-3.5.6/target/mybatis-3.5.6-tests.jar, /u/q8liang/Benchmarks/mybatis-3-mybatis-3.5.6/mvn_dependencies/annotations-19.0.0.jar, /u/q8liang/Benchmarks/mybatis-3-mybatis-3.5.6/mvn_dependencies/apiguardian-api-1.1.0.jar, /u/q8liang/Benchmarks/mybatis-3-mybatis-3.5.6/mvn_dependencies/asm-7.1.jar, /u/q8liang/Benchmarks/mybatis-3-mybatis-3.5.6/mvn_dependencies/assertj-core-3.17.2.jar, /u/q8liang/Benchmarks/mybatis-3-mybatis-3.5.6/mvn_dependencies/byte-buddy-1.10.15.jar, /u/q8liang/Benchmarks/mybatis-3-mybatis-3.5.6/mvn_dependencies/byte-buddy-agent-1.10.15.jar, /u/q8liang/Benchmarks/mybatis-3-mybatis-3.5.6/mvn_dependencies/catch-exception-2.0.jar, /u/q8liang/Benchmarks/mybatis-3-mybatis-3.5.6/mvn_dependencies/cglib-3.3.0.jar, /u/q8liang/Benchmarks/mybatis-3-mybatis-3.5.6/mvn_dependencies/checker-qual-3.5.0.jar, /u/q8liang/Benchmarks/mybatis-3-mybatis-3.5.6/mvn_dependencies/commons-compress-1.20.jar, /u/q8liang/Benchmarks/mybatis-3-mybatis-3.5.6/mvn_dependencies/commons-lang3-3.9.jar, /u/q8liang/Benchmarks/mybatis-3-mybatis-3.5.6/mvn_dependencies/commons-logging-1.2.jar, /u/q8liang/Benchmarks/mybatis-3-mybatis-3.5.6/mvn_dependencies/database-commons-1.14.3.jar, /u/q8liang/Benchmarks/mybatis-3-mybatis-3.5.6/mvn_dependencies/derby-10.14.2.0.jar, /u/q8liang/Benchmarks/mybatis-3-mybatis-3.5.6/mvn_dependencies/duct-tape-1.0.8.jar, /u/q8liang/Benchmarks/mybatis-3-mybatis-3.5.6/mvn_dependencies/h2-1.4.200.jar, /u/q8liang/Benchmarks/mybatis-3-mybatis-3.5.6/mvn_dependencies/hamcrest-core-1.3.jar, /u/q8liang/Benchmarks/mybatis-3-mybatis-3.5.6/mvn_dependencies/hsqldb-2.5.1.jar, /u/q8liang/Benchmarks/mybatis-3-mybatis-3.5.6/mvn_dependencies/javassist-3.27.0-GA.jar, /u/q8liang/Benchmarks/mybatis-3-mybatis-3.5.6/mvn_dependencies/jdbc-1.14.3.jar, /u/q8liang/Benchmarks/mybatis-3-mybatis-3.5.6/mvn_dependencies/jna-5.5.0.jar, /u/q8liang/Benchmarks/mybatis-3-mybatis-3.5.6/mvn_dependencies/jna-platform-5.5.0.jar, /u/q8liang/Benchmarks/mybatis-3-mybatis-3.5.6/mvn_dependencies/junit-4.12.jar, /u/q8liang/Benchmarks/mybatis-3-mybatis-3.5.6/mvn_dependencies/junit-jupiter-1.14.3.jar, /u/q8liang/Benchmarks/mybatis-3-mybatis-3.5.6/mvn_dependencies/junit-jupiter-api-5.7.0.jar, /u/q8liang/Benchmarks/mybatis-3-mybatis-3.5.6/mvn_dependencies/junit-jupiter-engine-5.7.0.jar, /u/q8liang/Benchmarks/mybatis-3-mybatis-3.5.6/mvn_dependencies/junit-platform-commons-1.7.0.jar, /u/q8liang/Benchmarks/mybatis-3-mybatis-3.5.6/mvn_dependencies/junit-platform-engine-1.7.0.jar, /u/q8liang/Benchmarks/mybatis-3-mybatis-3.5.6/mvn_dependencies/junixsocket-common-2.0.4.jar, /u/q8liang/Benchmarks/mybatis-3-mybatis-3.5.6/mvn_dependencies/junixsocket-native-common-2.0.4.jar, /u/q8liang/Benchmarks/mybatis-3-mybatis-3.5.6/mvn_dependencies/log4j-1.2.17.jar, /u/q8liang/Benchmarks/mybatis-3-mybatis-3.5.6/mvn_dependencies/log4j-api-2.13.3.jar, /u/q8liang/Benchmarks/mybatis-3-mybatis-3.5.6/mvn_dependencies/log4j-core-2.13.3.jar, /u/q8liang/Benchmarks/mybatis-3-mybatis-3.5.6/mvn_dependencies/mockito-core-3.5.13.jar, /u/q8liang/Benchmarks/mybatis-3-mybatis-3.5.6/mvn_dependencies/mockito-junit-jupiter-3.5.13.jar, /u/q8liang/Benchmarks/mybatis-3-mybatis-3.5.6/mvn_dependencies/mysql-1.14.3.jar, /u/q8liang/Benchmarks/mybatis-3-mybatis-3.5.6/mvn_dependencies/mysql-connector-java-8.0.21.jar, /u/q8liang/Benchmarks/mybatis-3-mybatis-3.5.6/mvn_dependencies/native-lib-loader-2.0.2.jar, /u/q8liang/Benchmarks/mybatis-3-mybatis-3.5.6/mvn_dependencies/objenesis-3.1.jar, /u/q8liang/Benchmarks/mybatis-3-mybatis-3.5.6/mvn_dependencies/ognl-3.2.15.jar, /u/q8liang/Benchmarks/mybatis-3-mybatis-3.5.6/mvn_dependencies/opentest4j-1.2.0.jar, /u/q8liang/Benchmarks/mybatis-3-mybatis-3.5.6/mvn_dependencies/postgresql-1.14.3.jar, /u/q8liang/Benchmarks/mybatis-3-mybatis-3.5.6/mvn_dependencies/postgresql-42.2.16.jar, /u/q8liang/Benchmarks/mybatis-3-mybatis-3.5.6/mvn_dependencies/protobuf-java-3.11.4.jar, /u/q8liang/Benchmarks/mybatis-3-mybatis-3.5.6/mvn_dependencies/slf4j-api-1.7.30.jar, /u/q8liang/Benchmarks/mybatis-3-mybatis-3.5.6/mvn_dependencies/slf4j-log4j12-1.7.30.jar, /u/q8liang/Benchmarks/mybatis-3-mybatis-3.5.6/mvn_dependencies/tcp-unix-socket-proxy-1.0.2.jar, /u/q8liang/Benchmarks/mybatis-3-mybatis-3.5.6/mvn_dependencies/testcontainers-1.14.3.jar, /u/q8liang/Benchmarks/mybatis-3-mybatis-3.5.6/mvn_dependencies/velocity-engine-core-2.2.jar, /u/q8liang/Benchmarks/mybatis-3-mybatis-3.5.6/mvn_dependencies/visible-assertions-2.1.2.jar
Libraries: 
Using a timeout of 90 min.
[Task COMPILE...]
[Task FACTS...]
-- Fact Generation --
Using cached analysis executable /u/q8liang/doop/cache/souffle-analyses/context-insensitive/1a15a84783f936e4c62cb5c6e3a6ac8a0ff5a3068aa73881c0eb16dc0fbe930b
[Task COMPILE Done]
SOOT_FACT_GEN: Logging initialized, using directory: /u/q8liang/doop/build/logs
SOOT_FACT_GEN: SLF4J: Failed to load class "org.slf4j.impl.StaticLoggerBinder".
SOOT_FACT_GEN: SLF4J: Defaulting to no-operation (NOP) logger implementation
SOOT_FACT_GEN: SLF4J: See http://www.slf4j.org/codes.html#StaticLoggerBinder for further details.
SOOT_FACT_GEN: Preprocessing application: /u/q8liang/Benchmarks/mybatis-3-mybatis-3.5.6/target/mybatis-3.5.6.jar
SOOT_FACT_GEN: Preprocessing application: /u/q8liang/Benchmarks/mybatis-3-mybatis-3.5.6/target/mybatis-3.5.6-tests.jar
SOOT_FACT_GEN: Preprocessing application: /u/q8liang/Benchmarks/mybatis-3-mybatis-3.5.6/mvn_dependencies/annotations-19.0.0.jar
SOOT_FACT_GEN: Preprocessing application: /u/q8liang/Benchmarks/mybatis-3-mybatis-3.5.6/mvn_dependencies/apiguardian-api-1.1.0.jar
SOOT_FACT_GEN: Preprocessing application: /u/q8liang/Benchmarks/mybatis-3-mybatis-3.5.6/mvn_dependencies/asm-7.1.jar
SOOT_FACT_GEN: Preprocessing application: /u/q8liang/Benchmarks/mybatis-3-mybatis-3.5.6/mvn_dependencies/assertj-core-3.17.2.jar
SOOT_FACT_GEN: Preprocessing application: /u/q8liang/Benchmarks/mybatis-3-mybatis-3.5.6/mvn_dependencies/byte-buddy-1.10.15.jar
SOOT_FACT_GEN: Preprocessing application: /u/q8liang/Benchmarks/mybatis-3-mybatis-3.5.6/mvn_dependencies/byte-buddy-agent-1.10.15.jar
SOOT_FACT_GEN: Preprocessing application: /u/q8liang/Benchmarks/mybatis-3-mybatis-3.5.6/mvn_dependencies/catch-exception-2.0.jar
SOOT_FACT_GEN: Preprocessing application: /u/q8liang/Benchmarks/mybatis-3-mybatis-3.5.6/mvn_dependencies/cglib-3.3.0.jar
SOOT_FACT_GEN: Preprocessing application: /u/q8liang/Benchmarks/mybatis-3-mybatis-3.5.6/mvn_dependencies/checker-qual-3.5.0.jar
SOOT_FACT_GEN: Preprocessing application: /u/q8liang/Benchmarks/mybatis-3-mybatis-3.5.6/mvn_dependencies/commons-compress-1.20.jar
SOOT_FACT_GEN: Preprocessing application: /u/q8liang/Benchmarks/mybatis-3-mybatis-3.5.6/mvn_dependencies/commons-lang3-3.9.jar
SOOT_FACT_GEN: Preprocessing application: /u/q8liang/Benchmarks/mybatis-3-mybatis-3.5.6/mvn_dependencies/commons-logging-1.2.jar
SOOT_FACT_GEN: Preprocessing application: /u/q8liang/Benchmarks/mybatis-3-mybatis-3.5.6/mvn_dependencies/database-commons-1.14.3.jar
SOOT_FACT_GEN: Preprocessing application: /u/q8liang/Benchmarks/mybatis-3-mybatis-3.5.6/mvn_dependencies/derby-10.14.2.0.jar
SOOT_FACT_GEN: Preprocessing application: /u/q8liang/Benchmarks/mybatis-3-mybatis-3.5.6/mvn_dependencies/duct-tape-1.0.8.jar
SOOT_FACT_GEN: Preprocessing application: /u/q8liang/Benchmarks/mybatis-3-mybatis-3.5.6/mvn_dependencies/h2-1.4.200.jar
SOOT_FACT_GEN: Preprocessing application: /u/q8liang/Benchmarks/mybatis-3-mybatis-3.5.6/mvn_dependencies/hamcrest-core-1.3.jar
SOOT_FACT_GEN: Preprocessing application: /u/q8liang/Benchmarks/mybatis-3-mybatis-3.5.6/mvn_dependencies/hsqldb-2.5.1.jar
SOOT_FACT_GEN: Preprocessing application: /u/q8liang/Benchmarks/mybatis-3-mybatis-3.5.6/mvn_dependencies/javassist-3.27.0-GA.jar
SOOT_FACT_GEN: Preprocessing application: /u/q8liang/Benchmarks/mybatis-3-mybatis-3.5.6/mvn_dependencies/jdbc-1.14.3.jar
SOOT_FACT_GEN: Preprocessing application: /u/q8liang/Benchmarks/mybatis-3-mybatis-3.5.6/mvn_dependencies/jna-5.5.0.jar
SOOT_FACT_GEN: Preprocessing application: /u/q8liang/Benchmarks/mybatis-3-mybatis-3.5.6/mvn_dependencies/jna-platform-5.5.0.jar
SOOT_FACT_GEN: Preprocessing application: /u/q8liang/Benchmarks/mybatis-3-mybatis-3.5.6/mvn_dependencies/junit-4.12.jar
SOOT_FACT_GEN: Preprocessing application: /u/q8liang/Benchmarks/mybatis-3-mybatis-3.5.6/mvn_dependencies/junit-jupiter-1.14.3.jar
SOOT_FACT_GEN: Preprocessing application: /u/q8liang/Benchmarks/mybatis-3-mybatis-3.5.6/mvn_dependencies/junit-jupiter-api-5.7.0.jar
SOOT_FACT_GEN: Preprocessing application: /u/q8liang/Benchmarks/mybatis-3-mybatis-3.5.6/mvn_dependencies/junit-jupiter-engine-5.7.0.jar
SOOT_FACT_GEN: Preprocessing application: /u/q8liang/Benchmarks/mybatis-3-mybatis-3.5.6/mvn_dependencies/junit-platform-commons-1.7.0.jar
SOOT_FACT_GEN: Preprocessing application: /u/q8liang/Benchmarks/mybatis-3-mybatis-3.5.6/mvn_dependencies/junit-platform-engine-1.7.0.jar
SOOT_FACT_GEN: Preprocessing application: /u/q8liang/Benchmarks/mybatis-3-mybatis-3.5.6/mvn_dependencies/junixsocket-common-2.0.4.jar
SOOT_FACT_GEN: Preprocessing application: /u/q8liang/Benchmarks/mybatis-3-mybatis-3.5.6/mvn_dependencies/junixsocket-native-common-2.0.4.jar
SOOT_FACT_GEN: Preprocessing application: /u/q8liang/Benchmarks/mybatis-3-mybatis-3.5.6/mvn_dependencies/log4j-1.2.17.jar
SOOT_FACT_GEN: Preprocessing application: /u/q8liang/Benchmarks/mybatis-3-mybatis-3.5.6/mvn_dependencies/log4j-api-2.13.3.jar
SOOT_FACT_GEN: Preprocessing application: /u/q8liang/Benchmarks/mybatis-3-mybatis-3.5.6/mvn_dependencies/log4j-core-2.13.3.jar
SOOT_FACT_GEN: Preprocessing application: /u/q8liang/Benchmarks/mybatis-3-mybatis-3.5.6/mvn_dependencies/mockito-core-3.5.13.jar
SOOT_FACT_GEN: Preprocessing application: /u/q8liang/Benchmarks/mybatis-3-mybatis-3.5.6/mvn_dependencies/mockito-junit-jupiter-3.5.13.jar
SOOT_FACT_GEN: Preprocessing application: /u/q8liang/Benchmarks/mybatis-3-mybatis-3.5.6/mvn_dependencies/mysql-1.14.3.jar
SOOT_FACT_GEN: Preprocessing application: /u/q8liang/Benchmarks/mybatis-3-mybatis-3.5.6/mvn_dependencies/mysql-connector-java-8.0.21.jar
SOOT_FACT_GEN: Preprocessing application: /u/q8liang/Benchmarks/mybatis-3-mybatis-3.5.6/mvn_dependencies/native-lib-loader-2.0.2.jar
SOOT_FACT_GEN: Preprocessing application: /u/q8liang/Benchmarks/mybatis-3-mybatis-3.5.6/mvn_dependencies/objenesis-3.1.jar
SOOT_FACT_GEN: Preprocessing application: /u/q8liang/Benchmarks/mybatis-3-mybatis-3.5.6/mvn_dependencies/ognl-3.2.15.jar
SOOT_FACT_GEN: Preprocessing application: /u/q8liang/Benchmarks/mybatis-3-mybatis-3.5.6/mvn_dependencies/opentest4j-1.2.0.jar
SOOT_FACT_GEN: Preprocessing application: /u/q8liang/Benchmarks/mybatis-3-mybatis-3.5.6/mvn_dependencies/postgresql-1.14.3.jar
SOOT_FACT_GEN: Preprocessing application: /u/q8liang/Benchmarks/mybatis-3-mybatis-3.5.6/mvn_dependencies/postgresql-42.2.16.jar
SOOT_FACT_GEN: Preprocessing application: /u/q8liang/Benchmarks/mybatis-3-mybatis-3.5.6/mvn_dependencies/protobuf-java-3.11.4.jar
SOOT_FACT_GEN: Preprocessing application: /u/q8liang/Benchmarks/mybatis-3-mybatis-3.5.6/mvn_dependencies/slf4j-api-1.7.30.jar
SOOT_FACT_GEN: Preprocessing application: /u/q8liang/Benchmarks/mybatis-3-mybatis-3.5.6/mvn_dependencies/slf4j-log4j12-1.7.30.jar
SOOT_FACT_GEN: Preprocessing application: /u/q8liang/Benchmarks/mybatis-3-mybatis-3.5.6/mvn_dependencies/tcp-unix-socket-proxy-1.0.2.jar
SOOT_FACT_GEN: Preprocessing application: /u/q8liang/Benchmarks/mybatis-3-mybatis-3.5.6/mvn_dependencies/testcontainers-1.14.3.jar
SOOT_FACT_GEN: Preprocessing application: /u/q8liang/Benchmarks/mybatis-3-mybatis-3.5.6/mvn_dependencies/velocity-engine-core-2.2.jar
SOOT_FACT_GEN: Preprocessing application: /u/q8liang/Benchmarks/mybatis-3-mybatis-3.5.6/mvn_dependencies/visible-assertions-2.1.2.jar
SOOT_FACT_GEN: Preprocessing platform library: /u/q8liang/doop/build/tmp/rt_299822236603523479.jar
SOOT_FACT_GEN: Preprocessing platform library: /u/q8liang/doop/build/tmp/jce_6193509623326266145.jar
SOOT_FACT_GEN: Preprocessing platform library: /u/q8liang/doop/build/tmp/jsse_7734896395290349221.jar
SOOT_FACT_GEN: Adding archive: /u/q8liang/Benchmarks/mybatis-3-mybatis-3.5.6/target/mybatis-3.5.6.jar
SOOT_FACT_GEN: Adding archive: /u/q8liang/Benchmarks/mybatis-3-mybatis-3.5.6/target/mybatis-3.5.6-tests.jar
SOOT_FACT_GEN: Adding archive: /u/q8liang/Benchmarks/mybatis-3-mybatis-3.5.6/mvn_dependencies/annotations-19.0.0.jar
SOOT_FACT_GEN: Adding archive: /u/q8liang/Benchmarks/mybatis-3-mybatis-3.5.6/mvn_dependencies/apiguardian-api-1.1.0.jar
SOOT_FACT_GEN: Adding archive: /u/q8liang/Benchmarks/mybatis-3-mybatis-3.5.6/mvn_dependencies/asm-7.1.jar
SOOT_FACT_GEN: Adding archive: /u/q8liang/Benchmarks/mybatis-3-mybatis-3.5.6/mvn_dependencies/assertj-core-3.17.2.jar
SOOT_FACT_GEN: Adding archive: /u/q8liang/Benchmarks/mybatis-3-mybatis-3.5.6/mvn_dependencies/byte-buddy-1.10.15.jar
SOOT_FACT_GEN: Adding archive: /u/q8liang/Benchmarks/mybatis-3-mybatis-3.5.6/mvn_dependencies/byte-buddy-agent-1.10.15.jar
SOOT_FACT_GEN: Adding archive: /u/q8liang/Benchmarks/mybatis-3-mybatis-3.5.6/mvn_dependencies/catch-exception-2.0.jar
SOOT_FACT_GEN: Adding archive: /u/q8liang/Benchmarks/mybatis-3-mybatis-3.5.6/mvn_dependencies/cglib-3.3.0.jar
SOOT_FACT_GEN: Adding archive: /u/q8liang/Benchmarks/mybatis-3-mybatis-3.5.6/mvn_dependencies/checker-qual-3.5.0.jar
SOOT_FACT_GEN: Adding archive: /u/q8liang/Benchmarks/mybatis-3-mybatis-3.5.6/mvn_dependencies/commons-compress-1.20.jar
SOOT_FACT_GEN: Adding archive: /u/q8liang/Benchmarks/mybatis-3-mybatis-3.5.6/mvn_dependencies/commons-lang3-3.9.jar
SOOT_FACT_GEN: Adding archive: /u/q8liang/Benchmarks/mybatis-3-mybatis-3.5.6/mvn_dependencies/commons-logging-1.2.jar
SOOT_FACT_GEN: Adding archive: /u/q8liang/Benchmarks/mybatis-3-mybatis-3.5.6/mvn_dependencies/database-commons-1.14.3.jar
SOOT_FACT_GEN: Adding archive: /u/q8liang/Benchmarks/mybatis-3-mybatis-3.5.6/mvn_dependencies/derby-10.14.2.0.jar
SOOT_FACT_GEN: Adding archive: /u/q8liang/Benchmarks/mybatis-3-mybatis-3.5.6/mvn_dependencies/duct-tape-1.0.8.jar
SOOT_FACT_GEN: Adding archive: /u/q8liang/Benchmarks/mybatis-3-mybatis-3.5.6/mvn_dependencies/h2-1.4.200.jar
SOOT_FACT_GEN: Adding archive: /u/q8liang/Benchmarks/mybatis-3-mybatis-3.5.6/mvn_dependencies/hamcrest-core-1.3.jar
SOOT_FACT_GEN: Adding archive: /u/q8liang/Benchmarks/mybatis-3-mybatis-3.5.6/mvn_dependencies/hsqldb-2.5.1.jar
SOOT_FACT_GEN: Adding archive: /u/q8liang/Benchmarks/mybatis-3-mybatis-3.5.6/mvn_dependencies/javassist-3.27.0-GA.jar
SOOT_FACT_GEN: Adding archive: /u/q8liang/Benchmarks/mybatis-3-mybatis-3.5.6/mvn_dependencies/jdbc-1.14.3.jar
SOOT_FACT_GEN: Adding archive: /u/q8liang/Benchmarks/mybatis-3-mybatis-3.5.6/mvn_dependencies/jna-5.5.0.jar
SOOT_FACT_GEN: Adding archive: /u/q8liang/Benchmarks/mybatis-3-mybatis-3.5.6/mvn_dependencies/jna-platform-5.5.0.jar
SOOT_FACT_GEN: Adding archive: /u/q8liang/Benchmarks/mybatis-3-mybatis-3.5.6/mvn_dependencies/junit-4.12.jar
SOOT_FACT_GEN: Adding archive: /u/q8liang/Benchmarks/mybatis-3-mybatis-3.5.6/mvn_dependencies/junit-jupiter-1.14.3.jar
SOOT_FACT_GEN: Adding archive: /u/q8liang/Benchmarks/mybatis-3-mybatis-3.5.6/mvn_dependencies/junit-jupiter-api-5.7.0.jar
SOOT_FACT_GEN: Adding archive: /u/q8liang/Benchmarks/mybatis-3-mybatis-3.5.6/mvn_dependencies/junit-jupiter-engine-5.7.0.jar
SOOT_FACT_GEN: Adding archive: /u/q8liang/Benchmarks/mybatis-3-mybatis-3.5.6/mvn_dependencies/junit-platform-commons-1.7.0.jar
SOOT_FACT_GEN: Adding archive: /u/q8liang/Benchmarks/mybatis-3-mybatis-3.5.6/mvn_dependencies/junit-platform-engine-1.7.0.jar
SOOT_FACT_GEN: Adding archive: /u/q8liang/Benchmarks/mybatis-3-mybatis-3.5.6/mvn_dependencies/junixsocket-common-2.0.4.jar
SOOT_FACT_GEN: Adding archive: /u/q8liang/Benchmarks/mybatis-3-mybatis-3.5.6/mvn_dependencies/junixsocket-native-common-2.0.4.jar
SOOT_FACT_GEN: Adding archive: /u/q8liang/Benchmarks/mybatis-3-mybatis-3.5.6/mvn_dependencies/log4j-1.2.17.jar
SOOT_FACT_GEN: Adding archive: /u/q8liang/Benchmarks/mybatis-3-mybatis-3.5.6/mvn_dependencies/log4j-api-2.13.3.jar
SOOT_FACT_GEN: Adding archive: /u/q8liang/Benchmarks/mybatis-3-mybatis-3.5.6/mvn_dependencies/log4j-core-2.13.3.jar
SOOT_FACT_GEN: Adding archive: /u/q8liang/Benchmarks/mybatis-3-mybatis-3.5.6/mvn_dependencies/mockito-core-3.5.13.jar
SOOT_FACT_GEN: Adding archive: /u/q8liang/Benchmarks/mybatis-3-mybatis-3.5.6/mvn_dependencies/mockito-junit-jupiter-3.5.13.jar
SOOT_FACT_GEN: Adding archive: /u/q8liang/Benchmarks/mybatis-3-mybatis-3.5.6/mvn_dependencies/mysql-1.14.3.jar
SOOT_FACT_GEN: Adding archive: /u/q8liang/Benchmarks/mybatis-3-mybatis-3.5.6/mvn_dependencies/mysql-connector-java-8.0.21.jar
SOOT_FACT_GEN: Adding archive: /u/q8liang/Benchmarks/mybatis-3-mybatis-3.5.6/mvn_dependencies/native-lib-loader-2.0.2.jar
SOOT_FACT_GEN: Adding archive: /u/q8liang/Benchmarks/mybatis-3-mybatis-3.5.6/mvn_dependencies/objenesis-3.1.jar
SOOT_FACT_GEN: Adding archive: /u/q8liang/Benchmarks/mybatis-3-mybatis-3.5.6/mvn_dependencies/ognl-3.2.15.jar
SOOT_FACT_GEN: Adding archive: /u/q8liang/Benchmarks/mybatis-3-mybatis-3.5.6/mvn_dependencies/opentest4j-1.2.0.jar
SOOT_FACT_GEN: Adding archive: /u/q8liang/Benchmarks/mybatis-3-mybatis-3.5.6/mvn_dependencies/postgresql-1.14.3.jar
SOOT_FACT_GEN: Adding archive: /u/q8liang/Benchmarks/mybatis-3-mybatis-3.5.6/mvn_dependencies/postgresql-42.2.16.jar
SOOT_FACT_GEN: Adding archive: /u/q8liang/Benchmarks/mybatis-3-mybatis-3.5.6/mvn_dependencies/protobuf-java-3.11.4.jar
SOOT_FACT_GEN: Adding archive: /u/q8liang/Benchmarks/mybatis-3-mybatis-3.5.6/mvn_dependencies/slf4j-api-1.7.30.jar
SOOT_FACT_GEN: Adding archive: /u/q8liang/Benchmarks/mybatis-3-mybatis-3.5.6/mvn_dependencies/slf4j-log4j12-1.7.30.jar
SOOT_FACT_GEN: Adding archive: /u/q8liang/Benchmarks/mybatis-3-mybatis-3.5.6/mvn_dependencies/tcp-unix-socket-proxy-1.0.2.jar
SOOT_FACT_GEN: Adding archive: /u/q8liang/Benchmarks/mybatis-3-mybatis-3.5.6/mvn_dependencies/testcontainers-1.14.3.jar
SOOT_FACT_GEN: Adding archive: /u/q8liang/Benchmarks/mybatis-3-mybatis-3.5.6/mvn_dependencies/velocity-engine-core-2.2.jar
SOOT_FACT_GEN: Adding archive: /u/q8liang/Benchmarks/mybatis-3-mybatis-3.5.6/mvn_dependencies/visible-assertions-2.1.2.jar
SOOT_FACT_GEN: Adding archive for resolving: /u/q8liang/doop/build/tmp/rt_299822236603523479.jar
SOOT_FACT_GEN: Adding archive for resolving: /u/q8liang/doop/build/tmp/jce_6193509623326266145.jar
SOOT_FACT_GEN: Adding archive for resolving: /u/q8liang/doop/build/tmp/jsse_7734896395290349221.jar
SOOT_FACT_GEN: Classes in input (application) jar(s): 28775
SOOT_FACT_GEN: Total classes in Scene: 37346
SOOT_FACT_GEN: Retrieved all bodies (time: 175)
SOOT_FACT_GEN: Fact generation cores: 32
SOOT_FACT_GEN: WARNING: some classes were not resolved, consider using thorough fact generation or adding them manually via --also-resolve: [java.lang.Boolean[], com.sun.beans.editors.BooleanEditor, java.lang.Integer[], double[], java.lang.Byte[], char[], com.sun.beans.editors.FloatEditor, java.lang.Float[], short[], long[], java.beans.Customizer, java.lang.Character[], java.awt.dnd.MouseDragGestureRecognizer, com.sun.beans.editors.ShortEditor, java.util.concurrent.ConcurrentSkipListMap, com.sun.java.util.jar.pack.PackerImpl, com.sun.beans.editors.DoubleEditor, com.sun.beans.editors.ByteEditor, java.util.concurrent.ConcurrentNavigableMap, java.lang.Double[], java.lang.Long[], com.sun.java.util.jar.pack.UnpackerImpl, com.sun.beans.editors.LongEditor, java.lang.String[], float[], java.lang.Short[], javax.sound.sampled.Port, java.sql.Types, byte[], int[], com.sun.management.GarbageCollectorMXBean, java.lang.Object[], sun.util.locale.provider.HostLocaleProviderAdapterImpl, boolean[], com.sun.beans.editors.IntegerEditor]
SOOT_FACT_GEN: Found 1928 phantom references. Rerun with '--report-phantoms' for more details.
SOOT_FACT_GEN: Methods without active bodies encountered (and reset): 0
Soot fact generation time: 326
Caching facts in /u/q8liang/doop/cache/54d5c0a917982eb1327c6d0407007f3bd57e21255f2f7fa3fd793683aa9df200
Copying /u/q8liang/doop/out/mybatis-no-mock/database to /u/q8liang/doop/cache/54d5c0a917982eb1327c6d0407007f3bd57e21255f2f7fa3fd793683aa9df200...
----
[Task FACTS Done]
Using /usr/bin/time to gather performance statistics...
Running analysis
Runtime info monitored in /u/q8liang/doop/out/mybatis-no-mock/monitoring.txt (& /u/q8liang/doop/out/mybatis-no-mock/monitoring.latest.txt)
2832.89user 119.16system 49:12.90elapsed 99%CPU (0avgtext+0avgdata 17262308maxresident)k
2456inputs+52013360outputs (1major+65431584minor)pagefaults 0swaps
Analysis execution time (sec): 2952
-- Runtime metrics --
analysis compilation time (sec)                                                  0
analysis execution time (sec)                                                    2,952
disk footprint (KB)                                                              32,081,482
fact generation time (sec)                                                       326
-- Statistics --
var points-to (INS)                                                              40,847,143
var points-to (SENS)                                                             40,847,143
reachable variables (INS)                                                        292,688
reachable variables (SENS)                                                       292,688
reachable methods (INS)                                                          30,862
reachable methods (SENS)                                                         30,862
total methods                                                                    325,554
virtual call sites (statically)                                                  677,187
reachable virtual call sites                                                     89,365
polymorphic virtual call sites                                                   6,394
null virtual call sites                                                          20,627
empty virtual call sites                                                         7,228
app virtual call sites (statically)                                              523,957
app reachable virtual call sites                                                 54,790
app polymorphic virtual call sites                                               3,744
app null virtual call sites                                                      12,070
app empty reachable virtual call sites                                           6,124
array index points-to (INS)                                                      630,042
array index points-to (SENS)                                                     630,042
casts (statically)                                                               95,574
reachable casts                                                                  6,114
reachable casts that may fail                                                    4,965
app casts (statically)                                                           72,714
app reachable casts                                                              3,407
app reachable casts that may fail                                                2,761
app reachable methods                                                            15,341
app concrete methods                                                             228,696
instance field points-to (INS)                                                   2,326,851
instance field points-to (SENS)                                                  2,326,851
static field points-to (INS)                                                     12,065
static field points-to (SENS)                                                    12,065
app var points-to (INS)                                                          21,698,493
app var points-to (SENS)                                                         21,698,493
java.util var points-to (INS)                                                    9,119,949
java.util var points-to (SENS)                                                   9,119,949
app array index points-to (INS)                                                  397,077
app array index points-to (SENS)                                                 397,077
Mock Objects                                                                     0
app instance field points-to (INS)                                               1,064,679
app instance field points-to (SENS)                                              1,064,679
call graph edges (INS)                                                           216,558
call graph edges (SENS)                                                          216,558
non-reachable app concrete methods                                               213,371
Making database available at /u/q8liang/doop/results/mybatis-3.5.6/context-insensitive/java_8/mybatis-no-mock
Making database available at /u/q8liang/doop/last-analysis

Deprecated Gradle features were used in this build, making it incompatible with Gradle 7.0.
Use '--warning-mode all' to show the individual deprecation warnings.
See https://docs.gradle.org/6.7/userguide/command_line_interface.html#sec:command_line_warnings

BUILD SUCCESSFUL in 54m 56s
21 actionable tasks: 2 executed, 19 up-to-date
