./doop -a basic-only -i /u/q8liang/Benchmarks/quartz-quartz-2.3.1-patched/quartz-core/target/quartz-core-2.3.1.jar -i /u/q8liang/Benchmarks/quartz-quartz-2.3.1-patched/quartz-core/target/quartz-core-2.3.1-tests.jar -i /u/q8liang/Benchmarks/quartz-quartz-2.3.1-patched/quartz-core/mvn_dependencies --id quartz-core-basic-only-NORMAL --souffle-jobs 32 --main org.quartz.RootDriver --define-cpp-macro USE_BASIC --extra-logic souffle-logic/analyses/mocks/mocks.dl
> Task :generators:code-processor:generateGrammarSource UP-TO-DATE
> Task :generators:code-processor:compileJava UP-TO-DATE
> Task :generators:code-processor:compileGroovy UP-TO-DATE
> Task :generators:code-processor:processResources NO-SOURCE
> Task :generators:code-processor:classes UP-TO-DATE
> Task :generators:code-processor:jar UP-TO-DATE
> Task :generators:fact-generator-common:compileJava UP-TO-DATE
> Task :generators:fact-generator-common:processResources NO-SOURCE
> Task :generators:fact-generator-common:classes UP-TO-DATE
> Task :generators:fact-generator-common:shadowJar UP-TO-DATE
> Task :compileJava UP-TO-DATE
> Task :compileGroovy UP-TO-DATE
> Task :resolveApktool
> Task :generators:dex-fact-generator:compileJava UP-TO-DATE
> Task :generators:dex-fact-generator:processResources NO-SOURCE
> Task :generators:dex-fact-generator:classes UP-TO-DATE
> Task :generators:dex-fact-generator:fatJar UP-TO-DATE
> Task :generators:dex-fact-generator:installJar UP-TO-DATE
> Task :generators:soot-fact-generator:compileJava UP-TO-DATE
> Task :generators:soot-fact-generator:compileGroovy NO-SOURCE
> Task :generators:soot-fact-generator:processResources NO-SOURCE
> Task :generators:soot-fact-generator:classes UP-TO-DATE
> Task :generators:soot-fact-generator:fatJar UP-TO-DATE
> Task :generators:soot-fact-generator:installJar UP-TO-DATE
> Task :generators:wala-fact-generator:compileJava UP-TO-DATE
> Task :generators:wala-fact-generator:processResources UP-TO-DATE
> Task :generators:wala-fact-generator:classes UP-TO-DATE
> Task :generators:wala-fact-generator:fatJar UP-TO-DATE
> Task :generators:wala-fact-generator:installJar UP-TO-DATE
> Task :resourceInstaller
> Task :processResources UP-TO-DATE
> Task :classes UP-TO-DATE
> Task :writeGitCommitHash UP-TO-DATE

> Task :run
WARNING: Default statistics are not compatible with analysis 'basic-only', disabling statistics logic.
Main class(es) expanded with [org.quartz.RootDriver]
WARNING: Handling of Java reflection is disabled!
New basic-only analysis
Id       : quartz-core-basic-only-NORMAL
Inputs   : /u/q8liang/Benchmarks/quartz-quartz-2.3.1-patched/quartz-core/target/quartz-core-2.3.1.jar, /u/q8liang/Benchmarks/quartz-quartz-2.3.1-patched/quartz-core/target/quartz-core-2.3.1-tests.jar, /u/q8liang/Benchmarks/quartz-quartz-2.3.1-patched/quartz-core/mvn_dependencies/HikariCP-java7-2.4.13.jar, /u/q8liang/Benchmarks/quartz-quartz-2.3.1-patched/quartz-core/mvn_dependencies/asm-3.2.jar, /u/q8liang/Benchmarks/quartz-quartz-2.3.1-patched/quartz-core/mvn_dependencies/c3p0-0.9.5.3.jar, /u/q8liang/Benchmarks/quartz-quartz-2.3.1-patched/quartz-core/mvn_dependencies/derby-10.8.2.2.jar, /u/q8liang/Benchmarks/quartz-quartz-2.3.1-patched/quartz-core/mvn_dependencies/derbyclient-10.8.2.2.jar, /u/q8liang/Benchmarks/quartz-quartz-2.3.1-patched/quartz-core/mvn_dependencies/derbynet-10.8.2.2.jar, /u/q8liang/Benchmarks/quartz-quartz-2.3.1-patched/quartz-core/mvn_dependencies/hamcrest-core-1.2.jar, /u/q8liang/Benchmarks/quartz-quartz-2.3.1-patched/quartz-core/mvn_dependencies/hamcrest-library-1.2.jar, /u/q8liang/Benchmarks/quartz-quartz-2.3.1-patched/quartz-core/mvn_dependencies/javaee-api-5.0-2.jar, /u/q8liang/Benchmarks/quartz-quartz-2.3.1-patched/quartz-core/mvn_dependencies/junit-dep-4.8.2.jar, /u/q8liang/Benchmarks/quartz-quartz-2.3.1-patched/quartz-core/mvn_dependencies/log4j-1.2.16.jar, /u/q8liang/Benchmarks/quartz-quartz-2.3.1-patched/quartz-core/mvn_dependencies/mchange-commons-java-0.2.15.jar, /u/q8liang/Benchmarks/quartz-quartz-2.3.1-patched/quartz-core/mvn_dependencies/mockito-all-1.9.5.jar, /u/q8liang/Benchmarks/quartz-quartz-2.3.1-patched/quartz-core/mvn_dependencies/slf4j-api-1.7.7.jar, /u/q8liang/Benchmarks/quartz-quartz-2.3.1-patched/quartz-core/mvn_dependencies/slf4j-log4j12-1.7.7.jar, /u/q8liang/Benchmarks/quartz-quartz-2.3.1-patched/quartz-core/mvn_dependencies/typesafe-config-2.10.1.jar
Libraries: 
Using a timeout of 90 min.
Adding extra logic file /u/q8liang/doop_new/souffle-logic/analyses/mocks/mocks.dl
[Task FACTS...]
[Task COMPILE...]
-- Fact Generation --
Using cached analysis executable /u/q8liang/doop_new/cache/souffle-analyses/basic-only/164f2728f8daef761c859c9d605bb65c9e018f0d797f24a5c336746dd0ceddd3
[Task COMPILE Done]
SOOT_FACT_GEN: Logging initialized, using directory: /u/q8liang/doop_new/build/logs
SOOT_FACT_GEN: SLF4J: Failed to load class "org.slf4j.impl.StaticLoggerBinder".
SOOT_FACT_GEN: SLF4J: Defaulting to no-operation (NOP) logger implementation
SOOT_FACT_GEN: SLF4J: See http://www.slf4j.org/codes.html#StaticLoggerBinder for further details.
SOOT_FACT_GEN: Preprocessing application: /u/q8liang/Benchmarks/quartz-quartz-2.3.1-patched/quartz-core/target/quartz-core-2.3.1.jar
SOOT_FACT_GEN: Preprocessing application: /u/q8liang/Benchmarks/quartz-quartz-2.3.1-patched/quartz-core/target/quartz-core-2.3.1-tests.jar
SOOT_FACT_GEN: Preprocessing application: /u/q8liang/Benchmarks/quartz-quartz-2.3.1-patched/quartz-core/mvn_dependencies/HikariCP-java7-2.4.13.jar
SOOT_FACT_GEN: Preprocessing application: /u/q8liang/Benchmarks/quartz-quartz-2.3.1-patched/quartz-core/mvn_dependencies/asm-3.2.jar
SOOT_FACT_GEN: Preprocessing application: /u/q8liang/Benchmarks/quartz-quartz-2.3.1-patched/quartz-core/mvn_dependencies/c3p0-0.9.5.3.jar
SOOT_FACT_GEN: Preprocessing application: /u/q8liang/Benchmarks/quartz-quartz-2.3.1-patched/quartz-core/mvn_dependencies/derby-10.8.2.2.jar
SOOT_FACT_GEN: Preprocessing application: /u/q8liang/Benchmarks/quartz-quartz-2.3.1-patched/quartz-core/mvn_dependencies/derbyclient-10.8.2.2.jar
SOOT_FACT_GEN: Preprocessing application: /u/q8liang/Benchmarks/quartz-quartz-2.3.1-patched/quartz-core/mvn_dependencies/derbynet-10.8.2.2.jar
SOOT_FACT_GEN: Preprocessing application: /u/q8liang/Benchmarks/quartz-quartz-2.3.1-patched/quartz-core/mvn_dependencies/hamcrest-core-1.2.jar
SOOT_FACT_GEN: Preprocessing application: /u/q8liang/Benchmarks/quartz-quartz-2.3.1-patched/quartz-core/mvn_dependencies/hamcrest-library-1.2.jar
SOOT_FACT_GEN: Preprocessing application: /u/q8liang/Benchmarks/quartz-quartz-2.3.1-patched/quartz-core/mvn_dependencies/javaee-api-5.0-2.jar
SOOT_FACT_GEN: Preprocessing application: /u/q8liang/Benchmarks/quartz-quartz-2.3.1-patched/quartz-core/mvn_dependencies/junit-dep-4.8.2.jar
SOOT_FACT_GEN: Preprocessing application: /u/q8liang/Benchmarks/quartz-quartz-2.3.1-patched/quartz-core/mvn_dependencies/log4j-1.2.16.jar
SOOT_FACT_GEN: Preprocessing application: /u/q8liang/Benchmarks/quartz-quartz-2.3.1-patched/quartz-core/mvn_dependencies/mchange-commons-java-0.2.15.jar
SOOT_FACT_GEN: Preprocessing application: /u/q8liang/Benchmarks/quartz-quartz-2.3.1-patched/quartz-core/mvn_dependencies/mockito-all-1.9.5.jar
SOOT_FACT_GEN: Preprocessing application: /u/q8liang/Benchmarks/quartz-quartz-2.3.1-patched/quartz-core/mvn_dependencies/slf4j-api-1.7.7.jar
SOOT_FACT_GEN: Preprocessing application: /u/q8liang/Benchmarks/quartz-quartz-2.3.1-patched/quartz-core/mvn_dependencies/slf4j-log4j12-1.7.7.jar
SOOT_FACT_GEN: Preprocessing application: /u/q8liang/Benchmarks/quartz-quartz-2.3.1-patched/quartz-core/mvn_dependencies/typesafe-config-2.10.1.jar
SOOT_FACT_GEN: Preprocessing platform library: /u/q8liang/doop_new/build/tmp/rt_7373804146766878457.jar
SOOT_FACT_GEN: Preprocessing platform library: /u/q8liang/doop_new/build/tmp/jce_5900500268762503706.jar
SOOT_FACT_GEN: Preprocessing platform library: /u/q8liang/doop_new/build/tmp/jsse_832879290525311754.jar
SOOT_FACT_GEN: Adding archive: /u/q8liang/Benchmarks/quartz-quartz-2.3.1-patched/quartz-core/target/quartz-core-2.3.1.jar
SOOT_FACT_GEN: Adding archive: /u/q8liang/Benchmarks/quartz-quartz-2.3.1-patched/quartz-core/target/quartz-core-2.3.1-tests.jar
SOOT_FACT_GEN: Adding archive: /u/q8liang/Benchmarks/quartz-quartz-2.3.1-patched/quartz-core/mvn_dependencies/HikariCP-java7-2.4.13.jar
SOOT_FACT_GEN: Adding archive: /u/q8liang/Benchmarks/quartz-quartz-2.3.1-patched/quartz-core/mvn_dependencies/asm-3.2.jar
SOOT_FACT_GEN: Adding archive: /u/q8liang/Benchmarks/quartz-quartz-2.3.1-patched/quartz-core/mvn_dependencies/c3p0-0.9.5.3.jar
SOOT_FACT_GEN: Adding archive: /u/q8liang/Benchmarks/quartz-quartz-2.3.1-patched/quartz-core/mvn_dependencies/derby-10.8.2.2.jar
SOOT_FACT_GEN: Adding archive: /u/q8liang/Benchmarks/quartz-quartz-2.3.1-patched/quartz-core/mvn_dependencies/derbyclient-10.8.2.2.jar
SOOT_FACT_GEN: Adding archive: /u/q8liang/Benchmarks/quartz-quartz-2.3.1-patched/quartz-core/mvn_dependencies/derbynet-10.8.2.2.jar
SOOT_FACT_GEN: Adding archive: /u/q8liang/Benchmarks/quartz-quartz-2.3.1-patched/quartz-core/mvn_dependencies/hamcrest-core-1.2.jar
SOOT_FACT_GEN: Adding archive: /u/q8liang/Benchmarks/quartz-quartz-2.3.1-patched/quartz-core/mvn_dependencies/hamcrest-library-1.2.jar
SOOT_FACT_GEN: Adding archive: /u/q8liang/Benchmarks/quartz-quartz-2.3.1-patched/quartz-core/mvn_dependencies/javaee-api-5.0-2.jar
SOOT_FACT_GEN: Adding archive: /u/q8liang/Benchmarks/quartz-quartz-2.3.1-patched/quartz-core/mvn_dependencies/junit-dep-4.8.2.jar
SOOT_FACT_GEN: Adding archive: /u/q8liang/Benchmarks/quartz-quartz-2.3.1-patched/quartz-core/mvn_dependencies/log4j-1.2.16.jar
SOOT_FACT_GEN: Adding archive: /u/q8liang/Benchmarks/quartz-quartz-2.3.1-patched/quartz-core/mvn_dependencies/mchange-commons-java-0.2.15.jar
SOOT_FACT_GEN: Adding archive: /u/q8liang/Benchmarks/quartz-quartz-2.3.1-patched/quartz-core/mvn_dependencies/mockito-all-1.9.5.jar
SOOT_FACT_GEN: Adding archive: /u/q8liang/Benchmarks/quartz-quartz-2.3.1-patched/quartz-core/mvn_dependencies/slf4j-api-1.7.7.jar
SOOT_FACT_GEN: Adding archive: /u/q8liang/Benchmarks/quartz-quartz-2.3.1-patched/quartz-core/mvn_dependencies/slf4j-log4j12-1.7.7.jar
SOOT_FACT_GEN: Adding archive: /u/q8liang/Benchmarks/quartz-quartz-2.3.1-patched/quartz-core/mvn_dependencies/typesafe-config-2.10.1.jar
SOOT_FACT_GEN: Adding archive for resolving: /u/q8liang/doop_new/build/tmp/rt_7373804146766878457.jar
SOOT_FACT_GEN: Adding archive for resolving: /u/q8liang/doop_new/build/tmp/jce_5900500268762503706.jar
SOOT_FACT_GEN: Adding archive for resolving: /u/q8liang/doop_new/build/tmp/jsse_832879290525311754.jar
SOOT_FACT_GEN: Classes in input (application) jar(s): 5471
SOOT_FACT_GEN: Total classes in Scene: 13254
SOOT_FACT_GEN: Retrieved all bodies (time: 71)
SOOT_FACT_GEN: Fact generation cores: 32
SOOT_FACT_GEN: WARNING: some classes were not resolved, consider using thorough fact generation or adding them manually via --also-resolve: [java.beans.Customizer, javax.sound.sampled.Port, java.rmi.activation.ActivationID, java.awt.dnd.MouseDragGestureRecognizer, com.sun.beans.editors.BooleanEditor, sun.util.locale.provider.HostLocaleProviderAdapterImpl, com.sun.management.GarbageCollectorMXBean, com.sun.beans.editors.LongEditor, com.sun.beans.editors.DoubleEditor, com.sun.beans.editors.ByteEditor, com.sun.beans.editors.FloatEditor, com.sun.beans.editors.IntegerEditor, com.sun.beans.editors.ShortEditor]
SOOT_FACT_GEN: Found 260 phantom references. Rerun with '--report-phantoms' for more details.
SOOT_FACT_GEN: Methods without active bodies encountered (and reset): 0
Soot fact generation time: 127
Caching facts in /u/q8liang/doop_new/cache/8938c7987e5766918949d0df263d8189e5dbbdd90e35c2085da303f83fff5b30
Copying /u/q8liang/doop_new/out/quartz-core-basic-only-NORMAL/database to /u/q8liang/doop_new/cache/8938c7987e5766918949d0df263d8189e5dbbdd90e35c2085da303f83fff5b30...
----
[Task FACTS Done]
Using /usr/bin/time to gather performance statistics...
Running analysis
Runtime info monitored in /u/q8liang/doop_new/out/quartz-core-basic-only-NORMAL/monitoring.txt (& /u/q8liang/doop_new/out/quartz-core-basic-only-NORMAL/monitoring.latest.txt)
926.76user 36.05system 16:48.69elapsed 95%CPU (0avgtext+0avgdata 1997756maxresident)k
93744inputs+26916736outputs (3major+8928264minor)pagefaults 0swaps
Analysis execution time (sec): 1009
-- Runtime metrics --
analysis compilation time (sec)                                                  0
analysis execution time (sec)                                                    1,009
disk footprint (KB)                                                              10,809,222
fact generation time (sec)                                                       127
Making database available at /u/q8liang/doop_new/results/quartz-core-2.3.1/basic-only/java_8/quartz-core-basic-only-NORMAL
Making database available at /u/q8liang/doop_new/last-analysis

Deprecated Gradle features were used in this build, making it incompatible with Gradle 7.0.
Use '--warning-mode all' to show the individual deprecation warnings.
See https://docs.gradle.org/6.7/userguide/command_line_interface.html#sec:command_line_warnings

BUILD SUCCESSFUL in 19m 46s
21 actionable tasks: 2 executed, 19 up-to-date
./doop -a basic-only -i /u/q8liang/Benchmarks/quartz-quartz-2.3.1-patched/quartz-core/target/quartz-core-2.3.1.jar -i /u/q8liang/Benchmarks/quartz-quartz-2.3.1-patched/quartz-core/target/quartz-core-2.3.1-tests.jar -i /u/q8liang/Benchmarks/quartz-quartz-2.3.1-patched/quartz-core/mvn_dependencies --id quartz-core-basic-only-NORMAL --souffle-jobs 32 --main org.quartz.RootDriver --define-cpp-macro USE_BASIC --extra-logic souffle-logic/analyses/mocks/mocks.dl
Starting a Gradle Daemon, 5 busy and 6 stopped Daemons could not be reused, use --status for details
> Task :generators:code-processor:generateGrammarSource UP-TO-DATE
> Task :generators:code-processor:compileJava UP-TO-DATE
> Task :generators:code-processor:compileGroovy UP-TO-DATE
> Task :generators:code-processor:processResources NO-SOURCE
> Task :generators:code-processor:classes UP-TO-DATE
> Task :generators:code-processor:jar UP-TO-DATE
> Task :generators:fact-generator-common:compileJava UP-TO-DATE
> Task :generators:fact-generator-common:processResources NO-SOURCE
> Task :generators:fact-generator-common:classes UP-TO-DATE
> Task :generators:fact-generator-common:shadowJar UP-TO-DATE
> Task :compileJava UP-TO-DATE
> Task :compileGroovy UP-TO-DATE
> Task :resolveApktool
> Task :generators:dex-fact-generator:compileJava UP-TO-DATE
> Task :generators:dex-fact-generator:processResources NO-SOURCE
> Task :generators:dex-fact-generator:classes UP-TO-DATE
> Task :generators:dex-fact-generator:fatJar UP-TO-DATE
> Task :generators:dex-fact-generator:installJar UP-TO-DATE
> Task :generators:soot-fact-generator:compileJava UP-TO-DATE
> Task :generators:soot-fact-generator:compileGroovy NO-SOURCE
> Task :generators:soot-fact-generator:processResources NO-SOURCE
> Task :generators:soot-fact-generator:classes UP-TO-DATE
> Task :generators:soot-fact-generator:fatJar UP-TO-DATE
> Task :generators:soot-fact-generator:installJar UP-TO-DATE
> Task :generators:wala-fact-generator:compileJava UP-TO-DATE
> Task :generators:wala-fact-generator:processResources UP-TO-DATE
> Task :generators:wala-fact-generator:classes UP-TO-DATE
> Task :generators:wala-fact-generator:fatJar UP-TO-DATE
> Task :generators:wala-fact-generator:installJar UP-TO-DATE
> Task :resourceInstaller
> Task :processResources UP-TO-DATE
> Task :classes UP-TO-DATE
> Task :writeGitCommitHash UP-TO-DATE

> Task :run
WARNING: Default statistics are not compatible with analysis 'basic-only', disabling statistics logic.
Main class(es) expanded with [org.quartz.RootDriver]
WARNING: Handling of Java reflection is disabled!
New basic-only analysis
Id       : quartz-core-basic-only-NORMAL
Inputs   : /u/q8liang/Benchmarks/quartz-quartz-2.3.1-patched/quartz-core/target/quartz-core-2.3.1.jar, /u/q8liang/Benchmarks/quartz-quartz-2.3.1-patched/quartz-core/target/quartz-core-2.3.1-tests.jar, /u/q8liang/Benchmarks/quartz-quartz-2.3.1-patched/quartz-core/mvn_dependencies/HikariCP-java7-2.4.13.jar, /u/q8liang/Benchmarks/quartz-quartz-2.3.1-patched/quartz-core/mvn_dependencies/asm-3.2.jar, /u/q8liang/Benchmarks/quartz-quartz-2.3.1-patched/quartz-core/mvn_dependencies/c3p0-0.9.5.3.jar, /u/q8liang/Benchmarks/quartz-quartz-2.3.1-patched/quartz-core/mvn_dependencies/derby-10.8.2.2.jar, /u/q8liang/Benchmarks/quartz-quartz-2.3.1-patched/quartz-core/mvn_dependencies/derbyclient-10.8.2.2.jar, /u/q8liang/Benchmarks/quartz-quartz-2.3.1-patched/quartz-core/mvn_dependencies/derbynet-10.8.2.2.jar, /u/q8liang/Benchmarks/quartz-quartz-2.3.1-patched/quartz-core/mvn_dependencies/hamcrest-core-1.2.jar, /u/q8liang/Benchmarks/quartz-quartz-2.3.1-patched/quartz-core/mvn_dependencies/hamcrest-library-1.2.jar, /u/q8liang/Benchmarks/quartz-quartz-2.3.1-patched/quartz-core/mvn_dependencies/javaee-api-5.0-2.jar, /u/q8liang/Benchmarks/quartz-quartz-2.3.1-patched/quartz-core/mvn_dependencies/junit-dep-4.8.2.jar, /u/q8liang/Benchmarks/quartz-quartz-2.3.1-patched/quartz-core/mvn_dependencies/log4j-1.2.16.jar, /u/q8liang/Benchmarks/quartz-quartz-2.3.1-patched/quartz-core/mvn_dependencies/mchange-commons-java-0.2.15.jar, /u/q8liang/Benchmarks/quartz-quartz-2.3.1-patched/quartz-core/mvn_dependencies/mockito-all-1.9.5.jar, /u/q8liang/Benchmarks/quartz-quartz-2.3.1-patched/quartz-core/mvn_dependencies/slf4j-api-1.7.7.jar, /u/q8liang/Benchmarks/quartz-quartz-2.3.1-patched/quartz-core/mvn_dependencies/slf4j-log4j12-1.7.7.jar, /u/q8liang/Benchmarks/quartz-quartz-2.3.1-patched/quartz-core/mvn_dependencies/typesafe-config-2.10.1.jar
Libraries: 
Using a timeout of 90 min.
Adding extra logic file /u/q8liang/doop_new/souffle-logic/analyses/mocks/mocks.dl
[Task FACTS...]
[Task COMPILE...]
-- Fact Generation --
Using cached analysis executable /u/q8liang/doop_new/cache/souffle-analyses/basic-only/2305dd0373ad25382a0883953e52d2ad78749502e87d2d6c8a2e3b04fc6939b2
[Task COMPILE Done]
SOOT_FACT_GEN: Logging initialized, using directory: /u/q8liang/doop_new/build/logs
SOOT_FACT_GEN: SLF4J: Failed to load class "org.slf4j.impl.StaticLoggerBinder".
SOOT_FACT_GEN: SLF4J: Defaulting to no-operation (NOP) logger implementation
SOOT_FACT_GEN: SLF4J: See http://www.slf4j.org/codes.html#StaticLoggerBinder for further details.
SOOT_FACT_GEN: Preprocessing application: /u/q8liang/Benchmarks/quartz-quartz-2.3.1-patched/quartz-core/target/quartz-core-2.3.1.jar
SOOT_FACT_GEN: Preprocessing application: /u/q8liang/Benchmarks/quartz-quartz-2.3.1-patched/quartz-core/target/quartz-core-2.3.1-tests.jar
SOOT_FACT_GEN: Preprocessing application: /u/q8liang/Benchmarks/quartz-quartz-2.3.1-patched/quartz-core/mvn_dependencies/HikariCP-java7-2.4.13.jar
SOOT_FACT_GEN: Preprocessing application: /u/q8liang/Benchmarks/quartz-quartz-2.3.1-patched/quartz-core/mvn_dependencies/asm-3.2.jar
SOOT_FACT_GEN: Preprocessing application: /u/q8liang/Benchmarks/quartz-quartz-2.3.1-patched/quartz-core/mvn_dependencies/c3p0-0.9.5.3.jar
SOOT_FACT_GEN: Preprocessing application: /u/q8liang/Benchmarks/quartz-quartz-2.3.1-patched/quartz-core/mvn_dependencies/derby-10.8.2.2.jar
SOOT_FACT_GEN: Preprocessing application: /u/q8liang/Benchmarks/quartz-quartz-2.3.1-patched/quartz-core/mvn_dependencies/derbyclient-10.8.2.2.jar
SOOT_FACT_GEN: Preprocessing application: /u/q8liang/Benchmarks/quartz-quartz-2.3.1-patched/quartz-core/mvn_dependencies/derbynet-10.8.2.2.jar
SOOT_FACT_GEN: Preprocessing application: /u/q8liang/Benchmarks/quartz-quartz-2.3.1-patched/quartz-core/mvn_dependencies/hamcrest-core-1.2.jar
SOOT_FACT_GEN: Preprocessing application: /u/q8liang/Benchmarks/quartz-quartz-2.3.1-patched/quartz-core/mvn_dependencies/hamcrest-library-1.2.jar
SOOT_FACT_GEN: Preprocessing application: /u/q8liang/Benchmarks/quartz-quartz-2.3.1-patched/quartz-core/mvn_dependencies/javaee-api-5.0-2.jar
SOOT_FACT_GEN: Preprocessing application: /u/q8liang/Benchmarks/quartz-quartz-2.3.1-patched/quartz-core/mvn_dependencies/junit-dep-4.8.2.jar
SOOT_FACT_GEN: Preprocessing application: /u/q8liang/Benchmarks/quartz-quartz-2.3.1-patched/quartz-core/mvn_dependencies/log4j-1.2.16.jar
SOOT_FACT_GEN: Preprocessing application: /u/q8liang/Benchmarks/quartz-quartz-2.3.1-patched/quartz-core/mvn_dependencies/mchange-commons-java-0.2.15.jar
SOOT_FACT_GEN: Preprocessing application: /u/q8liang/Benchmarks/quartz-quartz-2.3.1-patched/quartz-core/mvn_dependencies/mockito-all-1.9.5.jar
SOOT_FACT_GEN: Preprocessing application: /u/q8liang/Benchmarks/quartz-quartz-2.3.1-patched/quartz-core/mvn_dependencies/slf4j-api-1.7.7.jar
SOOT_FACT_GEN: Preprocessing application: /u/q8liang/Benchmarks/quartz-quartz-2.3.1-patched/quartz-core/mvn_dependencies/slf4j-log4j12-1.7.7.jar
SOOT_FACT_GEN: Preprocessing application: /u/q8liang/Benchmarks/quartz-quartz-2.3.1-patched/quartz-core/mvn_dependencies/typesafe-config-2.10.1.jar
SOOT_FACT_GEN: Preprocessing platform library: /u/q8liang/doop_new/build/tmp/rt_5986423146463898339.jar
SOOT_FACT_GEN: Preprocessing platform library: /u/q8liang/doop_new/build/tmp/jce_8892024167547937137.jar
SOOT_FACT_GEN: Preprocessing platform library: /u/q8liang/doop_new/build/tmp/jsse_8825764072989192884.jar
SOOT_FACT_GEN: Adding archive: /u/q8liang/Benchmarks/quartz-quartz-2.3.1-patched/quartz-core/target/quartz-core-2.3.1.jar
SOOT_FACT_GEN: Adding archive: /u/q8liang/Benchmarks/quartz-quartz-2.3.1-patched/quartz-core/target/quartz-core-2.3.1-tests.jar
SOOT_FACT_GEN: Adding archive: /u/q8liang/Benchmarks/quartz-quartz-2.3.1-patched/quartz-core/mvn_dependencies/HikariCP-java7-2.4.13.jar
SOOT_FACT_GEN: Adding archive: /u/q8liang/Benchmarks/quartz-quartz-2.3.1-patched/quartz-core/mvn_dependencies/asm-3.2.jar
SOOT_FACT_GEN: Adding archive: /u/q8liang/Benchmarks/quartz-quartz-2.3.1-patched/quartz-core/mvn_dependencies/c3p0-0.9.5.3.jar
SOOT_FACT_GEN: Adding archive: /u/q8liang/Benchmarks/quartz-quartz-2.3.1-patched/quartz-core/mvn_dependencies/derby-10.8.2.2.jar
SOOT_FACT_GEN: Adding archive: /u/q8liang/Benchmarks/quartz-quartz-2.3.1-patched/quartz-core/mvn_dependencies/derbyclient-10.8.2.2.jar
SOOT_FACT_GEN: Adding archive: /u/q8liang/Benchmarks/quartz-quartz-2.3.1-patched/quartz-core/mvn_dependencies/derbynet-10.8.2.2.jar
SOOT_FACT_GEN: Adding archive: /u/q8liang/Benchmarks/quartz-quartz-2.3.1-patched/quartz-core/mvn_dependencies/hamcrest-core-1.2.jar
SOOT_FACT_GEN: Adding archive: /u/q8liang/Benchmarks/quartz-quartz-2.3.1-patched/quartz-core/mvn_dependencies/hamcrest-library-1.2.jar
SOOT_FACT_GEN: Adding archive: /u/q8liang/Benchmarks/quartz-quartz-2.3.1-patched/quartz-core/mvn_dependencies/javaee-api-5.0-2.jar
SOOT_FACT_GEN: Adding archive: /u/q8liang/Benchmarks/quartz-quartz-2.3.1-patched/quartz-core/mvn_dependencies/junit-dep-4.8.2.jar
SOOT_FACT_GEN: Adding archive: /u/q8liang/Benchmarks/quartz-quartz-2.3.1-patched/quartz-core/mvn_dependencies/log4j-1.2.16.jar
SOOT_FACT_GEN: Adding archive: /u/q8liang/Benchmarks/quartz-quartz-2.3.1-patched/quartz-core/mvn_dependencies/mchange-commons-java-0.2.15.jar
SOOT_FACT_GEN: Adding archive: /u/q8liang/Benchmarks/quartz-quartz-2.3.1-patched/quartz-core/mvn_dependencies/mockito-all-1.9.5.jar
SOOT_FACT_GEN: Adding archive: /u/q8liang/Benchmarks/quartz-quartz-2.3.1-patched/quartz-core/mvn_dependencies/slf4j-api-1.7.7.jar
SOOT_FACT_GEN: Adding archive: /u/q8liang/Benchmarks/quartz-quartz-2.3.1-patched/quartz-core/mvn_dependencies/slf4j-log4j12-1.7.7.jar
SOOT_FACT_GEN: Adding archive: /u/q8liang/Benchmarks/quartz-quartz-2.3.1-patched/quartz-core/mvn_dependencies/typesafe-config-2.10.1.jar
SOOT_FACT_GEN: Adding archive for resolving: /u/q8liang/doop_new/build/tmp/rt_5986423146463898339.jar
SOOT_FACT_GEN: Adding archive for resolving: /u/q8liang/doop_new/build/tmp/jce_8892024167547937137.jar
SOOT_FACT_GEN: Adding archive for resolving: /u/q8liang/doop_new/build/tmp/jsse_8825764072989192884.jar
SOOT_FACT_GEN: Classes in input (application) jar(s): 5471
SOOT_FACT_GEN: Total classes in Scene: 13254
SOOT_FACT_GEN: Retrieved all bodies (time: 69)
SOOT_FACT_GEN: Fact generation cores: 32
SOOT_FACT_GEN: WARNING: some classes were not resolved, consider using thorough fact generation or adding them manually via --also-resolve: [java.beans.Customizer, javax.sound.sampled.Port, java.rmi.activation.ActivationID, java.awt.dnd.MouseDragGestureRecognizer, com.sun.beans.editors.BooleanEditor, sun.util.locale.provider.HostLocaleProviderAdapterImpl, com.sun.management.GarbageCollectorMXBean, com.sun.beans.editors.LongEditor, com.sun.beans.editors.DoubleEditor, com.sun.beans.editors.ByteEditor, com.sun.beans.editors.FloatEditor, com.sun.beans.editors.IntegerEditor, com.sun.beans.editors.ShortEditor]
SOOT_FACT_GEN: Found 291 phantom references. Rerun with '--report-phantoms' for more details.
SOOT_FACT_GEN: Methods without active bodies encountered (and reset): 0
Soot fact generation time: 127
Caching facts in /u/q8liang/doop_new/cache/8938c7987e5766918949d0df263d8189e5dbbdd90e35c2085da303f83fff5b30
Copying /u/q8liang/doop_new/out/quartz-core-basic-only-NORMAL/database to /u/q8liang/doop_new/cache/8938c7987e5766918949d0df263d8189e5dbbdd90e35c2085da303f83fff5b30...
----
[Task FACTS Done]
Using /usr/bin/time to gather performance statistics...
Running analysis
Runtime info monitored in /u/q8liang/doop_new/out/quartz-core-basic-only-NORMAL/monitoring.txt (& /u/q8liang/doop_new/out/quartz-core-basic-only-NORMAL/monitoring.latest.txt)
822.46user 23.79system 14:19.09elapsed 98%CPU (0avgtext+0avgdata 1968420maxresident)k
248inputs+24739392outputs (1major+5268478minor)pagefaults 0swaps
Analysis execution time (sec): 859
-- Runtime metrics --
analysis compilation time (sec)                                                  0
analysis execution time (sec)                                                    859
disk footprint (KB)                                                              10,809,545
fact generation time (sec)                                                       127
Making database available at /u/q8liang/doop_new/results/quartz-core-2.3.1/basic-only/java_8/quartz-core-basic-only-NORMAL
Making database available at /u/q8liang/doop_new/last-analysis

Deprecated Gradle features were used in this build, making it incompatible with Gradle 7.0.
Use '--warning-mode all' to show the individual deprecation warnings.
See https://docs.gradle.org/6.7/userguide/command_line_interface.html#sec:command_line_warnings

BUILD SUCCESSFUL in 16m 49s
21 actionable tasks: 2 executed, 19 up-to-date
