Starting a Gradle Daemon, 5 busy Daemons could not be reused, use --status for details
> Task :generators:code-processor:generateGrammarSource UP-TO-DATE
> Task :generators:code-processor:compileJava UP-TO-DATE
> Task :generators:code-processor:compileGroovy UP-TO-DATE
> Task :generators:code-processor:processResources NO-SOURCE
> Task :generators:code-processor:classes UP-TO-DATE
> Task :generators:code-processor:jar UP-TO-DATE
> Task :generators:fact-generator-common:compileJava UP-TO-DATE
> Task :generators:fact-generator-common:processResources NO-SOURCE
> Task :generators:fact-generator-common:classes UP-TO-DATE
> Task :generators:fact-generator-common:shadowJar UP-TO-DATE
> Task :compileJava UP-TO-DATE
> Task :compileGroovy UP-TO-DATE
> Task :resolveApktool
> Task :generators:dex-fact-generator:compileJava UP-TO-DATE
> Task :generators:dex-fact-generator:processResources NO-SOURCE
> Task :generators:dex-fact-generator:classes UP-TO-DATE
> Task :generators:dex-fact-generator:fatJar UP-TO-DATE
> Task :generators:dex-fact-generator:installJar UP-TO-DATE
> Task :generators:soot-fact-generator:compileJava UP-TO-DATE
> Task :generators:soot-fact-generator:compileGroovy NO-SOURCE
> Task :generators:soot-fact-generator:processResources NO-SOURCE
> Task :generators:soot-fact-generator:classes UP-TO-DATE
> Task :generators:soot-fact-generator:fatJar UP-TO-DATE
> Task :generators:soot-fact-generator:installJar UP-TO-DATE
> Task :generators:wala-fact-generator:compileJava UP-TO-DATE
> Task :generators:wala-fact-generator:processResources UP-TO-DATE
> Task :generators:wala-fact-generator:classes UP-TO-DATE
> Task :generators:wala-fact-generator:fatJar UP-TO-DATE
> Task :generators:wala-fact-generator:installJar UP-TO-DATE
> Task :resourceInstaller
> Task :processResources UP-TO-DATE
> Task :classes UP-TO-DATE
> Task :writeGitCommitHash UP-TO-DATE

> Task :run
WARNING: Default statistics are not compatible with analysis 'basic-only', disabling statistics logic.
Main class(es) expanded with [org.apache.commons.collections4.RootDriver]
WARNING: Handling of Java reflection is disabled!
New basic-only analysis
Id       : commons-collections4-basic-no-mock
Inputs   : /u/q8liang/Benchmarks/commons-collections4-4.4/target/commons-collections4-4.4.jar, /u/q8liang/Benchmarks/commons-collections4-4.4/target/commons-collections4-4.4-tests.jar, /u/q8liang/Benchmarks/commons-collections4-4.4/mvn_dependencies/commons-lang3-3.9.jar, /u/q8liang/Benchmarks/commons-collections4-4.4/mvn_dependencies/dexmaker-1.5.jar, /u/q8liang/Benchmarks/commons-collections4-4.4/mvn_dependencies/easymock-4.0.2.jar, /u/q8liang/Benchmarks/commons-collections4-4.4/mvn_dependencies/hamcrest-core-1.3.jar, /u/q8liang/Benchmarks/commons-collections4-4.4/mvn_dependencies/junit-4.12.jar, /u/q8liang/Benchmarks/commons-collections4-4.4/mvn_dependencies/objenesis-3.0.1.jar
Libraries: 
Using a timeout of 90 min.
[Task COMPILE...]
[Task FACTS...]
-- Fact Generation --
Using cached analysis executable /u/q8liang/doop/cache/souffle-analyses/basic-only/f6778ed67859e9af67d88c957ff4ef455b0d02af29b04c1dec7023db32f32dcd
[Task COMPILE Done]
SOOT_FACT_GEN: Logging initialized, using directory: /u/q8liang/doop/build/logs
SOOT_FACT_GEN: SLF4J: Failed to load class "org.slf4j.impl.StaticLoggerBinder".
SOOT_FACT_GEN: SLF4J: Defaulting to no-operation (NOP) logger implementation
SOOT_FACT_GEN: SLF4J: See http://www.slf4j.org/codes.html#StaticLoggerBinder for further details.
SOOT_FACT_GEN: Preprocessing application: /u/q8liang/Benchmarks/commons-collections4-4.4/target/commons-collections4-4.4.jar
SOOT_FACT_GEN: Preprocessing application: /u/q8liang/Benchmarks/commons-collections4-4.4/target/commons-collections4-4.4-tests.jar
SOOT_FACT_GEN: Preprocessing application: /u/q8liang/Benchmarks/commons-collections4-4.4/mvn_dependencies/commons-lang3-3.9.jar
SOOT_FACT_GEN: Preprocessing application: /u/q8liang/Benchmarks/commons-collections4-4.4/mvn_dependencies/dexmaker-1.5.jar
SOOT_FACT_GEN: Preprocessing application: /u/q8liang/Benchmarks/commons-collections4-4.4/mvn_dependencies/easymock-4.0.2.jar
SOOT_FACT_GEN: Preprocessing application: /u/q8liang/Benchmarks/commons-collections4-4.4/mvn_dependencies/hamcrest-core-1.3.jar
SOOT_FACT_GEN: Preprocessing application: /u/q8liang/Benchmarks/commons-collections4-4.4/mvn_dependencies/junit-4.12.jar
SOOT_FACT_GEN: Preprocessing application: /u/q8liang/Benchmarks/commons-collections4-4.4/mvn_dependencies/objenesis-3.0.1.jar
SOOT_FACT_GEN: Preprocessing platform library: /u/q8liang/doop/build/tmp/rt_5055279870713234682.jar
SOOT_FACT_GEN: Preprocessing platform library: /u/q8liang/doop/build/tmp/jce_1544940239172634471.jar
SOOT_FACT_GEN: Preprocessing platform library: /u/q8liang/doop/build/tmp/jsse_3287346762482968521.jar
SOOT_FACT_GEN: Adding archive: /u/q8liang/Benchmarks/commons-collections4-4.4/target/commons-collections4-4.4.jar
SOOT_FACT_GEN: Adding archive: /u/q8liang/Benchmarks/commons-collections4-4.4/target/commons-collections4-4.4-tests.jar
SOOT_FACT_GEN: Adding archive: /u/q8liang/Benchmarks/commons-collections4-4.4/mvn_dependencies/commons-lang3-3.9.jar
SOOT_FACT_GEN: Adding archive: /u/q8liang/Benchmarks/commons-collections4-4.4/mvn_dependencies/dexmaker-1.5.jar
SOOT_FACT_GEN: Adding archive: /u/q8liang/Benchmarks/commons-collections4-4.4/mvn_dependencies/easymock-4.0.2.jar
SOOT_FACT_GEN: Adding archive: /u/q8liang/Benchmarks/commons-collections4-4.4/mvn_dependencies/hamcrest-core-1.3.jar
SOOT_FACT_GEN: Adding archive: /u/q8liang/Benchmarks/commons-collections4-4.4/mvn_dependencies/junit-4.12.jar
SOOT_FACT_GEN: Adding archive: /u/q8liang/Benchmarks/commons-collections4-4.4/mvn_dependencies/objenesis-3.0.1.jar
SOOT_FACT_GEN: Adding archive for resolving: /u/q8liang/doop/build/tmp/rt_5055279870713234682.jar
SOOT_FACT_GEN: Adding archive for resolving: /u/q8liang/doop/build/tmp/jce_1544940239172634471.jar
SOOT_FACT_GEN: Adding archive for resolving: /u/q8liang/doop/build/tmp/jsse_3287346762482968521.jar
SOOT_FACT_GEN: Classes in input (application) jar(s): 2409
SOOT_FACT_GEN: Total classes in Scene: 9682
SOOT_FACT_GEN: Retrieved all bodies (time: 56)
SOOT_FACT_GEN: Fact generation cores: 32
SOOT_FACT_GEN: WARNING: some classes were not resolved, consider using thorough fact generation or adding them manually via --also-resolve: [java.beans.Customizer, javax.sound.sampled.Port, java.awt.dnd.MouseDragGestureRecognizer, com.sun.beans.editors.BooleanEditor, sun.util.locale.provider.HostLocaleProviderAdapterImpl, com.sun.management.GarbageCollectorMXBean, com.sun.beans.editors.LongEditor, com.sun.beans.editors.DoubleEditor, com.sun.beans.editors.ByteEditor, com.sun.beans.editors.FloatEditor, com.sun.beans.editors.IntegerEditor, com.sun.beans.editors.ShortEditor]
SOOT_FACT_GEN: Found 41 phantom references. Rerun with '--report-phantoms' for more details.
SOOT_FACT_GEN: Methods without active bodies encountered (and reset): 0
Soot fact generation time: 99
Caching facts in /u/q8liang/doop/cache/892de3ed892c299f1c7370e0de693f714eaec38922d48c6fc523056f1a1a8ef9
Copying /u/q8liang/doop/out/commons-collections4-basic-no-mock/database to /u/q8liang/doop/cache/892de3ed892c299f1c7370e0de693f714eaec38922d48c6fc523056f1a1a8ef9...
----
[Task FACTS Done]
Using /usr/bin/time to gather performance statistics...
Running analysis
Runtime info monitored in /u/q8liang/doop/out/commons-collections4-basic-no-mock/monitoring.txt (& /u/q8liang/doop/out/commons-collections4-basic-no-mock/monitoring.latest.txt)
134.81user 8.01system 2:22.83elapsed 99%CPU (0avgtext+0avgdata 1284656maxresident)k
0inputs+5915600outputs (0major+3542371minor)pagefaults 0swaps
Analysis execution time (sec): 142
-- Runtime metrics --
analysis compilation time (sec)                                                  0
analysis execution time (sec)                                                    142
disk footprint (KB)                                                              4,317,267
fact generation time (sec)                                                       99
Making database available at /u/q8liang/doop/results/commons-collections4-4.4/basic-only/java_8/commons-collections4-basic-no-mock
Making database available at /u/q8liang/doop/last-analysis

Deprecated Gradle features were used in this build, making it incompatible with Gradle 7.0.
Use '--warning-mode all' to show the individual deprecation warnings.
See https://docs.gradle.org/6.7/userguide/command_line_interface.html#sec:command_line_warnings

BUILD SUCCESSFUL in 4m 25s
21 actionable tasks: 2 executed, 19 up-to-date
