> Task :generators:code-processor:generateGrammarSource UP-TO-DATE
> Task :generators:code-processor:compileJava UP-TO-DATE
> Task :generators:code-processor:compileGroovy UP-TO-DATE
> Task :generators:code-processor:processResources NO-SOURCE
> Task :generators:code-processor:classes UP-TO-DATE
> Task :generators:code-processor:jar UP-TO-DATE
> Task :generators:fact-generator-common:compileJava UP-TO-DATE
> Task :generators:fact-generator-common:processResources NO-SOURCE
> Task :generators:fact-generator-common:classes UP-TO-DATE
> Task :generators:fact-generator-common:shadowJar UP-TO-DATE
> Task :compileJava UP-TO-DATE
> Task :compileGroovy UP-TO-DATE
> Task :resolveApktool
> Task :generators:dex-fact-generator:compileJava UP-TO-DATE
> Task :generators:dex-fact-generator:processResources NO-SOURCE
> Task :generators:dex-fact-generator:classes UP-TO-DATE
> Task :generators:dex-fact-generator:fatJar UP-TO-DATE
> Task :generators:dex-fact-generator:installJar UP-TO-DATE
> Task :generators:soot-fact-generator:compileJava UP-TO-DATE
> Task :generators:soot-fact-generator:compileGroovy NO-SOURCE
> Task :generators:soot-fact-generator:processResources NO-SOURCE
> Task :generators:soot-fact-generator:classes UP-TO-DATE
> Task :generators:soot-fact-generator:fatJar UP-TO-DATE
> Task :generators:soot-fact-generator:installJar UP-TO-DATE
> Task :generators:wala-fact-generator:compileJava UP-TO-DATE
> Task :generators:wala-fact-generator:processResources UP-TO-DATE
> Task :generators:wala-fact-generator:classes UP-TO-DATE
> Task :generators:wala-fact-generator:fatJar UP-TO-DATE
> Task :generators:wala-fact-generator:installJar UP-TO-DATE
> Task :resourceInstaller
> Task :processResources UP-TO-DATE
> Task :classes UP-TO-DATE
> Task :writeGitCommitHash UP-TO-DATE

> Task :run
Main class(es) expanded with [org.apache.commons.collections4.RootDriver]
WARNING: Handling of Java reflection is disabled!
New context-insensitive-plusplus analysis
Id       : commons-collections4-context-insensitive-plusplus-NORMAL
Inputs   : /u/q8liang/Benchmarks/commons-collections4-4.4/target/commons-collections4-4.4.jar, /u/q8liang/Benchmarks/commons-collections4-4.4/target/commons-collections4-4.4-tests.jar, /u/q8liang/Benchmarks/commons-collections4-4.4/mvn_dependencies/commons-lang3-3.9.jar, /u/q8liang/Benchmarks/commons-collections4-4.4/mvn_dependencies/dexmaker-1.5.jar, /u/q8liang/Benchmarks/commons-collections4-4.4/mvn_dependencies/easymock-4.0.2.jar, /u/q8liang/Benchmarks/commons-collections4-4.4/mvn_dependencies/hamcrest-core-1.3.jar, /u/q8liang/Benchmarks/commons-collections4-4.4/mvn_dependencies/junit-4.12.jar, /u/q8liang/Benchmarks/commons-collections4-4.4/mvn_dependencies/objenesis-3.0.1.jar
Libraries: 
Using a timeout of 90 min.
Adding extra logic file /u/q8liang/doop_new/souffle-logic/analyses/mocks/mocks.dl
[Task FACTS...]
[Task COMPILE...]
-- Fact Generation --
Using cached analysis executable /u/q8liang/doop_new/cache/souffle-analyses/context-insensitive-plusplus/11517a4ce8ba964b82a150903dd26cf47fc79efc0d4bd38df30cb024f5442d09
[Task COMPILE Done]
SOOT_FACT_GEN: Logging initialized, using directory: /u/q8liang/doop_new/build/logs
SOOT_FACT_GEN: SLF4J: Failed to load class "org.slf4j.impl.StaticLoggerBinder".
SOOT_FACT_GEN: SLF4J: Defaulting to no-operation (NOP) logger implementation
SOOT_FACT_GEN: SLF4J: See http://www.slf4j.org/codes.html#StaticLoggerBinder for further details.
SOOT_FACT_GEN: Preprocessing application: /u/q8liang/Benchmarks/commons-collections4-4.4/target/commons-collections4-4.4.jar
SOOT_FACT_GEN: Preprocessing application: /u/q8liang/Benchmarks/commons-collections4-4.4/target/commons-collections4-4.4-tests.jar
SOOT_FACT_GEN: Preprocessing application: /u/q8liang/Benchmarks/commons-collections4-4.4/mvn_dependencies/commons-lang3-3.9.jar
SOOT_FACT_GEN: Preprocessing application: /u/q8liang/Benchmarks/commons-collections4-4.4/mvn_dependencies/dexmaker-1.5.jar
SOOT_FACT_GEN: Preprocessing application: /u/q8liang/Benchmarks/commons-collections4-4.4/mvn_dependencies/easymock-4.0.2.jar
SOOT_FACT_GEN: Preprocessing application: /u/q8liang/Benchmarks/commons-collections4-4.4/mvn_dependencies/hamcrest-core-1.3.jar
SOOT_FACT_GEN: Preprocessing application: /u/q8liang/Benchmarks/commons-collections4-4.4/mvn_dependencies/junit-4.12.jar
SOOT_FACT_GEN: Preprocessing application: /u/q8liang/Benchmarks/commons-collections4-4.4/mvn_dependencies/objenesis-3.0.1.jar
SOOT_FACT_GEN: Preprocessing platform library: /u/q8liang/doop_new/build/tmp/rt_2179226890539527640.jar
SOOT_FACT_GEN: Preprocessing platform library: /u/q8liang/doop_new/build/tmp/jce_6584851256866955784.jar
SOOT_FACT_GEN: Preprocessing platform library: /u/q8liang/doop_new/build/tmp/jsse_8754285925281614263.jar
SOOT_FACT_GEN: Adding archive: /u/q8liang/Benchmarks/commons-collections4-4.4/target/commons-collections4-4.4.jar
SOOT_FACT_GEN: Adding archive: /u/q8liang/Benchmarks/commons-collections4-4.4/target/commons-collections4-4.4-tests.jar
SOOT_FACT_GEN: Adding archive: /u/q8liang/Benchmarks/commons-collections4-4.4/mvn_dependencies/commons-lang3-3.9.jar
SOOT_FACT_GEN: Adding archive: /u/q8liang/Benchmarks/commons-collections4-4.4/mvn_dependencies/dexmaker-1.5.jar
SOOT_FACT_GEN: Adding archive: /u/q8liang/Benchmarks/commons-collections4-4.4/mvn_dependencies/easymock-4.0.2.jar
SOOT_FACT_GEN: Adding archive: /u/q8liang/Benchmarks/commons-collections4-4.4/mvn_dependencies/hamcrest-core-1.3.jar
SOOT_FACT_GEN: Adding archive: /u/q8liang/Benchmarks/commons-collections4-4.4/mvn_dependencies/junit-4.12.jar
SOOT_FACT_GEN: Adding archive: /u/q8liang/Benchmarks/commons-collections4-4.4/mvn_dependencies/objenesis-3.0.1.jar
SOOT_FACT_GEN: Adding archive for resolving: /u/q8liang/doop_new/build/tmp/rt_2179226890539527640.jar
SOOT_FACT_GEN: Adding archive for resolving: /u/q8liang/doop_new/build/tmp/jce_6584851256866955784.jar
SOOT_FACT_GEN: Adding archive for resolving: /u/q8liang/doop_new/build/tmp/jsse_8754285925281614263.jar
SOOT_FACT_GEN: Classes in input (application) jar(s): 2409
SOOT_FACT_GEN: Total classes in Scene: 9682
SOOT_FACT_GEN: Retrieved all bodies (time: 51)
SOOT_FACT_GEN: Fact generation cores: 32
SOOT_FACT_GEN: WARNING: some classes were not resolved, consider using thorough fact generation or adding them manually via --also-resolve: [java.beans.Customizer, javax.sound.sampled.Port, java.awt.dnd.MouseDragGestureRecognizer, com.sun.beans.editors.BooleanEditor, sun.util.locale.provider.HostLocaleProviderAdapterImpl, com.sun.management.GarbageCollectorMXBean, com.sun.beans.editors.LongEditor, com.sun.beans.editors.DoubleEditor, com.sun.beans.editors.ByteEditor, com.sun.beans.editors.FloatEditor, com.sun.beans.editors.IntegerEditor, com.sun.beans.editors.ShortEditor]
SOOT_FACT_GEN: Found 40 phantom references. Rerun with '--report-phantoms' for more details.
SOOT_FACT_GEN: Methods without active bodies encountered (and reset): 0
Soot fact generation time: 92
Caching facts in /u/q8liang/doop_new/cache/9a7a8f874c3dbddcb118808b64db0b9a130325192063dce9948c36a38162407a
Copying /u/q8liang/doop_new/out/commons-collections4-context-insensitive-plusplus-NORMAL/database to /u/q8liang/doop_new/cache/9a7a8f874c3dbddcb118808b64db0b9a130325192063dce9948c36a38162407a...
----
[Task FACTS Done]
Using /usr/bin/time to gather performance statistics...
Running analysis
Runtime info monitored in /u/q8liang/doop_new/out/commons-collections4-context-insensitive-plusplus-NORMAL/monitoring.txt (& /u/q8liang/doop_new/out/commons-collections4-context-insensitive-plusplus-NORMAL/monitoring.latest.txt)
257.68user 17.36system 4:36.94elapsed 99%CPU (0avgtext+0avgdata 3243076maxresident)k
0inputs+14289192outputs (0major+5889352minor)pagefaults 0swaps
Analysis execution time (sec): 276
-- Runtime metrics --
analysis compilation time (sec)                                                  0
analysis execution time (sec)                                                    276
disk footprint (KB)                                                              8,432,362
fact generation time (sec)                                                       92
-- Statistics --
var points-to (INS)                                                              9,280,716
var points-to (SENS)                                                             10,468,991
reachable variables (INS)                                                        172,409
reachable variables (SENS)                                                       204,791
reachable methods (INS)                                                          19,040
reachable methods (SENS)                                                         23,480
total methods                                                                    89,523
virtual call sites (statically)                                                  184,923
reachable virtual call sites                                                     49,522
polymorphic virtual call sites                                                   4,525
null virtual call sites                                                          10,343
empty virtual call sites                                                         2,052
app virtual call sites (statically)                                              47,247
app reachable virtual call sites                                                 24,102
app polymorphic virtual call sites                                               2,812
app null virtual call sites                                                      4,418
app empty reachable virtual call sites                                           1,243
array index points-to (INS)                                                      65,590
array index points-to (SENS)                                                     65,590
casts (statically)                                                               25,741
reachable casts                                                                  3,236
reachable casts that may fail                                                    2,415
app casts (statically)                                                           4,493
app reachable casts                                                              1,448
app reachable casts that may fail                                                1,133
app reachable methods                                                            8,146
app concrete methods                                                             19,639
instance field points-to (INS)                                                   805,141
instance field points-to (SENS)                                                  805,141
static field points-to (INS)                                                     5,730
static field points-to (SENS)                                                    5,730
app var points-to (INS)                                                          5,924,540
app var points-to (SENS)                                                         6,461,158
java.util var points-to (INS)                                                    1,658,358
java.util var points-to (SENS)                                                   2,097,711
app array index points-to (INS)                                                  34,513
app array index points-to (SENS)                                                 34,513
mock objects                                                                     0
mock objects for receivers                                                       0
mock objects for arg                                                             0
forced-reachable formals that could not be mocked                                0
app instance field points-to (INS)                                               577,931
app instance field points-to (SENS)                                              577,931
call graph edges (INS)                                                           132,386
call graph edges (SENS)                                                          183,380
non-reachable app concrete methods                                               11,496
Making database available at /u/q8liang/doop_new/results/commons-collections4-4.4/context-insensitive-plusplus/java_8/commons-collections4-context-insensitive-plusplus-NORMAL
Making database available at /u/q8liang/doop_new/last-analysis

Deprecated Gradle features were used in this build, making it incompatible with Gradle 7.0.
Use '--warning-mode all' to show the individual deprecation warnings.
See https://docs.gradle.org/6.7/userguide/command_line_interface.html#sec:command_line_warnings

BUILD SUCCESSFUL in 6m 29s
21 actionable tasks: 2 executed, 19 up-to-date
./doop -a context-insensitive-plusplus -i /u/q8liang/Benchmarks/commons-collections4-4.4/target/commons-collections4-4.4.jar -i /u/q8liang/Benchmarks/commons-collections4-4.4/target/commons-collections4-4.4-tests.jar -i /u/q8liang/Benchmarks/commons-collections4-4.4/mvn_dependencies --id commons-collections4-context-insensitive-plusplus-NORMAL --souffle-jobs 32 --main org.apache.commons.collections4.RootDriver --define-cpp-macro USE_BASIC --extra-logic souffle-logic/analyses/mocks/mocks.dl
> Task :generators:code-processor:generateGrammarSource UP-TO-DATE
> Task :generators:code-processor:compileJava UP-TO-DATE
> Task :generators:code-processor:compileGroovy UP-TO-DATE
> Task :generators:code-processor:processResources NO-SOURCE
> Task :generators:code-processor:classes UP-TO-DATE
> Task :generators:code-processor:jar UP-TO-DATE
> Task :generators:fact-generator-common:compileJava UP-TO-DATE
> Task :generators:fact-generator-common:processResources NO-SOURCE
> Task :generators:fact-generator-common:classes UP-TO-DATE
> Task :generators:fact-generator-common:shadowJar UP-TO-DATE
> Task :compileJava UP-TO-DATE
> Task :compileGroovy UP-TO-DATE
> Task :resolveApktool
> Task :generators:dex-fact-generator:compileJava UP-TO-DATE
> Task :generators:dex-fact-generator:processResources NO-SOURCE
> Task :generators:dex-fact-generator:classes UP-TO-DATE
> Task :generators:dex-fact-generator:fatJar UP-TO-DATE
> Task :generators:dex-fact-generator:installJar UP-TO-DATE
> Task :generators:soot-fact-generator:compileJava UP-TO-DATE
> Task :generators:soot-fact-generator:compileGroovy NO-SOURCE
> Task :generators:soot-fact-generator:processResources NO-SOURCE
> Task :generators:soot-fact-generator:classes UP-TO-DATE
> Task :generators:soot-fact-generator:fatJar UP-TO-DATE
> Task :generators:soot-fact-generator:installJar UP-TO-DATE
> Task :generators:wala-fact-generator:compileJava UP-TO-DATE
> Task :generators:wala-fact-generator:processResources UP-TO-DATE
> Task :generators:wala-fact-generator:classes UP-TO-DATE
> Task :generators:wala-fact-generator:fatJar UP-TO-DATE
> Task :generators:wala-fact-generator:installJar UP-TO-DATE
> Task :resourceInstaller
> Task :processResources UP-TO-DATE
> Task :classes UP-TO-DATE
> Task :writeGitCommitHash UP-TO-DATE

> Task :run
Main class(es) expanded with [org.apache.commons.collections4.RootDriver]
WARNING: Handling of Java reflection is disabled!
New context-insensitive-plusplus analysis
Id       : commons-collections4-context-insensitive-plusplus-NORMAL
Inputs   : /u/q8liang/Benchmarks/commons-collections4-4.4/target/commons-collections4-4.4.jar, /u/q8liang/Benchmarks/commons-collections4-4.4/target/commons-collections4-4.4-tests.jar, /u/q8liang/Benchmarks/commons-collections4-4.4/mvn_dependencies/commons-lang3-3.9.jar, /u/q8liang/Benchmarks/commons-collections4-4.4/mvn_dependencies/dexmaker-1.5.jar, /u/q8liang/Benchmarks/commons-collections4-4.4/mvn_dependencies/easymock-4.0.2.jar, /u/q8liang/Benchmarks/commons-collections4-4.4/mvn_dependencies/hamcrest-core-1.3.jar, /u/q8liang/Benchmarks/commons-collections4-4.4/mvn_dependencies/junit-4.12.jar, /u/q8liang/Benchmarks/commons-collections4-4.4/mvn_dependencies/objenesis-3.0.1.jar
Libraries: 
Using a timeout of 90 min.
Adding extra logic file /u/q8liang/doop_new/souffle-logic/analyses/mocks/mocks.dl
[Task COMPILE...]
[Task FACTS...]
-- Fact Generation --
Using cached analysis executable /u/q8liang/doop_new/cache/souffle-analyses/context-insensitive-plusplus/9b34c165eefbccdbaf33565c5a7946a1dcb0f2313d504a4675fb8b5859308d1b
[Task COMPILE Done]
SOOT_FACT_GEN: Logging initialized, using directory: /u/q8liang/doop_new/build/logs
SOOT_FACT_GEN: SLF4J: Failed to load class "org.slf4j.impl.StaticLoggerBinder".
SOOT_FACT_GEN: SLF4J: Defaulting to no-operation (NOP) logger implementation
SOOT_FACT_GEN: SLF4J: See http://www.slf4j.org/codes.html#StaticLoggerBinder for further details.
SOOT_FACT_GEN: Preprocessing application: /u/q8liang/Benchmarks/commons-collections4-4.4/target/commons-collections4-4.4.jar
SOOT_FACT_GEN: Preprocessing application: /u/q8liang/Benchmarks/commons-collections4-4.4/target/commons-collections4-4.4-tests.jar
SOOT_FACT_GEN: Preprocessing application: /u/q8liang/Benchmarks/commons-collections4-4.4/mvn_dependencies/commons-lang3-3.9.jar
SOOT_FACT_GEN: Preprocessing application: /u/q8liang/Benchmarks/commons-collections4-4.4/mvn_dependencies/dexmaker-1.5.jar
SOOT_FACT_GEN: Preprocessing application: /u/q8liang/Benchmarks/commons-collections4-4.4/mvn_dependencies/easymock-4.0.2.jar
SOOT_FACT_GEN: Preprocessing application: /u/q8liang/Benchmarks/commons-collections4-4.4/mvn_dependencies/hamcrest-core-1.3.jar
SOOT_FACT_GEN: Preprocessing application: /u/q8liang/Benchmarks/commons-collections4-4.4/mvn_dependencies/junit-4.12.jar
SOOT_FACT_GEN: Preprocessing application: /u/q8liang/Benchmarks/commons-collections4-4.4/mvn_dependencies/objenesis-3.0.1.jar
SOOT_FACT_GEN: Preprocessing platform library: /u/q8liang/doop_new/build/tmp/rt_853942838150330215.jar
SOOT_FACT_GEN: Preprocessing platform library: /u/q8liang/doop_new/build/tmp/jce_3996497199961230416.jar
SOOT_FACT_GEN: Preprocessing platform library: /u/q8liang/doop_new/build/tmp/jsse_8402196376761342229.jar
SOOT_FACT_GEN: Adding archive: /u/q8liang/Benchmarks/commons-collections4-4.4/target/commons-collections4-4.4.jar
SOOT_FACT_GEN: Adding archive: /u/q8liang/Benchmarks/commons-collections4-4.4/target/commons-collections4-4.4-tests.jar
SOOT_FACT_GEN: Adding archive: /u/q8liang/Benchmarks/commons-collections4-4.4/mvn_dependencies/commons-lang3-3.9.jar
SOOT_FACT_GEN: Adding archive: /u/q8liang/Benchmarks/commons-collections4-4.4/mvn_dependencies/dexmaker-1.5.jar
SOOT_FACT_GEN: Adding archive: /u/q8liang/Benchmarks/commons-collections4-4.4/mvn_dependencies/easymock-4.0.2.jar
SOOT_FACT_GEN: Adding archive: /u/q8liang/Benchmarks/commons-collections4-4.4/mvn_dependencies/hamcrest-core-1.3.jar
SOOT_FACT_GEN: Adding archive: /u/q8liang/Benchmarks/commons-collections4-4.4/mvn_dependencies/junit-4.12.jar
SOOT_FACT_GEN: Adding archive: /u/q8liang/Benchmarks/commons-collections4-4.4/mvn_dependencies/objenesis-3.0.1.jar
SOOT_FACT_GEN: Adding archive for resolving: /u/q8liang/doop_new/build/tmp/rt_853942838150330215.jar
SOOT_FACT_GEN: Adding archive for resolving: /u/q8liang/doop_new/build/tmp/jce_3996497199961230416.jar
SOOT_FACT_GEN: Adding archive for resolving: /u/q8liang/doop_new/build/tmp/jsse_8402196376761342229.jar
SOOT_FACT_GEN: Classes in input (application) jar(s): 2409
SOOT_FACT_GEN: Total classes in Scene: 9682
SOOT_FACT_GEN: Retrieved all bodies (time: 50)
SOOT_FACT_GEN: Fact generation cores: 32
SOOT_FACT_GEN: WARNING: some classes were not resolved, consider using thorough fact generation or adding them manually via --also-resolve: [java.beans.Customizer, javax.sound.sampled.Port, java.awt.dnd.MouseDragGestureRecognizer, com.sun.beans.editors.BooleanEditor, sun.util.locale.provider.HostLocaleProviderAdapterImpl, com.sun.management.GarbageCollectorMXBean, com.sun.beans.editors.LongEditor, com.sun.beans.editors.DoubleEditor, com.sun.beans.editors.ByteEditor, com.sun.beans.editors.FloatEditor, com.sun.beans.editors.IntegerEditor, com.sun.beans.editors.ShortEditor]
SOOT_FACT_GEN: Found 44 phantom references. Rerun with '--report-phantoms' for more details.
SOOT_FACT_GEN: Methods without active bodies encountered (and reset): 0
Soot fact generation time: 88
Caching facts in /u/q8liang/doop_new/cache/9a7a8f874c3dbddcb118808b64db0b9a130325192063dce9948c36a38162407a
Copying /u/q8liang/doop_new/out/commons-collections4-context-insensitive-plusplus-NORMAL/database to /u/q8liang/doop_new/cache/9a7a8f874c3dbddcb118808b64db0b9a130325192063dce9948c36a38162407a...
----
[Task FACTS Done]
Using /usr/bin/time to gather performance statistics...
Running analysis
Runtime info monitored in /u/q8liang/doop_new/out/commons-collections4-context-insensitive-plusplus-NORMAL/monitoring.txt (& /u/q8liang/doop_new/out/commons-collections4-context-insensitive-plusplus-NORMAL/monitoring.latest.txt)
286.07user 45.18system 5:34.31elapsed 99%CPU (0avgtext+0avgdata 3237396maxresident)k
0inputs+25832688outputs (0major+29393565minor)pagefaults 0swaps
Analysis execution time (sec): 334
-- Runtime metrics --
analysis compilation time (sec)                                                  0
analysis execution time (sec)                                                    334
disk footprint (KB)                                                              13,500,631
fact generation time (sec)                                                       88
-- Statistics --
var points-to (INS)                                                              9,280,716
var points-to (SENS)                                                             10,468,991
reachable variables (INS)                                                        172,409
reachable variables (SENS)                                                       204,791
reachable methods (INS)                                                          19,040
reachable methods (SENS)                                                         23,480
total methods                                                                    89,527
virtual call sites (statically)                                                  184,923
reachable virtual call sites                                                     49,522
polymorphic virtual call sites                                                   4,525
null virtual call sites                                                          10,343
empty virtual call sites                                                         2,052
app virtual call sites (statically)                                              47,247
app reachable virtual call sites                                                 24,102
app polymorphic virtual call sites                                               2,812
app null virtual call sites                                                      4,418
app empty reachable virtual call sites                                           1,243
array index points-to (INS)                                                      65,590
array index points-to (SENS)                                                     65,590
casts (statically)                                                               25,741
reachable casts                                                                  3,236
reachable casts that may fail                                                    2,415
app casts (statically)                                                           4,493
app reachable casts                                                              1,448
app reachable casts that may fail                                                1,133
app reachable methods                                                            8,146
app concrete methods                                                             19,639
instance field points-to (INS)                                                   805,141
instance field points-to (SENS)                                                  805,141
static field points-to (INS)                                                     5,730
static field points-to (SENS)                                                    5,730
app var points-to (INS)                                                          5,924,540
app var points-to (SENS)                                                         6,461,158
java.util var points-to (INS)                                                    1,658,358
java.util var points-to (SENS)                                                   2,097,711
app array index points-to (INS)                                                  34,513
app array index points-to (SENS)                                                 34,513
mock objects                                                                     0
mock objects for receivers                                                       0
mock objects for arg                                                             0
forced-reachable formals that could not be mocked                                0
app instance field points-to (INS)                                               577,931
app instance field points-to (SENS)                                              577,931
call graph edges (INS)                                                           132,386
call graph edges (SENS)                                                          183,380
non-reachable app concrete methods                                               11,496
Making database available at /u/q8liang/doop_new/results/commons-collections4-4.4/context-insensitive-plusplus/java_8/commons-collections4-context-insensitive-plusplus-NORMAL
Making database available at /u/q8liang/doop_new/last-analysis

Deprecated Gradle features were used in this build, making it incompatible with Gradle 7.0.
Use '--warning-mode all' to show the individual deprecation warnings.
See https://docs.gradle.org/6.7/userguide/command_line_interface.html#sec:command_line_warnings

BUILD SUCCESSFUL in 7m 15s
21 actionable tasks: 2 executed, 19 up-to-date
./doop -a context-insensitive-plusplus -i /u/q8liang/Benchmarks/commons-collections4-4.4/target/commons-collections4-4.4.jar -i /u/q8liang/Benchmarks/commons-collections4-4.4/target/commons-collections4-4.4-tests.jar -i /u/q8liang/Benchmarks/commons-collections4-4.4/mvn_dependencies --id commons-collections4-context-insensitive-plusplus-NORMAL --souffle-jobs 32 --main org.apache.commons.collections4.RootDriver --define-cpp-macro USE_BASIC --extra-logic souffle-logic/analyses/mocks/mocks.dl
> Task :generators:code-processor:generateGrammarSource UP-TO-DATE
> Task :generators:code-processor:compileJava UP-TO-DATE
> Task :generators:code-processor:compileGroovy UP-TO-DATE
> Task :generators:code-processor:processResources NO-SOURCE
> Task :generators:code-processor:classes UP-TO-DATE
> Task :generators:code-processor:jar UP-TO-DATE
> Task :generators:fact-generator-common:compileJava UP-TO-DATE
> Task :generators:fact-generator-common:processResources NO-SOURCE
> Task :generators:fact-generator-common:classes UP-TO-DATE
> Task :generators:fact-generator-common:shadowJar UP-TO-DATE
> Task :compileJava UP-TO-DATE
> Task :compileGroovy UP-TO-DATE
> Task :resolveApktool
> Task :generators:dex-fact-generator:compileJava UP-TO-DATE
> Task :generators:dex-fact-generator:processResources NO-SOURCE
> Task :generators:dex-fact-generator:classes UP-TO-DATE
> Task :generators:dex-fact-generator:fatJar UP-TO-DATE
> Task :generators:dex-fact-generator:installJar UP-TO-DATE
> Task :generators:soot-fact-generator:compileJava UP-TO-DATE
> Task :generators:soot-fact-generator:compileGroovy NO-SOURCE
> Task :generators:soot-fact-generator:processResources NO-SOURCE
> Task :generators:soot-fact-generator:classes UP-TO-DATE
> Task :generators:soot-fact-generator:fatJar UP-TO-DATE
> Task :generators:soot-fact-generator:installJar UP-TO-DATE
> Task :generators:wala-fact-generator:compileJava UP-TO-DATE
> Task :generators:wala-fact-generator:processResources UP-TO-DATE
> Task :generators:wala-fact-generator:classes UP-TO-DATE
> Task :generators:wala-fact-generator:fatJar UP-TO-DATE
> Task :generators:wala-fact-generator:installJar UP-TO-DATE
> Task :resourceInstaller
> Task :processResources UP-TO-DATE
> Task :classes UP-TO-DATE
> Task :writeGitCommitHash UP-TO-DATE

> Task :run
Main class(es) expanded with [org.apache.commons.collections4.RootDriver]
WARNING: Handling of Java reflection is disabled!
New context-insensitive-plusplus analysis
Id       : commons-collections4-context-insensitive-plusplus-NORMAL
Inputs   : /u/q8liang/Benchmarks/commons-collections4-4.4/target/commons-collections4-4.4.jar, /u/q8liang/Benchmarks/commons-collections4-4.4/target/commons-collections4-4.4-tests.jar, /u/q8liang/Benchmarks/commons-collections4-4.4/mvn_dependencies/commons-lang3-3.9.jar, /u/q8liang/Benchmarks/commons-collections4-4.4/mvn_dependencies/dexmaker-1.5.jar, /u/q8liang/Benchmarks/commons-collections4-4.4/mvn_dependencies/easymock-4.0.2.jar, /u/q8liang/Benchmarks/commons-collections4-4.4/mvn_dependencies/hamcrest-core-1.3.jar, /u/q8liang/Benchmarks/commons-collections4-4.4/mvn_dependencies/junit-4.12.jar, /u/q8liang/Benchmarks/commons-collections4-4.4/mvn_dependencies/objenesis-3.0.1.jar
Libraries: 
Using a timeout of 90 min.
Adding extra logic file /u/q8liang/doop_new/souffle-logic/analyses/mocks/mocks.dl
[Task FACTS...]
-- Fact Generation --
[Task COMPILE...]
Using cached analysis executable /u/q8liang/doop_new/cache/souffle-analyses/context-insensitive-plusplus/6186976f887978ad533c5bc3a6ebb17240116a2a0d616bcdaef0d735de6cdb8b
[Task COMPILE Done]
SOOT_FACT_GEN: Logging initialized, using directory: /u/q8liang/doop_new/build/logs
SOOT_FACT_GEN: SLF4J: Failed to load class "org.slf4j.impl.StaticLoggerBinder".
SOOT_FACT_GEN: SLF4J: Defaulting to no-operation (NOP) logger implementation
SOOT_FACT_GEN: SLF4J: See http://www.slf4j.org/codes.html#StaticLoggerBinder for further details.
SOOT_FACT_GEN: Preprocessing application: /u/q8liang/Benchmarks/commons-collections4-4.4/target/commons-collections4-4.4.jar
SOOT_FACT_GEN: Preprocessing application: /u/q8liang/Benchmarks/commons-collections4-4.4/target/commons-collections4-4.4-tests.jar
SOOT_FACT_GEN: Preprocessing application: /u/q8liang/Benchmarks/commons-collections4-4.4/mvn_dependencies/commons-lang3-3.9.jar
SOOT_FACT_GEN: Preprocessing application: /u/q8liang/Benchmarks/commons-collections4-4.4/mvn_dependencies/dexmaker-1.5.jar
SOOT_FACT_GEN: Preprocessing application: /u/q8liang/Benchmarks/commons-collections4-4.4/mvn_dependencies/easymock-4.0.2.jar
SOOT_FACT_GEN: Preprocessing application: /u/q8liang/Benchmarks/commons-collections4-4.4/mvn_dependencies/hamcrest-core-1.3.jar
SOOT_FACT_GEN: Preprocessing application: /u/q8liang/Benchmarks/commons-collections4-4.4/mvn_dependencies/junit-4.12.jar
SOOT_FACT_GEN: Preprocessing application: /u/q8liang/Benchmarks/commons-collections4-4.4/mvn_dependencies/objenesis-3.0.1.jar
SOOT_FACT_GEN: Preprocessing platform library: /u/q8liang/doop_new/build/tmp/rt_7224362133783345735.jar
SOOT_FACT_GEN: Preprocessing platform library: /u/q8liang/doop_new/build/tmp/jce_2929885616490643925.jar
SOOT_FACT_GEN: Preprocessing platform library: /u/q8liang/doop_new/build/tmp/jsse_8543062729497304445.jar
SOOT_FACT_GEN: Adding archive: /u/q8liang/Benchmarks/commons-collections4-4.4/target/commons-collections4-4.4.jar
SOOT_FACT_GEN: Adding archive: /u/q8liang/Benchmarks/commons-collections4-4.4/target/commons-collections4-4.4-tests.jar
SOOT_FACT_GEN: Adding archive: /u/q8liang/Benchmarks/commons-collections4-4.4/mvn_dependencies/commons-lang3-3.9.jar
SOOT_FACT_GEN: Adding archive: /u/q8liang/Benchmarks/commons-collections4-4.4/mvn_dependencies/dexmaker-1.5.jar
SOOT_FACT_GEN: Adding archive: /u/q8liang/Benchmarks/commons-collections4-4.4/mvn_dependencies/easymock-4.0.2.jar
SOOT_FACT_GEN: Adding archive: /u/q8liang/Benchmarks/commons-collections4-4.4/mvn_dependencies/hamcrest-core-1.3.jar
SOOT_FACT_GEN: Adding archive: /u/q8liang/Benchmarks/commons-collections4-4.4/mvn_dependencies/junit-4.12.jar
SOOT_FACT_GEN: Adding archive: /u/q8liang/Benchmarks/commons-collections4-4.4/mvn_dependencies/objenesis-3.0.1.jar
SOOT_FACT_GEN: Adding archive for resolving: /u/q8liang/doop_new/build/tmp/rt_7224362133783345735.jar
SOOT_FACT_GEN: Adding archive for resolving: /u/q8liang/doop_new/build/tmp/jce_2929885616490643925.jar
SOOT_FACT_GEN: Adding archive for resolving: /u/q8liang/doop_new/build/tmp/jsse_8543062729497304445.jar
SOOT_FACT_GEN: Classes in input (application) jar(s): 2409
SOOT_FACT_GEN: Total classes in Scene: 9682
SOOT_FACT_GEN: Retrieved all bodies (time: 63)
SOOT_FACT_GEN: Fact generation cores: 32
SOOT_FACT_GEN: WARNING: some classes were not resolved, consider using thorough fact generation or adding them manually via --also-resolve: [java.beans.Customizer, javax.sound.sampled.Port, java.awt.dnd.MouseDragGestureRecognizer, com.sun.beans.editors.BooleanEditor, sun.util.locale.provider.HostLocaleProviderAdapterImpl, com.sun.management.GarbageCollectorMXBean, com.sun.beans.editors.LongEditor, com.sun.beans.editors.DoubleEditor, com.sun.beans.editors.ByteEditor, com.sun.beans.editors.FloatEditor, com.sun.beans.editors.IntegerEditor, com.sun.beans.editors.ShortEditor]
SOOT_FACT_GEN: Found 36 phantom references. Rerun with '--report-phantoms' for more details.
SOOT_FACT_GEN: Methods without active bodies encountered (and reset): 0
Soot fact generation time: 107
Caching facts in /u/q8liang/doop_new/cache/9a7a8f874c3dbddcb118808b64db0b9a130325192063dce9948c36a38162407a
Copying /u/q8liang/doop_new/out/commons-collections4-context-insensitive-plusplus-NORMAL/database to /u/q8liang/doop_new/cache/9a7a8f874c3dbddcb118808b64db0b9a130325192063dce9948c36a38162407a...
----
[Task FACTS Done]
Using /usr/bin/time to gather performance statistics...
Running analysis
Runtime info monitored in /u/q8liang/doop_new/out/commons-collections4-context-insensitive-plusplus-NORMAL/monitoring.txt (& /u/q8liang/doop_new/out/commons-collections4-context-insensitive-plusplus-NORMAL/monitoring.latest.txt)
287.57user 29.28system 6:11.64elapsed 85%CPU (0avgtext+0avgdata 3152932maxresident)k
2536inputs+24413864outputs (1major+13725914minor)pagefaults 0swaps
Analysis execution time (sec): 371
-- Runtime metrics --
analysis compilation time (sec)                                                  0
analysis execution time (sec)                                                    371
disk footprint (KB)                                                              13,502,447
fact generation time (sec)                                                       107
-- Statistics --
var points-to (INS)                                                              9,280,716
var points-to (SENS)                                                             10,468,991
reachable variables (INS)                                                        172,409
reachable variables (SENS)                                                       204,791
reachable methods (INS)                                                          19,040
reachable methods (SENS)                                                         23,480
total methods                                                                    89,522
virtual call sites (statically)                                                  184,923
reachable virtual call sites                                                     49,522
polymorphic virtual call sites                                                   4,525
null virtual call sites                                                          10,343
empty virtual call sites                                                         2,052
app virtual call sites (statically)                                              47,247
app reachable virtual call sites                                                 24,102
app polymorphic virtual call sites                                               2,812
app null virtual call sites                                                      4,418
app empty reachable virtual call sites                                           1,243
array index points-to (INS)                                                      65,590
array index points-to (SENS)                                                     65,590
casts (statically)                                                               25,741
reachable casts                                                                  3,236
reachable casts that may fail                                                    2,415
app casts (statically)                                                           4,493
app reachable casts                                                              1,448
app reachable casts that may fail                                                1,133
app reachable methods                                                            8,146
app concrete methods                                                             19,639
instance field points-to (INS)                                                   805,141
instance field points-to (SENS)                                                  805,141
static field points-to (INS)                                                     5,730
static field points-to (SENS)                                                    5,730
app var points-to (INS)                                                          5,924,540
app var points-to (SENS)                                                         6,461,158
java.util var points-to (INS)                                                    1,658,358
java.util var points-to (SENS)                                                   2,097,711
app array index points-to (INS)                                                  34,513
app array index points-to (SENS)                                                 34,513
mock objects                                                                     0
mock objects for receivers                                                       0
mock objects for arg                                                             0
forced-reachable formals that could not be mocked                                0
app instance field points-to (INS)                                               577,931
app instance field points-to (SENS)                                              577,931
call graph edges (INS)                                                           132,386
call graph edges (SENS)                                                          183,380
non-reachable app concrete methods                                               11,496
Making database available at /u/q8liang/doop_new/results/commons-collections4-4.4/context-insensitive-plusplus/java_8/commons-collections4-context-insensitive-plusplus-NORMAL
Making database available at /u/q8liang/doop_new/last-analysis

Deprecated Gradle features were used in this build, making it incompatible with Gradle 7.0.
Use '--warning-mode all' to show the individual deprecation warnings.
See https://docs.gradle.org/6.7/userguide/command_line_interface.html#sec:command_line_warnings

BUILD SUCCESSFUL in 8m 13s
21 actionable tasks: 2 executed, 19 up-to-date
