> Task :generators:code-processor:generateGrammarSource UP-TO-DATE
> Task :generators:code-processor:compileJava UP-TO-DATE
> Task :generators:code-processor:compileGroovy UP-TO-DATE
> Task :generators:code-processor:processResources NO-SOURCE
> Task :generators:code-processor:classes UP-TO-DATE
> Task :generators:code-processor:jar UP-TO-DATE
> Task :generators:fact-generator-common:compileJava UP-TO-DATE
> Task :generators:fact-generator-common:processResources NO-SOURCE
> Task :generators:fact-generator-common:classes UP-TO-DATE
> Task :generators:fact-generator-common:shadowJar UP-TO-DATE
> Task :compileJava UP-TO-DATE
> Task :compileGroovy UP-TO-DATE
> Task :resolveApktool
> Task :generators:dex-fact-generator:compileJava UP-TO-DATE
> Task :generators:dex-fact-generator:processResources NO-SOURCE
> Task :generators:dex-fact-generator:classes UP-TO-DATE
> Task :generators:dex-fact-generator:fatJar UP-TO-DATE
> Task :generators:dex-fact-generator:installJar UP-TO-DATE
> Task :generators:soot-fact-generator:compileJava UP-TO-DATE
> Task :generators:soot-fact-generator:compileGroovy NO-SOURCE
> Task :generators:soot-fact-generator:processResources NO-SOURCE
> Task :generators:soot-fact-generator:classes UP-TO-DATE
> Task :generators:soot-fact-generator:fatJar UP-TO-DATE
> Task :generators:soot-fact-generator:installJar UP-TO-DATE
> Task :generators:wala-fact-generator:compileJava UP-TO-DATE
> Task :generators:wala-fact-generator:processResources UP-TO-DATE
> Task :generators:wala-fact-generator:classes UP-TO-DATE
> Task :generators:wala-fact-generator:fatJar UP-TO-DATE
> Task :generators:wala-fact-generator:installJar UP-TO-DATE
> Task :resourceInstaller
> Task :processResources UP-TO-DATE
> Task :classes UP-TO-DATE
> Task :writeGitCommitHash UP-TO-DATE

> Task :run
Main class(es) expanded with [org.apache.commons.collections4.RootDriver]
WARNING: Handling of Java reflection is disabled!
New context-insensitive analysis
Id       : commons-collections4-mock-counts-NO_INTERPROC
Inputs   : /u/q8liang/Benchmarks/commons-collections4-4.4/target/commons-collections4-4.4.jar, /u/q8liang/Benchmarks/commons-collections4-4.4/target/commons-collections4-4.4-tests.jar, /u/q8liang/Benchmarks/commons-collections4-4.4/mvn_dependencies/commons-lang3-3.9.jar, /u/q8liang/Benchmarks/commons-collections4-4.4/mvn_dependencies/dexmaker-1.5.jar, /u/q8liang/Benchmarks/commons-collections4-4.4/mvn_dependencies/easymock-4.0.2.jar, /u/q8liang/Benchmarks/commons-collections4-4.4/mvn_dependencies/hamcrest-core-1.3.jar, /u/q8liang/Benchmarks/commons-collections4-4.4/mvn_dependencies/junit-4.12.jar, /u/q8liang/Benchmarks/commons-collections4-4.4/mvn_dependencies/objenesis-3.0.1.jar
Libraries: 
Using a timeout of 90 min.
Adding extra logic file /u/q8liang/doop/souffle-logic/analyses/mocks/mocks.dl
[Task FACTS...]
[Task COMPILE...]
-- Fact Generation --
Compiling Datalog...
SOOT_FACT_GEN: Logging initialized, using directory: /u/q8liang/doop/build/logs
SOOT_FACT_GEN: SLF4J: Failed to load class "org.slf4j.impl.StaticLoggerBinder".
SOOT_FACT_GEN: SLF4J: Defaulting to no-operation (NOP) logger implementation
SOOT_FACT_GEN: SLF4J: See http://www.slf4j.org/codes.html#StaticLoggerBinder for further details.
SOOT_FACT_GEN: Preprocessing application: /u/q8liang/Benchmarks/commons-collections4-4.4/target/commons-collections4-4.4.jar
SOOT_FACT_GEN: Preprocessing application: /u/q8liang/Benchmarks/commons-collections4-4.4/target/commons-collections4-4.4-tests.jar
SOOT_FACT_GEN: Preprocessing application: /u/q8liang/Benchmarks/commons-collections4-4.4/mvn_dependencies/commons-lang3-3.9.jar
SOOT_FACT_GEN: Preprocessing application: /u/q8liang/Benchmarks/commons-collections4-4.4/mvn_dependencies/dexmaker-1.5.jar
SOOT_FACT_GEN: Preprocessing application: /u/q8liang/Benchmarks/commons-collections4-4.4/mvn_dependencies/easymock-4.0.2.jar
SOOT_FACT_GEN: Preprocessing application: /u/q8liang/Benchmarks/commons-collections4-4.4/mvn_dependencies/hamcrest-core-1.3.jar
SOOT_FACT_GEN: Preprocessing application: /u/q8liang/Benchmarks/commons-collections4-4.4/mvn_dependencies/junit-4.12.jar
SOOT_FACT_GEN: Preprocessing application: /u/q8liang/Benchmarks/commons-collections4-4.4/mvn_dependencies/objenesis-3.0.1.jar
SOOT_FACT_GEN: Preprocessing platform library: /u/q8liang/doop/build/tmp/rt_8456191688474494924.jar
SOOT_FACT_GEN: Preprocessing platform library: /u/q8liang/doop/build/tmp/jce_6208310509863389997.jar
SOOT_FACT_GEN: Preprocessing platform library: /u/q8liang/doop/build/tmp/jsse_3857073025466764206.jar
SOOT_FACT_GEN: Adding archive: /u/q8liang/Benchmarks/commons-collections4-4.4/target/commons-collections4-4.4.jar
SOOT_FACT_GEN: Adding archive: /u/q8liang/Benchmarks/commons-collections4-4.4/target/commons-collections4-4.4-tests.jar
SOOT_FACT_GEN: Adding archive: /u/q8liang/Benchmarks/commons-collections4-4.4/mvn_dependencies/commons-lang3-3.9.jar
SOOT_FACT_GEN: Adding archive: /u/q8liang/Benchmarks/commons-collections4-4.4/mvn_dependencies/dexmaker-1.5.jar
SOOT_FACT_GEN: Adding archive: /u/q8liang/Benchmarks/commons-collections4-4.4/mvn_dependencies/easymock-4.0.2.jar
SOOT_FACT_GEN: Adding archive: /u/q8liang/Benchmarks/commons-collections4-4.4/mvn_dependencies/hamcrest-core-1.3.jar
SOOT_FACT_GEN: Adding archive: /u/q8liang/Benchmarks/commons-collections4-4.4/mvn_dependencies/junit-4.12.jar
SOOT_FACT_GEN: Adding archive: /u/q8liang/Benchmarks/commons-collections4-4.4/mvn_dependencies/objenesis-3.0.1.jar
SOOT_FACT_GEN: Adding archive for resolving: /u/q8liang/doop/build/tmp/rt_8456191688474494924.jar
SOOT_FACT_GEN: Adding archive for resolving: /u/q8liang/doop/build/tmp/jce_6208310509863389997.jar
SOOT_FACT_GEN: Adding archive for resolving: /u/q8liang/doop/build/tmp/jsse_3857073025466764206.jar
SOOT_FACT_GEN: Classes in input (application) jar(s): 2409
SOOT_FACT_GEN: Total classes in Scene: 9682
SOOT_FACT_GEN: Retrieved all bodies (time: 48)
SOOT_FACT_GEN: Fact generation cores: 32
SOOT_FACT_GEN: WARNING: some classes were not resolved, consider using thorough fact generation or adding them manually via --also-resolve: [java.beans.Customizer, javax.sound.sampled.Port, java.awt.dnd.MouseDragGestureRecognizer, com.sun.beans.editors.BooleanEditor, sun.util.locale.provider.HostLocaleProviderAdapterImpl, com.sun.management.GarbageCollectorMXBean, com.sun.beans.editors.LongEditor, com.sun.beans.editors.DoubleEditor, com.sun.beans.editors.ByteEditor, com.sun.beans.editors.FloatEditor, com.sun.beans.editors.IntegerEditor, com.sun.beans.editors.ShortEditor]
SOOT_FACT_GEN: Found 42 phantom references. Rerun with '--report-phantoms' for more details.
SOOT_FACT_GEN: Methods without active bodies encountered (and reset): 0
Soot fact generation time: 86
Caching facts in /u/q8liang/doop/cache/892de3ed892c299f1c7370e0de693f714eaec38922d48c6fc523056f1a1a8ef9
Copying /u/q8liang/doop/out/commons-collections4-mock-counts-NO_INTERPROC/database to /u/q8liang/doop/cache/892de3ed892c299f1c7370e0de693f714eaec38922d48c6fc523056f1a1a8ef9...
----
[Task FACTS Done]
Warning: No rules/facts defined for relation isOpaqueMethod in file gen_1822932846309678288.dl at line 272
Warning: No rules/facts defined for relation mainAnalysis.StringFactoryVar in file gen_1822932846309678288.dl at line 1490
Warning: No rules/facts defined for relation mainAnalysis.StringFactoryVarPointsTo in file gen_1822932846309678288.dl at line 1491
Warning: No rules/facts defined for relation mainAnalysis.Value_Num in file gen_1822932846309678288.dl at line 1949
Warning: No rules/facts defined for relation mainAnalysis.isInitialContext in file gen_1822932846309678288.dl at line 1958
Warning: No rules/facts defined for relation mainAnalysis.isJVMStartupContext in file gen_1822932846309678288.dl at line 1959
Warning: No rules/facts defined for relation mainAnalysis.isClinitContext in file gen_1822932846309678288.dl at line 1960
Warning: No rules/facts defined for relation mainAnalysis.isJVMStartupHContext in file gen_1822932846309678288.dl at line 1962
Warning: No rules/facts defined for relation mainAnalysis.OptInterproceduralAssign in file gen_1822932846309678288.dl at line 1971
Warning: No rules/facts defined for relation mainAnalysis.ExercisedEntryPointMethod in file gen_1822932846309678288.dl at line 2147
Warning: No rules/facts defined for relation mainAnalysis.HeapAllocation_Keep in file gen_1822932846309678288.dl at line 2292
Warning: No rules/facts defined for relation mainAnalysis.ReflectionSubstringObject in file gen_1822932846309678288.dl at line 2343
Warning: No rules/facts defined for relation mainAnalysis.PreClassNameMatchingStringConstantInexact_Type in file gen_1822932846309678288.dl at line 2357
Warning: No rules/facts defined for relation mainAnalysis.PreMethodNameMatchingStringConstantInexact_Signature in file gen_1822932846309678288.dl at line 2374
Warning: No rules/facts defined for relation mainAnalysis.PreFieldNameMatchingStringConstantInexact_Signature in file gen_1822932846309678288.dl at line 2385
Warning: No rules/facts defined for relation mainAnalysis.AllocationShouldBeMergedPerClass in file gen_1822932846309678288.dl at line 2450
Warning: No rules/facts defined for relation mainAnalysis.AllocationShouldBeMergedPerPackage in file gen_1822932846309678288.dl at line 2517
Warning: No rules/facts defined for relation mainAnalysis.AllocationShouldBeMergedGlobally in file gen_1822932846309678288.dl at line 2541
Warning: No rules/facts defined for relation isInterprocArrayLocalThatContainsMocks in file gen_1822932846309678288.dl at line 3394
Analysis compilation time (sec): 235
Caching analysis executable d73e4876c9d191208dfe7777e7f4fdac8cff10d4c2709051acb8609514e1a536 in /u/q8liang/doop/cache/souffle-analyses/context-insensitive
[Task COMPILE Done]
Using /usr/bin/time to gather performance statistics...
Running analysis
Runtime info monitored in /u/q8liang/doop/out/commons-collections4-mock-counts-NO_INTERPROC/monitoring.txt (& /u/q8liang/doop/out/commons-collections4-mock-counts-NO_INTERPROC/monitoring.latest.txt)
303.85user 18.97system 5:22.92elapsed 99%CPU (0avgtext+0avgdata 4151360maxresident)k
24inputs+19037440outputs (0major+5239360minor)pagefaults 0swaps
Analysis execution time (sec): 322
-- Runtime metrics --
analysis compilation time (sec)                                                  235
analysis execution time (sec)                                                    322
disk footprint (KB)                                                              10,806,476
fact generation time (sec)                                                       86
-- Statistics --
var points-to (INS)                                                              14,496,136
var points-to (SENS)                                                             14,496,136
reachable variables (INS)                                                        172,900
reachable variables (SENS)                                                       172,900
reachable methods (INS)                                                          19,101
reachable methods (SENS)                                                         19,101
total methods                                                                    89,526
virtual call sites (statically)                                                  184,923
reachable virtual call sites                                                     49,664
polymorphic virtual call sites                                                   4,638
null virtual call sites                                                          11,080
empty virtual call sites                                                         2,038
app virtual call sites (statically)                                              47,247
app reachable virtual call sites                                                 24,131
app polymorphic virtual call sites                                               2,862
app null virtual call sites                                                      4,927
app empty reachable virtual call sites                                           1,232
array index points-to (INS)                                                      137,977
array index points-to (SENS)                                                     137,977
casts (statically)                                                               25,741
reachable casts                                                                  3,249
reachable casts that may fail                                                    2,587
app casts (statically)                                                           4,493
app reachable casts                                                              1,449
app reachable casts that may fail                                                1,179
app reachable methods                                                            8,157
app concrete methods                                                             19,639
instance field points-to (INS)                                                   1,179,612
instance field points-to (SENS)                                                  1,179,612
static field points-to (INS)                                                     6,095
static field points-to (SENS)                                                    6,095
app var points-to (INS)                                                          9,515,344
app var points-to (SENS)                                                         9,515,344
java.util var points-to (INS)                                                    2,490,496
java.util var points-to (SENS)                                                   2,490,496
app array index points-to (INS)                                                  93,231
app array index points-to (SENS)                                                 93,231
Mock Objects                                                                     0
app instance field points-to (INS)                                               848,081
app instance field points-to (SENS)                                              848,081
call graph edges (INS)                                                           145,410
call graph edges (SENS)                                                          145,410
non-reachable app concrete methods                                               11,485
Making database available at /u/q8liang/doop/results/commons-collections4-4.4/context-insensitive/java_8/commons-collections4-mock-counts-NO_INTERPROC
Making database available at /u/q8liang/doop/last-analysis

Deprecated Gradle features were used in this build, making it incompatible with Gradle 7.0.
Use '--warning-mode all' to show the individual deprecation warnings.
See https://docs.gradle.org/6.7/userguide/command_line_interface.html#sec:command_line_warnings

BUILD SUCCESSFUL in 9m 29s
21 actionable tasks: 2 executed, 19 up-to-date
