> Task :generators:code-processor:generateGrammarSource UP-TO-DATE
> Task :generators:code-processor:compileJava UP-TO-DATE
> Task :generators:code-processor:compileGroovy UP-TO-DATE
> Task :generators:code-processor:processResources NO-SOURCE
> Task :generators:code-processor:classes UP-TO-DATE
> Task :generators:code-processor:jar UP-TO-DATE
> Task :generators:fact-generator-common:compileJava UP-TO-DATE
> Task :generators:fact-generator-common:processResources NO-SOURCE
> Task :generators:fact-generator-common:classes UP-TO-DATE
> Task :generators:fact-generator-common:shadowJar UP-TO-DATE
> Task :compileJava UP-TO-DATE
> Task :compileGroovy UP-TO-DATE
> Task :resolveApktool
> Task :generators:dex-fact-generator:compileJava UP-TO-DATE
> Task :generators:dex-fact-generator:processResources NO-SOURCE
> Task :generators:dex-fact-generator:classes UP-TO-DATE
> Task :generators:dex-fact-generator:fatJar UP-TO-DATE
> Task :generators:dex-fact-generator:installJar UP-TO-DATE
> Task :generators:soot-fact-generator:compileJava UP-TO-DATE
> Task :generators:soot-fact-generator:compileGroovy NO-SOURCE
> Task :generators:soot-fact-generator:processResources NO-SOURCE
> Task :generators:soot-fact-generator:classes UP-TO-DATE
> Task :generators:soot-fact-generator:fatJar UP-TO-DATE
> Task :generators:soot-fact-generator:installJar UP-TO-DATE
> Task :generators:wala-fact-generator:compileJava UP-TO-DATE
> Task :generators:wala-fact-generator:processResources UP-TO-DATE
> Task :generators:wala-fact-generator:classes UP-TO-DATE
> Task :generators:wala-fact-generator:fatJar UP-TO-DATE
> Task :generators:wala-fact-generator:installJar UP-TO-DATE
> Task :resourceInstaller
> Task :processResources UP-TO-DATE
> Task :classes UP-TO-DATE
> Task :writeGitCommitHash UP-TO-DATE

> Task :run
WARNING: Default statistics are not compatible with analysis 'basic-only', disabling statistics logic.
Main class(es) expanded with [org.apache.commons.collections4.RootDriver]
WARNING: Handling of Java reflection is disabled!
New basic-only analysis
Id       : commons-collections4-basic-only-NORMAL
Inputs   : /u/q8liang/Benchmarks/commons-collections4-4.4/target/commons-collections4-4.4.jar, /u/q8liang/Benchmarks/commons-collections4-4.4/target/commons-collections4-4.4-tests.jar, /u/q8liang/Benchmarks/commons-collections4-4.4/mvn_dependencies/commons-lang3-3.9.jar, /u/q8liang/Benchmarks/commons-collections4-4.4/mvn_dependencies/dexmaker-1.5.jar, /u/q8liang/Benchmarks/commons-collections4-4.4/mvn_dependencies/easymock-4.0.2.jar, /u/q8liang/Benchmarks/commons-collections4-4.4/mvn_dependencies/hamcrest-core-1.3.jar, /u/q8liang/Benchmarks/commons-collections4-4.4/mvn_dependencies/junit-4.12.jar, /u/q8liang/Benchmarks/commons-collections4-4.4/mvn_dependencies/objenesis-3.0.1.jar
Libraries: 
Using a timeout of 90 min.
Adding extra logic file /u/q8liang/doop_new/souffle-logic/analyses/mocks/mocks.dl
[Task FACTS...]
[Task COMPILE...]
-- Fact Generation --
Using cached analysis executable /u/q8liang/doop_new/cache/souffle-analyses/basic-only/de1c4ef0f2ebdd039f280ba5e200c2e3c900e6fa041c7b1c4f0cbfe51bea2c11
[Task COMPILE Done]
SOOT_FACT_GEN: Logging initialized, using directory: /u/q8liang/doop_new/build/logs
SOOT_FACT_GEN: SLF4J: Failed to load class "org.slf4j.impl.StaticLoggerBinder".
SOOT_FACT_GEN: SLF4J: Defaulting to no-operation (NOP) logger implementation
SOOT_FACT_GEN: SLF4J: See http://www.slf4j.org/codes.html#StaticLoggerBinder for further details.
SOOT_FACT_GEN: Preprocessing application: /u/q8liang/Benchmarks/commons-collections4-4.4/target/commons-collections4-4.4.jar
SOOT_FACT_GEN: Preprocessing application: /u/q8liang/Benchmarks/commons-collections4-4.4/target/commons-collections4-4.4-tests.jar
SOOT_FACT_GEN: Preprocessing application: /u/q8liang/Benchmarks/commons-collections4-4.4/mvn_dependencies/commons-lang3-3.9.jar
SOOT_FACT_GEN: Preprocessing application: /u/q8liang/Benchmarks/commons-collections4-4.4/mvn_dependencies/dexmaker-1.5.jar
SOOT_FACT_GEN: Preprocessing application: /u/q8liang/Benchmarks/commons-collections4-4.4/mvn_dependencies/easymock-4.0.2.jar
SOOT_FACT_GEN: Preprocessing application: /u/q8liang/Benchmarks/commons-collections4-4.4/mvn_dependencies/hamcrest-core-1.3.jar
SOOT_FACT_GEN: Preprocessing application: /u/q8liang/Benchmarks/commons-collections4-4.4/mvn_dependencies/junit-4.12.jar
SOOT_FACT_GEN: Preprocessing application: /u/q8liang/Benchmarks/commons-collections4-4.4/mvn_dependencies/objenesis-3.0.1.jar
SOOT_FACT_GEN: Preprocessing platform library: /u/q8liang/doop_new/build/tmp/rt_3598154934403740683.jar
SOOT_FACT_GEN: Preprocessing platform library: /u/q8liang/doop_new/build/tmp/jce_8128564614829612314.jar
SOOT_FACT_GEN: Preprocessing platform library: /u/q8liang/doop_new/build/tmp/jsse_6759013671023617408.jar
SOOT_FACT_GEN: Adding archive: /u/q8liang/Benchmarks/commons-collections4-4.4/target/commons-collections4-4.4.jar
SOOT_FACT_GEN: Adding archive: /u/q8liang/Benchmarks/commons-collections4-4.4/target/commons-collections4-4.4-tests.jar
SOOT_FACT_GEN: Adding archive: /u/q8liang/Benchmarks/commons-collections4-4.4/mvn_dependencies/commons-lang3-3.9.jar
SOOT_FACT_GEN: Adding archive: /u/q8liang/Benchmarks/commons-collections4-4.4/mvn_dependencies/dexmaker-1.5.jar
SOOT_FACT_GEN: Adding archive: /u/q8liang/Benchmarks/commons-collections4-4.4/mvn_dependencies/easymock-4.0.2.jar
SOOT_FACT_GEN: Adding archive: /u/q8liang/Benchmarks/commons-collections4-4.4/mvn_dependencies/hamcrest-core-1.3.jar
SOOT_FACT_GEN: Adding archive: /u/q8liang/Benchmarks/commons-collections4-4.4/mvn_dependencies/junit-4.12.jar
SOOT_FACT_GEN: Adding archive: /u/q8liang/Benchmarks/commons-collections4-4.4/mvn_dependencies/objenesis-3.0.1.jar
SOOT_FACT_GEN: Adding archive for resolving: /u/q8liang/doop_new/build/tmp/rt_3598154934403740683.jar
SOOT_FACT_GEN: Adding archive for resolving: /u/q8liang/doop_new/build/tmp/jce_8128564614829612314.jar
SOOT_FACT_GEN: Adding archive for resolving: /u/q8liang/doop_new/build/tmp/jsse_6759013671023617408.jar
SOOT_FACT_GEN: Classes in input (application) jar(s): 2409
SOOT_FACT_GEN: Total classes in Scene: 9682
SOOT_FACT_GEN: Retrieved all bodies (time: 50)
SOOT_FACT_GEN: Fact generation cores: 32
SOOT_FACT_GEN: WARNING: some classes were not resolved, consider using thorough fact generation or adding them manually via --also-resolve: [java.beans.Customizer, javax.sound.sampled.Port, java.awt.dnd.MouseDragGestureRecognizer, com.sun.beans.editors.BooleanEditor, sun.util.locale.provider.HostLocaleProviderAdapterImpl, com.sun.management.GarbageCollectorMXBean, com.sun.beans.editors.LongEditor, com.sun.beans.editors.DoubleEditor, com.sun.beans.editors.ByteEditor, com.sun.beans.editors.FloatEditor, com.sun.beans.editors.IntegerEditor, com.sun.beans.editors.ShortEditor]
SOOT_FACT_GEN: Found 39 phantom references. Rerun with '--report-phantoms' for more details.
SOOT_FACT_GEN: Methods without active bodies encountered (and reset): 0
Soot fact generation time: 89
Caching facts in /u/q8liang/doop_new/cache/9a7a8f874c3dbddcb118808b64db0b9a130325192063dce9948c36a38162407a
Copying /u/q8liang/doop_new/out/commons-collections4-basic-only-NORMAL/database to /u/q8liang/doop_new/cache/9a7a8f874c3dbddcb118808b64db0b9a130325192063dce9948c36a38162407a...
----
[Task FACTS Done]
Using /usr/bin/time to gather performance statistics...
Running analysis
Runtime info monitored in /u/q8liang/doop_new/out/commons-collections4-basic-only-NORMAL/monitoring.txt (& /u/q8liang/doop_new/out/commons-collections4-basic-only-NORMAL/monitoring.latest.txt)
194.10user 6.79system 3:20.94elapsed 99%CPU (0avgtext+0avgdata 1351076maxresident)k
2128inputs+7337696outputs (2major+1855189minor)pagefaults 0swaps
Analysis execution time (sec): 200
-- Runtime metrics --
analysis compilation time (sec)                                                  0
analysis execution time (sec)                                                    200
disk footprint (KB)                                                              4,956,624
fact generation time (sec)                                                       89
Making database available at /u/q8liang/doop_new/results/commons-collections4-4.4/basic-only/java_8/commons-collections4-basic-only-NORMAL
Making database available at /u/q8liang/doop_new/last-analysis

Deprecated Gradle features were used in this build, making it incompatible with Gradle 7.0.
Use '--warning-mode all' to show the individual deprecation warnings.
See https://docs.gradle.org/6.7/userguide/command_line_interface.html#sec:command_line_warnings

BUILD SUCCESSFUL in 5m 1s
21 actionable tasks: 2 executed, 19 up-to-date
./doop -a basic-only -i /u/q8liang/Benchmarks/commons-collections4-4.4/target/commons-collections4-4.4.jar -i /u/q8liang/Benchmarks/commons-collections4-4.4/target/commons-collections4-4.4-tests.jar -i /u/q8liang/Benchmarks/commons-collections4-4.4/mvn_dependencies --id commons-collections4-basic-only-NORMAL --souffle-jobs 32 --main org.apache.commons.collections4.RootDriver --define-cpp-macro USE_BASIC --extra-logic souffle-logic/analyses/mocks/mocks.dl
Starting a Gradle Daemon, 2 busy Daemons could not be reused, use --status for details
> Task :generators:code-processor:generateGrammarSource UP-TO-DATE
> Task :generators:code-processor:compileJava UP-TO-DATE
> Task :generators:code-processor:compileGroovy UP-TO-DATE
> Task :generators:code-processor:processResources NO-SOURCE
> Task :generators:code-processor:classes UP-TO-DATE
> Task :generators:code-processor:jar UP-TO-DATE
> Task :generators:fact-generator-common:compileJava UP-TO-DATE
> Task :generators:fact-generator-common:processResources NO-SOURCE
> Task :generators:fact-generator-common:classes UP-TO-DATE
> Task :generators:fact-generator-common:shadowJar UP-TO-DATE
> Task :compileJava UP-TO-DATE
> Task :compileGroovy UP-TO-DATE
> Task :resolveApktool
> Task :generators:dex-fact-generator:compileJava UP-TO-DATE
> Task :generators:dex-fact-generator:processResources NO-SOURCE
> Task :generators:dex-fact-generator:classes UP-TO-DATE
> Task :generators:dex-fact-generator:fatJar UP-TO-DATE
> Task :generators:dex-fact-generator:installJar UP-TO-DATE
> Task :generators:soot-fact-generator:compileJava UP-TO-DATE
> Task :generators:soot-fact-generator:compileGroovy NO-SOURCE
> Task :generators:soot-fact-generator:processResources NO-SOURCE
> Task :generators:soot-fact-generator:classes UP-TO-DATE
> Task :generators:soot-fact-generator:fatJar UP-TO-DATE
> Task :generators:soot-fact-generator:installJar UP-TO-DATE
> Task :generators:wala-fact-generator:compileJava UP-TO-DATE
> Task :generators:wala-fact-generator:processResources UP-TO-DATE
> Task :generators:wala-fact-generator:classes UP-TO-DATE
> Task :generators:wala-fact-generator:fatJar UP-TO-DATE
> Task :generators:wala-fact-generator:installJar UP-TO-DATE
> Task :resourceInstaller
> Task :processResources UP-TO-DATE
> Task :classes UP-TO-DATE
> Task :writeGitCommitHash UP-TO-DATE

> Task :run
WARNING: Default statistics are not compatible with analysis 'basic-only', disabling statistics logic.
Main class(es) expanded with [org.apache.commons.collections4.RootDriver]
WARNING: Handling of Java reflection is disabled!
New basic-only analysis
Id       : commons-collections4-basic-only-NORMAL
Inputs   : /u/q8liang/Benchmarks/commons-collections4-4.4/target/commons-collections4-4.4.jar, /u/q8liang/Benchmarks/commons-collections4-4.4/target/commons-collections4-4.4-tests.jar, /u/q8liang/Benchmarks/commons-collections4-4.4/mvn_dependencies/commons-lang3-3.9.jar, /u/q8liang/Benchmarks/commons-collections4-4.4/mvn_dependencies/dexmaker-1.5.jar, /u/q8liang/Benchmarks/commons-collections4-4.4/mvn_dependencies/easymock-4.0.2.jar, /u/q8liang/Benchmarks/commons-collections4-4.4/mvn_dependencies/hamcrest-core-1.3.jar, /u/q8liang/Benchmarks/commons-collections4-4.4/mvn_dependencies/junit-4.12.jar, /u/q8liang/Benchmarks/commons-collections4-4.4/mvn_dependencies/objenesis-3.0.1.jar
Libraries: 
Using a timeout of 90 min.
Adding extra logic file /u/q8liang/doop_new/souffle-logic/analyses/mocks/mocks.dl
[Task COMPILE...]
[Task FACTS...]
-- Fact Generation --
Using cached analysis executable /u/q8liang/doop_new/cache/souffle-analyses/basic-only/164f2728f8daef761c859c9d605bb65c9e018f0d797f24a5c336746dd0ceddd3
[Task COMPILE Done]
SOOT_FACT_GEN: Logging initialized, using directory: /u/q8liang/doop_new/build/logs
SOOT_FACT_GEN: SLF4J: Failed to load class "org.slf4j.impl.StaticLoggerBinder".
SOOT_FACT_GEN: SLF4J: Defaulting to no-operation (NOP) logger implementation
SOOT_FACT_GEN: SLF4J: See http://www.slf4j.org/codes.html#StaticLoggerBinder for further details.
SOOT_FACT_GEN: Preprocessing application: /u/q8liang/Benchmarks/commons-collections4-4.4/target/commons-collections4-4.4.jar
SOOT_FACT_GEN: Preprocessing application: /u/q8liang/Benchmarks/commons-collections4-4.4/target/commons-collections4-4.4-tests.jar
SOOT_FACT_GEN: Preprocessing application: /u/q8liang/Benchmarks/commons-collections4-4.4/mvn_dependencies/commons-lang3-3.9.jar
SOOT_FACT_GEN: Preprocessing application: /u/q8liang/Benchmarks/commons-collections4-4.4/mvn_dependencies/dexmaker-1.5.jar
SOOT_FACT_GEN: Preprocessing application: /u/q8liang/Benchmarks/commons-collections4-4.4/mvn_dependencies/easymock-4.0.2.jar
SOOT_FACT_GEN: Preprocessing application: /u/q8liang/Benchmarks/commons-collections4-4.4/mvn_dependencies/hamcrest-core-1.3.jar
SOOT_FACT_GEN: Preprocessing application: /u/q8liang/Benchmarks/commons-collections4-4.4/mvn_dependencies/junit-4.12.jar
SOOT_FACT_GEN: Preprocessing application: /u/q8liang/Benchmarks/commons-collections4-4.4/mvn_dependencies/objenesis-3.0.1.jar
SOOT_FACT_GEN: Preprocessing platform library: /u/q8liang/doop_new/build/tmp/rt_5061290377914849843.jar
SOOT_FACT_GEN: Preprocessing platform library: /u/q8liang/doop_new/build/tmp/jce_7212736385483037994.jar
SOOT_FACT_GEN: Preprocessing platform library: /u/q8liang/doop_new/build/tmp/jsse_160445799183495685.jar
SOOT_FACT_GEN: Adding archive: /u/q8liang/Benchmarks/commons-collections4-4.4/target/commons-collections4-4.4.jar
SOOT_FACT_GEN: Adding archive: /u/q8liang/Benchmarks/commons-collections4-4.4/target/commons-collections4-4.4-tests.jar
SOOT_FACT_GEN: Adding archive: /u/q8liang/Benchmarks/commons-collections4-4.4/mvn_dependencies/commons-lang3-3.9.jar
SOOT_FACT_GEN: Adding archive: /u/q8liang/Benchmarks/commons-collections4-4.4/mvn_dependencies/dexmaker-1.5.jar
SOOT_FACT_GEN: Adding archive: /u/q8liang/Benchmarks/commons-collections4-4.4/mvn_dependencies/easymock-4.0.2.jar
SOOT_FACT_GEN: Adding archive: /u/q8liang/Benchmarks/commons-collections4-4.4/mvn_dependencies/hamcrest-core-1.3.jar
SOOT_FACT_GEN: Adding archive: /u/q8liang/Benchmarks/commons-collections4-4.4/mvn_dependencies/junit-4.12.jar
SOOT_FACT_GEN: Adding archive: /u/q8liang/Benchmarks/commons-collections4-4.4/mvn_dependencies/objenesis-3.0.1.jar
SOOT_FACT_GEN: Adding archive for resolving: /u/q8liang/doop_new/build/tmp/rt_5061290377914849843.jar
SOOT_FACT_GEN: Adding archive for resolving: /u/q8liang/doop_new/build/tmp/jce_7212736385483037994.jar
SOOT_FACT_GEN: Adding archive for resolving: /u/q8liang/doop_new/build/tmp/jsse_160445799183495685.jar
SOOT_FACT_GEN: Classes in input (application) jar(s): 2409
SOOT_FACT_GEN: Total classes in Scene: 9682
SOOT_FACT_GEN: Retrieved all bodies (time: 53)
SOOT_FACT_GEN: Fact generation cores: 32
SOOT_FACT_GEN: WARNING: some classes were not resolved, consider using thorough fact generation or adding them manually via --also-resolve: [java.beans.Customizer, javax.sound.sampled.Port, java.awt.dnd.MouseDragGestureRecognizer, com.sun.beans.editors.BooleanEditor, sun.util.locale.provider.HostLocaleProviderAdapterImpl, com.sun.management.GarbageCollectorMXBean, com.sun.beans.editors.LongEditor, com.sun.beans.editors.DoubleEditor, com.sun.beans.editors.ByteEditor, com.sun.beans.editors.FloatEditor, com.sun.beans.editors.IntegerEditor, com.sun.beans.editors.ShortEditor]
SOOT_FACT_GEN: Found 41 phantom references. Rerun with '--report-phantoms' for more details.
SOOT_FACT_GEN: Methods without active bodies encountered (and reset): 0
Soot fact generation time: 94
Caching facts in /u/q8liang/doop_new/cache/9a7a8f874c3dbddcb118808b64db0b9a130325192063dce9948c36a38162407a
Copying /u/q8liang/doop_new/out/commons-collections4-basic-only-NORMAL/database to /u/q8liang/doop_new/cache/9a7a8f874c3dbddcb118808b64db0b9a130325192063dce9948c36a38162407a...
----
[Task FACTS Done]
Using /usr/bin/time to gather performance statistics...
Running analysis
Runtime info monitored in /u/q8liang/doop_new/out/commons-collections4-basic-only-NORMAL/monitoring.txt (& /u/q8liang/doop_new/out/commons-collections4-basic-only-NORMAL/monitoring.latest.txt)
206.50user 20.67system 4:05.62elapsed 92%CPU (0avgtext+0avgdata 1350156maxresident)k
16inputs+18884208outputs (0major+2108640minor)pagefaults 0swaps
Analysis execution time (sec): 245
-- Runtime metrics --
analysis compilation time (sec)                                                  0
analysis execution time (sec)                                                    245
disk footprint (KB)                                                              7,195,596
fact generation time (sec)                                                       94
Making database available at /u/q8liang/doop_new/results/commons-collections4-4.4/basic-only/java_8/commons-collections4-basic-only-NORMAL
Making database available at /u/q8liang/doop_new/last-analysis

Deprecated Gradle features were used in this build, making it incompatible with Gradle 7.0.
Use '--warning-mode all' to show the individual deprecation warnings.
See https://docs.gradle.org/6.7/userguide/command_line_interface.html#sec:command_line_warnings

BUILD SUCCESSFUL in 5m 59s
21 actionable tasks: 2 executed, 19 up-to-date
./doop -a basic-only -i /u/q8liang/Benchmarks/commons-collections4-4.4/target/commons-collections4-4.4.jar -i /u/q8liang/Benchmarks/commons-collections4-4.4/target/commons-collections4-4.4-tests.jar -i /u/q8liang/Benchmarks/commons-collections4-4.4/mvn_dependencies --id commons-collections4-basic-only-NORMAL --souffle-jobs 32 --main org.apache.commons.collections4.RootDriver --define-cpp-macro USE_BASIC --extra-logic souffle-logic/analyses/mocks/mocks.dl
Starting a Gradle Daemon, 2 busy and 3 stopped Daemons could not be reused, use --status for details
> Task :generators:code-processor:generateGrammarSource UP-TO-DATE
> Task :generators:code-processor:compileJava UP-TO-DATE
> Task :generators:code-processor:compileGroovy UP-TO-DATE
> Task :generators:code-processor:processResources NO-SOURCE
> Task :generators:code-processor:classes UP-TO-DATE
> Task :generators:code-processor:jar UP-TO-DATE
> Task :generators:fact-generator-common:compileJava UP-TO-DATE
> Task :generators:fact-generator-common:processResources NO-SOURCE
> Task :generators:fact-generator-common:classes UP-TO-DATE
> Task :generators:fact-generator-common:shadowJar UP-TO-DATE
> Task :compileJava UP-TO-DATE
> Task :compileGroovy UP-TO-DATE
> Task :resolveApktool
> Task :generators:dex-fact-generator:compileJava UP-TO-DATE
> Task :generators:dex-fact-generator:processResources NO-SOURCE
> Task :generators:dex-fact-generator:classes UP-TO-DATE
> Task :generators:dex-fact-generator:fatJar UP-TO-DATE
> Task :generators:dex-fact-generator:installJar UP-TO-DATE
> Task :generators:soot-fact-generator:compileJava UP-TO-DATE
> Task :generators:soot-fact-generator:compileGroovy NO-SOURCE
> Task :generators:soot-fact-generator:processResources NO-SOURCE
> Task :generators:soot-fact-generator:classes UP-TO-DATE
> Task :generators:soot-fact-generator:fatJar UP-TO-DATE
> Task :generators:soot-fact-generator:installJar UP-TO-DATE
> Task :generators:wala-fact-generator:compileJava UP-TO-DATE
> Task :generators:wala-fact-generator:processResources UP-TO-DATE
> Task :generators:wala-fact-generator:classes UP-TO-DATE
> Task :generators:wala-fact-generator:fatJar UP-TO-DATE
> Task :generators:wala-fact-generator:installJar UP-TO-DATE
> Task :resourceInstaller
> Task :processResources UP-TO-DATE
> Task :classes UP-TO-DATE
> Task :writeGitCommitHash UP-TO-DATE

> Task :run
WARNING: Default statistics are not compatible with analysis 'basic-only', disabling statistics logic.
Main class(es) expanded with [org.apache.commons.collections4.RootDriver]
WARNING: Handling of Java reflection is disabled!
New basic-only analysis
Id       : commons-collections4-basic-only-NORMAL
Inputs   : /u/q8liang/Benchmarks/commons-collections4-4.4/target/commons-collections4-4.4.jar, /u/q8liang/Benchmarks/commons-collections4-4.4/target/commons-collections4-4.4-tests.jar, /u/q8liang/Benchmarks/commons-collections4-4.4/mvn_dependencies/commons-lang3-3.9.jar, /u/q8liang/Benchmarks/commons-collections4-4.4/mvn_dependencies/dexmaker-1.5.jar, /u/q8liang/Benchmarks/commons-collections4-4.4/mvn_dependencies/easymock-4.0.2.jar, /u/q8liang/Benchmarks/commons-collections4-4.4/mvn_dependencies/hamcrest-core-1.3.jar, /u/q8liang/Benchmarks/commons-collections4-4.4/mvn_dependencies/junit-4.12.jar, /u/q8liang/Benchmarks/commons-collections4-4.4/mvn_dependencies/objenesis-3.0.1.jar
Libraries: 
Using a timeout of 90 min.
Adding extra logic file /u/q8liang/doop_new/souffle-logic/analyses/mocks/mocks.dl
[Task FACTS...]
[Task COMPILE...]
-- Fact Generation --
Using cached analysis executable /u/q8liang/doop_new/cache/souffle-analyses/basic-only/164f2728f8daef761c859c9d605bb65c9e018f0d797f24a5c336746dd0ceddd3
[Task COMPILE Done]
SOOT_FACT_GEN: Logging initialized, using directory: /u/q8liang/doop_new/build/logs
SOOT_FACT_GEN: SLF4J: Failed to load class "org.slf4j.impl.StaticLoggerBinder".
SOOT_FACT_GEN: SLF4J: Defaulting to no-operation (NOP) logger implementation
SOOT_FACT_GEN: SLF4J: See http://www.slf4j.org/codes.html#StaticLoggerBinder for further details.
SOOT_FACT_GEN: Preprocessing application: /u/q8liang/Benchmarks/commons-collections4-4.4/target/commons-collections4-4.4.jar
SOOT_FACT_GEN: Preprocessing application: /u/q8liang/Benchmarks/commons-collections4-4.4/target/commons-collections4-4.4-tests.jar
SOOT_FACT_GEN: Preprocessing application: /u/q8liang/Benchmarks/commons-collections4-4.4/mvn_dependencies/commons-lang3-3.9.jar
SOOT_FACT_GEN: Preprocessing application: /u/q8liang/Benchmarks/commons-collections4-4.4/mvn_dependencies/dexmaker-1.5.jar
SOOT_FACT_GEN: Preprocessing application: /u/q8liang/Benchmarks/commons-collections4-4.4/mvn_dependencies/easymock-4.0.2.jar
SOOT_FACT_GEN: Preprocessing application: /u/q8liang/Benchmarks/commons-collections4-4.4/mvn_dependencies/hamcrest-core-1.3.jar
SOOT_FACT_GEN: Preprocessing application: /u/q8liang/Benchmarks/commons-collections4-4.4/mvn_dependencies/junit-4.12.jar
SOOT_FACT_GEN: Preprocessing application: /u/q8liang/Benchmarks/commons-collections4-4.4/mvn_dependencies/objenesis-3.0.1.jar
SOOT_FACT_GEN: Preprocessing platform library: /u/q8liang/doop_new/build/tmp/rt_1909083636559684844.jar
SOOT_FACT_GEN: Preprocessing platform library: /u/q8liang/doop_new/build/tmp/jce_6232879891438270997.jar
SOOT_FACT_GEN: Preprocessing platform library: /u/q8liang/doop_new/build/tmp/jsse_1437641103937704642.jar
SOOT_FACT_GEN: Adding archive: /u/q8liang/Benchmarks/commons-collections4-4.4/target/commons-collections4-4.4.jar
SOOT_FACT_GEN: Adding archive: /u/q8liang/Benchmarks/commons-collections4-4.4/target/commons-collections4-4.4-tests.jar
SOOT_FACT_GEN: Adding archive: /u/q8liang/Benchmarks/commons-collections4-4.4/mvn_dependencies/commons-lang3-3.9.jar
SOOT_FACT_GEN: Adding archive: /u/q8liang/Benchmarks/commons-collections4-4.4/mvn_dependencies/dexmaker-1.5.jar
SOOT_FACT_GEN: Adding archive: /u/q8liang/Benchmarks/commons-collections4-4.4/mvn_dependencies/easymock-4.0.2.jar
SOOT_FACT_GEN: Adding archive: /u/q8liang/Benchmarks/commons-collections4-4.4/mvn_dependencies/hamcrest-core-1.3.jar
SOOT_FACT_GEN: Adding archive: /u/q8liang/Benchmarks/commons-collections4-4.4/mvn_dependencies/junit-4.12.jar
SOOT_FACT_GEN: Adding archive: /u/q8liang/Benchmarks/commons-collections4-4.4/mvn_dependencies/objenesis-3.0.1.jar
SOOT_FACT_GEN: Adding archive for resolving: /u/q8liang/doop_new/build/tmp/rt_1909083636559684844.jar
SOOT_FACT_GEN: Adding archive for resolving: /u/q8liang/doop_new/build/tmp/jce_6232879891438270997.jar
SOOT_FACT_GEN: Adding archive for resolving: /u/q8liang/doop_new/build/tmp/jsse_1437641103937704642.jar
SOOT_FACT_GEN: Classes in input (application) jar(s): 2409
SOOT_FACT_GEN: Total classes in Scene: 9682
SOOT_FACT_GEN: Retrieved all bodies (time: 53)
SOOT_FACT_GEN: Fact generation cores: 32
SOOT_FACT_GEN: WARNING: some classes were not resolved, consider using thorough fact generation or adding them manually via --also-resolve: [java.beans.Customizer, javax.sound.sampled.Port, java.awt.dnd.MouseDragGestureRecognizer, com.sun.beans.editors.BooleanEditor, sun.util.locale.provider.HostLocaleProviderAdapterImpl, com.sun.management.GarbageCollectorMXBean, com.sun.beans.editors.LongEditor, com.sun.beans.editors.DoubleEditor, com.sun.beans.editors.ByteEditor, com.sun.beans.editors.FloatEditor, com.sun.beans.editors.IntegerEditor, com.sun.beans.editors.ShortEditor]
SOOT_FACT_GEN: Found 38 phantom references. Rerun with '--report-phantoms' for more details.
SOOT_FACT_GEN: Methods without active bodies encountered (and reset): 0
Soot fact generation time: 93
Caching facts in /u/q8liang/doop_new/cache/9a7a8f874c3dbddcb118808b64db0b9a130325192063dce9948c36a38162407a
Copying /u/q8liang/doop_new/out/commons-collections4-basic-only-NORMAL/database to /u/q8liang/doop_new/cache/9a7a8f874c3dbddcb118808b64db0b9a130325192063dce9948c36a38162407a...
----
[Task FACTS Done]
Using /usr/bin/time to gather performance statistics...
Running analysis
Runtime info monitored in /u/q8liang/doop_new/out/commons-collections4-basic-only-NORMAL/monitoring.txt (& /u/q8liang/doop_new/out/commons-collections4-basic-only-NORMAL/monitoring.latest.txt)
212.58user 21.33system 4:30.24elapsed 86%CPU (0avgtext+0avgdata 1350444maxresident)k
24inputs+18883104outputs (0major+3699352minor)pagefaults 0swaps
Analysis execution time (sec): 270
-- Runtime metrics --
analysis compilation time (sec)                                                  0
analysis execution time (sec)                                                    270
disk footprint (KB)                                                              7,195,042
fact generation time (sec)                                                       93
Making database available at /u/q8liang/doop_new/results/commons-collections4-4.4/basic-only/java_8/commons-collections4-basic-only-NORMAL
Making database available at /u/q8liang/doop_new/last-analysis

Deprecated Gradle features were used in this build, making it incompatible with Gradle 7.0.
Use '--warning-mode all' to show the individual deprecation warnings.
See https://docs.gradle.org/6.7/userguide/command_line_interface.html#sec:command_line_warnings

BUILD SUCCESSFUL in 6m 33s
21 actionable tasks: 2 executed, 19 up-to-date
./doop -a basic-only -i /u/q8liang/Benchmarks/commons-collections4-4.4/target/commons-collections4-4.4.jar -i /u/q8liang/Benchmarks/commons-collections4-4.4/target/commons-collections4-4.4-tests.jar -i /u/q8liang/Benchmarks/commons-collections4-4.4/mvn_dependencies --id commons-collections4-basic-only-NORMAL --souffle-jobs 32 --main org.apache.commons.collections4.RootDriver --define-cpp-macro USE_BASIC --extra-logic souffle-logic/analyses/mocks/mocks.dl
Starting a Gradle Daemon, 2 busy and 6 stopped Daemons could not be reused, use --status for details
> Task :generators:code-processor:generateGrammarSource UP-TO-DATE
> Task :generators:code-processor:compileJava UP-TO-DATE
> Task :generators:code-processor:compileGroovy UP-TO-DATE
> Task :generators:code-processor:processResources NO-SOURCE
> Task :generators:code-processor:classes UP-TO-DATE
> Task :generators:code-processor:jar UP-TO-DATE
> Task :generators:fact-generator-common:compileJava UP-TO-DATE
> Task :generators:fact-generator-common:processResources NO-SOURCE
> Task :generators:fact-generator-common:classes UP-TO-DATE
> Task :generators:fact-generator-common:shadowJar UP-TO-DATE
> Task :compileJava UP-TO-DATE
> Task :compileGroovy UP-TO-DATE
> Task :resolveApktool
> Task :generators:dex-fact-generator:compileJava UP-TO-DATE
> Task :generators:dex-fact-generator:processResources NO-SOURCE
> Task :generators:dex-fact-generator:classes UP-TO-DATE
> Task :generators:dex-fact-generator:fatJar UP-TO-DATE
> Task :generators:dex-fact-generator:installJar UP-TO-DATE
> Task :generators:soot-fact-generator:compileJava UP-TO-DATE
> Task :generators:soot-fact-generator:compileGroovy NO-SOURCE
> Task :generators:soot-fact-generator:processResources NO-SOURCE
> Task :generators:soot-fact-generator:classes UP-TO-DATE
> Task :generators:soot-fact-generator:fatJar UP-TO-DATE
> Task :generators:soot-fact-generator:installJar UP-TO-DATE
> Task :generators:wala-fact-generator:compileJava UP-TO-DATE
> Task :generators:wala-fact-generator:processResources UP-TO-DATE
> Task :generators:wala-fact-generator:classes UP-TO-DATE
> Task :generators:wala-fact-generator:fatJar UP-TO-DATE
> Task :generators:wala-fact-generator:installJar UP-TO-DATE
> Task :resourceInstaller
> Task :processResources UP-TO-DATE
> Task :classes UP-TO-DATE
> Task :writeGitCommitHash UP-TO-DATE

> Task :run
WARNING: Default statistics are not compatible with analysis 'basic-only', disabling statistics logic.
Main class(es) expanded with [org.apache.commons.collections4.RootDriver]
WARNING: Handling of Java reflection is disabled!
New basic-only analysis
Id       : commons-collections4-basic-only-NORMAL
Inputs   : /u/q8liang/Benchmarks/commons-collections4-4.4/target/commons-collections4-4.4.jar, /u/q8liang/Benchmarks/commons-collections4-4.4/target/commons-collections4-4.4-tests.jar, /u/q8liang/Benchmarks/commons-collections4-4.4/mvn_dependencies/commons-lang3-3.9.jar, /u/q8liang/Benchmarks/commons-collections4-4.4/mvn_dependencies/dexmaker-1.5.jar, /u/q8liang/Benchmarks/commons-collections4-4.4/mvn_dependencies/easymock-4.0.2.jar, /u/q8liang/Benchmarks/commons-collections4-4.4/mvn_dependencies/hamcrest-core-1.3.jar, /u/q8liang/Benchmarks/commons-collections4-4.4/mvn_dependencies/junit-4.12.jar, /u/q8liang/Benchmarks/commons-collections4-4.4/mvn_dependencies/objenesis-3.0.1.jar
Libraries: 
Using a timeout of 90 min.
Adding extra logic file /u/q8liang/doop_new/souffle-logic/analyses/mocks/mocks.dl
[Task COMPILE...]
[Task FACTS...]
-- Fact Generation --
Compiling Datalog...
SOOT_FACT_GEN: Logging initialized, using directory: /u/q8liang/doop_new/build/logs
SOOT_FACT_GEN: SLF4J: Failed to load class "org.slf4j.impl.StaticLoggerBinder".
SOOT_FACT_GEN: SLF4J: Defaulting to no-operation (NOP) logger implementation
SOOT_FACT_GEN: SLF4J: See http://www.slf4j.org/codes.html#StaticLoggerBinder for further details.
SOOT_FACT_GEN: Preprocessing application: /u/q8liang/Benchmarks/commons-collections4-4.4/target/commons-collections4-4.4.jar
SOOT_FACT_GEN: Preprocessing application: /u/q8liang/Benchmarks/commons-collections4-4.4/target/commons-collections4-4.4-tests.jar
SOOT_FACT_GEN: Preprocessing application: /u/q8liang/Benchmarks/commons-collections4-4.4/mvn_dependencies/commons-lang3-3.9.jar
SOOT_FACT_GEN: Preprocessing application: /u/q8liang/Benchmarks/commons-collections4-4.4/mvn_dependencies/dexmaker-1.5.jar
SOOT_FACT_GEN: Preprocessing application: /u/q8liang/Benchmarks/commons-collections4-4.4/mvn_dependencies/easymock-4.0.2.jar
SOOT_FACT_GEN: Preprocessing application: /u/q8liang/Benchmarks/commons-collections4-4.4/mvn_dependencies/hamcrest-core-1.3.jar
SOOT_FACT_GEN: Preprocessing application: /u/q8liang/Benchmarks/commons-collections4-4.4/mvn_dependencies/junit-4.12.jar
SOOT_FACT_GEN: Preprocessing application: /u/q8liang/Benchmarks/commons-collections4-4.4/mvn_dependencies/objenesis-3.0.1.jar
SOOT_FACT_GEN: Preprocessing platform library: /u/q8liang/doop_new/build/tmp/rt_8205313473994039145.jar
SOOT_FACT_GEN: Preprocessing platform library: /u/q8liang/doop_new/build/tmp/jce_5902881473593034456.jar
SOOT_FACT_GEN: Preprocessing platform library: /u/q8liang/doop_new/build/tmp/jsse_6487715392482597263.jar
SOOT_FACT_GEN: Adding archive: /u/q8liang/Benchmarks/commons-collections4-4.4/target/commons-collections4-4.4.jar
SOOT_FACT_GEN: Adding archive: /u/q8liang/Benchmarks/commons-collections4-4.4/target/commons-collections4-4.4-tests.jar
SOOT_FACT_GEN: Adding archive: /u/q8liang/Benchmarks/commons-collections4-4.4/mvn_dependencies/commons-lang3-3.9.jar
SOOT_FACT_GEN: Adding archive: /u/q8liang/Benchmarks/commons-collections4-4.4/mvn_dependencies/dexmaker-1.5.jar
SOOT_FACT_GEN: Adding archive: /u/q8liang/Benchmarks/commons-collections4-4.4/mvn_dependencies/easymock-4.0.2.jar
SOOT_FACT_GEN: Adding archive: /u/q8liang/Benchmarks/commons-collections4-4.4/mvn_dependencies/hamcrest-core-1.3.jar
SOOT_FACT_GEN: Adding archive: /u/q8liang/Benchmarks/commons-collections4-4.4/mvn_dependencies/junit-4.12.jar
SOOT_FACT_GEN: Adding archive: /u/q8liang/Benchmarks/commons-collections4-4.4/mvn_dependencies/objenesis-3.0.1.jar
SOOT_FACT_GEN: Adding archive for resolving: /u/q8liang/doop_new/build/tmp/rt_8205313473994039145.jar
SOOT_FACT_GEN: Adding archive for resolving: /u/q8liang/doop_new/build/tmp/jce_5902881473593034456.jar
SOOT_FACT_GEN: Adding archive for resolving: /u/q8liang/doop_new/build/tmp/jsse_6487715392482597263.jar
SOOT_FACT_GEN: Classes in input (application) jar(s): 2409
SOOT_FACT_GEN: Total classes in Scene: 9682
Warning: No rules/facts defined for relation isValue in file gen_3734161227573571797.dl at line 68
Warning: No rules/facts defined for relation isOpaqueMethod in file gen_3734161227573571797.dl at line 272
Warning: No rules/facts defined for relation MockObject in file gen_3734161227573571797.dl at line 273
Warning: No rules/facts defined for relation MockObjFromOpenProgramEntryPointReceiver in file gen_3734161227573571797.dl at line 275
Warning: No rules/facts defined for relation ExercisedEntryPointMethod in file gen_3734161227573571797.dl at line 276
Warning: No rules/facts defined for relation MockObjFromOpenProgramEntryPointArg in file gen_3734161227573571797.dl at line 277
Warning: No rules/facts defined for relation UnmockableFormalOfForcedReachableContext in file gen_3734161227573571797.dl at line 278
Warning: Deprecated type declaration used in file gen_3734161227573571797.dl at line 1467
.number_type Partition
^----------------------
Analysis compilation time (sec): 69
Caching analysis executable 2305dd0373ad25382a0883953e52d2ad78749502e87d2d6c8a2e3b04fc6939b2 in /u/q8liang/doop_new/cache/souffle-analyses/basic-only
[Task COMPILE Done]
SOOT_FACT_GEN: Retrieved all bodies (time: 52)
SOOT_FACT_GEN: Fact generation cores: 32
SOOT_FACT_GEN: WARNING: some classes were not resolved, consider using thorough fact generation or adding them manually via --also-resolve: [java.beans.Customizer, javax.sound.sampled.Port, java.awt.dnd.MouseDragGestureRecognizer, com.sun.beans.editors.BooleanEditor, sun.util.locale.provider.HostLocaleProviderAdapterImpl, com.sun.management.GarbageCollectorMXBean, com.sun.beans.editors.LongEditor, com.sun.beans.editors.DoubleEditor, com.sun.beans.editors.ByteEditor, com.sun.beans.editors.FloatEditor, com.sun.beans.editors.IntegerEditor, com.sun.beans.editors.ShortEditor]
SOOT_FACT_GEN: Found 42 phantom references. Rerun with '--report-phantoms' for more details.
SOOT_FACT_GEN: Methods without active bodies encountered (and reset): 0
Soot fact generation time: 97
Caching facts in /u/q8liang/doop_new/cache/9a7a8f874c3dbddcb118808b64db0b9a130325192063dce9948c36a38162407a
Copying /u/q8liang/doop_new/out/commons-collections4-basic-only-NORMAL/database to /u/q8liang/doop_new/cache/9a7a8f874c3dbddcb118808b64db0b9a130325192063dce9948c36a38162407a...
----
[Task FACTS Done]
Using /usr/bin/time to gather performance statistics...
Running analysis
Runtime info monitored in /u/q8liang/doop_new/out/commons-collections4-basic-only-NORMAL/monitoring.txt (& /u/q8liang/doop_new/out/commons-collections4-basic-only-NORMAL/monitoring.latest.txt)
195.04user 21.52system 4:00.40elapsed 90%CPU (0avgtext+0avgdata 1323140maxresident)k
168inputs+17462400outputs (1major+5692994minor)pagefaults 0swaps
Analysis execution time (sec): 240
-- Runtime metrics --
analysis compilation time (sec)                                                  69
analysis execution time (sec)                                                    240
disk footprint (KB)                                                              7,195,623
fact generation time (sec)                                                       97
Making database available at /u/q8liang/doop_new/results/commons-collections4-4.4/basic-only/java_8/commons-collections4-basic-only-NORMAL
Making database available at /u/q8liang/doop_new/last-analysis

Deprecated Gradle features were used in this build, making it incompatible with Gradle 7.0.
Use '--warning-mode all' to show the individual deprecation warnings.
See https://docs.gradle.org/6.7/userguide/command_line_interface.html#sec:command_line_warnings

BUILD SUCCESSFUL in 6m 0s
21 actionable tasks: 2 executed, 19 up-to-date
