> Task :generators:code-processor:generateGrammarSource UP-TO-DATE
> Task :generators:code-processor:compileJava UP-TO-DATE
> Task :generators:code-processor:compileGroovy UP-TO-DATE
> Task :generators:code-processor:processResources NO-SOURCE
> Task :generators:code-processor:classes UP-TO-DATE
> Task :generators:code-processor:jar UP-TO-DATE
> Task :generators:fact-generator-common:compileJava UP-TO-DATE
> Task :generators:fact-generator-common:processResources NO-SOURCE
> Task :generators:fact-generator-common:classes UP-TO-DATE
> Task :generators:fact-generator-common:shadowJar UP-TO-DATE
> Task :compileJava UP-TO-DATE
> Task :compileGroovy UP-TO-DATE
> Task :resolveApktool
> Task :generators:dex-fact-generator:compileJava UP-TO-DATE
> Task :generators:dex-fact-generator:processResources NO-SOURCE
> Task :generators:dex-fact-generator:classes UP-TO-DATE
> Task :generators:dex-fact-generator:fatJar UP-TO-DATE
> Task :generators:dex-fact-generator:installJar UP-TO-DATE
> Task :generators:soot-fact-generator:compileJava UP-TO-DATE
> Task :generators:soot-fact-generator:compileGroovy NO-SOURCE
> Task :generators:soot-fact-generator:processResources NO-SOURCE
> Task :generators:soot-fact-generator:classes UP-TO-DATE
> Task :generators:soot-fact-generator:fatJar UP-TO-DATE
> Task :generators:soot-fact-generator:installJar UP-TO-DATE
> Task :generators:wala-fact-generator:compileJava UP-TO-DATE
> Task :generators:wala-fact-generator:processResources UP-TO-DATE
> Task :generators:wala-fact-generator:classes UP-TO-DATE
> Task :generators:wala-fact-generator:fatJar UP-TO-DATE
> Task :generators:wala-fact-generator:installJar UP-TO-DATE
> Task :resourceInstaller
> Task :processResources UP-TO-DATE
> Task :classes UP-TO-DATE
> Task :writeGitCommitHash UP-TO-DATE

> Task :run
WARNING: Default statistics are not compatible with analysis 'basic-only', disabling statistics logic.
Main class(es) expanded with [io.bootique.RootDriver]
WARNING: Handling of Java reflection is disabled!
New basic-only analysis
Id       : bootique-basic-only-NORMAL
Inputs   : /u/q8liang/Benchmarks/bootique-2.0.B1/bootique/target/bootique-2.0.B1.jar, /u/q8liang/Benchmarks/bootique-2.0.B1/bootique/target/bootique-2.0.B1-tests.jar, /u/q8liang/Benchmarks/bootique-2.0.B1/bootique/mvn_dependencies/apiguardian-api-1.1.0.jar, /u/q8liang/Benchmarks/bootique-2.0.B1/bootique/mvn_dependencies/bootique-di-2.0.B1.jar, /u/q8liang/Benchmarks/bootique-2.0.B1/bootique/mvn_dependencies/byte-buddy-1.10.20.jar, /u/q8liang/Benchmarks/bootique-2.0.B1/bootique/mvn_dependencies/byte-buddy-agent-1.10.20.jar, /u/q8liang/Benchmarks/bootique-2.0.B1/bootique/mvn_dependencies/jackson-annotations-2.12.3.jar, /u/q8liang/Benchmarks/bootique-2.0.B1/bootique/mvn_dependencies/jackson-core-2.12.3.jar, /u/q8liang/Benchmarks/bootique-2.0.B1/bootique/mvn_dependencies/jackson-databind-2.12.3.jar, /u/q8liang/Benchmarks/bootique-2.0.B1/bootique/mvn_dependencies/jackson-dataformat-yaml-2.12.3.jar, /u/q8liang/Benchmarks/bootique-2.0.B1/bootique/mvn_dependencies/javax.inject-1.jar, /u/q8liang/Benchmarks/bootique-2.0.B1/bootique/mvn_dependencies/javax.servlet-api-3.1.0.jar, /u/q8liang/Benchmarks/bootique-2.0.B1/bootique/mvn_dependencies/jetty-http-9.4.40.v20210413.jar, /u/q8liang/Benchmarks/bootique-2.0.B1/bootique/mvn_dependencies/jetty-io-9.4.40.v20210413.jar, /u/q8liang/Benchmarks/bootique-2.0.B1/bootique/mvn_dependencies/jetty-security-9.4.40.v20210413.jar, /u/q8liang/Benchmarks/bootique-2.0.B1/bootique/mvn_dependencies/jetty-server-9.4.40.v20210413.jar, /u/q8liang/Benchmarks/bootique-2.0.B1/bootique/mvn_dependencies/jetty-servlet-9.4.40.v20210413.jar, /u/q8liang/Benchmarks/bootique-2.0.B1/bootique/mvn_dependencies/jetty-util-9.4.40.v20210413.jar, /u/q8liang/Benchmarks/bootique-2.0.B1/bootique/mvn_dependencies/jetty-util-ajax-9.4.40.v20210413.jar, /u/q8liang/Benchmarks/bootique-2.0.B1/bootique/mvn_dependencies/jopt-simple-5.0.3.jar, /u/q8liang/Benchmarks/bootique-2.0.B1/bootique/mvn_dependencies/junit-jupiter-api-5.7.1.jar, /u/q8liang/Benchmarks/bootique-2.0.B1/bootique/mvn_dependencies/junit-jupiter-engine-5.7.1.jar, /u/q8liang/Benchmarks/bootique-2.0.B1/bootique/mvn_dependencies/junit-platform-commons-1.7.1.jar, /u/q8liang/Benchmarks/bootique-2.0.B1/bootique/mvn_dependencies/junit-platform-engine-1.7.1.jar, /u/q8liang/Benchmarks/bootique-2.0.B1/bootique/mvn_dependencies/mockito-core-3.9.0.jar, /u/q8liang/Benchmarks/bootique-2.0.B1/bootique/mvn_dependencies/objenesis-3.2.jar, /u/q8liang/Benchmarks/bootique-2.0.B1/bootique/mvn_dependencies/opentest4j-1.2.0.jar, /u/q8liang/Benchmarks/bootique-2.0.B1/bootique/mvn_dependencies/slf4j-api-1.7.25.jar, /u/q8liang/Benchmarks/bootique-2.0.B1/bootique/mvn_dependencies/slf4j-simple-1.7.25.jar, /u/q8liang/Benchmarks/bootique-2.0.B1/bootique/mvn_dependencies/snakeyaml-1.27.jar
Libraries: 
Using a timeout of 90 min.
Adding extra logic file /u/q8liang/doop_new/souffle-logic/analyses/mocks/mocks.dl
[Task FACTS...]
[Task COMPILE...]
-- Fact Generation --
Using cached analysis executable /u/q8liang/doop_new/cache/souffle-analyses/basic-only/de1c4ef0f2ebdd039f280ba5e200c2e3c900e6fa041c7b1c4f0cbfe51bea2c11
[Task COMPILE Done]
SOOT_FACT_GEN: Logging initialized, using directory: /u/q8liang/doop_new/build/logs
SOOT_FACT_GEN: SLF4J: Failed to load class "org.slf4j.impl.StaticLoggerBinder".
SOOT_FACT_GEN: SLF4J: Defaulting to no-operation (NOP) logger implementation
SOOT_FACT_GEN: SLF4J: See http://www.slf4j.org/codes.html#StaticLoggerBinder for further details.
SOOT_FACT_GEN: Preprocessing application: /u/q8liang/Benchmarks/bootique-2.0.B1/bootique/target/bootique-2.0.B1.jar
SOOT_FACT_GEN: Preprocessing application: /u/q8liang/Benchmarks/bootique-2.0.B1/bootique/target/bootique-2.0.B1-tests.jar
SOOT_FACT_GEN: Preprocessing application: /u/q8liang/Benchmarks/bootique-2.0.B1/bootique/mvn_dependencies/apiguardian-api-1.1.0.jar
SOOT_FACT_GEN: Preprocessing application: /u/q8liang/Benchmarks/bootique-2.0.B1/bootique/mvn_dependencies/bootique-di-2.0.B1.jar
SOOT_FACT_GEN: Preprocessing application: /u/q8liang/Benchmarks/bootique-2.0.B1/bootique/mvn_dependencies/byte-buddy-1.10.20.jar
SOOT_FACT_GEN: Preprocessing application: /u/q8liang/Benchmarks/bootique-2.0.B1/bootique/mvn_dependencies/byte-buddy-agent-1.10.20.jar
SOOT_FACT_GEN: Preprocessing application: /u/q8liang/Benchmarks/bootique-2.0.B1/bootique/mvn_dependencies/jackson-annotations-2.12.3.jar
SOOT_FACT_GEN: Preprocessing application: /u/q8liang/Benchmarks/bootique-2.0.B1/bootique/mvn_dependencies/jackson-core-2.12.3.jar
SOOT_FACT_GEN: Preprocessing application: /u/q8liang/Benchmarks/bootique-2.0.B1/bootique/mvn_dependencies/jackson-databind-2.12.3.jar
SOOT_FACT_GEN: Preprocessing application: /u/q8liang/Benchmarks/bootique-2.0.B1/bootique/mvn_dependencies/jackson-dataformat-yaml-2.12.3.jar
SOOT_FACT_GEN: Preprocessing application: /u/q8liang/Benchmarks/bootique-2.0.B1/bootique/mvn_dependencies/javax.inject-1.jar
SOOT_FACT_GEN: Preprocessing application: /u/q8liang/Benchmarks/bootique-2.0.B1/bootique/mvn_dependencies/javax.servlet-api-3.1.0.jar
SOOT_FACT_GEN: Preprocessing application: /u/q8liang/Benchmarks/bootique-2.0.B1/bootique/mvn_dependencies/jetty-http-9.4.40.v20210413.jar
SOOT_FACT_GEN: Preprocessing application: /u/q8liang/Benchmarks/bootique-2.0.B1/bootique/mvn_dependencies/jetty-io-9.4.40.v20210413.jar
SOOT_FACT_GEN: Preprocessing application: /u/q8liang/Benchmarks/bootique-2.0.B1/bootique/mvn_dependencies/jetty-security-9.4.40.v20210413.jar
SOOT_FACT_GEN: Preprocessing application: /u/q8liang/Benchmarks/bootique-2.0.B1/bootique/mvn_dependencies/jetty-server-9.4.40.v20210413.jar
SOOT_FACT_GEN: Preprocessing application: /u/q8liang/Benchmarks/bootique-2.0.B1/bootique/mvn_dependencies/jetty-servlet-9.4.40.v20210413.jar
SOOT_FACT_GEN: Preprocessing application: /u/q8liang/Benchmarks/bootique-2.0.B1/bootique/mvn_dependencies/jetty-util-9.4.40.v20210413.jar
SOOT_FACT_GEN: Preprocessing application: /u/q8liang/Benchmarks/bootique-2.0.B1/bootique/mvn_dependencies/jetty-util-ajax-9.4.40.v20210413.jar
SOOT_FACT_GEN: Preprocessing application: /u/q8liang/Benchmarks/bootique-2.0.B1/bootique/mvn_dependencies/jopt-simple-5.0.3.jar
SOOT_FACT_GEN: Preprocessing application: /u/q8liang/Benchmarks/bootique-2.0.B1/bootique/mvn_dependencies/junit-jupiter-api-5.7.1.jar
SOOT_FACT_GEN: Preprocessing application: /u/q8liang/Benchmarks/bootique-2.0.B1/bootique/mvn_dependencies/junit-jupiter-engine-5.7.1.jar
SOOT_FACT_GEN: Preprocessing application: /u/q8liang/Benchmarks/bootique-2.0.B1/bootique/mvn_dependencies/junit-platform-commons-1.7.1.jar
SOOT_FACT_GEN: Preprocessing application: /u/q8liang/Benchmarks/bootique-2.0.B1/bootique/mvn_dependencies/junit-platform-engine-1.7.1.jar
SOOT_FACT_GEN: Preprocessing application: /u/q8liang/Benchmarks/bootique-2.0.B1/bootique/mvn_dependencies/mockito-core-3.9.0.jar
SOOT_FACT_GEN: Preprocessing application: /u/q8liang/Benchmarks/bootique-2.0.B1/bootique/mvn_dependencies/objenesis-3.2.jar
SOOT_FACT_GEN: Preprocessing application: /u/q8liang/Benchmarks/bootique-2.0.B1/bootique/mvn_dependencies/opentest4j-1.2.0.jar
SOOT_FACT_GEN: Preprocessing application: /u/q8liang/Benchmarks/bootique-2.0.B1/bootique/mvn_dependencies/slf4j-api-1.7.25.jar
SOOT_FACT_GEN: Preprocessing application: /u/q8liang/Benchmarks/bootique-2.0.B1/bootique/mvn_dependencies/slf4j-simple-1.7.25.jar
SOOT_FACT_GEN: Preprocessing application: /u/q8liang/Benchmarks/bootique-2.0.B1/bootique/mvn_dependencies/snakeyaml-1.27.jar
SOOT_FACT_GEN: Preprocessing platform library: /u/q8liang/doop_new/build/tmp/rt_2701714297120999028.jar
SOOT_FACT_GEN: Preprocessing platform library: /u/q8liang/doop_new/build/tmp/jce_1590452462380557864.jar
SOOT_FACT_GEN: Preprocessing platform library: /u/q8liang/doop_new/build/tmp/jsse_5214928926818300432.jar
SOOT_FACT_GEN: Adding archive: /u/q8liang/Benchmarks/bootique-2.0.B1/bootique/target/bootique-2.0.B1.jar
SOOT_FACT_GEN: Adding archive: /u/q8liang/Benchmarks/bootique-2.0.B1/bootique/target/bootique-2.0.B1-tests.jar
SOOT_FACT_GEN: Adding archive: /u/q8liang/Benchmarks/bootique-2.0.B1/bootique/mvn_dependencies/apiguardian-api-1.1.0.jar
SOOT_FACT_GEN: Adding archive: /u/q8liang/Benchmarks/bootique-2.0.B1/bootique/mvn_dependencies/bootique-di-2.0.B1.jar
SOOT_FACT_GEN: Adding archive: /u/q8liang/Benchmarks/bootique-2.0.B1/bootique/mvn_dependencies/byte-buddy-1.10.20.jar
SOOT_FACT_GEN: Adding archive: /u/q8liang/Benchmarks/bootique-2.0.B1/bootique/mvn_dependencies/byte-buddy-agent-1.10.20.jar
SOOT_FACT_GEN: Adding archive: /u/q8liang/Benchmarks/bootique-2.0.B1/bootique/mvn_dependencies/jackson-annotations-2.12.3.jar
SOOT_FACT_GEN: Adding archive: /u/q8liang/Benchmarks/bootique-2.0.B1/bootique/mvn_dependencies/jackson-core-2.12.3.jar
SOOT_FACT_GEN: Adding archive: /u/q8liang/Benchmarks/bootique-2.0.B1/bootique/mvn_dependencies/jackson-databind-2.12.3.jar
SOOT_FACT_GEN: Adding archive: /u/q8liang/Benchmarks/bootique-2.0.B1/bootique/mvn_dependencies/jackson-dataformat-yaml-2.12.3.jar
SOOT_FACT_GEN: Adding archive: /u/q8liang/Benchmarks/bootique-2.0.B1/bootique/mvn_dependencies/javax.inject-1.jar
SOOT_FACT_GEN: Adding archive: /u/q8liang/Benchmarks/bootique-2.0.B1/bootique/mvn_dependencies/javax.servlet-api-3.1.0.jar
SOOT_FACT_GEN: Adding archive: /u/q8liang/Benchmarks/bootique-2.0.B1/bootique/mvn_dependencies/jetty-http-9.4.40.v20210413.jar
SOOT_FACT_GEN: Adding archive: /u/q8liang/Benchmarks/bootique-2.0.B1/bootique/mvn_dependencies/jetty-io-9.4.40.v20210413.jar
SOOT_FACT_GEN: Adding archive: /u/q8liang/Benchmarks/bootique-2.0.B1/bootique/mvn_dependencies/jetty-security-9.4.40.v20210413.jar
SOOT_FACT_GEN: Adding archive: /u/q8liang/Benchmarks/bootique-2.0.B1/bootique/mvn_dependencies/jetty-server-9.4.40.v20210413.jar
SOOT_FACT_GEN: Adding archive: /u/q8liang/Benchmarks/bootique-2.0.B1/bootique/mvn_dependencies/jetty-servlet-9.4.40.v20210413.jar
SOOT_FACT_GEN: Adding archive: /u/q8liang/Benchmarks/bootique-2.0.B1/bootique/mvn_dependencies/jetty-util-9.4.40.v20210413.jar
SOOT_FACT_GEN: Adding archive: /u/q8liang/Benchmarks/bootique-2.0.B1/bootique/mvn_dependencies/jetty-util-ajax-9.4.40.v20210413.jar
SOOT_FACT_GEN: Adding archive: /u/q8liang/Benchmarks/bootique-2.0.B1/bootique/mvn_dependencies/jopt-simple-5.0.3.jar
SOOT_FACT_GEN: Adding archive: /u/q8liang/Benchmarks/bootique-2.0.B1/bootique/mvn_dependencies/junit-jupiter-api-5.7.1.jar
SOOT_FACT_GEN: Adding archive: /u/q8liang/Benchmarks/bootique-2.0.B1/bootique/mvn_dependencies/junit-jupiter-engine-5.7.1.jar
SOOT_FACT_GEN: Adding archive: /u/q8liang/Benchmarks/bootique-2.0.B1/bootique/mvn_dependencies/junit-platform-commons-1.7.1.jar
SOOT_FACT_GEN: Adding archive: /u/q8liang/Benchmarks/bootique-2.0.B1/bootique/mvn_dependencies/junit-platform-engine-1.7.1.jar
SOOT_FACT_GEN: Adding archive: /u/q8liang/Benchmarks/bootique-2.0.B1/bootique/mvn_dependencies/mockito-core-3.9.0.jar
SOOT_FACT_GEN: Adding archive: /u/q8liang/Benchmarks/bootique-2.0.B1/bootique/mvn_dependencies/objenesis-3.2.jar
SOOT_FACT_GEN: Adding archive: /u/q8liang/Benchmarks/bootique-2.0.B1/bootique/mvn_dependencies/opentest4j-1.2.0.jar
SOOT_FACT_GEN: Adding archive: /u/q8liang/Benchmarks/bootique-2.0.B1/bootique/mvn_dependencies/slf4j-api-1.7.25.jar
SOOT_FACT_GEN: Adding archive: /u/q8liang/Benchmarks/bootique-2.0.B1/bootique/mvn_dependencies/slf4j-simple-1.7.25.jar
SOOT_FACT_GEN: Adding archive: /u/q8liang/Benchmarks/bootique-2.0.B1/bootique/mvn_dependencies/snakeyaml-1.27.jar
SOOT_FACT_GEN: Adding archive for resolving: /u/q8liang/doop_new/build/tmp/rt_2701714297120999028.jar
SOOT_FACT_GEN: Adding archive for resolving: /u/q8liang/doop_new/build/tmp/jce_1590452462380557864.jar
SOOT_FACT_GEN: Adding archive for resolving: /u/q8liang/doop_new/build/tmp/jsse_5214928926818300432.jar
SOOT_FACT_GEN: Classes in input (application) jar(s): 6521
SOOT_FACT_GEN: Total classes in Scene: 14310
SOOT_FACT_GEN: Retrieved all bodies (time: 67)
SOOT_FACT_GEN: Fact generation cores: 32
SOOT_FACT_GEN: WARNING: some classes were not resolved, consider using thorough fact generation or adding them manually via --also-resolve: [java.lang.Boolean[], java.beans.Customizer, javax.sound.sampled.Port, java.lang.Character[], java.awt.dnd.MouseDragGestureRecognizer, java.lang.Long[], com.sun.beans.editors.BooleanEditor, byte[], int[], com.sun.management.GarbageCollectorMXBean, com.sun.beans.editors.LongEditor, java.lang.Integer[], double[], java.lang.Byte[], java.lang.String[], com.sun.beans.editors.ShortEditor, org.hamcrest.BaseMatcher, char[], java.util.concurrent.ConcurrentSkipListMap, sun.util.locale.provider.HostLocaleProviderAdapterImpl, float[], boolean[], com.sun.beans.editors.DoubleEditor, com.sun.beans.editors.ByteEditor, com.sun.beans.editors.FloatEditor, java.lang.Float[], com.sun.beans.editors.IntegerEditor, short[], long[], org.junit.Test, java.util.concurrent.ConcurrentNavigableMap, java.lang.Double[], java.lang.Short[]]
SOOT_FACT_GEN: Found 522 phantom references. Rerun with '--report-phantoms' for more details.
SOOT_FACT_GEN: Methods without active bodies encountered (and reset): 0
Soot fact generation time: 121
Caching facts in /u/q8liang/doop_new/cache/7d0f59f30539c0a08b44bffdcf91bbce76ef19d5b7b9a13c6f37edf329022230
Copying /u/q8liang/doop_new/out/bootique-basic-only-NORMAL/database to /u/q8liang/doop_new/cache/7d0f59f30539c0a08b44bffdcf91bbce76ef19d5b7b9a13c6f37edf329022230...
----
[Task FACTS Done]
Using /usr/bin/time to gather performance statistics...
Running analysis
Runtime info monitored in /u/q8liang/doop_new/out/bootique-basic-only-NORMAL/monitoring.txt (& /u/q8liang/doop_new/out/bootique-basic-only-NORMAL/monitoring.latest.txt)
795.34user 23.18system 13:44.76elapsed 99%CPU (0avgtext+0avgdata 2047420maxresident)k
0inputs+16873680outputs (0major+6613800minor)pagefaults 0swaps
Analysis execution time (sec): 824
-- Runtime metrics --
analysis compilation time (sec)                                                  0
analysis execution time (sec)                                                    824
disk footprint (KB)                                                              10,335,513
fact generation time (sec)                                                       121
Making database available at /u/q8liang/doop_new/results/bootique-2.0.B1/basic-only/java_8/bootique-basic-only-NORMAL
Making database available at /u/q8liang/doop_new/last-analysis

Deprecated Gradle features were used in this build, making it incompatible with Gradle 7.0.
Use '--warning-mode all' to show the individual deprecation warnings.
See https://docs.gradle.org/6.7/userguide/command_line_interface.html#sec:command_line_warnings

BUILD SUCCESSFUL in 16m 1s
21 actionable tasks: 2 executed, 19 up-to-date
./doop -a basic-only -i /u/q8liang/Benchmarks/bootique-2.0.B1/bootique/target/bootique-2.0.B1.jar -i /u/q8liang/Benchmarks/bootique-2.0.B1/bootique/target/bootique-2.0.B1-tests.jar -i /u/q8liang/Benchmarks/bootique-2.0.B1/bootique/mvn_dependencies --id bootique-basic-only-NORMAL --souffle-jobs 32 --main io.bootique.RootDriver --define-cpp-macro USE_BASIC --extra-logic souffle-logic/analyses/mocks/mocks.dl
Starting a Gradle Daemon, 1 busy Daemon could not be reused, use --status for details
> Task :generators:code-processor:generateGrammarSource UP-TO-DATE
> Task :generators:code-processor:compileJava UP-TO-DATE
> Task :generators:code-processor:compileGroovy UP-TO-DATE
> Task :generators:code-processor:processResources NO-SOURCE
> Task :generators:code-processor:classes UP-TO-DATE
> Task :generators:code-processor:jar UP-TO-DATE
> Task :generators:fact-generator-common:compileJava UP-TO-DATE
> Task :generators:fact-generator-common:processResources NO-SOURCE
> Task :generators:fact-generator-common:classes UP-TO-DATE
> Task :generators:fact-generator-common:shadowJar UP-TO-DATE
> Task :compileJava UP-TO-DATE
> Task :compileGroovy UP-TO-DATE
> Task :resolveApktool
> Task :generators:dex-fact-generator:compileJava UP-TO-DATE
> Task :generators:dex-fact-generator:processResources NO-SOURCE
> Task :generators:dex-fact-generator:classes UP-TO-DATE
> Task :generators:dex-fact-generator:fatJar UP-TO-DATE
> Task :generators:dex-fact-generator:installJar UP-TO-DATE
> Task :generators:soot-fact-generator:compileJava UP-TO-DATE
> Task :generators:soot-fact-generator:compileGroovy NO-SOURCE
> Task :generators:soot-fact-generator:processResources NO-SOURCE
> Task :generators:soot-fact-generator:classes UP-TO-DATE
> Task :generators:soot-fact-generator:fatJar UP-TO-DATE
> Task :generators:soot-fact-generator:installJar UP-TO-DATE
> Task :generators:wala-fact-generator:compileJava UP-TO-DATE
> Task :generators:wala-fact-generator:processResources UP-TO-DATE
> Task :generators:wala-fact-generator:classes UP-TO-DATE
> Task :generators:wala-fact-generator:fatJar UP-TO-DATE
> Task :generators:wala-fact-generator:installJar UP-TO-DATE
> Task :resourceInstaller
> Task :processResources UP-TO-DATE
> Task :classes UP-TO-DATE
> Task :writeGitCommitHash UP-TO-DATE

> Task :run
WARNING: Default statistics are not compatible with analysis 'basic-only', disabling statistics logic.
Main class(es) expanded with [io.bootique.RootDriver]
WARNING: Handling of Java reflection is disabled!
New basic-only analysis
Id       : bootique-basic-only-NORMAL
Inputs   : /u/q8liang/Benchmarks/bootique-2.0.B1/bootique/target/bootique-2.0.B1.jar, /u/q8liang/Benchmarks/bootique-2.0.B1/bootique/target/bootique-2.0.B1-tests.jar, /u/q8liang/Benchmarks/bootique-2.0.B1/bootique/mvn_dependencies/apiguardian-api-1.1.0.jar, /u/q8liang/Benchmarks/bootique-2.0.B1/bootique/mvn_dependencies/bootique-di-2.0.B1.jar, /u/q8liang/Benchmarks/bootique-2.0.B1/bootique/mvn_dependencies/byte-buddy-1.10.20.jar, /u/q8liang/Benchmarks/bootique-2.0.B1/bootique/mvn_dependencies/byte-buddy-agent-1.10.20.jar, /u/q8liang/Benchmarks/bootique-2.0.B1/bootique/mvn_dependencies/jackson-annotations-2.12.3.jar, /u/q8liang/Benchmarks/bootique-2.0.B1/bootique/mvn_dependencies/jackson-core-2.12.3.jar, /u/q8liang/Benchmarks/bootique-2.0.B1/bootique/mvn_dependencies/jackson-databind-2.12.3.jar, /u/q8liang/Benchmarks/bootique-2.0.B1/bootique/mvn_dependencies/jackson-dataformat-yaml-2.12.3.jar, /u/q8liang/Benchmarks/bootique-2.0.B1/bootique/mvn_dependencies/javax.inject-1.jar, /u/q8liang/Benchmarks/bootique-2.0.B1/bootique/mvn_dependencies/javax.servlet-api-3.1.0.jar, /u/q8liang/Benchmarks/bootique-2.0.B1/bootique/mvn_dependencies/jetty-http-9.4.40.v20210413.jar, /u/q8liang/Benchmarks/bootique-2.0.B1/bootique/mvn_dependencies/jetty-io-9.4.40.v20210413.jar, /u/q8liang/Benchmarks/bootique-2.0.B1/bootique/mvn_dependencies/jetty-security-9.4.40.v20210413.jar, /u/q8liang/Benchmarks/bootique-2.0.B1/bootique/mvn_dependencies/jetty-server-9.4.40.v20210413.jar, /u/q8liang/Benchmarks/bootique-2.0.B1/bootique/mvn_dependencies/jetty-servlet-9.4.40.v20210413.jar, /u/q8liang/Benchmarks/bootique-2.0.B1/bootique/mvn_dependencies/jetty-util-9.4.40.v20210413.jar, /u/q8liang/Benchmarks/bootique-2.0.B1/bootique/mvn_dependencies/jetty-util-ajax-9.4.40.v20210413.jar, /u/q8liang/Benchmarks/bootique-2.0.B1/bootique/mvn_dependencies/jopt-simple-5.0.3.jar, /u/q8liang/Benchmarks/bootique-2.0.B1/bootique/mvn_dependencies/junit-jupiter-api-5.7.1.jar, /u/q8liang/Benchmarks/bootique-2.0.B1/bootique/mvn_dependencies/junit-jupiter-engine-5.7.1.jar, /u/q8liang/Benchmarks/bootique-2.0.B1/bootique/mvn_dependencies/junit-platform-commons-1.7.1.jar, /u/q8liang/Benchmarks/bootique-2.0.B1/bootique/mvn_dependencies/junit-platform-engine-1.7.1.jar, /u/q8liang/Benchmarks/bootique-2.0.B1/bootique/mvn_dependencies/mockito-core-3.9.0.jar, /u/q8liang/Benchmarks/bootique-2.0.B1/bootique/mvn_dependencies/objenesis-3.2.jar, /u/q8liang/Benchmarks/bootique-2.0.B1/bootique/mvn_dependencies/opentest4j-1.2.0.jar, /u/q8liang/Benchmarks/bootique-2.0.B1/bootique/mvn_dependencies/slf4j-api-1.7.25.jar, /u/q8liang/Benchmarks/bootique-2.0.B1/bootique/mvn_dependencies/slf4j-simple-1.7.25.jar, /u/q8liang/Benchmarks/bootique-2.0.B1/bootique/mvn_dependencies/snakeyaml-1.27.jar
Libraries: 
Using a timeout of 90 min.
Adding extra logic file /u/q8liang/doop_new/souffle-logic/analyses/mocks/mocks.dl
[Task FACTS...]
[Task COMPILE...]
-- Fact Generation --
Using cached analysis executable /u/q8liang/doop_new/cache/souffle-analyses/basic-only/164f2728f8daef761c859c9d605bb65c9e018f0d797f24a5c336746dd0ceddd3
[Task COMPILE Done]
SOOT_FACT_GEN: Logging initialized, using directory: /u/q8liang/doop_new/build/logs
SOOT_FACT_GEN: SLF4J: Failed to load class "org.slf4j.impl.StaticLoggerBinder".
SOOT_FACT_GEN: SLF4J: Defaulting to no-operation (NOP) logger implementation
SOOT_FACT_GEN: SLF4J: See http://www.slf4j.org/codes.html#StaticLoggerBinder for further details.
SOOT_FACT_GEN: Preprocessing application: /u/q8liang/Benchmarks/bootique-2.0.B1/bootique/target/bootique-2.0.B1.jar
SOOT_FACT_GEN: Preprocessing application: /u/q8liang/Benchmarks/bootique-2.0.B1/bootique/target/bootique-2.0.B1-tests.jar
SOOT_FACT_GEN: Preprocessing application: /u/q8liang/Benchmarks/bootique-2.0.B1/bootique/mvn_dependencies/apiguardian-api-1.1.0.jar
SOOT_FACT_GEN: Preprocessing application: /u/q8liang/Benchmarks/bootique-2.0.B1/bootique/mvn_dependencies/bootique-di-2.0.B1.jar
SOOT_FACT_GEN: Preprocessing application: /u/q8liang/Benchmarks/bootique-2.0.B1/bootique/mvn_dependencies/byte-buddy-1.10.20.jar
SOOT_FACT_GEN: Preprocessing application: /u/q8liang/Benchmarks/bootique-2.0.B1/bootique/mvn_dependencies/byte-buddy-agent-1.10.20.jar
SOOT_FACT_GEN: Preprocessing application: /u/q8liang/Benchmarks/bootique-2.0.B1/bootique/mvn_dependencies/jackson-annotations-2.12.3.jar
SOOT_FACT_GEN: Preprocessing application: /u/q8liang/Benchmarks/bootique-2.0.B1/bootique/mvn_dependencies/jackson-core-2.12.3.jar
SOOT_FACT_GEN: Preprocessing application: /u/q8liang/Benchmarks/bootique-2.0.B1/bootique/mvn_dependencies/jackson-databind-2.12.3.jar
SOOT_FACT_GEN: Preprocessing application: /u/q8liang/Benchmarks/bootique-2.0.B1/bootique/mvn_dependencies/jackson-dataformat-yaml-2.12.3.jar
SOOT_FACT_GEN: Preprocessing application: /u/q8liang/Benchmarks/bootique-2.0.B1/bootique/mvn_dependencies/javax.inject-1.jar
SOOT_FACT_GEN: Preprocessing application: /u/q8liang/Benchmarks/bootique-2.0.B1/bootique/mvn_dependencies/javax.servlet-api-3.1.0.jar
SOOT_FACT_GEN: Preprocessing application: /u/q8liang/Benchmarks/bootique-2.0.B1/bootique/mvn_dependencies/jetty-http-9.4.40.v20210413.jar
SOOT_FACT_GEN: Preprocessing application: /u/q8liang/Benchmarks/bootique-2.0.B1/bootique/mvn_dependencies/jetty-io-9.4.40.v20210413.jar
SOOT_FACT_GEN: Preprocessing application: /u/q8liang/Benchmarks/bootique-2.0.B1/bootique/mvn_dependencies/jetty-security-9.4.40.v20210413.jar
SOOT_FACT_GEN: Preprocessing application: /u/q8liang/Benchmarks/bootique-2.0.B1/bootique/mvn_dependencies/jetty-server-9.4.40.v20210413.jar
SOOT_FACT_GEN: Preprocessing application: /u/q8liang/Benchmarks/bootique-2.0.B1/bootique/mvn_dependencies/jetty-servlet-9.4.40.v20210413.jar
SOOT_FACT_GEN: Preprocessing application: /u/q8liang/Benchmarks/bootique-2.0.B1/bootique/mvn_dependencies/jetty-util-9.4.40.v20210413.jar
SOOT_FACT_GEN: Preprocessing application: /u/q8liang/Benchmarks/bootique-2.0.B1/bootique/mvn_dependencies/jetty-util-ajax-9.4.40.v20210413.jar
SOOT_FACT_GEN: Preprocessing application: /u/q8liang/Benchmarks/bootique-2.0.B1/bootique/mvn_dependencies/jopt-simple-5.0.3.jar
SOOT_FACT_GEN: Preprocessing application: /u/q8liang/Benchmarks/bootique-2.0.B1/bootique/mvn_dependencies/junit-jupiter-api-5.7.1.jar
SOOT_FACT_GEN: Preprocessing application: /u/q8liang/Benchmarks/bootique-2.0.B1/bootique/mvn_dependencies/junit-jupiter-engine-5.7.1.jar
SOOT_FACT_GEN: Preprocessing application: /u/q8liang/Benchmarks/bootique-2.0.B1/bootique/mvn_dependencies/junit-platform-commons-1.7.1.jar
SOOT_FACT_GEN: Preprocessing application: /u/q8liang/Benchmarks/bootique-2.0.B1/bootique/mvn_dependencies/junit-platform-engine-1.7.1.jar
SOOT_FACT_GEN: Preprocessing application: /u/q8liang/Benchmarks/bootique-2.0.B1/bootique/mvn_dependencies/mockito-core-3.9.0.jar
SOOT_FACT_GEN: Preprocessing application: /u/q8liang/Benchmarks/bootique-2.0.B1/bootique/mvn_dependencies/objenesis-3.2.jar
SOOT_FACT_GEN: Preprocessing application: /u/q8liang/Benchmarks/bootique-2.0.B1/bootique/mvn_dependencies/opentest4j-1.2.0.jar
SOOT_FACT_GEN: Preprocessing application: /u/q8liang/Benchmarks/bootique-2.0.B1/bootique/mvn_dependencies/slf4j-api-1.7.25.jar
SOOT_FACT_GEN: Preprocessing application: /u/q8liang/Benchmarks/bootique-2.0.B1/bootique/mvn_dependencies/slf4j-simple-1.7.25.jar
SOOT_FACT_GEN: Preprocessing application: /u/q8liang/Benchmarks/bootique-2.0.B1/bootique/mvn_dependencies/snakeyaml-1.27.jar
SOOT_FACT_GEN: Preprocessing platform library: /u/q8liang/doop_new/build/tmp/rt_7252698251520695076.jar
SOOT_FACT_GEN: Preprocessing platform library: /u/q8liang/doop_new/build/tmp/jce_8907007592750420444.jar
SOOT_FACT_GEN: Preprocessing platform library: /u/q8liang/doop_new/build/tmp/jsse_8637267038402443841.jar
SOOT_FACT_GEN: Adding archive: /u/q8liang/Benchmarks/bootique-2.0.B1/bootique/target/bootique-2.0.B1.jar
SOOT_FACT_GEN: Adding archive: /u/q8liang/Benchmarks/bootique-2.0.B1/bootique/target/bootique-2.0.B1-tests.jar
SOOT_FACT_GEN: Adding archive: /u/q8liang/Benchmarks/bootique-2.0.B1/bootique/mvn_dependencies/apiguardian-api-1.1.0.jar
SOOT_FACT_GEN: Adding archive: /u/q8liang/Benchmarks/bootique-2.0.B1/bootique/mvn_dependencies/bootique-di-2.0.B1.jar
SOOT_FACT_GEN: Adding archive: /u/q8liang/Benchmarks/bootique-2.0.B1/bootique/mvn_dependencies/byte-buddy-1.10.20.jar
SOOT_FACT_GEN: Adding archive: /u/q8liang/Benchmarks/bootique-2.0.B1/bootique/mvn_dependencies/byte-buddy-agent-1.10.20.jar
SOOT_FACT_GEN: Adding archive: /u/q8liang/Benchmarks/bootique-2.0.B1/bootique/mvn_dependencies/jackson-annotations-2.12.3.jar
SOOT_FACT_GEN: Adding archive: /u/q8liang/Benchmarks/bootique-2.0.B1/bootique/mvn_dependencies/jackson-core-2.12.3.jar
SOOT_FACT_GEN: Adding archive: /u/q8liang/Benchmarks/bootique-2.0.B1/bootique/mvn_dependencies/jackson-databind-2.12.3.jar
SOOT_FACT_GEN: Adding archive: /u/q8liang/Benchmarks/bootique-2.0.B1/bootique/mvn_dependencies/jackson-dataformat-yaml-2.12.3.jar
SOOT_FACT_GEN: Adding archive: /u/q8liang/Benchmarks/bootique-2.0.B1/bootique/mvn_dependencies/javax.inject-1.jar
SOOT_FACT_GEN: Adding archive: /u/q8liang/Benchmarks/bootique-2.0.B1/bootique/mvn_dependencies/javax.servlet-api-3.1.0.jar
SOOT_FACT_GEN: Adding archive: /u/q8liang/Benchmarks/bootique-2.0.B1/bootique/mvn_dependencies/jetty-http-9.4.40.v20210413.jar
SOOT_FACT_GEN: Adding archive: /u/q8liang/Benchmarks/bootique-2.0.B1/bootique/mvn_dependencies/jetty-io-9.4.40.v20210413.jar
SOOT_FACT_GEN: Adding archive: /u/q8liang/Benchmarks/bootique-2.0.B1/bootique/mvn_dependencies/jetty-security-9.4.40.v20210413.jar
SOOT_FACT_GEN: Adding archive: /u/q8liang/Benchmarks/bootique-2.0.B1/bootique/mvn_dependencies/jetty-server-9.4.40.v20210413.jar
SOOT_FACT_GEN: Adding archive: /u/q8liang/Benchmarks/bootique-2.0.B1/bootique/mvn_dependencies/jetty-servlet-9.4.40.v20210413.jar
SOOT_FACT_GEN: Adding archive: /u/q8liang/Benchmarks/bootique-2.0.B1/bootique/mvn_dependencies/jetty-util-9.4.40.v20210413.jar
SOOT_FACT_GEN: Adding archive: /u/q8liang/Benchmarks/bootique-2.0.B1/bootique/mvn_dependencies/jetty-util-ajax-9.4.40.v20210413.jar
SOOT_FACT_GEN: Adding archive: /u/q8liang/Benchmarks/bootique-2.0.B1/bootique/mvn_dependencies/jopt-simple-5.0.3.jar
SOOT_FACT_GEN: Adding archive: /u/q8liang/Benchmarks/bootique-2.0.B1/bootique/mvn_dependencies/junit-jupiter-api-5.7.1.jar
SOOT_FACT_GEN: Adding archive: /u/q8liang/Benchmarks/bootique-2.0.B1/bootique/mvn_dependencies/junit-jupiter-engine-5.7.1.jar
SOOT_FACT_GEN: Adding archive: /u/q8liang/Benchmarks/bootique-2.0.B1/bootique/mvn_dependencies/junit-platform-commons-1.7.1.jar
SOOT_FACT_GEN: Adding archive: /u/q8liang/Benchmarks/bootique-2.0.B1/bootique/mvn_dependencies/junit-platform-engine-1.7.1.jar
SOOT_FACT_GEN: Adding archive: /u/q8liang/Benchmarks/bootique-2.0.B1/bootique/mvn_dependencies/mockito-core-3.9.0.jar
SOOT_FACT_GEN: Adding archive: /u/q8liang/Benchmarks/bootique-2.0.B1/bootique/mvn_dependencies/objenesis-3.2.jar
SOOT_FACT_GEN: Adding archive: /u/q8liang/Benchmarks/bootique-2.0.B1/bootique/mvn_dependencies/opentest4j-1.2.0.jar
SOOT_FACT_GEN: Adding archive: /u/q8liang/Benchmarks/bootique-2.0.B1/bootique/mvn_dependencies/slf4j-api-1.7.25.jar
SOOT_FACT_GEN: Adding archive: /u/q8liang/Benchmarks/bootique-2.0.B1/bootique/mvn_dependencies/slf4j-simple-1.7.25.jar
SOOT_FACT_GEN: Adding archive: /u/q8liang/Benchmarks/bootique-2.0.B1/bootique/mvn_dependencies/snakeyaml-1.27.jar
SOOT_FACT_GEN: Adding archive for resolving: /u/q8liang/doop_new/build/tmp/rt_7252698251520695076.jar
SOOT_FACT_GEN: Adding archive for resolving: /u/q8liang/doop_new/build/tmp/jce_8907007592750420444.jar
SOOT_FACT_GEN: Adding archive for resolving: /u/q8liang/doop_new/build/tmp/jsse_8637267038402443841.jar
SOOT_FACT_GEN: Classes in input (application) jar(s): 6521
SOOT_FACT_GEN: Total classes in Scene: 14310
SOOT_FACT_GEN: Retrieved all bodies (time: 67)
SOOT_FACT_GEN: Fact generation cores: 32
SOOT_FACT_GEN: WARNING: some classes were not resolved, consider using thorough fact generation or adding them manually via --also-resolve: [java.lang.Boolean[], java.beans.Customizer, javax.sound.sampled.Port, java.lang.Character[], java.awt.dnd.MouseDragGestureRecognizer, java.lang.Long[], com.sun.beans.editors.BooleanEditor, byte[], int[], com.sun.management.GarbageCollectorMXBean, com.sun.beans.editors.LongEditor, java.lang.Integer[], double[], java.lang.Byte[], java.lang.String[], com.sun.beans.editors.ShortEditor, org.hamcrest.BaseMatcher, char[], java.util.concurrent.ConcurrentSkipListMap, sun.util.locale.provider.HostLocaleProviderAdapterImpl, float[], boolean[], com.sun.beans.editors.DoubleEditor, com.sun.beans.editors.ByteEditor, com.sun.beans.editors.FloatEditor, java.lang.Float[], com.sun.beans.editors.IntegerEditor, short[], long[], org.junit.Test, java.util.concurrent.ConcurrentNavigableMap, java.lang.Double[], java.lang.Short[]]
SOOT_FACT_GEN: Found 520 phantom references. Rerun with '--report-phantoms' for more details.
SOOT_FACT_GEN: Methods without active bodies encountered (and reset): 0
Soot fact generation time: 122
Caching facts in /u/q8liang/doop_new/cache/7d0f59f30539c0a08b44bffdcf91bbce76ef19d5b7b9a13c6f37edf329022230
Copying /u/q8liang/doop_new/out/bootique-basic-only-NORMAL/database to /u/q8liang/doop_new/cache/7d0f59f30539c0a08b44bffdcf91bbce76ef19d5b7b9a13c6f37edf329022230...
----
[Task FACTS Done]
Using /usr/bin/time to gather performance statistics...
Running analysis
Runtime info monitored in /u/q8liang/doop_new/out/bootique-basic-only-NORMAL/monitoring.txt (& /u/q8liang/doop_new/out/bootique-basic-only-NORMAL/monitoring.latest.txt)
./doop -a basic-only -i /u/q8liang/Benchmarks/bootique-2.0.B1/bootique/target/bootique-2.0.B1.jar -i /u/q8liang/Benchmarks/bootique-2.0.B1/bootique/target/bootique-2.0.B1-tests.jar -i /u/q8liang/Benchmarks/bootique-2.0.B1/bootique/mvn_dependencies --id bootique-basic-only-NORMAL --souffle-jobs 32 --main io.bootique.RootDriver --define-cpp-macro USE_BASIC --extra-logic souffle-logic/analyses/mocks/mocks.dl
Starting a Gradle Daemon, 1 busy and 3 stopped Daemons could not be reused, use --status for details
> Task :generators:code-processor:generateGrammarSource UP-TO-DATE
> Task :generators:code-processor:compileJava UP-TO-DATE
> Task :generators:code-processor:compileGroovy UP-TO-DATE
> Task :generators:code-processor:processResources NO-SOURCE
> Task :generators:code-processor:classes UP-TO-DATE
> Task :generators:code-processor:jar UP-TO-DATE
> Task :generators:fact-generator-common:compileJava UP-TO-DATE
> Task :generators:fact-generator-common:processResources NO-SOURCE
> Task :generators:fact-generator-common:classes UP-TO-DATE
> Task :generators:fact-generator-common:shadowJar UP-TO-DATE
> Task :compileJava UP-TO-DATE
> Task :compileGroovy UP-TO-DATE
> Task :resolveApktool
> Task :generators:dex-fact-generator:compileJava UP-TO-DATE
> Task :generators:dex-fact-generator:processResources NO-SOURCE
> Task :generators:dex-fact-generator:classes UP-TO-DATE
> Task :generators:dex-fact-generator:fatJar UP-TO-DATE
> Task :generators:dex-fact-generator:installJar UP-TO-DATE
> Task :generators:soot-fact-generator:compileJava UP-TO-DATE
> Task :generators:soot-fact-generator:compileGroovy NO-SOURCE
> Task :generators:soot-fact-generator:processResources NO-SOURCE
> Task :generators:soot-fact-generator:classes UP-TO-DATE
> Task :generators:soot-fact-generator:fatJar UP-TO-DATE
> Task :generators:soot-fact-generator:installJar UP-TO-DATE
> Task :generators:wala-fact-generator:compileJava UP-TO-DATE
> Task :generators:wala-fact-generator:processResources UP-TO-DATE
> Task :generators:wala-fact-generator:classes UP-TO-DATE
> Task :generators:wala-fact-generator:fatJar UP-TO-DATE
> Task :generators:wala-fact-generator:installJar UP-TO-DATE
> Task :resourceInstaller
> Task :processResources UP-TO-DATE
> Task :classes UP-TO-DATE
> Task :writeGitCommitHash UP-TO-DATE

> Task :run
WARNING: Default statistics are not compatible with analysis 'basic-only', disabling statistics logic.
Main class(es) expanded with [io.bootique.RootDriver]
WARNING: Handling of Java reflection is disabled!
New basic-only analysis
Id       : bootique-basic-only-NORMAL
Inputs   : /u/q8liang/Benchmarks/bootique-2.0.B1/bootique/target/bootique-2.0.B1.jar, /u/q8liang/Benchmarks/bootique-2.0.B1/bootique/target/bootique-2.0.B1-tests.jar, /u/q8liang/Benchmarks/bootique-2.0.B1/bootique/mvn_dependencies/apiguardian-api-1.1.0.jar, /u/q8liang/Benchmarks/bootique-2.0.B1/bootique/mvn_dependencies/bootique-di-2.0.B1.jar, /u/q8liang/Benchmarks/bootique-2.0.B1/bootique/mvn_dependencies/byte-buddy-1.10.20.jar, /u/q8liang/Benchmarks/bootique-2.0.B1/bootique/mvn_dependencies/byte-buddy-agent-1.10.20.jar, /u/q8liang/Benchmarks/bootique-2.0.B1/bootique/mvn_dependencies/jackson-annotations-2.12.3.jar, /u/q8liang/Benchmarks/bootique-2.0.B1/bootique/mvn_dependencies/jackson-core-2.12.3.jar, /u/q8liang/Benchmarks/bootique-2.0.B1/bootique/mvn_dependencies/jackson-databind-2.12.3.jar, /u/q8liang/Benchmarks/bootique-2.0.B1/bootique/mvn_dependencies/jackson-dataformat-yaml-2.12.3.jar, /u/q8liang/Benchmarks/bootique-2.0.B1/bootique/mvn_dependencies/javax.inject-1.jar, /u/q8liang/Benchmarks/bootique-2.0.B1/bootique/mvn_dependencies/javax.servlet-api-3.1.0.jar, /u/q8liang/Benchmarks/bootique-2.0.B1/bootique/mvn_dependencies/jetty-http-9.4.40.v20210413.jar, /u/q8liang/Benchmarks/bootique-2.0.B1/bootique/mvn_dependencies/jetty-io-9.4.40.v20210413.jar, /u/q8liang/Benchmarks/bootique-2.0.B1/bootique/mvn_dependencies/jetty-security-9.4.40.v20210413.jar, /u/q8liang/Benchmarks/bootique-2.0.B1/bootique/mvn_dependencies/jetty-server-9.4.40.v20210413.jar, /u/q8liang/Benchmarks/bootique-2.0.B1/bootique/mvn_dependencies/jetty-servlet-9.4.40.v20210413.jar, /u/q8liang/Benchmarks/bootique-2.0.B1/bootique/mvn_dependencies/jetty-util-9.4.40.v20210413.jar, /u/q8liang/Benchmarks/bootique-2.0.B1/bootique/mvn_dependencies/jetty-util-ajax-9.4.40.v20210413.jar, /u/q8liang/Benchmarks/bootique-2.0.B1/bootique/mvn_dependencies/jopt-simple-5.0.3.jar, /u/q8liang/Benchmarks/bootique-2.0.B1/bootique/mvn_dependencies/junit-jupiter-api-5.7.1.jar, /u/q8liang/Benchmarks/bootique-2.0.B1/bootique/mvn_dependencies/junit-jupiter-engine-5.7.1.jar, /u/q8liang/Benchmarks/bootique-2.0.B1/bootique/mvn_dependencies/junit-platform-commons-1.7.1.jar, /u/q8liang/Benchmarks/bootique-2.0.B1/bootique/mvn_dependencies/junit-platform-engine-1.7.1.jar, /u/q8liang/Benchmarks/bootique-2.0.B1/bootique/mvn_dependencies/mockito-core-3.9.0.jar, /u/q8liang/Benchmarks/bootique-2.0.B1/bootique/mvn_dependencies/objenesis-3.2.jar, /u/q8liang/Benchmarks/bootique-2.0.B1/bootique/mvn_dependencies/opentest4j-1.2.0.jar, /u/q8liang/Benchmarks/bootique-2.0.B1/bootique/mvn_dependencies/slf4j-api-1.7.25.jar, /u/q8liang/Benchmarks/bootique-2.0.B1/bootique/mvn_dependencies/slf4j-simple-1.7.25.jar, /u/q8liang/Benchmarks/bootique-2.0.B1/bootique/mvn_dependencies/snakeyaml-1.27.jar
Libraries: 
Using a timeout of 90 min.
Adding extra logic file /u/q8liang/doop_new/souffle-logic/analyses/mocks/mocks.dl
[Task COMPILE...]
[Task FACTS...]
-- Fact Generation --
Using cached analysis executable /u/q8liang/doop_new/cache/souffle-analyses/basic-only/164f2728f8daef761c859c9d605bb65c9e018f0d797f24a5c336746dd0ceddd3
[Task COMPILE Done]
SOOT_FACT_GEN: Logging initialized, using directory: /u/q8liang/doop_new/build/logs
SOOT_FACT_GEN: SLF4J: Failed to load class "org.slf4j.impl.StaticLoggerBinder".
SOOT_FACT_GEN: SLF4J: Defaulting to no-operation (NOP) logger implementation
SOOT_FACT_GEN: SLF4J: See http://www.slf4j.org/codes.html#StaticLoggerBinder for further details.
SOOT_FACT_GEN: Preprocessing application: /u/q8liang/Benchmarks/bootique-2.0.B1/bootique/target/bootique-2.0.B1.jar
SOOT_FACT_GEN: Preprocessing application: /u/q8liang/Benchmarks/bootique-2.0.B1/bootique/target/bootique-2.0.B1-tests.jar
SOOT_FACT_GEN: Preprocessing application: /u/q8liang/Benchmarks/bootique-2.0.B1/bootique/mvn_dependencies/apiguardian-api-1.1.0.jar
SOOT_FACT_GEN: Preprocessing application: /u/q8liang/Benchmarks/bootique-2.0.B1/bootique/mvn_dependencies/bootique-di-2.0.B1.jar
SOOT_FACT_GEN: Preprocessing application: /u/q8liang/Benchmarks/bootique-2.0.B1/bootique/mvn_dependencies/byte-buddy-1.10.20.jar
SOOT_FACT_GEN: Preprocessing application: /u/q8liang/Benchmarks/bootique-2.0.B1/bootique/mvn_dependencies/byte-buddy-agent-1.10.20.jar
SOOT_FACT_GEN: Preprocessing application: /u/q8liang/Benchmarks/bootique-2.0.B1/bootique/mvn_dependencies/jackson-annotations-2.12.3.jar
SOOT_FACT_GEN: Preprocessing application: /u/q8liang/Benchmarks/bootique-2.0.B1/bootique/mvn_dependencies/jackson-core-2.12.3.jar
SOOT_FACT_GEN: Preprocessing application: /u/q8liang/Benchmarks/bootique-2.0.B1/bootique/mvn_dependencies/jackson-databind-2.12.3.jar
SOOT_FACT_GEN: Preprocessing application: /u/q8liang/Benchmarks/bootique-2.0.B1/bootique/mvn_dependencies/jackson-dataformat-yaml-2.12.3.jar
SOOT_FACT_GEN: Preprocessing application: /u/q8liang/Benchmarks/bootique-2.0.B1/bootique/mvn_dependencies/javax.inject-1.jar
SOOT_FACT_GEN: Preprocessing application: /u/q8liang/Benchmarks/bootique-2.0.B1/bootique/mvn_dependencies/javax.servlet-api-3.1.0.jar
SOOT_FACT_GEN: Preprocessing application: /u/q8liang/Benchmarks/bootique-2.0.B1/bootique/mvn_dependencies/jetty-http-9.4.40.v20210413.jar
SOOT_FACT_GEN: Preprocessing application: /u/q8liang/Benchmarks/bootique-2.0.B1/bootique/mvn_dependencies/jetty-io-9.4.40.v20210413.jar
SOOT_FACT_GEN: Preprocessing application: /u/q8liang/Benchmarks/bootique-2.0.B1/bootique/mvn_dependencies/jetty-security-9.4.40.v20210413.jar
SOOT_FACT_GEN: Preprocessing application: /u/q8liang/Benchmarks/bootique-2.0.B1/bootique/mvn_dependencies/jetty-server-9.4.40.v20210413.jar
SOOT_FACT_GEN: Preprocessing application: /u/q8liang/Benchmarks/bootique-2.0.B1/bootique/mvn_dependencies/jetty-servlet-9.4.40.v20210413.jar
SOOT_FACT_GEN: Preprocessing application: /u/q8liang/Benchmarks/bootique-2.0.B1/bootique/mvn_dependencies/jetty-util-9.4.40.v20210413.jar
SOOT_FACT_GEN: Preprocessing application: /u/q8liang/Benchmarks/bootique-2.0.B1/bootique/mvn_dependencies/jetty-util-ajax-9.4.40.v20210413.jar
SOOT_FACT_GEN: Preprocessing application: /u/q8liang/Benchmarks/bootique-2.0.B1/bootique/mvn_dependencies/jopt-simple-5.0.3.jar
SOOT_FACT_GEN: Preprocessing application: /u/q8liang/Benchmarks/bootique-2.0.B1/bootique/mvn_dependencies/junit-jupiter-api-5.7.1.jar
SOOT_FACT_GEN: Preprocessing application: /u/q8liang/Benchmarks/bootique-2.0.B1/bootique/mvn_dependencies/junit-jupiter-engine-5.7.1.jar
SOOT_FACT_GEN: Preprocessing application: /u/q8liang/Benchmarks/bootique-2.0.B1/bootique/mvn_dependencies/junit-platform-commons-1.7.1.jar
SOOT_FACT_GEN: Preprocessing application: /u/q8liang/Benchmarks/bootique-2.0.B1/bootique/mvn_dependencies/junit-platform-engine-1.7.1.jar
SOOT_FACT_GEN: Preprocessing application: /u/q8liang/Benchmarks/bootique-2.0.B1/bootique/mvn_dependencies/mockito-core-3.9.0.jar
SOOT_FACT_GEN: Preprocessing application: /u/q8liang/Benchmarks/bootique-2.0.B1/bootique/mvn_dependencies/objenesis-3.2.jar
SOOT_FACT_GEN: Preprocessing application: /u/q8liang/Benchmarks/bootique-2.0.B1/bootique/mvn_dependencies/opentest4j-1.2.0.jar
SOOT_FACT_GEN: Preprocessing application: /u/q8liang/Benchmarks/bootique-2.0.B1/bootique/mvn_dependencies/slf4j-api-1.7.25.jar
SOOT_FACT_GEN: Preprocessing application: /u/q8liang/Benchmarks/bootique-2.0.B1/bootique/mvn_dependencies/slf4j-simple-1.7.25.jar
SOOT_FACT_GEN: Preprocessing application: /u/q8liang/Benchmarks/bootique-2.0.B1/bootique/mvn_dependencies/snakeyaml-1.27.jar
SOOT_FACT_GEN: Preprocessing platform library: /u/q8liang/doop_new/build/tmp/rt_3090320120650959344.jar
SOOT_FACT_GEN: Preprocessing platform library: /u/q8liang/doop_new/build/tmp/jce_6699814333597228884.jar
SOOT_FACT_GEN: Preprocessing platform library: /u/q8liang/doop_new/build/tmp/jsse_3496511806354993421.jar
SOOT_FACT_GEN: Adding archive: /u/q8liang/Benchmarks/bootique-2.0.B1/bootique/target/bootique-2.0.B1.jar
SOOT_FACT_GEN: Adding archive: /u/q8liang/Benchmarks/bootique-2.0.B1/bootique/target/bootique-2.0.B1-tests.jar
SOOT_FACT_GEN: Adding archive: /u/q8liang/Benchmarks/bootique-2.0.B1/bootique/mvn_dependencies/apiguardian-api-1.1.0.jar
SOOT_FACT_GEN: Adding archive: /u/q8liang/Benchmarks/bootique-2.0.B1/bootique/mvn_dependencies/bootique-di-2.0.B1.jar
SOOT_FACT_GEN: Adding archive: /u/q8liang/Benchmarks/bootique-2.0.B1/bootique/mvn_dependencies/byte-buddy-1.10.20.jar
SOOT_FACT_GEN: Adding archive: /u/q8liang/Benchmarks/bootique-2.0.B1/bootique/mvn_dependencies/byte-buddy-agent-1.10.20.jar
SOOT_FACT_GEN: Adding archive: /u/q8liang/Benchmarks/bootique-2.0.B1/bootique/mvn_dependencies/jackson-annotations-2.12.3.jar
SOOT_FACT_GEN: Adding archive: /u/q8liang/Benchmarks/bootique-2.0.B1/bootique/mvn_dependencies/jackson-core-2.12.3.jar
SOOT_FACT_GEN: Adding archive: /u/q8liang/Benchmarks/bootique-2.0.B1/bootique/mvn_dependencies/jackson-databind-2.12.3.jar
SOOT_FACT_GEN: Adding archive: /u/q8liang/Benchmarks/bootique-2.0.B1/bootique/mvn_dependencies/jackson-dataformat-yaml-2.12.3.jar
SOOT_FACT_GEN: Adding archive: /u/q8liang/Benchmarks/bootique-2.0.B1/bootique/mvn_dependencies/javax.inject-1.jar
SOOT_FACT_GEN: Adding archive: /u/q8liang/Benchmarks/bootique-2.0.B1/bootique/mvn_dependencies/javax.servlet-api-3.1.0.jar
SOOT_FACT_GEN: Adding archive: /u/q8liang/Benchmarks/bootique-2.0.B1/bootique/mvn_dependencies/jetty-http-9.4.40.v20210413.jar
SOOT_FACT_GEN: Adding archive: /u/q8liang/Benchmarks/bootique-2.0.B1/bootique/mvn_dependencies/jetty-io-9.4.40.v20210413.jar
SOOT_FACT_GEN: Adding archive: /u/q8liang/Benchmarks/bootique-2.0.B1/bootique/mvn_dependencies/jetty-security-9.4.40.v20210413.jar
SOOT_FACT_GEN: Adding archive: /u/q8liang/Benchmarks/bootique-2.0.B1/bootique/mvn_dependencies/jetty-server-9.4.40.v20210413.jar
SOOT_FACT_GEN: Adding archive: /u/q8liang/Benchmarks/bootique-2.0.B1/bootique/mvn_dependencies/jetty-servlet-9.4.40.v20210413.jar
SOOT_FACT_GEN: Adding archive: /u/q8liang/Benchmarks/bootique-2.0.B1/bootique/mvn_dependencies/jetty-util-9.4.40.v20210413.jar
SOOT_FACT_GEN: Adding archive: /u/q8liang/Benchmarks/bootique-2.0.B1/bootique/mvn_dependencies/jetty-util-ajax-9.4.40.v20210413.jar
SOOT_FACT_GEN: Adding archive: /u/q8liang/Benchmarks/bootique-2.0.B1/bootique/mvn_dependencies/jopt-simple-5.0.3.jar
SOOT_FACT_GEN: Adding archive: /u/q8liang/Benchmarks/bootique-2.0.B1/bootique/mvn_dependencies/junit-jupiter-api-5.7.1.jar
SOOT_FACT_GEN: Adding archive: /u/q8liang/Benchmarks/bootique-2.0.B1/bootique/mvn_dependencies/junit-jupiter-engine-5.7.1.jar
SOOT_FACT_GEN: Adding archive: /u/q8liang/Benchmarks/bootique-2.0.B1/bootique/mvn_dependencies/junit-platform-commons-1.7.1.jar
SOOT_FACT_GEN: Adding archive: /u/q8liang/Benchmarks/bootique-2.0.B1/bootique/mvn_dependencies/junit-platform-engine-1.7.1.jar
SOOT_FACT_GEN: Adding archive: /u/q8liang/Benchmarks/bootique-2.0.B1/bootique/mvn_dependencies/mockito-core-3.9.0.jar
SOOT_FACT_GEN: Adding archive: /u/q8liang/Benchmarks/bootique-2.0.B1/bootique/mvn_dependencies/objenesis-3.2.jar
SOOT_FACT_GEN: Adding archive: /u/q8liang/Benchmarks/bootique-2.0.B1/bootique/mvn_dependencies/opentest4j-1.2.0.jar
SOOT_FACT_GEN: Adding archive: /u/q8liang/Benchmarks/bootique-2.0.B1/bootique/mvn_dependencies/slf4j-api-1.7.25.jar
SOOT_FACT_GEN: Adding archive: /u/q8liang/Benchmarks/bootique-2.0.B1/bootique/mvn_dependencies/slf4j-simple-1.7.25.jar
SOOT_FACT_GEN: Adding archive: /u/q8liang/Benchmarks/bootique-2.0.B1/bootique/mvn_dependencies/snakeyaml-1.27.jar
SOOT_FACT_GEN: Adding archive for resolving: /u/q8liang/doop_new/build/tmp/rt_3090320120650959344.jar
SOOT_FACT_GEN: Adding archive for resolving: /u/q8liang/doop_new/build/tmp/jce_6699814333597228884.jar
SOOT_FACT_GEN: Adding archive for resolving: /u/q8liang/doop_new/build/tmp/jsse_3496511806354993421.jar
SOOT_FACT_GEN: Classes in input (application) jar(s): 6521
SOOT_FACT_GEN: Total classes in Scene: 14310
SOOT_FACT_GEN: Retrieved all bodies (time: 67)
SOOT_FACT_GEN: Fact generation cores: 32
SOOT_FACT_GEN: WARNING: some classes were not resolved, consider using thorough fact generation or adding them manually via --also-resolve: [java.lang.Boolean[], java.beans.Customizer, javax.sound.sampled.Port, java.lang.Character[], java.awt.dnd.MouseDragGestureRecognizer, java.lang.Long[], com.sun.beans.editors.BooleanEditor, byte[], int[], com.sun.management.GarbageCollectorMXBean, com.sun.beans.editors.LongEditor, java.lang.Integer[], double[], java.lang.Byte[], java.lang.String[], com.sun.beans.editors.ShortEditor, org.hamcrest.BaseMatcher, char[], java.util.concurrent.ConcurrentSkipListMap, sun.util.locale.provider.HostLocaleProviderAdapterImpl, float[], boolean[], com.sun.beans.editors.DoubleEditor, com.sun.beans.editors.ByteEditor, com.sun.beans.editors.FloatEditor, java.lang.Float[], com.sun.beans.editors.IntegerEditor, short[], long[], org.junit.Test, java.util.concurrent.ConcurrentNavigableMap, java.lang.Double[], java.lang.Short[]]
SOOT_FACT_GEN: Found 521 phantom references. Rerun with '--report-phantoms' for more details.
SOOT_FACT_GEN: Methods without active bodies encountered (and reset): 0
Soot fact generation time: 122
Caching facts in /u/q8liang/doop_new/cache/7d0f59f30539c0a08b44bffdcf91bbce76ef19d5b7b9a13c6f37edf329022230
Copying /u/q8liang/doop_new/out/bootique-basic-only-NORMAL/database to /u/q8liang/doop_new/cache/7d0f59f30539c0a08b44bffdcf91bbce76ef19d5b7b9a13c6f37edf329022230...
----
[Task FACTS Done]
Using /usr/bin/time to gather performance statistics...
Running analysis
Runtime info monitored in /u/q8liang/doop_new/out/bootique-basic-only-NORMAL/monitoring.txt (& /u/q8liang/doop_new/out/bootique-basic-only-NORMAL/monitoring.latest.txt)
859.49user 58.10system 17:23.77elapsed 87%CPU (0avgtext+0avgdata 2050020maxresident)k
80inputs+43423376outputs (0major+9508898minor)pagefaults 0swaps
Analysis execution time (sec): 1043
-- Runtime metrics --
analysis compilation time (sec)                                                  0
analysis execution time (sec)                                                    1,043
disk footprint (KB)                                                              15,373,755
fact generation time (sec)                                                       122
Making database available at /u/q8liang/doop_new/results/bootique-2.0.B1/basic-only/java_8/bootique-basic-only-NORMAL
Making database available at /u/q8liang/doop_new/last-analysis

Deprecated Gradle features were used in this build, making it incompatible with Gradle 7.0.
Use '--warning-mode all' to show the individual deprecation warnings.
See https://docs.gradle.org/6.7/userguide/command_line_interface.html#sec:command_line_warnings

BUILD SUCCESSFUL in 19m 50s
21 actionable tasks: 2 executed, 19 up-to-date
./doop -a basic-only -i /u/q8liang/Benchmarks/bootique-2.0.B1/bootique/target/bootique-2.0.B1.jar -i /u/q8liang/Benchmarks/bootique-2.0.B1/bootique/target/bootique-2.0.B1-tests.jar -i /u/q8liang/Benchmarks/bootique-2.0.B1/bootique/mvn_dependencies --id bootique-basic-only-NORMAL --souffle-jobs 32 --main io.bootique.RootDriver --define-cpp-macro USE_BASIC --extra-logic souffle-logic/analyses/mocks/mocks.dl
> Task :generators:code-processor:generateGrammarSource UP-TO-DATE
> Task :generators:code-processor:compileJava UP-TO-DATE
> Task :generators:code-processor:compileGroovy UP-TO-DATE
> Task :generators:code-processor:processResources NO-SOURCE
> Task :generators:code-processor:classes UP-TO-DATE
> Task :generators:code-processor:jar UP-TO-DATE
> Task :generators:fact-generator-common:compileJava UP-TO-DATE
> Task :generators:fact-generator-common:processResources NO-SOURCE
> Task :generators:fact-generator-common:classes UP-TO-DATE
> Task :generators:fact-generator-common:shadowJar UP-TO-DATE
> Task :compileJava UP-TO-DATE
> Task :compileGroovy UP-TO-DATE
> Task :resolveApktool
> Task :generators:dex-fact-generator:compileJava UP-TO-DATE
> Task :generators:dex-fact-generator:processResources NO-SOURCE
> Task :generators:dex-fact-generator:classes UP-TO-DATE
> Task :generators:dex-fact-generator:fatJar UP-TO-DATE
> Task :generators:dex-fact-generator:installJar UP-TO-DATE
> Task :generators:soot-fact-generator:compileJava UP-TO-DATE
> Task :generators:soot-fact-generator:compileGroovy NO-SOURCE
> Task :generators:soot-fact-generator:processResources NO-SOURCE
> Task :generators:soot-fact-generator:classes UP-TO-DATE
> Task :generators:soot-fact-generator:fatJar UP-TO-DATE
> Task :generators:soot-fact-generator:installJar UP-TO-DATE
> Task :generators:wala-fact-generator:compileJava UP-TO-DATE
> Task :generators:wala-fact-generator:processResources UP-TO-DATE
> Task :generators:wala-fact-generator:classes UP-TO-DATE
> Task :generators:wala-fact-generator:fatJar UP-TO-DATE
> Task :generators:wala-fact-generator:installJar UP-TO-DATE
> Task :resourceInstaller
> Task :processResources UP-TO-DATE
> Task :classes UP-TO-DATE
> Task :writeGitCommitHash UP-TO-DATE

> Task :run
WARNING: Default statistics are not compatible with analysis 'basic-only', disabling statistics logic.
Main class(es) expanded with [io.bootique.RootDriver]
WARNING: Handling of Java reflection is disabled!
New basic-only analysis
Id       : bootique-basic-only-NORMAL
Inputs   : /u/q8liang/Benchmarks/bootique-2.0.B1/bootique/target/bootique-2.0.B1.jar, /u/q8liang/Benchmarks/bootique-2.0.B1/bootique/target/bootique-2.0.B1-tests.jar, /u/q8liang/Benchmarks/bootique-2.0.B1/bootique/mvn_dependencies/apiguardian-api-1.1.0.jar, /u/q8liang/Benchmarks/bootique-2.0.B1/bootique/mvn_dependencies/bootique-di-2.0.B1.jar, /u/q8liang/Benchmarks/bootique-2.0.B1/bootique/mvn_dependencies/byte-buddy-1.10.20.jar, /u/q8liang/Benchmarks/bootique-2.0.B1/bootique/mvn_dependencies/byte-buddy-agent-1.10.20.jar, /u/q8liang/Benchmarks/bootique-2.0.B1/bootique/mvn_dependencies/jackson-annotations-2.12.3.jar, /u/q8liang/Benchmarks/bootique-2.0.B1/bootique/mvn_dependencies/jackson-core-2.12.3.jar, /u/q8liang/Benchmarks/bootique-2.0.B1/bootique/mvn_dependencies/jackson-databind-2.12.3.jar, /u/q8liang/Benchmarks/bootique-2.0.B1/bootique/mvn_dependencies/jackson-dataformat-yaml-2.12.3.jar, /u/q8liang/Benchmarks/bootique-2.0.B1/bootique/mvn_dependencies/javax.inject-1.jar, /u/q8liang/Benchmarks/bootique-2.0.B1/bootique/mvn_dependencies/javax.servlet-api-3.1.0.jar, /u/q8liang/Benchmarks/bootique-2.0.B1/bootique/mvn_dependencies/jetty-http-9.4.40.v20210413.jar, /u/q8liang/Benchmarks/bootique-2.0.B1/bootique/mvn_dependencies/jetty-io-9.4.40.v20210413.jar, /u/q8liang/Benchmarks/bootique-2.0.B1/bootique/mvn_dependencies/jetty-security-9.4.40.v20210413.jar, /u/q8liang/Benchmarks/bootique-2.0.B1/bootique/mvn_dependencies/jetty-server-9.4.40.v20210413.jar, /u/q8liang/Benchmarks/bootique-2.0.B1/bootique/mvn_dependencies/jetty-servlet-9.4.40.v20210413.jar, /u/q8liang/Benchmarks/bootique-2.0.B1/bootique/mvn_dependencies/jetty-util-9.4.40.v20210413.jar, /u/q8liang/Benchmarks/bootique-2.0.B1/bootique/mvn_dependencies/jetty-util-ajax-9.4.40.v20210413.jar, /u/q8liang/Benchmarks/bootique-2.0.B1/bootique/mvn_dependencies/jopt-simple-5.0.3.jar, /u/q8liang/Benchmarks/bootique-2.0.B1/bootique/mvn_dependencies/junit-jupiter-api-5.7.1.jar, /u/q8liang/Benchmarks/bootique-2.0.B1/bootique/mvn_dependencies/junit-jupiter-engine-5.7.1.jar, /u/q8liang/Benchmarks/bootique-2.0.B1/bootique/mvn_dependencies/junit-platform-commons-1.7.1.jar, /u/q8liang/Benchmarks/bootique-2.0.B1/bootique/mvn_dependencies/junit-platform-engine-1.7.1.jar, /u/q8liang/Benchmarks/bootique-2.0.B1/bootique/mvn_dependencies/mockito-core-3.9.0.jar, /u/q8liang/Benchmarks/bootique-2.0.B1/bootique/mvn_dependencies/objenesis-3.2.jar, /u/q8liang/Benchmarks/bootique-2.0.B1/bootique/mvn_dependencies/opentest4j-1.2.0.jar, /u/q8liang/Benchmarks/bootique-2.0.B1/bootique/mvn_dependencies/slf4j-api-1.7.25.jar, /u/q8liang/Benchmarks/bootique-2.0.B1/bootique/mvn_dependencies/slf4j-simple-1.7.25.jar, /u/q8liang/Benchmarks/bootique-2.0.B1/bootique/mvn_dependencies/snakeyaml-1.27.jar
Libraries: 
Using a timeout of 90 min.
Adding extra logic file /u/q8liang/doop_new/souffle-logic/analyses/mocks/mocks.dl
[Task FACTS...]
[Task COMPILE...]
-- Fact Generation --
Compiling Datalog...
SOOT_FACT_GEN: Logging initialized, using directory: /u/q8liang/doop_new/build/logs
SOOT_FACT_GEN: SLF4J: Failed to load class "org.slf4j.impl.StaticLoggerBinder".
SOOT_FACT_GEN: SLF4J: Defaulting to no-operation (NOP) logger implementation
SOOT_FACT_GEN: SLF4J: See http://www.slf4j.org/codes.html#StaticLoggerBinder for further details.
SOOT_FACT_GEN: Preprocessing application: /u/q8liang/Benchmarks/bootique-2.0.B1/bootique/target/bootique-2.0.B1.jar
SOOT_FACT_GEN: Preprocessing application: /u/q8liang/Benchmarks/bootique-2.0.B1/bootique/target/bootique-2.0.B1-tests.jar
SOOT_FACT_GEN: Preprocessing application: /u/q8liang/Benchmarks/bootique-2.0.B1/bootique/mvn_dependencies/apiguardian-api-1.1.0.jar
SOOT_FACT_GEN: Preprocessing application: /u/q8liang/Benchmarks/bootique-2.0.B1/bootique/mvn_dependencies/bootique-di-2.0.B1.jar
SOOT_FACT_GEN: Preprocessing application: /u/q8liang/Benchmarks/bootique-2.0.B1/bootique/mvn_dependencies/byte-buddy-1.10.20.jar
SOOT_FACT_GEN: Preprocessing application: /u/q8liang/Benchmarks/bootique-2.0.B1/bootique/mvn_dependencies/byte-buddy-agent-1.10.20.jar
SOOT_FACT_GEN: Preprocessing application: /u/q8liang/Benchmarks/bootique-2.0.B1/bootique/mvn_dependencies/jackson-annotations-2.12.3.jar
SOOT_FACT_GEN: Preprocessing application: /u/q8liang/Benchmarks/bootique-2.0.B1/bootique/mvn_dependencies/jackson-core-2.12.3.jar
SOOT_FACT_GEN: Preprocessing application: /u/q8liang/Benchmarks/bootique-2.0.B1/bootique/mvn_dependencies/jackson-databind-2.12.3.jar
SOOT_FACT_GEN: Preprocessing application: /u/q8liang/Benchmarks/bootique-2.0.B1/bootique/mvn_dependencies/jackson-dataformat-yaml-2.12.3.jar
SOOT_FACT_GEN: Preprocessing application: /u/q8liang/Benchmarks/bootique-2.0.B1/bootique/mvn_dependencies/javax.inject-1.jar
SOOT_FACT_GEN: Preprocessing application: /u/q8liang/Benchmarks/bootique-2.0.B1/bootique/mvn_dependencies/javax.servlet-api-3.1.0.jar
SOOT_FACT_GEN: Preprocessing application: /u/q8liang/Benchmarks/bootique-2.0.B1/bootique/mvn_dependencies/jetty-http-9.4.40.v20210413.jar
SOOT_FACT_GEN: Preprocessing application: /u/q8liang/Benchmarks/bootique-2.0.B1/bootique/mvn_dependencies/jetty-io-9.4.40.v20210413.jar
SOOT_FACT_GEN: Preprocessing application: /u/q8liang/Benchmarks/bootique-2.0.B1/bootique/mvn_dependencies/jetty-security-9.4.40.v20210413.jar
SOOT_FACT_GEN: Preprocessing application: /u/q8liang/Benchmarks/bootique-2.0.B1/bootique/mvn_dependencies/jetty-server-9.4.40.v20210413.jar
SOOT_FACT_GEN: Preprocessing application: /u/q8liang/Benchmarks/bootique-2.0.B1/bootique/mvn_dependencies/jetty-servlet-9.4.40.v20210413.jar
SOOT_FACT_GEN: Preprocessing application: /u/q8liang/Benchmarks/bootique-2.0.B1/bootique/mvn_dependencies/jetty-util-9.4.40.v20210413.jar
SOOT_FACT_GEN: Preprocessing application: /u/q8liang/Benchmarks/bootique-2.0.B1/bootique/mvn_dependencies/jetty-util-ajax-9.4.40.v20210413.jar
SOOT_FACT_GEN: Preprocessing application: /u/q8liang/Benchmarks/bootique-2.0.B1/bootique/mvn_dependencies/jopt-simple-5.0.3.jar
SOOT_FACT_GEN: Preprocessing application: /u/q8liang/Benchmarks/bootique-2.0.B1/bootique/mvn_dependencies/junit-jupiter-api-5.7.1.jar
SOOT_FACT_GEN: Preprocessing application: /u/q8liang/Benchmarks/bootique-2.0.B1/bootique/mvn_dependencies/junit-jupiter-engine-5.7.1.jar
SOOT_FACT_GEN: Preprocessing application: /u/q8liang/Benchmarks/bootique-2.0.B1/bootique/mvn_dependencies/junit-platform-commons-1.7.1.jar
SOOT_FACT_GEN: Preprocessing application: /u/q8liang/Benchmarks/bootique-2.0.B1/bootique/mvn_dependencies/junit-platform-engine-1.7.1.jar
SOOT_FACT_GEN: Preprocessing application: /u/q8liang/Benchmarks/bootique-2.0.B1/bootique/mvn_dependencies/mockito-core-3.9.0.jar
SOOT_FACT_GEN: Preprocessing application: /u/q8liang/Benchmarks/bootique-2.0.B1/bootique/mvn_dependencies/objenesis-3.2.jar
SOOT_FACT_GEN: Preprocessing application: /u/q8liang/Benchmarks/bootique-2.0.B1/bootique/mvn_dependencies/opentest4j-1.2.0.jar
SOOT_FACT_GEN: Preprocessing application: /u/q8liang/Benchmarks/bootique-2.0.B1/bootique/mvn_dependencies/slf4j-api-1.7.25.jar
SOOT_FACT_GEN: Preprocessing application: /u/q8liang/Benchmarks/bootique-2.0.B1/bootique/mvn_dependencies/slf4j-simple-1.7.25.jar
SOOT_FACT_GEN: Preprocessing application: /u/q8liang/Benchmarks/bootique-2.0.B1/bootique/mvn_dependencies/snakeyaml-1.27.jar
SOOT_FACT_GEN: Preprocessing platform library: /u/q8liang/doop_new/build/tmp/rt_1345073017156365841.jar
SOOT_FACT_GEN: Preprocessing platform library: /u/q8liang/doop_new/build/tmp/jce_5405481124831743261.jar
SOOT_FACT_GEN: Preprocessing platform library: /u/q8liang/doop_new/build/tmp/jsse_6509124047547745159.jar
SOOT_FACT_GEN: Adding archive: /u/q8liang/Benchmarks/bootique-2.0.B1/bootique/target/bootique-2.0.B1.jar
SOOT_FACT_GEN: Adding archive: /u/q8liang/Benchmarks/bootique-2.0.B1/bootique/target/bootique-2.0.B1-tests.jar
SOOT_FACT_GEN: Adding archive: /u/q8liang/Benchmarks/bootique-2.0.B1/bootique/mvn_dependencies/apiguardian-api-1.1.0.jar
SOOT_FACT_GEN: Adding archive: /u/q8liang/Benchmarks/bootique-2.0.B1/bootique/mvn_dependencies/bootique-di-2.0.B1.jar
SOOT_FACT_GEN: Adding archive: /u/q8liang/Benchmarks/bootique-2.0.B1/bootique/mvn_dependencies/byte-buddy-1.10.20.jar
SOOT_FACT_GEN: Adding archive: /u/q8liang/Benchmarks/bootique-2.0.B1/bootique/mvn_dependencies/byte-buddy-agent-1.10.20.jar
SOOT_FACT_GEN: Adding archive: /u/q8liang/Benchmarks/bootique-2.0.B1/bootique/mvn_dependencies/jackson-annotations-2.12.3.jar
SOOT_FACT_GEN: Adding archive: /u/q8liang/Benchmarks/bootique-2.0.B1/bootique/mvn_dependencies/jackson-core-2.12.3.jar
SOOT_FACT_GEN: Adding archive: /u/q8liang/Benchmarks/bootique-2.0.B1/bootique/mvn_dependencies/jackson-databind-2.12.3.jar
SOOT_FACT_GEN: Adding archive: /u/q8liang/Benchmarks/bootique-2.0.B1/bootique/mvn_dependencies/jackson-dataformat-yaml-2.12.3.jar
SOOT_FACT_GEN: Adding archive: /u/q8liang/Benchmarks/bootique-2.0.B1/bootique/mvn_dependencies/javax.inject-1.jar
SOOT_FACT_GEN: Adding archive: /u/q8liang/Benchmarks/bootique-2.0.B1/bootique/mvn_dependencies/javax.servlet-api-3.1.0.jar
SOOT_FACT_GEN: Adding archive: /u/q8liang/Benchmarks/bootique-2.0.B1/bootique/mvn_dependencies/jetty-http-9.4.40.v20210413.jar
SOOT_FACT_GEN: Adding archive: /u/q8liang/Benchmarks/bootique-2.0.B1/bootique/mvn_dependencies/jetty-io-9.4.40.v20210413.jar
SOOT_FACT_GEN: Adding archive: /u/q8liang/Benchmarks/bootique-2.0.B1/bootique/mvn_dependencies/jetty-security-9.4.40.v20210413.jar
SOOT_FACT_GEN: Adding archive: /u/q8liang/Benchmarks/bootique-2.0.B1/bootique/mvn_dependencies/jetty-server-9.4.40.v20210413.jar
SOOT_FACT_GEN: Adding archive: /u/q8liang/Benchmarks/bootique-2.0.B1/bootique/mvn_dependencies/jetty-servlet-9.4.40.v20210413.jar
SOOT_FACT_GEN: Adding archive: /u/q8liang/Benchmarks/bootique-2.0.B1/bootique/mvn_dependencies/jetty-util-9.4.40.v20210413.jar
SOOT_FACT_GEN: Adding archive: /u/q8liang/Benchmarks/bootique-2.0.B1/bootique/mvn_dependencies/jetty-util-ajax-9.4.40.v20210413.jar
SOOT_FACT_GEN: Adding archive: /u/q8liang/Benchmarks/bootique-2.0.B1/bootique/mvn_dependencies/jopt-simple-5.0.3.jar
SOOT_FACT_GEN: Adding archive: /u/q8liang/Benchmarks/bootique-2.0.B1/bootique/mvn_dependencies/junit-jupiter-api-5.7.1.jar
SOOT_FACT_GEN: Adding archive: /u/q8liang/Benchmarks/bootique-2.0.B1/bootique/mvn_dependencies/junit-jupiter-engine-5.7.1.jar
SOOT_FACT_GEN: Adding archive: /u/q8liang/Benchmarks/bootique-2.0.B1/bootique/mvn_dependencies/junit-platform-commons-1.7.1.jar
SOOT_FACT_GEN: Adding archive: /u/q8liang/Benchmarks/bootique-2.0.B1/bootique/mvn_dependencies/junit-platform-engine-1.7.1.jar
SOOT_FACT_GEN: Adding archive: /u/q8liang/Benchmarks/bootique-2.0.B1/bootique/mvn_dependencies/mockito-core-3.9.0.jar
SOOT_FACT_GEN: Adding archive: /u/q8liang/Benchmarks/bootique-2.0.B1/bootique/mvn_dependencies/objenesis-3.2.jar
SOOT_FACT_GEN: Adding archive: /u/q8liang/Benchmarks/bootique-2.0.B1/bootique/mvn_dependencies/opentest4j-1.2.0.jar
SOOT_FACT_GEN: Adding archive: /u/q8liang/Benchmarks/bootique-2.0.B1/bootique/mvn_dependencies/slf4j-api-1.7.25.jar
SOOT_FACT_GEN: Adding archive: /u/q8liang/Benchmarks/bootique-2.0.B1/bootique/mvn_dependencies/slf4j-simple-1.7.25.jar
SOOT_FACT_GEN: Adding archive: /u/q8liang/Benchmarks/bootique-2.0.B1/bootique/mvn_dependencies/snakeyaml-1.27.jar
SOOT_FACT_GEN: Adding archive for resolving: /u/q8liang/doop_new/build/tmp/rt_1345073017156365841.jar
SOOT_FACT_GEN: Adding archive for resolving: /u/q8liang/doop_new/build/tmp/jce_5405481124831743261.jar
SOOT_FACT_GEN: Adding archive for resolving: /u/q8liang/doop_new/build/tmp/jsse_6509124047547745159.jar
SOOT_FACT_GEN: Classes in input (application) jar(s): 6521
SOOT_FACT_GEN: Total classes in Scene: 14310
Warning: No rules/facts defined for relation isValue in file gen_2419576676538408246.dl at line 68
Warning: No rules/facts defined for relation isOpaqueMethod in file gen_2419576676538408246.dl at line 272
Warning: No rules/facts defined for relation MockObject in file gen_2419576676538408246.dl at line 273
Warning: No rules/facts defined for relation MockObjFromOpenProgramEntryPointReceiver in file gen_2419576676538408246.dl at line 275
Warning: No rules/facts defined for relation ExercisedEntryPointMethod in file gen_2419576676538408246.dl at line 276
Warning: No rules/facts defined for relation MockObjFromOpenProgramEntryPointArg in file gen_2419576676538408246.dl at line 277
Warning: No rules/facts defined for relation UnmockableFormalOfForcedReachableContext in file gen_2419576676538408246.dl at line 278
Warning: Deprecated type declaration used in file gen_2419576676538408246.dl at line 1467
.number_type Partition
^----------------------
Analysis compilation time (sec): 72
Caching analysis executable 2305dd0373ad25382a0883953e52d2ad78749502e87d2d6c8a2e3b04fc6939b2 in /u/q8liang/doop_new/cache/souffle-analyses/basic-only
[Task COMPILE Done]
SOOT_FACT_GEN: Retrieved all bodies (time: 64)
SOOT_FACT_GEN: Fact generation cores: 32
SOOT_FACT_GEN: WARNING: some classes were not resolved, consider using thorough fact generation or adding them manually via --also-resolve: [java.lang.Boolean[], java.beans.Customizer, javax.sound.sampled.Port, java.lang.Character[], java.awt.dnd.MouseDragGestureRecognizer, java.lang.Long[], com.sun.beans.editors.BooleanEditor, byte[], int[], com.sun.management.GarbageCollectorMXBean, com.sun.beans.editors.LongEditor, java.lang.Integer[], double[], java.lang.Byte[], java.lang.String[], com.sun.beans.editors.ShortEditor, org.hamcrest.BaseMatcher, char[], java.util.concurrent.ConcurrentSkipListMap, sun.util.locale.provider.HostLocaleProviderAdapterImpl, float[], boolean[], com.sun.beans.editors.DoubleEditor, com.sun.beans.editors.ByteEditor, com.sun.beans.editors.FloatEditor, java.lang.Float[], com.sun.beans.editors.IntegerEditor, short[], long[], org.junit.Test, java.util.concurrent.ConcurrentNavigableMap, java.lang.Double[], java.lang.Short[]]
SOOT_FACT_GEN: Found 522 phantom references. Rerun with '--report-phantoms' for more details.
SOOT_FACT_GEN: Methods without active bodies encountered (and reset): 0
Soot fact generation time: 116
Caching facts in /u/q8liang/doop_new/cache/7d0f59f30539c0a08b44bffdcf91bbce76ef19d5b7b9a13c6f37edf329022230
Copying /u/q8liang/doop_new/out/bootique-basic-only-NORMAL/database to /u/q8liang/doop_new/cache/7d0f59f30539c0a08b44bffdcf91bbce76ef19d5b7b9a13c6f37edf329022230...
----
[Task FACTS Done]
Using /usr/bin/time to gather performance statistics...
Running analysis
Runtime info monitored in /u/q8liang/doop_new/out/bootique-basic-only-NORMAL/monitoring.txt (& /u/q8liang/doop_new/out/bootique-basic-only-NORMAL/monitoring.latest.txt)
756.01user 47.98system 14:25.97elapsed 92%CPU (0avgtext+0avgdata 2014848maxresident)k
168inputs+41341320outputs (0major+10297983minor)pagefaults 0swaps
Analysis execution time (sec): 865
-- Runtime metrics --
analysis compilation time (sec)                                                  72
analysis execution time (sec)                                                    865
disk footprint (KB)                                                              15,375,343
fact generation time (sec)                                                       116
Making database available at /u/q8liang/doop_new/results/bootique-2.0.B1/basic-only/java_8/bootique-basic-only-NORMAL
Making database available at /u/q8liang/doop_new/last-analysis

Deprecated Gradle features were used in this build, making it incompatible with Gradle 7.0.
Use '--warning-mode all' to show the individual deprecation warnings.
See https://docs.gradle.org/6.7/userguide/command_line_interface.html#sec:command_line_warnings

BUILD SUCCESSFUL in 16m 39s
21 actionable tasks: 2 executed, 19 up-to-date
