./doop -a context-insensitive -i /u/q8liang/Benchmarks/jsonschema2pojo-micro/target/jsonschema2pojo-micro-0.0.1-SNAPSHOT.jar -i /u/q8liang/Benchmarks/jsonschema2pojo-micro/target/jsonschema2pojo-micro-0.0.1-SNAPSHOT-tests.jar -i /u/q8liang/Benchmarks/jsonschema2pojo-micro/mvn_dependencies --id jsonschema2pojo-micro-context-insensitive-NORMAL --souffle-jobs 32 --main org.jsonschema2pojo.RootDriver --define-cpp-macro USE_BASIC --extra-logic souffle-logic/analyses/mocks/mocks.dl
> Task :generators:code-processor:generateGrammarSource UP-TO-DATE
> Task :generators:code-processor:compileJava UP-TO-DATE
> Task :generators:code-processor:compileGroovy UP-TO-DATE
> Task :generators:code-processor:processResources NO-SOURCE
> Task :generators:code-processor:classes UP-TO-DATE
> Task :generators:code-processor:jar UP-TO-DATE
> Task :generators:fact-generator-common:compileJava UP-TO-DATE
> Task :generators:fact-generator-common:processResources NO-SOURCE
> Task :generators:fact-generator-common:classes UP-TO-DATE
> Task :generators:fact-generator-common:shadowJar UP-TO-DATE
> Task :compileJava UP-TO-DATE
> Task :compileGroovy UP-TO-DATE
> Task :resolveApktool
> Task :generators:dex-fact-generator:compileJava UP-TO-DATE
> Task :generators:dex-fact-generator:processResources NO-SOURCE
> Task :generators:dex-fact-generator:classes UP-TO-DATE
> Task :generators:dex-fact-generator:fatJar UP-TO-DATE
> Task :generators:dex-fact-generator:installJar UP-TO-DATE
> Task :generators:soot-fact-generator:compileJava UP-TO-DATE
> Task :generators:soot-fact-generator:compileGroovy NO-SOURCE
> Task :generators:soot-fact-generator:processResources NO-SOURCE
> Task :generators:soot-fact-generator:classes UP-TO-DATE
> Task :generators:soot-fact-generator:fatJar UP-TO-DATE
> Task :generators:soot-fact-generator:installJar UP-TO-DATE
> Task :generators:wala-fact-generator:compileJava UP-TO-DATE
> Task :generators:wala-fact-generator:processResources UP-TO-DATE
> Task :generators:wala-fact-generator:classes UP-TO-DATE
> Task :generators:wala-fact-generator:fatJar UP-TO-DATE
> Task :generators:wala-fact-generator:installJar UP-TO-DATE
> Task :resourceInstaller
> Task :processResources UP-TO-DATE
> Task :classes UP-TO-DATE
> Task :writeGitCommitHash UP-TO-DATE

> Task :run
Main class(es) expanded with [org.jsonschema2pojo.RootDriver]
WARNING: Handling of Java reflection is disabled!
New context-insensitive analysis
Id       : jsonschema2pojo-micro-context-insensitive-NORMAL
Inputs   : /u/q8liang/Benchmarks/jsonschema2pojo-micro/target/jsonschema2pojo-micro-0.0.1-SNAPSHOT.jar, /u/q8liang/Benchmarks/jsonschema2pojo-micro/target/jsonschema2pojo-micro-0.0.1-SNAPSHOT-tests.jar, /u/q8liang/Benchmarks/jsonschema2pojo-micro/mvn_dependencies/accessors-smart-1.2.jar, /u/q8liang/Benchmarks/jsonschema2pojo-micro/mvn_dependencies/annotations-1.3.9.jar, /u/q8liang/Benchmarks/jsonschema2pojo-micro/mvn_dependencies/antlr4-runtime-4.7.1.jar, /u/q8liang/Benchmarks/jsonschema2pojo-micro/mvn_dependencies/asm-7.0.jar, /u/q8liang/Benchmarks/jsonschema2pojo-micro/mvn_dependencies/byte-buddy-1.10.5.jar, /u/q8liang/Benchmarks/jsonschema2pojo-micro/mvn_dependencies/byte-buddy-agent-1.10.5.jar, /u/q8liang/Benchmarks/jsonschema2pojo-micro/mvn_dependencies/codemodel-2.6.jar, /u/q8liang/Benchmarks/jsonschema2pojo-micro/mvn_dependencies/commons-codec-1.9.jar, /u/q8liang/Benchmarks/jsonschema2pojo-micro/mvn_dependencies/commons-fileupload-1.4.jar, /u/q8liang/Benchmarks/jsonschema2pojo-micro/mvn_dependencies/commons-io-2.8.0.jar, /u/q8liang/Benchmarks/jsonschema2pojo-micro/mvn_dependencies/commons-lang-2.6.jar, /u/q8liang/Benchmarks/jsonschema2pojo-micro/mvn_dependencies/commons-lang3-3.11.jar, /u/q8liang/Benchmarks/jsonschema2pojo-micro/mvn_dependencies/commons-logging-1.2.jar, /u/q8liang/Benchmarks/jsonschema2pojo-micro/mvn_dependencies/gson-2.8.6.jar, /u/q8liang/Benchmarks/jsonschema2pojo-micro/mvn_dependencies/guava-20.0.jar, /u/q8liang/Benchmarks/jsonschema2pojo-micro/mvn_dependencies/hamcrest-all-1.3.jar, /u/q8liang/Benchmarks/jsonschema2pojo-micro/mvn_dependencies/hamcrest-core-1.3.jar, /u/q8liang/Benchmarks/jsonschema2pojo-micro/mvn_dependencies/handlebars-4.0.7.jar, /u/q8liang/Benchmarks/jsonschema2pojo-micro/mvn_dependencies/handlebars-helpers-4.0.7.jar, /u/q8liang/Benchmarks/jsonschema2pojo-micro/mvn_dependencies/httpclient-4.5.13.jar, /u/q8liang/Benchmarks/jsonschema2pojo-micro/mvn_dependencies/httpcore-4.4.13.jar, /u/q8liang/Benchmarks/jsonschema2pojo-micro/mvn_dependencies/jackson-annotations-2.9.10.jar, /u/q8liang/Benchmarks/jsonschema2pojo-micro/mvn_dependencies/jackson-core-2.9.10.jar, /u/q8liang/Benchmarks/jsonschema2pojo-micro/mvn_dependencies/jackson-databind-2.9.10.8.jar, /u/q8liang/Benchmarks/jsonschema2pojo-micro/mvn_dependencies/jackson-dataformat-yaml-2.9.10.jar, /u/q8liang/Benchmarks/jsonschema2pojo-micro/mvn_dependencies/javaparser-1.0.10.jar, /u/q8liang/Benchmarks/jsonschema2pojo-micro/mvn_dependencies/javax.servlet-api-3.1.0.jar, /u/q8liang/Benchmarks/jsonschema2pojo-micro/mvn_dependencies/jetty-client-9.2.28.v20190418.jar, /u/q8liang/Benchmarks/jsonschema2pojo-micro/mvn_dependencies/jetty-continuation-9.2.28.v20190418.jar, /u/q8liang/Benchmarks/jsonschema2pojo-micro/mvn_dependencies/jetty-http-9.2.28.v20190418.jar, /u/q8liang/Benchmarks/jsonschema2pojo-micro/mvn_dependencies/jetty-io-9.2.28.v20190418.jar, /u/q8liang/Benchmarks/jsonschema2pojo-micro/mvn_dependencies/jetty-proxy-9.2.28.v20190418.jar, /u/q8liang/Benchmarks/jsonschema2pojo-micro/mvn_dependencies/jetty-security-9.2.28.v20190418.jar, /u/q8liang/Benchmarks/jsonschema2pojo-micro/mvn_dependencies/jetty-server-9.2.28.v20190418.jar, /u/q8liang/Benchmarks/jsonschema2pojo-micro/mvn_dependencies/jetty-servlet-9.2.28.v20190418.jar, /u/q8liang/Benchmarks/jsonschema2pojo-micro/mvn_dependencies/jetty-servlets-9.2.28.v20190418.jar, /u/q8liang/Benchmarks/jsonschema2pojo-micro/mvn_dependencies/jetty-util-9.2.28.v20190418.jar, /u/q8liang/Benchmarks/jsonschema2pojo-micro/mvn_dependencies/jetty-webapp-9.2.28.v20190418.jar, /u/q8liang/Benchmarks/jsonschema2pojo-micro/mvn_dependencies/jetty-xml-9.2.28.v20190418.jar, /u/q8liang/Benchmarks/jsonschema2pojo-micro/mvn_dependencies/joda-time-2.2.jar, /u/q8liang/Benchmarks/jsonschema2pojo-micro/mvn_dependencies/jopt-simple-5.0.3.jar, /u/q8liang/Benchmarks/jsonschema2pojo-micro/mvn_dependencies/json-path-2.4.0.jar, /u/q8liang/Benchmarks/jsonschema2pojo-micro/mvn_dependencies/json-smart-2.3.jar, /u/q8liang/Benchmarks/jsonschema2pojo-micro/mvn_dependencies/jsr305-3.0.1.jar, /u/q8liang/Benchmarks/jsonschema2pojo-micro/mvn_dependencies/junit-4.13.2.jar, /u/q8liang/Benchmarks/jsonschema2pojo-micro/mvn_dependencies/mockito-core-3.2.4.jar, /u/q8liang/Benchmarks/jsonschema2pojo-micro/mvn_dependencies/objenesis-2.6.jar, /u/q8liang/Benchmarks/jsonschema2pojo-micro/mvn_dependencies/slf4j-api-1.7.30.jar, /u/q8liang/Benchmarks/jsonschema2pojo-micro/mvn_dependencies/slf4j-simple-1.7.30.jar, /u/q8liang/Benchmarks/jsonschema2pojo-micro/mvn_dependencies/snakeyaml-1.23.jar, /u/q8liang/Benchmarks/jsonschema2pojo-micro/mvn_dependencies/validation-api-1.0.0.GA.jar, /u/q8liang/Benchmarks/jsonschema2pojo-micro/mvn_dependencies/wiremock-2.27.2.jar, /u/q8liang/Benchmarks/jsonschema2pojo-micro/mvn_dependencies/xmlunit-core-2.7.0.jar, /u/q8liang/Benchmarks/jsonschema2pojo-micro/mvn_dependencies/xmlunit-legacy-2.7.0.jar, /u/q8liang/Benchmarks/jsonschema2pojo-micro/mvn_dependencies/xmlunit-placeholders-2.7.0.jar, /u/q8liang/Benchmarks/jsonschema2pojo-micro/mvn_dependencies/zjsonpatch-0.4.4.jar
Libraries: 
Using a timeout of 90 min.
Adding extra logic file /u/q8liang/doop_new/souffle-logic/analyses/mocks/mocks.dl
[Task FACTS...]
[Task COMPILE...]
-- Fact Generation --
Using cached analysis executable /u/q8liang/doop_new/cache/souffle-analyses/context-insensitive/e7e3dbbd4ef81eaa5f2c3fb993bb26e562b94633944acd8ed4688eaa182c33fa
[Task COMPILE Done]
SOOT_FACT_GEN: Logging initialized, using directory: /u/q8liang/doop_new/build/logs
SOOT_FACT_GEN: SLF4J: Failed to load class "org.slf4j.impl.StaticLoggerBinder".
SOOT_FACT_GEN: SLF4J: Defaulting to no-operation (NOP) logger implementation
SOOT_FACT_GEN: SLF4J: See http://www.slf4j.org/codes.html#StaticLoggerBinder for further details.
SOOT_FACT_GEN: Preprocessing application: /u/q8liang/Benchmarks/jsonschema2pojo-micro/target/jsonschema2pojo-micro-0.0.1-SNAPSHOT.jar
SOOT_FACT_GEN: Preprocessing application: /u/q8liang/Benchmarks/jsonschema2pojo-micro/target/jsonschema2pojo-micro-0.0.1-SNAPSHOT-tests.jar
SOOT_FACT_GEN: Preprocessing application: /u/q8liang/Benchmarks/jsonschema2pojo-micro/mvn_dependencies/accessors-smart-1.2.jar
SOOT_FACT_GEN: Preprocessing application: /u/q8liang/Benchmarks/jsonschema2pojo-micro/mvn_dependencies/annotations-1.3.9.jar
SOOT_FACT_GEN: Preprocessing application: /u/q8liang/Benchmarks/jsonschema2pojo-micro/mvn_dependencies/antlr4-runtime-4.7.1.jar
SOOT_FACT_GEN: Preprocessing application: /u/q8liang/Benchmarks/jsonschema2pojo-micro/mvn_dependencies/asm-7.0.jar
SOOT_FACT_GEN: Preprocessing application: /u/q8liang/Benchmarks/jsonschema2pojo-micro/mvn_dependencies/byte-buddy-1.10.5.jar
SOOT_FACT_GEN: Preprocessing application: /u/q8liang/Benchmarks/jsonschema2pojo-micro/mvn_dependencies/byte-buddy-agent-1.10.5.jar
SOOT_FACT_GEN: Preprocessing application: /u/q8liang/Benchmarks/jsonschema2pojo-micro/mvn_dependencies/codemodel-2.6.jar
SOOT_FACT_GEN: Preprocessing application: /u/q8liang/Benchmarks/jsonschema2pojo-micro/mvn_dependencies/commons-codec-1.9.jar
SOOT_FACT_GEN: Preprocessing application: /u/q8liang/Benchmarks/jsonschema2pojo-micro/mvn_dependencies/commons-fileupload-1.4.jar
SOOT_FACT_GEN: Preprocessing application: /u/q8liang/Benchmarks/jsonschema2pojo-micro/mvn_dependencies/commons-io-2.8.0.jar
SOOT_FACT_GEN: Preprocessing application: /u/q8liang/Benchmarks/jsonschema2pojo-micro/mvn_dependencies/commons-lang-2.6.jar
SOOT_FACT_GEN: Preprocessing application: /u/q8liang/Benchmarks/jsonschema2pojo-micro/mvn_dependencies/commons-lang3-3.11.jar
SOOT_FACT_GEN: Preprocessing application: /u/q8liang/Benchmarks/jsonschema2pojo-micro/mvn_dependencies/commons-logging-1.2.jar
SOOT_FACT_GEN: Preprocessing application: /u/q8liang/Benchmarks/jsonschema2pojo-micro/mvn_dependencies/gson-2.8.6.jar
SOOT_FACT_GEN: Preprocessing application: /u/q8liang/Benchmarks/jsonschema2pojo-micro/mvn_dependencies/guava-20.0.jar
SOOT_FACT_GEN: Preprocessing application: /u/q8liang/Benchmarks/jsonschema2pojo-micro/mvn_dependencies/hamcrest-all-1.3.jar
SOOT_FACT_GEN: Preprocessing application: /u/q8liang/Benchmarks/jsonschema2pojo-micro/mvn_dependencies/hamcrest-core-1.3.jar
SOOT_FACT_GEN: Preprocessing application: /u/q8liang/Benchmarks/jsonschema2pojo-micro/mvn_dependencies/handlebars-4.0.7.jar
SOOT_FACT_GEN: Preprocessing application: /u/q8liang/Benchmarks/jsonschema2pojo-micro/mvn_dependencies/handlebars-helpers-4.0.7.jar
SOOT_FACT_GEN: Preprocessing application: /u/q8liang/Benchmarks/jsonschema2pojo-micro/mvn_dependencies/httpclient-4.5.13.jar
SOOT_FACT_GEN: Preprocessing application: /u/q8liang/Benchmarks/jsonschema2pojo-micro/mvn_dependencies/httpcore-4.4.13.jar
SOOT_FACT_GEN: Preprocessing application: /u/q8liang/Benchmarks/jsonschema2pojo-micro/mvn_dependencies/jackson-annotations-2.9.10.jar
SOOT_FACT_GEN: Preprocessing application: /u/q8liang/Benchmarks/jsonschema2pojo-micro/mvn_dependencies/jackson-core-2.9.10.jar
SOOT_FACT_GEN: Preprocessing application: /u/q8liang/Benchmarks/jsonschema2pojo-micro/mvn_dependencies/jackson-databind-2.9.10.8.jar
SOOT_FACT_GEN: Preprocessing application: /u/q8liang/Benchmarks/jsonschema2pojo-micro/mvn_dependencies/jackson-dataformat-yaml-2.9.10.jar
SOOT_FACT_GEN: Preprocessing application: /u/q8liang/Benchmarks/jsonschema2pojo-micro/mvn_dependencies/javaparser-1.0.10.jar
SOOT_FACT_GEN: Preprocessing application: /u/q8liang/Benchmarks/jsonschema2pojo-micro/mvn_dependencies/javax.servlet-api-3.1.0.jar
SOOT_FACT_GEN: Preprocessing application: /u/q8liang/Benchmarks/jsonschema2pojo-micro/mvn_dependencies/jetty-client-9.2.28.v20190418.jar
SOOT_FACT_GEN: Preprocessing application: /u/q8liang/Benchmarks/jsonschema2pojo-micro/mvn_dependencies/jetty-continuation-9.2.28.v20190418.jar
SOOT_FACT_GEN: Preprocessing application: /u/q8liang/Benchmarks/jsonschema2pojo-micro/mvn_dependencies/jetty-http-9.2.28.v20190418.jar
SOOT_FACT_GEN: Preprocessing application: /u/q8liang/Benchmarks/jsonschema2pojo-micro/mvn_dependencies/jetty-io-9.2.28.v20190418.jar
SOOT_FACT_GEN: Preprocessing application: /u/q8liang/Benchmarks/jsonschema2pojo-micro/mvn_dependencies/jetty-proxy-9.2.28.v20190418.jar
SOOT_FACT_GEN: Preprocessing application: /u/q8liang/Benchmarks/jsonschema2pojo-micro/mvn_dependencies/jetty-security-9.2.28.v20190418.jar
SOOT_FACT_GEN: Preprocessing application: /u/q8liang/Benchmarks/jsonschema2pojo-micro/mvn_dependencies/jetty-server-9.2.28.v20190418.jar
SOOT_FACT_GEN: Preprocessing application: /u/q8liang/Benchmarks/jsonschema2pojo-micro/mvn_dependencies/jetty-servlet-9.2.28.v20190418.jar
SOOT_FACT_GEN: Preprocessing application: /u/q8liang/Benchmarks/jsonschema2pojo-micro/mvn_dependencies/jetty-servlets-9.2.28.v20190418.jar
SOOT_FACT_GEN: Preprocessing application: /u/q8liang/Benchmarks/jsonschema2pojo-micro/mvn_dependencies/jetty-util-9.2.28.v20190418.jar
SOOT_FACT_GEN: Preprocessing application: /u/q8liang/Benchmarks/jsonschema2pojo-micro/mvn_dependencies/jetty-webapp-9.2.28.v20190418.jar
SOOT_FACT_GEN: Preprocessing application: /u/q8liang/Benchmarks/jsonschema2pojo-micro/mvn_dependencies/jetty-xml-9.2.28.v20190418.jar
SOOT_FACT_GEN: Preprocessing application: /u/q8liang/Benchmarks/jsonschema2pojo-micro/mvn_dependencies/joda-time-2.2.jar
SOOT_FACT_GEN: Preprocessing application: /u/q8liang/Benchmarks/jsonschema2pojo-micro/mvn_dependencies/jopt-simple-5.0.3.jar
SOOT_FACT_GEN: Preprocessing application: /u/q8liang/Benchmarks/jsonschema2pojo-micro/mvn_dependencies/json-path-2.4.0.jar
SOOT_FACT_GEN: Preprocessing application: /u/q8liang/Benchmarks/jsonschema2pojo-micro/mvn_dependencies/json-smart-2.3.jar
SOOT_FACT_GEN: Preprocessing application: /u/q8liang/Benchmarks/jsonschema2pojo-micro/mvn_dependencies/jsr305-3.0.1.jar
SOOT_FACT_GEN: Preprocessing application: /u/q8liang/Benchmarks/jsonschema2pojo-micro/mvn_dependencies/junit-4.13.2.jar
SOOT_FACT_GEN: Preprocessing application: /u/q8liang/Benchmarks/jsonschema2pojo-micro/mvn_dependencies/mockito-core-3.2.4.jar
SOOT_FACT_GEN: Preprocessing application: /u/q8liang/Benchmarks/jsonschema2pojo-micro/mvn_dependencies/objenesis-2.6.jar
SOOT_FACT_GEN: Preprocessing application: /u/q8liang/Benchmarks/jsonschema2pojo-micro/mvn_dependencies/slf4j-api-1.7.30.jar
SOOT_FACT_GEN: Preprocessing application: /u/q8liang/Benchmarks/jsonschema2pojo-micro/mvn_dependencies/slf4j-simple-1.7.30.jar
SOOT_FACT_GEN: Preprocessing application: /u/q8liang/Benchmarks/jsonschema2pojo-micro/mvn_dependencies/snakeyaml-1.23.jar
SOOT_FACT_GEN: Preprocessing application: /u/q8liang/Benchmarks/jsonschema2pojo-micro/mvn_dependencies/validation-api-1.0.0.GA.jar
SOOT_FACT_GEN: Preprocessing application: /u/q8liang/Benchmarks/jsonschema2pojo-micro/mvn_dependencies/wiremock-2.27.2.jar
SOOT_FACT_GEN: Preprocessing application: /u/q8liang/Benchmarks/jsonschema2pojo-micro/mvn_dependencies/xmlunit-core-2.7.0.jar
SOOT_FACT_GEN: Preprocessing application: /u/q8liang/Benchmarks/jsonschema2pojo-micro/mvn_dependencies/xmlunit-legacy-2.7.0.jar
SOOT_FACT_GEN: Preprocessing application: /u/q8liang/Benchmarks/jsonschema2pojo-micro/mvn_dependencies/xmlunit-placeholders-2.7.0.jar
SOOT_FACT_GEN: Preprocessing application: /u/q8liang/Benchmarks/jsonschema2pojo-micro/mvn_dependencies/zjsonpatch-0.4.4.jar
SOOT_FACT_GEN: Preprocessing platform library: /u/q8liang/doop_new/build/tmp/rt_2863710756194973228.jar
SOOT_FACT_GEN: Preprocessing platform library: /u/q8liang/doop_new/build/tmp/jce_4478999260775631235.jar
SOOT_FACT_GEN: Preprocessing platform library: /u/q8liang/doop_new/build/tmp/jsse_4172861330517577385.jar
SOOT_FACT_GEN: Adding archive: /u/q8liang/Benchmarks/jsonschema2pojo-micro/target/jsonschema2pojo-micro-0.0.1-SNAPSHOT.jar
SOOT_FACT_GEN: Adding archive: /u/q8liang/Benchmarks/jsonschema2pojo-micro/target/jsonschema2pojo-micro-0.0.1-SNAPSHOT-tests.jar
SOOT_FACT_GEN: Adding archive: /u/q8liang/Benchmarks/jsonschema2pojo-micro/mvn_dependencies/accessors-smart-1.2.jar
SOOT_FACT_GEN: Adding archive: /u/q8liang/Benchmarks/jsonschema2pojo-micro/mvn_dependencies/annotations-1.3.9.jar
SOOT_FACT_GEN: Adding archive: /u/q8liang/Benchmarks/jsonschema2pojo-micro/mvn_dependencies/antlr4-runtime-4.7.1.jar
SOOT_FACT_GEN: Adding archive: /u/q8liang/Benchmarks/jsonschema2pojo-micro/mvn_dependencies/asm-7.0.jar
SOOT_FACT_GEN: Adding archive: /u/q8liang/Benchmarks/jsonschema2pojo-micro/mvn_dependencies/byte-buddy-1.10.5.jar
SOOT_FACT_GEN: Adding archive: /u/q8liang/Benchmarks/jsonschema2pojo-micro/mvn_dependencies/byte-buddy-agent-1.10.5.jar
SOOT_FACT_GEN: Adding archive: /u/q8liang/Benchmarks/jsonschema2pojo-micro/mvn_dependencies/codemodel-2.6.jar
SOOT_FACT_GEN: Adding archive: /u/q8liang/Benchmarks/jsonschema2pojo-micro/mvn_dependencies/commons-codec-1.9.jar
SOOT_FACT_GEN: Adding archive: /u/q8liang/Benchmarks/jsonschema2pojo-micro/mvn_dependencies/commons-fileupload-1.4.jar
SOOT_FACT_GEN: Adding archive: /u/q8liang/Benchmarks/jsonschema2pojo-micro/mvn_dependencies/commons-io-2.8.0.jar
SOOT_FACT_GEN: Adding archive: /u/q8liang/Benchmarks/jsonschema2pojo-micro/mvn_dependencies/commons-lang-2.6.jar
SOOT_FACT_GEN: Adding archive: /u/q8liang/Benchmarks/jsonschema2pojo-micro/mvn_dependencies/commons-lang3-3.11.jar
SOOT_FACT_GEN: Adding archive: /u/q8liang/Benchmarks/jsonschema2pojo-micro/mvn_dependencies/commons-logging-1.2.jar
SOOT_FACT_GEN: Adding archive: /u/q8liang/Benchmarks/jsonschema2pojo-micro/mvn_dependencies/gson-2.8.6.jar
SOOT_FACT_GEN: Adding archive: /u/q8liang/Benchmarks/jsonschema2pojo-micro/mvn_dependencies/guava-20.0.jar
SOOT_FACT_GEN: Adding archive: /u/q8liang/Benchmarks/jsonschema2pojo-micro/mvn_dependencies/hamcrest-all-1.3.jar
SOOT_FACT_GEN: Adding archive: /u/q8liang/Benchmarks/jsonschema2pojo-micro/mvn_dependencies/hamcrest-core-1.3.jar
SOOT_FACT_GEN: Adding archive: /u/q8liang/Benchmarks/jsonschema2pojo-micro/mvn_dependencies/handlebars-4.0.7.jar
SOOT_FACT_GEN: Adding archive: /u/q8liang/Benchmarks/jsonschema2pojo-micro/mvn_dependencies/handlebars-helpers-4.0.7.jar
SOOT_FACT_GEN: Adding archive: /u/q8liang/Benchmarks/jsonschema2pojo-micro/mvn_dependencies/httpclient-4.5.13.jar
SOOT_FACT_GEN: Adding archive: /u/q8liang/Benchmarks/jsonschema2pojo-micro/mvn_dependencies/httpcore-4.4.13.jar
SOOT_FACT_GEN: Adding archive: /u/q8liang/Benchmarks/jsonschema2pojo-micro/mvn_dependencies/jackson-annotations-2.9.10.jar
SOOT_FACT_GEN: Adding archive: /u/q8liang/Benchmarks/jsonschema2pojo-micro/mvn_dependencies/jackson-core-2.9.10.jar
SOOT_FACT_GEN: Adding archive: /u/q8liang/Benchmarks/jsonschema2pojo-micro/mvn_dependencies/jackson-databind-2.9.10.8.jar
SOOT_FACT_GEN: Adding archive: /u/q8liang/Benchmarks/jsonschema2pojo-micro/mvn_dependencies/jackson-dataformat-yaml-2.9.10.jar
SOOT_FACT_GEN: Adding archive: /u/q8liang/Benchmarks/jsonschema2pojo-micro/mvn_dependencies/javaparser-1.0.10.jar
SOOT_FACT_GEN: Adding archive: /u/q8liang/Benchmarks/jsonschema2pojo-micro/mvn_dependencies/javax.servlet-api-3.1.0.jar
SOOT_FACT_GEN: Adding archive: /u/q8liang/Benchmarks/jsonschema2pojo-micro/mvn_dependencies/jetty-client-9.2.28.v20190418.jar
SOOT_FACT_GEN: Adding archive: /u/q8liang/Benchmarks/jsonschema2pojo-micro/mvn_dependencies/jetty-continuation-9.2.28.v20190418.jar
SOOT_FACT_GEN: Adding archive: /u/q8liang/Benchmarks/jsonschema2pojo-micro/mvn_dependencies/jetty-http-9.2.28.v20190418.jar
SOOT_FACT_GEN: Adding archive: /u/q8liang/Benchmarks/jsonschema2pojo-micro/mvn_dependencies/jetty-io-9.2.28.v20190418.jar
SOOT_FACT_GEN: Adding archive: /u/q8liang/Benchmarks/jsonschema2pojo-micro/mvn_dependencies/jetty-proxy-9.2.28.v20190418.jar
SOOT_FACT_GEN: Adding archive: /u/q8liang/Benchmarks/jsonschema2pojo-micro/mvn_dependencies/jetty-security-9.2.28.v20190418.jar
SOOT_FACT_GEN: Adding archive: /u/q8liang/Benchmarks/jsonschema2pojo-micro/mvn_dependencies/jetty-server-9.2.28.v20190418.jar
SOOT_FACT_GEN: Adding archive: /u/q8liang/Benchmarks/jsonschema2pojo-micro/mvn_dependencies/jetty-servlet-9.2.28.v20190418.jar
SOOT_FACT_GEN: Adding archive: /u/q8liang/Benchmarks/jsonschema2pojo-micro/mvn_dependencies/jetty-servlets-9.2.28.v20190418.jar
SOOT_FACT_GEN: Adding archive: /u/q8liang/Benchmarks/jsonschema2pojo-micro/mvn_dependencies/jetty-util-9.2.28.v20190418.jar
SOOT_FACT_GEN: Adding archive: /u/q8liang/Benchmarks/jsonschema2pojo-micro/mvn_dependencies/jetty-webapp-9.2.28.v20190418.jar
SOOT_FACT_GEN: Adding archive: /u/q8liang/Benchmarks/jsonschema2pojo-micro/mvn_dependencies/jetty-xml-9.2.28.v20190418.jar
SOOT_FACT_GEN: Adding archive: /u/q8liang/Benchmarks/jsonschema2pojo-micro/mvn_dependencies/joda-time-2.2.jar
SOOT_FACT_GEN: Adding archive: /u/q8liang/Benchmarks/jsonschema2pojo-micro/mvn_dependencies/jopt-simple-5.0.3.jar
SOOT_FACT_GEN: Adding archive: /u/q8liang/Benchmarks/jsonschema2pojo-micro/mvn_dependencies/json-path-2.4.0.jar
SOOT_FACT_GEN: Adding archive: /u/q8liang/Benchmarks/jsonschema2pojo-micro/mvn_dependencies/json-smart-2.3.jar
SOOT_FACT_GEN: Adding archive: /u/q8liang/Benchmarks/jsonschema2pojo-micro/mvn_dependencies/jsr305-3.0.1.jar
SOOT_FACT_GEN: Adding archive: /u/q8liang/Benchmarks/jsonschema2pojo-micro/mvn_dependencies/junit-4.13.2.jar
SOOT_FACT_GEN: Adding archive: /u/q8liang/Benchmarks/jsonschema2pojo-micro/mvn_dependencies/mockito-core-3.2.4.jar
SOOT_FACT_GEN: Adding archive: /u/q8liang/Benchmarks/jsonschema2pojo-micro/mvn_dependencies/objenesis-2.6.jar
SOOT_FACT_GEN: Adding archive: /u/q8liang/Benchmarks/jsonschema2pojo-micro/mvn_dependencies/slf4j-api-1.7.30.jar
SOOT_FACT_GEN: Adding archive: /u/q8liang/Benchmarks/jsonschema2pojo-micro/mvn_dependencies/slf4j-simple-1.7.30.jar
SOOT_FACT_GEN: Adding archive: /u/q8liang/Benchmarks/jsonschema2pojo-micro/mvn_dependencies/snakeyaml-1.23.jar
SOOT_FACT_GEN: Adding archive: /u/q8liang/Benchmarks/jsonschema2pojo-micro/mvn_dependencies/validation-api-1.0.0.GA.jar
SOOT_FACT_GEN: Adding archive: /u/q8liang/Benchmarks/jsonschema2pojo-micro/mvn_dependencies/wiremock-2.27.2.jar
SOOT_FACT_GEN: Adding archive: /u/q8liang/Benchmarks/jsonschema2pojo-micro/mvn_dependencies/xmlunit-core-2.7.0.jar
SOOT_FACT_GEN: Adding archive: /u/q8liang/Benchmarks/jsonschema2pojo-micro/mvn_dependencies/xmlunit-legacy-2.7.0.jar
SOOT_FACT_GEN: Adding archive: /u/q8liang/Benchmarks/jsonschema2pojo-micro/mvn_dependencies/xmlunit-placeholders-2.7.0.jar
SOOT_FACT_GEN: Adding archive: /u/q8liang/Benchmarks/jsonschema2pojo-micro/mvn_dependencies/zjsonpatch-0.4.4.jar
SOOT_FACT_GEN: Adding archive for resolving: /u/q8liang/doop_new/build/tmp/rt_2863710756194973228.jar
SOOT_FACT_GEN: Adding archive for resolving: /u/q8liang/doop_new/build/tmp/jce_4478999260775631235.jar
SOOT_FACT_GEN: Adding archive for resolving: /u/q8liang/doop_new/build/tmp/jsse_4172861330517577385.jar
SOOT_FACT_GEN: Classes in input (application) jar(s): 11599
SOOT_FACT_GEN: Total classes in Scene: 19597
SOOT_FACT_GEN: Retrieved all bodies (time: 85)
SOOT_FACT_GEN: Fact generation cores: 32
SOOT_FACT_GEN: WARNING: some classes were not resolved, consider using thorough fact generation or adding them manually via --also-resolve: [java.beans.Customizer, javax.sound.sampled.Port, java.awt.dnd.MouseDragGestureRecognizer, com.sun.beans.editors.BooleanEditor, com.sun.management.GarbageCollectorMXBean, com.sun.beans.editors.LongEditor, com.sun.beans.editors.ShortEditor, sun.util.locale.provider.HostLocaleProviderAdapterImpl, com.sun.beans.editors.DoubleEditor, com.sun.beans.editors.ByteEditor, com.sun.beans.editors.FloatEditor, com.sun.beans.editors.IntegerEditor]
SOOT_FACT_GEN: Found 611 phantom references. Rerun with '--report-phantoms' for more details.
SOOT_FACT_GEN: Methods without active bodies encountered (and reset): 0
Soot fact generation time: 145
Caching facts in /u/q8liang/doop_new/cache/7607a09d83287ffe9658643f5d87930a9f6a92a23519e25a1700960d603c401b
Copying /u/q8liang/doop_new/out/jsonschema2pojo-micro-context-insensitive-NORMAL/database to /u/q8liang/doop_new/cache/7607a09d83287ffe9658643f5d87930a9f6a92a23519e25a1700960d603c401b...
----
[Task FACTS Done]
Using /usr/bin/time to gather performance statistics...
Running analysis
Runtime info monitored in /u/q8liang/doop_new/out/jsonschema2pojo-micro-context-insensitive-NORMAL/monitoring.txt (& /u/q8liang/doop_new/out/jsonschema2pojo-micro-context-insensitive-NORMAL/monitoring.latest.txt)
385.96user 37.66system 7:08.73elapsed 98%CPU (0avgtext+0avgdata 3816532maxresident)k
10320inputs+50599992outputs (4major+5440353minor)pagefaults 0swaps
Analysis execution time (sec): 428
-- Runtime metrics --
analysis compilation time (sec)                                                  0
analysis execution time (sec)                                                    428
disk footprint (KB)                                                              27,758,317
fact generation time (sec)                                                       145
-- Statistics --
var points-to (INS)                                                              2,345,726
var points-to (SENS)                                                             2,345,726
reachable variables (INS)                                                        93,171
reachable variables (SENS)                                                       93,171
reachable methods (INS)                                                          10,260
reachable methods (SENS)                                                         10,260
total methods                                                                    167,109
virtual call sites (statically)                                                  322,590
reachable virtual call sites                                                     23,740
polymorphic virtual call sites                                                   1,521
null virtual call sites                                                          5,766
empty virtual call sites                                                         902
app virtual call sites (statically)                                              172,508
app reachable virtual call sites                                                 1,164
app polymorphic virtual call sites                                               38
app null virtual call sites                                                      134
app empty reachable virtual call sites                                           208
array index points-to (INS)                                                      43,747
array index points-to (SENS)                                                     43,747
casts (statically)                                                               43,465
reachable casts                                                                  1,692
reachable casts that may fail                                                    1,361
app casts (statically)                                                           20,926
app reachable casts                                                              59
app reachable casts that may fail                                                50
app reachable methods                                                            682
app concrete methods                                                             84,354
instance field points-to (INS)                                                   189,259
instance field points-to (SENS)                                                  189,259
static field points-to (INS)                                                     3,015
static field points-to (SENS)                                                    3,015
app var points-to (INS)                                                          133,845
app var points-to (SENS)                                                         133,845
java.util var points-to (INS)                                                    947,159
java.util var points-to (SENS)                                                   947,159
app array index points-to (INS)                                                  19,306
app array index points-to (SENS)                                                 19,306
mock objects                                                                     0
mock objects for receivers                                                       0
mock objects for arg                                                             0
forced-reachable formals that could not be mocked                                0
app instance field points-to (INS)                                               11,217
app instance field points-to (SENS)                                              11,217
call graph edges (INS)                                                           55,846
call graph edges (SENS)                                                          55,846
non-reachable app concrete methods                                               83,674
Making database available at /u/q8liang/doop_new/results/jsonschema2pojo-micro-0.0.1-SNAPSHOT/context-insensitive/java_8/jsonschema2pojo-micro-context-insensitive-NORMAL
Making database available at /u/q8liang/doop_new/last-analysis

Deprecated Gradle features were used in this build, making it incompatible with Gradle 7.0.
Use '--warning-mode all' to show the individual deprecation warnings.
See https://docs.gradle.org/6.7/userguide/command_line_interface.html#sec:command_line_warnings

BUILD SUCCESSFUL in 9m 49s
21 actionable tasks: 2 executed, 19 up-to-date
