> Task :generators:code-processor:generateGrammarSource UP-TO-DATE
> Task :generators:code-processor:compileJava UP-TO-DATE
> Task :generators:code-processor:compileGroovy UP-TO-DATE
> Task :generators:code-processor:processResources NO-SOURCE
> Task :generators:code-processor:classes UP-TO-DATE
> Task :generators:code-processor:jar UP-TO-DATE
> Task :generators:fact-generator-common:compileJava UP-TO-DATE
> Task :generators:fact-generator-common:processResources NO-SOURCE
> Task :generators:fact-generator-common:classes UP-TO-DATE
> Task :generators:fact-generator-common:shadowJar UP-TO-DATE
> Task :compileJava UP-TO-DATE
> Task :compileGroovy UP-TO-DATE
> Task :resolveApktool
> Task :generators:dex-fact-generator:compileJava UP-TO-DATE
> Task :generators:dex-fact-generator:processResources NO-SOURCE
> Task :generators:dex-fact-generator:classes UP-TO-DATE
> Task :generators:dex-fact-generator:fatJar UP-TO-DATE
> Task :generators:dex-fact-generator:installJar UP-TO-DATE
> Task :generators:soot-fact-generator:compileJava UP-TO-DATE
> Task :generators:soot-fact-generator:compileGroovy NO-SOURCE
> Task :generators:soot-fact-generator:processResources NO-SOURCE
> Task :generators:soot-fact-generator:classes UP-TO-DATE
> Task :generators:soot-fact-generator:fatJar UP-TO-DATE
> Task :generators:soot-fact-generator:installJar UP-TO-DATE
> Task :generators:wala-fact-generator:compileJava UP-TO-DATE
> Task :generators:wala-fact-generator:processResources UP-TO-DATE
> Task :generators:wala-fact-generator:classes UP-TO-DATE
> Task :generators:wala-fact-generator:fatJar UP-TO-DATE
> Task :generators:wala-fact-generator:installJar UP-TO-DATE
> Task :resourceInstaller
> Task :processResources UP-TO-DATE
> Task :classes UP-TO-DATE
> Task :writeGitCommitHash UP-TO-DATE

> Task :run
WARNING: Default statistics are not compatible with analysis 'basic-only', disabling statistics logic.
Main class(es) expanded with [org.quartz.RootDriver]
WARNING: Handling of Java reflection is disabled!
New basic-only analysis
Id       : quartz-core-basic-new-NORMAL
Inputs   : /u/q8liang/Benchmarks/quartz-quartz-2.3.1-patched/quartz-core/target/quartz-core-2.3.1.jar, /u/q8liang/Benchmarks/quartz-quartz-2.3.1-patched/quartz-core/target/quartz-core-2.3.1-tests.jar, /u/q8liang/Benchmarks/quartz-quartz-2.3.1-patched/quartz-core/mvn_dependencies/HikariCP-java7-2.4.13.jar, /u/q8liang/Benchmarks/quartz-quartz-2.3.1-patched/quartz-core/mvn_dependencies/asm-3.2.jar, /u/q8liang/Benchmarks/quartz-quartz-2.3.1-patched/quartz-core/mvn_dependencies/c3p0-0.9.5.3.jar, /u/q8liang/Benchmarks/quartz-quartz-2.3.1-patched/quartz-core/mvn_dependencies/derby-10.8.2.2.jar, /u/q8liang/Benchmarks/quartz-quartz-2.3.1-patched/quartz-core/mvn_dependencies/derbyclient-10.8.2.2.jar, /u/q8liang/Benchmarks/quartz-quartz-2.3.1-patched/quartz-core/mvn_dependencies/derbynet-10.8.2.2.jar, /u/q8liang/Benchmarks/quartz-quartz-2.3.1-patched/quartz-core/mvn_dependencies/hamcrest-core-1.2.jar, /u/q8liang/Benchmarks/quartz-quartz-2.3.1-patched/quartz-core/mvn_dependencies/hamcrest-library-1.2.jar, /u/q8liang/Benchmarks/quartz-quartz-2.3.1-patched/quartz-core/mvn_dependencies/javaee-api-5.0-2.jar, /u/q8liang/Benchmarks/quartz-quartz-2.3.1-patched/quartz-core/mvn_dependencies/junit-dep-4.8.2.jar, /u/q8liang/Benchmarks/quartz-quartz-2.3.1-patched/quartz-core/mvn_dependencies/log4j-1.2.16.jar, /u/q8liang/Benchmarks/quartz-quartz-2.3.1-patched/quartz-core/mvn_dependencies/mchange-commons-java-0.2.15.jar, /u/q8liang/Benchmarks/quartz-quartz-2.3.1-patched/quartz-core/mvn_dependencies/mockito-all-1.9.5.jar, /u/q8liang/Benchmarks/quartz-quartz-2.3.1-patched/quartz-core/mvn_dependencies/slf4j-api-1.7.7.jar, /u/q8liang/Benchmarks/quartz-quartz-2.3.1-patched/quartz-core/mvn_dependencies/slf4j-log4j12-1.7.7.jar, /u/q8liang/Benchmarks/quartz-quartz-2.3.1-patched/quartz-core/mvn_dependencies/typesafe-config-2.10.1.jar
Libraries: 
Using a timeout of 90 min.
Adding extra logic file /u/q8liang/doop_new/souffle-logic/analyses/mocks/mocks.dl
[Task FACTS...]
[Task COMPILE...]
-- Fact Generation --
Using cached analysis executable /u/q8liang/doop_new/cache/souffle-analyses/basic-only/164f2728f8daef761c859c9d605bb65c9e018f0d797f24a5c336746dd0ceddd3
[Task COMPILE Done]
SOOT_FACT_GEN: Logging initialized, using directory: /u/q8liang/doop_new/build/logs
SOOT_FACT_GEN: SLF4J: Failed to load class "org.slf4j.impl.StaticLoggerBinder".
SOOT_FACT_GEN: SLF4J: Defaulting to no-operation (NOP) logger implementation
SOOT_FACT_GEN: SLF4J: See http://www.slf4j.org/codes.html#StaticLoggerBinder for further details.
SOOT_FACT_GEN: Preprocessing application: /u/q8liang/Benchmarks/quartz-quartz-2.3.1-patched/quartz-core/target/quartz-core-2.3.1.jar
SOOT_FACT_GEN: Preprocessing application: /u/q8liang/Benchmarks/quartz-quartz-2.3.1-patched/quartz-core/target/quartz-core-2.3.1-tests.jar
SOOT_FACT_GEN: Preprocessing application: /u/q8liang/Benchmarks/quartz-quartz-2.3.1-patched/quartz-core/mvn_dependencies/HikariCP-java7-2.4.13.jar
SOOT_FACT_GEN: Preprocessing application: /u/q8liang/Benchmarks/quartz-quartz-2.3.1-patched/quartz-core/mvn_dependencies/asm-3.2.jar
SOOT_FACT_GEN: Preprocessing application: /u/q8liang/Benchmarks/quartz-quartz-2.3.1-patched/quartz-core/mvn_dependencies/c3p0-0.9.5.3.jar
SOOT_FACT_GEN: Preprocessing application: /u/q8liang/Benchmarks/quartz-quartz-2.3.1-patched/quartz-core/mvn_dependencies/derby-10.8.2.2.jar
SOOT_FACT_GEN: Preprocessing application: /u/q8liang/Benchmarks/quartz-quartz-2.3.1-patched/quartz-core/mvn_dependencies/derbyclient-10.8.2.2.jar
SOOT_FACT_GEN: Preprocessing application: /u/q8liang/Benchmarks/quartz-quartz-2.3.1-patched/quartz-core/mvn_dependencies/derbynet-10.8.2.2.jar
SOOT_FACT_GEN: Preprocessing application: /u/q8liang/Benchmarks/quartz-quartz-2.3.1-patched/quartz-core/mvn_dependencies/hamcrest-core-1.2.jar
SOOT_FACT_GEN: Preprocessing application: /u/q8liang/Benchmarks/quartz-quartz-2.3.1-patched/quartz-core/mvn_dependencies/hamcrest-library-1.2.jar
SOOT_FACT_GEN: Preprocessing application: /u/q8liang/Benchmarks/quartz-quartz-2.3.1-patched/quartz-core/mvn_dependencies/javaee-api-5.0-2.jar
SOOT_FACT_GEN: Preprocessing application: /u/q8liang/Benchmarks/quartz-quartz-2.3.1-patched/quartz-core/mvn_dependencies/junit-dep-4.8.2.jar
SOOT_FACT_GEN: Preprocessing application: /u/q8liang/Benchmarks/quartz-quartz-2.3.1-patched/quartz-core/mvn_dependencies/log4j-1.2.16.jar
SOOT_FACT_GEN: Preprocessing application: /u/q8liang/Benchmarks/quartz-quartz-2.3.1-patched/quartz-core/mvn_dependencies/mchange-commons-java-0.2.15.jar
SOOT_FACT_GEN: Preprocessing application: /u/q8liang/Benchmarks/quartz-quartz-2.3.1-patched/quartz-core/mvn_dependencies/mockito-all-1.9.5.jar
SOOT_FACT_GEN: Preprocessing application: /u/q8liang/Benchmarks/quartz-quartz-2.3.1-patched/quartz-core/mvn_dependencies/slf4j-api-1.7.7.jar
SOOT_FACT_GEN: Preprocessing application: /u/q8liang/Benchmarks/quartz-quartz-2.3.1-patched/quartz-core/mvn_dependencies/slf4j-log4j12-1.7.7.jar
SOOT_FACT_GEN: Preprocessing application: /u/q8liang/Benchmarks/quartz-quartz-2.3.1-patched/quartz-core/mvn_dependencies/typesafe-config-2.10.1.jar
SOOT_FACT_GEN: Preprocessing platform library: /u/q8liang/doop_new/build/tmp/rt_1510518292055411183.jar
SOOT_FACT_GEN: Preprocessing platform library: /u/q8liang/doop_new/build/tmp/jce_7953912395898880694.jar
SOOT_FACT_GEN: Preprocessing platform library: /u/q8liang/doop_new/build/tmp/jsse_6271024484385912812.jar
SOOT_FACT_GEN: Adding archive: /u/q8liang/Benchmarks/quartz-quartz-2.3.1-patched/quartz-core/target/quartz-core-2.3.1.jar
SOOT_FACT_GEN: Adding archive: /u/q8liang/Benchmarks/quartz-quartz-2.3.1-patched/quartz-core/target/quartz-core-2.3.1-tests.jar
SOOT_FACT_GEN: Adding archive: /u/q8liang/Benchmarks/quartz-quartz-2.3.1-patched/quartz-core/mvn_dependencies/HikariCP-java7-2.4.13.jar
SOOT_FACT_GEN: Adding archive: /u/q8liang/Benchmarks/quartz-quartz-2.3.1-patched/quartz-core/mvn_dependencies/asm-3.2.jar
SOOT_FACT_GEN: Adding archive: /u/q8liang/Benchmarks/quartz-quartz-2.3.1-patched/quartz-core/mvn_dependencies/c3p0-0.9.5.3.jar
SOOT_FACT_GEN: Adding archive: /u/q8liang/Benchmarks/quartz-quartz-2.3.1-patched/quartz-core/mvn_dependencies/derby-10.8.2.2.jar
SOOT_FACT_GEN: Adding archive: /u/q8liang/Benchmarks/quartz-quartz-2.3.1-patched/quartz-core/mvn_dependencies/derbyclient-10.8.2.2.jar
SOOT_FACT_GEN: Adding archive: /u/q8liang/Benchmarks/quartz-quartz-2.3.1-patched/quartz-core/mvn_dependencies/derbynet-10.8.2.2.jar
SOOT_FACT_GEN: Adding archive: /u/q8liang/Benchmarks/quartz-quartz-2.3.1-patched/quartz-core/mvn_dependencies/hamcrest-core-1.2.jar
SOOT_FACT_GEN: Adding archive: /u/q8liang/Benchmarks/quartz-quartz-2.3.1-patched/quartz-core/mvn_dependencies/hamcrest-library-1.2.jar
SOOT_FACT_GEN: Adding archive: /u/q8liang/Benchmarks/quartz-quartz-2.3.1-patched/quartz-core/mvn_dependencies/javaee-api-5.0-2.jar
SOOT_FACT_GEN: Adding archive: /u/q8liang/Benchmarks/quartz-quartz-2.3.1-patched/quartz-core/mvn_dependencies/junit-dep-4.8.2.jar
SOOT_FACT_GEN: Adding archive: /u/q8liang/Benchmarks/quartz-quartz-2.3.1-patched/quartz-core/mvn_dependencies/log4j-1.2.16.jar
SOOT_FACT_GEN: Adding archive: /u/q8liang/Benchmarks/quartz-quartz-2.3.1-patched/quartz-core/mvn_dependencies/mchange-commons-java-0.2.15.jar
SOOT_FACT_GEN: Adding archive: /u/q8liang/Benchmarks/quartz-quartz-2.3.1-patched/quartz-core/mvn_dependencies/mockito-all-1.9.5.jar
SOOT_FACT_GEN: Adding archive: /u/q8liang/Benchmarks/quartz-quartz-2.3.1-patched/quartz-core/mvn_dependencies/slf4j-api-1.7.7.jar
SOOT_FACT_GEN: Adding archive: /u/q8liang/Benchmarks/quartz-quartz-2.3.1-patched/quartz-core/mvn_dependencies/slf4j-log4j12-1.7.7.jar
SOOT_FACT_GEN: Adding archive: /u/q8liang/Benchmarks/quartz-quartz-2.3.1-patched/quartz-core/mvn_dependencies/typesafe-config-2.10.1.jar
SOOT_FACT_GEN: Adding archive for resolving: /u/q8liang/doop_new/build/tmp/rt_1510518292055411183.jar
SOOT_FACT_GEN: Adding archive for resolving: /u/q8liang/doop_new/build/tmp/jce_7953912395898880694.jar
SOOT_FACT_GEN: Adding archive for resolving: /u/q8liang/doop_new/build/tmp/jsse_6271024484385912812.jar
SOOT_FACT_GEN: Classes in input (application) jar(s): 5471
SOOT_FACT_GEN: Total classes in Scene: 13254
SOOT_FACT_GEN: Retrieved all bodies (time: 71)
SOOT_FACT_GEN: Fact generation cores: 32
SOOT_FACT_GEN: WARNING: some classes were not resolved, consider using thorough fact generation or adding them manually via --also-resolve: [java.beans.Customizer, javax.sound.sampled.Port, java.rmi.activation.ActivationID, java.awt.dnd.MouseDragGestureRecognizer, com.sun.beans.editors.BooleanEditor, sun.util.locale.provider.HostLocaleProviderAdapterImpl, com.sun.management.GarbageCollectorMXBean, com.sun.beans.editors.LongEditor, com.sun.beans.editors.DoubleEditor, com.sun.beans.editors.ByteEditor, com.sun.beans.editors.FloatEditor, com.sun.beans.editors.IntegerEditor, com.sun.beans.editors.ShortEditor]
SOOT_FACT_GEN: Found 266 phantom references. Rerun with '--report-phantoms' for more details.
SOOT_FACT_GEN: Methods without active bodies encountered (and reset): 0
Soot fact generation time: 118
Caching facts in /u/q8liang/doop_new/cache/8938c7987e5766918949d0df263d8189e5dbbdd90e35c2085da303f83fff5b30
Copying /u/q8liang/doop_new/out/quartz-core-basic-new-NORMAL/database to /u/q8liang/doop_new/cache/8938c7987e5766918949d0df263d8189e5dbbdd90e35c2085da303f83fff5b30...
----
[Task FACTS Done]
Using /usr/bin/time to gather performance statistics...
Running analysis
Runtime info monitored in /u/q8liang/doop_new/out/quartz-core-basic-new-NORMAL/monitoring.txt (& /u/q8liang/doop_new/out/quartz-core-basic-new-NORMAL/monitoring.latest.txt)
922.16user 38.09system 16:57.00elapsed 94%CPU (0avgtext+0avgdata 1997236maxresident)k
32inputs+26918848outputs (0major+9011332minor)pagefaults 0swaps
Analysis execution time (sec): 1017
-- Runtime metrics --
analysis compilation time (sec)                                                  0
analysis execution time (sec)                                                    1,017
disk footprint (KB)                                                              10,810,270
fact generation time (sec)                                                       118
Making database available at /u/q8liang/doop_new/results/quartz-core-2.3.1/basic-only/java_8/quartz-core-basic-new-NORMAL
Making database available at /u/q8liang/doop_new/last-analysis

Deprecated Gradle features were used in this build, making it incompatible with Gradle 7.0.
Use '--warning-mode all' to show the individual deprecation warnings.
See https://docs.gradle.org/6.7/userguide/command_line_interface.html#sec:command_line_warnings

BUILD SUCCESSFUL in 19m 15s
21 actionable tasks: 2 executed, 19 up-to-date
