> Task :generators:code-processor:generateGrammarSource UP-TO-DATE
> Task :generators:code-processor:compileJava UP-TO-DATE
> Task :generators:code-processor:compileGroovy UP-TO-DATE
> Task :generators:code-processor:processResources NO-SOURCE
> Task :generators:code-processor:classes UP-TO-DATE
> Task :generators:code-processor:jar UP-TO-DATE
> Task :generators:fact-generator-common:compileJava UP-TO-DATE
> Task :generators:fact-generator-common:processResources NO-SOURCE
> Task :generators:fact-generator-common:classes UP-TO-DATE
> Task :generators:fact-generator-common:shadowJar UP-TO-DATE
> Task :compileJava UP-TO-DATE
> Task :compileGroovy UP-TO-DATE
> Task :resolveApktool
> Task :generators:dex-fact-generator:compileJava UP-TO-DATE
> Task :generators:dex-fact-generator:processResources NO-SOURCE
> Task :generators:dex-fact-generator:classes UP-TO-DATE
> Task :generators:dex-fact-generator:fatJar UP-TO-DATE
> Task :generators:dex-fact-generator:installJar UP-TO-DATE
> Task :generators:soot-fact-generator:compileJava UP-TO-DATE
> Task :generators:soot-fact-generator:compileGroovy NO-SOURCE
> Task :generators:soot-fact-generator:processResources NO-SOURCE
> Task :generators:soot-fact-generator:classes UP-TO-DATE
> Task :generators:soot-fact-generator:fatJar UP-TO-DATE
> Task :generators:soot-fact-generator:installJar UP-TO-DATE
> Task :generators:wala-fact-generator:compileJava UP-TO-DATE
> Task :generators:wala-fact-generator:processResources UP-TO-DATE
> Task :generators:wala-fact-generator:classes UP-TO-DATE
> Task :generators:wala-fact-generator:fatJar UP-TO-DATE
> Task :generators:wala-fact-generator:installJar UP-TO-DATE
> Task :resourceInstaller
> Task :processResources UP-TO-DATE
> Task :classes UP-TO-DATE
> Task :writeGitCommitHash UP-TO-DATE

> Task :run
Main class(es) expanded with [org.apache.maven.RootDriver]
WARNING: Handling of Java reflection is disabled!
New context-insensitive analysis
Id       : maven-core-context-insensitive-NORMAL
Inputs   : /u/q8liang/Benchmarks/maven-maven-3.8.1/maven-core/target/maven-core-3.8.1.jar, /u/q8liang/Benchmarks/maven-maven-3.8.1/maven-core/target/maven-core-3.8.1-tests.jar, /u/q8liang/Benchmarks/maven-maven-3.8.1/maven-core/mvn_dependencies/animal-sniffer-annotations-1.14.jar, /u/q8liang/Benchmarks/maven-maven-3.8.1/maven-core/mvn_dependencies/aopalliance-1.0.jar, /u/q8liang/Benchmarks/maven-maven-3.8.1/maven-core/mvn_dependencies/byte-buddy-1.8.15.jar, /u/q8liang/Benchmarks/maven-maven-3.8.1/maven-core/mvn_dependencies/byte-buddy-agent-1.8.15.jar, /u/q8liang/Benchmarks/maven-maven-3.8.1/maven-core/mvn_dependencies/cdi-api-1.0.jar, /u/q8liang/Benchmarks/maven-maven-3.8.1/maven-core/mvn_dependencies/checker-compat-qual-2.0.0.jar, /u/q8liang/Benchmarks/maven-maven-3.8.1/maven-core/mvn_dependencies/commons-io-2.5.jar, /u/q8liang/Benchmarks/maven-maven-3.8.1/maven-core/mvn_dependencies/commons-jxpath-1.3.jar, /u/q8liang/Benchmarks/maven-maven-3.8.1/maven-core/mvn_dependencies/commons-lang3-3.8.1.jar, /u/q8liang/Benchmarks/maven-maven-3.8.1/maven-core/mvn_dependencies/error_prone_annotations-2.1.3.jar, /u/q8liang/Benchmarks/maven-maven-3.8.1/maven-core/mvn_dependencies/guava-25.1-android.jar, /u/q8liang/Benchmarks/maven-maven-3.8.1/maven-core/mvn_dependencies/guice-4.2.1-no_aop.jar, /u/q8liang/Benchmarks/maven-maven-3.8.1/maven-core/mvn_dependencies/hamcrest-core-1.3.jar, /u/q8liang/Benchmarks/maven-maven-3.8.1/maven-core/mvn_dependencies/hamcrest-library-1.3.jar, /u/q8liang/Benchmarks/maven-maven-3.8.1/maven-core/mvn_dependencies/j2objc-annotations-1.1.jar, /u/q8liang/Benchmarks/maven-maven-3.8.1/maven-core/mvn_dependencies/javax.inject-1.jar, /u/q8liang/Benchmarks/maven-maven-3.8.1/maven-core/mvn_dependencies/jsr250-api-1.0.jar, /u/q8liang/Benchmarks/maven-maven-3.8.1/maven-core/mvn_dependencies/jsr305-3.0.2.jar, /u/q8liang/Benchmarks/maven-maven-3.8.1/maven-core/mvn_dependencies/junit-4.12.jar, /u/q8liang/Benchmarks/maven-maven-3.8.1/maven-core/mvn_dependencies/maven-artifact-3.8.1.jar, /u/q8liang/Benchmarks/maven-maven-3.8.1/maven-core/mvn_dependencies/maven-builder-support-3.8.1.jar, /u/q8liang/Benchmarks/maven-maven-3.8.1/maven-core/mvn_dependencies/maven-model-3.8.1.jar, /u/q8liang/Benchmarks/maven-maven-3.8.1/maven-core/mvn_dependencies/maven-model-builder-3.8.1.jar, /u/q8liang/Benchmarks/maven-maven-3.8.1/maven-core/mvn_dependencies/maven-plugin-api-3.8.1.jar, /u/q8liang/Benchmarks/maven-maven-3.8.1/maven-core/mvn_dependencies/maven-repository-metadata-3.8.1.jar, /u/q8liang/Benchmarks/maven-maven-3.8.1/maven-core/mvn_dependencies/maven-resolver-api-1.6.2.jar, /u/q8liang/Benchmarks/maven-maven-3.8.1/maven-core/mvn_dependencies/maven-resolver-impl-1.6.2.jar, /u/q8liang/Benchmarks/maven-maven-3.8.1/maven-core/mvn_dependencies/maven-resolver-provider-3.8.1.jar, /u/q8liang/Benchmarks/maven-maven-3.8.1/maven-core/mvn_dependencies/maven-resolver-spi-1.6.2.jar, /u/q8liang/Benchmarks/maven-maven-3.8.1/maven-core/mvn_dependencies/maven-resolver-util-1.6.2.jar, /u/q8liang/Benchmarks/maven-maven-3.8.1/maven-core/mvn_dependencies/maven-settings-3.8.1.jar, /u/q8liang/Benchmarks/maven-maven-3.8.1/maven-core/mvn_dependencies/maven-settings-builder-3.8.1.jar, /u/q8liang/Benchmarks/maven-maven-3.8.1/maven-core/mvn_dependencies/maven-shared-utils-3.2.1.jar, /u/q8liang/Benchmarks/maven-maven-3.8.1/maven-core/mvn_dependencies/mockito-core-2.21.0.jar, /u/q8liang/Benchmarks/maven-maven-3.8.1/maven-core/mvn_dependencies/objenesis-2.6.jar, /u/q8liang/Benchmarks/maven-maven-3.8.1/maven-core/mvn_dependencies/org.eclipse.sisu.inject-0.3.4.jar, /u/q8liang/Benchmarks/maven-maven-3.8.1/maven-core/mvn_dependencies/org.eclipse.sisu.plexus-0.3.4.jar, /u/q8liang/Benchmarks/maven-maven-3.8.1/maven-core/mvn_dependencies/plexus-cipher-1.7.jar, /u/q8liang/Benchmarks/maven-maven-3.8.1/maven-core/mvn_dependencies/plexus-classworlds-2.6.0.jar, /u/q8liang/Benchmarks/maven-maven-3.8.1/maven-core/mvn_dependencies/plexus-component-annotations-2.1.0.jar, /u/q8liang/Benchmarks/maven-maven-3.8.1/maven-core/mvn_dependencies/plexus-interpolation-1.25.jar, /u/q8liang/Benchmarks/maven-maven-3.8.1/maven-core/mvn_dependencies/plexus-sec-dispatcher-1.4.jar, /u/q8liang/Benchmarks/maven-maven-3.8.1/maven-core/mvn_dependencies/plexus-utils-3.2.1.jar, /u/q8liang/Benchmarks/maven-maven-3.8.1/maven-core/mvn_dependencies/slf4j-api-1.7.29.jar
Libraries: 
Using a timeout of 90 min.
Adding extra logic file /u/q8liang/doop_new/souffle-logic/analyses/mocks/mocks.dl
[Task FACTS...]
[Task COMPILE...]
-- Fact Generation --
Using cached analysis executable /u/q8liang/doop_new/cache/souffle-analyses/context-insensitive/dfad491c63539bf1a046630d5b8c44352aa46b9e89d2055d0403c581f31dca2f
[Task COMPILE Done]
SOOT_FACT_GEN: Logging initialized, using directory: /u/q8liang/doop_new/build/logs
SOOT_FACT_GEN: SLF4J: Failed to load class "org.slf4j.impl.StaticLoggerBinder".
SOOT_FACT_GEN: SLF4J: Defaulting to no-operation (NOP) logger implementation
SOOT_FACT_GEN: SLF4J: See http://www.slf4j.org/codes.html#StaticLoggerBinder for further details.
SOOT_FACT_GEN: Preprocessing application: /u/q8liang/Benchmarks/maven-maven-3.8.1/maven-core/target/maven-core-3.8.1.jar
SOOT_FACT_GEN: Preprocessing application: /u/q8liang/Benchmarks/maven-maven-3.8.1/maven-core/target/maven-core-3.8.1-tests.jar
SOOT_FACT_GEN: Preprocessing application: /u/q8liang/Benchmarks/maven-maven-3.8.1/maven-core/mvn_dependencies/animal-sniffer-annotations-1.14.jar
SOOT_FACT_GEN: Preprocessing application: /u/q8liang/Benchmarks/maven-maven-3.8.1/maven-core/mvn_dependencies/aopalliance-1.0.jar
SOOT_FACT_GEN: Preprocessing application: /u/q8liang/Benchmarks/maven-maven-3.8.1/maven-core/mvn_dependencies/byte-buddy-1.8.15.jar
SOOT_FACT_GEN: Preprocessing application: /u/q8liang/Benchmarks/maven-maven-3.8.1/maven-core/mvn_dependencies/byte-buddy-agent-1.8.15.jar
SOOT_FACT_GEN: Preprocessing application: /u/q8liang/Benchmarks/maven-maven-3.8.1/maven-core/mvn_dependencies/cdi-api-1.0.jar
SOOT_FACT_GEN: Preprocessing application: /u/q8liang/Benchmarks/maven-maven-3.8.1/maven-core/mvn_dependencies/checker-compat-qual-2.0.0.jar
SOOT_FACT_GEN: Preprocessing application: /u/q8liang/Benchmarks/maven-maven-3.8.1/maven-core/mvn_dependencies/commons-io-2.5.jar
SOOT_FACT_GEN: Preprocessing application: /u/q8liang/Benchmarks/maven-maven-3.8.1/maven-core/mvn_dependencies/commons-jxpath-1.3.jar
SOOT_FACT_GEN: Preprocessing application: /u/q8liang/Benchmarks/maven-maven-3.8.1/maven-core/mvn_dependencies/commons-lang3-3.8.1.jar
SOOT_FACT_GEN: Preprocessing application: /u/q8liang/Benchmarks/maven-maven-3.8.1/maven-core/mvn_dependencies/error_prone_annotations-2.1.3.jar
SOOT_FACT_GEN: Preprocessing application: /u/q8liang/Benchmarks/maven-maven-3.8.1/maven-core/mvn_dependencies/guava-25.1-android.jar
SOOT_FACT_GEN: Preprocessing application: /u/q8liang/Benchmarks/maven-maven-3.8.1/maven-core/mvn_dependencies/guice-4.2.1-no_aop.jar
SOOT_FACT_GEN: Preprocessing application: /u/q8liang/Benchmarks/maven-maven-3.8.1/maven-core/mvn_dependencies/hamcrest-core-1.3.jar
SOOT_FACT_GEN: Preprocessing application: /u/q8liang/Benchmarks/maven-maven-3.8.1/maven-core/mvn_dependencies/hamcrest-library-1.3.jar
SOOT_FACT_GEN: Preprocessing application: /u/q8liang/Benchmarks/maven-maven-3.8.1/maven-core/mvn_dependencies/j2objc-annotations-1.1.jar
SOOT_FACT_GEN: Preprocessing application: /u/q8liang/Benchmarks/maven-maven-3.8.1/maven-core/mvn_dependencies/javax.inject-1.jar
SOOT_FACT_GEN: Preprocessing application: /u/q8liang/Benchmarks/maven-maven-3.8.1/maven-core/mvn_dependencies/jsr250-api-1.0.jar
SOOT_FACT_GEN: Preprocessing application: /u/q8liang/Benchmarks/maven-maven-3.8.1/maven-core/mvn_dependencies/jsr305-3.0.2.jar
SOOT_FACT_GEN: Preprocessing application: /u/q8liang/Benchmarks/maven-maven-3.8.1/maven-core/mvn_dependencies/junit-4.12.jar
SOOT_FACT_GEN: Preprocessing application: /u/q8liang/Benchmarks/maven-maven-3.8.1/maven-core/mvn_dependencies/maven-artifact-3.8.1.jar
SOOT_FACT_GEN: Preprocessing application: /u/q8liang/Benchmarks/maven-maven-3.8.1/maven-core/mvn_dependencies/maven-builder-support-3.8.1.jar
SOOT_FACT_GEN: Preprocessing application: /u/q8liang/Benchmarks/maven-maven-3.8.1/maven-core/mvn_dependencies/maven-model-3.8.1.jar
SOOT_FACT_GEN: Preprocessing application: /u/q8liang/Benchmarks/maven-maven-3.8.1/maven-core/mvn_dependencies/maven-model-builder-3.8.1.jar
SOOT_FACT_GEN: Preprocessing application: /u/q8liang/Benchmarks/maven-maven-3.8.1/maven-core/mvn_dependencies/maven-plugin-api-3.8.1.jar
SOOT_FACT_GEN: Preprocessing application: /u/q8liang/Benchmarks/maven-maven-3.8.1/maven-core/mvn_dependencies/maven-repository-metadata-3.8.1.jar
SOOT_FACT_GEN: Preprocessing application: /u/q8liang/Benchmarks/maven-maven-3.8.1/maven-core/mvn_dependencies/maven-resolver-api-1.6.2.jar
SOOT_FACT_GEN: Preprocessing application: /u/q8liang/Benchmarks/maven-maven-3.8.1/maven-core/mvn_dependencies/maven-resolver-impl-1.6.2.jar
SOOT_FACT_GEN: Preprocessing application: /u/q8liang/Benchmarks/maven-maven-3.8.1/maven-core/mvn_dependencies/maven-resolver-provider-3.8.1.jar
SOOT_FACT_GEN: Preprocessing application: /u/q8liang/Benchmarks/maven-maven-3.8.1/maven-core/mvn_dependencies/maven-resolver-spi-1.6.2.jar
SOOT_FACT_GEN: Preprocessing application: /u/q8liang/Benchmarks/maven-maven-3.8.1/maven-core/mvn_dependencies/maven-resolver-util-1.6.2.jar
SOOT_FACT_GEN: Preprocessing application: /u/q8liang/Benchmarks/maven-maven-3.8.1/maven-core/mvn_dependencies/maven-settings-3.8.1.jar
SOOT_FACT_GEN: Preprocessing application: /u/q8liang/Benchmarks/maven-maven-3.8.1/maven-core/mvn_dependencies/maven-settings-builder-3.8.1.jar
SOOT_FACT_GEN: Preprocessing application: /u/q8liang/Benchmarks/maven-maven-3.8.1/maven-core/mvn_dependencies/maven-shared-utils-3.2.1.jar
SOOT_FACT_GEN: Preprocessing application: /u/q8liang/Benchmarks/maven-maven-3.8.1/maven-core/mvn_dependencies/mockito-core-2.21.0.jar
SOOT_FACT_GEN: Preprocessing application: /u/q8liang/Benchmarks/maven-maven-3.8.1/maven-core/mvn_dependencies/objenesis-2.6.jar
SOOT_FACT_GEN: Preprocessing application: /u/q8liang/Benchmarks/maven-maven-3.8.1/maven-core/mvn_dependencies/org.eclipse.sisu.inject-0.3.4.jar
SOOT_FACT_GEN: Preprocessing application: /u/q8liang/Benchmarks/maven-maven-3.8.1/maven-core/mvn_dependencies/org.eclipse.sisu.plexus-0.3.4.jar
SOOT_FACT_GEN: Preprocessing application: /u/q8liang/Benchmarks/maven-maven-3.8.1/maven-core/mvn_dependencies/plexus-cipher-1.7.jar
SOOT_FACT_GEN: Preprocessing application: /u/q8liang/Benchmarks/maven-maven-3.8.1/maven-core/mvn_dependencies/plexus-classworlds-2.6.0.jar
SOOT_FACT_GEN: Preprocessing application: /u/q8liang/Benchmarks/maven-maven-3.8.1/maven-core/mvn_dependencies/plexus-component-annotations-2.1.0.jar
SOOT_FACT_GEN: Preprocessing application: /u/q8liang/Benchmarks/maven-maven-3.8.1/maven-core/mvn_dependencies/plexus-interpolation-1.25.jar
SOOT_FACT_GEN: Preprocessing application: /u/q8liang/Benchmarks/maven-maven-3.8.1/maven-core/mvn_dependencies/plexus-sec-dispatcher-1.4.jar
SOOT_FACT_GEN: Preprocessing application: /u/q8liang/Benchmarks/maven-maven-3.8.1/maven-core/mvn_dependencies/plexus-utils-3.2.1.jar
SOOT_FACT_GEN: Preprocessing application: /u/q8liang/Benchmarks/maven-maven-3.8.1/maven-core/mvn_dependencies/slf4j-api-1.7.29.jar
SOOT_FACT_GEN: Preprocessing platform library: /u/q8liang/doop_new/build/tmp/rt_6485953194049788287.jar
SOOT_FACT_GEN: Preprocessing platform library: /u/q8liang/doop_new/build/tmp/jce_4743546907515214321.jar
SOOT_FACT_GEN: Preprocessing platform library: /u/q8liang/doop_new/build/tmp/jsse_8398354686880691216.jar
SOOT_FACT_GEN: Adding archive: /u/q8liang/Benchmarks/maven-maven-3.8.1/maven-core/target/maven-core-3.8.1.jar
SOOT_FACT_GEN: Adding archive: /u/q8liang/Benchmarks/maven-maven-3.8.1/maven-core/target/maven-core-3.8.1-tests.jar
SOOT_FACT_GEN: Adding archive: /u/q8liang/Benchmarks/maven-maven-3.8.1/maven-core/mvn_dependencies/animal-sniffer-annotations-1.14.jar
SOOT_FACT_GEN: Adding archive: /u/q8liang/Benchmarks/maven-maven-3.8.1/maven-core/mvn_dependencies/aopalliance-1.0.jar
SOOT_FACT_GEN: Adding archive: /u/q8liang/Benchmarks/maven-maven-3.8.1/maven-core/mvn_dependencies/byte-buddy-1.8.15.jar
SOOT_FACT_GEN: Adding archive: /u/q8liang/Benchmarks/maven-maven-3.8.1/maven-core/mvn_dependencies/byte-buddy-agent-1.8.15.jar
SOOT_FACT_GEN: Adding archive: /u/q8liang/Benchmarks/maven-maven-3.8.1/maven-core/mvn_dependencies/cdi-api-1.0.jar
SOOT_FACT_GEN: Adding archive: /u/q8liang/Benchmarks/maven-maven-3.8.1/maven-core/mvn_dependencies/checker-compat-qual-2.0.0.jar
SOOT_FACT_GEN: Adding archive: /u/q8liang/Benchmarks/maven-maven-3.8.1/maven-core/mvn_dependencies/commons-io-2.5.jar
SOOT_FACT_GEN: Adding archive: /u/q8liang/Benchmarks/maven-maven-3.8.1/maven-core/mvn_dependencies/commons-jxpath-1.3.jar
SOOT_FACT_GEN: Adding archive: /u/q8liang/Benchmarks/maven-maven-3.8.1/maven-core/mvn_dependencies/commons-lang3-3.8.1.jar
SOOT_FACT_GEN: Adding archive: /u/q8liang/Benchmarks/maven-maven-3.8.1/maven-core/mvn_dependencies/error_prone_annotations-2.1.3.jar
SOOT_FACT_GEN: Adding archive: /u/q8liang/Benchmarks/maven-maven-3.8.1/maven-core/mvn_dependencies/guava-25.1-android.jar
SOOT_FACT_GEN: Adding archive: /u/q8liang/Benchmarks/maven-maven-3.8.1/maven-core/mvn_dependencies/guice-4.2.1-no_aop.jar
SOOT_FACT_GEN: Adding archive: /u/q8liang/Benchmarks/maven-maven-3.8.1/maven-core/mvn_dependencies/hamcrest-core-1.3.jar
SOOT_FACT_GEN: Adding archive: /u/q8liang/Benchmarks/maven-maven-3.8.1/maven-core/mvn_dependencies/hamcrest-library-1.3.jar
SOOT_FACT_GEN: Adding archive: /u/q8liang/Benchmarks/maven-maven-3.8.1/maven-core/mvn_dependencies/j2objc-annotations-1.1.jar
SOOT_FACT_GEN: Adding archive: /u/q8liang/Benchmarks/maven-maven-3.8.1/maven-core/mvn_dependencies/javax.inject-1.jar
SOOT_FACT_GEN: Adding archive: /u/q8liang/Benchmarks/maven-maven-3.8.1/maven-core/mvn_dependencies/jsr250-api-1.0.jar
SOOT_FACT_GEN: Adding archive: /u/q8liang/Benchmarks/maven-maven-3.8.1/maven-core/mvn_dependencies/jsr305-3.0.2.jar
SOOT_FACT_GEN: Adding archive: /u/q8liang/Benchmarks/maven-maven-3.8.1/maven-core/mvn_dependencies/junit-4.12.jar
SOOT_FACT_GEN: Adding archive: /u/q8liang/Benchmarks/maven-maven-3.8.1/maven-core/mvn_dependencies/maven-artifact-3.8.1.jar
SOOT_FACT_GEN: Adding archive: /u/q8liang/Benchmarks/maven-maven-3.8.1/maven-core/mvn_dependencies/maven-builder-support-3.8.1.jar
SOOT_FACT_GEN: Adding archive: /u/q8liang/Benchmarks/maven-maven-3.8.1/maven-core/mvn_dependencies/maven-model-3.8.1.jar
SOOT_FACT_GEN: Adding archive: /u/q8liang/Benchmarks/maven-maven-3.8.1/maven-core/mvn_dependencies/maven-model-builder-3.8.1.jar
SOOT_FACT_GEN: Adding archive: /u/q8liang/Benchmarks/maven-maven-3.8.1/maven-core/mvn_dependencies/maven-plugin-api-3.8.1.jar
SOOT_FACT_GEN: Adding archive: /u/q8liang/Benchmarks/maven-maven-3.8.1/maven-core/mvn_dependencies/maven-repository-metadata-3.8.1.jar
SOOT_FACT_GEN: Adding archive: /u/q8liang/Benchmarks/maven-maven-3.8.1/maven-core/mvn_dependencies/maven-resolver-api-1.6.2.jar
SOOT_FACT_GEN: Adding archive: /u/q8liang/Benchmarks/maven-maven-3.8.1/maven-core/mvn_dependencies/maven-resolver-impl-1.6.2.jar
SOOT_FACT_GEN: Adding archive: /u/q8liang/Benchmarks/maven-maven-3.8.1/maven-core/mvn_dependencies/maven-resolver-provider-3.8.1.jar
SOOT_FACT_GEN: Adding archive: /u/q8liang/Benchmarks/maven-maven-3.8.1/maven-core/mvn_dependencies/maven-resolver-spi-1.6.2.jar
SOOT_FACT_GEN: Adding archive: /u/q8liang/Benchmarks/maven-maven-3.8.1/maven-core/mvn_dependencies/maven-resolver-util-1.6.2.jar
SOOT_FACT_GEN: Adding archive: /u/q8liang/Benchmarks/maven-maven-3.8.1/maven-core/mvn_dependencies/maven-settings-3.8.1.jar
SOOT_FACT_GEN: Adding archive: /u/q8liang/Benchmarks/maven-maven-3.8.1/maven-core/mvn_dependencies/maven-settings-builder-3.8.1.jar
SOOT_FACT_GEN: Adding archive: /u/q8liang/Benchmarks/maven-maven-3.8.1/maven-core/mvn_dependencies/maven-shared-utils-3.2.1.jar
SOOT_FACT_GEN: Adding archive: /u/q8liang/Benchmarks/maven-maven-3.8.1/maven-core/mvn_dependencies/mockito-core-2.21.0.jar
SOOT_FACT_GEN: Adding archive: /u/q8liang/Benchmarks/maven-maven-3.8.1/maven-core/mvn_dependencies/objenesis-2.6.jar
SOOT_FACT_GEN: Adding archive: /u/q8liang/Benchmarks/maven-maven-3.8.1/maven-core/mvn_dependencies/org.eclipse.sisu.inject-0.3.4.jar
SOOT_FACT_GEN: Adding archive: /u/q8liang/Benchmarks/maven-maven-3.8.1/maven-core/mvn_dependencies/org.eclipse.sisu.plexus-0.3.4.jar
SOOT_FACT_GEN: Adding archive: /u/q8liang/Benchmarks/maven-maven-3.8.1/maven-core/mvn_dependencies/plexus-cipher-1.7.jar
SOOT_FACT_GEN: Adding archive: /u/q8liang/Benchmarks/maven-maven-3.8.1/maven-core/mvn_dependencies/plexus-classworlds-2.6.0.jar
SOOT_FACT_GEN: Adding archive: /u/q8liang/Benchmarks/maven-maven-3.8.1/maven-core/mvn_dependencies/plexus-component-annotations-2.1.0.jar
SOOT_FACT_GEN: Adding archive: /u/q8liang/Benchmarks/maven-maven-3.8.1/maven-core/mvn_dependencies/plexus-interpolation-1.25.jar
SOOT_FACT_GEN: Adding archive: /u/q8liang/Benchmarks/maven-maven-3.8.1/maven-core/mvn_dependencies/plexus-sec-dispatcher-1.4.jar
SOOT_FACT_GEN: Adding archive: /u/q8liang/Benchmarks/maven-maven-3.8.1/maven-core/mvn_dependencies/plexus-utils-3.2.1.jar
SOOT_FACT_GEN: Adding archive: /u/q8liang/Benchmarks/maven-maven-3.8.1/maven-core/mvn_dependencies/slf4j-api-1.7.29.jar
SOOT_FACT_GEN: Adding archive for resolving: /u/q8liang/doop_new/build/tmp/rt_6485953194049788287.jar
SOOT_FACT_GEN: Adding archive for resolving: /u/q8liang/doop_new/build/tmp/jce_4743546907515214321.jar
SOOT_FACT_GEN: Adding archive for resolving: /u/q8liang/doop_new/build/tmp/jsse_8398354686880691216.jar
SOOT_FACT_GEN: Classes in input (application) jar(s): 8140
SOOT_FACT_GEN: Total classes in Scene: 15629
SOOT_FACT_GEN: Retrieved all bodies (time: 63)
SOOT_FACT_GEN: Fact generation cores: 32
SOOT_FACT_GEN: WARNING: some classes were not resolved, consider using thorough fact generation or adding them manually via --also-resolve: [java.beans.Customizer, javax.sound.sampled.Port, java.awt.dnd.MouseDragGestureRecognizer, com.sun.beans.editors.BooleanEditor, com.sun.management.GarbageCollectorMXBean, com.sun.beans.editors.LongEditor, com.sun.beans.editors.ShortEditor, sun.util.locale.provider.HostLocaleProviderAdapterImpl, com.sun.beans.editors.DoubleEditor, com.sun.beans.editors.ByteEditor, com.sun.beans.editors.FloatEditor, com.sun.beans.editors.IntegerEditor]
SOOT_FACT_GEN: Found 569 phantom references. Rerun with '--report-phantoms' for more details.
SOOT_FACT_GEN: Methods without active bodies encountered (and reset): 0
Soot fact generation time: 108
Caching facts in /u/q8liang/doop_new/cache/d810ed2979e11dbbba5f66e06eecc5a6728a6ef2529840d74345a6b9207aacf0
Copying /u/q8liang/doop_new/out/maven-core-context-insensitive-NORMAL/database to /u/q8liang/doop_new/cache/d810ed2979e11dbbba5f66e06eecc5a6728a6ef2529840d74345a6b9207aacf0...
----
[Task FACTS Done]
Using /usr/bin/time to gather performance statistics...
Running analysis
Runtime info monitored in /u/q8liang/doop_new/out/maven-core-context-insensitive-NORMAL/monitoring.txt (& /u/q8liang/doop_new/out/maven-core-context-insensitive-NORMAL/monitoring.latest.txt)
384.32user 39.12system 7:04.52elapsed 99%CPU (0avgtext+0avgdata 4314116maxresident)k
0inputs+18032752outputs (0major+23338495minor)pagefaults 0swaps
Analysis execution time (sec): 424
-- Runtime metrics --
analysis compilation time (sec)                                                  0
analysis execution time (sec)                                                    424
disk footprint (KB)                                                              10,896,866
fact generation time (sec)                                                       108
-- Statistics --
var points-to (INS)                                                              11,865,969
var points-to (SENS)                                                             11,865,969
reachable variables (INS)                                                        156,074
reachable variables (SENS)                                                       156,074
reachable methods (INS)                                                          17,999
reachable methods (SENS)                                                         17,999
total methods                                                                    128,564
virtual call sites (statically)                                                  250,286
reachable virtual call sites                                                     42,836
polymorphic virtual call sites                                                   3,068
null virtual call sites                                                          9,686
empty virtual call sites                                                         2,027
app virtual call sites (statically)                                              111,411
app reachable virtual call sites                                                 18,357
app polymorphic virtual call sites                                               1,323
app null virtual call sites                                                      3,562
app empty reachable virtual call sites                                           1,266
array index points-to (INS)                                                      340,819
array index points-to (SENS)                                                     340,819
casts (statically)                                                               34,826
reachable casts                                                                  3,084
reachable casts that may fail                                                    2,471
app casts (statically)                                                           13,478
app reachable casts                                                              1,304
app reachable casts that may fail                                                1,034
app reachable methods                                                            7,231
app concrete methods                                                             52,948
instance field points-to (INS)                                                   824,310
instance field points-to (SENS)                                                  824,310
static field points-to (INS)                                                     4,662
static field points-to (SENS)                                                    4,662
app var points-to (INS)                                                          5,674,460
app var points-to (SENS)                                                         5,674,460
java.util var points-to (INS)                                                    3,296,831
java.util var points-to (SENS)                                                   3,296,831
app array index points-to (INS)                                                  273,583
app array index points-to (SENS)                                                 273,583
mock objects                                                                     0
mock objects for receivers                                                       0
mock objects for arg                                                             0
forced-reachable formals that could not be mocked                                0
app instance field points-to (INS)                                               393,513
app instance field points-to (SENS)                                              393,513
call graph edges (INS)                                                           117,264
call graph edges (SENS)                                                          117,264
non-reachable app concrete methods                                               45,725
Making database available at /u/q8liang/doop_new/results/maven-core-3.8.1/context-insensitive/java_8/maven-core-context-insensitive-NORMAL
Making database available at /u/q8liang/doop_new/last-analysis

Deprecated Gradle features were used in this build, making it incompatible with Gradle 7.0.
Use '--warning-mode all' to show the individual deprecation warnings.
See https://docs.gradle.org/6.7/userguide/command_line_interface.html#sec:command_line_warnings

BUILD SUCCESSFUL in 9m 11s
21 actionable tasks: 2 executed, 19 up-to-date
./doop -a context-insensitive -i /u/q8liang/Benchmarks/maven-maven-3.8.1/maven-core/target/maven-core-3.8.1.jar -i /u/q8liang/Benchmarks/maven-maven-3.8.1/maven-core/target/maven-core-3.8.1-tests.jar -i /u/q8liang/Benchmarks/maven-maven-3.8.1/maven-core/mvn_dependencies --id maven-core-context-insensitive-NORMAL --souffle-jobs 32 --main org.apache.maven.RootDriver --define-cpp-macro USE_BASIC --extra-logic souffle-logic/analyses/mocks/mocks.dl
Starting a Gradle Daemon, 3 busy and 3 stopped Daemons could not be reused, use --status for details
> Task :generators:code-processor:generateGrammarSource UP-TO-DATE
> Task :generators:code-processor:compileJava UP-TO-DATE
> Task :generators:code-processor:compileGroovy UP-TO-DATE
> Task :generators:code-processor:processResources NO-SOURCE
> Task :generators:code-processor:classes UP-TO-DATE
> Task :generators:code-processor:jar UP-TO-DATE
> Task :generators:fact-generator-common:compileJava UP-TO-DATE
> Task :generators:fact-generator-common:processResources NO-SOURCE
> Task :generators:fact-generator-common:classes UP-TO-DATE
> Task :generators:fact-generator-common:shadowJar UP-TO-DATE
> Task :compileJava UP-TO-DATE
> Task :compileGroovy UP-TO-DATE
> Task :resolveApktool
> Task :generators:dex-fact-generator:compileJava UP-TO-DATE
> Task :generators:dex-fact-generator:processResources NO-SOURCE
> Task :generators:dex-fact-generator:classes UP-TO-DATE
> Task :generators:dex-fact-generator:fatJar UP-TO-DATE
> Task :generators:dex-fact-generator:installJar UP-TO-DATE
> Task :generators:soot-fact-generator:compileJava UP-TO-DATE
> Task :generators:soot-fact-generator:compileGroovy NO-SOURCE
> Task :generators:soot-fact-generator:processResources NO-SOURCE
> Task :generators:soot-fact-generator:classes UP-TO-DATE
> Task :generators:soot-fact-generator:fatJar UP-TO-DATE
> Task :generators:soot-fact-generator:installJar UP-TO-DATE
> Task :generators:wala-fact-generator:compileJava UP-TO-DATE
> Task :generators:wala-fact-generator:processResources UP-TO-DATE
> Task :generators:wala-fact-generator:classes UP-TO-DATE
> Task :generators:wala-fact-generator:fatJar UP-TO-DATE
> Task :generators:wala-fact-generator:installJar UP-TO-DATE
> Task :resourceInstaller
> Task :processResources UP-TO-DATE
> Task :classes UP-TO-DATE
> Task :writeGitCommitHash UP-TO-DATE

> Task :run
Main class(es) expanded with [org.apache.maven.RootDriver]
WARNING: Handling of Java reflection is disabled!
New context-insensitive analysis
Id       : maven-core-context-insensitive-NORMAL
Inputs   : /u/q8liang/Benchmarks/maven-maven-3.8.1/maven-core/target/maven-core-3.8.1.jar, /u/q8liang/Benchmarks/maven-maven-3.8.1/maven-core/target/maven-core-3.8.1-tests.jar, /u/q8liang/Benchmarks/maven-maven-3.8.1/maven-core/mvn_dependencies/animal-sniffer-annotations-1.14.jar, /u/q8liang/Benchmarks/maven-maven-3.8.1/maven-core/mvn_dependencies/aopalliance-1.0.jar, /u/q8liang/Benchmarks/maven-maven-3.8.1/maven-core/mvn_dependencies/byte-buddy-1.8.15.jar, /u/q8liang/Benchmarks/maven-maven-3.8.1/maven-core/mvn_dependencies/byte-buddy-agent-1.8.15.jar, /u/q8liang/Benchmarks/maven-maven-3.8.1/maven-core/mvn_dependencies/cdi-api-1.0.jar, /u/q8liang/Benchmarks/maven-maven-3.8.1/maven-core/mvn_dependencies/checker-compat-qual-2.0.0.jar, /u/q8liang/Benchmarks/maven-maven-3.8.1/maven-core/mvn_dependencies/commons-io-2.5.jar, /u/q8liang/Benchmarks/maven-maven-3.8.1/maven-core/mvn_dependencies/commons-jxpath-1.3.jar, /u/q8liang/Benchmarks/maven-maven-3.8.1/maven-core/mvn_dependencies/commons-lang3-3.8.1.jar, /u/q8liang/Benchmarks/maven-maven-3.8.1/maven-core/mvn_dependencies/error_prone_annotations-2.1.3.jar, /u/q8liang/Benchmarks/maven-maven-3.8.1/maven-core/mvn_dependencies/guava-25.1-android.jar, /u/q8liang/Benchmarks/maven-maven-3.8.1/maven-core/mvn_dependencies/guice-4.2.1-no_aop.jar, /u/q8liang/Benchmarks/maven-maven-3.8.1/maven-core/mvn_dependencies/hamcrest-core-1.3.jar, /u/q8liang/Benchmarks/maven-maven-3.8.1/maven-core/mvn_dependencies/hamcrest-library-1.3.jar, /u/q8liang/Benchmarks/maven-maven-3.8.1/maven-core/mvn_dependencies/j2objc-annotations-1.1.jar, /u/q8liang/Benchmarks/maven-maven-3.8.1/maven-core/mvn_dependencies/javax.inject-1.jar, /u/q8liang/Benchmarks/maven-maven-3.8.1/maven-core/mvn_dependencies/jsr250-api-1.0.jar, /u/q8liang/Benchmarks/maven-maven-3.8.1/maven-core/mvn_dependencies/jsr305-3.0.2.jar, /u/q8liang/Benchmarks/maven-maven-3.8.1/maven-core/mvn_dependencies/junit-4.12.jar, /u/q8liang/Benchmarks/maven-maven-3.8.1/maven-core/mvn_dependencies/maven-artifact-3.8.1.jar, /u/q8liang/Benchmarks/maven-maven-3.8.1/maven-core/mvn_dependencies/maven-builder-support-3.8.1.jar, /u/q8liang/Benchmarks/maven-maven-3.8.1/maven-core/mvn_dependencies/maven-model-3.8.1.jar, /u/q8liang/Benchmarks/maven-maven-3.8.1/maven-core/mvn_dependencies/maven-model-builder-3.8.1.jar, /u/q8liang/Benchmarks/maven-maven-3.8.1/maven-core/mvn_dependencies/maven-plugin-api-3.8.1.jar, /u/q8liang/Benchmarks/maven-maven-3.8.1/maven-core/mvn_dependencies/maven-repository-metadata-3.8.1.jar, /u/q8liang/Benchmarks/maven-maven-3.8.1/maven-core/mvn_dependencies/maven-resolver-api-1.6.2.jar, /u/q8liang/Benchmarks/maven-maven-3.8.1/maven-core/mvn_dependencies/maven-resolver-impl-1.6.2.jar, /u/q8liang/Benchmarks/maven-maven-3.8.1/maven-core/mvn_dependencies/maven-resolver-provider-3.8.1.jar, /u/q8liang/Benchmarks/maven-maven-3.8.1/maven-core/mvn_dependencies/maven-resolver-spi-1.6.2.jar, /u/q8liang/Benchmarks/maven-maven-3.8.1/maven-core/mvn_dependencies/maven-resolver-util-1.6.2.jar, /u/q8liang/Benchmarks/maven-maven-3.8.1/maven-core/mvn_dependencies/maven-settings-3.8.1.jar, /u/q8liang/Benchmarks/maven-maven-3.8.1/maven-core/mvn_dependencies/maven-settings-builder-3.8.1.jar, /u/q8liang/Benchmarks/maven-maven-3.8.1/maven-core/mvn_dependencies/maven-shared-utils-3.2.1.jar, /u/q8liang/Benchmarks/maven-maven-3.8.1/maven-core/mvn_dependencies/mockito-core-2.21.0.jar, /u/q8liang/Benchmarks/maven-maven-3.8.1/maven-core/mvn_dependencies/objenesis-2.6.jar, /u/q8liang/Benchmarks/maven-maven-3.8.1/maven-core/mvn_dependencies/org.eclipse.sisu.inject-0.3.4.jar, /u/q8liang/Benchmarks/maven-maven-3.8.1/maven-core/mvn_dependencies/org.eclipse.sisu.plexus-0.3.4.jar, /u/q8liang/Benchmarks/maven-maven-3.8.1/maven-core/mvn_dependencies/plexus-cipher-1.7.jar, /u/q8liang/Benchmarks/maven-maven-3.8.1/maven-core/mvn_dependencies/plexus-classworlds-2.6.0.jar, /u/q8liang/Benchmarks/maven-maven-3.8.1/maven-core/mvn_dependencies/plexus-component-annotations-2.1.0.jar, /u/q8liang/Benchmarks/maven-maven-3.8.1/maven-core/mvn_dependencies/plexus-interpolation-1.25.jar, /u/q8liang/Benchmarks/maven-maven-3.8.1/maven-core/mvn_dependencies/plexus-sec-dispatcher-1.4.jar, /u/q8liang/Benchmarks/maven-maven-3.8.1/maven-core/mvn_dependencies/plexus-utils-3.2.1.jar, /u/q8liang/Benchmarks/maven-maven-3.8.1/maven-core/mvn_dependencies/slf4j-api-1.7.29.jar
Libraries: 
Using a timeout of 90 min.
Adding extra logic file /u/q8liang/doop_new/souffle-logic/analyses/mocks/mocks.dl
[Task FACTS...]
[Task COMPILE...]
-- Fact Generation --
Using cached analysis executable /u/q8liang/doop_new/cache/souffle-analyses/context-insensitive/e96e7ef63f24e38e0d6595884c20c294a37ff0e1074b2524db8d3e2d2898ef78
[Task COMPILE Done]
SOOT_FACT_GEN: Logging initialized, using directory: /u/q8liang/doop_new/build/logs
SOOT_FACT_GEN: SLF4J: Failed to load class "org.slf4j.impl.StaticLoggerBinder".
SOOT_FACT_GEN: SLF4J: Defaulting to no-operation (NOP) logger implementation
SOOT_FACT_GEN: SLF4J: See http://www.slf4j.org/codes.html#StaticLoggerBinder for further details.
SOOT_FACT_GEN: Preprocessing application: /u/q8liang/Benchmarks/maven-maven-3.8.1/maven-core/target/maven-core-3.8.1.jar
SOOT_FACT_GEN: Preprocessing application: /u/q8liang/Benchmarks/maven-maven-3.8.1/maven-core/target/maven-core-3.8.1-tests.jar
SOOT_FACT_GEN: Preprocessing application: /u/q8liang/Benchmarks/maven-maven-3.8.1/maven-core/mvn_dependencies/animal-sniffer-annotations-1.14.jar
SOOT_FACT_GEN: Preprocessing application: /u/q8liang/Benchmarks/maven-maven-3.8.1/maven-core/mvn_dependencies/aopalliance-1.0.jar
SOOT_FACT_GEN: Preprocessing application: /u/q8liang/Benchmarks/maven-maven-3.8.1/maven-core/mvn_dependencies/byte-buddy-1.8.15.jar
SOOT_FACT_GEN: Preprocessing application: /u/q8liang/Benchmarks/maven-maven-3.8.1/maven-core/mvn_dependencies/byte-buddy-agent-1.8.15.jar
SOOT_FACT_GEN: Preprocessing application: /u/q8liang/Benchmarks/maven-maven-3.8.1/maven-core/mvn_dependencies/cdi-api-1.0.jar
SOOT_FACT_GEN: Preprocessing application: /u/q8liang/Benchmarks/maven-maven-3.8.1/maven-core/mvn_dependencies/checker-compat-qual-2.0.0.jar
SOOT_FACT_GEN: Preprocessing application: /u/q8liang/Benchmarks/maven-maven-3.8.1/maven-core/mvn_dependencies/commons-io-2.5.jar
SOOT_FACT_GEN: Preprocessing application: /u/q8liang/Benchmarks/maven-maven-3.8.1/maven-core/mvn_dependencies/commons-jxpath-1.3.jar
SOOT_FACT_GEN: Preprocessing application: /u/q8liang/Benchmarks/maven-maven-3.8.1/maven-core/mvn_dependencies/commons-lang3-3.8.1.jar
SOOT_FACT_GEN: Preprocessing application: /u/q8liang/Benchmarks/maven-maven-3.8.1/maven-core/mvn_dependencies/error_prone_annotations-2.1.3.jar
SOOT_FACT_GEN: Preprocessing application: /u/q8liang/Benchmarks/maven-maven-3.8.1/maven-core/mvn_dependencies/guava-25.1-android.jar
SOOT_FACT_GEN: Preprocessing application: /u/q8liang/Benchmarks/maven-maven-3.8.1/maven-core/mvn_dependencies/guice-4.2.1-no_aop.jar
SOOT_FACT_GEN: Preprocessing application: /u/q8liang/Benchmarks/maven-maven-3.8.1/maven-core/mvn_dependencies/hamcrest-core-1.3.jar
SOOT_FACT_GEN: Preprocessing application: /u/q8liang/Benchmarks/maven-maven-3.8.1/maven-core/mvn_dependencies/hamcrest-library-1.3.jar
SOOT_FACT_GEN: Preprocessing application: /u/q8liang/Benchmarks/maven-maven-3.8.1/maven-core/mvn_dependencies/j2objc-annotations-1.1.jar
SOOT_FACT_GEN: Preprocessing application: /u/q8liang/Benchmarks/maven-maven-3.8.1/maven-core/mvn_dependencies/javax.inject-1.jar
SOOT_FACT_GEN: Preprocessing application: /u/q8liang/Benchmarks/maven-maven-3.8.1/maven-core/mvn_dependencies/jsr250-api-1.0.jar
SOOT_FACT_GEN: Preprocessing application: /u/q8liang/Benchmarks/maven-maven-3.8.1/maven-core/mvn_dependencies/jsr305-3.0.2.jar
SOOT_FACT_GEN: Preprocessing application: /u/q8liang/Benchmarks/maven-maven-3.8.1/maven-core/mvn_dependencies/junit-4.12.jar
SOOT_FACT_GEN: Preprocessing application: /u/q8liang/Benchmarks/maven-maven-3.8.1/maven-core/mvn_dependencies/maven-artifact-3.8.1.jar
SOOT_FACT_GEN: Preprocessing application: /u/q8liang/Benchmarks/maven-maven-3.8.1/maven-core/mvn_dependencies/maven-builder-support-3.8.1.jar
SOOT_FACT_GEN: Preprocessing application: /u/q8liang/Benchmarks/maven-maven-3.8.1/maven-core/mvn_dependencies/maven-model-3.8.1.jar
SOOT_FACT_GEN: Preprocessing application: /u/q8liang/Benchmarks/maven-maven-3.8.1/maven-core/mvn_dependencies/maven-model-builder-3.8.1.jar
SOOT_FACT_GEN: Preprocessing application: /u/q8liang/Benchmarks/maven-maven-3.8.1/maven-core/mvn_dependencies/maven-plugin-api-3.8.1.jar
SOOT_FACT_GEN: Preprocessing application: /u/q8liang/Benchmarks/maven-maven-3.8.1/maven-core/mvn_dependencies/maven-repository-metadata-3.8.1.jar
SOOT_FACT_GEN: Preprocessing application: /u/q8liang/Benchmarks/maven-maven-3.8.1/maven-core/mvn_dependencies/maven-resolver-api-1.6.2.jar
SOOT_FACT_GEN: Preprocessing application: /u/q8liang/Benchmarks/maven-maven-3.8.1/maven-core/mvn_dependencies/maven-resolver-impl-1.6.2.jar
SOOT_FACT_GEN: Preprocessing application: /u/q8liang/Benchmarks/maven-maven-3.8.1/maven-core/mvn_dependencies/maven-resolver-provider-3.8.1.jar
SOOT_FACT_GEN: Preprocessing application: /u/q8liang/Benchmarks/maven-maven-3.8.1/maven-core/mvn_dependencies/maven-resolver-spi-1.6.2.jar
SOOT_FACT_GEN: Preprocessing application: /u/q8liang/Benchmarks/maven-maven-3.8.1/maven-core/mvn_dependencies/maven-resolver-util-1.6.2.jar
SOOT_FACT_GEN: Preprocessing application: /u/q8liang/Benchmarks/maven-maven-3.8.1/maven-core/mvn_dependencies/maven-settings-3.8.1.jar
SOOT_FACT_GEN: Preprocessing application: /u/q8liang/Benchmarks/maven-maven-3.8.1/maven-core/mvn_dependencies/maven-settings-builder-3.8.1.jar
SOOT_FACT_GEN: Preprocessing application: /u/q8liang/Benchmarks/maven-maven-3.8.1/maven-core/mvn_dependencies/maven-shared-utils-3.2.1.jar
SOOT_FACT_GEN: Preprocessing application: /u/q8liang/Benchmarks/maven-maven-3.8.1/maven-core/mvn_dependencies/mockito-core-2.21.0.jar
SOOT_FACT_GEN: Preprocessing application: /u/q8liang/Benchmarks/maven-maven-3.8.1/maven-core/mvn_dependencies/objenesis-2.6.jar
SOOT_FACT_GEN: Preprocessing application: /u/q8liang/Benchmarks/maven-maven-3.8.1/maven-core/mvn_dependencies/org.eclipse.sisu.inject-0.3.4.jar
SOOT_FACT_GEN: Preprocessing application: /u/q8liang/Benchmarks/maven-maven-3.8.1/maven-core/mvn_dependencies/org.eclipse.sisu.plexus-0.3.4.jar
SOOT_FACT_GEN: Preprocessing application: /u/q8liang/Benchmarks/maven-maven-3.8.1/maven-core/mvn_dependencies/plexus-cipher-1.7.jar
SOOT_FACT_GEN: Preprocessing application: /u/q8liang/Benchmarks/maven-maven-3.8.1/maven-core/mvn_dependencies/plexus-classworlds-2.6.0.jar
SOOT_FACT_GEN: Preprocessing application: /u/q8liang/Benchmarks/maven-maven-3.8.1/maven-core/mvn_dependencies/plexus-component-annotations-2.1.0.jar
SOOT_FACT_GEN: Preprocessing application: /u/q8liang/Benchmarks/maven-maven-3.8.1/maven-core/mvn_dependencies/plexus-interpolation-1.25.jar
SOOT_FACT_GEN: Preprocessing application: /u/q8liang/Benchmarks/maven-maven-3.8.1/maven-core/mvn_dependencies/plexus-sec-dispatcher-1.4.jar
SOOT_FACT_GEN: Preprocessing application: /u/q8liang/Benchmarks/maven-maven-3.8.1/maven-core/mvn_dependencies/plexus-utils-3.2.1.jar
SOOT_FACT_GEN: Preprocessing application: /u/q8liang/Benchmarks/maven-maven-3.8.1/maven-core/mvn_dependencies/slf4j-api-1.7.29.jar
SOOT_FACT_GEN: Preprocessing platform library: /u/q8liang/doop_new/build/tmp/rt_7564200556247744747.jar
SOOT_FACT_GEN: Preprocessing platform library: /u/q8liang/doop_new/build/tmp/jce_3686212095217551044.jar
SOOT_FACT_GEN: Preprocessing platform library: /u/q8liang/doop_new/build/tmp/jsse_3046567079679371003.jar
SOOT_FACT_GEN: Adding archive: /u/q8liang/Benchmarks/maven-maven-3.8.1/maven-core/target/maven-core-3.8.1.jar
SOOT_FACT_GEN: Adding archive: /u/q8liang/Benchmarks/maven-maven-3.8.1/maven-core/target/maven-core-3.8.1-tests.jar
SOOT_FACT_GEN: Adding archive: /u/q8liang/Benchmarks/maven-maven-3.8.1/maven-core/mvn_dependencies/animal-sniffer-annotations-1.14.jar
SOOT_FACT_GEN: Adding archive: /u/q8liang/Benchmarks/maven-maven-3.8.1/maven-core/mvn_dependencies/aopalliance-1.0.jar
SOOT_FACT_GEN: Adding archive: /u/q8liang/Benchmarks/maven-maven-3.8.1/maven-core/mvn_dependencies/byte-buddy-1.8.15.jar
SOOT_FACT_GEN: Adding archive: /u/q8liang/Benchmarks/maven-maven-3.8.1/maven-core/mvn_dependencies/byte-buddy-agent-1.8.15.jar
SOOT_FACT_GEN: Adding archive: /u/q8liang/Benchmarks/maven-maven-3.8.1/maven-core/mvn_dependencies/cdi-api-1.0.jar
SOOT_FACT_GEN: Adding archive: /u/q8liang/Benchmarks/maven-maven-3.8.1/maven-core/mvn_dependencies/checker-compat-qual-2.0.0.jar
SOOT_FACT_GEN: Adding archive: /u/q8liang/Benchmarks/maven-maven-3.8.1/maven-core/mvn_dependencies/commons-io-2.5.jar
SOOT_FACT_GEN: Adding archive: /u/q8liang/Benchmarks/maven-maven-3.8.1/maven-core/mvn_dependencies/commons-jxpath-1.3.jar
SOOT_FACT_GEN: Adding archive: /u/q8liang/Benchmarks/maven-maven-3.8.1/maven-core/mvn_dependencies/commons-lang3-3.8.1.jar
SOOT_FACT_GEN: Adding archive: /u/q8liang/Benchmarks/maven-maven-3.8.1/maven-core/mvn_dependencies/error_prone_annotations-2.1.3.jar
SOOT_FACT_GEN: Adding archive: /u/q8liang/Benchmarks/maven-maven-3.8.1/maven-core/mvn_dependencies/guava-25.1-android.jar
SOOT_FACT_GEN: Adding archive: /u/q8liang/Benchmarks/maven-maven-3.8.1/maven-core/mvn_dependencies/guice-4.2.1-no_aop.jar
SOOT_FACT_GEN: Adding archive: /u/q8liang/Benchmarks/maven-maven-3.8.1/maven-core/mvn_dependencies/hamcrest-core-1.3.jar
SOOT_FACT_GEN: Adding archive: /u/q8liang/Benchmarks/maven-maven-3.8.1/maven-core/mvn_dependencies/hamcrest-library-1.3.jar
SOOT_FACT_GEN: Adding archive: /u/q8liang/Benchmarks/maven-maven-3.8.1/maven-core/mvn_dependencies/j2objc-annotations-1.1.jar
SOOT_FACT_GEN: Adding archive: /u/q8liang/Benchmarks/maven-maven-3.8.1/maven-core/mvn_dependencies/javax.inject-1.jar
SOOT_FACT_GEN: Adding archive: /u/q8liang/Benchmarks/maven-maven-3.8.1/maven-core/mvn_dependencies/jsr250-api-1.0.jar
SOOT_FACT_GEN: Adding archive: /u/q8liang/Benchmarks/maven-maven-3.8.1/maven-core/mvn_dependencies/jsr305-3.0.2.jar
SOOT_FACT_GEN: Adding archive: /u/q8liang/Benchmarks/maven-maven-3.8.1/maven-core/mvn_dependencies/junit-4.12.jar
SOOT_FACT_GEN: Adding archive: /u/q8liang/Benchmarks/maven-maven-3.8.1/maven-core/mvn_dependencies/maven-artifact-3.8.1.jar
SOOT_FACT_GEN: Adding archive: /u/q8liang/Benchmarks/maven-maven-3.8.1/maven-core/mvn_dependencies/maven-builder-support-3.8.1.jar
SOOT_FACT_GEN: Adding archive: /u/q8liang/Benchmarks/maven-maven-3.8.1/maven-core/mvn_dependencies/maven-model-3.8.1.jar
SOOT_FACT_GEN: Adding archive: /u/q8liang/Benchmarks/maven-maven-3.8.1/maven-core/mvn_dependencies/maven-model-builder-3.8.1.jar
SOOT_FACT_GEN: Adding archive: /u/q8liang/Benchmarks/maven-maven-3.8.1/maven-core/mvn_dependencies/maven-plugin-api-3.8.1.jar
SOOT_FACT_GEN: Adding archive: /u/q8liang/Benchmarks/maven-maven-3.8.1/maven-core/mvn_dependencies/maven-repository-metadata-3.8.1.jar
SOOT_FACT_GEN: Adding archive: /u/q8liang/Benchmarks/maven-maven-3.8.1/maven-core/mvn_dependencies/maven-resolver-api-1.6.2.jar
SOOT_FACT_GEN: Adding archive: /u/q8liang/Benchmarks/maven-maven-3.8.1/maven-core/mvn_dependencies/maven-resolver-impl-1.6.2.jar
SOOT_FACT_GEN: Adding archive: /u/q8liang/Benchmarks/maven-maven-3.8.1/maven-core/mvn_dependencies/maven-resolver-provider-3.8.1.jar
SOOT_FACT_GEN: Adding archive: /u/q8liang/Benchmarks/maven-maven-3.8.1/maven-core/mvn_dependencies/maven-resolver-spi-1.6.2.jar
SOOT_FACT_GEN: Adding archive: /u/q8liang/Benchmarks/maven-maven-3.8.1/maven-core/mvn_dependencies/maven-resolver-util-1.6.2.jar
SOOT_FACT_GEN: Adding archive: /u/q8liang/Benchmarks/maven-maven-3.8.1/maven-core/mvn_dependencies/maven-settings-3.8.1.jar
SOOT_FACT_GEN: Adding archive: /u/q8liang/Benchmarks/maven-maven-3.8.1/maven-core/mvn_dependencies/maven-settings-builder-3.8.1.jar
SOOT_FACT_GEN: Adding archive: /u/q8liang/Benchmarks/maven-maven-3.8.1/maven-core/mvn_dependencies/maven-shared-utils-3.2.1.jar
SOOT_FACT_GEN: Adding archive: /u/q8liang/Benchmarks/maven-maven-3.8.1/maven-core/mvn_dependencies/mockito-core-2.21.0.jar
SOOT_FACT_GEN: Adding archive: /u/q8liang/Benchmarks/maven-maven-3.8.1/maven-core/mvn_dependencies/objenesis-2.6.jar
SOOT_FACT_GEN: Adding archive: /u/q8liang/Benchmarks/maven-maven-3.8.1/maven-core/mvn_dependencies/org.eclipse.sisu.inject-0.3.4.jar
SOOT_FACT_GEN: Adding archive: /u/q8liang/Benchmarks/maven-maven-3.8.1/maven-core/mvn_dependencies/org.eclipse.sisu.plexus-0.3.4.jar
SOOT_FACT_GEN: Adding archive: /u/q8liang/Benchmarks/maven-maven-3.8.1/maven-core/mvn_dependencies/plexus-cipher-1.7.jar
SOOT_FACT_GEN: Adding archive: /u/q8liang/Benchmarks/maven-maven-3.8.1/maven-core/mvn_dependencies/plexus-classworlds-2.6.0.jar
SOOT_FACT_GEN: Adding archive: /u/q8liang/Benchmarks/maven-maven-3.8.1/maven-core/mvn_dependencies/plexus-component-annotations-2.1.0.jar
SOOT_FACT_GEN: Adding archive: /u/q8liang/Benchmarks/maven-maven-3.8.1/maven-core/mvn_dependencies/plexus-interpolation-1.25.jar
SOOT_FACT_GEN: Adding archive: /u/q8liang/Benchmarks/maven-maven-3.8.1/maven-core/mvn_dependencies/plexus-sec-dispatcher-1.4.jar
SOOT_FACT_GEN: Adding archive: /u/q8liang/Benchmarks/maven-maven-3.8.1/maven-core/mvn_dependencies/plexus-utils-3.2.1.jar
SOOT_FACT_GEN: Adding archive: /u/q8liang/Benchmarks/maven-maven-3.8.1/maven-core/mvn_dependencies/slf4j-api-1.7.29.jar
SOOT_FACT_GEN: Adding archive for resolving: /u/q8liang/doop_new/build/tmp/rt_7564200556247744747.jar
SOOT_FACT_GEN: Adding archive for resolving: /u/q8liang/doop_new/build/tmp/jce_3686212095217551044.jar
SOOT_FACT_GEN: Adding archive for resolving: /u/q8liang/doop_new/build/tmp/jsse_3046567079679371003.jar
SOOT_FACT_GEN: Classes in input (application) jar(s): 8140
SOOT_FACT_GEN: Total classes in Scene: 15629
SOOT_FACT_GEN: Retrieved all bodies (time: 62)
SOOT_FACT_GEN: Fact generation cores: 32
SOOT_FACT_GEN: WARNING: some classes were not resolved, consider using thorough fact generation or adding them manually via --also-resolve: [java.beans.Customizer, javax.sound.sampled.Port, java.awt.dnd.MouseDragGestureRecognizer, com.sun.beans.editors.BooleanEditor, com.sun.management.GarbageCollectorMXBean, com.sun.beans.editors.LongEditor, com.sun.beans.editors.ShortEditor, sun.util.locale.provider.HostLocaleProviderAdapterImpl, com.sun.beans.editors.DoubleEditor, com.sun.beans.editors.ByteEditor, com.sun.beans.editors.FloatEditor, com.sun.beans.editors.IntegerEditor]
SOOT_FACT_GEN: Found 569 phantom references. Rerun with '--report-phantoms' for more details.
SOOT_FACT_GEN: Methods without active bodies encountered (and reset): 0
Soot fact generation time: 113
Caching facts in /u/q8liang/doop_new/cache/d810ed2979e11dbbba5f66e06eecc5a6728a6ef2529840d74345a6b9207aacf0
Copying /u/q8liang/doop_new/out/maven-core-context-insensitive-NORMAL/database to /u/q8liang/doop_new/cache/d810ed2979e11dbbba5f66e06eecc5a6728a6ef2529840d74345a6b9207aacf0...
----
[Task FACTS Done]
Using /usr/bin/time to gather performance statistics...
Running analysis
Runtime info monitored in /u/q8liang/doop_new/out/maven-core-context-insensitive-NORMAL/monitoring.txt (& /u/q8liang/doop_new/out/maven-core-context-insensitive-NORMAL/monitoring.latest.txt)
378.67user 44.97system 7:20.40elapsed 96%CPU (0avgtext+0avgdata 4314332maxresident)k
136inputs+47933008outputs (1major+9449978minor)pagefaults 0swaps
Analysis execution time (sec): 440
-- Runtime metrics --
analysis compilation time (sec)                                                  0
analysis execution time (sec)                                                    440
disk footprint (KB)                                                              24,817,504
fact generation time (sec)                                                       113
-- Statistics --
var points-to (INS)                                                              11,865,969
var points-to (SENS)                                                             11,865,969
reachable variables (INS)                                                        156,074
reachable variables (SENS)                                                       156,074
reachable methods (INS)                                                          17,999
reachable methods (SENS)                                                         17,999
total methods                                                                    128,567
virtual call sites (statically)                                                  250,286
reachable virtual call sites                                                     42,836
polymorphic virtual call sites                                                   3,068
null virtual call sites                                                          9,686
empty virtual call sites                                                         2,027
app virtual call sites (statically)                                              111,411
app reachable virtual call sites                                                 18,357
app polymorphic virtual call sites                                               1,323
app null virtual call sites                                                      3,562
app empty reachable virtual call sites                                           1,266
array index points-to (INS)                                                      340,819
array index points-to (SENS)                                                     340,819
casts (statically)                                                               34,826
reachable casts                                                                  3,084
reachable casts that may fail                                                    2,471
app casts (statically)                                                           13,478
app reachable casts                                                              1,304
app reachable casts that may fail                                                1,034
app reachable methods                                                            7,231
app concrete methods                                                             52,948
instance field points-to (INS)                                                   824,310
instance field points-to (SENS)                                                  824,310
static field points-to (INS)                                                     4,662
static field points-to (SENS)                                                    4,662
app var points-to (INS)                                                          5,674,460
app var points-to (SENS)                                                         5,674,460
java.util var points-to (INS)                                                    3,296,831
java.util var points-to (SENS)                                                   3,296,831
app array index points-to (INS)                                                  273,583
app array index points-to (SENS)                                                 273,583
mock objects                                                                     0
mock objects for receivers                                                       0
mock objects for arg                                                             0
forced-reachable formals that could not be mocked                                0
app instance field points-to (INS)                                               393,513
app instance field points-to (SENS)                                              393,513
call graph edges (INS)                                                           117,264
call graph edges (SENS)                                                          117,264
non-reachable app concrete methods                                               45,725
Making database available at /u/q8liang/doop_new/results/maven-core-3.8.1/context-insensitive/java_8/maven-core-context-insensitive-NORMAL
Making database available at /u/q8liang/doop_new/last-analysis

Deprecated Gradle features were used in this build, making it incompatible with Gradle 7.0.
Use '--warning-mode all' to show the individual deprecation warnings.
See https://docs.gradle.org/6.7/userguide/command_line_interface.html#sec:command_line_warnings

BUILD SUCCESSFUL in 9m 38s
21 actionable tasks: 2 executed, 19 up-to-date
./doop -a context-insensitive -i /u/q8liang/Benchmarks/maven-maven-3.8.1/maven-core/target/maven-core-3.8.1.jar -i /u/q8liang/Benchmarks/maven-maven-3.8.1/maven-core/target/maven-core-3.8.1-tests.jar -i /u/q8liang/Benchmarks/maven-maven-3.8.1/maven-core/mvn_dependencies --id maven-core-context-insensitive-NORMAL --souffle-jobs 32 --main org.apache.maven.RootDriver --define-cpp-macro USE_BASIC --extra-logic souffle-logic/analyses/mocks/mocks.dl
> Task :generators:code-processor:generateGrammarSource UP-TO-DATE
> Task :generators:code-processor:compileJava UP-TO-DATE
> Task :generators:code-processor:compileGroovy UP-TO-DATE
> Task :generators:code-processor:processResources NO-SOURCE
> Task :generators:code-processor:classes UP-TO-DATE
> Task :generators:code-processor:jar UP-TO-DATE
> Task :generators:fact-generator-common:compileJava UP-TO-DATE
> Task :generators:fact-generator-common:processResources NO-SOURCE
> Task :generators:fact-generator-common:classes UP-TO-DATE
> Task :generators:fact-generator-common:shadowJar UP-TO-DATE
> Task :compileJava UP-TO-DATE
> Task :compileGroovy UP-TO-DATE
> Task :resolveApktool
> Task :generators:dex-fact-generator:compileJava UP-TO-DATE
> Task :generators:dex-fact-generator:processResources NO-SOURCE
> Task :generators:dex-fact-generator:classes UP-TO-DATE
> Task :generators:dex-fact-generator:fatJar UP-TO-DATE
> Task :generators:dex-fact-generator:installJar UP-TO-DATE
> Task :generators:soot-fact-generator:compileJava UP-TO-DATE
> Task :generators:soot-fact-generator:compileGroovy NO-SOURCE
> Task :generators:soot-fact-generator:processResources NO-SOURCE
> Task :generators:soot-fact-generator:classes UP-TO-DATE
> Task :generators:soot-fact-generator:fatJar UP-TO-DATE
> Task :generators:soot-fact-generator:installJar UP-TO-DATE
> Task :generators:wala-fact-generator:compileJava UP-TO-DATE
> Task :generators:wala-fact-generator:processResources UP-TO-DATE
> Task :generators:wala-fact-generator:classes UP-TO-DATE
> Task :generators:wala-fact-generator:fatJar UP-TO-DATE
> Task :generators:wala-fact-generator:installJar UP-TO-DATE
> Task :resourceInstaller
> Task :processResources UP-TO-DATE
> Task :classes UP-TO-DATE
> Task :writeGitCommitHash UP-TO-DATE

> Task :run
Main class(es) expanded with [org.apache.maven.RootDriver]
WARNING: Handling of Java reflection is disabled!
New context-insensitive analysis
Id       : maven-core-context-insensitive-NORMAL
Inputs   : /u/q8liang/Benchmarks/maven-maven-3.8.1/maven-core/target/maven-core-3.8.1.jar, /u/q8liang/Benchmarks/maven-maven-3.8.1/maven-core/target/maven-core-3.8.1-tests.jar, /u/q8liang/Benchmarks/maven-maven-3.8.1/maven-core/mvn_dependencies/animal-sniffer-annotations-1.14.jar, /u/q8liang/Benchmarks/maven-maven-3.8.1/maven-core/mvn_dependencies/aopalliance-1.0.jar, /u/q8liang/Benchmarks/maven-maven-3.8.1/maven-core/mvn_dependencies/byte-buddy-1.8.15.jar, /u/q8liang/Benchmarks/maven-maven-3.8.1/maven-core/mvn_dependencies/byte-buddy-agent-1.8.15.jar, /u/q8liang/Benchmarks/maven-maven-3.8.1/maven-core/mvn_dependencies/cdi-api-1.0.jar, /u/q8liang/Benchmarks/maven-maven-3.8.1/maven-core/mvn_dependencies/checker-compat-qual-2.0.0.jar, /u/q8liang/Benchmarks/maven-maven-3.8.1/maven-core/mvn_dependencies/commons-io-2.5.jar, /u/q8liang/Benchmarks/maven-maven-3.8.1/maven-core/mvn_dependencies/commons-jxpath-1.3.jar, /u/q8liang/Benchmarks/maven-maven-3.8.1/maven-core/mvn_dependencies/commons-lang3-3.8.1.jar, /u/q8liang/Benchmarks/maven-maven-3.8.1/maven-core/mvn_dependencies/error_prone_annotations-2.1.3.jar, /u/q8liang/Benchmarks/maven-maven-3.8.1/maven-core/mvn_dependencies/guava-25.1-android.jar, /u/q8liang/Benchmarks/maven-maven-3.8.1/maven-core/mvn_dependencies/guice-4.2.1-no_aop.jar, /u/q8liang/Benchmarks/maven-maven-3.8.1/maven-core/mvn_dependencies/hamcrest-core-1.3.jar, /u/q8liang/Benchmarks/maven-maven-3.8.1/maven-core/mvn_dependencies/hamcrest-library-1.3.jar, /u/q8liang/Benchmarks/maven-maven-3.8.1/maven-core/mvn_dependencies/j2objc-annotations-1.1.jar, /u/q8liang/Benchmarks/maven-maven-3.8.1/maven-core/mvn_dependencies/javax.inject-1.jar, /u/q8liang/Benchmarks/maven-maven-3.8.1/maven-core/mvn_dependencies/jsr250-api-1.0.jar, /u/q8liang/Benchmarks/maven-maven-3.8.1/maven-core/mvn_dependencies/jsr305-3.0.2.jar, /u/q8liang/Benchmarks/maven-maven-3.8.1/maven-core/mvn_dependencies/junit-4.12.jar, /u/q8liang/Benchmarks/maven-maven-3.8.1/maven-core/mvn_dependencies/maven-artifact-3.8.1.jar, /u/q8liang/Benchmarks/maven-maven-3.8.1/maven-core/mvn_dependencies/maven-builder-support-3.8.1.jar, /u/q8liang/Benchmarks/maven-maven-3.8.1/maven-core/mvn_dependencies/maven-model-3.8.1.jar, /u/q8liang/Benchmarks/maven-maven-3.8.1/maven-core/mvn_dependencies/maven-model-builder-3.8.1.jar, /u/q8liang/Benchmarks/maven-maven-3.8.1/maven-core/mvn_dependencies/maven-plugin-api-3.8.1.jar, /u/q8liang/Benchmarks/maven-maven-3.8.1/maven-core/mvn_dependencies/maven-repository-metadata-3.8.1.jar, /u/q8liang/Benchmarks/maven-maven-3.8.1/maven-core/mvn_dependencies/maven-resolver-api-1.6.2.jar, /u/q8liang/Benchmarks/maven-maven-3.8.1/maven-core/mvn_dependencies/maven-resolver-impl-1.6.2.jar, /u/q8liang/Benchmarks/maven-maven-3.8.1/maven-core/mvn_dependencies/maven-resolver-provider-3.8.1.jar, /u/q8liang/Benchmarks/maven-maven-3.8.1/maven-core/mvn_dependencies/maven-resolver-spi-1.6.2.jar, /u/q8liang/Benchmarks/maven-maven-3.8.1/maven-core/mvn_dependencies/maven-resolver-util-1.6.2.jar, /u/q8liang/Benchmarks/maven-maven-3.8.1/maven-core/mvn_dependencies/maven-settings-3.8.1.jar, /u/q8liang/Benchmarks/maven-maven-3.8.1/maven-core/mvn_dependencies/maven-settings-builder-3.8.1.jar, /u/q8liang/Benchmarks/maven-maven-3.8.1/maven-core/mvn_dependencies/maven-shared-utils-3.2.1.jar, /u/q8liang/Benchmarks/maven-maven-3.8.1/maven-core/mvn_dependencies/mockito-core-2.21.0.jar, /u/q8liang/Benchmarks/maven-maven-3.8.1/maven-core/mvn_dependencies/objenesis-2.6.jar, /u/q8liang/Benchmarks/maven-maven-3.8.1/maven-core/mvn_dependencies/org.eclipse.sisu.inject-0.3.4.jar, /u/q8liang/Benchmarks/maven-maven-3.8.1/maven-core/mvn_dependencies/org.eclipse.sisu.plexus-0.3.4.jar, /u/q8liang/Benchmarks/maven-maven-3.8.1/maven-core/mvn_dependencies/plexus-cipher-1.7.jar, /u/q8liang/Benchmarks/maven-maven-3.8.1/maven-core/mvn_dependencies/plexus-classworlds-2.6.0.jar, /u/q8liang/Benchmarks/maven-maven-3.8.1/maven-core/mvn_dependencies/plexus-component-annotations-2.1.0.jar, /u/q8liang/Benchmarks/maven-maven-3.8.1/maven-core/mvn_dependencies/plexus-interpolation-1.25.jar, /u/q8liang/Benchmarks/maven-maven-3.8.1/maven-core/mvn_dependencies/plexus-sec-dispatcher-1.4.jar, /u/q8liang/Benchmarks/maven-maven-3.8.1/maven-core/mvn_dependencies/plexus-utils-3.2.1.jar, /u/q8liang/Benchmarks/maven-maven-3.8.1/maven-core/mvn_dependencies/slf4j-api-1.7.29.jar
Libraries: 
Using a timeout of 90 min.
Adding extra logic file /u/q8liang/doop_new/souffle-logic/analyses/mocks/mocks.dl
[Task FACTS...]
[Task COMPILE...]
-- Fact Generation --
Using cached analysis executable /u/q8liang/doop_new/cache/souffle-analyses/context-insensitive/e223138b0ef423f6f8fff1da4f70d1ae064d6fe1d9ba9fd7f445de8c01952255
[Task COMPILE Done]
SOOT_FACT_GEN: Logging initialized, using directory: /u/q8liang/doop_new/build/logs
SOOT_FACT_GEN: SLF4J: Failed to load class "org.slf4j.impl.StaticLoggerBinder".
SOOT_FACT_GEN: SLF4J: Defaulting to no-operation (NOP) logger implementation
SOOT_FACT_GEN: SLF4J: See http://www.slf4j.org/codes.html#StaticLoggerBinder for further details.
SOOT_FACT_GEN: Preprocessing application: /u/q8liang/Benchmarks/maven-maven-3.8.1/maven-core/target/maven-core-3.8.1.jar
SOOT_FACT_GEN: Preprocessing application: /u/q8liang/Benchmarks/maven-maven-3.8.1/maven-core/target/maven-core-3.8.1-tests.jar
SOOT_FACT_GEN: Preprocessing application: /u/q8liang/Benchmarks/maven-maven-3.8.1/maven-core/mvn_dependencies/animal-sniffer-annotations-1.14.jar
SOOT_FACT_GEN: Preprocessing application: /u/q8liang/Benchmarks/maven-maven-3.8.1/maven-core/mvn_dependencies/aopalliance-1.0.jar
SOOT_FACT_GEN: Preprocessing application: /u/q8liang/Benchmarks/maven-maven-3.8.1/maven-core/mvn_dependencies/byte-buddy-1.8.15.jar
SOOT_FACT_GEN: Preprocessing application: /u/q8liang/Benchmarks/maven-maven-3.8.1/maven-core/mvn_dependencies/byte-buddy-agent-1.8.15.jar
SOOT_FACT_GEN: Preprocessing application: /u/q8liang/Benchmarks/maven-maven-3.8.1/maven-core/mvn_dependencies/cdi-api-1.0.jar
SOOT_FACT_GEN: Preprocessing application: /u/q8liang/Benchmarks/maven-maven-3.8.1/maven-core/mvn_dependencies/checker-compat-qual-2.0.0.jar
SOOT_FACT_GEN: Preprocessing application: /u/q8liang/Benchmarks/maven-maven-3.8.1/maven-core/mvn_dependencies/commons-io-2.5.jar
SOOT_FACT_GEN: Preprocessing application: /u/q8liang/Benchmarks/maven-maven-3.8.1/maven-core/mvn_dependencies/commons-jxpath-1.3.jar
SOOT_FACT_GEN: Preprocessing application: /u/q8liang/Benchmarks/maven-maven-3.8.1/maven-core/mvn_dependencies/commons-lang3-3.8.1.jar
SOOT_FACT_GEN: Preprocessing application: /u/q8liang/Benchmarks/maven-maven-3.8.1/maven-core/mvn_dependencies/error_prone_annotations-2.1.3.jar
SOOT_FACT_GEN: Preprocessing application: /u/q8liang/Benchmarks/maven-maven-3.8.1/maven-core/mvn_dependencies/guava-25.1-android.jar
SOOT_FACT_GEN: Preprocessing application: /u/q8liang/Benchmarks/maven-maven-3.8.1/maven-core/mvn_dependencies/guice-4.2.1-no_aop.jar
SOOT_FACT_GEN: Preprocessing application: /u/q8liang/Benchmarks/maven-maven-3.8.1/maven-core/mvn_dependencies/hamcrest-core-1.3.jar
SOOT_FACT_GEN: Preprocessing application: /u/q8liang/Benchmarks/maven-maven-3.8.1/maven-core/mvn_dependencies/hamcrest-library-1.3.jar
SOOT_FACT_GEN: Preprocessing application: /u/q8liang/Benchmarks/maven-maven-3.8.1/maven-core/mvn_dependencies/j2objc-annotations-1.1.jar
SOOT_FACT_GEN: Preprocessing application: /u/q8liang/Benchmarks/maven-maven-3.8.1/maven-core/mvn_dependencies/javax.inject-1.jar
SOOT_FACT_GEN: Preprocessing application: /u/q8liang/Benchmarks/maven-maven-3.8.1/maven-core/mvn_dependencies/jsr250-api-1.0.jar
SOOT_FACT_GEN: Preprocessing application: /u/q8liang/Benchmarks/maven-maven-3.8.1/maven-core/mvn_dependencies/jsr305-3.0.2.jar
SOOT_FACT_GEN: Preprocessing application: /u/q8liang/Benchmarks/maven-maven-3.8.1/maven-core/mvn_dependencies/junit-4.12.jar
SOOT_FACT_GEN: Preprocessing application: /u/q8liang/Benchmarks/maven-maven-3.8.1/maven-core/mvn_dependencies/maven-artifact-3.8.1.jar
SOOT_FACT_GEN: Preprocessing application: /u/q8liang/Benchmarks/maven-maven-3.8.1/maven-core/mvn_dependencies/maven-builder-support-3.8.1.jar
SOOT_FACT_GEN: Preprocessing application: /u/q8liang/Benchmarks/maven-maven-3.8.1/maven-core/mvn_dependencies/maven-model-3.8.1.jar
SOOT_FACT_GEN: Preprocessing application: /u/q8liang/Benchmarks/maven-maven-3.8.1/maven-core/mvn_dependencies/maven-model-builder-3.8.1.jar
SOOT_FACT_GEN: Preprocessing application: /u/q8liang/Benchmarks/maven-maven-3.8.1/maven-core/mvn_dependencies/maven-plugin-api-3.8.1.jar
SOOT_FACT_GEN: Preprocessing application: /u/q8liang/Benchmarks/maven-maven-3.8.1/maven-core/mvn_dependencies/maven-repository-metadata-3.8.1.jar
SOOT_FACT_GEN: Preprocessing application: /u/q8liang/Benchmarks/maven-maven-3.8.1/maven-core/mvn_dependencies/maven-resolver-api-1.6.2.jar
SOOT_FACT_GEN: Preprocessing application: /u/q8liang/Benchmarks/maven-maven-3.8.1/maven-core/mvn_dependencies/maven-resolver-impl-1.6.2.jar
SOOT_FACT_GEN: Preprocessing application: /u/q8liang/Benchmarks/maven-maven-3.8.1/maven-core/mvn_dependencies/maven-resolver-provider-3.8.1.jar
SOOT_FACT_GEN: Preprocessing application: /u/q8liang/Benchmarks/maven-maven-3.8.1/maven-core/mvn_dependencies/maven-resolver-spi-1.6.2.jar
SOOT_FACT_GEN: Preprocessing application: /u/q8liang/Benchmarks/maven-maven-3.8.1/maven-core/mvn_dependencies/maven-resolver-util-1.6.2.jar
SOOT_FACT_GEN: Preprocessing application: /u/q8liang/Benchmarks/maven-maven-3.8.1/maven-core/mvn_dependencies/maven-settings-3.8.1.jar
SOOT_FACT_GEN: Preprocessing application: /u/q8liang/Benchmarks/maven-maven-3.8.1/maven-core/mvn_dependencies/maven-settings-builder-3.8.1.jar
SOOT_FACT_GEN: Preprocessing application: /u/q8liang/Benchmarks/maven-maven-3.8.1/maven-core/mvn_dependencies/maven-shared-utils-3.2.1.jar
SOOT_FACT_GEN: Preprocessing application: /u/q8liang/Benchmarks/maven-maven-3.8.1/maven-core/mvn_dependencies/mockito-core-2.21.0.jar
SOOT_FACT_GEN: Preprocessing application: /u/q8liang/Benchmarks/maven-maven-3.8.1/maven-core/mvn_dependencies/objenesis-2.6.jar
SOOT_FACT_GEN: Preprocessing application: /u/q8liang/Benchmarks/maven-maven-3.8.1/maven-core/mvn_dependencies/org.eclipse.sisu.inject-0.3.4.jar
SOOT_FACT_GEN: Preprocessing application: /u/q8liang/Benchmarks/maven-maven-3.8.1/maven-core/mvn_dependencies/org.eclipse.sisu.plexus-0.3.4.jar
SOOT_FACT_GEN: Preprocessing application: /u/q8liang/Benchmarks/maven-maven-3.8.1/maven-core/mvn_dependencies/plexus-cipher-1.7.jar
SOOT_FACT_GEN: Preprocessing application: /u/q8liang/Benchmarks/maven-maven-3.8.1/maven-core/mvn_dependencies/plexus-classworlds-2.6.0.jar
SOOT_FACT_GEN: Preprocessing application: /u/q8liang/Benchmarks/maven-maven-3.8.1/maven-core/mvn_dependencies/plexus-component-annotations-2.1.0.jar
SOOT_FACT_GEN: Preprocessing application: /u/q8liang/Benchmarks/maven-maven-3.8.1/maven-core/mvn_dependencies/plexus-interpolation-1.25.jar
SOOT_FACT_GEN: Preprocessing application: /u/q8liang/Benchmarks/maven-maven-3.8.1/maven-core/mvn_dependencies/plexus-sec-dispatcher-1.4.jar
SOOT_FACT_GEN: Preprocessing application: /u/q8liang/Benchmarks/maven-maven-3.8.1/maven-core/mvn_dependencies/plexus-utils-3.2.1.jar
SOOT_FACT_GEN: Preprocessing application: /u/q8liang/Benchmarks/maven-maven-3.8.1/maven-core/mvn_dependencies/slf4j-api-1.7.29.jar
SOOT_FACT_GEN: Preprocessing platform library: /u/q8liang/doop_new/build/tmp/rt_610900900303033296.jar
SOOT_FACT_GEN: Preprocessing platform library: /u/q8liang/doop_new/build/tmp/jce_8722644404961983309.jar
SOOT_FACT_GEN: Preprocessing platform library: /u/q8liang/doop_new/build/tmp/jsse_1648911577513109649.jar
SOOT_FACT_GEN: Adding archive: /u/q8liang/Benchmarks/maven-maven-3.8.1/maven-core/target/maven-core-3.8.1.jar
SOOT_FACT_GEN: Adding archive: /u/q8liang/Benchmarks/maven-maven-3.8.1/maven-core/target/maven-core-3.8.1-tests.jar
SOOT_FACT_GEN: Adding archive: /u/q8liang/Benchmarks/maven-maven-3.8.1/maven-core/mvn_dependencies/animal-sniffer-annotations-1.14.jar
SOOT_FACT_GEN: Adding archive: /u/q8liang/Benchmarks/maven-maven-3.8.1/maven-core/mvn_dependencies/aopalliance-1.0.jar
SOOT_FACT_GEN: Adding archive: /u/q8liang/Benchmarks/maven-maven-3.8.1/maven-core/mvn_dependencies/byte-buddy-1.8.15.jar
SOOT_FACT_GEN: Adding archive: /u/q8liang/Benchmarks/maven-maven-3.8.1/maven-core/mvn_dependencies/byte-buddy-agent-1.8.15.jar
SOOT_FACT_GEN: Adding archive: /u/q8liang/Benchmarks/maven-maven-3.8.1/maven-core/mvn_dependencies/cdi-api-1.0.jar
SOOT_FACT_GEN: Adding archive: /u/q8liang/Benchmarks/maven-maven-3.8.1/maven-core/mvn_dependencies/checker-compat-qual-2.0.0.jar
SOOT_FACT_GEN: Adding archive: /u/q8liang/Benchmarks/maven-maven-3.8.1/maven-core/mvn_dependencies/commons-io-2.5.jar
SOOT_FACT_GEN: Adding archive: /u/q8liang/Benchmarks/maven-maven-3.8.1/maven-core/mvn_dependencies/commons-jxpath-1.3.jar
SOOT_FACT_GEN: Adding archive: /u/q8liang/Benchmarks/maven-maven-3.8.1/maven-core/mvn_dependencies/commons-lang3-3.8.1.jar
SOOT_FACT_GEN: Adding archive: /u/q8liang/Benchmarks/maven-maven-3.8.1/maven-core/mvn_dependencies/error_prone_annotations-2.1.3.jar
SOOT_FACT_GEN: Adding archive: /u/q8liang/Benchmarks/maven-maven-3.8.1/maven-core/mvn_dependencies/guava-25.1-android.jar
SOOT_FACT_GEN: Adding archive: /u/q8liang/Benchmarks/maven-maven-3.8.1/maven-core/mvn_dependencies/guice-4.2.1-no_aop.jar
SOOT_FACT_GEN: Adding archive: /u/q8liang/Benchmarks/maven-maven-3.8.1/maven-core/mvn_dependencies/hamcrest-core-1.3.jar
SOOT_FACT_GEN: Adding archive: /u/q8liang/Benchmarks/maven-maven-3.8.1/maven-core/mvn_dependencies/hamcrest-library-1.3.jar
SOOT_FACT_GEN: Adding archive: /u/q8liang/Benchmarks/maven-maven-3.8.1/maven-core/mvn_dependencies/j2objc-annotations-1.1.jar
SOOT_FACT_GEN: Adding archive: /u/q8liang/Benchmarks/maven-maven-3.8.1/maven-core/mvn_dependencies/javax.inject-1.jar
SOOT_FACT_GEN: Adding archive: /u/q8liang/Benchmarks/maven-maven-3.8.1/maven-core/mvn_dependencies/jsr250-api-1.0.jar
SOOT_FACT_GEN: Adding archive: /u/q8liang/Benchmarks/maven-maven-3.8.1/maven-core/mvn_dependencies/jsr305-3.0.2.jar
SOOT_FACT_GEN: Adding archive: /u/q8liang/Benchmarks/maven-maven-3.8.1/maven-core/mvn_dependencies/junit-4.12.jar
SOOT_FACT_GEN: Adding archive: /u/q8liang/Benchmarks/maven-maven-3.8.1/maven-core/mvn_dependencies/maven-artifact-3.8.1.jar
SOOT_FACT_GEN: Adding archive: /u/q8liang/Benchmarks/maven-maven-3.8.1/maven-core/mvn_dependencies/maven-builder-support-3.8.1.jar
SOOT_FACT_GEN: Adding archive: /u/q8liang/Benchmarks/maven-maven-3.8.1/maven-core/mvn_dependencies/maven-model-3.8.1.jar
SOOT_FACT_GEN: Adding archive: /u/q8liang/Benchmarks/maven-maven-3.8.1/maven-core/mvn_dependencies/maven-model-builder-3.8.1.jar
SOOT_FACT_GEN: Adding archive: /u/q8liang/Benchmarks/maven-maven-3.8.1/maven-core/mvn_dependencies/maven-plugin-api-3.8.1.jar
SOOT_FACT_GEN: Adding archive: /u/q8liang/Benchmarks/maven-maven-3.8.1/maven-core/mvn_dependencies/maven-repository-metadata-3.8.1.jar
SOOT_FACT_GEN: Adding archive: /u/q8liang/Benchmarks/maven-maven-3.8.1/maven-core/mvn_dependencies/maven-resolver-api-1.6.2.jar
SOOT_FACT_GEN: Adding archive: /u/q8liang/Benchmarks/maven-maven-3.8.1/maven-core/mvn_dependencies/maven-resolver-impl-1.6.2.jar
SOOT_FACT_GEN: Adding archive: /u/q8liang/Benchmarks/maven-maven-3.8.1/maven-core/mvn_dependencies/maven-resolver-provider-3.8.1.jar
SOOT_FACT_GEN: Adding archive: /u/q8liang/Benchmarks/maven-maven-3.8.1/maven-core/mvn_dependencies/maven-resolver-spi-1.6.2.jar
SOOT_FACT_GEN: Adding archive: /u/q8liang/Benchmarks/maven-maven-3.8.1/maven-core/mvn_dependencies/maven-resolver-util-1.6.2.jar
SOOT_FACT_GEN: Adding archive: /u/q8liang/Benchmarks/maven-maven-3.8.1/maven-core/mvn_dependencies/maven-settings-3.8.1.jar
SOOT_FACT_GEN: Adding archive: /u/q8liang/Benchmarks/maven-maven-3.8.1/maven-core/mvn_dependencies/maven-settings-builder-3.8.1.jar
SOOT_FACT_GEN: Adding archive: /u/q8liang/Benchmarks/maven-maven-3.8.1/maven-core/mvn_dependencies/maven-shared-utils-3.2.1.jar
SOOT_FACT_GEN: Adding archive: /u/q8liang/Benchmarks/maven-maven-3.8.1/maven-core/mvn_dependencies/mockito-core-2.21.0.jar
SOOT_FACT_GEN: Adding archive: /u/q8liang/Benchmarks/maven-maven-3.8.1/maven-core/mvn_dependencies/objenesis-2.6.jar
SOOT_FACT_GEN: Adding archive: /u/q8liang/Benchmarks/maven-maven-3.8.1/maven-core/mvn_dependencies/org.eclipse.sisu.inject-0.3.4.jar
SOOT_FACT_GEN: Adding archive: /u/q8liang/Benchmarks/maven-maven-3.8.1/maven-core/mvn_dependencies/org.eclipse.sisu.plexus-0.3.4.jar
SOOT_FACT_GEN: Adding archive: /u/q8liang/Benchmarks/maven-maven-3.8.1/maven-core/mvn_dependencies/plexus-cipher-1.7.jar
SOOT_FACT_GEN: Adding archive: /u/q8liang/Benchmarks/maven-maven-3.8.1/maven-core/mvn_dependencies/plexus-classworlds-2.6.0.jar
SOOT_FACT_GEN: Adding archive: /u/q8liang/Benchmarks/maven-maven-3.8.1/maven-core/mvn_dependencies/plexus-component-annotations-2.1.0.jar
SOOT_FACT_GEN: Adding archive: /u/q8liang/Benchmarks/maven-maven-3.8.1/maven-core/mvn_dependencies/plexus-interpolation-1.25.jar
SOOT_FACT_GEN: Adding archive: /u/q8liang/Benchmarks/maven-maven-3.8.1/maven-core/mvn_dependencies/plexus-sec-dispatcher-1.4.jar
SOOT_FACT_GEN: Adding archive: /u/q8liang/Benchmarks/maven-maven-3.8.1/maven-core/mvn_dependencies/plexus-utils-3.2.1.jar
SOOT_FACT_GEN: Adding archive: /u/q8liang/Benchmarks/maven-maven-3.8.1/maven-core/mvn_dependencies/slf4j-api-1.7.29.jar
SOOT_FACT_GEN: Adding archive for resolving: /u/q8liang/doop_new/build/tmp/rt_610900900303033296.jar
SOOT_FACT_GEN: Adding archive for resolving: /u/q8liang/doop_new/build/tmp/jce_8722644404961983309.jar
SOOT_FACT_GEN: Adding archive for resolving: /u/q8liang/doop_new/build/tmp/jsse_1648911577513109649.jar
SOOT_FACT_GEN: Classes in input (application) jar(s): 8140
SOOT_FACT_GEN: Total classes in Scene: 15629
SOOT_FACT_GEN: Retrieved all bodies (time: 64)
SOOT_FACT_GEN: Fact generation cores: 32
SOOT_FACT_GEN: WARNING: some classes were not resolved, consider using thorough fact generation or adding them manually via --also-resolve: [java.beans.Customizer, javax.sound.sampled.Port, java.awt.dnd.MouseDragGestureRecognizer, com.sun.beans.editors.BooleanEditor, com.sun.management.GarbageCollectorMXBean, com.sun.beans.editors.LongEditor, com.sun.beans.editors.ShortEditor, sun.util.locale.provider.HostLocaleProviderAdapterImpl, com.sun.beans.editors.DoubleEditor, com.sun.beans.editors.ByteEditor, com.sun.beans.editors.FloatEditor, com.sun.beans.editors.IntegerEditor]
SOOT_FACT_GEN: Found 540 phantom references. Rerun with '--report-phantoms' for more details.
SOOT_FACT_GEN: Methods without active bodies encountered (and reset): 0
Soot fact generation time: 111
Caching facts in /u/q8liang/doop_new/cache/d810ed2979e11dbbba5f66e06eecc5a6728a6ef2529840d74345a6b9207aacf0
Copying /u/q8liang/doop_new/out/maven-core-context-insensitive-NORMAL/database to /u/q8liang/doop_new/cache/d810ed2979e11dbbba5f66e06eecc5a6728a6ef2529840d74345a6b9207aacf0...
----
[Task FACTS Done]
Using /usr/bin/time to gather performance statistics...
Running analysis
Runtime info monitored in /u/q8liang/doop_new/out/maven-core-context-insensitive-NORMAL/monitoring.txt (& /u/q8liang/doop_new/out/maven-core-context-insensitive-NORMAL/monitoring.latest.txt)
405.83user 45.52system 7:39.67elapsed 98%CPU (0avgtext+0avgdata 4273044maxresident)k
7016inputs+45818448outputs (4major+11490657minor)pagefaults 0swaps
Analysis execution time (sec): 459
-- Runtime metrics --
analysis compilation time (sec)                                                  0
analysis execution time (sec)                                                    459
disk footprint (KB)                                                              24,803,626
fact generation time (sec)                                                       111
-- Statistics --
var points-to (INS)                                                              11,865,969
var points-to (SENS)                                                             11,865,969
reachable variables (INS)                                                        156,074
reachable variables (SENS)                                                       156,074
reachable methods (INS)                                                          17,999
reachable methods (SENS)                                                         17,999
total methods                                                                    128,558
virtual call sites (statically)                                                  250,286
reachable virtual call sites                                                     42,836
polymorphic virtual call sites                                                   3,068
null virtual call sites                                                          9,686
empty virtual call sites                                                         2,027
app virtual call sites (statically)                                              111,411
app reachable virtual call sites                                                 18,357
app polymorphic virtual call sites                                               1,323
app null virtual call sites                                                      3,562
app empty reachable virtual call sites                                           1,266
array index points-to (INS)                                                      340,819
array index points-to (SENS)                                                     340,819
casts (statically)                                                               34,826
reachable casts                                                                  3,084
reachable casts that may fail                                                    2,471
app casts (statically)                                                           13,478
app reachable casts                                                              1,304
app reachable casts that may fail                                                1,034
app reachable methods                                                            7,231
app concrete methods                                                             52,948
instance field points-to (INS)                                                   824,310
instance field points-to (SENS)                                                  824,310
static field points-to (INS)                                                     4,662
static field points-to (SENS)                                                    4,662
app var points-to (INS)                                                          5,674,460
app var points-to (SENS)                                                         5,674,460
java.util var points-to (INS)                                                    3,296,831
java.util var points-to (SENS)                                                   3,296,831
app array index points-to (INS)                                                  273,583
app array index points-to (SENS)                                                 273,583
mock objects                                                                     0
mock objects for receivers                                                       0
mock objects for arg                                                             0
forced-reachable formals that could not be mocked                                0
app instance field points-to (INS)                                               393,513
app instance field points-to (SENS)                                              393,513
call graph edges (INS)                                                           117,264
call graph edges (SENS)                                                          117,264
non-reachable app concrete methods                                               45,725
Making database available at /u/q8liang/doop_new/results/maven-core-3.8.1/context-insensitive/java_8/maven-core-context-insensitive-NORMAL
Making database available at /u/q8liang/doop_new/last-analysis

Deprecated Gradle features were used in this build, making it incompatible with Gradle 7.0.
Use '--warning-mode all' to show the individual deprecation warnings.
See https://docs.gradle.org/6.7/userguide/command_line_interface.html#sec:command_line_warnings

BUILD SUCCESSFUL in 9m 48s
21 actionable tasks: 2 executed, 19 up-to-date
