> Task :generators:code-processor:generateGrammarSource UP-TO-DATE
> Task :generators:code-processor:compileJava UP-TO-DATE
> Task :generators:code-processor:compileGroovy UP-TO-DATE
> Task :generators:code-processor:processResources NO-SOURCE
> Task :generators:code-processor:classes UP-TO-DATE
> Task :generators:code-processor:jar UP-TO-DATE
> Task :generators:fact-generator-common:compileJava UP-TO-DATE
> Task :generators:fact-generator-common:processResources NO-SOURCE
> Task :generators:fact-generator-common:classes UP-TO-DATE
> Task :generators:fact-generator-common:shadowJar UP-TO-DATE
> Task :compileJava UP-TO-DATE
> Task :compileGroovy UP-TO-DATE
> Task :resolveApktool
> Task :generators:dex-fact-generator:compileJava UP-TO-DATE
> Task :generators:dex-fact-generator:processResources NO-SOURCE
> Task :generators:dex-fact-generator:classes UP-TO-DATE
> Task :generators:dex-fact-generator:jar
> Task :generators:dex-fact-generator:fatJar
> Task :generators:dex-fact-generator:installJar
> Task :generators:soot-fact-generator:compileJava UP-TO-DATE
> Task :generators:soot-fact-generator:compileGroovy NO-SOURCE
> Task :generators:soot-fact-generator:processResources NO-SOURCE
> Task :generators:soot-fact-generator:classes UP-TO-DATE
> Task :generators:soot-fact-generator:jar
> Task :generators:soot-fact-generator:fatJar
> Task :generators:soot-fact-generator:installJar
> Task :generators:wala-fact-generator:compileJava UP-TO-DATE
> Task :generators:wala-fact-generator:processResources UP-TO-DATE
> Task :generators:wala-fact-generator:classes UP-TO-DATE
> Task :generators:wala-fact-generator:jar
> Task :generators:wala-fact-generator:fatJar
> Task :generators:wala-fact-generator:installJar
> Task :resourceInstaller
> Task :processResources
> Task :classes
> Task :writeGitCommitHash UP-TO-DATE

> Task :run
Main class(es) expanded with [org.quartz.RootDriver]
WARNING: Handling of Java reflection is disabled!
New 1-object-sensitive analysis
Id       : quartz-quartz-2.3.1-patched-1-object-sensitive-NORMAL
Inputs   : /u/p23lam/hacking/MockAbstraction/Benchmarks/quartz-quartz-2.3.1-patched/quartz-core/target/quartz-core-2.3.1.jar, /u/p23lam/hacking/MockAbstraction/Benchmarks/quartz-quartz-2.3.1-patched/quartz-core/target/quartz-core-2.3.1-tests.jar, /u/p23lam/hacking/MockAbstraction/Benchmarks/quartz-quartz-2.3.1-patched/quartz-core/mvn_dependencies/HikariCP-java7-2.4.13.jar, /u/p23lam/hacking/MockAbstraction/Benchmarks/quartz-quartz-2.3.1-patched/quartz-core/mvn_dependencies/asm-3.2.jar, /u/p23lam/hacking/MockAbstraction/Benchmarks/quartz-quartz-2.3.1-patched/quartz-core/mvn_dependencies/c3p0-0.9.5.3.jar, /u/p23lam/hacking/MockAbstraction/Benchmarks/quartz-quartz-2.3.1-patched/quartz-core/mvn_dependencies/derby-10.8.2.2.jar, /u/p23lam/hacking/MockAbstraction/Benchmarks/quartz-quartz-2.3.1-patched/quartz-core/mvn_dependencies/derbyclient-10.8.2.2.jar, /u/p23lam/hacking/MockAbstraction/Benchmarks/quartz-quartz-2.3.1-patched/quartz-core/mvn_dependencies/derbynet-10.8.2.2.jar, /u/p23lam/hacking/MockAbstraction/Benchmarks/quartz-quartz-2.3.1-patched/quartz-core/mvn_dependencies/hamcrest-core-1.2.jar, /u/p23lam/hacking/MockAbstraction/Benchmarks/quartz-quartz-2.3.1-patched/quartz-core/mvn_dependencies/hamcrest-library-1.2.jar, /u/p23lam/hacking/MockAbstraction/Benchmarks/quartz-quartz-2.3.1-patched/quartz-core/mvn_dependencies/javaee-api-5.0-2.jar, /u/p23lam/hacking/MockAbstraction/Benchmarks/quartz-quartz-2.3.1-patched/quartz-core/mvn_dependencies/junit-dep-4.8.2.jar, /u/p23lam/hacking/MockAbstraction/Benchmarks/quartz-quartz-2.3.1-patched/quartz-core/mvn_dependencies/log4j-1.2.16.jar, /u/p23lam/hacking/MockAbstraction/Benchmarks/quartz-quartz-2.3.1-patched/quartz-core/mvn_dependencies/mchange-commons-java-0.2.15.jar, /u/p23lam/hacking/MockAbstraction/Benchmarks/quartz-quartz-2.3.1-patched/quartz-core/mvn_dependencies/mockito-all-1.9.5.jar, /u/p23lam/hacking/MockAbstraction/Benchmarks/quartz-quartz-2.3.1-patched/quartz-core/mvn_dependencies/slf4j-api-1.7.7.jar, /u/p23lam/hacking/MockAbstraction/Benchmarks/quartz-quartz-2.3.1-patched/quartz-core/mvn_dependencies/slf4j-log4j12-1.7.7.jar, /u/p23lam/hacking/MockAbstraction/Benchmarks/quartz-quartz-2.3.1-patched/quartz-core/mvn_dependencies/typesafe-config-2.10.1.jar
Libraries: 
Using a timeout of 90 min.
Adding extra logic file /u/p23lam/hacking/doop/souffle-logic/analyses/mocks/mocks.dl
[Task FACTS...]
[Task COMPILE...]
-- Fact Generation --
Using cached analysis executable /u/p23lam/hacking/doop/cache/souffle-analyses/1-object-sensitive/429940c583e84770f97f545b953dd9de38468e95d1902ac23a0ddc5ab475e79c
[Task COMPILE Done]
SOOT_FACT_GEN: Logging initialized, using directory: /u/p23lam/hacking/doop/build/logs
SOOT_FACT_GEN: SLF4J: Failed to load class "org.slf4j.impl.StaticLoggerBinder".
SOOT_FACT_GEN: SLF4J: Defaulting to no-operation (NOP) logger implementation
SOOT_FACT_GEN: SLF4J: See http://www.slf4j.org/codes.html#StaticLoggerBinder for further details.
SOOT_FACT_GEN: Preprocessing application: /u/p23lam/hacking/MockAbstraction/Benchmarks/quartz-quartz-2.3.1-patched/quartz-core/target/quartz-core-2.3.1.jar
SOOT_FACT_GEN: Preprocessing application: /u/p23lam/hacking/MockAbstraction/Benchmarks/quartz-quartz-2.3.1-patched/quartz-core/target/quartz-core-2.3.1-tests.jar
SOOT_FACT_GEN: Preprocessing application: /u/p23lam/hacking/MockAbstraction/Benchmarks/quartz-quartz-2.3.1-patched/quartz-core/mvn_dependencies/HikariCP-java7-2.4.13.jar
SOOT_FACT_GEN: Preprocessing application: /u/p23lam/hacking/MockAbstraction/Benchmarks/quartz-quartz-2.3.1-patched/quartz-core/mvn_dependencies/asm-3.2.jar
SOOT_FACT_GEN: Preprocessing application: /u/p23lam/hacking/MockAbstraction/Benchmarks/quartz-quartz-2.3.1-patched/quartz-core/mvn_dependencies/c3p0-0.9.5.3.jar
SOOT_FACT_GEN: Preprocessing application: /u/p23lam/hacking/MockAbstraction/Benchmarks/quartz-quartz-2.3.1-patched/quartz-core/mvn_dependencies/derby-10.8.2.2.jar
SOOT_FACT_GEN: Preprocessing application: /u/p23lam/hacking/MockAbstraction/Benchmarks/quartz-quartz-2.3.1-patched/quartz-core/mvn_dependencies/derbyclient-10.8.2.2.jar
SOOT_FACT_GEN: Preprocessing application: /u/p23lam/hacking/MockAbstraction/Benchmarks/quartz-quartz-2.3.1-patched/quartz-core/mvn_dependencies/derbynet-10.8.2.2.jar
SOOT_FACT_GEN: Preprocessing application: /u/p23lam/hacking/MockAbstraction/Benchmarks/quartz-quartz-2.3.1-patched/quartz-core/mvn_dependencies/hamcrest-core-1.2.jar
SOOT_FACT_GEN: Preprocessing application: /u/p23lam/hacking/MockAbstraction/Benchmarks/quartz-quartz-2.3.1-patched/quartz-core/mvn_dependencies/hamcrest-library-1.2.jar
SOOT_FACT_GEN: Preprocessing application: /u/p23lam/hacking/MockAbstraction/Benchmarks/quartz-quartz-2.3.1-patched/quartz-core/mvn_dependencies/javaee-api-5.0-2.jar
SOOT_FACT_GEN: Preprocessing application: /u/p23lam/hacking/MockAbstraction/Benchmarks/quartz-quartz-2.3.1-patched/quartz-core/mvn_dependencies/junit-dep-4.8.2.jar
SOOT_FACT_GEN: Preprocessing application: /u/p23lam/hacking/MockAbstraction/Benchmarks/quartz-quartz-2.3.1-patched/quartz-core/mvn_dependencies/log4j-1.2.16.jar
SOOT_FACT_GEN: Preprocessing application: /u/p23lam/hacking/MockAbstraction/Benchmarks/quartz-quartz-2.3.1-patched/quartz-core/mvn_dependencies/mchange-commons-java-0.2.15.jar
SOOT_FACT_GEN: Preprocessing application: /u/p23lam/hacking/MockAbstraction/Benchmarks/quartz-quartz-2.3.1-patched/quartz-core/mvn_dependencies/mockito-all-1.9.5.jar
SOOT_FACT_GEN: Preprocessing application: /u/p23lam/hacking/MockAbstraction/Benchmarks/quartz-quartz-2.3.1-patched/quartz-core/mvn_dependencies/slf4j-api-1.7.7.jar
SOOT_FACT_GEN: Preprocessing application: /u/p23lam/hacking/MockAbstraction/Benchmarks/quartz-quartz-2.3.1-patched/quartz-core/mvn_dependencies/slf4j-log4j12-1.7.7.jar
SOOT_FACT_GEN: Preprocessing application: /u/p23lam/hacking/MockAbstraction/Benchmarks/quartz-quartz-2.3.1-patched/quartz-core/mvn_dependencies/typesafe-config-2.10.1.jar
SOOT_FACT_GEN: Preprocessing platform library: /u/p23lam/hacking/doop/build/tmp/rt_2426049973981964916.jar
SOOT_FACT_GEN: Preprocessing platform library: /u/p23lam/hacking/doop/build/tmp/jce_2961998465177778356.jar
SOOT_FACT_GEN: Preprocessing platform library: /u/p23lam/hacking/doop/build/tmp/jsse_4691399195277489349.jar
SOOT_FACT_GEN: Adding archive: /u/p23lam/hacking/MockAbstraction/Benchmarks/quartz-quartz-2.3.1-patched/quartz-core/target/quartz-core-2.3.1.jar
SOOT_FACT_GEN: Adding archive: /u/p23lam/hacking/MockAbstraction/Benchmarks/quartz-quartz-2.3.1-patched/quartz-core/target/quartz-core-2.3.1-tests.jar
SOOT_FACT_GEN: Adding archive: /u/p23lam/hacking/MockAbstraction/Benchmarks/quartz-quartz-2.3.1-patched/quartz-core/mvn_dependencies/HikariCP-java7-2.4.13.jar
SOOT_FACT_GEN: Adding archive: /u/p23lam/hacking/MockAbstraction/Benchmarks/quartz-quartz-2.3.1-patched/quartz-core/mvn_dependencies/asm-3.2.jar
SOOT_FACT_GEN: Adding archive: /u/p23lam/hacking/MockAbstraction/Benchmarks/quartz-quartz-2.3.1-patched/quartz-core/mvn_dependencies/c3p0-0.9.5.3.jar
SOOT_FACT_GEN: Adding archive: /u/p23lam/hacking/MockAbstraction/Benchmarks/quartz-quartz-2.3.1-patched/quartz-core/mvn_dependencies/derby-10.8.2.2.jar
SOOT_FACT_GEN: Adding archive: /u/p23lam/hacking/MockAbstraction/Benchmarks/quartz-quartz-2.3.1-patched/quartz-core/mvn_dependencies/derbyclient-10.8.2.2.jar
SOOT_FACT_GEN: Adding archive: /u/p23lam/hacking/MockAbstraction/Benchmarks/quartz-quartz-2.3.1-patched/quartz-core/mvn_dependencies/derbynet-10.8.2.2.jar
SOOT_FACT_GEN: Adding archive: /u/p23lam/hacking/MockAbstraction/Benchmarks/quartz-quartz-2.3.1-patched/quartz-core/mvn_dependencies/hamcrest-core-1.2.jar
SOOT_FACT_GEN: Adding archive: /u/p23lam/hacking/MockAbstraction/Benchmarks/quartz-quartz-2.3.1-patched/quartz-core/mvn_dependencies/hamcrest-library-1.2.jar
SOOT_FACT_GEN: Adding archive: /u/p23lam/hacking/MockAbstraction/Benchmarks/quartz-quartz-2.3.1-patched/quartz-core/mvn_dependencies/javaee-api-5.0-2.jar
SOOT_FACT_GEN: Adding archive: /u/p23lam/hacking/MockAbstraction/Benchmarks/quartz-quartz-2.3.1-patched/quartz-core/mvn_dependencies/junit-dep-4.8.2.jar
SOOT_FACT_GEN: Adding archive: /u/p23lam/hacking/MockAbstraction/Benchmarks/quartz-quartz-2.3.1-patched/quartz-core/mvn_dependencies/log4j-1.2.16.jar
SOOT_FACT_GEN: Adding archive: /u/p23lam/hacking/MockAbstraction/Benchmarks/quartz-quartz-2.3.1-patched/quartz-core/mvn_dependencies/mchange-commons-java-0.2.15.jar
SOOT_FACT_GEN: Adding archive: /u/p23lam/hacking/MockAbstraction/Benchmarks/quartz-quartz-2.3.1-patched/quartz-core/mvn_dependencies/mockito-all-1.9.5.jar
SOOT_FACT_GEN: Adding archive: /u/p23lam/hacking/MockAbstraction/Benchmarks/quartz-quartz-2.3.1-patched/quartz-core/mvn_dependencies/slf4j-api-1.7.7.jar
SOOT_FACT_GEN: Adding archive: /u/p23lam/hacking/MockAbstraction/Benchmarks/quartz-quartz-2.3.1-patched/quartz-core/mvn_dependencies/slf4j-log4j12-1.7.7.jar
SOOT_FACT_GEN: Adding archive: /u/p23lam/hacking/MockAbstraction/Benchmarks/quartz-quartz-2.3.1-patched/quartz-core/mvn_dependencies/typesafe-config-2.10.1.jar
SOOT_FACT_GEN: Adding archive for resolving: /u/p23lam/hacking/doop/build/tmp/rt_2426049973981964916.jar
SOOT_FACT_GEN: Adding archive for resolving: /u/p23lam/hacking/doop/build/tmp/jce_2961998465177778356.jar
SOOT_FACT_GEN: Adding archive for resolving: /u/p23lam/hacking/doop/build/tmp/jsse_4691399195277489349.jar
SOOT_FACT_GEN: Classes in input (application) jar(s): 5471
SOOT_FACT_GEN: Total classes in Scene: 13254
SOOT_FACT_GEN: Retrieved all bodies (time: 66)
SOOT_FACT_GEN: Fact generation cores: 32
SOOT_FACT_GEN: WARNING: some classes were not resolved, consider using thorough fact generation or adding them manually via --also-resolve: [java.beans.Customizer, javax.sound.sampled.Port, java.rmi.activation.ActivationID, com.sun.beans.editors.ByteEditor, java.awt.dnd.MouseDragGestureRecognizer, com.sun.beans.editors.FloatEditor, com.sun.beans.editors.IntegerEditor, com.sun.beans.editors.BooleanEditor, sun.util.locale.provider.HostLocaleProviderAdapterImpl, com.sun.beans.editors.ShortEditor, com.sun.management.GarbageCollectorMXBean, com.sun.beans.editors.LongEditor, com.sun.beans.editors.DoubleEditor]
SOOT_FACT_GEN: Found 256 phantom references. Rerun with '--report-phantoms' for more details.
SOOT_FACT_GEN: Methods without active bodies encountered (and reset): 0
Soot fact generation time: 126
Caching facts in /u/p23lam/hacking/doop/cache/c1b577b69be39405186aecd0f9222329589cce55c37d7a7a15b15c961ab9d9f2
Copying /u/p23lam/hacking/doop/out/quartz-quartz-2.3.1-patched-1-object-sensitive-NORMAL/database to /u/p23lam/hacking/doop/cache/c1b577b69be39405186aecd0f9222329589cce55c37d7a7a15b15c961ab9d9f2...
----
[Task FACTS Done]
Using /usr/bin/time to gather performance statistics...
Running analysis
3638.43user 85.47system 7:23.97elapsed 838%CPU (0avgtext+0avgdata 8382424maxresident)k
2720inputs+62208088outputs (2major+11642344minor)pagefaults 0swaps
Analysis execution time (sec): 443
-- Runtime metrics --
analysis compilation time (sec)                                                  0
analysis execution time (sec)                                                    443
disk footprint (KB)                                                              33,248,654
fact generation time (sec)                                                       126
-- Statistics --
var points-to (INS)                                                              5,096,027
var points-to (SENS)                                                             37,693,589
reachable variables (INS)                                                        185,921
reachable variables (SENS)                                                       1,118,035
reachable methods (INS)                                                          20,288
reachable methods (SENS)                                                         159,642
total methods                                                                    127,703
virtual call sites (statically)                                                  273,470
reachable virtual call sites                                                     56,469
polymorphic virtual call sites                                                   3,996
null virtual call sites                                                          12,989
empty virtual call sites                                                         2,666
app virtual call sites (statically)                                              129,815
app reachable virtual call sites                                                 24,452
app polymorphic virtual call sites                                               1,924
app null virtual call sites                                                      5,437
app empty reachable virtual call sites                                           1,248
array index points-to (INS)                                                      66,078
array index points-to (SENS)                                                     66,078
casts (statically)                                                               33,893
reachable casts                                                                  3,639
reachable casts that may fail                                                    2,523
app casts (statically)                                                           12,067
app reachable casts                                                              1,225
app reachable casts that may fail                                                883
app reachable methods                                                            6,616
app concrete methods                                                             47,227
instance field points-to (INS)                                                   168,328
instance field points-to (SENS)                                                  168,328
static field points-to (INS)                                                     4,901
static field points-to (SENS)                                                    4,901
app var points-to (INS)                                                          1,492,494
app var points-to (SENS)                                                         5,554,506
java.util var points-to (INS)                                                    1,451,681
java.util var points-to (SENS)                                                   18,420,982
app array index points-to (INS)                                                  8,251
app array index points-to (SENS)                                                 8,251
mock objects                                                                     0
mock objects for receivers                                                       0
mock objects for arg                                                             0
forced-reachable formals that could not be mocked                                0
app instance field points-to (INS)                                               23,055
app instance field points-to (SENS)                                              23,055
call graph edges (INS)                                                           118,593
call graph edges (SENS)                                                          3,406,280
non-reachable app concrete methods                                               40,613
Making database available at /u/p23lam/hacking/doop/results/quartz-core-2.3.1/1-object-sensitive/java_8/quartz-quartz-2.3.1-patched-1-object-sensitive-NORMAL
Making database available at /u/p23lam/hacking/doop/last-analysis

Deprecated Gradle features were used in this build, making it incompatible with Gradle 8.0.

You can use '--warning-mode all' to show the individual deprecation warnings and determine if they come from your own scripts or plugins.

See https://docs.gradle.org/7.3.3/userguide/command_line_interface.html#sec:command_line_warnings

BUILD SUCCESSFUL in 10m 1s
24 actionable tasks: 12 executed, 12 up-to-date
