> Task :generators:code-processor:generateGrammarSource UP-TO-DATE
> Task :generators:code-processor:compileJava UP-TO-DATE
> Task :generators:code-processor:compileGroovy UP-TO-DATE
> Task :generators:code-processor:processResources NO-SOURCE
> Task :generators:code-processor:classes UP-TO-DATE
> Task :generators:code-processor:jar UP-TO-DATE
> Task :generators:fact-generator-common:compileJava UP-TO-DATE
> Task :generators:fact-generator-common:processResources NO-SOURCE
> Task :generators:fact-generator-common:classes UP-TO-DATE
> Task :generators:fact-generator-common:shadowJar UP-TO-DATE
> Task :compileJava UP-TO-DATE
> Task :compileGroovy UP-TO-DATE
> Task :resolveApktool
> Task :generators:dex-fact-generator:compileJava UP-TO-DATE
> Task :generators:dex-fact-generator:processResources NO-SOURCE
> Task :generators:dex-fact-generator:classes UP-TO-DATE
> Task :generators:dex-fact-generator:jar
> Task :generators:dex-fact-generator:fatJar
> Task :generators:dex-fact-generator:installJar
> Task :generators:soot-fact-generator:compileJava UP-TO-DATE
> Task :generators:soot-fact-generator:compileGroovy NO-SOURCE
> Task :generators:soot-fact-generator:processResources NO-SOURCE
> Task :generators:soot-fact-generator:classes UP-TO-DATE
> Task :generators:soot-fact-generator:jar
> Task :generators:soot-fact-generator:fatJar
> Task :generators:soot-fact-generator:installJar
> Task :generators:wala-fact-generator:compileJava UP-TO-DATE
> Task :generators:wala-fact-generator:processResources UP-TO-DATE
> Task :generators:wala-fact-generator:classes UP-TO-DATE
> Task :generators:wala-fact-generator:jar
> Task :generators:wala-fact-generator:fatJar
> Task :generators:wala-fact-generator:installJar
> Task :resourceInstaller
> Task :processResources
> Task :classes
> Task :writeGitCommitHash UP-TO-DATE

> Task :run
WARNING: Default statistics are not compatible with analysis 'basic-only', disabling statistics logic.
Main class(es) expanded with [org.apache.flink.RootDriver]
WARNING: Handling of Java reflection is disabled!
New basic-only analysis
Id       : flink-release-1.13.0-rc1-basic-only-NORMAL
Inputs   : /u/p23lam/hacking/MockAbstraction/Benchmarks/flink-release-1.13.0-rc1/flink-core/target/flink-core-1.13.0.jar, /u/p23lam/hacking/MockAbstraction/Benchmarks/flink-release-1.13.0-rc1/flink-core/target/flink-core-1.13.0-tests.jar, /u/p23lam/hacking/MockAbstraction/Benchmarks/flink-release-1.13.0-rc1/flink-core/mvn_dependencies/byte-buddy-1.8.15.jar, /u/p23lam/hacking/MockAbstraction/Benchmarks/flink-release-1.13.0-rc1/flink-core/mvn_dependencies/byte-buddy-agent-1.8.15.jar, /u/p23lam/hacking/MockAbstraction/Benchmarks/flink-release-1.13.0-rc1/flink-core/mvn_dependencies/commons-collections-3.2.2.jar, /u/p23lam/hacking/MockAbstraction/Benchmarks/flink-release-1.13.0-rc1/flink-core/mvn_dependencies/commons-compress-1.20.jar, /u/p23lam/hacking/MockAbstraction/Benchmarks/flink-release-1.13.0-rc1/flink-core/mvn_dependencies/commons-lang3-3.3.2.jar, /u/p23lam/hacking/MockAbstraction/Benchmarks/flink-release-1.13.0-rc1/flink-core/mvn_dependencies/flink-annotations-1.13.0.jar, /u/p23lam/hacking/MockAbstraction/Benchmarks/flink-release-1.13.0-rc1/flink-core/mvn_dependencies/flink-metrics-core-1.13.0.jar, /u/p23lam/hacking/MockAbstraction/Benchmarks/flink-release-1.13.0-rc1/flink-core/mvn_dependencies/flink-shaded-asm-7-7.1-13.0.jar, /u/p23lam/hacking/MockAbstraction/Benchmarks/flink-release-1.13.0-rc1/flink-core/mvn_dependencies/flink-shaded-guava-18.0-13.0.jar, /u/p23lam/hacking/MockAbstraction/Benchmarks/flink-release-1.13.0-rc1/flink-core/mvn_dependencies/flink-shaded-jackson-2.12.1-13.0.jar, /u/p23lam/hacking/MockAbstraction/Benchmarks/flink-release-1.13.0-rc1/flink-core/mvn_dependencies/flink-test-utils-junit-1.13.0.jar, /u/p23lam/hacking/MockAbstraction/Benchmarks/flink-release-1.13.0-rc1/flink-core/mvn_dependencies/force-shading-1.13.0.jar, /u/p23lam/hacking/MockAbstraction/Benchmarks/flink-release-1.13.0-rc1/flink-core/mvn_dependencies/hamcrest-all-1.3.jar, /u/p23lam/hacking/MockAbstraction/Benchmarks/flink-release-1.13.0-rc1/flink-core/mvn_dependencies/hamcrest-core-1.3.jar, /u/p23lam/hacking/MockAbstraction/Benchmarks/flink-release-1.13.0-rc1/flink-core/mvn_dependencies/javassist-3.24.0-GA.jar, /u/p23lam/hacking/MockAbstraction/Benchmarks/flink-release-1.13.0-rc1/flink-core/mvn_dependencies/joda-convert-1.7.jar, /u/p23lam/hacking/MockAbstraction/Benchmarks/flink-release-1.13.0-rc1/flink-core/mvn_dependencies/joda-time-2.5.jar, /u/p23lam/hacking/MockAbstraction/Benchmarks/flink-release-1.13.0-rc1/flink-core/mvn_dependencies/jsr305-1.3.9.jar, /u/p23lam/hacking/MockAbstraction/Benchmarks/flink-release-1.13.0-rc1/flink-core/mvn_dependencies/junit-4.12.jar, /u/p23lam/hacking/MockAbstraction/Benchmarks/flink-release-1.13.0-rc1/flink-core/mvn_dependencies/kryo-2.24.0.jar, /u/p23lam/hacking/MockAbstraction/Benchmarks/flink-release-1.13.0-rc1/flink-core/mvn_dependencies/log4j-1.2-api-2.12.1.jar, /u/p23lam/hacking/MockAbstraction/Benchmarks/flink-release-1.13.0-rc1/flink-core/mvn_dependencies/log4j-api-2.12.1.jar, /u/p23lam/hacking/MockAbstraction/Benchmarks/flink-release-1.13.0-rc1/flink-core/mvn_dependencies/log4j-core-2.12.1.jar, /u/p23lam/hacking/MockAbstraction/Benchmarks/flink-release-1.13.0-rc1/flink-core/mvn_dependencies/log4j-slf4j-impl-2.12.1.jar, /u/p23lam/hacking/MockAbstraction/Benchmarks/flink-release-1.13.0-rc1/flink-core/mvn_dependencies/lombok-1.16.22.jar, /u/p23lam/hacking/MockAbstraction/Benchmarks/flink-release-1.13.0-rc1/flink-core/mvn_dependencies/minlog-1.2.jar, /u/p23lam/hacking/MockAbstraction/Benchmarks/flink-release-1.13.0-rc1/flink-core/mvn_dependencies/mockito-core-2.21.0.jar, /u/p23lam/hacking/MockAbstraction/Benchmarks/flink-release-1.13.0-rc1/flink-core/mvn_dependencies/objenesis-2.1.jar, /u/p23lam/hacking/MockAbstraction/Benchmarks/flink-release-1.13.0-rc1/flink-core/mvn_dependencies/powermock-api-mockito2-2.0.4.jar, /u/p23lam/hacking/MockAbstraction/Benchmarks/flink-release-1.13.0-rc1/flink-core/mvn_dependencies/powermock-api-support-2.0.4.jar, /u/p23lam/hacking/MockAbstraction/Benchmarks/flink-release-1.13.0-rc1/flink-core/mvn_dependencies/powermock-core-2.0.4.jar, /u/p23lam/hacking/MockAbstraction/Benchmarks/flink-release-1.13.0-rc1/flink-core/mvn_dependencies/powermock-module-junit4-2.0.4.jar, /u/p23lam/hacking/MockAbstraction/Benchmarks/flink-release-1.13.0-rc1/flink-core/mvn_dependencies/powermock-module-junit4-common-2.0.4.jar, /u/p23lam/hacking/MockAbstraction/Benchmarks/flink-release-1.13.0-rc1/flink-core/mvn_dependencies/powermock-reflect-2.0.4.jar, /u/p23lam/hacking/MockAbstraction/Benchmarks/flink-release-1.13.0-rc1/flink-core/mvn_dependencies/slf4j-api-1.7.15.jar, /u/p23lam/hacking/MockAbstraction/Benchmarks/flink-release-1.13.0-rc1/flink-core/mvn_dependencies/zstd-jni-1.4.9-1.jar
Libraries: 
Using a timeout of 90 min.
Adding extra logic file /u/p23lam/hacking/doop/souffle-logic/analyses/mocks/mocks.dl
[Task FACTS...]
[Task COMPILE...]
-- Fact Generation --
Using cached analysis executable /u/p23lam/hacking/doop/cache/souffle-analyses/basic-only/29af9b585d3172c1740f5fc8ca492e0dbf8fe8c1cd3393256a2d9945e45af8fa
[Task COMPILE Done]
SOOT_FACT_GEN: Logging initialized, using directory: /u/p23lam/hacking/doop/build/logs
SOOT_FACT_GEN: SLF4J: Failed to load class "org.slf4j.impl.StaticLoggerBinder".
SOOT_FACT_GEN: SLF4J: Defaulting to no-operation (NOP) logger implementation
SOOT_FACT_GEN: SLF4J: See http://www.slf4j.org/codes.html#StaticLoggerBinder for further details.
SOOT_FACT_GEN: Preprocessing application: /u/p23lam/hacking/MockAbstraction/Benchmarks/flink-release-1.13.0-rc1/flink-core/target/flink-core-1.13.0.jar
SOOT_FACT_GEN: Preprocessing application: /u/p23lam/hacking/MockAbstraction/Benchmarks/flink-release-1.13.0-rc1/flink-core/target/flink-core-1.13.0-tests.jar
SOOT_FACT_GEN: Preprocessing application: /u/p23lam/hacking/MockAbstraction/Benchmarks/flink-release-1.13.0-rc1/flink-core/mvn_dependencies/byte-buddy-1.8.15.jar
SOOT_FACT_GEN: Preprocessing application: /u/p23lam/hacking/MockAbstraction/Benchmarks/flink-release-1.13.0-rc1/flink-core/mvn_dependencies/byte-buddy-agent-1.8.15.jar
SOOT_FACT_GEN: Preprocessing application: /u/p23lam/hacking/MockAbstraction/Benchmarks/flink-release-1.13.0-rc1/flink-core/mvn_dependencies/commons-collections-3.2.2.jar
SOOT_FACT_GEN: Preprocessing application: /u/p23lam/hacking/MockAbstraction/Benchmarks/flink-release-1.13.0-rc1/flink-core/mvn_dependencies/commons-compress-1.20.jar
SOOT_FACT_GEN: Preprocessing application: /u/p23lam/hacking/MockAbstraction/Benchmarks/flink-release-1.13.0-rc1/flink-core/mvn_dependencies/commons-lang3-3.3.2.jar
SOOT_FACT_GEN: Preprocessing application: /u/p23lam/hacking/MockAbstraction/Benchmarks/flink-release-1.13.0-rc1/flink-core/mvn_dependencies/flink-annotations-1.13.0.jar
SOOT_FACT_GEN: Preprocessing application: /u/p23lam/hacking/MockAbstraction/Benchmarks/flink-release-1.13.0-rc1/flink-core/mvn_dependencies/flink-metrics-core-1.13.0.jar
SOOT_FACT_GEN: Preprocessing application: /u/p23lam/hacking/MockAbstraction/Benchmarks/flink-release-1.13.0-rc1/flink-core/mvn_dependencies/flink-shaded-asm-7-7.1-13.0.jar
SOOT_FACT_GEN: Preprocessing application: /u/p23lam/hacking/MockAbstraction/Benchmarks/flink-release-1.13.0-rc1/flink-core/mvn_dependencies/flink-shaded-guava-18.0-13.0.jar
SOOT_FACT_GEN: Preprocessing application: /u/p23lam/hacking/MockAbstraction/Benchmarks/flink-release-1.13.0-rc1/flink-core/mvn_dependencies/flink-shaded-jackson-2.12.1-13.0.jar
SOOT_FACT_GEN: Preprocessing application: /u/p23lam/hacking/MockAbstraction/Benchmarks/flink-release-1.13.0-rc1/flink-core/mvn_dependencies/flink-test-utils-junit-1.13.0.jar
SOOT_FACT_GEN: Preprocessing application: /u/p23lam/hacking/MockAbstraction/Benchmarks/flink-release-1.13.0-rc1/flink-core/mvn_dependencies/force-shading-1.13.0.jar
SOOT_FACT_GEN: Preprocessing application: /u/p23lam/hacking/MockAbstraction/Benchmarks/flink-release-1.13.0-rc1/flink-core/mvn_dependencies/hamcrest-all-1.3.jar
SOOT_FACT_GEN: Preprocessing application: /u/p23lam/hacking/MockAbstraction/Benchmarks/flink-release-1.13.0-rc1/flink-core/mvn_dependencies/hamcrest-core-1.3.jar
SOOT_FACT_GEN: Preprocessing application: /u/p23lam/hacking/MockAbstraction/Benchmarks/flink-release-1.13.0-rc1/flink-core/mvn_dependencies/javassist-3.24.0-GA.jar
SOOT_FACT_GEN: Preprocessing application: /u/p23lam/hacking/MockAbstraction/Benchmarks/flink-release-1.13.0-rc1/flink-core/mvn_dependencies/joda-convert-1.7.jar
SOOT_FACT_GEN: Preprocessing application: /u/p23lam/hacking/MockAbstraction/Benchmarks/flink-release-1.13.0-rc1/flink-core/mvn_dependencies/joda-time-2.5.jar
SOOT_FACT_GEN: Preprocessing application: /u/p23lam/hacking/MockAbstraction/Benchmarks/flink-release-1.13.0-rc1/flink-core/mvn_dependencies/jsr305-1.3.9.jar
SOOT_FACT_GEN: Preprocessing application: /u/p23lam/hacking/MockAbstraction/Benchmarks/flink-release-1.13.0-rc1/flink-core/mvn_dependencies/junit-4.12.jar
SOOT_FACT_GEN: Preprocessing application: /u/p23lam/hacking/MockAbstraction/Benchmarks/flink-release-1.13.0-rc1/flink-core/mvn_dependencies/kryo-2.24.0.jar
SOOT_FACT_GEN: Preprocessing application: /u/p23lam/hacking/MockAbstraction/Benchmarks/flink-release-1.13.0-rc1/flink-core/mvn_dependencies/log4j-1.2-api-2.12.1.jar
SOOT_FACT_GEN: Preprocessing application: /u/p23lam/hacking/MockAbstraction/Benchmarks/flink-release-1.13.0-rc1/flink-core/mvn_dependencies/log4j-api-2.12.1.jar
SOOT_FACT_GEN: Preprocessing application: /u/p23lam/hacking/MockAbstraction/Benchmarks/flink-release-1.13.0-rc1/flink-core/mvn_dependencies/log4j-core-2.12.1.jar
SOOT_FACT_GEN: Preprocessing application: /u/p23lam/hacking/MockAbstraction/Benchmarks/flink-release-1.13.0-rc1/flink-core/mvn_dependencies/log4j-slf4j-impl-2.12.1.jar
SOOT_FACT_GEN: Preprocessing application: /u/p23lam/hacking/MockAbstraction/Benchmarks/flink-release-1.13.0-rc1/flink-core/mvn_dependencies/lombok-1.16.22.jar
SOOT_FACT_GEN: Preprocessing application: /u/p23lam/hacking/MockAbstraction/Benchmarks/flink-release-1.13.0-rc1/flink-core/mvn_dependencies/minlog-1.2.jar
SOOT_FACT_GEN: Preprocessing application: /u/p23lam/hacking/MockAbstraction/Benchmarks/flink-release-1.13.0-rc1/flink-core/mvn_dependencies/mockito-core-2.21.0.jar
SOOT_FACT_GEN: Preprocessing application: /u/p23lam/hacking/MockAbstraction/Benchmarks/flink-release-1.13.0-rc1/flink-core/mvn_dependencies/objenesis-2.1.jar
SOOT_FACT_GEN: Preprocessing application: /u/p23lam/hacking/MockAbstraction/Benchmarks/flink-release-1.13.0-rc1/flink-core/mvn_dependencies/powermock-api-mockito2-2.0.4.jar
SOOT_FACT_GEN: Preprocessing application: /u/p23lam/hacking/MockAbstraction/Benchmarks/flink-release-1.13.0-rc1/flink-core/mvn_dependencies/powermock-api-support-2.0.4.jar
SOOT_FACT_GEN: Preprocessing application: /u/p23lam/hacking/MockAbstraction/Benchmarks/flink-release-1.13.0-rc1/flink-core/mvn_dependencies/powermock-core-2.0.4.jar
SOOT_FACT_GEN: Preprocessing application: /u/p23lam/hacking/MockAbstraction/Benchmarks/flink-release-1.13.0-rc1/flink-core/mvn_dependencies/powermock-module-junit4-2.0.4.jar
SOOT_FACT_GEN: Preprocessing application: /u/p23lam/hacking/MockAbstraction/Benchmarks/flink-release-1.13.0-rc1/flink-core/mvn_dependencies/powermock-module-junit4-common-2.0.4.jar
SOOT_FACT_GEN: Preprocessing application: /u/p23lam/hacking/MockAbstraction/Benchmarks/flink-release-1.13.0-rc1/flink-core/mvn_dependencies/powermock-reflect-2.0.4.jar
SOOT_FACT_GEN: Preprocessing application: /u/p23lam/hacking/MockAbstraction/Benchmarks/flink-release-1.13.0-rc1/flink-core/mvn_dependencies/slf4j-api-1.7.15.jar
SOOT_FACT_GEN: Preprocessing application: /u/p23lam/hacking/MockAbstraction/Benchmarks/flink-release-1.13.0-rc1/flink-core/mvn_dependencies/zstd-jni-1.4.9-1.jar
SOOT_FACT_GEN: Preprocessing platform library: /u/p23lam/hacking/doop/build/tmp/rt_14776989557397149234.jar
SOOT_FACT_GEN: Preprocessing platform library: /u/p23lam/hacking/doop/build/tmp/jce_3768420951977244497.jar
SOOT_FACT_GEN: Preprocessing platform library: /u/p23lam/hacking/doop/build/tmp/jsse_17169071436438897329.jar
SOOT_FACT_GEN: Adding archive: /u/p23lam/hacking/MockAbstraction/Benchmarks/flink-release-1.13.0-rc1/flink-core/target/flink-core-1.13.0.jar
SOOT_FACT_GEN: Adding archive: /u/p23lam/hacking/MockAbstraction/Benchmarks/flink-release-1.13.0-rc1/flink-core/target/flink-core-1.13.0-tests.jar
SOOT_FACT_GEN: Adding archive: /u/p23lam/hacking/MockAbstraction/Benchmarks/flink-release-1.13.0-rc1/flink-core/mvn_dependencies/byte-buddy-1.8.15.jar
SOOT_FACT_GEN: Adding archive: /u/p23lam/hacking/MockAbstraction/Benchmarks/flink-release-1.13.0-rc1/flink-core/mvn_dependencies/byte-buddy-agent-1.8.15.jar
SOOT_FACT_GEN: Adding archive: /u/p23lam/hacking/MockAbstraction/Benchmarks/flink-release-1.13.0-rc1/flink-core/mvn_dependencies/commons-collections-3.2.2.jar
SOOT_FACT_GEN: Adding archive: /u/p23lam/hacking/MockAbstraction/Benchmarks/flink-release-1.13.0-rc1/flink-core/mvn_dependencies/commons-compress-1.20.jar
SOOT_FACT_GEN: Adding archive: /u/p23lam/hacking/MockAbstraction/Benchmarks/flink-release-1.13.0-rc1/flink-core/mvn_dependencies/commons-lang3-3.3.2.jar
SOOT_FACT_GEN: Adding archive: /u/p23lam/hacking/MockAbstraction/Benchmarks/flink-release-1.13.0-rc1/flink-core/mvn_dependencies/flink-annotations-1.13.0.jar
SOOT_FACT_GEN: Adding archive: /u/p23lam/hacking/MockAbstraction/Benchmarks/flink-release-1.13.0-rc1/flink-core/mvn_dependencies/flink-metrics-core-1.13.0.jar
SOOT_FACT_GEN: Adding archive: /u/p23lam/hacking/MockAbstraction/Benchmarks/flink-release-1.13.0-rc1/flink-core/mvn_dependencies/flink-shaded-asm-7-7.1-13.0.jar
SOOT_FACT_GEN: Adding archive: /u/p23lam/hacking/MockAbstraction/Benchmarks/flink-release-1.13.0-rc1/flink-core/mvn_dependencies/flink-shaded-guava-18.0-13.0.jar
SOOT_FACT_GEN: Adding archive: /u/p23lam/hacking/MockAbstraction/Benchmarks/flink-release-1.13.0-rc1/flink-core/mvn_dependencies/flink-shaded-jackson-2.12.1-13.0.jar
SOOT_FACT_GEN: Adding archive: /u/p23lam/hacking/MockAbstraction/Benchmarks/flink-release-1.13.0-rc1/flink-core/mvn_dependencies/flink-test-utils-junit-1.13.0.jar
SOOT_FACT_GEN: Adding archive: /u/p23lam/hacking/MockAbstraction/Benchmarks/flink-release-1.13.0-rc1/flink-core/mvn_dependencies/force-shading-1.13.0.jar
SOOT_FACT_GEN: Adding archive: /u/p23lam/hacking/MockAbstraction/Benchmarks/flink-release-1.13.0-rc1/flink-core/mvn_dependencies/hamcrest-all-1.3.jar
SOOT_FACT_GEN: Adding archive: /u/p23lam/hacking/MockAbstraction/Benchmarks/flink-release-1.13.0-rc1/flink-core/mvn_dependencies/hamcrest-core-1.3.jar
SOOT_FACT_GEN: Adding archive: /u/p23lam/hacking/MockAbstraction/Benchmarks/flink-release-1.13.0-rc1/flink-core/mvn_dependencies/javassist-3.24.0-GA.jar
SOOT_FACT_GEN: Adding archive: /u/p23lam/hacking/MockAbstraction/Benchmarks/flink-release-1.13.0-rc1/flink-core/mvn_dependencies/joda-convert-1.7.jar
SOOT_FACT_GEN: Adding archive: /u/p23lam/hacking/MockAbstraction/Benchmarks/flink-release-1.13.0-rc1/flink-core/mvn_dependencies/joda-time-2.5.jar
SOOT_FACT_GEN: Adding archive: /u/p23lam/hacking/MockAbstraction/Benchmarks/flink-release-1.13.0-rc1/flink-core/mvn_dependencies/jsr305-1.3.9.jar
SOOT_FACT_GEN: Adding archive: /u/p23lam/hacking/MockAbstraction/Benchmarks/flink-release-1.13.0-rc1/flink-core/mvn_dependencies/junit-4.12.jar
SOOT_FACT_GEN: Adding archive: /u/p23lam/hacking/MockAbstraction/Benchmarks/flink-release-1.13.0-rc1/flink-core/mvn_dependencies/kryo-2.24.0.jar
SOOT_FACT_GEN: Adding archive: /u/p23lam/hacking/MockAbstraction/Benchmarks/flink-release-1.13.0-rc1/flink-core/mvn_dependencies/log4j-1.2-api-2.12.1.jar
SOOT_FACT_GEN: Adding archive: /u/p23lam/hacking/MockAbstraction/Benchmarks/flink-release-1.13.0-rc1/flink-core/mvn_dependencies/log4j-api-2.12.1.jar
SOOT_FACT_GEN: Adding archive: /u/p23lam/hacking/MockAbstraction/Benchmarks/flink-release-1.13.0-rc1/flink-core/mvn_dependencies/log4j-core-2.12.1.jar
SOOT_FACT_GEN: Adding archive: /u/p23lam/hacking/MockAbstraction/Benchmarks/flink-release-1.13.0-rc1/flink-core/mvn_dependencies/log4j-slf4j-impl-2.12.1.jar
SOOT_FACT_GEN: Adding archive: /u/p23lam/hacking/MockAbstraction/Benchmarks/flink-release-1.13.0-rc1/flink-core/mvn_dependencies/lombok-1.16.22.jar
SOOT_FACT_GEN: Adding archive: /u/p23lam/hacking/MockAbstraction/Benchmarks/flink-release-1.13.0-rc1/flink-core/mvn_dependencies/minlog-1.2.jar
SOOT_FACT_GEN: Adding archive: /u/p23lam/hacking/MockAbstraction/Benchmarks/flink-release-1.13.0-rc1/flink-core/mvn_dependencies/mockito-core-2.21.0.jar
SOOT_FACT_GEN: Adding archive: /u/p23lam/hacking/MockAbstraction/Benchmarks/flink-release-1.13.0-rc1/flink-core/mvn_dependencies/objenesis-2.1.jar
SOOT_FACT_GEN: Adding archive: /u/p23lam/hacking/MockAbstraction/Benchmarks/flink-release-1.13.0-rc1/flink-core/mvn_dependencies/powermock-api-mockito2-2.0.4.jar
SOOT_FACT_GEN: Adding archive: /u/p23lam/hacking/MockAbstraction/Benchmarks/flink-release-1.13.0-rc1/flink-core/mvn_dependencies/powermock-api-support-2.0.4.jar
SOOT_FACT_GEN: Adding archive: /u/p23lam/hacking/MockAbstraction/Benchmarks/flink-release-1.13.0-rc1/flink-core/mvn_dependencies/powermock-core-2.0.4.jar
SOOT_FACT_GEN: Adding archive: /u/p23lam/hacking/MockAbstraction/Benchmarks/flink-release-1.13.0-rc1/flink-core/mvn_dependencies/powermock-module-junit4-2.0.4.jar
SOOT_FACT_GEN: Adding archive: /u/p23lam/hacking/MockAbstraction/Benchmarks/flink-release-1.13.0-rc1/flink-core/mvn_dependencies/powermock-module-junit4-common-2.0.4.jar
SOOT_FACT_GEN: Adding archive: /u/p23lam/hacking/MockAbstraction/Benchmarks/flink-release-1.13.0-rc1/flink-core/mvn_dependencies/powermock-reflect-2.0.4.jar
SOOT_FACT_GEN: Adding archive: /u/p23lam/hacking/MockAbstraction/Benchmarks/flink-release-1.13.0-rc1/flink-core/mvn_dependencies/slf4j-api-1.7.15.jar
SOOT_FACT_GEN: Adding archive: /u/p23lam/hacking/MockAbstraction/Benchmarks/flink-release-1.13.0-rc1/flink-core/mvn_dependencies/zstd-jni-1.4.9-1.jar
SOOT_FACT_GEN: Adding archive for resolving: /u/p23lam/hacking/doop/build/tmp/rt_14776989557397149234.jar
SOOT_FACT_GEN: Adding archive for resolving: /u/p23lam/hacking/doop/build/tmp/jce_3768420951977244497.jar
SOOT_FACT_GEN: Adding archive for resolving: /u/p23lam/hacking/doop/build/tmp/jsse_17169071436438897329.jar
SOOT_FACT_GEN: Classes in input (application) jar(s): 12284
SOOT_FACT_GEN: Total classes in Scene: 20318
SOOT_FACT_GEN: Retrieved all bodies (time: 74)
SOOT_FACT_GEN: Fact generation cores: 32
SOOT_FACT_GEN: WARNING: some classes were not resolved, consider using thorough fact generation or adding them manually via --also-resolve: [java.beans.Customizer, javax.sound.sampled.Port, java.awt.dnd.MouseDragGestureRecognizer, com.sun.tools.javac.processing.JavacFiler, com.sun.beans.editors.BooleanEditor, org.apache.flink.api.java.typeutils.runtime.MultidimensionalArraySerializerTest$MyGenericPojo[], sun.util.locale.provider.HostLocaleProviderAdapterImpl, com.sun.java.util.jar.pack.PackerImpl, com.sun.java.util.jar.pack.UnpackerImpl, int[], com.sun.management.GarbageCollectorMXBean, com.sun.beans.editors.LongEditor, java.lang.Integer[], com.sun.beans.editors.DoubleEditor, com.sun.beans.editors.ByteEditor, com.sun.beans.editors.FloatEditor, com.sun.beans.editors.IntegerEditor, org.apache.flink.api.java.typeutils.runtime.MultidimensionalArraySerializerTest$MyPojo[], java.lang.String[], java.util.concurrent.ConcurrentNavigableMap, com.sun.beans.editors.ShortEditor, java.util.concurrent.ConcurrentSkipListMap]
SOOT_FACT_GEN: Found 1432 phantom references. Rerun with '--report-phantoms' for more details.
SOOT_FACT_GEN: Methods without active bodies encountered (and reset): 0
Soot fact generation time: 138
Caching facts in /u/p23lam/hacking/doop/cache/53357b07d0ece1866a73c3b8421adc2dac1c9f8c1b5505e639ef5447a8be9682
Copying /u/p23lam/hacking/doop/out/flink-release-1.13.0-rc1-basic-only-NORMAL/database to /u/p23lam/hacking/doop/cache/53357b07d0ece1866a73c3b8421adc2dac1c9f8c1b5505e639ef5447a8be9682...
----
[Task FACTS Done]
Using /usr/bin/time to gather performance statistics...
Running analysis
2492.91user 106.63system 5:32.05elapsed 782%CPU (0avgtext+0avgdata 3505824maxresident)k
24inputs+94358576outputs (0major+5769977minor)pagefaults 0swaps
Analysis execution time (sec): 332
-- Runtime metrics --
analysis compilation time (sec)                                                  0
analysis execution time (sec)                                                    332
disk footprint (KB)                                                              32,767,397
fact generation time (sec)                                                       138
Making database available at /u/p23lam/hacking/doop/results/flink-core-1.13.0/basic-only/java_8/flink-release-1.13.0-rc1-basic-only-NORMAL
Making database available at /u/p23lam/hacking/doop/last-analysis

Deprecated Gradle features were used in this build, making it incompatible with Gradle 8.0.

You can use '--warning-mode all' to show the individual deprecation warnings and determine if they come from your own scripts or plugins.

See https://docs.gradle.org/7.3.3/userguide/command_line_interface.html#sec:command_line_warnings

BUILD SUCCESSFUL in 8m 24s
24 actionable tasks: 12 executed, 12 up-to-date
