./doop -a 1-object-sensitive -i /u/q8liang/Benchmarks/maven-maven-3.8.1/maven-core/target/maven-core-3.8.1.jar -i /u/q8liang/Benchmarks/maven-maven-3.8.1/maven-core/target/maven-core-3.8.1-tests.jar -i /u/q8liang/Benchmarks/maven-maven-3.8.1/maven-core/mvn_dependencies --id maven-core-1-object-sensitive-NORMAL --souffle-jobs 32 --main org.apache.maven.RootDriver --define-cpp-macro USE_CALLGRAPH --extra-logic souffle-logic/analyses/mocks/mocks.dl
> Task :generators:code-processor:generateGrammarSource UP-TO-DATE
> Task :generators:code-processor:compileJava UP-TO-DATE
> Task :generators:code-processor:compileGroovy UP-TO-DATE
> Task :generators:code-processor:processResources NO-SOURCE
> Task :generators:code-processor:classes UP-TO-DATE
> Task :generators:code-processor:jar UP-TO-DATE
> Task :generators:fact-generator-common:compileJava UP-TO-DATE
> Task :generators:fact-generator-common:processResources NO-SOURCE
> Task :generators:fact-generator-common:classes UP-TO-DATE
> Task :generators:fact-generator-common:shadowJar UP-TO-DATE
> Task :compileJava UP-TO-DATE
> Task :compileGroovy UP-TO-DATE
> Task :resolveApktool
> Task :generators:dex-fact-generator:compileJava UP-TO-DATE
> Task :generators:dex-fact-generator:processResources NO-SOURCE
> Task :generators:dex-fact-generator:classes UP-TO-DATE
> Task :generators:dex-fact-generator:fatJar UP-TO-DATE
> Task :generators:dex-fact-generator:installJar UP-TO-DATE
> Task :generators:soot-fact-generator:compileJava UP-TO-DATE
> Task :generators:soot-fact-generator:compileGroovy NO-SOURCE
> Task :generators:soot-fact-generator:processResources NO-SOURCE
> Task :generators:soot-fact-generator:classes UP-TO-DATE
> Task :generators:soot-fact-generator:fatJar UP-TO-DATE
> Task :generators:soot-fact-generator:installJar UP-TO-DATE
> Task :generators:wala-fact-generator:compileJava UP-TO-DATE
> Task :generators:wala-fact-generator:processResources UP-TO-DATE
> Task :generators:wala-fact-generator:classes UP-TO-DATE
> Task :generators:wala-fact-generator:fatJar UP-TO-DATE
> Task :generators:wala-fact-generator:installJar UP-TO-DATE
> Task :resourceInstaller
> Task :processResources UP-TO-DATE
> Task :classes UP-TO-DATE
> Task :writeGitCommitHash UP-TO-DATE

> Task :run
Main class(es) expanded with [org.apache.maven.RootDriver]
WARNING: Handling of Java reflection is disabled!
New 1-object-sensitive analysis
Id       : maven-core-1-object-sensitive-NORMAL
Inputs   : /u/q8liang/Benchmarks/maven-maven-3.8.1/maven-core/target/maven-core-3.8.1.jar, /u/q8liang/Benchmarks/maven-maven-3.8.1/maven-core/target/maven-core-3.8.1-tests.jar, /u/q8liang/Benchmarks/maven-maven-3.8.1/maven-core/mvn_dependencies/animal-sniffer-annotations-1.14.jar, /u/q8liang/Benchmarks/maven-maven-3.8.1/maven-core/mvn_dependencies/aopalliance-1.0.jar, /u/q8liang/Benchmarks/maven-maven-3.8.1/maven-core/mvn_dependencies/byte-buddy-1.8.15.jar, /u/q8liang/Benchmarks/maven-maven-3.8.1/maven-core/mvn_dependencies/byte-buddy-agent-1.8.15.jar, /u/q8liang/Benchmarks/maven-maven-3.8.1/maven-core/mvn_dependencies/cdi-api-1.0.jar, /u/q8liang/Benchmarks/maven-maven-3.8.1/maven-core/mvn_dependencies/checker-compat-qual-2.0.0.jar, /u/q8liang/Benchmarks/maven-maven-3.8.1/maven-core/mvn_dependencies/commons-io-2.5.jar, /u/q8liang/Benchmarks/maven-maven-3.8.1/maven-core/mvn_dependencies/commons-jxpath-1.3.jar, /u/q8liang/Benchmarks/maven-maven-3.8.1/maven-core/mvn_dependencies/commons-lang3-3.8.1.jar, /u/q8liang/Benchmarks/maven-maven-3.8.1/maven-core/mvn_dependencies/error_prone_annotations-2.1.3.jar, /u/q8liang/Benchmarks/maven-maven-3.8.1/maven-core/mvn_dependencies/guava-25.1-android.jar, /u/q8liang/Benchmarks/maven-maven-3.8.1/maven-core/mvn_dependencies/guice-4.2.1-no_aop.jar, /u/q8liang/Benchmarks/maven-maven-3.8.1/maven-core/mvn_dependencies/hamcrest-core-1.3.jar, /u/q8liang/Benchmarks/maven-maven-3.8.1/maven-core/mvn_dependencies/hamcrest-library-1.3.jar, /u/q8liang/Benchmarks/maven-maven-3.8.1/maven-core/mvn_dependencies/j2objc-annotations-1.1.jar, /u/q8liang/Benchmarks/maven-maven-3.8.1/maven-core/mvn_dependencies/javax.inject-1.jar, /u/q8liang/Benchmarks/maven-maven-3.8.1/maven-core/mvn_dependencies/jsr250-api-1.0.jar, /u/q8liang/Benchmarks/maven-maven-3.8.1/maven-core/mvn_dependencies/jsr305-3.0.2.jar, /u/q8liang/Benchmarks/maven-maven-3.8.1/maven-core/mvn_dependencies/junit-4.12.jar, /u/q8liang/Benchmarks/maven-maven-3.8.1/maven-core/mvn_dependencies/maven-artifact-3.8.1.jar, /u/q8liang/Benchmarks/maven-maven-3.8.1/maven-core/mvn_dependencies/maven-builder-support-3.8.1.jar, /u/q8liang/Benchmarks/maven-maven-3.8.1/maven-core/mvn_dependencies/maven-model-3.8.1.jar, /u/q8liang/Benchmarks/maven-maven-3.8.1/maven-core/mvn_dependencies/maven-model-builder-3.8.1.jar, /u/q8liang/Benchmarks/maven-maven-3.8.1/maven-core/mvn_dependencies/maven-plugin-api-3.8.1.jar, /u/q8liang/Benchmarks/maven-maven-3.8.1/maven-core/mvn_dependencies/maven-repository-metadata-3.8.1.jar, /u/q8liang/Benchmarks/maven-maven-3.8.1/maven-core/mvn_dependencies/maven-resolver-api-1.6.2.jar, /u/q8liang/Benchmarks/maven-maven-3.8.1/maven-core/mvn_dependencies/maven-resolver-impl-1.6.2.jar, /u/q8liang/Benchmarks/maven-maven-3.8.1/maven-core/mvn_dependencies/maven-resolver-provider-3.8.1.jar, /u/q8liang/Benchmarks/maven-maven-3.8.1/maven-core/mvn_dependencies/maven-resolver-spi-1.6.2.jar, /u/q8liang/Benchmarks/maven-maven-3.8.1/maven-core/mvn_dependencies/maven-resolver-util-1.6.2.jar, /u/q8liang/Benchmarks/maven-maven-3.8.1/maven-core/mvn_dependencies/maven-settings-3.8.1.jar, /u/q8liang/Benchmarks/maven-maven-3.8.1/maven-core/mvn_dependencies/maven-settings-builder-3.8.1.jar, /u/q8liang/Benchmarks/maven-maven-3.8.1/maven-core/mvn_dependencies/maven-shared-utils-3.2.1.jar, /u/q8liang/Benchmarks/maven-maven-3.8.1/maven-core/mvn_dependencies/mockito-core-2.21.0.jar, /u/q8liang/Benchmarks/maven-maven-3.8.1/maven-core/mvn_dependencies/objenesis-2.6.jar, /u/q8liang/Benchmarks/maven-maven-3.8.1/maven-core/mvn_dependencies/org.eclipse.sisu.inject-0.3.4.jar, /u/q8liang/Benchmarks/maven-maven-3.8.1/maven-core/mvn_dependencies/org.eclipse.sisu.plexus-0.3.4.jar, /u/q8liang/Benchmarks/maven-maven-3.8.1/maven-core/mvn_dependencies/plexus-cipher-1.7.jar, /u/q8liang/Benchmarks/maven-maven-3.8.1/maven-core/mvn_dependencies/plexus-classworlds-2.6.0.jar, /u/q8liang/Benchmarks/maven-maven-3.8.1/maven-core/mvn_dependencies/plexus-component-annotations-2.1.0.jar, /u/q8liang/Benchmarks/maven-maven-3.8.1/maven-core/mvn_dependencies/plexus-interpolation-1.25.jar, /u/q8liang/Benchmarks/maven-maven-3.8.1/maven-core/mvn_dependencies/plexus-sec-dispatcher-1.4.jar, /u/q8liang/Benchmarks/maven-maven-3.8.1/maven-core/mvn_dependencies/plexus-utils-3.2.1.jar, /u/q8liang/Benchmarks/maven-maven-3.8.1/maven-core/mvn_dependencies/slf4j-api-1.7.29.jar
Libraries: 
Using a timeout of 90 min.
Adding extra logic file /u/q8liang/doop_new/souffle-logic/analyses/mocks/mocks.dl
[Task FACTS...]
[Task COMPILE...]
-- Fact Generation --
Using cached analysis executable /u/q8liang/doop_new/cache/souffle-analyses/1-object-sensitive/9cf2c2c1b6185364f8c730633c39c6c33847ea2fb8c1f2b62a4e45f8f58de71e
[Task COMPILE Done]
SOOT_FACT_GEN: Logging initialized, using directory: /u/q8liang/doop_new/build/logs
SOOT_FACT_GEN: SLF4J: Failed to load class "org.slf4j.impl.StaticLoggerBinder".
SOOT_FACT_GEN: SLF4J: Defaulting to no-operation (NOP) logger implementation
SOOT_FACT_GEN: SLF4J: See http://www.slf4j.org/codes.html#StaticLoggerBinder for further details.
SOOT_FACT_GEN: Preprocessing application: /u/q8liang/Benchmarks/maven-maven-3.8.1/maven-core/target/maven-core-3.8.1.jar
SOOT_FACT_GEN: Preprocessing application: /u/q8liang/Benchmarks/maven-maven-3.8.1/maven-core/target/maven-core-3.8.1-tests.jar
SOOT_FACT_GEN: Preprocessing application: /u/q8liang/Benchmarks/maven-maven-3.8.1/maven-core/mvn_dependencies/animal-sniffer-annotations-1.14.jar
SOOT_FACT_GEN: Preprocessing application: /u/q8liang/Benchmarks/maven-maven-3.8.1/maven-core/mvn_dependencies/aopalliance-1.0.jar
SOOT_FACT_GEN: Preprocessing application: /u/q8liang/Benchmarks/maven-maven-3.8.1/maven-core/mvn_dependencies/byte-buddy-1.8.15.jar
SOOT_FACT_GEN: Preprocessing application: /u/q8liang/Benchmarks/maven-maven-3.8.1/maven-core/mvn_dependencies/byte-buddy-agent-1.8.15.jar
SOOT_FACT_GEN: Preprocessing application: /u/q8liang/Benchmarks/maven-maven-3.8.1/maven-core/mvn_dependencies/cdi-api-1.0.jar
SOOT_FACT_GEN: Preprocessing application: /u/q8liang/Benchmarks/maven-maven-3.8.1/maven-core/mvn_dependencies/checker-compat-qual-2.0.0.jar
SOOT_FACT_GEN: Preprocessing application: /u/q8liang/Benchmarks/maven-maven-3.8.1/maven-core/mvn_dependencies/commons-io-2.5.jar
SOOT_FACT_GEN: Preprocessing application: /u/q8liang/Benchmarks/maven-maven-3.8.1/maven-core/mvn_dependencies/commons-jxpath-1.3.jar
SOOT_FACT_GEN: Preprocessing application: /u/q8liang/Benchmarks/maven-maven-3.8.1/maven-core/mvn_dependencies/commons-lang3-3.8.1.jar
SOOT_FACT_GEN: Preprocessing application: /u/q8liang/Benchmarks/maven-maven-3.8.1/maven-core/mvn_dependencies/error_prone_annotations-2.1.3.jar
SOOT_FACT_GEN: Preprocessing application: /u/q8liang/Benchmarks/maven-maven-3.8.1/maven-core/mvn_dependencies/guava-25.1-android.jar
SOOT_FACT_GEN: Preprocessing application: /u/q8liang/Benchmarks/maven-maven-3.8.1/maven-core/mvn_dependencies/guice-4.2.1-no_aop.jar
SOOT_FACT_GEN: Preprocessing application: /u/q8liang/Benchmarks/maven-maven-3.8.1/maven-core/mvn_dependencies/hamcrest-core-1.3.jar
SOOT_FACT_GEN: Preprocessing application: /u/q8liang/Benchmarks/maven-maven-3.8.1/maven-core/mvn_dependencies/hamcrest-library-1.3.jar
SOOT_FACT_GEN: Preprocessing application: /u/q8liang/Benchmarks/maven-maven-3.8.1/maven-core/mvn_dependencies/j2objc-annotations-1.1.jar
SOOT_FACT_GEN: Preprocessing application: /u/q8liang/Benchmarks/maven-maven-3.8.1/maven-core/mvn_dependencies/javax.inject-1.jar
SOOT_FACT_GEN: Preprocessing application: /u/q8liang/Benchmarks/maven-maven-3.8.1/maven-core/mvn_dependencies/jsr250-api-1.0.jar
SOOT_FACT_GEN: Preprocessing application: /u/q8liang/Benchmarks/maven-maven-3.8.1/maven-core/mvn_dependencies/jsr305-3.0.2.jar
SOOT_FACT_GEN: Preprocessing application: /u/q8liang/Benchmarks/maven-maven-3.8.1/maven-core/mvn_dependencies/junit-4.12.jar
SOOT_FACT_GEN: Preprocessing application: /u/q8liang/Benchmarks/maven-maven-3.8.1/maven-core/mvn_dependencies/maven-artifact-3.8.1.jar
SOOT_FACT_GEN: Preprocessing application: /u/q8liang/Benchmarks/maven-maven-3.8.1/maven-core/mvn_dependencies/maven-builder-support-3.8.1.jar
SOOT_FACT_GEN: Preprocessing application: /u/q8liang/Benchmarks/maven-maven-3.8.1/maven-core/mvn_dependencies/maven-model-3.8.1.jar
SOOT_FACT_GEN: Preprocessing application: /u/q8liang/Benchmarks/maven-maven-3.8.1/maven-core/mvn_dependencies/maven-model-builder-3.8.1.jar
SOOT_FACT_GEN: Preprocessing application: /u/q8liang/Benchmarks/maven-maven-3.8.1/maven-core/mvn_dependencies/maven-plugin-api-3.8.1.jar
SOOT_FACT_GEN: Preprocessing application: /u/q8liang/Benchmarks/maven-maven-3.8.1/maven-core/mvn_dependencies/maven-repository-metadata-3.8.1.jar
SOOT_FACT_GEN: Preprocessing application: /u/q8liang/Benchmarks/maven-maven-3.8.1/maven-core/mvn_dependencies/maven-resolver-api-1.6.2.jar
SOOT_FACT_GEN: Preprocessing application: /u/q8liang/Benchmarks/maven-maven-3.8.1/maven-core/mvn_dependencies/maven-resolver-impl-1.6.2.jar
SOOT_FACT_GEN: Preprocessing application: /u/q8liang/Benchmarks/maven-maven-3.8.1/maven-core/mvn_dependencies/maven-resolver-provider-3.8.1.jar
SOOT_FACT_GEN: Preprocessing application: /u/q8liang/Benchmarks/maven-maven-3.8.1/maven-core/mvn_dependencies/maven-resolver-spi-1.6.2.jar
SOOT_FACT_GEN: Preprocessing application: /u/q8liang/Benchmarks/maven-maven-3.8.1/maven-core/mvn_dependencies/maven-resolver-util-1.6.2.jar
SOOT_FACT_GEN: Preprocessing application: /u/q8liang/Benchmarks/maven-maven-3.8.1/maven-core/mvn_dependencies/maven-settings-3.8.1.jar
SOOT_FACT_GEN: Preprocessing application: /u/q8liang/Benchmarks/maven-maven-3.8.1/maven-core/mvn_dependencies/maven-settings-builder-3.8.1.jar
SOOT_FACT_GEN: Preprocessing application: /u/q8liang/Benchmarks/maven-maven-3.8.1/maven-core/mvn_dependencies/maven-shared-utils-3.2.1.jar
SOOT_FACT_GEN: Preprocessing application: /u/q8liang/Benchmarks/maven-maven-3.8.1/maven-core/mvn_dependencies/mockito-core-2.21.0.jar
SOOT_FACT_GEN: Preprocessing application: /u/q8liang/Benchmarks/maven-maven-3.8.1/maven-core/mvn_dependencies/objenesis-2.6.jar
SOOT_FACT_GEN: Preprocessing application: /u/q8liang/Benchmarks/maven-maven-3.8.1/maven-core/mvn_dependencies/org.eclipse.sisu.inject-0.3.4.jar
SOOT_FACT_GEN: Preprocessing application: /u/q8liang/Benchmarks/maven-maven-3.8.1/maven-core/mvn_dependencies/org.eclipse.sisu.plexus-0.3.4.jar
SOOT_FACT_GEN: Preprocessing application: /u/q8liang/Benchmarks/maven-maven-3.8.1/maven-core/mvn_dependencies/plexus-cipher-1.7.jar
SOOT_FACT_GEN: Preprocessing application: /u/q8liang/Benchmarks/maven-maven-3.8.1/maven-core/mvn_dependencies/plexus-classworlds-2.6.0.jar
SOOT_FACT_GEN: Preprocessing application: /u/q8liang/Benchmarks/maven-maven-3.8.1/maven-core/mvn_dependencies/plexus-component-annotations-2.1.0.jar
SOOT_FACT_GEN: Preprocessing application: /u/q8liang/Benchmarks/maven-maven-3.8.1/maven-core/mvn_dependencies/plexus-interpolation-1.25.jar
SOOT_FACT_GEN: Preprocessing application: /u/q8liang/Benchmarks/maven-maven-3.8.1/maven-core/mvn_dependencies/plexus-sec-dispatcher-1.4.jar
SOOT_FACT_GEN: Preprocessing application: /u/q8liang/Benchmarks/maven-maven-3.8.1/maven-core/mvn_dependencies/plexus-utils-3.2.1.jar
SOOT_FACT_GEN: Preprocessing application: /u/q8liang/Benchmarks/maven-maven-3.8.1/maven-core/mvn_dependencies/slf4j-api-1.7.29.jar
SOOT_FACT_GEN: Preprocessing platform library: /u/q8liang/doop_new/build/tmp/rt_853775711381555542.jar
SOOT_FACT_GEN: Preprocessing platform library: /u/q8liang/doop_new/build/tmp/jce_3336567241028952829.jar
SOOT_FACT_GEN: Preprocessing platform library: /u/q8liang/doop_new/build/tmp/jsse_6121718379308511586.jar
SOOT_FACT_GEN: Adding archive: /u/q8liang/Benchmarks/maven-maven-3.8.1/maven-core/target/maven-core-3.8.1.jar
SOOT_FACT_GEN: Adding archive: /u/q8liang/Benchmarks/maven-maven-3.8.1/maven-core/target/maven-core-3.8.1-tests.jar
SOOT_FACT_GEN: Adding archive: /u/q8liang/Benchmarks/maven-maven-3.8.1/maven-core/mvn_dependencies/animal-sniffer-annotations-1.14.jar
SOOT_FACT_GEN: Adding archive: /u/q8liang/Benchmarks/maven-maven-3.8.1/maven-core/mvn_dependencies/aopalliance-1.0.jar
SOOT_FACT_GEN: Adding archive: /u/q8liang/Benchmarks/maven-maven-3.8.1/maven-core/mvn_dependencies/byte-buddy-1.8.15.jar
SOOT_FACT_GEN: Adding archive: /u/q8liang/Benchmarks/maven-maven-3.8.1/maven-core/mvn_dependencies/byte-buddy-agent-1.8.15.jar
SOOT_FACT_GEN: Adding archive: /u/q8liang/Benchmarks/maven-maven-3.8.1/maven-core/mvn_dependencies/cdi-api-1.0.jar
SOOT_FACT_GEN: Adding archive: /u/q8liang/Benchmarks/maven-maven-3.8.1/maven-core/mvn_dependencies/checker-compat-qual-2.0.0.jar
SOOT_FACT_GEN: Adding archive: /u/q8liang/Benchmarks/maven-maven-3.8.1/maven-core/mvn_dependencies/commons-io-2.5.jar
SOOT_FACT_GEN: Adding archive: /u/q8liang/Benchmarks/maven-maven-3.8.1/maven-core/mvn_dependencies/commons-jxpath-1.3.jar
SOOT_FACT_GEN: Adding archive: /u/q8liang/Benchmarks/maven-maven-3.8.1/maven-core/mvn_dependencies/commons-lang3-3.8.1.jar
SOOT_FACT_GEN: Adding archive: /u/q8liang/Benchmarks/maven-maven-3.8.1/maven-core/mvn_dependencies/error_prone_annotations-2.1.3.jar
SOOT_FACT_GEN: Adding archive: /u/q8liang/Benchmarks/maven-maven-3.8.1/maven-core/mvn_dependencies/guava-25.1-android.jar
SOOT_FACT_GEN: Adding archive: /u/q8liang/Benchmarks/maven-maven-3.8.1/maven-core/mvn_dependencies/guice-4.2.1-no_aop.jar
SOOT_FACT_GEN: Adding archive: /u/q8liang/Benchmarks/maven-maven-3.8.1/maven-core/mvn_dependencies/hamcrest-core-1.3.jar
SOOT_FACT_GEN: Adding archive: /u/q8liang/Benchmarks/maven-maven-3.8.1/maven-core/mvn_dependencies/hamcrest-library-1.3.jar
SOOT_FACT_GEN: Adding archive: /u/q8liang/Benchmarks/maven-maven-3.8.1/maven-core/mvn_dependencies/j2objc-annotations-1.1.jar
SOOT_FACT_GEN: Adding archive: /u/q8liang/Benchmarks/maven-maven-3.8.1/maven-core/mvn_dependencies/javax.inject-1.jar
SOOT_FACT_GEN: Adding archive: /u/q8liang/Benchmarks/maven-maven-3.8.1/maven-core/mvn_dependencies/jsr250-api-1.0.jar
SOOT_FACT_GEN: Adding archive: /u/q8liang/Benchmarks/maven-maven-3.8.1/maven-core/mvn_dependencies/jsr305-3.0.2.jar
SOOT_FACT_GEN: Adding archive: /u/q8liang/Benchmarks/maven-maven-3.8.1/maven-core/mvn_dependencies/junit-4.12.jar
SOOT_FACT_GEN: Adding archive: /u/q8liang/Benchmarks/maven-maven-3.8.1/maven-core/mvn_dependencies/maven-artifact-3.8.1.jar
SOOT_FACT_GEN: Adding archive: /u/q8liang/Benchmarks/maven-maven-3.8.1/maven-core/mvn_dependencies/maven-builder-support-3.8.1.jar
SOOT_FACT_GEN: Adding archive: /u/q8liang/Benchmarks/maven-maven-3.8.1/maven-core/mvn_dependencies/maven-model-3.8.1.jar
SOOT_FACT_GEN: Adding archive: /u/q8liang/Benchmarks/maven-maven-3.8.1/maven-core/mvn_dependencies/maven-model-builder-3.8.1.jar
SOOT_FACT_GEN: Adding archive: /u/q8liang/Benchmarks/maven-maven-3.8.1/maven-core/mvn_dependencies/maven-plugin-api-3.8.1.jar
SOOT_FACT_GEN: Adding archive: /u/q8liang/Benchmarks/maven-maven-3.8.1/maven-core/mvn_dependencies/maven-repository-metadata-3.8.1.jar
SOOT_FACT_GEN: Adding archive: /u/q8liang/Benchmarks/maven-maven-3.8.1/maven-core/mvn_dependencies/maven-resolver-api-1.6.2.jar
SOOT_FACT_GEN: Adding archive: /u/q8liang/Benchmarks/maven-maven-3.8.1/maven-core/mvn_dependencies/maven-resolver-impl-1.6.2.jar
SOOT_FACT_GEN: Adding archive: /u/q8liang/Benchmarks/maven-maven-3.8.1/maven-core/mvn_dependencies/maven-resolver-provider-3.8.1.jar
SOOT_FACT_GEN: Adding archive: /u/q8liang/Benchmarks/maven-maven-3.8.1/maven-core/mvn_dependencies/maven-resolver-spi-1.6.2.jar
SOOT_FACT_GEN: Adding archive: /u/q8liang/Benchmarks/maven-maven-3.8.1/maven-core/mvn_dependencies/maven-resolver-util-1.6.2.jar
SOOT_FACT_GEN: Adding archive: /u/q8liang/Benchmarks/maven-maven-3.8.1/maven-core/mvn_dependencies/maven-settings-3.8.1.jar
SOOT_FACT_GEN: Adding archive: /u/q8liang/Benchmarks/maven-maven-3.8.1/maven-core/mvn_dependencies/maven-settings-builder-3.8.1.jar
SOOT_FACT_GEN: Adding archive: /u/q8liang/Benchmarks/maven-maven-3.8.1/maven-core/mvn_dependencies/maven-shared-utils-3.2.1.jar
SOOT_FACT_GEN: Adding archive: /u/q8liang/Benchmarks/maven-maven-3.8.1/maven-core/mvn_dependencies/mockito-core-2.21.0.jar
SOOT_FACT_GEN: Adding archive: /u/q8liang/Benchmarks/maven-maven-3.8.1/maven-core/mvn_dependencies/objenesis-2.6.jar
SOOT_FACT_GEN: Adding archive: /u/q8liang/Benchmarks/maven-maven-3.8.1/maven-core/mvn_dependencies/org.eclipse.sisu.inject-0.3.4.jar
SOOT_FACT_GEN: Adding archive: /u/q8liang/Benchmarks/maven-maven-3.8.1/maven-core/mvn_dependencies/org.eclipse.sisu.plexus-0.3.4.jar
SOOT_FACT_GEN: Adding archive: /u/q8liang/Benchmarks/maven-maven-3.8.1/maven-core/mvn_dependencies/plexus-cipher-1.7.jar
SOOT_FACT_GEN: Adding archive: /u/q8liang/Benchmarks/maven-maven-3.8.1/maven-core/mvn_dependencies/plexus-classworlds-2.6.0.jar
SOOT_FACT_GEN: Adding archive: /u/q8liang/Benchmarks/maven-maven-3.8.1/maven-core/mvn_dependencies/plexus-component-annotations-2.1.0.jar
SOOT_FACT_GEN: Adding archive: /u/q8liang/Benchmarks/maven-maven-3.8.1/maven-core/mvn_dependencies/plexus-interpolation-1.25.jar
SOOT_FACT_GEN: Adding archive: /u/q8liang/Benchmarks/maven-maven-3.8.1/maven-core/mvn_dependencies/plexus-sec-dispatcher-1.4.jar
SOOT_FACT_GEN: Adding archive: /u/q8liang/Benchmarks/maven-maven-3.8.1/maven-core/mvn_dependencies/plexus-utils-3.2.1.jar
SOOT_FACT_GEN: Adding archive: /u/q8liang/Benchmarks/maven-maven-3.8.1/maven-core/mvn_dependencies/slf4j-api-1.7.29.jar
SOOT_FACT_GEN: Adding archive for resolving: /u/q8liang/doop_new/build/tmp/rt_853775711381555542.jar
SOOT_FACT_GEN: Adding archive for resolving: /u/q8liang/doop_new/build/tmp/jce_3336567241028952829.jar
SOOT_FACT_GEN: Adding archive for resolving: /u/q8liang/doop_new/build/tmp/jsse_6121718379308511586.jar
SOOT_FACT_GEN: Classes in input (application) jar(s): 8140
SOOT_FACT_GEN: Total classes in Scene: 15629
SOOT_FACT_GEN: Retrieved all bodies (time: 61)
SOOT_FACT_GEN: Fact generation cores: 32
SOOT_FACT_GEN: WARNING: some classes were not resolved, consider using thorough fact generation or adding them manually via --also-resolve: [java.beans.Customizer, javax.sound.sampled.Port, java.awt.dnd.MouseDragGestureRecognizer, com.sun.beans.editors.BooleanEditor, com.sun.management.GarbageCollectorMXBean, com.sun.beans.editors.LongEditor, com.sun.beans.editors.ShortEditor, sun.util.locale.provider.HostLocaleProviderAdapterImpl, com.sun.beans.editors.DoubleEditor, com.sun.beans.editors.ByteEditor, com.sun.beans.editors.FloatEditor, com.sun.beans.editors.IntegerEditor]
SOOT_FACT_GEN: Found 584 phantom references. Rerun with '--report-phantoms' for more details.
SOOT_FACT_GEN: Methods without active bodies encountered (and reset): 0
Soot fact generation time: 107
Caching facts in /u/q8liang/doop_new/cache/d810ed2979e11dbbba5f66e06eecc5a6728a6ef2529840d74345a6b9207aacf0
Copying /u/q8liang/doop_new/out/maven-core-1-object-sensitive-NORMAL/database to /u/q8liang/doop_new/cache/d810ed2979e11dbbba5f66e06eecc5a6728a6ef2529840d74345a6b9207aacf0...
----
[Task FACTS Done]
Using /usr/bin/time to gather performance statistics...
Running analysis
Runtime info monitored in /u/q8liang/doop_new/out/maven-core-1-object-sensitive-NORMAL/monitoring.txt (& /u/q8liang/doop_new/out/maven-core-1-object-sensitive-NORMAL/monitoring.latest.txt)
787.90user 68.68system 15:14.64elapsed 93%CPU (0avgtext+0avgdata 7042256maxresident)k
11336inputs+71600400outputs (8major+20188927minor)pagefaults 0swaps
Analysis execution time (sec): 914
-- Runtime metrics --
analysis compilation time (sec)                                                  0
analysis execution time (sec)                                                    914
disk footprint (KB)                                                              35,843,746
fact generation time (sec)                                                       107
-- Statistics --
var points-to (INS)                                                              5,456,337
var points-to (SENS)                                                             31,328,037
reachable variables (INS)                                                        153,404
reachable variables (SENS)                                                       718,554
reachable methods (INS)                                                          17,644
reachable methods (SENS)                                                         114,105
total methods                                                                    128,585
virtual call sites (statically)                                                  250,286
reachable virtual call sites                                                     42,337
polymorphic virtual call sites                                                   2,615
null virtual call sites                                                          9,058
empty virtual call sites                                                         2,145
app virtual call sites (statically)                                              111,411
app reachable virtual call sites                                                 18,297
app polymorphic virtual call sites                                               1,122
app null virtual call sites                                                      3,341
app empty reachable virtual call sites                                           1,316
array index points-to (INS)                                                      165,675
array index points-to (SENS)                                                     165,675
casts (statically)                                                               34,826
reachable casts                                                                  2,957
reachable casts that may fail                                                    2,080
app casts (statically)                                                           13,478
app reachable casts                                                              1,274
app reachable casts that may fail                                                942
app reachable methods                                                            7,152
app concrete methods                                                             52,948
instance field points-to (INS)                                                   244,887
instance field points-to (SENS)                                                  244,887
static field points-to (INS)                                                     3,842
static field points-to (SENS)                                                    3,842
app var points-to (INS)                                                          2,621,236
app var points-to (SENS)                                                         6,485,972
java.util var points-to (INS)                                                    1,406,519
java.util var points-to (SENS)                                                   15,090,850
app array index points-to (INS)                                                  129,323
app array index points-to (SENS)                                                 129,323
mock objects                                                                     0
mock objects for receivers                                                       0
mock objects for arg                                                             0
forced-reachable formals that could not be mocked                                0
app instance field points-to (INS)                                               116,620
app instance field points-to (SENS)                                              116,620
call graph edges (INS)                                                           100,658
call graph edges (SENS)                                                          2,224,338
non-reachable app concrete methods                                               45,804
Making database available at /u/q8liang/doop_new/results/maven-core-3.8.1/1-object-sensitive/java_8/maven-core-1-object-sensitive-NORMAL
Making database available at /u/q8liang/doop_new/last-analysis

Deprecated Gradle features were used in this build, making it incompatible with Gradle 7.0.
Use '--warning-mode all' to show the individual deprecation warnings.
See https://docs.gradle.org/6.7/userguide/command_line_interface.html#sec:command_line_warnings

BUILD SUCCESSFUL in 17m 32s
21 actionable tasks: 2 executed, 19 up-to-date
./doop -a 1-object-sensitive -i /u/q8liang/Benchmarks/maven-maven-3.8.1/maven-core/target/maven-core-3.8.1.jar -i /u/q8liang/Benchmarks/maven-maven-3.8.1/maven-core/target/maven-core-3.8.1-tests.jar -i /u/q8liang/Benchmarks/maven-maven-3.8.1/maven-core/mvn_dependencies --id maven-core-1-object-sensitive-NORMAL --souffle-jobs 32 --main org.apache.maven.RootDriver --define-cpp-macro USE_CALLGRAPH --extra-logic souffle-logic/analyses/mocks/mocks.dl
> Task :generators:code-processor:generateGrammarSource UP-TO-DATE
> Task :generators:code-processor:compileJava UP-TO-DATE
> Task :generators:code-processor:compileGroovy UP-TO-DATE
> Task :generators:code-processor:processResources NO-SOURCE
> Task :generators:code-processor:classes UP-TO-DATE
> Task :generators:code-processor:jar UP-TO-DATE
> Task :generators:fact-generator-common:compileJava UP-TO-DATE
> Task :generators:fact-generator-common:processResources NO-SOURCE
> Task :generators:fact-generator-common:classes UP-TO-DATE
> Task :generators:fact-generator-common:shadowJar UP-TO-DATE
> Task :compileJava UP-TO-DATE
> Task :compileGroovy UP-TO-DATE
> Task :resolveApktool
> Task :generators:dex-fact-generator:compileJava UP-TO-DATE
> Task :generators:dex-fact-generator:processResources NO-SOURCE
> Task :generators:dex-fact-generator:classes UP-TO-DATE
> Task :generators:dex-fact-generator:fatJar UP-TO-DATE
> Task :generators:dex-fact-generator:installJar UP-TO-DATE
> Task :generators:soot-fact-generator:compileJava UP-TO-DATE
> Task :generators:soot-fact-generator:compileGroovy NO-SOURCE
> Task :generators:soot-fact-generator:processResources NO-SOURCE
> Task :generators:soot-fact-generator:classes UP-TO-DATE
> Task :generators:soot-fact-generator:fatJar UP-TO-DATE
> Task :generators:soot-fact-generator:installJar UP-TO-DATE
> Task :generators:wala-fact-generator:compileJava UP-TO-DATE
> Task :generators:wala-fact-generator:processResources UP-TO-DATE
> Task :generators:wala-fact-generator:classes UP-TO-DATE
> Task :generators:wala-fact-generator:fatJar UP-TO-DATE
> Task :generators:wala-fact-generator:installJar UP-TO-DATE
> Task :resourceInstaller
> Task :processResources UP-TO-DATE
> Task :classes UP-TO-DATE
> Task :writeGitCommitHash UP-TO-DATE

> Task :run
Main class(es) expanded with [org.apache.maven.RootDriver]
WARNING: Handling of Java reflection is disabled!
New 1-object-sensitive analysis
Id       : maven-core-1-object-sensitive-NORMAL
Inputs   : /u/q8liang/Benchmarks/maven-maven-3.8.1/maven-core/target/maven-core-3.8.1.jar, /u/q8liang/Benchmarks/maven-maven-3.8.1/maven-core/target/maven-core-3.8.1-tests.jar, /u/q8liang/Benchmarks/maven-maven-3.8.1/maven-core/mvn_dependencies/animal-sniffer-annotations-1.14.jar, /u/q8liang/Benchmarks/maven-maven-3.8.1/maven-core/mvn_dependencies/aopalliance-1.0.jar, /u/q8liang/Benchmarks/maven-maven-3.8.1/maven-core/mvn_dependencies/byte-buddy-1.8.15.jar, /u/q8liang/Benchmarks/maven-maven-3.8.1/maven-core/mvn_dependencies/byte-buddy-agent-1.8.15.jar, /u/q8liang/Benchmarks/maven-maven-3.8.1/maven-core/mvn_dependencies/cdi-api-1.0.jar, /u/q8liang/Benchmarks/maven-maven-3.8.1/maven-core/mvn_dependencies/checker-compat-qual-2.0.0.jar, /u/q8liang/Benchmarks/maven-maven-3.8.1/maven-core/mvn_dependencies/commons-io-2.5.jar, /u/q8liang/Benchmarks/maven-maven-3.8.1/maven-core/mvn_dependencies/commons-jxpath-1.3.jar, /u/q8liang/Benchmarks/maven-maven-3.8.1/maven-core/mvn_dependencies/commons-lang3-3.8.1.jar, /u/q8liang/Benchmarks/maven-maven-3.8.1/maven-core/mvn_dependencies/error_prone_annotations-2.1.3.jar, /u/q8liang/Benchmarks/maven-maven-3.8.1/maven-core/mvn_dependencies/guava-25.1-android.jar, /u/q8liang/Benchmarks/maven-maven-3.8.1/maven-core/mvn_dependencies/guice-4.2.1-no_aop.jar, /u/q8liang/Benchmarks/maven-maven-3.8.1/maven-core/mvn_dependencies/hamcrest-core-1.3.jar, /u/q8liang/Benchmarks/maven-maven-3.8.1/maven-core/mvn_dependencies/hamcrest-library-1.3.jar, /u/q8liang/Benchmarks/maven-maven-3.8.1/maven-core/mvn_dependencies/j2objc-annotations-1.1.jar, /u/q8liang/Benchmarks/maven-maven-3.8.1/maven-core/mvn_dependencies/javax.inject-1.jar, /u/q8liang/Benchmarks/maven-maven-3.8.1/maven-core/mvn_dependencies/jsr250-api-1.0.jar, /u/q8liang/Benchmarks/maven-maven-3.8.1/maven-core/mvn_dependencies/jsr305-3.0.2.jar, /u/q8liang/Benchmarks/maven-maven-3.8.1/maven-core/mvn_dependencies/junit-4.12.jar, /u/q8liang/Benchmarks/maven-maven-3.8.1/maven-core/mvn_dependencies/maven-artifact-3.8.1.jar, /u/q8liang/Benchmarks/maven-maven-3.8.1/maven-core/mvn_dependencies/maven-builder-support-3.8.1.jar, /u/q8liang/Benchmarks/maven-maven-3.8.1/maven-core/mvn_dependencies/maven-model-3.8.1.jar, /u/q8liang/Benchmarks/maven-maven-3.8.1/maven-core/mvn_dependencies/maven-model-builder-3.8.1.jar, /u/q8liang/Benchmarks/maven-maven-3.8.1/maven-core/mvn_dependencies/maven-plugin-api-3.8.1.jar, /u/q8liang/Benchmarks/maven-maven-3.8.1/maven-core/mvn_dependencies/maven-repository-metadata-3.8.1.jar, /u/q8liang/Benchmarks/maven-maven-3.8.1/maven-core/mvn_dependencies/maven-resolver-api-1.6.2.jar, /u/q8liang/Benchmarks/maven-maven-3.8.1/maven-core/mvn_dependencies/maven-resolver-impl-1.6.2.jar, /u/q8liang/Benchmarks/maven-maven-3.8.1/maven-core/mvn_dependencies/maven-resolver-provider-3.8.1.jar, /u/q8liang/Benchmarks/maven-maven-3.8.1/maven-core/mvn_dependencies/maven-resolver-spi-1.6.2.jar, /u/q8liang/Benchmarks/maven-maven-3.8.1/maven-core/mvn_dependencies/maven-resolver-util-1.6.2.jar, /u/q8liang/Benchmarks/maven-maven-3.8.1/maven-core/mvn_dependencies/maven-settings-3.8.1.jar, /u/q8liang/Benchmarks/maven-maven-3.8.1/maven-core/mvn_dependencies/maven-settings-builder-3.8.1.jar, /u/q8liang/Benchmarks/maven-maven-3.8.1/maven-core/mvn_dependencies/maven-shared-utils-3.2.1.jar, /u/q8liang/Benchmarks/maven-maven-3.8.1/maven-core/mvn_dependencies/mockito-core-2.21.0.jar, /u/q8liang/Benchmarks/maven-maven-3.8.1/maven-core/mvn_dependencies/objenesis-2.6.jar, /u/q8liang/Benchmarks/maven-maven-3.8.1/maven-core/mvn_dependencies/org.eclipse.sisu.inject-0.3.4.jar, /u/q8liang/Benchmarks/maven-maven-3.8.1/maven-core/mvn_dependencies/org.eclipse.sisu.plexus-0.3.4.jar, /u/q8liang/Benchmarks/maven-maven-3.8.1/maven-core/mvn_dependencies/plexus-cipher-1.7.jar, /u/q8liang/Benchmarks/maven-maven-3.8.1/maven-core/mvn_dependencies/plexus-classworlds-2.6.0.jar, /u/q8liang/Benchmarks/maven-maven-3.8.1/maven-core/mvn_dependencies/plexus-component-annotations-2.1.0.jar, /u/q8liang/Benchmarks/maven-maven-3.8.1/maven-core/mvn_dependencies/plexus-interpolation-1.25.jar, /u/q8liang/Benchmarks/maven-maven-3.8.1/maven-core/mvn_dependencies/plexus-sec-dispatcher-1.4.jar, /u/q8liang/Benchmarks/maven-maven-3.8.1/maven-core/mvn_dependencies/plexus-utils-3.2.1.jar, /u/q8liang/Benchmarks/maven-maven-3.8.1/maven-core/mvn_dependencies/slf4j-api-1.7.29.jar
Libraries: 
Using a timeout of 90 min.
Adding extra logic file /u/q8liang/doop_new/souffle-logic/analyses/mocks/mocks.dl
[Task FACTS...]
[Task COMPILE...]
-- Fact Generation --
Using cached analysis executable /u/q8liang/doop_new/cache/souffle-analyses/1-object-sensitive/ad5a05b4fd08e6f1221078ef5601123eb9ba851127bc6050be408c2bb2af4e5f
[Task COMPILE Done]
SOOT_FACT_GEN: Logging initialized, using directory: /u/q8liang/doop_new/build/logs
SOOT_FACT_GEN: SLF4J: Failed to load class "org.slf4j.impl.StaticLoggerBinder".
SOOT_FACT_GEN: SLF4J: Defaulting to no-operation (NOP) logger implementation
SOOT_FACT_GEN: SLF4J: See http://www.slf4j.org/codes.html#StaticLoggerBinder for further details.
SOOT_FACT_GEN: Preprocessing application: /u/q8liang/Benchmarks/maven-maven-3.8.1/maven-core/target/maven-core-3.8.1.jar
SOOT_FACT_GEN: Preprocessing application: /u/q8liang/Benchmarks/maven-maven-3.8.1/maven-core/target/maven-core-3.8.1-tests.jar
SOOT_FACT_GEN: Preprocessing application: /u/q8liang/Benchmarks/maven-maven-3.8.1/maven-core/mvn_dependencies/animal-sniffer-annotations-1.14.jar
SOOT_FACT_GEN: Preprocessing application: /u/q8liang/Benchmarks/maven-maven-3.8.1/maven-core/mvn_dependencies/aopalliance-1.0.jar
SOOT_FACT_GEN: Preprocessing application: /u/q8liang/Benchmarks/maven-maven-3.8.1/maven-core/mvn_dependencies/byte-buddy-1.8.15.jar
SOOT_FACT_GEN: Preprocessing application: /u/q8liang/Benchmarks/maven-maven-3.8.1/maven-core/mvn_dependencies/byte-buddy-agent-1.8.15.jar
SOOT_FACT_GEN: Preprocessing application: /u/q8liang/Benchmarks/maven-maven-3.8.1/maven-core/mvn_dependencies/cdi-api-1.0.jar
SOOT_FACT_GEN: Preprocessing application: /u/q8liang/Benchmarks/maven-maven-3.8.1/maven-core/mvn_dependencies/checker-compat-qual-2.0.0.jar
SOOT_FACT_GEN: Preprocessing application: /u/q8liang/Benchmarks/maven-maven-3.8.1/maven-core/mvn_dependencies/commons-io-2.5.jar
SOOT_FACT_GEN: Preprocessing application: /u/q8liang/Benchmarks/maven-maven-3.8.1/maven-core/mvn_dependencies/commons-jxpath-1.3.jar
SOOT_FACT_GEN: Preprocessing application: /u/q8liang/Benchmarks/maven-maven-3.8.1/maven-core/mvn_dependencies/commons-lang3-3.8.1.jar
SOOT_FACT_GEN: Preprocessing application: /u/q8liang/Benchmarks/maven-maven-3.8.1/maven-core/mvn_dependencies/error_prone_annotations-2.1.3.jar
SOOT_FACT_GEN: Preprocessing application: /u/q8liang/Benchmarks/maven-maven-3.8.1/maven-core/mvn_dependencies/guava-25.1-android.jar
SOOT_FACT_GEN: Preprocessing application: /u/q8liang/Benchmarks/maven-maven-3.8.1/maven-core/mvn_dependencies/guice-4.2.1-no_aop.jar
SOOT_FACT_GEN: Preprocessing application: /u/q8liang/Benchmarks/maven-maven-3.8.1/maven-core/mvn_dependencies/hamcrest-core-1.3.jar
SOOT_FACT_GEN: Preprocessing application: /u/q8liang/Benchmarks/maven-maven-3.8.1/maven-core/mvn_dependencies/hamcrest-library-1.3.jar
SOOT_FACT_GEN: Preprocessing application: /u/q8liang/Benchmarks/maven-maven-3.8.1/maven-core/mvn_dependencies/j2objc-annotations-1.1.jar
SOOT_FACT_GEN: Preprocessing application: /u/q8liang/Benchmarks/maven-maven-3.8.1/maven-core/mvn_dependencies/javax.inject-1.jar
SOOT_FACT_GEN: Preprocessing application: /u/q8liang/Benchmarks/maven-maven-3.8.1/maven-core/mvn_dependencies/jsr250-api-1.0.jar
SOOT_FACT_GEN: Preprocessing application: /u/q8liang/Benchmarks/maven-maven-3.8.1/maven-core/mvn_dependencies/jsr305-3.0.2.jar
SOOT_FACT_GEN: Preprocessing application: /u/q8liang/Benchmarks/maven-maven-3.8.1/maven-core/mvn_dependencies/junit-4.12.jar
SOOT_FACT_GEN: Preprocessing application: /u/q8liang/Benchmarks/maven-maven-3.8.1/maven-core/mvn_dependencies/maven-artifact-3.8.1.jar
SOOT_FACT_GEN: Preprocessing application: /u/q8liang/Benchmarks/maven-maven-3.8.1/maven-core/mvn_dependencies/maven-builder-support-3.8.1.jar
SOOT_FACT_GEN: Preprocessing application: /u/q8liang/Benchmarks/maven-maven-3.8.1/maven-core/mvn_dependencies/maven-model-3.8.1.jar
SOOT_FACT_GEN: Preprocessing application: /u/q8liang/Benchmarks/maven-maven-3.8.1/maven-core/mvn_dependencies/maven-model-builder-3.8.1.jar
SOOT_FACT_GEN: Preprocessing application: /u/q8liang/Benchmarks/maven-maven-3.8.1/maven-core/mvn_dependencies/maven-plugin-api-3.8.1.jar
SOOT_FACT_GEN: Preprocessing application: /u/q8liang/Benchmarks/maven-maven-3.8.1/maven-core/mvn_dependencies/maven-repository-metadata-3.8.1.jar
SOOT_FACT_GEN: Preprocessing application: /u/q8liang/Benchmarks/maven-maven-3.8.1/maven-core/mvn_dependencies/maven-resolver-api-1.6.2.jar
SOOT_FACT_GEN: Preprocessing application: /u/q8liang/Benchmarks/maven-maven-3.8.1/maven-core/mvn_dependencies/maven-resolver-impl-1.6.2.jar
SOOT_FACT_GEN: Preprocessing application: /u/q8liang/Benchmarks/maven-maven-3.8.1/maven-core/mvn_dependencies/maven-resolver-provider-3.8.1.jar
SOOT_FACT_GEN: Preprocessing application: /u/q8liang/Benchmarks/maven-maven-3.8.1/maven-core/mvn_dependencies/maven-resolver-spi-1.6.2.jar
SOOT_FACT_GEN: Preprocessing application: /u/q8liang/Benchmarks/maven-maven-3.8.1/maven-core/mvn_dependencies/maven-resolver-util-1.6.2.jar
SOOT_FACT_GEN: Preprocessing application: /u/q8liang/Benchmarks/maven-maven-3.8.1/maven-core/mvn_dependencies/maven-settings-3.8.1.jar
SOOT_FACT_GEN: Preprocessing application: /u/q8liang/Benchmarks/maven-maven-3.8.1/maven-core/mvn_dependencies/maven-settings-builder-3.8.1.jar
SOOT_FACT_GEN: Preprocessing application: /u/q8liang/Benchmarks/maven-maven-3.8.1/maven-core/mvn_dependencies/maven-shared-utils-3.2.1.jar
SOOT_FACT_GEN: Preprocessing application: /u/q8liang/Benchmarks/maven-maven-3.8.1/maven-core/mvn_dependencies/mockito-core-2.21.0.jar
SOOT_FACT_GEN: Preprocessing application: /u/q8liang/Benchmarks/maven-maven-3.8.1/maven-core/mvn_dependencies/objenesis-2.6.jar
SOOT_FACT_GEN: Preprocessing application: /u/q8liang/Benchmarks/maven-maven-3.8.1/maven-core/mvn_dependencies/org.eclipse.sisu.inject-0.3.4.jar
SOOT_FACT_GEN: Preprocessing application: /u/q8liang/Benchmarks/maven-maven-3.8.1/maven-core/mvn_dependencies/org.eclipse.sisu.plexus-0.3.4.jar
SOOT_FACT_GEN: Preprocessing application: /u/q8liang/Benchmarks/maven-maven-3.8.1/maven-core/mvn_dependencies/plexus-cipher-1.7.jar
SOOT_FACT_GEN: Preprocessing application: /u/q8liang/Benchmarks/maven-maven-3.8.1/maven-core/mvn_dependencies/plexus-classworlds-2.6.0.jar
SOOT_FACT_GEN: Preprocessing application: /u/q8liang/Benchmarks/maven-maven-3.8.1/maven-core/mvn_dependencies/plexus-component-annotations-2.1.0.jar
SOOT_FACT_GEN: Preprocessing application: /u/q8liang/Benchmarks/maven-maven-3.8.1/maven-core/mvn_dependencies/plexus-interpolation-1.25.jar
SOOT_FACT_GEN: Preprocessing application: /u/q8liang/Benchmarks/maven-maven-3.8.1/maven-core/mvn_dependencies/plexus-sec-dispatcher-1.4.jar
SOOT_FACT_GEN: Preprocessing application: /u/q8liang/Benchmarks/maven-maven-3.8.1/maven-core/mvn_dependencies/plexus-utils-3.2.1.jar
SOOT_FACT_GEN: Preprocessing application: /u/q8liang/Benchmarks/maven-maven-3.8.1/maven-core/mvn_dependencies/slf4j-api-1.7.29.jar
SOOT_FACT_GEN: Preprocessing platform library: /u/q8liang/doop_new/build/tmp/rt_2916738191516819711.jar
SOOT_FACT_GEN: Preprocessing platform library: /u/q8liang/doop_new/build/tmp/jce_7204804092863519151.jar
SOOT_FACT_GEN: Preprocessing platform library: /u/q8liang/doop_new/build/tmp/jsse_7717117821238554443.jar
SOOT_FACT_GEN: Adding archive: /u/q8liang/Benchmarks/maven-maven-3.8.1/maven-core/target/maven-core-3.8.1.jar
SOOT_FACT_GEN: Adding archive: /u/q8liang/Benchmarks/maven-maven-3.8.1/maven-core/target/maven-core-3.8.1-tests.jar
SOOT_FACT_GEN: Adding archive: /u/q8liang/Benchmarks/maven-maven-3.8.1/maven-core/mvn_dependencies/animal-sniffer-annotations-1.14.jar
SOOT_FACT_GEN: Adding archive: /u/q8liang/Benchmarks/maven-maven-3.8.1/maven-core/mvn_dependencies/aopalliance-1.0.jar
SOOT_FACT_GEN: Adding archive: /u/q8liang/Benchmarks/maven-maven-3.8.1/maven-core/mvn_dependencies/byte-buddy-1.8.15.jar
SOOT_FACT_GEN: Adding archive: /u/q8liang/Benchmarks/maven-maven-3.8.1/maven-core/mvn_dependencies/byte-buddy-agent-1.8.15.jar
SOOT_FACT_GEN: Adding archive: /u/q8liang/Benchmarks/maven-maven-3.8.1/maven-core/mvn_dependencies/cdi-api-1.0.jar
SOOT_FACT_GEN: Adding archive: /u/q8liang/Benchmarks/maven-maven-3.8.1/maven-core/mvn_dependencies/checker-compat-qual-2.0.0.jar
SOOT_FACT_GEN: Adding archive: /u/q8liang/Benchmarks/maven-maven-3.8.1/maven-core/mvn_dependencies/commons-io-2.5.jar
SOOT_FACT_GEN: Adding archive: /u/q8liang/Benchmarks/maven-maven-3.8.1/maven-core/mvn_dependencies/commons-jxpath-1.3.jar
SOOT_FACT_GEN: Adding archive: /u/q8liang/Benchmarks/maven-maven-3.8.1/maven-core/mvn_dependencies/commons-lang3-3.8.1.jar
SOOT_FACT_GEN: Adding archive: /u/q8liang/Benchmarks/maven-maven-3.8.1/maven-core/mvn_dependencies/error_prone_annotations-2.1.3.jar
SOOT_FACT_GEN: Adding archive: /u/q8liang/Benchmarks/maven-maven-3.8.1/maven-core/mvn_dependencies/guava-25.1-android.jar
SOOT_FACT_GEN: Adding archive: /u/q8liang/Benchmarks/maven-maven-3.8.1/maven-core/mvn_dependencies/guice-4.2.1-no_aop.jar
SOOT_FACT_GEN: Adding archive: /u/q8liang/Benchmarks/maven-maven-3.8.1/maven-core/mvn_dependencies/hamcrest-core-1.3.jar
SOOT_FACT_GEN: Adding archive: /u/q8liang/Benchmarks/maven-maven-3.8.1/maven-core/mvn_dependencies/hamcrest-library-1.3.jar
SOOT_FACT_GEN: Adding archive: /u/q8liang/Benchmarks/maven-maven-3.8.1/maven-core/mvn_dependencies/j2objc-annotations-1.1.jar
SOOT_FACT_GEN: Adding archive: /u/q8liang/Benchmarks/maven-maven-3.8.1/maven-core/mvn_dependencies/javax.inject-1.jar
SOOT_FACT_GEN: Adding archive: /u/q8liang/Benchmarks/maven-maven-3.8.1/maven-core/mvn_dependencies/jsr250-api-1.0.jar
SOOT_FACT_GEN: Adding archive: /u/q8liang/Benchmarks/maven-maven-3.8.1/maven-core/mvn_dependencies/jsr305-3.0.2.jar
SOOT_FACT_GEN: Adding archive: /u/q8liang/Benchmarks/maven-maven-3.8.1/maven-core/mvn_dependencies/junit-4.12.jar
SOOT_FACT_GEN: Adding archive: /u/q8liang/Benchmarks/maven-maven-3.8.1/maven-core/mvn_dependencies/maven-artifact-3.8.1.jar
SOOT_FACT_GEN: Adding archive: /u/q8liang/Benchmarks/maven-maven-3.8.1/maven-core/mvn_dependencies/maven-builder-support-3.8.1.jar
SOOT_FACT_GEN: Adding archive: /u/q8liang/Benchmarks/maven-maven-3.8.1/maven-core/mvn_dependencies/maven-model-3.8.1.jar
SOOT_FACT_GEN: Adding archive: /u/q8liang/Benchmarks/maven-maven-3.8.1/maven-core/mvn_dependencies/maven-model-builder-3.8.1.jar
SOOT_FACT_GEN: Adding archive: /u/q8liang/Benchmarks/maven-maven-3.8.1/maven-core/mvn_dependencies/maven-plugin-api-3.8.1.jar
SOOT_FACT_GEN: Adding archive: /u/q8liang/Benchmarks/maven-maven-3.8.1/maven-core/mvn_dependencies/maven-repository-metadata-3.8.1.jar
SOOT_FACT_GEN: Adding archive: /u/q8liang/Benchmarks/maven-maven-3.8.1/maven-core/mvn_dependencies/maven-resolver-api-1.6.2.jar
SOOT_FACT_GEN: Adding archive: /u/q8liang/Benchmarks/maven-maven-3.8.1/maven-core/mvn_dependencies/maven-resolver-impl-1.6.2.jar
SOOT_FACT_GEN: Adding archive: /u/q8liang/Benchmarks/maven-maven-3.8.1/maven-core/mvn_dependencies/maven-resolver-provider-3.8.1.jar
SOOT_FACT_GEN: Adding archive: /u/q8liang/Benchmarks/maven-maven-3.8.1/maven-core/mvn_dependencies/maven-resolver-spi-1.6.2.jar
SOOT_FACT_GEN: Adding archive: /u/q8liang/Benchmarks/maven-maven-3.8.1/maven-core/mvn_dependencies/maven-resolver-util-1.6.2.jar
SOOT_FACT_GEN: Adding archive: /u/q8liang/Benchmarks/maven-maven-3.8.1/maven-core/mvn_dependencies/maven-settings-3.8.1.jar
SOOT_FACT_GEN: Adding archive: /u/q8liang/Benchmarks/maven-maven-3.8.1/maven-core/mvn_dependencies/maven-settings-builder-3.8.1.jar
SOOT_FACT_GEN: Adding archive: /u/q8liang/Benchmarks/maven-maven-3.8.1/maven-core/mvn_dependencies/maven-shared-utils-3.2.1.jar
SOOT_FACT_GEN: Adding archive: /u/q8liang/Benchmarks/maven-maven-3.8.1/maven-core/mvn_dependencies/mockito-core-2.21.0.jar
SOOT_FACT_GEN: Adding archive: /u/q8liang/Benchmarks/maven-maven-3.8.1/maven-core/mvn_dependencies/objenesis-2.6.jar
SOOT_FACT_GEN: Adding archive: /u/q8liang/Benchmarks/maven-maven-3.8.1/maven-core/mvn_dependencies/org.eclipse.sisu.inject-0.3.4.jar
SOOT_FACT_GEN: Adding archive: /u/q8liang/Benchmarks/maven-maven-3.8.1/maven-core/mvn_dependencies/org.eclipse.sisu.plexus-0.3.4.jar
SOOT_FACT_GEN: Adding archive: /u/q8liang/Benchmarks/maven-maven-3.8.1/maven-core/mvn_dependencies/plexus-cipher-1.7.jar
SOOT_FACT_GEN: Adding archive: /u/q8liang/Benchmarks/maven-maven-3.8.1/maven-core/mvn_dependencies/plexus-classworlds-2.6.0.jar
SOOT_FACT_GEN: Adding archive: /u/q8liang/Benchmarks/maven-maven-3.8.1/maven-core/mvn_dependencies/plexus-component-annotations-2.1.0.jar
SOOT_FACT_GEN: Adding archive: /u/q8liang/Benchmarks/maven-maven-3.8.1/maven-core/mvn_dependencies/plexus-interpolation-1.25.jar
SOOT_FACT_GEN: Adding archive: /u/q8liang/Benchmarks/maven-maven-3.8.1/maven-core/mvn_dependencies/plexus-sec-dispatcher-1.4.jar
SOOT_FACT_GEN: Adding archive: /u/q8liang/Benchmarks/maven-maven-3.8.1/maven-core/mvn_dependencies/plexus-utils-3.2.1.jar
SOOT_FACT_GEN: Adding archive: /u/q8liang/Benchmarks/maven-maven-3.8.1/maven-core/mvn_dependencies/slf4j-api-1.7.29.jar
SOOT_FACT_GEN: Adding archive for resolving: /u/q8liang/doop_new/build/tmp/rt_2916738191516819711.jar
SOOT_FACT_GEN: Adding archive for resolving: /u/q8liang/doop_new/build/tmp/jce_7204804092863519151.jar
SOOT_FACT_GEN: Adding archive for resolving: /u/q8liang/doop_new/build/tmp/jsse_7717117821238554443.jar
SOOT_FACT_GEN: Classes in input (application) jar(s): 8140
SOOT_FACT_GEN: Total classes in Scene: 15629
SOOT_FACT_GEN: Retrieved all bodies (time: 76)
SOOT_FACT_GEN: Fact generation cores: 32
SOOT_FACT_GEN: WARNING: some classes were not resolved, consider using thorough fact generation or adding them manually via --also-resolve: [java.beans.Customizer, javax.sound.sampled.Port, java.awt.dnd.MouseDragGestureRecognizer, com.sun.beans.editors.BooleanEditor, com.sun.management.GarbageCollectorMXBean, com.sun.beans.editors.LongEditor, com.sun.beans.editors.ShortEditor, sun.util.locale.provider.HostLocaleProviderAdapterImpl, com.sun.beans.editors.DoubleEditor, com.sun.beans.editors.ByteEditor, com.sun.beans.editors.FloatEditor, com.sun.beans.editors.IntegerEditor]
SOOT_FACT_GEN: Found 584 phantom references. Rerun with '--report-phantoms' for more details.
SOOT_FACT_GEN: Methods without active bodies encountered (and reset): 0
Soot fact generation time: 140
Caching facts in /u/q8liang/doop_new/cache/d810ed2979e11dbbba5f66e06eecc5a6728a6ef2529840d74345a6b9207aacf0
Copying /u/q8liang/doop_new/out/maven-core-1-object-sensitive-NORMAL/database to /u/q8liang/doop_new/cache/d810ed2979e11dbbba5f66e06eecc5a6728a6ef2529840d74345a6b9207aacf0...
----
[Task FACTS Done]
Using /usr/bin/time to gather performance statistics...
Running analysis
Runtime info monitored in /u/q8liang/doop_new/out/maven-core-1-object-sensitive-NORMAL/monitoring.txt (& /u/q8liang/doop_new/out/maven-core-1-object-sensitive-NORMAL/monitoring.latest.txt)
814.32user 88.64system 16:36.98elapsed 90%CPU (0avgtext+0avgdata 7023072maxresident)k
11168inputs+69499128outputs (6major+48265491minor)pagefaults 0swaps
Analysis execution time (sec): 997
-- Runtime metrics --
analysis compilation time (sec)                                                  0
analysis execution time (sec)                                                    997
disk footprint (KB)                                                              35,836,791
fact generation time (sec)                                                       140
-- Statistics --
var points-to (INS)                                                              5,456,337
var points-to (SENS)                                                             31,328,037
reachable variables (INS)                                                        153,404
reachable variables (SENS)                                                       718,554
reachable methods (INS)                                                          17,644
reachable methods (SENS)                                                         114,105
total methods                                                                    128,585
virtual call sites (statically)                                                  250,286
reachable virtual call sites                                                     42,337
polymorphic virtual call sites                                                   2,615
null virtual call sites                                                          9,058
empty virtual call sites                                                         2,145
app virtual call sites (statically)                                              111,411
app reachable virtual call sites                                                 18,297
app polymorphic virtual call sites                                               1,122
app null virtual call sites                                                      3,341
app empty reachable virtual call sites                                           1,316
array index points-to (INS)                                                      165,675
array index points-to (SENS)                                                     165,675
casts (statically)                                                               34,826
reachable casts                                                                  2,957
reachable casts that may fail                                                    2,080
app casts (statically)                                                           13,478
app reachable casts                                                              1,274
app reachable casts that may fail                                                942
app reachable methods                                                            7,152
app concrete methods                                                             52,948
instance field points-to (INS)                                                   244,887
instance field points-to (SENS)                                                  244,887
static field points-to (INS)                                                     3,842
static field points-to (SENS)                                                    3,842
app var points-to (INS)                                                          2,621,236
app var points-to (SENS)                                                         6,485,972
java.util var points-to (INS)                                                    1,406,519
java.util var points-to (SENS)                                                   15,090,850
app array index points-to (INS)                                                  129,323
app array index points-to (SENS)                                                 129,323
mock objects                                                                     0
mock objects for receivers                                                       0
mock objects for arg                                                             0
forced-reachable formals that could not be mocked                                0
app instance field points-to (INS)                                               116,620
app instance field points-to (SENS)                                              116,620
call graph edges (INS)                                                           100,658
call graph edges (SENS)                                                          2,224,338
non-reachable app concrete methods                                               45,804
Making database available at /u/q8liang/doop_new/results/maven-core-3.8.1/1-object-sensitive/java_8/maven-core-1-object-sensitive-NORMAL
Making database available at /u/q8liang/doop_new/last-analysis

Deprecated Gradle features were used in this build, making it incompatible with Gradle 7.0.
Use '--warning-mode all' to show the individual deprecation warnings.
See https://docs.gradle.org/6.7/userguide/command_line_interface.html#sec:command_line_warnings

BUILD SUCCESSFUL in 19m 45s
21 actionable tasks: 2 executed, 19 up-to-date
